==================== 2019-01-12 02:55:01 ====================

-------------------- uptime --------------------
 02:55:01 up 65 days, 31 min,  1 user,  load average: 0.00, 0.01, 0.05

-------------------- System info --------------------
Linux aws-spot-t3micro 3.10.0-862.14.4.el7.x86_64 #1 SMP Wed Sep 26 15:12:11 UTC 2018 x86_64 x86_64 x86_64 GNU/Linux

-------------------- Storage usage --------------------
ファイルシス   サイズ  使用  残り 使用% マウント位置
/dev/nvme0n1p1    30G  5.8G   25G   20% /
devtmpfs         459M     0  459M    0% /dev
tmpfs            482M     0  482M    0% /dev/shm
tmpfs            482M   55M  428M   12% /run
tmpfs            482M     0  482M    0% /sys/fs/cgroup
tmpfs             97M     0   97M    0% /run/user/1000
tmpfs             97M     0   97M    0% /run/user/0
tmpfs             97M     0   97M    0% /run/user/1002

-------------------- System load --------------------
Linux 3.10.0-862.14.4.el7.x86_64 (aws-spot-t3micro) 	2019年01月12日 	_x86_64_	(2 CPU)

00時00分01秒     CPU     %user     %nice   %system   %iowait    %steal     %idle
01時00分01秒     all      0.05      0.00      0.03      0.00      0.03     99.89
02時00分01秒     all      0.07      0.00      0.04      0.00      0.04     99.85
平均値:      all      0.06      0.00      0.04      0.00      0.04     99.87

-------------------- Logged in user --------------------
c40d02 2019-01-11 17:18

==================== 2019-01-12 05:55:01 ====================

-------------------- uptime --------------------
 05:55:01 up 65 days,  3:31,  1 user,  load average: 0.04, 0.03, 0.05

-------------------- System info --------------------
Linux aws-spot-t3micro 3.10.0-862.14.4.el7.x86_64 #1 SMP Wed Sep 26 15:12:11 UTC 2018 x86_64 x86_64 x86_64 GNU/Linux

-------------------- Storage usage --------------------
ファイルシス   サイズ  使用  残り 使用% マウント位置
/dev/nvme0n1p1    30G  5.8G   25G   20% /
devtmpfs         459M     0  459M    0% /dev
tmpfs            482M     0  482M    0% /dev/shm
tmpfs            482M   61M  422M   13% /run
tmpfs            482M     0  482M    0% /sys/fs/cgroup
tmpfs             97M     0   97M    0% /run/user/1000
tmpfs             97M     0   97M    0% /run/user/1002
tmpfs             97M     0   97M    0% /run/user/0

-------------------- System load --------------------
Linux 3.10.0-862.14.4.el7.x86_64 (aws-spot-t3micro) 	2019年01月12日 	_x86_64_	(2 CPU)

00時00分01秒     CPU     %user     %nice   %system   %iowait    %steal     %idle
01時00分01秒     all      0.05      0.00      0.03      0.00      0.03     99.89
02時00分01秒     all      0.07      0.00      0.04      0.00      0.04     99.85
03時00分01秒     all      0.04      0.00      0.03      0.00      0.03     99.90
04時00分01秒     all      0.04      0.00      0.03      0.00      0.03     99.90
05時00分01秒     all      0.19      0.00      0.04      0.00      0.04     99.72
平均値:      all      0.08      0.00      0.03      0.00      0.03     99.85

-------------------- Logged in user --------------------
cfacb5 2019-01-11 17:18

==================== 2019-01-12 08:55:01 ====================

-------------------- uptime --------------------
 08:55:01 up 65 days,  6:31,  1 user,  load average: 0.00, 0.01, 0.05

-------------------- System info --------------------
Linux aws-spot-t3micro 3.10.0-862.14.4.el7.x86_64 #1 SMP Wed Sep 26 15:12:11 UTC 2018 x86_64 x86_64 x86_64 GNU/Linux

-------------------- Storage usage --------------------
ファイルシス   サイズ  使用  残り 使用% マウント位置
/dev/nvme0n1p1    30G  5.8G   25G   20% /
devtmpfs         459M     0  459M    0% /dev
tmpfs            482M     0  482M    0% /dev/shm
tmpfs            482M   55M  428M   12% /run
tmpfs            482M     0  482M    0% /sys/fs/cgroup
tmpfs             97M     0   97M    0% /run/user/1000
tmpfs             97M     0   97M    0% /run/user/1002
tmpfs             97M     0   97M    0% /run/user/0

-------------------- System load --------------------
Linux 3.10.0-862.14.4.el7.x86_64 (aws-spot-t3micro) 	2019年01月12日 	_x86_64_	(2 CPU)

00時00分01秒     CPU     %user     %nice   %system   %iowait    %steal     %idle
01時00分01秒     all      0.05      0.00      0.03      0.00      0.03     99.89
02時00分01秒     all      0.07      0.00      0.04      0.00      0.04     99.85
03時00分01秒     all      0.04      0.00      0.03      0.00      0.03     99.90
04時00分01秒     all      0.04      0.00      0.03      0.00      0.03     99.90
05時00分01秒     all      0.19      0.00      0.04      0.00      0.04     99.72
06時00分01秒     all      0.23      0.00      0.04      0.00      0.05     99.68
07時00分01秒     all      0.03      0.00      0.03      0.00      0.03     99.91
08時00分01秒     all      0.09      0.00      0.08      0.00      0.03     99.79
平均値:      all      0.09      0.00      0.04      0.00      0.03     99.83

-------------------- Logged in user --------------------
cb77cd 2019-01-11 17:18

==================== 2019-01-12 11:55:01 ====================

-------------------- uptime --------------------
 11:55:01 up 65 days,  9:31,  1 user,  load average: 0.01, 0.03, 0.05

-------------------- System info --------------------
Linux aws-spot-t3micro 3.10.0-862.14.4.el7.x86_64 #1 SMP Wed Sep 26 15:12:11 UTC 2018 x86_64 x86_64 x86_64 GNU/Linux

-------------------- Storage usage --------------------
ファイルシス   サイズ  使用  残り 使用% マウント位置
/dev/nvme0n1p1    30G  5.8G   25G   20% /
devtmpfs         459M     0  459M    0% /dev
tmpfs            482M     0  482M    0% /dev/shm
tmpfs            482M   55M  428M   12% /run
tmpfs            482M     0  482M    0% /sys/fs/cgroup
tmpfs             97M     0   97M    0% /run/user/1000
tmpfs             97M     0   97M    0% /run/user/1002
tmpfs             97M     0   97M    0% /run/user/0

-------------------- System load --------------------
Linux 3.10.0-862.14.4.el7.x86_64 (aws-spot-t3micro) 	2019年01月12日 	_x86_64_	(2 CPU)

00時00分01秒     CPU     %user     %nice   %system   %iowait    %steal     %idle
01時00分01秒     all      0.05      0.00      0.03      0.00      0.03     99.89
02時00分01秒     all      0.07      0.00      0.04      0.00      0.04     99.85
03時00分01秒     all      0.04      0.00      0.03      0.00      0.03     99.90
04時00分01秒     all      0.04      0.00      0.03      0.00      0.03     99.90
05時00分01秒     all      0.19      0.00      0.04      0.00      0.04     99.72
06時00分01秒     all      0.23      0.00      0.04      0.00      0.05     99.68
07時00分01秒     all      0.03      0.00      0.03      0.00      0.03     99.91
08時00分01秒     all      0.09      0.00      0.08      0.00      0.03     99.79
09時00分01秒     all      0.04      0.00      0.03      0.00      0.04     99.90
10時00分01秒     all      0.04      0.00      0.03      0.00      0.03     99.91
11時00分01秒     all      0.03      0.00      0.03      0.00      0.03     99.91
平均値:      all      0.08      0.00      0.04      0.00      0.03     99.85

-------------------- Logged in user --------------------
ccd73b 2019-01-11 17:18

