==================== 2019-01-14 02:55:01 ====================

-------------------- uptime --------------------
 02:55:01 up 67 days, 31 min,  1 user,  load average: 0.00, 0.01, 0.05

-------------------- System info --------------------
Linux aws-spot-t3micro 3.10.0-862.14.4.el7.x86_64 #1 SMP Wed Sep 26 15:12:11 UTC 2018 x86_64 x86_64 x86_64 GNU/Linux

-------------------- Storage usage --------------------
ファイルシス   サイズ  使用  残り 使用% マウント位置
/dev/nvme0n1p1    30G  5.8G   25G   20% /
devtmpfs         459M     0  459M    0% /dev
tmpfs            482M     0  482M    0% /dev/shm
tmpfs            482M   55M  428M   12% /run
tmpfs            482M     0  482M    0% /sys/fs/cgroup
tmpfs             97M     0   97M    0% /run/user/1000
tmpfs             97M     0   97M    0% /run/user/1002
tmpfs             97M     0   97M    0% /run/user/0

-------------------- System load --------------------
Linux 3.10.0-862.14.4.el7.x86_64 (aws-spot-t3micro) 	2019年01月14日 	_x86_64_	(2 CPU)

00時00分01秒     CPU     %user     %nice   %system   %iowait    %steal     %idle
01時00分01秒     all      0.05      0.00      0.03      0.00      0.03     99.89
02時00分01秒     all      0.04      0.00      0.03      0.00      0.04     99.89
平均値:      all      0.04      0.00      0.03      0.00      0.03     99.89

-------------------- Logged in user --------------------
c2c96d 2019-01-11 17:18

==================== 2019-01-14 05:55:01 ====================

-------------------- uptime --------------------
 05:55:01 up 67 days,  3:31,  1 user,  load average: 0.00, 0.01, 0.05

-------------------- System info --------------------
Linux aws-spot-t3micro 3.10.0-862.14.4.el7.x86_64 #1 SMP Wed Sep 26 15:12:11 UTC 2018 x86_64 x86_64 x86_64 GNU/Linux

-------------------- Storage usage --------------------
ファイルシス   サイズ  使用  残り 使用% マウント位置
/dev/nvme0n1p1    30G  5.8G   25G   20% /
devtmpfs         459M     0  459M    0% /dev
tmpfs            482M     0  482M    0% /dev/shm
tmpfs            482M   55M  428M   12% /run
tmpfs            482M     0  482M    0% /sys/fs/cgroup
tmpfs             97M     0   97M    0% /run/user/1000
tmpfs             97M     0   97M    0% /run/user/1002
tmpfs             97M     0   97M    0% /run/user/0

-------------------- System load --------------------
Linux 3.10.0-862.14.4.el7.x86_64 (aws-spot-t3micro) 	2019年01月14日 	_x86_64_	(2 CPU)

00時00分01秒     CPU     %user     %nice   %system   %iowait    %steal     %idle
01時00分01秒     all      0.05      0.00      0.03      0.00      0.03     99.89
02時00分01秒     all      0.04      0.00      0.03      0.00      0.04     99.89
03時00分01秒     all      0.05      0.00      0.04      0.00      0.03     99.87
04時00分01秒     all      0.40      0.00      0.07      0.00      0.05     99.47
05時00分01秒     all      0.05      0.00      0.03      0.00      0.03     99.88
平均値:      all      0.12      0.00      0.04      0.00      0.04     99.80

-------------------- Logged in user --------------------
cc18ad 2019-01-11 17:18

==================== 2019-01-14 08:55:01 ====================

-------------------- uptime --------------------
 08:55:01 up 67 days,  6:31,  1 user,  load average: 0.00, 0.01, 0.05

-------------------- System info --------------------
Linux aws-spot-t3micro 3.10.0-862.14.4.el7.x86_64 #1 SMP Wed Sep 26 15:12:11 UTC 2018 x86_64 x86_64 x86_64 GNU/Linux

-------------------- Storage usage --------------------
ファイルシス   サイズ  使用  残り 使用% マウント位置
/dev/nvme0n1p1    30G  5.8G   25G   20% /
devtmpfs         459M     0  459M    0% /dev
tmpfs            482M     0  482M    0% /dev/shm
tmpfs            482M   61M  422M   13% /run
tmpfs            482M     0  482M    0% /sys/fs/cgroup
tmpfs             97M     0   97M    0% /run/user/1000
tmpfs             97M     0   97M    0% /run/user/0
tmpfs             97M     0   97M    0% /run/user/1002

-------------------- System load --------------------
Linux 3.10.0-862.14.4.el7.x86_64 (aws-spot-t3micro) 	2019年01月14日 	_x86_64_	(2 CPU)

00時00分01秒     CPU     %user     %nice   %system   %iowait    %steal     %idle
01時00分01秒     all      0.05      0.00      0.03      0.00      0.03     99.89
02時00分01秒     all      0.04      0.00      0.03      0.00      0.04     99.89
03時00分01秒     all      0.05      0.00      0.04      0.00      0.03     99.87
04時00分01秒     all      0.40      0.00      0.07      0.00      0.05     99.47
05時00分01秒     all      0.05      0.00      0.03      0.00      0.03     99.88
06時00分01秒     all      0.05      0.00      0.03      0.00      0.03     99.90
07時00分01秒     all      0.04      0.00      0.03      0.00      0.03     99.90
08時00分01秒     all      0.04      0.00      0.03      0.00      0.04     99.89
平均値:      all      0.09      0.00      0.04      0.00      0.04     99.84

-------------------- Logged in user --------------------
c465ca 2019-01-11 17:18

==================== 2019-01-14 11:55:01 ====================

-------------------- uptime --------------------
 11:55:01 up 67 days,  9:31,  1 user,  load average: 0.00, 0.01, 0.05

-------------------- System info --------------------
Linux aws-spot-t3micro 3.10.0-862.14.4.el7.x86_64 #1 SMP Wed Sep 26 15:12:11 UTC 2018 x86_64 x86_64 x86_64 GNU/Linux

-------------------- Storage usage --------------------
ファイルシス   サイズ  使用  残り 使用% マウント位置
/dev/nvme0n1p1    30G  5.8G   25G   20% /
devtmpfs         459M     0  459M    0% /dev
tmpfs            482M     0  482M    0% /dev/shm
tmpfs            482M   61M  422M   13% /run
tmpfs            482M     0  482M    0% /sys/fs/cgroup
tmpfs             97M     0   97M    0% /run/user/1000
tmpfs             97M     0   97M    0% /run/user/1002
tmpfs             97M     0   97M    0% /run/user/0

-------------------- System load --------------------
Linux 3.10.0-862.14.4.el7.x86_64 (aws-spot-t3micro) 	2019年01月14日 	_x86_64_	(2 CPU)

00時00分01秒     CPU     %user     %nice   %system   %iowait    %steal     %idle
01時00分01秒     all      0.05      0.00      0.03      0.00      0.03     99.89
02時00分01秒     all      0.04      0.00      0.03      0.00      0.04     99.89
03時00分01秒     all      0.05      0.00      0.04      0.00      0.03     99.87
04時00分01秒     all      0.40      0.00      0.07      0.00      0.05     99.47
05時00分01秒     all      0.05      0.00      0.03      0.00      0.03     99.88
06時00分01秒     all      0.05      0.00      0.03      0.00      0.03     99.90
07時00分01秒     all      0.04      0.00      0.03      0.00      0.03     99.90
08時00分01秒     all      0.04      0.00      0.03      0.00      0.04     99.89
09時00分01秒     all      0.04      0.00      0.03      0.00      0.03     99.89
10時00分01秒     all      0.04      0.00      0.03      0.00      0.03     99.90
11時00分02秒     all      0.04      0.00      0.03      0.00      0.04     99.88
平均値:      all      0.08      0.00      0.04      0.00      0.03     99.85

-------------------- Logged in user --------------------
c90e73 2019-01-11 17:18

==================== 2019-01-14 14:55:01 ====================

-------------------- uptime --------------------
 14:55:01 up 67 days, 12:31,  1 user,  load average: 0.00, 0.01, 0.05

-------------------- System info --------------------
Linux aws-spot-t3micro 3.10.0-862.14.4.el7.x86_64 #1 SMP Wed Sep 26 15:12:11 UTC 2018 x86_64 x86_64 x86_64 GNU/Linux

-------------------- Storage usage --------------------
ファイルシス   サイズ  使用  残り 使用% マウント位置
/dev/nvme0n1p1    30G  5.8G   25G   20% /
devtmpfs         459M     0  459M    0% /dev
tmpfs            482M     0  482M    0% /dev/shm
tmpfs            482M   55M  428M   12% /run
tmpfs            482M     0  482M    0% /sys/fs/cgroup
tmpfs             97M     0   97M    0% /run/user/1000
tmpfs             97M     0   97M    0% /run/user/0
tmpfs             97M     0   97M    0% /run/user/1002

-------------------- System load --------------------
Linux 3.10.0-862.14.4.el7.x86_64 (aws-spot-t3micro) 	2019年01月14日 	_x86_64_	(2 CPU)

00時00分01秒     CPU     %user     %nice   %system   %iowait    %steal     %idle
01時00分01秒     all      0.05      0.00      0.03      0.00      0.03     99.89
02時00分01秒     all      0.04      0.00      0.03      0.00      0.04     99.89
03時00分01秒     all      0.05      0.00      0.04      0.00      0.03     99.87
04時00分01秒     all      0.40      0.00      0.07      0.00      0.05     99.47
05時00分01秒     all      0.05      0.00      0.03      0.00      0.03     99.88
06時00分01秒     all      0.05      0.00      0.03      0.00      0.03     99.90
07時00分01秒     all      0.04      0.00      0.03      0.00      0.03     99.90
08時00分01秒     all      0.04      0.00      0.03      0.00      0.04     99.89
09時00分01秒     all      0.04      0.00      0.03      0.00      0.03     99.89
10時00分01秒     all      0.04      0.00      0.03      0.00      0.03     99.90
11時00分02秒     all      0.04      0.00      0.03      0.00      0.04     99.88
12時00分01秒     all      0.06      0.00      0.04      0.00      0.03     99.87
13時00分01秒     all      0.05      0.00      0.03      0.00      0.03     99.90
14時00分01秒     all      0.05      0.00      0.03      0.00      0.03     99.89
平均値:      all      0.07      0.00      0.04      0.00      0.03     99.86

-------------------- Logged in user --------------------
cd6361 2019-01-11 17:18

==================== 2019-01-14 17:55:01 ====================

-------------------- uptime --------------------
 17:55:01 up 67 days, 15:31,  1 user,  load average: 0.00, 0.01, 0.05

-------------------- System info --------------------
Linux aws-spot-t3micro 3.10.0-862.14.4.el7.x86_64 #1 SMP Wed Sep 26 15:12:11 UTC 2018 x86_64 x86_64 x86_64 GNU/Linux

-------------------- Storage usage --------------------
ファイルシス   サイズ  使用  残り 使用% マウント位置
/dev/nvme0n1p1    30G  5.8G   25G   20% /
devtmpfs         459M     0  459M    0% /dev
tmpfs            482M     0  482M    0% /dev/shm
tmpfs            482M   55M  428M   12% /run
tmpfs            482M     0  482M    0% /sys/fs/cgroup
tmpfs             97M     0   97M    0% /run/user/1000
tmpfs             97M     0   97M    0% /run/user/1002
tmpfs             97M     0   97M    0% /run/user/0

-------------------- System load --------------------
Linux 3.10.0-862.14.4.el7.x86_64 (aws-spot-t3micro) 	2019年01月14日 	_x86_64_	(2 CPU)

00時00分01秒     CPU     %user     %nice   %system   %iowait    %steal     %idle
01時00分01秒     all      0.05      0.00      0.03      0.00      0.03     99.89
02時00分01秒     all      0.04      0.00      0.03      0.00      0.04     99.89
03時00分01秒     all      0.05      0.00      0.04      0.00      0.03     99.87
04時00分01秒     all      0.40      0.00      0.07      0.00      0.05     99.47
05時00分01秒     all      0.05      0.00      0.03      0.00      0.03     99.88
06時00分01秒     all      0.05      0.00      0.03      0.00      0.03     99.90
07時00分01秒     all      0.04      0.00      0.03      0.00      0.03     99.90
08時00分01秒     all      0.04      0.00      0.03      0.00      0.04     99.89
09時00分01秒     all      0.04      0.00      0.03      0.00      0.03     99.89
10時00分01秒     all      0.04      0.00      0.03      0.00      0.03     99.90
11時00分02秒     all      0.04      0.00      0.03      0.00      0.04     99.88
12時00分01秒     all      0.06      0.00      0.04      0.00      0.03     99.87
13時00分01秒     all      0.05      0.00      0.03      0.00      0.03     99.90
14時00分01秒     all      0.05      0.00      0.03      0.00      0.03     99.89
15時00分01秒     all      0.05      0.00      0.03      0.00      0.03     99.89
16時00分01秒     all      0.05      0.00      0.03      0.00      0.04     99.88
17時00分01秒     all      0.06      0.00      0.04      0.00      0.03     99.86
平均値:      all      0.07      0.00      0.04      0.00      0.03     99.86

-------------------- Logged in user --------------------
c7f62f 2019-01-11 17:18

==================== 2019-01-14 20:55:01 ====================

-------------------- uptime --------------------
 20:55:01 up 67 days, 18:31,  1 user,  load average: 0.00, 0.01, 0.05

-------------------- System info --------------------
Linux aws-spot-t3micro 3.10.0-862.14.4.el7.x86_64 #1 SMP Wed Sep 26 15:12:11 UTC 2018 x86_64 x86_64 x86_64 GNU/Linux

-------------------- Storage usage --------------------
ファイルシス   サイズ  使用  残り 使用% マウント位置
/dev/nvme0n1p1    30G  5.8G   25G   20% /
devtmpfs         459M     0  459M    0% /dev
tmpfs            482M     0  482M    0% /dev/shm
tmpfs            482M   55M  428M   12% /run
tmpfs            482M     0  482M    0% /sys/fs/cgroup
tmpfs             97M     0   97M    0% /run/user/1000
tmpfs             97M     0   97M    0% /run/user/1002
tmpfs             97M     0   97M    0% /run/user/0

-------------------- System load --------------------
Linux 3.10.0-862.14.4.el7.x86_64 (aws-spot-t3micro) 	2019年01月14日 	_x86_64_	(2 CPU)

00時00分01秒     CPU     %user     %nice   %system   %iowait    %steal     %idle
01時00分01秒     all      0.05      0.00      0.03      0.00      0.03     99.89
02時00分01秒     all      0.04      0.00      0.03      0.00      0.04     99.89
03時00分01秒     all      0.05      0.00      0.04      0.00      0.03     99.87
04時00分01秒     all      0.40      0.00      0.07      0.00      0.05     99.47
05時00分01秒     all      0.05      0.00      0.03      0.00      0.03     99.88
06時00分01秒     all      0.05      0.00      0.03      0.00      0.03     99.90
07時00分01秒     all      0.04      0.00      0.03      0.00      0.03     99.90
08時00分01秒     all      0.04      0.00      0.03      0.00      0.04     99.89
09時00分01秒     all      0.04      0.00      0.03      0.00      0.03     99.89
10時00分01秒     all      0.04      0.00      0.03      0.00      0.03     99.90
11時00分02秒     all      0.04      0.00      0.03      0.00      0.04     99.88
12時00分01秒     all      0.06      0.00      0.04      0.00      0.03     99.87
13時00分01秒     all      0.05      0.00      0.03      0.00      0.03     99.90
14時00分01秒     all      0.05      0.00      0.03      0.00      0.03     99.89
15時00分01秒     all      0.05      0.00      0.03      0.00      0.03     99.89
16時00分01秒     all      0.05      0.00      0.03      0.00      0.04     99.88
17時00分01秒     all      0.06      0.00      0.04      0.00      0.03     99.86
18時00分02秒     all      0.07      0.00      0.04      0.00      0.03     99.86
19時00分01秒     all      0.08      0.00      0.04      0.00      0.04     99.84
20時00分01秒     all      0.11      0.00      0.04      0.00      0.04     99.81
平均値:      all      0.07      0.00      0.04      0.00      0.03     99.86

-------------------- Logged in user --------------------
cc988d 2019-01-11 17:18

==================== 2019-01-14 23:55:01 ====================

-------------------- uptime --------------------
 23:55:01 up 67 days, 21:31,  1 user,  load average: 0.00, 0.01, 0.05

-------------------- System info --------------------
Linux aws-spot-t3micro 3.10.0-862.14.4.el7.x86_64 #1 SMP Wed Sep 26 15:12:11 UTC 2018 x86_64 x86_64 x86_64 GNU/Linux

-------------------- Storage usage --------------------
ファイルシス   サイズ  使用  残り 使用% マウント位置
/dev/nvme0n1p1    30G  5.9G   25G   20% /
devtmpfs         459M     0  459M    0% /dev
tmpfs            482M     0  482M    0% /dev/shm
tmpfs            482M   55M  428M   12% /run
tmpfs            482M     0  482M    0% /sys/fs/cgroup
tmpfs             97M     0   97M    0% /run/user/1000
tmpfs             97M     0   97M    0% /run/user/0
tmpfs             97M     0   97M    0% /run/user/1002

-------------------- System load --------------------
Linux 3.10.0-862.14.4.el7.x86_64 (aws-spot-t3micro) 	2019年01月14日 	_x86_64_	(2 CPU)

00時00分01秒     CPU     %user     %nice   %system   %iowait    %steal     %idle
01時00分01秒     all      0.05      0.00      0.03      0.00      0.03     99.89
02時00分01秒     all      0.04      0.00      0.03      0.00      0.04     99.89
03時00分01秒     all      0.05      0.00      0.04      0.00      0.03     99.87
04時00分01秒     all      0.40      0.00      0.07      0.00      0.05     99.47
05時00分01秒     all      0.05      0.00      0.03      0.00      0.03     99.88
06時00分01秒     all      0.05      0.00      0.03      0.00      0.03     99.90
07時00分01秒     all      0.04      0.00      0.03      0.00      0.03     99.90
08時00分01秒     all      0.04      0.00      0.03      0.00      0.04     99.89
09時00分01秒     all      0.04      0.00      0.03      0.00      0.03     99.89
10時00分01秒     all      0.04      0.00      0.03      0.00      0.03     99.90
11時00分02秒     all      0.04      0.00      0.03      0.00      0.04     99.88
12時00分01秒     all      0.06      0.00      0.04      0.00      0.03     99.87
13時00分01秒     all      0.05      0.00      0.03      0.00      0.03     99.90
14時00分01秒     all      0.05      0.00      0.03      0.00      0.03     99.89
15時00分01秒     all      0.05      0.00      0.03      0.00      0.03     99.89
16時00分01秒     all      0.05      0.00      0.03      0.00      0.04     99.88
17時00分01秒     all      0.06      0.00      0.04      0.00      0.03     99.86
18時00分02秒     all      0.07      0.00      0.04      0.00      0.03     99.86
19時00分01秒     all      0.08      0.00      0.04      0.00      0.04     99.84
20時00分01秒     all      0.11      0.00      0.04      0.00      0.04     99.81
21時00分01秒     all      0.05      0.00      0.03      0.00      0.03     99.88
22時00分01秒     all      0.05      0.00      0.03      0.00      0.03     99.89
23時00分01秒     all      0.06      0.00      0.04      0.00      0.03     99.87
平均値:      all      0.07      0.00      0.04      0.00      0.03     99.86

-------------------- Logged in user --------------------
c232c0 2019-01-11 17:18

