==================== 2018-07-03 02:55:01 ====================

-------------------- uptime --------------------
 02:55:01 up 361 days, 15:44,  0 users,  load average: 0.00, 0.01, 0.05

-------------------- System info --------------------
Linux sakura-tokyo-prod 3.10.0-514.26.2.el7.x86_64 #1 SMP Tue Jul 4 15:04:05 UTC 2017 x86_64 x86_64 x86_64 GNU/Linux

-------------------- Storage usage --------------------
ファイルシス   サイズ  使用  残り 使用% マウント位置
/dev/vda4         96G  6.7G   89G    7% /
devtmpfs         2.0G     0  2.0G    0% /dev
tmpfs            2.0G     0  2.0G    0% /dev/shm
tmpfs            2.0G  1.2G  810M   60% /run
tmpfs            2.0G     0  2.0G    0% /sys/fs/cgroup
/dev/vda2        497M  217M  280M   44% /boot
tmpfs            396M     0  396M    0% /run/user/0
tmpfs            396M     0  396M    0% /run/user/1001

-------------------- System load --------------------
Linux 3.10.0-514.26.2.el7.x86_64 (sakura-tokyo-prod) 	2018年07月03日 	_x86_64_	(4 CPU)

00時00分03秒     CPU     %user     %nice   %system   %iowait    %steal     %idle
01時00分02秒     all      0.32      0.00      0.08      0.00      0.06     99.54
02時00分02秒     all      0.09      0.00      0.04      0.00      0.05     99.81
平均値:      all      0.20      0.00      0.06      0.00      0.06     99.68

-------------------- Logged in user --------------------


==================== 2018-07-03 05:55:01 ====================

-------------------- uptime --------------------
 05:55:01 up 361 days, 18:44,  0 users,  load average: 0.00, 0.02, 0.05

-------------------- System info --------------------
Linux sakura-tokyo-prod 3.10.0-514.26.2.el7.x86_64 #1 SMP Tue Jul 4 15:04:05 UTC 2017 x86_64 x86_64 x86_64 GNU/Linux

-------------------- Storage usage --------------------
ファイルシス   サイズ  使用  残り 使用% マウント位置
/dev/vda4         96G  6.7G   89G    7% /
devtmpfs         2.0G     0  2.0G    0% /dev
tmpfs            2.0G     0  2.0G    0% /dev/shm
tmpfs            2.0G  1.2G  810M   60% /run
tmpfs            2.0G     0  2.0G    0% /sys/fs/cgroup
/dev/vda2        497M  217M  280M   44% /boot
tmpfs            396M     0  396M    0% /run/user/0
tmpfs            396M     0  396M    0% /run/user/1001

-------------------- System load --------------------
Linux 3.10.0-514.26.2.el7.x86_64 (sakura-tokyo-prod) 	2018年07月03日 	_x86_64_	(4 CPU)

00時00分03秒     CPU     %user     %nice   %system   %iowait    %steal     %idle
01時00分02秒     all      0.32      0.00      0.08      0.00      0.06     99.54
02時00分02秒     all      0.09      0.00      0.04      0.00      0.05     99.81
03時00分02秒     all      0.11      0.00      0.05      0.00      0.05     99.80
04時00分02秒     all      0.11      0.00      0.05      0.00      0.05     99.79
05時00分02秒     all      0.10      0.00      0.04      0.00      0.05     99.82
平均値:      all      0.15      0.00      0.05      0.00      0.05     99.75

-------------------- Logged in user --------------------


==================== 2018-07-03 08:55:01 ====================

-------------------- uptime --------------------
 08:55:01 up 361 days, 21:44,  0 users,  load average: 0.00, 0.01, 0.05

-------------------- System info --------------------
Linux sakura-tokyo-prod 3.10.0-514.26.2.el7.x86_64 #1 SMP Tue Jul 4 15:04:05 UTC 2017 x86_64 x86_64 x86_64 GNU/Linux

-------------------- Storage usage --------------------
ファイルシス   サイズ  使用  残り 使用% マウント位置
/dev/vda4         96G  6.7G   89G    7% /
devtmpfs         2.0G     0  2.0G    0% /dev
tmpfs            2.0G     0  2.0G    0% /dev/shm
tmpfs            2.0G  1.2G  810M   60% /run
tmpfs            2.0G     0  2.0G    0% /sys/fs/cgroup
/dev/vda2        497M  217M  280M   44% /boot
tmpfs            396M     0  396M    0% /run/user/0
tmpfs            396M     0  396M    0% /run/user/1001

-------------------- System load --------------------
Linux 3.10.0-514.26.2.el7.x86_64 (sakura-tokyo-prod) 	2018年07月03日 	_x86_64_	(4 CPU)

00時00分03秒     CPU     %user     %nice   %system   %iowait    %steal     %idle
01時00分02秒     all      0.32      0.00      0.08      0.00      0.06     99.54
02時00分02秒     all      0.09      0.00      0.04      0.00      0.05     99.81
03時00分02秒     all      0.11      0.00      0.05      0.00      0.05     99.80
04時00分02秒     all      0.11      0.00      0.05      0.00      0.05     99.79
05時00分02秒     all      0.10      0.00      0.04      0.00      0.05     99.82
06時00分02秒     all      0.23      0.00      0.07      0.00      0.06     99.64
07時00分03秒     all      0.14      0.00      0.05      0.00      0.06     99.76
08時00分02秒     all      0.21      0.00      0.05      0.00      0.06     99.68
平均値:      all      0.16      0.00      0.05      0.00      0.05     99.73

-------------------- Logged in user --------------------


==================== 2018-07-03 11:55:01 ====================

-------------------- uptime --------------------
 11:55:01 up 362 days, 44 min,  0 users,  load average: 0.00, 0.01, 0.05

-------------------- System info --------------------
Linux sakura-tokyo-prod 3.10.0-514.26.2.el7.x86_64 #1 SMP Tue Jul 4 15:04:05 UTC 2017 x86_64 x86_64 x86_64 GNU/Linux

-------------------- Storage usage --------------------
ファイルシス   サイズ  使用  残り 使用% マウント位置
/dev/vda4         96G  6.7G   89G    7% /
devtmpfs         2.0G     0  2.0G    0% /dev
tmpfs            2.0G     0  2.0G    0% /dev/shm
tmpfs            2.0G  1.2G  810M   60% /run
tmpfs            2.0G     0  2.0G    0% /sys/fs/cgroup
/dev/vda2        497M  217M  280M   44% /boot
tmpfs            396M     0  396M    0% /run/user/0
tmpfs            396M     0  396M    0% /run/user/1001

-------------------- System load --------------------
Linux 3.10.0-514.26.2.el7.x86_64 (sakura-tokyo-prod) 	2018年07月03日 	_x86_64_	(4 CPU)

00時00分03秒     CPU     %user     %nice   %system   %iowait    %steal     %idle
01時00分02秒     all      0.32      0.00      0.08      0.00      0.06     99.54
02時00分02秒     all      0.09      0.00      0.04      0.00      0.05     99.81
03時00分02秒     all      0.11      0.00      0.05      0.00      0.05     99.80
04時00分02秒     all      0.11      0.00      0.05      0.00      0.05     99.79
05時00分02秒     all      0.10      0.00      0.04      0.00      0.05     99.82
06時00分02秒     all      0.23      0.00      0.07      0.00      0.06     99.64
07時00分03秒     all      0.14      0.00      0.05      0.00      0.06     99.76
08時00分02秒     all      0.21      0.00      0.05      0.00      0.06     99.68
09時00分02秒     all      0.11      0.00      0.05      0.00      0.06     99.78
10時00分02秒     all      0.11      0.00      0.04      0.00      0.06     99.78
11時00分02秒     all      0.11      0.00      0.05      0.00      0.06     99.79
平均値:      all      0.15      0.00      0.05      0.00      0.06     99.74

-------------------- Logged in user --------------------


==================== 2018-07-03 14:55:01 ====================

-------------------- uptime --------------------
 14:55:01 up 362 days,  3:44,  0 users,  load average: 0.00, 0.01, 0.05

-------------------- System info --------------------
Linux sakura-tokyo-prod 3.10.0-514.26.2.el7.x86_64 #1 SMP Tue Jul 4 15:04:05 UTC 2017 x86_64 x86_64 x86_64 GNU/Linux

-------------------- Storage usage --------------------
ファイルシス   サイズ  使用  残り 使用% マウント位置
/dev/vda4         96G  6.7G   89G    7% /
devtmpfs         2.0G     0  2.0G    0% /dev
tmpfs            2.0G     0  2.0G    0% /dev/shm
tmpfs            2.0G  1.2G  810M   60% /run
tmpfs            2.0G     0  2.0G    0% /sys/fs/cgroup
/dev/vda2        497M  217M  280M   44% /boot
tmpfs            396M     0  396M    0% /run/user/0
tmpfs            396M     0  396M    0% /run/user/1001

-------------------- System load --------------------
Linux 3.10.0-514.26.2.el7.x86_64 (sakura-tokyo-prod) 	2018年07月03日 	_x86_64_	(4 CPU)

00時00分03秒     CPU     %user     %nice   %system   %iowait    %steal     %idle
01時00分02秒     all      0.32      0.00      0.08      0.00      0.06     99.54
02時00分02秒     all      0.09      0.00      0.04      0.00      0.05     99.81
03時00分02秒     all      0.11      0.00      0.05      0.00      0.05     99.80
04時00分02秒     all      0.11      0.00      0.05      0.00      0.05     99.79
05時00分02秒     all      0.10      0.00      0.04      0.00      0.05     99.82
06時00分02秒     all      0.23      0.00      0.07      0.00      0.06     99.64
07時00分03秒     all      0.14      0.00      0.05      0.00      0.06     99.76
08時00分02秒     all      0.21      0.00      0.05      0.00      0.06     99.68
09時00分02秒     all      0.11      0.00      0.05      0.00      0.06     99.78
10時00分02秒     all      0.11      0.00      0.04      0.00      0.06     99.78
11時00分02秒     all      0.11      0.00      0.05      0.00      0.06     99.79
12時00分03秒     all      0.13      0.00      0.05      0.00      0.07     99.75
13時00分02秒     all      0.14      0.00      0.05      0.00      0.07     99.73
14時00分02秒     all      0.13      0.00      0.05      0.00      0.06     99.76
平均値:      all      0.14      0.00      0.05      0.00      0.06     99.74

-------------------- Logged in user --------------------


==================== 2018-07-03 17:55:01 ====================

-------------------- uptime --------------------
 17:55:01 up 362 days,  6:44,  0 users,  load average: 0.00, 0.01, 0.05

-------------------- System info --------------------
Linux sakura-tokyo-prod 3.10.0-514.26.2.el7.x86_64 #1 SMP Tue Jul 4 15:04:05 UTC 2017 x86_64 x86_64 x86_64 GNU/Linux

-------------------- Storage usage --------------------
ファイルシス   サイズ  使用  残り 使用% マウント位置
/dev/vda4         96G  6.7G   89G    7% /
devtmpfs         2.0G     0  2.0G    0% /dev
tmpfs            2.0G     0  2.0G    0% /dev/shm
tmpfs            2.0G  1.2G  809M   60% /run
tmpfs            2.0G     0  2.0G    0% /sys/fs/cgroup
/dev/vda2        497M  217M  280M   44% /boot
tmpfs            396M     0  396M    0% /run/user/0
tmpfs            396M     0  396M    0% /run/user/1001

-------------------- System load --------------------
Linux 3.10.0-514.26.2.el7.x86_64 (sakura-tokyo-prod) 	2018年07月03日 	_x86_64_	(4 CPU)

00時00分03秒     CPU     %user     %nice   %system   %iowait    %steal     %idle
01時00分02秒     all      0.32      0.00      0.08      0.00      0.06     99.54
02時00分02秒     all      0.09      0.00      0.04      0.00      0.05     99.81
03時00分02秒     all      0.11      0.00      0.05      0.00      0.05     99.80
04時00分02秒     all      0.11      0.00      0.05      0.00      0.05     99.79
05時00分02秒     all      0.10      0.00      0.04      0.00      0.05     99.82
06時00分02秒     all      0.23      0.00      0.07      0.00      0.06     99.64
07時00分03秒     all      0.14      0.00      0.05      0.00      0.06     99.76
08時00分02秒     all      0.21      0.00      0.05      0.00      0.06     99.68
09時00分02秒     all      0.11      0.00      0.05      0.00      0.06     99.78
10時00分02秒     all      0.11      0.00      0.04      0.00      0.06     99.78
11時00分02秒     all      0.11      0.00      0.05      0.00      0.06     99.79
12時00分03秒     all      0.13      0.00      0.05      0.00      0.07     99.75
13時00分02秒     all      0.14      0.00      0.05      0.00      0.07     99.73
14時00分02秒     all      0.13      0.00      0.05      0.00      0.06     99.76
15時00分02秒     all      0.14      0.00      0.05      0.00      0.06     99.74
16時00分02秒     all      0.10      0.00      0.04      0.00      0.07     99.78
17時00分02秒     all      0.14      0.00      0.05      0.00      0.06     99.74
平均値:      all      0.14      0.00      0.05      0.00      0.06     99.75

-------------------- Logged in user --------------------


==================== 2018-07-03 20:55:01 ====================

-------------------- uptime --------------------
 20:55:01 up 362 days,  9:44,  0 users,  load average: 0.00, 0.02, 0.05

-------------------- System info --------------------
Linux sakura-tokyo-prod 3.10.0-514.26.2.el7.x86_64 #1 SMP Tue Jul 4 15:04:05 UTC 2017 x86_64 x86_64 x86_64 GNU/Linux

-------------------- Storage usage --------------------
ファイルシス   サイズ  使用  残り 使用% マウント位置
/dev/vda4         96G  6.7G   89G    7% /
devtmpfs         2.0G     0  2.0G    0% /dev
tmpfs            2.0G     0  2.0G    0% /dev/shm
tmpfs            2.0G  1.2G  809M   60% /run
tmpfs            2.0G     0  2.0G    0% /sys/fs/cgroup
/dev/vda2        497M  217M  280M   44% /boot
tmpfs            396M     0  396M    0% /run/user/0
tmpfs            396M     0  396M    0% /run/user/1001

-------------------- System load --------------------
Linux 3.10.0-514.26.2.el7.x86_64 (sakura-tokyo-prod) 	2018年07月03日 	_x86_64_	(4 CPU)

00時00分03秒     CPU     %user     %nice   %system   %iowait    %steal     %idle
01時00分02秒     all      0.32      0.00      0.08      0.00      0.06     99.54
02時00分02秒     all      0.09      0.00      0.04      0.00      0.05     99.81
03時00分02秒     all      0.11      0.00      0.05      0.00      0.05     99.80
04時00分02秒     all      0.11      0.00      0.05      0.00      0.05     99.79
05時00分02秒     all      0.10      0.00      0.04      0.00      0.05     99.82
06時00分02秒     all      0.23      0.00      0.07      0.00      0.06     99.64
07時00分03秒     all      0.14      0.00      0.05      0.00      0.06     99.76
08時00分02秒     all      0.21      0.00      0.05      0.00      0.06     99.68
09時00分02秒     all      0.11      0.00      0.05      0.00      0.06     99.78
10時00分02秒     all      0.11      0.00      0.04      0.00      0.06     99.78
11時00分02秒     all      0.11      0.00      0.05      0.00      0.06     99.79
12時00分03秒     all      0.13      0.00      0.05      0.00      0.07     99.75
13時00分02秒     all      0.14      0.00      0.05      0.00      0.07     99.73
14時00分02秒     all      0.13      0.00      0.05      0.00      0.06     99.76
15時00分02秒     all      0.14      0.00      0.05      0.00      0.06     99.74
16時00分02秒     all      0.10      0.00      0.04      0.00      0.07     99.78
17時00分02秒     all      0.14      0.00      0.05      0.00      0.06     99.74
18時00分02秒     all      0.09      0.00      0.04      0.00      0.07     99.79
19時00分03秒     all      0.43      0.00      0.09      0.01      0.07     99.40
20時00分02秒     all      0.14      0.00      0.05      0.00      0.05     99.76
平均値:      all      0.15      0.00      0.05      0.00      0.06     99.73

-------------------- Logged in user --------------------


==================== 2018-07-03 23:55:01 ====================

-------------------- uptime --------------------
 23:55:01 up 362 days, 12:44,  0 users,  load average: 0.00, 0.01, 0.05

-------------------- System info --------------------
Linux sakura-tokyo-prod 3.10.0-514.26.2.el7.x86_64 #1 SMP Tue Jul 4 15:04:05 UTC 2017 x86_64 x86_64 x86_64 GNU/Linux

-------------------- Storage usage --------------------
ファイルシス   サイズ  使用  残り 使用% マウント位置
/dev/vda4         96G  6.7G   89G    7% /
devtmpfs         2.0G     0  2.0G    0% /dev
tmpfs            2.0G     0  2.0G    0% /dev/shm
tmpfs            2.0G  1.2G  809M   60% /run
tmpfs            2.0G     0  2.0G    0% /sys/fs/cgroup
/dev/vda2        497M  217M  280M   44% /boot
tmpfs            396M     0  396M    0% /run/user/0
tmpfs            396M     0  396M    0% /run/user/1001

-------------------- System load --------------------
Linux 3.10.0-514.26.2.el7.x86_64 (sakura-tokyo-prod) 	2018年07月03日 	_x86_64_	(4 CPU)

00時00分03秒     CPU     %user     %nice   %system   %iowait    %steal     %idle
01時00分02秒     all      0.32      0.00      0.08      0.00      0.06     99.54
02時00分02秒     all      0.09      0.00      0.04      0.00      0.05     99.81
03時00分02秒     all      0.11      0.00      0.05      0.00      0.05     99.80
04時00分02秒     all      0.11      0.00      0.05      0.00      0.05     99.79
05時00分02秒     all      0.10      0.00      0.04      0.00      0.05     99.82
06時00分02秒     all      0.23      0.00      0.07      0.00      0.06     99.64
07時00分03秒     all      0.14      0.00      0.05      0.00      0.06     99.76
08時00分02秒     all      0.21      0.00      0.05      0.00      0.06     99.68
09時00分02秒     all      0.11      0.00      0.05      0.00      0.06     99.78
10時00分02秒     all      0.11      0.00      0.04      0.00      0.06     99.78
11時00分02秒     all      0.11      0.00      0.05      0.00      0.06     99.79
12時00分03秒     all      0.13      0.00      0.05      0.00      0.07     99.75
13時00分02秒     all      0.14      0.00      0.05      0.00      0.07     99.73
14時00分02秒     all      0.13      0.00      0.05      0.00      0.06     99.76
15時00分02秒     all      0.14      0.00      0.05      0.00      0.06     99.74
16時00分02秒     all      0.10      0.00      0.04      0.00      0.07     99.78
17時00分02秒     all      0.14      0.00      0.05      0.00      0.06     99.74
18時00分02秒     all      0.09      0.00      0.04      0.00      0.07     99.79
19時00分03秒     all      0.43      0.00      0.09      0.01      0.07     99.40
20時00分02秒     all      0.14      0.00      0.05      0.00      0.05     99.76
21時00分02秒     all      0.15      0.00      0.05      0.00      0.06     99.74
22時00分02秒     all      0.29      0.00      0.08      0.00      0.07     99.57
23時00分02秒     all      0.20      0.00      0.07      0.00      0.07     99.66
平均値:      all      0.16      0.00      0.05      0.00      0.06     99.72

-------------------- Logged in user --------------------


