==================== 2018-07-05 02:55:01 ====================

-------------------- uptime --------------------
 02:55:01 up 363 days, 15:44,  0 users,  load average: 0.00, 0.01, 0.05

-------------------- System info --------------------
Linux sakura-tokyo-prod 3.10.0-514.26.2.el7.x86_64 #1 SMP Tue Jul 4 15:04:05 UTC 2017 x86_64 x86_64 x86_64 GNU/Linux

-------------------- Storage usage --------------------
ファイルシス   サイズ  使用  残り 使用% マウント位置
/dev/vda4         96G  6.7G   89G    7% /
devtmpfs         2.0G     0  2.0G    0% /dev
tmpfs            2.0G     0  2.0G    0% /dev/shm
tmpfs            2.0G  1.2G  800M   60% /run
tmpfs            2.0G     0  2.0G    0% /sys/fs/cgroup
/dev/vda2        497M  217M  280M   44% /boot
tmpfs            396M     0  396M    0% /run/user/0
tmpfs            396M     0  396M    0% /run/user/1001

-------------------- System load --------------------
Linux 3.10.0-514.26.2.el7.x86_64 (sakura-tokyo-prod) 	2018年07月05日 	_x86_64_	(4 CPU)

00時00分03秒     CPU     %user     %nice   %system   %iowait    %steal     %idle
01時00分02秒     all      0.14      0.00      0.05      0.00      0.05     99.75
02時00分03秒     all      0.26      0.00      0.07      0.00      0.05     99.61
平均値:      all      0.20      0.00      0.06      0.00      0.05     99.68

-------------------- Logged in user --------------------


==================== 2018-07-05 05:55:02 ====================

-------------------- uptime --------------------
 05:55:02 up 363 days, 18:44,  0 users,  load average: 0.00, 0.01, 0.05

-------------------- System info --------------------
Linux sakura-tokyo-prod 3.10.0-514.26.2.el7.x86_64 #1 SMP Tue Jul 4 15:04:05 UTC 2017 x86_64 x86_64 x86_64 GNU/Linux

-------------------- Storage usage --------------------
ファイルシス   サイズ  使用  残り 使用% マウント位置
/dev/vda4         96G  6.7G   89G    7% /
devtmpfs         2.0G     0  2.0G    0% /dev
tmpfs            2.0G     0  2.0G    0% /dev/shm
tmpfs            2.0G  1.2G  800M   60% /run
tmpfs            2.0G     0  2.0G    0% /sys/fs/cgroup
/dev/vda2        497M  217M  280M   44% /boot
tmpfs            396M     0  396M    0% /run/user/0
tmpfs            396M     0  396M    0% /run/user/1001

-------------------- System load --------------------
Linux 3.10.0-514.26.2.el7.x86_64 (sakura-tokyo-prod) 	2018年07月05日 	_x86_64_	(4 CPU)

00時00分03秒     CPU     %user     %nice   %system   %iowait    %steal     %idle
01時00分02秒     all      0.14      0.00      0.05      0.00      0.05     99.75
02時00分03秒     all      0.26      0.00      0.07      0.00      0.05     99.61
03時00分02秒     all      0.11      0.00      0.05      0.00      0.05     99.80
04時00分03秒     all      0.11      0.00      0.05      0.00      0.06     99.78
05時00分02秒     all      0.11      0.00      0.05      0.00      0.05     99.78
平均値:      all      0.15      0.00      0.05      0.00      0.05     99.75

-------------------- Logged in user --------------------


