==================== 2018-07-06 02:55:01 ====================

-------------------- uptime --------------------
 02:55:01 up 364 days, 15:44,  1 user,  load average: 0.00, 0.01, 0.05

-------------------- System info --------------------
Linux sakura-tokyo-prod 3.10.0-514.26.2.el7.x86_64 #1 SMP Tue Jul 4 15:04:05 UTC 2017 x86_64 x86_64 x86_64 GNU/Linux

-------------------- Storage usage --------------------
ファイルシス   サイズ  使用  残り 使用% マウント位置
/dev/vda4         96G  6.7G   89G    7% /
devtmpfs         2.0G     0  2.0G    0% /dev
tmpfs            2.0G     0  2.0G    0% /dev/shm
tmpfs            2.0G  1.2G  799M   60% /run
tmpfs            2.0G     0  2.0G    0% /sys/fs/cgroup
/dev/vda2        497M  217M  280M   44% /boot
tmpfs            396M     0  396M    0% /run/user/0
tmpfs            396M     0  396M    0% /run/user/1001

-------------------- System load --------------------
Linux 3.10.0-514.26.2.el7.x86_64 (sakura-tokyo-prod) 	2018年07月06日 	_x86_64_	(4 CPU)

00時00分03秒     CPU     %user     %nice   %system   %iowait    %steal     %idle
01時00分02秒     all      0.11      0.00      0.05      0.00      0.06     99.78
02時00分02秒     all      0.14      0.00      0.05      0.00      0.05     99.77
平均値:      all      0.12      0.00      0.05      0.00      0.06     99.77

-------------------- Logged in user --------------------
kb20fef0 2018-07-05 09:48

==================== 2018-07-06 05:55:01 ====================

-------------------- uptime --------------------
 05:55:01 up 364 days, 18:44,  1 user,  load average: 0.06, 0.03, 0.05

-------------------- System info --------------------
Linux sakura-tokyo-prod 3.10.0-514.26.2.el7.x86_64 #1 SMP Tue Jul 4 15:04:05 UTC 2017 x86_64 x86_64 x86_64 GNU/Linux

-------------------- Storage usage --------------------
ファイルシス   サイズ  使用  残り 使用% マウント位置
/dev/vda4         96G  6.7G   89G    7% /
devtmpfs         2.0G     0  2.0G    0% /dev
tmpfs            2.0G     0  2.0G    0% /dev/shm
tmpfs            2.0G  1.2G  799M   60% /run
tmpfs            2.0G     0  2.0G    0% /sys/fs/cgroup
/dev/vda2        497M  217M  280M   44% /boot
tmpfs            396M     0  396M    0% /run/user/0
tmpfs            396M     0  396M    0% /run/user/1001

-------------------- System load --------------------
Linux 3.10.0-514.26.2.el7.x86_64 (sakura-tokyo-prod) 	2018年07月06日 	_x86_64_	(4 CPU)

00時00分03秒     CPU     %user     %nice   %system   %iowait    %steal     %idle
01時00分02秒     all      0.11      0.00      0.05      0.00      0.06     99.78
02時00分02秒     all      0.14      0.00      0.05      0.00      0.05     99.77
03時00分02秒     all      0.08      0.00      0.04      0.00      0.05     99.83
04時00分01秒     all      0.14      0.00      0.05      0.00      0.06     99.75
05時00分02秒     all      0.10      0.00      0.04      0.00      0.05     99.80
平均値:      all      0.11      0.00      0.04      0.00      0.05     99.79

-------------------- Logged in user --------------------
kbbfa3cf 2018-07-05 09:48

