==================== 2018-07-08 02:55:01 ====================

-------------------- uptime --------------------
 02:55:01 up 366 days, 15:44,  1 user,  load average: 0.08, 0.03, 0.05

-------------------- System info --------------------
Linux sakura-tokyo-prod 3.10.0-514.26.2.el7.x86_64 #1 SMP Tue Jul 4 15:04:05 UTC 2017 x86_64 x86_64 x86_64 GNU/Linux

-------------------- Storage usage --------------------
ファイルシス   サイズ  使用  残り 使用% マウント位置
/dev/vda4         96G  6.7G   89G    8% /
devtmpfs         2.0G     0  2.0G    0% /dev
tmpfs            2.0G     0  2.0G    0% /dev/shm
tmpfs            2.0G  1.2G  805M   60% /run
tmpfs            2.0G     0  2.0G    0% /sys/fs/cgroup
/dev/vda2        497M  217M  280M   44% /boot
tmpfs            396M     0  396M    0% /run/user/0
tmpfs            396M     0  396M    0% /run/user/1001

-------------------- System load --------------------
Linux 3.10.0-514.26.2.el7.x86_64 (sakura-tokyo-prod) 	2018年07月08日 	_x86_64_	(4 CPU)

00時00分02秒     CPU     %user     %nice   %system   %iowait    %steal     %idle
01時00分03秒     all      0.50      0.00      0.10      0.00      0.07     99.33
02時00分02秒     all      0.40      0.00      0.07      0.00      0.10     99.43
平均値:      all      0.45      0.00      0.08      0.00      0.08     99.38

-------------------- Logged in user --------------------
k2e2d3f7 2018-07-05 09:48

==================== 2018-07-08 05:55:01 ====================

-------------------- uptime --------------------
 05:55:01 up 366 days, 18:44,  1 user,  load average: 0.00, 0.02, 0.05

-------------------- System info --------------------
Linux sakura-tokyo-prod 3.10.0-514.26.2.el7.x86_64 #1 SMP Tue Jul 4 15:04:05 UTC 2017 x86_64 x86_64 x86_64 GNU/Linux

-------------------- Storage usage --------------------
ファイルシス   サイズ  使用  残り 使用% マウント位置
/dev/vda4         96G  6.7G   89G    8% /
devtmpfs         2.0G     0  2.0G    0% /dev
tmpfs            2.0G     0  2.0G    0% /dev/shm
tmpfs            2.0G  1.2G  805M   60% /run
tmpfs            2.0G     0  2.0G    0% /sys/fs/cgroup
/dev/vda2        497M  217M  280M   44% /boot
tmpfs            396M     0  396M    0% /run/user/0
tmpfs            396M     0  396M    0% /run/user/1001

-------------------- System load --------------------
Linux 3.10.0-514.26.2.el7.x86_64 (sakura-tokyo-prod) 	2018年07月08日 	_x86_64_	(4 CPU)

00時00分02秒     CPU     %user     %nice   %system   %iowait    %steal     %idle
01時00分03秒     all      0.50      0.00      0.10      0.00      0.07     99.33
02時00分02秒     all      0.40      0.00      0.07      0.00      0.10     99.43
03時00分02秒     all      0.12      0.00      0.05      0.00      0.06     99.77
04時00分02秒     all      0.14      0.00      0.04      0.00      0.04     99.77
05時00分02秒     all      0.15      0.00      0.05      0.00      0.05     99.75
平均値:      all      0.26      0.00      0.06      0.00      0.06     99.61

-------------------- Logged in user --------------------
k6444217 2018-07-05 09:48

==================== 2018-07-08 08:55:01 ====================

-------------------- uptime --------------------
 08:55:01 up 366 days, 21:44,  1 user,  load average: 0.00, 0.01, 0.05

-------------------- System info --------------------
Linux sakura-tokyo-prod 3.10.0-514.26.2.el7.x86_64 #1 SMP Tue Jul 4 15:04:05 UTC 2017 x86_64 x86_64 x86_64 GNU/Linux

-------------------- Storage usage --------------------
ファイルシス   サイズ  使用  残り 使用% マウント位置
/dev/vda4         96G  6.7G   89G    8% /
devtmpfs         2.0G     0  2.0G    0% /dev
tmpfs            2.0G     0  2.0G    0% /dev/shm
tmpfs            2.0G  1.2G  805M   60% /run
tmpfs            2.0G     0  2.0G    0% /sys/fs/cgroup
/dev/vda2        497M  217M  280M   44% /boot
tmpfs            396M     0  396M    0% /run/user/0
tmpfs            396M     0  396M    0% /run/user/1001

-------------------- System load --------------------
Linux 3.10.0-514.26.2.el7.x86_64 (sakura-tokyo-prod) 	2018年07月08日 	_x86_64_	(4 CPU)

00時00分02秒     CPU     %user     %nice   %system   %iowait    %steal     %idle
01時00分03秒     all      0.50      0.00      0.10      0.00      0.07     99.33
02時00分02秒     all      0.40      0.00      0.07      0.00      0.10     99.43
03時00分02秒     all      0.12      0.00      0.05      0.00      0.06     99.77
04時00分02秒     all      0.14      0.00      0.04      0.00      0.04     99.77
05時00分02秒     all      0.15      0.00      0.05      0.00      0.05     99.75
06時00分02秒     all      0.72      0.00      0.14      0.01      0.05     99.07
07時00分02秒     all      0.14      0.00      0.05      0.00      0.06     99.75
08時00分02秒     all      0.09      0.00      0.04      0.00      0.05     99.82
平均値:      all      0.28      0.00      0.07      0.00      0.06     99.59

-------------------- Logged in user --------------------
k4c36846 2018-07-05 09:48

==================== 2018-07-08 11:55:01 ====================

-------------------- uptime --------------------
 11:55:01 up 367 days, 44 min,  1 user,  load average: 0.00, 0.01, 0.05

-------------------- System info --------------------
Linux sakura-tokyo-prod 3.10.0-514.26.2.el7.x86_64 #1 SMP Tue Jul 4 15:04:05 UTC 2017 x86_64 x86_64 x86_64 GNU/Linux

-------------------- Storage usage --------------------
ファイルシス   サイズ  使用  残り 使用% マウント位置
/dev/vda4         96G  6.7G   89G    8% /
devtmpfs         2.0G     0  2.0G    0% /dev
tmpfs            2.0G     0  2.0G    0% /dev/shm
tmpfs            2.0G  1.2G  805M   60% /run
tmpfs            2.0G     0  2.0G    0% /sys/fs/cgroup
/dev/vda2        497M  217M  280M   44% /boot
tmpfs            396M     0  396M    0% /run/user/0
tmpfs            396M     0  396M    0% /run/user/1001

-------------------- System load --------------------
Linux 3.10.0-514.26.2.el7.x86_64 (sakura-tokyo-prod) 	2018年07月08日 	_x86_64_	(4 CPU)

00時00分02秒     CPU     %user     %nice   %system   %iowait    %steal     %idle
01時00分03秒     all      0.50      0.00      0.10      0.00      0.07     99.33
02時00分02秒     all      0.40      0.00      0.07      0.00      0.10     99.43
03時00分02秒     all      0.12      0.00      0.05      0.00      0.06     99.77
04時00分02秒     all      0.14      0.00      0.04      0.00      0.04     99.77
05時00分02秒     all      0.15      0.00      0.05      0.00      0.05     99.75
06時00分02秒     all      0.72      0.00      0.14      0.01      0.05     99.07
07時00分02秒     all      0.14      0.00      0.05      0.00      0.06     99.75
08時00分02秒     all      0.09      0.00      0.04      0.00      0.05     99.82
09時00分02秒     all      0.15      0.00      0.05      0.00      0.06     99.73
10時00分02秒     all      0.18      0.00      0.06      0.00      0.06     99.69
11時00分02秒     all      0.12      0.00      0.05      0.00      0.06     99.77
平均値:      all      0.25      0.00      0.06      0.00      0.06     99.63

-------------------- Logged in user --------------------
kd02bf45 2018-07-05 09:48

==================== 2018-07-08 14:55:01 ====================

-------------------- uptime --------------------
 14:55:01 up 367 days,  3:44,  1 user,  load average: 0.00, 0.01, 0.05

-------------------- System info --------------------
Linux sakura-tokyo-prod 3.10.0-514.26.2.el7.x86_64 #1 SMP Tue Jul 4 15:04:05 UTC 2017 x86_64 x86_64 x86_64 GNU/Linux

-------------------- Storage usage --------------------
ファイルシス   サイズ  使用  残り 使用% マウント位置
/dev/vda4         96G  6.7G   89G    8% /
devtmpfs         2.0G     0  2.0G    0% /dev
tmpfs            2.0G     0  2.0G    0% /dev/shm
tmpfs            2.0G  1.2G  805M   60% /run
tmpfs            2.0G     0  2.0G    0% /sys/fs/cgroup
/dev/vda2        497M  217M  280M   44% /boot
tmpfs            396M     0  396M    0% /run/user/0
tmpfs            396M     0  396M    0% /run/user/1001

-------------------- System load --------------------
Linux 3.10.0-514.26.2.el7.x86_64 (sakura-tokyo-prod) 	2018年07月08日 	_x86_64_	(4 CPU)

00時00分02秒     CPU     %user     %nice   %system   %iowait    %steal     %idle
01時00分03秒     all      0.50      0.00      0.10      0.00      0.07     99.33
02時00分02秒     all      0.40      0.00      0.07      0.00      0.10     99.43
03時00分02秒     all      0.12      0.00      0.05      0.00      0.06     99.77
04時00分02秒     all      0.14      0.00      0.04      0.00      0.04     99.77
05時00分02秒     all      0.15      0.00      0.05      0.00      0.05     99.75
06時00分02秒     all      0.72      0.00      0.14      0.01      0.05     99.07
07時00分02秒     all      0.14      0.00      0.05      0.00      0.06     99.75
08時00分02秒     all      0.09      0.00      0.04      0.00      0.05     99.82
09時00分02秒     all      0.15      0.00      0.05      0.00      0.06     99.73
10時00分02秒     all      0.18      0.00      0.06      0.00      0.06     99.69
11時00分02秒     all      0.12      0.00      0.05      0.00      0.06     99.77
12時00分02秒     all      0.12      0.00      0.05      0.00      0.06     99.77
13時00分03秒     all      0.73      0.00      0.12      0.00      0.13     99.02
14時00分02秒     all      0.14      0.00      0.05      0.00      0.06     99.74
平均値:      all      0.26      0.00      0.07      0.00      0.06     99.60

-------------------- Logged in user --------------------
k03ad6f1 2018-07-05 09:48

==================== 2018-07-08 17:55:01 ====================

-------------------- uptime --------------------
 17:55:01 up 367 days,  6:44,  1 user,  load average: 0.00, 0.01, 0.05

-------------------- System info --------------------
Linux sakura-tokyo-prod 3.10.0-514.26.2.el7.x86_64 #1 SMP Tue Jul 4 15:04:05 UTC 2017 x86_64 x86_64 x86_64 GNU/Linux

-------------------- Storage usage --------------------
ファイルシス   サイズ  使用  残り 使用% マウント位置
/dev/vda4         96G  6.7G   89G    8% /
devtmpfs         2.0G     0  2.0G    0% /dev
tmpfs            2.0G     0  2.0G    0% /dev/shm
tmpfs            2.0G  1.2G  805M   60% /run
tmpfs            2.0G     0  2.0G    0% /sys/fs/cgroup
/dev/vda2        497M  217M  280M   44% /boot
tmpfs            396M     0  396M    0% /run/user/0
tmpfs            396M     0  396M    0% /run/user/1001

-------------------- System load --------------------
Linux 3.10.0-514.26.2.el7.x86_64 (sakura-tokyo-prod) 	2018年07月08日 	_x86_64_	(4 CPU)

00時00分02秒     CPU     %user     %nice   %system   %iowait    %steal     %idle
01時00分03秒     all      0.50      0.00      0.10      0.00      0.07     99.33
02時00分02秒     all      0.40      0.00      0.07      0.00      0.10     99.43
03時00分02秒     all      0.12      0.00      0.05      0.00      0.06     99.77
04時00分02秒     all      0.14      0.00      0.04      0.00      0.04     99.77
05時00分02秒     all      0.15      0.00      0.05      0.00      0.05     99.75
06時00分02秒     all      0.72      0.00      0.14      0.01      0.05     99.07
07時00分02秒     all      0.14      0.00      0.05      0.00      0.06     99.75
08時00分02秒     all      0.09      0.00      0.04      0.00      0.05     99.82
09時00分02秒     all      0.15      0.00      0.05      0.00      0.06     99.73
10時00分02秒     all      0.18      0.00      0.06      0.00      0.06     99.69
11時00分02秒     all      0.12      0.00      0.05      0.00      0.06     99.77
12時00分02秒     all      0.12      0.00      0.05      0.00      0.06     99.77
13時00分03秒     all      0.73      0.00      0.12      0.00      0.13     99.02
14時00分02秒     all      0.14      0.00      0.05      0.00      0.06     99.74
15時00分02秒     all      0.11      0.00      0.04      0.00      0.05     99.79
16時00分03秒     all      0.10      0.00      0.04      0.00      0.06     99.81
17時00分02秒     all      0.43      0.00      0.09      0.01      0.05     99.42
平均値:      all      0.26      0.00      0.06      0.00      0.06     99.61

-------------------- Logged in user --------------------
kd7a01df 2018-07-05 09:48

