==================== 2018-07-09 02:55:02 ====================

-------------------- uptime --------------------
 02:55:02 up 367 days, 15:44,  1 user,  load average: 0.00, 0.02, 0.05

-------------------- System info --------------------
Linux sakura-tokyo-prod 3.10.0-514.26.2.el7.x86_64 #1 SMP Tue Jul 4 15:04:05 UTC 2017 x86_64 x86_64 x86_64 GNU/Linux

-------------------- Storage usage --------------------
ファイルシス   サイズ  使用  残り 使用% マウント位置
/dev/vda4         96G  6.7G   89G    8% /
devtmpfs         2.0G     0  2.0G    0% /dev
tmpfs            2.0G     0  2.0G    0% /dev/shm
tmpfs            2.0G  1.2G  805M   60% /run
tmpfs            2.0G     0  2.0G    0% /sys/fs/cgroup
/dev/vda2        497M  217M  280M   44% /boot
tmpfs            396M     0  396M    0% /run/user/0
tmpfs            396M     0  396M    0% /run/user/1001

-------------------- System load --------------------
Linux 3.10.0-514.26.2.el7.x86_64 (sakura-tokyo-prod) 	2018年07月09日 	_x86_64_	(4 CPU)

00時00分03秒     CPU     %user     %nice   %system   %iowait    %steal     %idle
01時00分02秒     all      0.14      0.00      0.05      0.00      0.05     99.76
02時00分02秒     all      0.09      0.00      0.04      0.00      0.05     99.81
平均値:      all      0.11      0.00      0.05      0.00      0.05     99.78

-------------------- Logged in user --------------------
kc780d76 2018-07-05 09:48

==================== 2018-07-09 05:55:02 ====================

-------------------- uptime --------------------
 05:55:02 up 367 days, 18:44,  1 user,  load average: 0.00, 0.01, 0.05

-------------------- System info --------------------
Linux sakura-tokyo-prod 3.10.0-514.26.2.el7.x86_64 #1 SMP Tue Jul 4 15:04:05 UTC 2017 x86_64 x86_64 x86_64 GNU/Linux

-------------------- Storage usage --------------------
ファイルシス   サイズ  使用  残り 使用% マウント位置
/dev/vda4         96G  6.7G   89G    7% /
devtmpfs         2.0G     0  2.0G    0% /dev
tmpfs            2.0G     0  2.0G    0% /dev/shm
tmpfs            2.0G  1.2G  805M   60% /run
tmpfs            2.0G     0  2.0G    0% /sys/fs/cgroup
/dev/vda2        497M  217M  280M   44% /boot
tmpfs            396M     0  396M    0% /run/user/0
tmpfs            396M     0  396M    0% /run/user/1001

-------------------- System load --------------------
Linux 3.10.0-514.26.2.el7.x86_64 (sakura-tokyo-prod) 	2018年07月09日 	_x86_64_	(4 CPU)

00時00分03秒     CPU     %user     %nice   %system   %iowait    %steal     %idle
01時00分02秒     all      0.14      0.00      0.05      0.00      0.05     99.76
02時00分02秒     all      0.09      0.00      0.04      0.00      0.05     99.81
03時00分02秒     all      0.16      0.00      0.06      0.00      0.04     99.73
04時00分02秒     all      0.35      0.00      0.08      0.00      0.05     99.52
05時00分02秒     all      0.12      0.00      0.05      0.00      0.05     99.78
平均値:      all      0.17      0.00      0.06      0.00      0.05     99.72

-------------------- Logged in user --------------------
k1f7018e 2018-07-05 09:48

==================== 2018-07-09 08:55:02 ====================

-------------------- uptime --------------------
 08:55:02 up 367 days, 21:44,  1 user,  load average: 0.00, 0.01, 0.05

-------------------- System info --------------------
Linux sakura-tokyo-prod 3.10.0-514.26.2.el7.x86_64 #1 SMP Tue Jul 4 15:04:05 UTC 2017 x86_64 x86_64 x86_64 GNU/Linux

-------------------- Storage usage --------------------
ファイルシス   サイズ  使用  残り 使用% マウント位置
/dev/vda4         96G  6.7G   89G    8% /
devtmpfs         2.0G     0  2.0G    0% /dev
tmpfs            2.0G     0  2.0G    0% /dev/shm
tmpfs            2.0G  1.2G  804M   60% /run
tmpfs            2.0G     0  2.0G    0% /sys/fs/cgroup
/dev/vda2        497M  217M  280M   44% /boot
tmpfs            396M     0  396M    0% /run/user/0
tmpfs            396M     0  396M    0% /run/user/1001

-------------------- System load --------------------
Linux 3.10.0-514.26.2.el7.x86_64 (sakura-tokyo-prod) 	2018年07月09日 	_x86_64_	(4 CPU)

00時00分03秒     CPU     %user     %nice   %system   %iowait    %steal     %idle
01時00分02秒     all      0.14      0.00      0.05      0.00      0.05     99.76
02時00分02秒     all      0.09      0.00      0.04      0.00      0.05     99.81
03時00分02秒     all      0.16      0.00      0.06      0.00      0.04     99.73
04時00分02秒     all      0.35      0.00      0.08      0.00      0.05     99.52
05時00分02秒     all      0.12      0.00      0.05      0.00      0.05     99.78
06時00分02秒     all      0.16      0.00      0.06      0.00      0.07     99.71
07時00分02秒     all      0.13      0.00      0.05      0.00      0.06     99.76
08時00分03秒     all      0.28      0.00      0.07      0.00      0.08     99.56
平均値:      all      0.18      0.00      0.06      0.00      0.06     99.70

-------------------- Logged in user --------------------
kf1cf323 2018-07-05 09:48

==================== 2018-07-09 11:55:01 ====================

-------------------- uptime --------------------
 11:55:01 up 368 days, 44 min,  1 user,  load average: 0.00, 0.01, 0.05

-------------------- System info --------------------
Linux sakura-tokyo-prod 3.10.0-514.26.2.el7.x86_64 #1 SMP Tue Jul 4 15:04:05 UTC 2017 x86_64 x86_64 x86_64 GNU/Linux

-------------------- Storage usage --------------------
ファイルシス   サイズ  使用  残り 使用% マウント位置
/dev/vda4         96G  6.7G   89G    8% /
devtmpfs         2.0G     0  2.0G    0% /dev
tmpfs            2.0G     0  2.0G    0% /dev/shm
tmpfs            2.0G  1.2G  804M   60% /run
tmpfs            2.0G     0  2.0G    0% /sys/fs/cgroup
/dev/vda2        497M  217M  280M   44% /boot
tmpfs            396M     0  396M    0% /run/user/0
tmpfs            396M     0  396M    0% /run/user/1001

-------------------- System load --------------------
Linux 3.10.0-514.26.2.el7.x86_64 (sakura-tokyo-prod) 	2018年07月09日 	_x86_64_	(4 CPU)

00時00分03秒     CPU     %user     %nice   %system   %iowait    %steal     %idle
01時00分02秒     all      0.14      0.00      0.05      0.00      0.05     99.76
02時00分02秒     all      0.09      0.00      0.04      0.00      0.05     99.81
03時00分02秒     all      0.16      0.00      0.06      0.00      0.04     99.73
04時00分02秒     all      0.35      0.00      0.08      0.00      0.05     99.52
05時00分02秒     all      0.12      0.00      0.05      0.00      0.05     99.78
06時00分02秒     all      0.16      0.00      0.06      0.00      0.07     99.71
07時00分02秒     all      0.13      0.00      0.05      0.00      0.06     99.76
08時00分03秒     all      0.28      0.00      0.07      0.00      0.08     99.56
09時00分02秒     all      0.22      0.00      0.07      0.00      0.08     99.63
10時00分03秒     all      0.08      0.00      0.04      0.00      0.07     99.80
11時00分02秒     all      0.14      0.00      0.05      0.00      0.06     99.74
平均値:      all      0.17      0.00      0.06      0.00      0.06     99.71

-------------------- Logged in user --------------------
k5261531 2018-07-05 09:48

==================== 2018-07-09 14:55:01 ====================

-------------------- uptime --------------------
 14:55:01 up 368 days,  3:44,  1 user,  load average: 0.00, 0.01, 0.05

-------------------- System info --------------------
Linux sakura-tokyo-prod 3.10.0-514.26.2.el7.x86_64 #1 SMP Tue Jul 4 15:04:05 UTC 2017 x86_64 x86_64 x86_64 GNU/Linux

-------------------- Storage usage --------------------
ファイルシス   サイズ  使用  残り 使用% マウント位置
/dev/vda4         96G  6.7G   89G    7% /
devtmpfs         2.0G     0  2.0G    0% /dev
tmpfs            2.0G     0  2.0G    0% /dev/shm
tmpfs            2.0G  1.2G  804M   60% /run
tmpfs            2.0G     0  2.0G    0% /sys/fs/cgroup
/dev/vda2        497M  217M  280M   44% /boot
tmpfs            396M     0  396M    0% /run/user/0
tmpfs            396M     0  396M    0% /run/user/1001

-------------------- System load --------------------
Linux 3.10.0-514.26.2.el7.x86_64 (sakura-tokyo-prod) 	2018年07月09日 	_x86_64_	(4 CPU)

00時00分03秒     CPU     %user     %nice   %system   %iowait    %steal     %idle
01時00分02秒     all      0.14      0.00      0.05      0.00      0.05     99.76
02時00分02秒     all      0.09      0.00      0.04      0.00      0.05     99.81
03時00分02秒     all      0.16      0.00      0.06      0.00      0.04     99.73
04時00分02秒     all      0.35      0.00      0.08      0.00      0.05     99.52
05時00分02秒     all      0.12      0.00      0.05      0.00      0.05     99.78
06時00分02秒     all      0.16      0.00      0.06      0.00      0.07     99.71
07時00分02秒     all      0.13      0.00      0.05      0.00      0.06     99.76
08時00分03秒     all      0.28      0.00      0.07      0.00      0.08     99.56
09時00分02秒     all      0.22      0.00      0.07      0.00      0.08     99.63
10時00分03秒     all      0.08      0.00      0.04      0.00      0.07     99.80
11時00分02秒     all      0.14      0.00      0.05      0.00      0.06     99.74
12時00分02秒     all      0.09      0.00      0.04      0.00      0.06     99.81
13時00分02秒     all      0.25      0.00      0.08      0.00      0.07     99.59
14時00分02秒     all      0.67      0.00      0.14      0.01      0.07     99.12
平均値:      all      0.21      0.00      0.06      0.00      0.06     99.66

-------------------- Logged in user --------------------
k0cb6f4a 2018-07-05 09:48

==================== 2018-07-09 17:55:01 ====================

-------------------- uptime --------------------
 17:55:01 up 368 days,  6:44,  1 user,  load average: 0.00, 0.01, 0.05

-------------------- System info --------------------
Linux sakura-tokyo-prod 3.10.0-514.26.2.el7.x86_64 #1 SMP Tue Jul 4 15:04:05 UTC 2017 x86_64 x86_64 x86_64 GNU/Linux

-------------------- Storage usage --------------------
ファイルシス   サイズ  使用  残り 使用% マウント位置
/dev/vda4         96G  6.7G   89G    7% /
devtmpfs         2.0G     0  2.0G    0% /dev
tmpfs            2.0G     0  2.0G    0% /dev/shm
tmpfs            2.0G  1.2G  804M   60% /run
tmpfs            2.0G     0  2.0G    0% /sys/fs/cgroup
/dev/vda2        497M  217M  280M   44% /boot
tmpfs            396M     0  396M    0% /run/user/0
tmpfs            396M     0  396M    0% /run/user/1001

-------------------- System load --------------------
Linux 3.10.0-514.26.2.el7.x86_64 (sakura-tokyo-prod) 	2018年07月09日 	_x86_64_	(4 CPU)

00時00分03秒     CPU     %user     %nice   %system   %iowait    %steal     %idle
01時00分02秒     all      0.14      0.00      0.05      0.00      0.05     99.76
02時00分02秒     all      0.09      0.00      0.04      0.00      0.05     99.81
03時00分02秒     all      0.16      0.00      0.06      0.00      0.04     99.73
04時00分02秒     all      0.35      0.00      0.08      0.00      0.05     99.52
05時00分02秒     all      0.12      0.00      0.05      0.00      0.05     99.78
06時00分02秒     all      0.16      0.00      0.06      0.00      0.07     99.71
07時00分02秒     all      0.13      0.00      0.05      0.00      0.06     99.76
08時00分03秒     all      0.28      0.00      0.07      0.00      0.08     99.56
09時00分02秒     all      0.22      0.00      0.07      0.00      0.08     99.63
10時00分03秒     all      0.08      0.00      0.04      0.00      0.07     99.80
11時00分02秒     all      0.14      0.00      0.05      0.00      0.06     99.74
12時00分02秒     all      0.09      0.00      0.04      0.00      0.06     99.81
13時00分02秒     all      0.25      0.00      0.08      0.00      0.07     99.59
14時00分02秒     all      0.67      0.00      0.14      0.01      0.07     99.12
15時00分02秒     all      0.12      0.00      0.04      0.00      0.06     99.78
16時00分02秒     all      0.09      0.00      0.04      0.00      0.05     99.82
17時00分02秒     all      0.12      0.00      0.05      0.00      0.05     99.78
平均値:      all      0.19      0.00      0.06      0.00      0.06     99.69

-------------------- Logged in user --------------------
k8afd946 2018-07-05 09:48

==================== 2018-07-09 20:55:02 ====================

-------------------- uptime --------------------
 20:55:02 up 368 days,  9:44,  1 user,  load average: 0.00, 0.01, 0.05

-------------------- System info --------------------
Linux sakura-tokyo-prod 3.10.0-514.26.2.el7.x86_64 #1 SMP Tue Jul 4 15:04:05 UTC 2017 x86_64 x86_64 x86_64 GNU/Linux

-------------------- Storage usage --------------------
ファイルシス   サイズ  使用  残り 使用% マウント位置
/dev/vda4         96G  6.7G   89G    8% /
devtmpfs         2.0G     0  2.0G    0% /dev
tmpfs            2.0G     0  2.0G    0% /dev/shm
tmpfs            2.0G  1.2G  804M   60% /run
tmpfs            2.0G     0  2.0G    0% /sys/fs/cgroup
/dev/vda2        497M  217M  280M   44% /boot
tmpfs            396M     0  396M    0% /run/user/0
tmpfs            396M     0  396M    0% /run/user/1001

-------------------- System load --------------------
Linux 3.10.0-514.26.2.el7.x86_64 (sakura-tokyo-prod) 	2018年07月09日 	_x86_64_	(4 CPU)

00時00分03秒     CPU     %user     %nice   %system   %iowait    %steal     %idle
01時00分02秒     all      0.14      0.00      0.05      0.00      0.05     99.76
02時00分02秒     all      0.09      0.00      0.04      0.00      0.05     99.81
03時00分02秒     all      0.16      0.00      0.06      0.00      0.04     99.73
04時00分02秒     all      0.35      0.00      0.08      0.00      0.05     99.52
05時00分02秒     all      0.12      0.00      0.05      0.00      0.05     99.78
06時00分02秒     all      0.16      0.00      0.06      0.00      0.07     99.71
07時00分02秒     all      0.13      0.00      0.05      0.00      0.06     99.76
08時00分03秒     all      0.28      0.00      0.07      0.00      0.08     99.56
09時00分02秒     all      0.22      0.00      0.07      0.00      0.08     99.63
10時00分03秒     all      0.08      0.00      0.04      0.00      0.07     99.80
11時00分02秒     all      0.14      0.00      0.05      0.00      0.06     99.74
12時00分02秒     all      0.09      0.00      0.04      0.00      0.06     99.81
13時00分02秒     all      0.25      0.00      0.08      0.00      0.07     99.59
14時00分02秒     all      0.67      0.00      0.14      0.01      0.07     99.12
15時00分02秒     all      0.12      0.00      0.04      0.00      0.06     99.78
16時00分02秒     all      0.09      0.00      0.04      0.00      0.05     99.82
17時00分02秒     all      0.12      0.00      0.05      0.00      0.05     99.78
18時00分03秒     all      0.16      0.00      0.06      0.00      0.08     99.71
19時00分02秒     all      0.16      0.00      0.06      0.00      0.07     99.71
20時00分02秒     all      0.17      0.00      0.06      0.00      0.06     99.70
平均値:      all      0.19      0.00      0.06      0.00      0.06     99.69

-------------------- Logged in user --------------------
kcd88fec 2018-07-05 09:48

==================== 2018-07-09 23:55:01 ====================

-------------------- uptime --------------------
 23:55:01 up 368 days, 12:44,  0 users,  load average: 0.00, 0.01, 0.05

-------------------- System info --------------------
Linux sakura-tokyo-prod 3.10.0-514.26.2.el7.x86_64 #1 SMP Tue Jul 4 15:04:05 UTC 2017 x86_64 x86_64 x86_64 GNU/Linux

-------------------- Storage usage --------------------
ファイルシス   サイズ  使用  残り 使用% マウント位置
/dev/vda4         96G  6.7G   89G    8% /
devtmpfs         2.0G     0  2.0G    0% /dev
tmpfs            2.0G     0  2.0G    0% /dev/shm
tmpfs            2.0G  1.2G  804M   60% /run
tmpfs            2.0G     0  2.0G    0% /sys/fs/cgroup
/dev/vda2        497M  217M  280M   44% /boot
tmpfs            396M     0  396M    0% /run/user/0
tmpfs            396M     0  396M    0% /run/user/1001

-------------------- System load --------------------
Linux 3.10.0-514.26.2.el7.x86_64 (sakura-tokyo-prod) 	2018年07月09日 	_x86_64_	(4 CPU)

00時00分03秒     CPU     %user     %nice   %system   %iowait    %steal     %idle
01時00分02秒     all      0.14      0.00      0.05      0.00      0.05     99.76
02時00分02秒     all      0.09      0.00      0.04      0.00      0.05     99.81
03時00分02秒     all      0.16      0.00      0.06      0.00      0.04     99.73
04時00分02秒     all      0.35      0.00      0.08      0.00      0.05     99.52
05時00分02秒     all      0.12      0.00      0.05      0.00      0.05     99.78
06時00分02秒     all      0.16      0.00      0.06      0.00      0.07     99.71
07時00分02秒     all      0.13      0.00      0.05      0.00      0.06     99.76
08時00分03秒     all      0.28      0.00      0.07      0.00      0.08     99.56
09時00分02秒     all      0.22      0.00      0.07      0.00      0.08     99.63
10時00分03秒     all      0.08      0.00      0.04      0.00      0.07     99.80
11時00分02秒     all      0.14      0.00      0.05      0.00      0.06     99.74
12時00分02秒     all      0.09      0.00      0.04      0.00      0.06     99.81
13時00分02秒     all      0.25      0.00      0.08      0.00      0.07     99.59
14時00分02秒     all      0.67      0.00      0.14      0.01      0.07     99.12
15時00分02秒     all      0.12      0.00      0.04      0.00      0.06     99.78
16時00分02秒     all      0.09      0.00      0.04      0.00      0.05     99.82
17時00分02秒     all      0.12      0.00      0.05      0.00      0.05     99.78
18時00分03秒     all      0.16      0.00      0.06      0.00      0.08     99.71
19時00分02秒     all      0.16      0.00      0.06      0.00      0.07     99.71
20時00分02秒     all      0.17      0.00      0.06      0.00      0.06     99.70
21時00分02秒     all      0.17      0.00      0.06      0.00      0.06     99.71
22時00分02秒     all      0.08      0.00      0.04      0.00      0.05     99.83
23時00分01秒     all      0.14      0.00      0.05      0.00      0.04     99.76
平均値:      all      0.18      0.00      0.06      0.00      0.06     99.70

-------------------- Logged in user --------------------


