==================== 2018-07-10 02:55:01 ====================

-------------------- uptime --------------------
 02:55:01 up 368 days, 15:44,  0 users,  load average: 0.00, 0.01, 0.05

-------------------- System info --------------------
Linux sakura-tokyo-prod 3.10.0-514.26.2.el7.x86_64 #1 SMP Tue Jul 4 15:04:05 UTC 2017 x86_64 x86_64 x86_64 GNU/Linux

-------------------- Storage usage --------------------
ファイルシス   サイズ  使用  残り 使用% マウント位置
/dev/vda4         96G  6.7G   89G    7% /
devtmpfs         2.0G     0  2.0G    0% /dev
tmpfs            2.0G     0  2.0G    0% /dev/shm
tmpfs            2.0G  1.2G  804M   60% /run
tmpfs            2.0G     0  2.0G    0% /sys/fs/cgroup
/dev/vda2        497M  217M  280M   44% /boot
tmpfs            396M     0  396M    0% /run/user/0
tmpfs            396M     0  396M    0% /run/user/1001

-------------------- System load --------------------
Linux 3.10.0-514.26.2.el7.x86_64 (sakura-tokyo-prod) 	2018年07月10日 	_x86_64_	(4 CPU)

00時00分02秒     CPU     %user     %nice   %system   %iowait    %steal     %idle
01時00分03秒     all      0.14      0.00      0.06      0.00      0.06     99.74
02時00分02秒     all      0.15      0.00      0.05      0.00      0.04     99.75
平均値:      all      0.15      0.00      0.06      0.00      0.05     99.75

-------------------- Logged in user --------------------


==================== 2018-07-10 05:55:01 ====================

-------------------- uptime --------------------
 05:55:01 up 368 days, 18:44,  0 users,  load average: 0.00, 0.01, 0.05

-------------------- System info --------------------
Linux sakura-tokyo-prod 3.10.0-514.26.2.el7.x86_64 #1 SMP Tue Jul 4 15:04:05 UTC 2017 x86_64 x86_64 x86_64 GNU/Linux

-------------------- Storage usage --------------------
ファイルシス   サイズ  使用  残り 使用% マウント位置
/dev/vda4         96G  6.7G   89G    7% /
devtmpfs         2.0G     0  2.0G    0% /dev
tmpfs            2.0G     0  2.0G    0% /dev/shm
tmpfs            2.0G  1.2G  804M   60% /run
tmpfs            2.0G     0  2.0G    0% /sys/fs/cgroup
/dev/vda2        497M  217M  280M   44% /boot
tmpfs            396M     0  396M    0% /run/user/0
tmpfs            396M     0  396M    0% /run/user/1001

-------------------- System load --------------------
Linux 3.10.0-514.26.2.el7.x86_64 (sakura-tokyo-prod) 	2018年07月10日 	_x86_64_	(4 CPU)

00時00分02秒     CPU     %user     %nice   %system   %iowait    %steal     %idle
01時00分03秒     all      0.14      0.00      0.06      0.00      0.06     99.74
02時00分02秒     all      0.15      0.00      0.05      0.00      0.04     99.75
03時00分02秒     all      0.11      0.00      0.05      0.00      0.05     99.80
04時00分02秒     all      0.09      0.00      0.05      0.00      0.05     99.81
05時00分02秒     all      0.21      0.00      0.07      0.00      0.05     99.66
平均値:      all      0.14      0.00      0.06      0.00      0.05     99.75

-------------------- Logged in user --------------------


==================== 2018-07-10 08:55:01 ====================

-------------------- uptime --------------------
 08:55:01 up 368 days, 21:44,  0 users,  load average: 0.00, 0.01, 0.05

-------------------- System info --------------------
Linux sakura-tokyo-prod 3.10.0-514.26.2.el7.x86_64 #1 SMP Tue Jul 4 15:04:05 UTC 2017 x86_64 x86_64 x86_64 GNU/Linux

-------------------- Storage usage --------------------
ファイルシス   サイズ  使用  残り 使用% マウント位置
/dev/vda4         96G  6.7G   89G    7% /
devtmpfs         2.0G     0  2.0G    0% /dev
tmpfs            2.0G     0  2.0G    0% /dev/shm
tmpfs            2.0G  1.2G  804M   60% /run
tmpfs            2.0G     0  2.0G    0% /sys/fs/cgroup
/dev/vda2        497M  217M  280M   44% /boot
tmpfs            396M     0  396M    0% /run/user/0
tmpfs            396M     0  396M    0% /run/user/1001

-------------------- System load --------------------
Linux 3.10.0-514.26.2.el7.x86_64 (sakura-tokyo-prod) 	2018年07月10日 	_x86_64_	(4 CPU)

00時00分02秒     CPU     %user     %nice   %system   %iowait    %steal     %idle
01時00分03秒     all      0.14      0.00      0.06      0.00      0.06     99.74
02時00分02秒     all      0.15      0.00      0.05      0.00      0.04     99.75
03時00分02秒     all      0.11      0.00      0.05      0.00      0.05     99.80
04時00分02秒     all      0.09      0.00      0.05      0.00      0.05     99.81
05時00分02秒     all      0.21      0.00      0.07      0.00      0.05     99.66
06時00分02秒     all      0.13      0.00      0.05      0.00      0.05     99.76
07時00分02秒     all      0.13      0.00      0.06      0.00      0.05     99.76
08時00分02秒     all      0.09      0.00      0.04      0.00      0.05     99.81
平均値:      all      0.13      0.00      0.05      0.00      0.05     99.76

-------------------- Logged in user --------------------


==================== 2018-07-10 11:55:01 ====================

-------------------- uptime --------------------
 11:55:01 up 369 days, 44 min,  0 users,  load average: 0.01, 0.03, 0.05

-------------------- System info --------------------
Linux sakura-tokyo-prod 3.10.0-514.26.2.el7.x86_64 #1 SMP Tue Jul 4 15:04:05 UTC 2017 x86_64 x86_64 x86_64 GNU/Linux

-------------------- Storage usage --------------------
ファイルシス   サイズ  使用  残り 使用% マウント位置
/dev/vda4         96G  6.7G   89G    7% /
devtmpfs         2.0G     0  2.0G    0% /dev
tmpfs            2.0G     0  2.0G    0% /dev/shm
tmpfs            2.0G  1.2G  803M   60% /run
tmpfs            2.0G     0  2.0G    0% /sys/fs/cgroup
/dev/vda2        497M  217M  280M   44% /boot
tmpfs            396M     0  396M    0% /run/user/0
tmpfs            396M     0  396M    0% /run/user/1001

-------------------- System load --------------------
Linux 3.10.0-514.26.2.el7.x86_64 (sakura-tokyo-prod) 	2018年07月10日 	_x86_64_	(4 CPU)

00時00分02秒     CPU     %user     %nice   %system   %iowait    %steal     %idle
01時00分03秒     all      0.14      0.00      0.06      0.00      0.06     99.74
02時00分02秒     all      0.15      0.00      0.05      0.00      0.04     99.75
03時00分02秒     all      0.11      0.00      0.05      0.00      0.05     99.80
04時00分02秒     all      0.09      0.00      0.05      0.00      0.05     99.81
05時00分02秒     all      0.21      0.00      0.07      0.00      0.05     99.66
06時00分02秒     all      0.13      0.00      0.05      0.00      0.05     99.76
07時00分02秒     all      0.13      0.00      0.06      0.00      0.05     99.76
08時00分02秒     all      0.09      0.00      0.04      0.00      0.05     99.81
09時00分02秒     all      0.11      0.00      0.04      0.00      0.04     99.80
10時00分01秒     all      0.15      0.00      0.06      0.00      0.05     99.73
11時00分02秒     all      0.11      0.00      0.05      0.00      0.06     99.78
平均値:      all      0.13      0.00      0.05      0.00      0.05     99.77

-------------------- Logged in user --------------------


