==================== 2018-07-13 02:55:01 ====================

-------------------- uptime --------------------
 02:55:01 up 371 days, 15:44,  1 user,  load average: 0.00, 0.01, 0.05

-------------------- System info --------------------
Linux sakura-tokyo-prod 3.10.0-514.26.2.el7.x86_64 #1 SMP Tue Jul 4 15:04:05 UTC 2017 x86_64 x86_64 x86_64 GNU/Linux

-------------------- Storage usage --------------------
ファイルシス   サイズ  使用  残り 使用% マウント位置
/dev/vda4         96G  6.7G   89G    7% /
devtmpfs         2.0G     0  2.0G    0% /dev
tmpfs            2.0G     0  2.0G    0% /dev/shm
tmpfs            2.0G  1.2G  801M   60% /run
tmpfs            2.0G     0  2.0G    0% /sys/fs/cgroup
/dev/vda2        497M  217M  280M   44% /boot
tmpfs            396M     0  396M    0% /run/user/0
tmpfs            396M     0  396M    0% /run/user/1001

-------------------- System load --------------------
Linux 3.10.0-514.26.2.el7.x86_64 (sakura-tokyo-prod) 	2018年07月13日 	_x86_64_	(4 CPU)

00時00分02秒     CPU     %user     %nice   %system   %iowait    %steal     %idle
01時00分02秒     all      0.11      0.00      0.05      0.00      0.03     99.80
02時00分02秒     all      0.11      0.00      0.05      0.00      0.03     99.81
平均値:      all      0.11      0.00      0.05      0.00      0.03     99.81

-------------------- Logged in user --------------------
kda31d9c 2018-07-13 00:08

==================== 2018-07-13 05:55:01 ====================

-------------------- uptime --------------------
 05:55:01 up 371 days, 18:44,  1 user,  load average: 0.00, 0.01, 0.05

-------------------- System info --------------------
Linux sakura-tokyo-prod 3.10.0-514.26.2.el7.x86_64 #1 SMP Tue Jul 4 15:04:05 UTC 2017 x86_64 x86_64 x86_64 GNU/Linux

-------------------- Storage usage --------------------
ファイルシス   サイズ  使用  残り 使用% マウント位置
/dev/vda4         96G  6.7G   89G    7% /
devtmpfs         2.0G     0  2.0G    0% /dev
tmpfs            2.0G     0  2.0G    0% /dev/shm
tmpfs            2.0G  1.2G  793M   60% /run
tmpfs            2.0G     0  2.0G    0% /sys/fs/cgroup
/dev/vda2        497M  217M  280M   44% /boot
tmpfs            396M     0  396M    0% /run/user/0
tmpfs            396M     0  396M    0% /run/user/1001

-------------------- System load --------------------
Linux 3.10.0-514.26.2.el7.x86_64 (sakura-tokyo-prod) 	2018年07月13日 	_x86_64_	(4 CPU)

00時00分02秒     CPU     %user     %nice   %system   %iowait    %steal     %idle
01時00分02秒     all      0.11      0.00      0.05      0.00      0.03     99.80
02時00分02秒     all      0.11      0.00      0.05      0.00      0.03     99.81
03時00分02秒     all      0.11      0.00      0.05      0.00      0.02     99.82
04時00分02秒     all      0.16      0.00      0.06      0.00      0.03     99.75
05時00分02秒     all      0.09      0.00      0.05      0.00      0.03     99.83
平均値:      all      0.12      0.00      0.05      0.00      0.03     99.80

-------------------- Logged in user --------------------
k32d9c25 2018-07-13 00:08

==================== 2018-07-13 08:55:01 ====================

-------------------- uptime --------------------
 08:55:01 up 371 days, 21:44,  1 user,  load average: 0.00, 0.01, 0.05

-------------------- System info --------------------
Linux sakura-tokyo-prod 3.10.0-514.26.2.el7.x86_64 #1 SMP Tue Jul 4 15:04:05 UTC 2017 x86_64 x86_64 x86_64 GNU/Linux

-------------------- Storage usage --------------------
ファイルシス   サイズ  使用  残り 使用% マウント位置
/dev/vda4         96G  6.7G   89G    8% /
devtmpfs         2.0G     0  2.0G    0% /dev
tmpfs            2.0G     0  2.0G    0% /dev/shm
tmpfs            2.0G  1.2G  793M   60% /run
tmpfs            2.0G     0  2.0G    0% /sys/fs/cgroup
/dev/vda2        497M  217M  280M   44% /boot
tmpfs            396M     0  396M    0% /run/user/0
tmpfs            396M     0  396M    0% /run/user/1001

-------------------- System load --------------------
Linux 3.10.0-514.26.2.el7.x86_64 (sakura-tokyo-prod) 	2018年07月13日 	_x86_64_	(4 CPU)

00時00分02秒     CPU     %user     %nice   %system   %iowait    %steal     %idle
01時00分02秒     all      0.11      0.00      0.05      0.00      0.03     99.80
02時00分02秒     all      0.11      0.00      0.05      0.00      0.03     99.81
03時00分02秒     all      0.11      0.00      0.05      0.00      0.02     99.82
04時00分02秒     all      0.16      0.00      0.06      0.00      0.03     99.75
05時00分02秒     all      0.09      0.00      0.05      0.00      0.03     99.83
06時00分02秒     all      0.14      0.00      0.05      0.00      0.03     99.77
07時00分01秒     all      0.13      0.00      0.06      0.00      0.03     99.79
08時00分03秒     all      0.12      0.00      0.05      0.00      0.03     99.80
平均値:      all      0.12      0.00      0.05      0.00      0.03     99.80

-------------------- Logged in user --------------------
k38b6129 2018-07-13 00:08

==================== 2018-07-13 11:55:01 ====================

-------------------- uptime --------------------
 11:55:01 up 372 days, 44 min,  1 user,  load average: 0.00, 0.01, 0.05

-------------------- System info --------------------
Linux sakura-tokyo-prod 3.10.0-514.26.2.el7.x86_64 #1 SMP Tue Jul 4 15:04:05 UTC 2017 x86_64 x86_64 x86_64 GNU/Linux

-------------------- Storage usage --------------------
ファイルシス   サイズ  使用  残り 使用% マウント位置
/dev/vda4         96G  6.7G   89G    8% /
devtmpfs         2.0G     0  2.0G    0% /dev
tmpfs            2.0G     0  2.0G    0% /dev/shm
tmpfs            2.0G  1.2G  793M   60% /run
tmpfs            2.0G     0  2.0G    0% /sys/fs/cgroup
/dev/vda2        497M  217M  280M   44% /boot
tmpfs            396M     0  396M    0% /run/user/0
tmpfs            396M     0  396M    0% /run/user/1001

-------------------- System load --------------------
Linux 3.10.0-514.26.2.el7.x86_64 (sakura-tokyo-prod) 	2018年07月13日 	_x86_64_	(4 CPU)

00時00分02秒     CPU     %user     %nice   %system   %iowait    %steal     %idle
01時00分02秒     all      0.11      0.00      0.05      0.00      0.03     99.80
02時00分02秒     all      0.11      0.00      0.05      0.00      0.03     99.81
03時00分02秒     all      0.11      0.00      0.05      0.00      0.02     99.82
04時00分02秒     all      0.16      0.00      0.06      0.00      0.03     99.75
05時00分02秒     all      0.09      0.00      0.05      0.00      0.03     99.83
06時00分02秒     all      0.14      0.00      0.05      0.00      0.03     99.77
07時00分01秒     all      0.13      0.00      0.06      0.00      0.03     99.79
08時00分03秒     all      0.12      0.00      0.05      0.00      0.03     99.80
09時00分02秒     all      0.09      0.00      0.04      0.00      0.03     99.84
10時00分02秒     all      0.16      0.00      0.06      0.00      0.04     99.74
11時00分02秒     all      0.09      0.00      0.05      0.00      0.04     99.82
平均値:      all      0.12      0.00      0.05      0.00      0.03     99.80

-------------------- Logged in user --------------------
ka90aa9d 2018-07-13 00:08

==================== 2018-07-13 14:55:01 ====================

-------------------- uptime --------------------
 14:55:01 up 372 days,  3:44,  1 user,  load average: 0.00, 0.01, 0.05

-------------------- System info --------------------
Linux sakura-tokyo-prod 3.10.0-514.26.2.el7.x86_64 #1 SMP Tue Jul 4 15:04:05 UTC 2017 x86_64 x86_64 x86_64 GNU/Linux

-------------------- Storage usage --------------------
ファイルシス   サイズ  使用  残り 使用% マウント位置
/dev/vda4         96G  6.7G   89G    7% /
devtmpfs         2.0G     0  2.0G    0% /dev
tmpfs            2.0G     0  2.0G    0% /dev/shm
tmpfs            2.0G  1.2G  792M   60% /run
tmpfs            2.0G     0  2.0G    0% /sys/fs/cgroup
/dev/vda2        497M  217M  280M   44% /boot
tmpfs            396M     0  396M    0% /run/user/0
tmpfs            396M     0  396M    0% /run/user/1001

-------------------- System load --------------------
Linux 3.10.0-514.26.2.el7.x86_64 (sakura-tokyo-prod) 	2018年07月13日 	_x86_64_	(4 CPU)

00時00分02秒     CPU     %user     %nice   %system   %iowait    %steal     %idle
01時00分02秒     all      0.11      0.00      0.05      0.00      0.03     99.80
02時00分02秒     all      0.11      0.00      0.05      0.00      0.03     99.81
03時00分02秒     all      0.11      0.00      0.05      0.00      0.02     99.82
04時00分02秒     all      0.16      0.00      0.06      0.00      0.03     99.75
05時00分02秒     all      0.09      0.00      0.05      0.00      0.03     99.83
06時00分02秒     all      0.14      0.00      0.05      0.00      0.03     99.77
07時00分01秒     all      0.13      0.00      0.06      0.00      0.03     99.79
08時00分03秒     all      0.12      0.00      0.05      0.00      0.03     99.80
09時00分02秒     all      0.09      0.00      0.04      0.00      0.03     99.84
10時00分02秒     all      0.16      0.00      0.06      0.00      0.04     99.74
11時00分02秒     all      0.09      0.00      0.05      0.00      0.04     99.82
12時00分02秒     all      0.12      0.00      0.05      0.00      0.03     99.79
13時00分02秒     all      0.12      0.00      0.06      0.00      0.03     99.80
14時00分02秒     all      0.20      0.00      0.06      0.00      0.02     99.71
平均値:      all      0.12      0.00      0.05      0.00      0.03     99.79

-------------------- Logged in user --------------------
k20537b1 2018-07-13 00:08

==================== 2018-07-13 17:55:01 ====================

-------------------- uptime --------------------
 17:55:01 up 372 days,  6:44,  2 users,  load average: 0.00, 0.01, 0.05

-------------------- System info --------------------
Linux sakura-tokyo-prod 3.10.0-514.26.2.el7.x86_64 #1 SMP Tue Jul 4 15:04:05 UTC 2017 x86_64 x86_64 x86_64 GNU/Linux

-------------------- Storage usage --------------------
ファイルシス   サイズ  使用  残り 使用% マウント位置
/dev/vda4         96G  6.7G   89G    7% /
devtmpfs         2.0G     0  2.0G    0% /dev
tmpfs            2.0G     0  2.0G    0% /dev/shm
tmpfs            2.0G  1.2G  792M   60% /run
tmpfs            2.0G     0  2.0G    0% /sys/fs/cgroup
/dev/vda2        497M  217M  280M   44% /boot
tmpfs            396M     0  396M    0% /run/user/0
tmpfs            396M     0  396M    0% /run/user/1001

-------------------- System load --------------------
Linux 3.10.0-514.26.2.el7.x86_64 (sakura-tokyo-prod) 	2018年07月13日 	_x86_64_	(4 CPU)

00時00分02秒     CPU     %user     %nice   %system   %iowait    %steal     %idle
01時00分02秒     all      0.11      0.00      0.05      0.00      0.03     99.80
02時00分02秒     all      0.11      0.00      0.05      0.00      0.03     99.81
03時00分02秒     all      0.11      0.00      0.05      0.00      0.02     99.82
04時00分02秒     all      0.16      0.00      0.06      0.00      0.03     99.75
05時00分02秒     all      0.09      0.00      0.05      0.00      0.03     99.83
06時00分02秒     all      0.14      0.00      0.05      0.00      0.03     99.77
07時00分01秒     all      0.13      0.00      0.06      0.00      0.03     99.79
08時00分03秒     all      0.12      0.00      0.05      0.00      0.03     99.80
09時00分02秒     all      0.09      0.00      0.04      0.00      0.03     99.84
10時00分02秒     all      0.16      0.00      0.06      0.00      0.04     99.74
11時00分02秒     all      0.09      0.00      0.05      0.00      0.04     99.82
12時00分02秒     all      0.12      0.00      0.05      0.00      0.03     99.79
13時00分02秒     all      0.12      0.00      0.06      0.00      0.03     99.80
14時00分02秒     all      0.20      0.00      0.06      0.00      0.02     99.71
15時00分02秒     all      0.09      0.00      0.04      0.00      0.02     99.84
16時00分02秒     all      0.17      0.00      0.06      0.00      0.03     99.75
17時00分02秒     all      0.11      0.00      0.05      0.00      0.03     99.81
平均値:      all      0.12      0.00      0.05      0.00      0.03     99.79

-------------------- Logged in user --------------------
ka9f5e4e 2018-07-13 00:08
k02715b4 2018-07-13 14:59

==================== 2018-07-13 20:55:01 ====================

-------------------- uptime --------------------
 20:55:01 up 372 days,  9:44,  2 users,  load average: 0.01, 0.02, 0.05

-------------------- System info --------------------
Linux sakura-tokyo-prod 3.10.0-514.26.2.el7.x86_64 #1 SMP Tue Jul 4 15:04:05 UTC 2017 x86_64 x86_64 x86_64 GNU/Linux

-------------------- Storage usage --------------------
ファイルシス   サイズ  使用  残り 使用% マウント位置
/dev/vda4         96G  6.7G   89G    8% /
devtmpfs         2.0G     0  2.0G    0% /dev
tmpfs            2.0G     0  2.0G    0% /dev/shm
tmpfs            2.0G  1.2G  792M   60% /run
tmpfs            2.0G     0  2.0G    0% /sys/fs/cgroup
/dev/vda2        497M  217M  280M   44% /boot
tmpfs            396M     0  396M    0% /run/user/0
tmpfs            396M     0  396M    0% /run/user/1001

-------------------- System load --------------------
Linux 3.10.0-514.26.2.el7.x86_64 (sakura-tokyo-prod) 	2018年07月13日 	_x86_64_	(4 CPU)

00時00分02秒     CPU     %user     %nice   %system   %iowait    %steal     %idle
01時00分02秒     all      0.11      0.00      0.05      0.00      0.03     99.80
02時00分02秒     all      0.11      0.00      0.05      0.00      0.03     99.81
03時00分02秒     all      0.11      0.00      0.05      0.00      0.02     99.82
04時00分02秒     all      0.16      0.00      0.06      0.00      0.03     99.75
05時00分02秒     all      0.09      0.00      0.05      0.00      0.03     99.83
06時00分02秒     all      0.14      0.00      0.05      0.00      0.03     99.77
07時00分01秒     all      0.13      0.00      0.06      0.00      0.03     99.79
08時00分03秒     all      0.12      0.00      0.05      0.00      0.03     99.80
09時00分02秒     all      0.09      0.00      0.04      0.00      0.03     99.84
10時00分02秒     all      0.16      0.00      0.06      0.00      0.04     99.74
11時00分02秒     all      0.09      0.00      0.05      0.00      0.04     99.82
12時00分02秒     all      0.12      0.00      0.05      0.00      0.03     99.79
13時00分02秒     all      0.12      0.00      0.06      0.00      0.03     99.80
14時00分02秒     all      0.20      0.00      0.06      0.00      0.02     99.71
15時00分02秒     all      0.09      0.00      0.04      0.00      0.02     99.84
16時00分02秒     all      0.17      0.00      0.06      0.00      0.03     99.75
17時00分02秒     all      0.11      0.00      0.05      0.00      0.03     99.81
18時00分02秒     all      0.16      0.00      0.06      0.00      0.03     99.75
19時00分02秒     all      0.11      0.00      0.05      0.00      0.03     99.81
20時00分03秒     all      0.11      0.00      0.05      0.00      0.03     99.81
平均値:      all      0.12      0.00      0.05      0.00      0.03     99.79

-------------------- Logged in user --------------------
k5938b5f 2018-07-13 00:08
k0924b6c 2018-07-13 14:59

==================== 2018-07-13 23:55:01 ====================

-------------------- uptime --------------------
 23:55:01 up 372 days, 12:44,  1 user,  load average: 0.10, 0.05, 0.05

-------------------- System info --------------------
Linux sakura-tokyo-prod 3.10.0-514.26.2.el7.x86_64 #1 SMP Tue Jul 4 15:04:05 UTC 2017 x86_64 x86_64 x86_64 GNU/Linux

-------------------- Storage usage --------------------
ファイルシス   サイズ  使用  残り 使用% マウント位置
/dev/vda4         96G  6.7G   89G    8% /
devtmpfs         2.0G     0  2.0G    0% /dev
tmpfs            2.0G     0  2.0G    0% /dev/shm
tmpfs            2.0G  1.2G  792M   60% /run
tmpfs            2.0G     0  2.0G    0% /sys/fs/cgroup
/dev/vda2        497M  217M  280M   44% /boot
tmpfs            396M     0  396M    0% /run/user/0
tmpfs            396M     0  396M    0% /run/user/1001

-------------------- System load --------------------
Linux 3.10.0-514.26.2.el7.x86_64 (sakura-tokyo-prod) 	2018年07月13日 	_x86_64_	(4 CPU)

00時00分02秒     CPU     %user     %nice   %system   %iowait    %steal     %idle
01時00分02秒     all      0.11      0.00      0.05      0.00      0.03     99.80
02時00分02秒     all      0.11      0.00      0.05      0.00      0.03     99.81
03時00分02秒     all      0.11      0.00      0.05      0.00      0.02     99.82
04時00分02秒     all      0.16      0.00      0.06      0.00      0.03     99.75
05時00分02秒     all      0.09      0.00      0.05      0.00      0.03     99.83
06時00分02秒     all      0.14      0.00      0.05      0.00      0.03     99.77
07時00分01秒     all      0.13      0.00      0.06      0.00      0.03     99.79
08時00分03秒     all      0.12      0.00      0.05      0.00      0.03     99.80
09時00分02秒     all      0.09      0.00      0.04      0.00      0.03     99.84
10時00分02秒     all      0.16      0.00      0.06      0.00      0.04     99.74
11時00分02秒     all      0.09      0.00      0.05      0.00      0.04     99.82
12時00分02秒     all      0.12      0.00      0.05      0.00      0.03     99.79
13時00分02秒     all      0.12      0.00      0.06      0.00      0.03     99.80
14時00分02秒     all      0.20      0.00      0.06      0.00      0.02     99.71
15時00分02秒     all      0.09      0.00      0.04      0.00      0.02     99.84
16時00分02秒     all      0.17      0.00      0.06      0.00      0.03     99.75
17時00分02秒     all      0.11      0.00      0.05      0.00      0.03     99.81
18時00分02秒     all      0.16      0.00      0.06      0.00      0.03     99.75
19時00分02秒     all      0.11      0.00      0.05      0.00      0.03     99.81
20時00分03秒     all      0.11      0.00      0.05      0.00      0.03     99.81
21時00分02秒     all      0.09      0.00      0.04      0.00      0.03     99.84
22時00分02秒     all      0.15      0.00      0.05      0.00      0.03     99.77
23時00分02秒     all      0.41      0.00      0.11      0.01      0.04     99.44
平均値:      all      0.14      0.00      0.06      0.00      0.03     99.78

-------------------- Logged in user --------------------
ke3debef 2018-07-13 00:08

