==================== 2018-07-14 02:55:01 ====================

-------------------- uptime --------------------
 02:55:01 up 372 days, 15:44,  1 user,  load average: 0.00, 0.01, 0.05

-------------------- System info --------------------
Linux sakura-tokyo-prod 3.10.0-514.26.2.el7.x86_64 #1 SMP Tue Jul 4 15:04:05 UTC 2017 x86_64 x86_64 x86_64 GNU/Linux

-------------------- Storage usage --------------------
ファイルシス   サイズ  使用  残り 使用% マウント位置
/dev/vda4         96G  6.7G   89G    7% /
devtmpfs         2.0G     0  2.0G    0% /dev
tmpfs            2.0G     0  2.0G    0% /dev/shm
tmpfs            2.0G  1.2G  792M   60% /run
tmpfs            2.0G     0  2.0G    0% /sys/fs/cgroup
/dev/vda2        497M  217M  280M   44% /boot
tmpfs            396M     0  396M    0% /run/user/0
tmpfs            396M     0  396M    0% /run/user/1001

-------------------- System load --------------------
Linux 3.10.0-514.26.2.el7.x86_64 (sakura-tokyo-prod) 	2018年07月14日 	_x86_64_	(4 CPU)

00時00分02秒     CPU     %user     %nice   %system   %iowait    %steal     %idle
01時00分02秒     all      0.12      0.00      0.05      0.00      0.03     99.81
02時00分02秒     all      0.11      0.00      0.04      0.00      0.03     99.82
平均値:      all      0.12      0.00      0.04      0.00      0.03     99.81

-------------------- Logged in user --------------------
k06db678 2018-07-13 00:08

==================== 2018-07-14 05:55:01 ====================

-------------------- uptime --------------------
 05:55:01 up 372 days, 18:44,  1 user,  load average: 0.00, 0.01, 0.05

-------------------- System info --------------------
Linux sakura-tokyo-prod 3.10.0-514.26.2.el7.x86_64 #1 SMP Tue Jul 4 15:04:05 UTC 2017 x86_64 x86_64 x86_64 GNU/Linux

-------------------- Storage usage --------------------
ファイルシス   サイズ  使用  残り 使用% マウント位置
/dev/vda4         96G  6.7G   89G    7% /
devtmpfs         2.0G     0  2.0G    0% /dev
tmpfs            2.0G     0  2.0G    0% /dev/shm
tmpfs            2.0G  1.2G  792M   60% /run
tmpfs            2.0G     0  2.0G    0% /sys/fs/cgroup
/dev/vda2        497M  217M  280M   44% /boot
tmpfs            396M     0  396M    0% /run/user/0
tmpfs            396M     0  396M    0% /run/user/1001

-------------------- System load --------------------
Linux 3.10.0-514.26.2.el7.x86_64 (sakura-tokyo-prod) 	2018年07月14日 	_x86_64_	(4 CPU)

00時00分02秒     CPU     %user     %nice   %system   %iowait    %steal     %idle
01時00分02秒     all      0.12      0.00      0.05      0.00      0.03     99.81
02時00分02秒     all      0.11      0.00      0.04      0.00      0.03     99.82
03時00分02秒     all      0.14      0.00      0.05      0.00      0.03     99.78
04時00分01秒     all      0.11      0.00      0.05      0.00      0.04     99.80
05時00分01秒     all      0.09      0.00      0.05      0.00      0.04     99.83
平均値:      all      0.11      0.00      0.05      0.00      0.03     99.81

-------------------- Logged in user --------------------
kf7e3b02 2018-07-13 00:08

==================== 2018-07-14 08:55:01 ====================

-------------------- uptime --------------------
 08:55:01 up 372 days, 21:44,  1 user,  load average: 0.00, 0.01, 0.05

-------------------- System info --------------------
Linux sakura-tokyo-prod 3.10.0-514.26.2.el7.x86_64 #1 SMP Tue Jul 4 15:04:05 UTC 2017 x86_64 x86_64 x86_64 GNU/Linux

-------------------- Storage usage --------------------
ファイルシス   サイズ  使用  残り 使用% マウント位置
/dev/vda4         96G  6.7G   89G    7% /
devtmpfs         2.0G     0  2.0G    0% /dev
tmpfs            2.0G     0  2.0G    0% /dev/shm
tmpfs            2.0G  1.2G  792M   60% /run
tmpfs            2.0G     0  2.0G    0% /sys/fs/cgroup
/dev/vda2        497M  217M  280M   44% /boot
tmpfs            396M     0  396M    0% /run/user/0
tmpfs            396M     0  396M    0% /run/user/1001

-------------------- System load --------------------
Linux 3.10.0-514.26.2.el7.x86_64 (sakura-tokyo-prod) 	2018年07月14日 	_x86_64_	(4 CPU)

00時00分02秒     CPU     %user     %nice   %system   %iowait    %steal     %idle
01時00分02秒     all      0.12      0.00      0.05      0.00      0.03     99.81
02時00分02秒     all      0.11      0.00      0.04      0.00      0.03     99.82
03時00分02秒     all      0.14      0.00      0.05      0.00      0.03     99.78
04時00分01秒     all      0.11      0.00      0.05      0.00      0.04     99.80
05時00分01秒     all      0.09      0.00      0.05      0.00      0.04     99.83
06時00分02秒     all      0.19      0.00      0.07      0.00      0.04     99.70
07時00分02秒     all      0.10      0.00      0.05      0.00      0.03     99.81
08時00分02秒     all      0.11      0.00      0.04      0.00      0.03     99.82
平均値:      all      0.12      0.00      0.05      0.00      0.03     99.80

-------------------- Logged in user --------------------
kca32dba 2018-07-13 00:08

==================== 2018-07-14 11:55:01 ====================

-------------------- uptime --------------------
 11:55:01 up 373 days, 44 min,  1 user,  load average: 0.03, 0.03, 0.05

-------------------- System info --------------------
Linux sakura-tokyo-prod 3.10.0-514.26.2.el7.x86_64 #1 SMP Tue Jul 4 15:04:05 UTC 2017 x86_64 x86_64 x86_64 GNU/Linux

-------------------- Storage usage --------------------
ファイルシス   サイズ  使用  残り 使用% マウント位置
/dev/vda4         96G  6.7G   89G    7% /
devtmpfs         2.0G     0  2.0G    0% /dev
tmpfs            2.0G     0  2.0G    0% /dev/shm
tmpfs            2.0G  1.2G  792M   60% /run
tmpfs            2.0G     0  2.0G    0% /sys/fs/cgroup
/dev/vda2        497M  217M  280M   44% /boot
tmpfs            396M     0  396M    0% /run/user/0
tmpfs            396M     0  396M    0% /run/user/1001

-------------------- System load --------------------
Linux 3.10.0-514.26.2.el7.x86_64 (sakura-tokyo-prod) 	2018年07月14日 	_x86_64_	(4 CPU)

00時00分02秒     CPU     %user     %nice   %system   %iowait    %steal     %idle
01時00分02秒     all      0.12      0.00      0.05      0.00      0.03     99.81
02時00分02秒     all      0.11      0.00      0.04      0.00      0.03     99.82
03時00分02秒     all      0.14      0.00      0.05      0.00      0.03     99.78
04時00分01秒     all      0.11      0.00      0.05      0.00      0.04     99.80
05時00分01秒     all      0.09      0.00      0.05      0.00      0.04     99.83
06時00分02秒     all      0.19      0.00      0.07      0.00      0.04     99.70
07時00分02秒     all      0.10      0.00      0.05      0.00      0.03     99.81
08時00分02秒     all      0.11      0.00      0.04      0.00      0.03     99.82
09時00分02秒     all      0.15      0.00      0.05      0.00      0.03     99.77
10時00分01秒     all      0.10      0.00      0.05      0.00      0.03     99.82
11時00分02秒     all      0.09      0.00      0.04      0.00      0.04     99.83
平均値:      all      0.12      0.00      0.05      0.00      0.03     99.80

-------------------- Logged in user --------------------
kad463a5 2018-07-13 00:08

==================== 2018-07-14 14:55:02 ====================

-------------------- uptime --------------------
 14:55:02 up 373 days,  3:44,  1 user,  load average: 0.00, 0.01, 0.05

-------------------- System info --------------------
Linux sakura-tokyo-prod 3.10.0-514.26.2.el7.x86_64 #1 SMP Tue Jul 4 15:04:05 UTC 2017 x86_64 x86_64 x86_64 GNU/Linux

-------------------- Storage usage --------------------
ファイルシス   サイズ  使用  残り 使用% マウント位置
/dev/vda4         96G  6.7G   89G    7% /
devtmpfs         2.0G     0  2.0G    0% /dev
tmpfs            2.0G     0  2.0G    0% /dev/shm
tmpfs            2.0G  1.2G  792M   60% /run
tmpfs            2.0G     0  2.0G    0% /sys/fs/cgroup
/dev/vda2        497M  217M  280M   44% /boot
tmpfs            396M     0  396M    0% /run/user/0
tmpfs            396M     0  396M    0% /run/user/1001

-------------------- System load --------------------
Linux 3.10.0-514.26.2.el7.x86_64 (sakura-tokyo-prod) 	2018年07月14日 	_x86_64_	(4 CPU)

00時00分02秒     CPU     %user     %nice   %system   %iowait    %steal     %idle
01時00分02秒     all      0.12      0.00      0.05      0.00      0.03     99.81
02時00分02秒     all      0.11      0.00      0.04      0.00      0.03     99.82
03時00分02秒     all      0.14      0.00      0.05      0.00      0.03     99.78
04時00分01秒     all      0.11      0.00      0.05      0.00      0.04     99.80
05時00分01秒     all      0.09      0.00      0.05      0.00      0.04     99.83
06時00分02秒     all      0.19      0.00      0.07      0.00      0.04     99.70
07時00分02秒     all      0.10      0.00      0.05      0.00      0.03     99.81
08時00分02秒     all      0.11      0.00      0.04      0.00      0.03     99.82
09時00分02秒     all      0.15      0.00      0.05      0.00      0.03     99.77
10時00分01秒     all      0.10      0.00      0.05      0.00      0.03     99.82
11時00分02秒     all      0.09      0.00      0.04      0.00      0.04     99.83
12時00分02秒     all      0.13      0.00      0.05      0.00      0.03     99.79
13時00分02秒     all      0.13      0.00      0.05      0.00      0.04     99.77
14時00分02秒     all      0.11      0.00      0.05      0.00      0.03     99.81
平均値:      all      0.12      0.00      0.05      0.00      0.03     99.80

-------------------- Logged in user --------------------
kbdcc357 2018-07-13 00:08

==================== 2018-07-14 17:55:01 ====================

-------------------- uptime --------------------
 17:55:01 up 373 days,  6:44,  1 user,  load average: 0.01, 0.03, 0.05

-------------------- System info --------------------
Linux sakura-tokyo-prod 3.10.0-514.26.2.el7.x86_64 #1 SMP Tue Jul 4 15:04:05 UTC 2017 x86_64 x86_64 x86_64 GNU/Linux

-------------------- Storage usage --------------------
ファイルシス   サイズ  使用  残り 使用% マウント位置
/dev/vda4         96G  6.7G   89G    7% /
devtmpfs         2.0G     0  2.0G    0% /dev
tmpfs            2.0G     0  2.0G    0% /dev/shm
tmpfs            2.0G  1.2G  792M   60% /run
tmpfs            2.0G     0  2.0G    0% /sys/fs/cgroup
/dev/vda2        497M  217M  280M   44% /boot
tmpfs            396M     0  396M    0% /run/user/0
tmpfs            396M     0  396M    0% /run/user/1001

-------------------- System load --------------------
Linux 3.10.0-514.26.2.el7.x86_64 (sakura-tokyo-prod) 	2018年07月14日 	_x86_64_	(4 CPU)

00時00分02秒     CPU     %user     %nice   %system   %iowait    %steal     %idle
01時00分02秒     all      0.12      0.00      0.05      0.00      0.03     99.81
02時00分02秒     all      0.11      0.00      0.04      0.00      0.03     99.82
03時00分02秒     all      0.14      0.00      0.05      0.00      0.03     99.78
04時00分01秒     all      0.11      0.00      0.05      0.00      0.04     99.80
05時00分01秒     all      0.09      0.00      0.05      0.00      0.04     99.83
06時00分02秒     all      0.19      0.00      0.07      0.00      0.04     99.70
07時00分02秒     all      0.10      0.00      0.05      0.00      0.03     99.81
08時00分02秒     all      0.11      0.00      0.04      0.00      0.03     99.82
09時00分02秒     all      0.15      0.00      0.05      0.00      0.03     99.77
10時00分01秒     all      0.10      0.00      0.05      0.00      0.03     99.82
11時00分02秒     all      0.09      0.00      0.04      0.00      0.04     99.83
12時00分02秒     all      0.13      0.00      0.05      0.00      0.03     99.79
13時00分02秒     all      0.13      0.00      0.05      0.00      0.04     99.77
14時00分02秒     all      0.11      0.00      0.05      0.00      0.03     99.81
15時00分02秒     all      0.10      0.00      0.04      0.00      0.04     99.82
16時00分02秒     all      0.12      0.00      0.05      0.00      0.03     99.79
17時00分03秒     all      0.09      0.00      0.04      0.00      0.03     99.83
平均値:      all      0.12      0.00      0.05      0.00      0.03     99.80

-------------------- Logged in user --------------------
kf379dfd 2018-07-13 00:08

