==================== 2018-07-16 02:55:02 ====================

-------------------- uptime --------------------
 02:55:02 up 374 days, 15:44,  1 user,  load average: 0.05, 0.07, 0.06

-------------------- System info --------------------
Linux sakura-tokyo-prod 3.10.0-514.26.2.el7.x86_64 #1 SMP Tue Jul 4 15:04:05 UTC 2017 x86_64 x86_64 x86_64 GNU/Linux

-------------------- Storage usage --------------------
ファイルシス   サイズ  使用  残り 使用% マウント位置
/dev/vda4         96G  6.7G   89G    7% /
devtmpfs         2.0G     0  2.0G    0% /dev
tmpfs            2.0G     0  2.0G    0% /dev/shm
tmpfs            2.0G  1.2G  798M   60% /run
tmpfs            2.0G     0  2.0G    0% /sys/fs/cgroup
/dev/vda2        497M  217M  280M   44% /boot
tmpfs            396M     0  396M    0% /run/user/0
tmpfs            396M     0  396M    0% /run/user/1001

-------------------- System load --------------------
Linux 3.10.0-514.26.2.el7.x86_64 (sakura-tokyo-prod) 	2018年07月16日 	_x86_64_	(4 CPU)

00時00分02秒     CPU     %user     %nice   %system   %iowait    %steal     %idle
01時00分02秒     all      0.19      0.00      0.07      0.00      0.04     99.71
02時00分02秒     all      0.12      0.00      0.05      0.00      0.04     99.80
平均値:      all      0.15      0.00      0.06      0.00      0.04     99.75

-------------------- Logged in user --------------------
k1845d05 2018-07-16 02:52

==================== 2018-07-16 05:55:02 ====================

-------------------- uptime --------------------
 05:55:02 up 374 days, 18:44,  1 user,  load average: 0.00, 0.01, 0.05

-------------------- System info --------------------
Linux sakura-tokyo-prod 3.10.0-514.26.2.el7.x86_64 #1 SMP Tue Jul 4 15:04:05 UTC 2017 x86_64 x86_64 x86_64 GNU/Linux

-------------------- Storage usage --------------------
ファイルシス   サイズ  使用  残り 使用% マウント位置
/dev/vda4         96G  6.7G   89G    7% /
devtmpfs         2.0G     0  2.0G    0% /dev
tmpfs            2.0G     0  2.0G    0% /dev/shm
tmpfs            2.0G  1.2G  798M   60% /run
tmpfs            2.0G     0  2.0G    0% /sys/fs/cgroup
/dev/vda2        497M  217M  280M   44% /boot
tmpfs            396M     0  396M    0% /run/user/0
tmpfs            396M     0  396M    0% /run/user/1001

-------------------- System load --------------------
Linux 3.10.0-514.26.2.el7.x86_64 (sakura-tokyo-prod) 	2018年07月16日 	_x86_64_	(4 CPU)

00時00分02秒     CPU     %user     %nice   %system   %iowait    %steal     %idle
01時00分02秒     all      0.19      0.00      0.07      0.00      0.04     99.71
02時00分02秒     all      0.12      0.00      0.05      0.00      0.04     99.80
03時00分02秒     all      0.33      0.00      0.10      0.01      0.03     99.52
04時00分02秒     all      1.18      0.00      0.23      0.02      0.06     98.52
05時00分02秒     all      3.03      0.00      0.51      0.04      0.05     96.37
平均値:      all      0.97      0.00      0.19      0.01      0.04     98.78

-------------------- Logged in user --------------------
k451645e 2018-07-16 02:52

==================== 2018-07-16 08:55:01 ====================

-------------------- uptime --------------------
 08:55:01 up 374 days, 21:44,  1 user,  load average: 0.00, 0.01, 0.05

-------------------- System info --------------------
Linux sakura-tokyo-prod 3.10.0-514.26.2.el7.x86_64 #1 SMP Tue Jul 4 15:04:05 UTC 2017 x86_64 x86_64 x86_64 GNU/Linux

-------------------- Storage usage --------------------
ファイルシス   サイズ  使用  残り 使用% マウント位置
/dev/vda4         96G  6.7G   89G    7% /
devtmpfs         2.0G     0  2.0G    0% /dev
tmpfs            2.0G     0  2.0G    0% /dev/shm
tmpfs            2.0G  1.2G  798M   60% /run
tmpfs            2.0G     0  2.0G    0% /sys/fs/cgroup
/dev/vda2        497M  217M  280M   44% /boot
tmpfs            396M     0  396M    0% /run/user/0
tmpfs            396M     0  396M    0% /run/user/1001

-------------------- System load --------------------
Linux 3.10.0-514.26.2.el7.x86_64 (sakura-tokyo-prod) 	2018年07月16日 	_x86_64_	(4 CPU)

00時00分02秒     CPU     %user     %nice   %system   %iowait    %steal     %idle
01時00分02秒     all      0.19      0.00      0.07      0.00      0.04     99.71
02時00分02秒     all      0.12      0.00      0.05      0.00      0.04     99.80
03時00分02秒     all      0.33      0.00      0.10      0.01      0.03     99.52
04時00分02秒     all      1.18      0.00      0.23      0.02      0.06     98.52
05時00分02秒     all      3.03      0.00      0.51      0.04      0.05     96.37
06時00分02秒     all      0.16      0.00      0.06      0.00      0.04     99.74
07時00分02秒     all      0.16      0.00      0.06      0.00      0.03     99.74
08時00分01秒     all      0.10      0.00      0.05      0.00      0.03     99.82
平均値:      all      0.66      0.00      0.14      0.01      0.04     99.15

-------------------- Logged in user --------------------
k2605e20 2018-07-16 02:52

