==================== 2018-07-17 02:55:01 ====================

-------------------- uptime --------------------
 02:55:01 up 375 days, 15:44,  1 user,  load average: 0.19, 0.15, 0.12

-------------------- System info --------------------
Linux sakura-tokyo-prod 3.10.0-514.26.2.el7.x86_64 #1 SMP Tue Jul 4 15:04:05 UTC 2017 x86_64 x86_64 x86_64 GNU/Linux

-------------------- Storage usage --------------------
ファイルシス   サイズ  使用  残り 使用% マウント位置
/dev/vda4         96G  6.7G   89G    7% /
devtmpfs         2.0G     0  2.0G    0% /dev
tmpfs            2.0G     0  2.0G    0% /dev/shm
tmpfs            2.0G  1.2G  797M   60% /run
tmpfs            2.0G     0  2.0G    0% /sys/fs/cgroup
/dev/vda2        497M  217M  280M   44% /boot
tmpfs            396M     0  396M    0% /run/user/0
tmpfs            396M     0  396M    0% /run/user/1001

-------------------- System load --------------------
Linux 3.10.0-514.26.2.el7.x86_64 (sakura-tokyo-prod) 	2018年07月17日 	_x86_64_	(4 CPU)

00時00分02秒     CPU     %user     %nice   %system   %iowait    %steal     %idle
01時00分02秒     all      2.81      0.00      0.46      0.04      0.05     96.64
02時00分02秒     all      2.95      0.00      0.49      0.04      0.04     96.48
平均値:      all      2.88      0.00      0.48      0.04      0.04     96.56

-------------------- Logged in user --------------------
ka0e54bb 2018-07-17 01:29

==================== 2018-07-17 05:55:02 ====================

-------------------- uptime --------------------
 05:55:02 up 375 days, 18:44,  1 user,  load average: 0.00, 0.01, 0.05

-------------------- System info --------------------
Linux sakura-tokyo-prod 3.10.0-514.26.2.el7.x86_64 #1 SMP Tue Jul 4 15:04:05 UTC 2017 x86_64 x86_64 x86_64 GNU/Linux

-------------------- Storage usage --------------------
ファイルシス   サイズ  使用  残り 使用% マウント位置
/dev/vda4         96G  6.7G   89G    7% /
devtmpfs         2.0G     0  2.0G    0% /dev
tmpfs            2.0G     0  2.0G    0% /dev/shm
tmpfs            2.0G  1.2G  797M   60% /run
tmpfs            2.0G     0  2.0G    0% /sys/fs/cgroup
/dev/vda2        497M  217M  280M   44% /boot
tmpfs            396M     0  396M    0% /run/user/0
tmpfs            396M     0  396M    0% /run/user/1001

-------------------- System load --------------------
Linux 3.10.0-514.26.2.el7.x86_64 (sakura-tokyo-prod) 	2018年07月17日 	_x86_64_	(4 CPU)

00時00分02秒     CPU     %user     %nice   %system   %iowait    %steal     %idle
01時00分02秒     all      2.81      0.00      0.46      0.04      0.05     96.64
02時00分02秒     all      2.95      0.00      0.49      0.04      0.04     96.48
03時00分02秒     all      2.69      0.00      0.43      0.04      0.04     96.80
04時00分02秒     all      0.44      0.00      0.09      0.01      0.05     99.42
05時00分02秒     all      0.16      0.00      0.05      0.00      0.03     99.75
平均値:      all      1.81      0.00      0.31      0.03      0.04     97.82

-------------------- Logged in user --------------------
k82b5394 2018-07-17 01:29

==================== 2018-07-17 08:55:01 ====================

-------------------- uptime --------------------
 08:55:01 up 375 days, 21:44,  1 user,  load average: 0.05, 0.03, 0.05

-------------------- System info --------------------
Linux sakura-tokyo-prod 3.10.0-514.26.2.el7.x86_64 #1 SMP Tue Jul 4 15:04:05 UTC 2017 x86_64 x86_64 x86_64 GNU/Linux

-------------------- Storage usage --------------------
ファイルシス   サイズ  使用  残り 使用% マウント位置
/dev/vda4         96G  6.7G   89G    7% /
devtmpfs         2.0G     0  2.0G    0% /dev
tmpfs            2.0G     0  2.0G    0% /dev/shm
tmpfs            2.0G  1.2G  797M   60% /run
tmpfs            2.0G     0  2.0G    0% /sys/fs/cgroup
/dev/vda2        497M  217M  280M   44% /boot
tmpfs            396M     0  396M    0% /run/user/0
tmpfs            396M     0  396M    0% /run/user/1001

-------------------- System load --------------------
Linux 3.10.0-514.26.2.el7.x86_64 (sakura-tokyo-prod) 	2018年07月17日 	_x86_64_	(4 CPU)

00時00分02秒     CPU     %user     %nice   %system   %iowait    %steal     %idle
01時00分02秒     all      2.81      0.00      0.46      0.04      0.05     96.64
02時00分02秒     all      2.95      0.00      0.49      0.04      0.04     96.48
03時00分02秒     all      2.69      0.00      0.43      0.04      0.04     96.80
04時00分02秒     all      0.44      0.00      0.09      0.01      0.05     99.42
05時00分02秒     all      0.16      0.00      0.05      0.00      0.03     99.75
06時00分02秒     all      0.13      0.00      0.06      0.00      0.03     99.77
07時00分02秒     all      0.16      0.00      0.06      0.00      0.03     99.74
08時00分02秒     all      0.12      0.00      0.05      0.00      0.04     99.79
平均値:      all      1.18      0.00      0.21      0.02      0.04     98.55

-------------------- Logged in user --------------------
kb178f5f 2018-07-17 01:29

==================== 2018-07-17 11:55:01 ====================

-------------------- uptime --------------------
 11:55:01 up 376 days, 44 min,  1 user,  load average: 0.00, 0.01, 0.05

-------------------- System info --------------------
Linux sakura-tokyo-prod 3.10.0-514.26.2.el7.x86_64 #1 SMP Tue Jul 4 15:04:05 UTC 2017 x86_64 x86_64 x86_64 GNU/Linux

-------------------- Storage usage --------------------
ファイルシス   サイズ  使用  残り 使用% マウント位置
/dev/vda4         96G  6.7G   89G    8% /
devtmpfs         2.0G     0  2.0G    0% /dev
tmpfs            2.0G     0  2.0G    0% /dev/shm
tmpfs            2.0G  1.2G  797M   60% /run
tmpfs            2.0G     0  2.0G    0% /sys/fs/cgroup
/dev/vda2        497M  217M  280M   44% /boot
tmpfs            396M     0  396M    0% /run/user/0
tmpfs            396M     0  396M    0% /run/user/1001

-------------------- System load --------------------
Linux 3.10.0-514.26.2.el7.x86_64 (sakura-tokyo-prod) 	2018年07月17日 	_x86_64_	(4 CPU)

00時00分02秒     CPU     %user     %nice   %system   %iowait    %steal     %idle
01時00分02秒     all      2.81      0.00      0.46      0.04      0.05     96.64
02時00分02秒     all      2.95      0.00      0.49      0.04      0.04     96.48
03時00分02秒     all      2.69      0.00      0.43      0.04      0.04     96.80
04時00分02秒     all      0.44      0.00      0.09      0.01      0.05     99.42
05時00分02秒     all      0.16      0.00      0.05      0.00      0.03     99.75
06時00分02秒     all      0.13      0.00      0.06      0.00      0.03     99.77
07時00分02秒     all      0.16      0.00      0.06      0.00      0.03     99.74
08時00分02秒     all      0.12      0.00      0.05      0.00      0.04     99.79
09時00分02秒     all      0.12      0.00      0.06      0.00      0.04     99.78
10時00分02秒     all      0.13      0.00      0.06      0.00      0.04     99.77
11時00分02秒     all      0.23      0.00      0.08      0.00      0.05     99.64
平均値:      all      0.90      0.00      0.17      0.01      0.04     98.87

-------------------- Logged in user --------------------
k012475d 2018-07-17 01:29

==================== 2018-07-17 14:55:01 ====================

-------------------- uptime --------------------
 14:55:01 up 376 days,  3:44,  1 user,  load average: 0.00, 0.01, 0.05

-------------------- System info --------------------
Linux sakura-tokyo-prod 3.10.0-514.26.2.el7.x86_64 #1 SMP Tue Jul 4 15:04:05 UTC 2017 x86_64 x86_64 x86_64 GNU/Linux

-------------------- Storage usage --------------------
ファイルシス   サイズ  使用  残り 使用% マウント位置
/dev/vda4         96G  6.7G   89G    8% /
devtmpfs         2.0G     0  2.0G    0% /dev
tmpfs            2.0G     0  2.0G    0% /dev/shm
tmpfs            2.0G  1.2G  797M   60% /run
tmpfs            2.0G     0  2.0G    0% /sys/fs/cgroup
/dev/vda2        497M  217M  280M   44% /boot
tmpfs            396M     0  396M    0% /run/user/0
tmpfs            396M     0  396M    0% /run/user/1001

-------------------- System load --------------------
Linux 3.10.0-514.26.2.el7.x86_64 (sakura-tokyo-prod) 	2018年07月17日 	_x86_64_	(4 CPU)

00時00分02秒     CPU     %user     %nice   %system   %iowait    %steal     %idle
01時00分02秒     all      2.81      0.00      0.46      0.04      0.05     96.64
02時00分02秒     all      2.95      0.00      0.49      0.04      0.04     96.48
03時00分02秒     all      2.69      0.00      0.43      0.04      0.04     96.80
04時00分02秒     all      0.44      0.00      0.09      0.01      0.05     99.42
05時00分02秒     all      0.16      0.00      0.05      0.00      0.03     99.75
06時00分02秒     all      0.13      0.00      0.06      0.00      0.03     99.77
07時00分02秒     all      0.16      0.00      0.06      0.00      0.03     99.74
08時00分02秒     all      0.12      0.00      0.05      0.00      0.04     99.79
09時00分02秒     all      0.12      0.00      0.06      0.00      0.04     99.78
10時00分02秒     all      0.13      0.00      0.06      0.00      0.04     99.77
11時00分02秒     all      0.23      0.00      0.08      0.00      0.05     99.64
12時00分02秒     all      0.13      0.00      0.06      0.00      0.05     99.77
13時00分02秒     all      0.22      0.00      0.08      0.00      0.05     99.65
14時00分02秒     all      0.09      0.00      0.05      0.00      0.04     99.81
平均値:      all      0.74      0.00      0.15      0.01      0.04     99.06

-------------------- Logged in user --------------------
k79bfbd8 2018-07-17 01:29

==================== 2018-07-17 17:55:01 ====================

-------------------- uptime --------------------
 17:55:01 up 376 days,  6:44,  1 user,  load average: 0.00, 0.01, 0.05

-------------------- System info --------------------
Linux sakura-tokyo-prod 3.10.0-514.26.2.el7.x86_64 #1 SMP Tue Jul 4 15:04:05 UTC 2017 x86_64 x86_64 x86_64 GNU/Linux

-------------------- Storage usage --------------------
ファイルシス   サイズ  使用  残り 使用% マウント位置
/dev/vda4         96G  6.7G   89G    8% /
devtmpfs         2.0G     0  2.0G    0% /dev
tmpfs            2.0G     0  2.0G    0% /dev/shm
tmpfs            2.0G  1.2G  797M   60% /run
tmpfs            2.0G     0  2.0G    0% /sys/fs/cgroup
/dev/vda2        497M  217M  280M   44% /boot
tmpfs            396M     0  396M    0% /run/user/0
tmpfs            396M     0  396M    0% /run/user/1001

-------------------- System load --------------------
Linux 3.10.0-514.26.2.el7.x86_64 (sakura-tokyo-prod) 	2018年07月17日 	_x86_64_	(4 CPU)

00時00分02秒     CPU     %user     %nice   %system   %iowait    %steal     %idle
01時00分02秒     all      2.81      0.00      0.46      0.04      0.05     96.64
02時00分02秒     all      2.95      0.00      0.49      0.04      0.04     96.48
03時00分02秒     all      2.69      0.00      0.43      0.04      0.04     96.80
04時00分02秒     all      0.44      0.00      0.09      0.01      0.05     99.42
05時00分02秒     all      0.16      0.00      0.05      0.00      0.03     99.75
06時00分02秒     all      0.13      0.00      0.06      0.00      0.03     99.77
07時00分02秒     all      0.16      0.00      0.06      0.00      0.03     99.74
08時00分02秒     all      0.12      0.00      0.05      0.00      0.04     99.79
09時00分02秒     all      0.12      0.00      0.06      0.00      0.04     99.78
10時00分02秒     all      0.13      0.00      0.06      0.00      0.04     99.77
11時00分02秒     all      0.23      0.00      0.08      0.00      0.05     99.64
12時00分02秒     all      0.13      0.00      0.06      0.00      0.05     99.77
13時00分02秒     all      0.22      0.00      0.08      0.00      0.05     99.65
14時00分02秒     all      0.09      0.00      0.05      0.00      0.04     99.81
15時00分02秒     all      0.12      0.00      0.05      0.00      0.03     99.80
16時00分02秒     all      0.09      0.00      0.05      0.00      0.04     99.81
17時00分02秒     all      0.18      0.00      0.07      0.00      0.04     99.71
平均値:      all      0.63      0.00      0.13      0.01      0.04     99.19

-------------------- Logged in user --------------------
ked0e29e 2018-07-17 01:29

