==================== 2018-07-18 02:55:01 ====================

-------------------- uptime --------------------
 02:55:01 up 376 days, 15:44,  0 users,  load average: 0.00, 0.01, 0.05

-------------------- System info --------------------
Linux sakura-tokyo-prod 3.10.0-514.26.2.el7.x86_64 #1 SMP Tue Jul 4 15:04:05 UTC 2017 x86_64 x86_64 x86_64 GNU/Linux

-------------------- Storage usage --------------------
ファイルシス   サイズ  使用  残り 使用% マウント位置
/dev/vda4         96G  6.7G   89G    8% /
devtmpfs         2.0G     0  2.0G    0% /dev
tmpfs            2.0G     0  2.0G    0% /dev/shm
tmpfs            2.0G  1.2G  797M   60% /run
tmpfs            2.0G     0  2.0G    0% /sys/fs/cgroup
/dev/vda2        497M  217M  280M   44% /boot
tmpfs            396M     0  396M    0% /run/user/0
tmpfs            396M     0  396M    0% /run/user/1001

-------------------- System load --------------------
Linux 3.10.0-514.26.2.el7.x86_64 (sakura-tokyo-prod) 	2018年07月18日 	_x86_64_	(4 CPU)

00時00分02秒     CPU     %user     %nice   %system   %iowait    %steal     %idle
01時00分03秒     all      0.17      0.00      0.06      0.00      0.03     99.74
02時00分02秒     all      0.14      0.00      0.05      0.00      0.03     99.77
平均値:      all      0.15      0.00      0.06      0.00      0.03     99.75

-------------------- Logged in user --------------------


==================== 2018-07-18 05:55:01 ====================

-------------------- uptime --------------------
 05:55:01 up 376 days, 18:44,  0 users,  load average: 0.00, 0.01, 0.05

-------------------- System info --------------------
Linux sakura-tokyo-prod 3.10.0-514.26.2.el7.x86_64 #1 SMP Tue Jul 4 15:04:05 UTC 2017 x86_64 x86_64 x86_64 GNU/Linux

-------------------- Storage usage --------------------
ファイルシス   サイズ  使用  残り 使用% マウント位置
/dev/vda4         96G  6.7G   89G    8% /
devtmpfs         2.0G     0  2.0G    0% /dev
tmpfs            2.0G     0  2.0G    0% /dev/shm
tmpfs            2.0G  1.2G  796M   60% /run
tmpfs            2.0G     0  2.0G    0% /sys/fs/cgroup
/dev/vda2        497M  217M  280M   44% /boot
tmpfs            396M     0  396M    0% /run/user/0
tmpfs            396M     0  396M    0% /run/user/1001

-------------------- System load --------------------
Linux 3.10.0-514.26.2.el7.x86_64 (sakura-tokyo-prod) 	2018年07月18日 	_x86_64_	(4 CPU)

00時00分02秒     CPU     %user     %nice   %system   %iowait    %steal     %idle
01時00分03秒     all      0.17      0.00      0.06      0.00      0.03     99.74
02時00分02秒     all      0.14      0.00      0.05      0.00      0.03     99.77
03時00分02秒     all      0.12      0.00      0.05      0.00      0.02     99.81
04時00分02秒     all      0.16      0.00      0.06      0.00      0.03     99.76
05時00分02秒     all      0.28      0.00      0.08      0.00      0.03     99.61
平均値:      all      0.17      0.00      0.06      0.00      0.03     99.74

-------------------- Logged in user --------------------


==================== 2018-07-18 08:55:01 ====================

-------------------- uptime --------------------
 08:55:01 up 376 days, 21:44,  0 users,  load average: 0.03, 0.04, 0.05

-------------------- System info --------------------
Linux sakura-tokyo-prod 3.10.0-514.26.2.el7.x86_64 #1 SMP Tue Jul 4 15:04:05 UTC 2017 x86_64 x86_64 x86_64 GNU/Linux

-------------------- Storage usage --------------------
ファイルシス   サイズ  使用  残り 使用% マウント位置
/dev/vda4         96G  6.7G   89G    8% /
devtmpfs         2.0G     0  2.0G    0% /dev
tmpfs            2.0G     0  2.0G    0% /dev/shm
tmpfs            2.0G  1.2G  796M   60% /run
tmpfs            2.0G     0  2.0G    0% /sys/fs/cgroup
/dev/vda2        497M  217M  280M   44% /boot
tmpfs            396M     0  396M    0% /run/user/0
tmpfs            396M     0  396M    0% /run/user/1001

-------------------- System load --------------------
Linux 3.10.0-514.26.2.el7.x86_64 (sakura-tokyo-prod) 	2018年07月18日 	_x86_64_	(4 CPU)

00時00分02秒     CPU     %user     %nice   %system   %iowait    %steal     %idle
01時00分03秒     all      0.17      0.00      0.06      0.00      0.03     99.74
02時00分02秒     all      0.14      0.00      0.05      0.00      0.03     99.77
03時00分02秒     all      0.12      0.00      0.05      0.00      0.02     99.81
04時00分02秒     all      0.16      0.00      0.06      0.00      0.03     99.76
05時00分02秒     all      0.28      0.00      0.08      0.00      0.03     99.61
06時00分02秒     all      0.13      0.00      0.06      0.00      0.03     99.78
07時00分03秒     all      0.22      0.00      0.08      0.00      0.04     99.66
08時00分02秒     all      0.12      0.00      0.06      0.00      0.04     99.79
平均値:      all      0.17      0.00      0.06      0.00      0.03     99.74

-------------------- Logged in user --------------------


==================== 2018-07-18 11:55:02 ====================

-------------------- uptime --------------------
 11:55:02 up 377 days, 44 min,  0 users,  load average: 0.01, 0.03, 0.05

-------------------- System info --------------------
Linux sakura-tokyo-prod 3.10.0-514.26.2.el7.x86_64 #1 SMP Tue Jul 4 15:04:05 UTC 2017 x86_64 x86_64 x86_64 GNU/Linux

-------------------- Storage usage --------------------
ファイルシス   サイズ  使用  残り 使用% マウント位置
/dev/vda4         96G  6.7G   89G    8% /
devtmpfs         2.0G     0  2.0G    0% /dev
tmpfs            2.0G     0  2.0G    0% /dev/shm
tmpfs            2.0G  1.2G  796M   60% /run
tmpfs            2.0G     0  2.0G    0% /sys/fs/cgroup
/dev/vda2        497M  217M  280M   44% /boot
tmpfs            396M     0  396M    0% /run/user/0
tmpfs            396M     0  396M    0% /run/user/1001

-------------------- System load --------------------
Linux 3.10.0-514.26.2.el7.x86_64 (sakura-tokyo-prod) 	2018年07月18日 	_x86_64_	(4 CPU)

00時00分02秒     CPU     %user     %nice   %system   %iowait    %steal     %idle
01時00分03秒     all      0.17      0.00      0.06      0.00      0.03     99.74
02時00分02秒     all      0.14      0.00      0.05      0.00      0.03     99.77
03時00分02秒     all      0.12      0.00      0.05      0.00      0.02     99.81
04時00分02秒     all      0.16      0.00      0.06      0.00      0.03     99.76
05時00分02秒     all      0.28      0.00      0.08      0.00      0.03     99.61
06時00分02秒     all      0.13      0.00      0.06      0.00      0.03     99.78
07時00分03秒     all      0.22      0.00      0.08      0.00      0.04     99.66
08時00分02秒     all      0.12      0.00      0.06      0.00      0.04     99.79
09時00分02秒     all      0.15      0.00      0.06      0.00      0.04     99.75
10時00分02秒     all      0.09      0.00      0.05      0.00      0.04     99.83
11時00分02秒     all      0.15      0.00      0.07      0.00      0.04     99.74
平均値:      all      0.16      0.00      0.06      0.00      0.03     99.75

-------------------- Logged in user --------------------


==================== 2018-07-18 14:55:01 ====================

-------------------- uptime --------------------
 14:55:01 up 377 days,  3:44,  0 users,  load average: 0.00, 0.01, 0.05

-------------------- System info --------------------
Linux sakura-tokyo-prod 3.10.0-514.26.2.el7.x86_64 #1 SMP Tue Jul 4 15:04:05 UTC 2017 x86_64 x86_64 x86_64 GNU/Linux

-------------------- Storage usage --------------------
ファイルシス   サイズ  使用  残り 使用% マウント位置
/dev/vda4         96G  6.7G   89G    8% /
devtmpfs         2.0G     0  2.0G    0% /dev
tmpfs            2.0G     0  2.0G    0% /dev/shm
tmpfs            2.0G  1.2G  796M   60% /run
tmpfs            2.0G     0  2.0G    0% /sys/fs/cgroup
/dev/vda2        497M  217M  280M   44% /boot
tmpfs            396M     0  396M    0% /run/user/0
tmpfs            396M     0  396M    0% /run/user/1001

-------------------- System load --------------------
Linux 3.10.0-514.26.2.el7.x86_64 (sakura-tokyo-prod) 	2018年07月18日 	_x86_64_	(4 CPU)

00時00分02秒     CPU     %user     %nice   %system   %iowait    %steal     %idle
01時00分03秒     all      0.17      0.00      0.06      0.00      0.03     99.74
02時00分02秒     all      0.14      0.00      0.05      0.00      0.03     99.77
03時00分02秒     all      0.12      0.00      0.05      0.00      0.02     99.81
04時00分02秒     all      0.16      0.00      0.06      0.00      0.03     99.76
05時00分02秒     all      0.28      0.00      0.08      0.00      0.03     99.61
06時00分02秒     all      0.13      0.00      0.06      0.00      0.03     99.78
07時00分03秒     all      0.22      0.00      0.08      0.00      0.04     99.66
08時00分02秒     all      0.12      0.00      0.06      0.00      0.04     99.79
09時00分02秒     all      0.15      0.00      0.06      0.00      0.04     99.75
10時00分02秒     all      0.09      0.00      0.05      0.00      0.04     99.83
11時00分02秒     all      0.15      0.00      0.07      0.00      0.04     99.74
12時00分03秒     all      0.29      0.00      0.08      0.00      0.05     99.59
13時00分02秒     all      0.54      0.00      0.11      0.00      0.09     99.27
14時00分03秒     all      0.09      0.00      0.05      0.00      0.04     99.81
平均値:      all      0.19      0.00      0.06      0.00      0.04     99.71

-------------------- Logged in user --------------------


==================== 2018-07-18 17:55:01 ====================

-------------------- uptime --------------------
 17:55:01 up 377 days,  6:44,  1 user,  load average: 0.00, 0.01, 0.05

-------------------- System info --------------------
Linux sakura-tokyo-prod 3.10.0-514.26.2.el7.x86_64 #1 SMP Tue Jul 4 15:04:05 UTC 2017 x86_64 x86_64 x86_64 GNU/Linux

-------------------- Storage usage --------------------
ファイルシス   サイズ  使用  残り 使用% マウント位置
/dev/vda4         96G  6.8G   89G    8% /
devtmpfs         2.0G     0  2.0G    0% /dev
tmpfs            2.0G     0  2.0G    0% /dev/shm
tmpfs            2.0G  1.2G  796M   60% /run
tmpfs            2.0G     0  2.0G    0% /sys/fs/cgroup
/dev/vda2        497M  217M  280M   44% /boot
tmpfs            396M     0  396M    0% /run/user/0
tmpfs            396M     0  396M    0% /run/user/1001

-------------------- System load --------------------
Linux 3.10.0-514.26.2.el7.x86_64 (sakura-tokyo-prod) 	2018年07月18日 	_x86_64_	(4 CPU)

00時00分02秒     CPU     %user     %nice   %system   %iowait    %steal     %idle
01時00分03秒     all      0.17      0.00      0.06      0.00      0.03     99.74
02時00分02秒     all      0.14      0.00      0.05      0.00      0.03     99.77
03時00分02秒     all      0.12      0.00      0.05      0.00      0.02     99.81
04時00分02秒     all      0.16      0.00      0.06      0.00      0.03     99.76
05時00分02秒     all      0.28      0.00      0.08      0.00      0.03     99.61
06時00分02秒     all      0.13      0.00      0.06      0.00      0.03     99.78
07時00分03秒     all      0.22      0.00      0.08      0.00      0.04     99.66
08時00分02秒     all      0.12      0.00      0.06      0.00      0.04     99.79
09時00分02秒     all      0.15      0.00      0.06      0.00      0.04     99.75
10時00分02秒     all      0.09      0.00      0.05      0.00      0.04     99.83
11時00分02秒     all      0.15      0.00      0.07      0.00      0.04     99.74
12時00分03秒     all      0.29      0.00      0.08      0.00      0.05     99.59
13時00分02秒     all      0.54      0.00      0.11      0.00      0.09     99.27
14時00分03秒     all      0.09      0.00      0.05      0.00      0.04     99.81
15時00分02秒     all      0.17      0.00      0.06      0.00      0.04     99.73
16時00分02秒     all      0.16      0.00      0.06      0.00      0.04     99.75
17時00分02秒     all      0.33      0.00      0.11      0.01      0.05     99.50
平均値:      all      0.19      0.00      0.07      0.00      0.04     99.70

-------------------- Logged in user --------------------
k85346e2 2018-07-18 16:39

==================== 2018-07-18 20:55:01 ====================

-------------------- uptime --------------------
 20:55:01 up 377 days,  9:44,  1 user,  load average: 0.00, 0.01, 0.05

-------------------- System info --------------------
Linux sakura-tokyo-prod 3.10.0-514.26.2.el7.x86_64 #1 SMP Tue Jul 4 15:04:05 UTC 2017 x86_64 x86_64 x86_64 GNU/Linux

-------------------- Storage usage --------------------
ファイルシス   サイズ  使用  残り 使用% マウント位置
/dev/vda4         96G  6.8G   89G    8% /
devtmpfs         2.0G     0  2.0G    0% /dev
tmpfs            2.0G     0  2.0G    0% /dev/shm
tmpfs            2.0G  1.2G  796M   60% /run
tmpfs            2.0G     0  2.0G    0% /sys/fs/cgroup
/dev/vda2        497M  217M  280M   44% /boot
tmpfs            396M     0  396M    0% /run/user/0
tmpfs            396M     0  396M    0% /run/user/1001

-------------------- System load --------------------
Linux 3.10.0-514.26.2.el7.x86_64 (sakura-tokyo-prod) 	2018年07月18日 	_x86_64_	(4 CPU)

00時00分02秒     CPU     %user     %nice   %system   %iowait    %steal     %idle
01時00分03秒     all      0.17      0.00      0.06      0.00      0.03     99.74
02時00分02秒     all      0.14      0.00      0.05      0.00      0.03     99.77
03時00分02秒     all      0.12      0.00      0.05      0.00      0.02     99.81
04時00分02秒     all      0.16      0.00      0.06      0.00      0.03     99.76
05時00分02秒     all      0.28      0.00      0.08      0.00      0.03     99.61
06時00分02秒     all      0.13      0.00      0.06      0.00      0.03     99.78
07時00分03秒     all      0.22      0.00      0.08      0.00      0.04     99.66
08時00分02秒     all      0.12      0.00      0.06      0.00      0.04     99.79
09時00分02秒     all      0.15      0.00      0.06      0.00      0.04     99.75
10時00分02秒     all      0.09      0.00      0.05      0.00      0.04     99.83
11時00分02秒     all      0.15      0.00      0.07      0.00      0.04     99.74
12時00分03秒     all      0.29      0.00      0.08      0.00      0.05     99.59
13時00分02秒     all      0.54      0.00      0.11      0.00      0.09     99.27
14時00分03秒     all      0.09      0.00      0.05      0.00      0.04     99.81
15時00分02秒     all      0.17      0.00      0.06      0.00      0.04     99.73
16時00分02秒     all      0.16      0.00      0.06      0.00      0.04     99.75
17時00分02秒     all      0.33      0.00      0.11      0.01      0.05     99.50
18時00分02秒     all      0.09      0.00      0.04      0.00      0.04     99.83
19時00分02秒     all      0.18      0.00      0.07      0.00      0.04     99.71
20時00分02秒     all      0.19      0.00      0.06      0.00      0.04     99.72
平均値:      all      0.19      0.00      0.06      0.00      0.04     99.71

-------------------- Logged in user --------------------
ka151919 2018-07-18 16:39

