==================== 2018-07-19 02:55:01 ====================

-------------------- uptime --------------------
 02:55:01 up 377 days, 15:44,  1 user,  load average: 0.00, 0.01, 0.05

-------------------- System info --------------------
Linux sakura-tokyo-prod 3.10.0-514.26.2.el7.x86_64 #1 SMP Tue Jul 4 15:04:05 UTC 2017 x86_64 x86_64 x86_64 GNU/Linux

-------------------- Storage usage --------------------
ファイルシス   サイズ  使用  残り 使用% マウント位置
/dev/vda4         96G  6.8G   89G    8% /
devtmpfs         2.0G     0  2.0G    0% /dev
tmpfs            2.0G     0  2.0G    0% /dev/shm
tmpfs            2.0G  1.2G  796M   60% /run
tmpfs            2.0G     0  2.0G    0% /sys/fs/cgroup
/dev/vda2        497M  217M  280M   44% /boot
tmpfs            396M     0  396M    0% /run/user/0
tmpfs            396M     0  396M    0% /run/user/1001

-------------------- System load --------------------
Linux 3.10.0-514.26.2.el7.x86_64 (sakura-tokyo-prod) 	2018年07月19日 	_x86_64_	(4 CPU)

00時00分02秒     CPU     %user     %nice   %system   %iowait    %steal     %idle
01時00分01秒     all      0.26      0.00      0.09      0.00      0.03     99.61
02時00分02秒     all      0.10      0.00      0.05      0.00      0.02     99.82
平均値:      all      0.18      0.00      0.07      0.00      0.03     99.72

-------------------- Logged in user --------------------
kc7da09a 2018-07-18 16:39

==================== 2018-07-19 05:55:01 ====================

-------------------- uptime --------------------
 05:55:01 up 377 days, 18:44,  1 user,  load average: 0.00, 0.01, 0.05

-------------------- System info --------------------
Linux sakura-tokyo-prod 3.10.0-514.26.2.el7.x86_64 #1 SMP Tue Jul 4 15:04:05 UTC 2017 x86_64 x86_64 x86_64 GNU/Linux

-------------------- Storage usage --------------------
ファイルシス   サイズ  使用  残り 使用% マウント位置
/dev/vda4         96G  6.8G   89G    8% /
devtmpfs         2.0G     0  2.0G    0% /dev
tmpfs            2.0G     0  2.0G    0% /dev/shm
tmpfs            2.0G  1.2G  795M   60% /run
tmpfs            2.0G     0  2.0G    0% /sys/fs/cgroup
/dev/vda2        497M  217M  280M   44% /boot
tmpfs            396M     0  396M    0% /run/user/0
tmpfs            396M     0  396M    0% /run/user/1001

-------------------- System load --------------------
Linux 3.10.0-514.26.2.el7.x86_64 (sakura-tokyo-prod) 	2018年07月19日 	_x86_64_	(4 CPU)

00時00分02秒     CPU     %user     %nice   %system   %iowait    %steal     %idle
01時00分01秒     all      0.26      0.00      0.09      0.00      0.03     99.61
02時00分02秒     all      0.10      0.00      0.05      0.00      0.02     99.82
03時00分03秒     all      0.20      0.00      0.07      0.00      0.04     99.69
04時00分02秒     all      0.22      0.00      0.07      0.00      0.03     99.66
05時00分02秒     all      0.12      0.00      0.06      0.00      0.02     99.80
平均値:      all      0.18      0.00      0.07      0.00      0.03     99.72

-------------------- Logged in user --------------------
kc522331 2018-07-18 16:39

==================== 2018-07-19 08:55:01 ====================

-------------------- uptime --------------------
 08:55:01 up 377 days, 21:44,  1 user,  load average: 0.00, 0.01, 0.05

-------------------- System info --------------------
Linux sakura-tokyo-prod 3.10.0-514.26.2.el7.x86_64 #1 SMP Tue Jul 4 15:04:05 UTC 2017 x86_64 x86_64 x86_64 GNU/Linux

-------------------- Storage usage --------------------
ファイルシス   サイズ  使用  残り 使用% マウント位置
/dev/vda4         96G  6.8G   89G    8% /
devtmpfs         2.0G     0  2.0G    0% /dev
tmpfs            2.0G     0  2.0G    0% /dev/shm
tmpfs            2.0G  1.2G  795M   60% /run
tmpfs            2.0G     0  2.0G    0% /sys/fs/cgroup
/dev/vda2        497M  217M  280M   44% /boot
tmpfs            396M     0  396M    0% /run/user/0
tmpfs            396M     0  396M    0% /run/user/1001

-------------------- System load --------------------
Linux 3.10.0-514.26.2.el7.x86_64 (sakura-tokyo-prod) 	2018年07月19日 	_x86_64_	(4 CPU)

00時00分02秒     CPU     %user     %nice   %system   %iowait    %steal     %idle
01時00分01秒     all      0.26      0.00      0.09      0.00      0.03     99.61
02時00分02秒     all      0.10      0.00      0.05      0.00      0.02     99.82
03時00分03秒     all      0.20      0.00      0.07      0.00      0.04     99.69
04時00分02秒     all      0.22      0.00      0.07      0.00      0.03     99.66
05時00分02秒     all      0.12      0.00      0.06      0.00      0.02     99.80
06時00分02秒     all      0.12      0.00      0.05      0.00      0.03     99.80
07時00分02秒     all      0.19      0.00      0.07      0.00      0.03     99.70
08時00分02秒     all      0.11      0.00      0.06      0.00      0.03     99.81
平均値:      all      0.17      0.00      0.07      0.00      0.03     99.74

-------------------- Logged in user --------------------
kfaa6dda 2018-07-18 16:39

==================== 2018-07-19 11:55:01 ====================

-------------------- uptime --------------------
 11:55:01 up 378 days, 44 min,  1 user,  load average: 0.00, 0.02, 0.05

-------------------- System info --------------------
Linux sakura-tokyo-prod 3.10.0-514.26.2.el7.x86_64 #1 SMP Tue Jul 4 15:04:05 UTC 2017 x86_64 x86_64 x86_64 GNU/Linux

-------------------- Storage usage --------------------
ファイルシス   サイズ  使用  残り 使用% マウント位置
/dev/vda4         96G  6.8G   89G    8% /
devtmpfs         2.0G     0  2.0G    0% /dev
tmpfs            2.0G     0  2.0G    0% /dev/shm
tmpfs            2.0G  1.2G  795M   60% /run
tmpfs            2.0G     0  2.0G    0% /sys/fs/cgroup
/dev/vda2        497M  217M  280M   44% /boot
tmpfs            396M     0  396M    0% /run/user/0
tmpfs            396M     0  396M    0% /run/user/1001

-------------------- System load --------------------
Linux 3.10.0-514.26.2.el7.x86_64 (sakura-tokyo-prod) 	2018年07月19日 	_x86_64_	(4 CPU)

00時00分02秒     CPU     %user     %nice   %system   %iowait    %steal     %idle
01時00分01秒     all      0.26      0.00      0.09      0.00      0.03     99.61
02時00分02秒     all      0.10      0.00      0.05      0.00      0.02     99.82
03時00分03秒     all      0.20      0.00      0.07      0.00      0.04     99.69
04時00分02秒     all      0.22      0.00      0.07      0.00      0.03     99.66
05時00分02秒     all      0.12      0.00      0.06      0.00      0.02     99.80
06時00分02秒     all      0.12      0.00      0.05      0.00      0.03     99.80
07時00分02秒     all      0.19      0.00      0.07      0.00      0.03     99.70
08時00分02秒     all      0.11      0.00      0.06      0.00      0.03     99.81
09時00分03秒     all      0.19      0.00      0.07      0.00      0.03     99.70
10時00分02秒     all      0.10      0.00      0.05      0.00      0.03     99.83
11時00分02秒     all      0.14      0.00      0.05      0.00      0.03     99.78
平均値:      all      0.16      0.00      0.06      0.00      0.03     99.75

-------------------- Logged in user --------------------
ke89a626 2018-07-18 16:39

==================== 2018-07-19 14:55:01 ====================

-------------------- uptime --------------------
 14:55:01 up 378 days,  3:44,  1 user,  load average: 0.00, 0.01, 0.05

-------------------- System info --------------------
Linux sakura-tokyo-prod 3.10.0-514.26.2.el7.x86_64 #1 SMP Tue Jul 4 15:04:05 UTC 2017 x86_64 x86_64 x86_64 GNU/Linux

-------------------- Storage usage --------------------
ファイルシス   サイズ  使用  残り 使用% マウント位置
/dev/vda4         96G  6.8G   89G    8% /
devtmpfs         2.0G     0  2.0G    0% /dev
tmpfs            2.0G     0  2.0G    0% /dev/shm
tmpfs            2.0G  1.2G  795M   60% /run
tmpfs            2.0G     0  2.0G    0% /sys/fs/cgroup
/dev/vda2        497M  217M  280M   44% /boot
tmpfs            396M     0  396M    0% /run/user/0
tmpfs            396M     0  396M    0% /run/user/1001

-------------------- System load --------------------
Linux 3.10.0-514.26.2.el7.x86_64 (sakura-tokyo-prod) 	2018年07月19日 	_x86_64_	(4 CPU)

00時00分02秒     CPU     %user     %nice   %system   %iowait    %steal     %idle
01時00分01秒     all      0.26      0.00      0.09      0.00      0.03     99.61
02時00分02秒     all      0.10      0.00      0.05      0.00      0.02     99.82
03時00分03秒     all      0.20      0.00      0.07      0.00      0.04     99.69
04時00分02秒     all      0.22      0.00      0.07      0.00      0.03     99.66
05時00分02秒     all      0.12      0.00      0.06      0.00      0.02     99.80
06時00分02秒     all      0.12      0.00      0.05      0.00      0.03     99.80
07時00分02秒     all      0.19      0.00      0.07      0.00      0.03     99.70
08時00分02秒     all      0.11      0.00      0.06      0.00      0.03     99.81
09時00分03秒     all      0.19      0.00      0.07      0.00      0.03     99.70
10時00分02秒     all      0.10      0.00      0.05      0.00      0.03     99.83
11時00分02秒     all      0.14      0.00      0.05      0.00      0.03     99.78
12時00分02秒     all      0.14      0.00      0.06      0.00      0.03     99.77
13時00分02秒     all      0.12      0.00      0.06      0.00      0.03     99.79
14時00分02秒     all      0.18      0.00      0.08      0.00      0.03     99.71
平均値:      all      0.16      0.00      0.06      0.00      0.03     99.75

-------------------- Logged in user --------------------
k6cbe0ab 2018-07-18 16:39

==================== 2018-07-19 17:55:01 ====================

-------------------- uptime --------------------
 17:55:01 up 378 days,  6:44,  1 user,  load average: 0.00, 0.01, 0.05

-------------------- System info --------------------
Linux sakura-tokyo-prod 3.10.0-514.26.2.el7.x86_64 #1 SMP Tue Jul 4 15:04:05 UTC 2017 x86_64 x86_64 x86_64 GNU/Linux

-------------------- Storage usage --------------------
ファイルシス   サイズ  使用  残り 使用% マウント位置
/dev/vda4         96G  6.8G   89G    8% /
devtmpfs         2.0G     0  2.0G    0% /dev
tmpfs            2.0G     0  2.0G    0% /dev/shm
tmpfs            2.0G  1.2G  795M   60% /run
tmpfs            2.0G     0  2.0G    0% /sys/fs/cgroup
/dev/vda2        497M  217M  280M   44% /boot
tmpfs            396M     0  396M    0% /run/user/0
tmpfs            396M     0  396M    0% /run/user/1001

-------------------- System load --------------------
Linux 3.10.0-514.26.2.el7.x86_64 (sakura-tokyo-prod) 	2018年07月19日 	_x86_64_	(4 CPU)

00時00分02秒     CPU     %user     %nice   %system   %iowait    %steal     %idle
01時00分01秒     all      0.26      0.00      0.09      0.00      0.03     99.61
02時00分02秒     all      0.10      0.00      0.05      0.00      0.02     99.82
03時00分03秒     all      0.20      0.00      0.07      0.00      0.04     99.69
04時00分02秒     all      0.22      0.00      0.07      0.00      0.03     99.66
05時00分02秒     all      0.12      0.00      0.06      0.00      0.02     99.80
06時00分02秒     all      0.12      0.00      0.05      0.00      0.03     99.80
07時00分02秒     all      0.19      0.00      0.07      0.00      0.03     99.70
08時00分02秒     all      0.11      0.00      0.06      0.00      0.03     99.81
09時00分03秒     all      0.19      0.00      0.07      0.00      0.03     99.70
10時00分02秒     all      0.10      0.00      0.05      0.00      0.03     99.83
11時00分02秒     all      0.14      0.00      0.05      0.00      0.03     99.78
12時00分02秒     all      0.14      0.00      0.06      0.00      0.03     99.77
13時00分02秒     all      0.12      0.00      0.06      0.00      0.03     99.79
14時00分02秒     all      0.18      0.00      0.08      0.00      0.03     99.71
15時00分02秒     all      0.14      0.00      0.06      0.00      0.03     99.78
16時00分02秒     all      0.11      0.00      0.05      0.00      0.03     99.81
17時00分02秒     all      0.17      0.00      0.06      0.00      0.03     99.74
平均値:      all      0.15      0.00      0.06      0.00      0.03     99.75

-------------------- Logged in user --------------------
ke4ad596 2018-07-18 16:39

