==================== 2018-07-21 02:55:01 ====================

-------------------- uptime --------------------
 02:55:01 up 379 days, 15:44,  1 user,  load average: 0.00, 0.01, 0.05

-------------------- System info --------------------
Linux sakura-tokyo-prod 3.10.0-514.26.2.el7.x86_64 #1 SMP Tue Jul 4 15:04:05 UTC 2017 x86_64 x86_64 x86_64 GNU/Linux

-------------------- Storage usage --------------------
ファイルシス   サイズ  使用  残り 使用% マウント位置
/dev/vda4         96G  6.8G   89G    8% /
devtmpfs         2.0G     0  2.0G    0% /dev
tmpfs            2.0G     0  2.0G    0% /dev/shm
tmpfs            2.0G  1.2G  786M   61% /run
tmpfs            2.0G     0  2.0G    0% /sys/fs/cgroup
/dev/vda2        497M  217M  280M   44% /boot
tmpfs            396M     0  396M    0% /run/user/0
tmpfs            396M     0  396M    0% /run/user/1001

-------------------- System load --------------------
Linux 3.10.0-514.26.2.el7.x86_64 (sakura-tokyo-prod) 	2018年07月21日 	_x86_64_	(4 CPU)

00時00分02秒     CPU     %user     %nice   %system   %iowait    %steal     %idle
01時00分02秒     all      0.13      0.00      0.05      0.00      0.02     99.80
02時00分02秒     all      0.13      0.00      0.05      0.00      0.02     99.80
平均値:      all      0.13      0.00      0.05      0.00      0.02     99.80

-------------------- Logged in user --------------------
k82a3373 2018-07-20 12:40

==================== 2018-07-21 05:55:01 ====================

-------------------- uptime --------------------
 05:55:01 up 379 days, 18:44,  1 user,  load average: 0.00, 0.03, 0.05

-------------------- System info --------------------
Linux sakura-tokyo-prod 3.10.0-514.26.2.el7.x86_64 #1 SMP Tue Jul 4 15:04:05 UTC 2017 x86_64 x86_64 x86_64 GNU/Linux

-------------------- Storage usage --------------------
ファイルシス   サイズ  使用  残り 使用% マウント位置
/dev/vda4         96G  6.8G   89G    8% /
devtmpfs         2.0G     0  2.0G    0% /dev
tmpfs            2.0G     0  2.0G    0% /dev/shm
tmpfs            2.0G  1.2G  786M   61% /run
tmpfs            2.0G     0  2.0G    0% /sys/fs/cgroup
/dev/vda2        497M  217M  280M   44% /boot
tmpfs            396M     0  396M    0% /run/user/0
tmpfs            396M     0  396M    0% /run/user/1001

-------------------- System load --------------------
Linux 3.10.0-514.26.2.el7.x86_64 (sakura-tokyo-prod) 	2018年07月21日 	_x86_64_	(4 CPU)

00時00分02秒     CPU     %user     %nice   %system   %iowait    %steal     %idle
01時00分02秒     all      0.13      0.00      0.05      0.00      0.02     99.80
02時00分02秒     all      0.13      0.00      0.05      0.00      0.02     99.80
03時00分02秒     all      0.16      0.00      0.06      0.00      0.02     99.76
04時00分02秒     all      0.15      0.00      0.05      0.00      0.03     99.77
05時00分01秒     all      0.15      0.00      0.06      0.00      0.02     99.77
平均値:      all      0.14      0.00      0.05      0.00      0.02     99.78

-------------------- Logged in user --------------------
k2e8d084 2018-07-20 12:40

