==================== 2018-07-22 02:55:01 ====================

-------------------- uptime --------------------
 02:55:01 up 380 days, 15:44,  1 user,  load average: 0.01, 0.02, 0.05

-------------------- System info --------------------
Linux sakura-tokyo-prod 3.10.0-514.26.2.el7.x86_64 #1 SMP Tue Jul 4 15:04:05 UTC 2017 x86_64 x86_64 x86_64 GNU/Linux

-------------------- Storage usage --------------------
ファイルシス   サイズ  使用  残り 使用% マウント位置
/dev/vda4         96G  6.8G   89G    8% /
devtmpfs         2.0G     0  2.0G    0% /dev
tmpfs            2.0G     0  2.0G    0% /dev/shm
tmpfs            2.0G  1.2G  785M   61% /run
tmpfs            2.0G     0  2.0G    0% /sys/fs/cgroup
/dev/vda2        497M  217M  280M   44% /boot
tmpfs            396M     0  396M    0% /run/user/0
tmpfs            396M     0  396M    0% /run/user/1001

-------------------- System load --------------------
Linux 3.10.0-514.26.2.el7.x86_64 (sakura-tokyo-prod) 	2018年07月22日 	_x86_64_	(4 CPU)

00時00分02秒     CPU     %user     %nice   %system   %iowait    %steal     %idle
01時00分03秒     all      0.18      0.00      0.07      0.00      0.03     99.72
02時00分02秒     all      0.13      0.00      0.05      0.00      0.04     99.78
平均値:      all      0.16      0.00      0.06      0.00      0.03     99.75

-------------------- Logged in user --------------------
k8e8f322 2018-07-20 12:40

==================== 2018-07-22 05:55:01 ====================

-------------------- uptime --------------------
 05:55:01 up 380 days, 18:44,  1 user,  load average: 0.00, 0.01, 0.05

-------------------- System info --------------------
Linux sakura-tokyo-prod 3.10.0-514.26.2.el7.x86_64 #1 SMP Tue Jul 4 15:04:05 UTC 2017 x86_64 x86_64 x86_64 GNU/Linux

-------------------- Storage usage --------------------
ファイルシス   サイズ  使用  残り 使用% マウント位置
/dev/vda4         96G  6.8G   89G    8% /
devtmpfs         2.0G     0  2.0G    0% /dev
tmpfs            2.0G     0  2.0G    0% /dev/shm
tmpfs            2.0G  1.2G  785M   61% /run
tmpfs            2.0G     0  2.0G    0% /sys/fs/cgroup
/dev/vda2        497M  217M  280M   44% /boot
tmpfs            396M     0  396M    0% /run/user/0
tmpfs            396M     0  396M    0% /run/user/1001

-------------------- System load --------------------
Linux 3.10.0-514.26.2.el7.x86_64 (sakura-tokyo-prod) 	2018年07月22日 	_x86_64_	(4 CPU)

00時00分02秒     CPU     %user     %nice   %system   %iowait    %steal     %idle
01時00分03秒     all      0.18      0.00      0.07      0.00      0.03     99.72
02時00分02秒     all      0.13      0.00      0.05      0.00      0.04     99.78
03時00分01秒     all      0.09      0.00      0.04      0.00      0.04     99.83
04時00分02秒     all      0.29      0.00      0.08      0.00      0.03     99.60
05時00分02秒     all      0.09      0.00      0.04      0.00      0.02     99.84
平均値:      all      0.16      0.00      0.06      0.00      0.03     99.76

-------------------- Logged in user --------------------
k4219fc3 2018-07-20 12:40

==================== 2018-07-22 08:55:01 ====================

-------------------- uptime --------------------
 08:55:01 up 380 days, 21:44,  1 user,  load average: 0.00, 0.01, 0.05

-------------------- System info --------------------
Linux sakura-tokyo-prod 3.10.0-514.26.2.el7.x86_64 #1 SMP Tue Jul 4 15:04:05 UTC 2017 x86_64 x86_64 x86_64 GNU/Linux

-------------------- Storage usage --------------------
ファイルシス   サイズ  使用  残り 使用% マウント位置
/dev/vda4         96G  6.8G   89G    8% /
devtmpfs         2.0G     0  2.0G    0% /dev
tmpfs            2.0G     0  2.0G    0% /dev/shm
tmpfs            2.0G  1.2G  785M   61% /run
tmpfs            2.0G     0  2.0G    0% /sys/fs/cgroup
/dev/vda2        497M  217M  280M   44% /boot
tmpfs            396M     0  396M    0% /run/user/0
tmpfs            396M     0  396M    0% /run/user/1001

-------------------- System load --------------------
Linux 3.10.0-514.26.2.el7.x86_64 (sakura-tokyo-prod) 	2018年07月22日 	_x86_64_	(4 CPU)

00時00分02秒     CPU     %user     %nice   %system   %iowait    %steal     %idle
01時00分03秒     all      0.18      0.00      0.07      0.00      0.03     99.72
02時00分02秒     all      0.13      0.00      0.05      0.00      0.04     99.78
03時00分01秒     all      0.09      0.00      0.04      0.00      0.04     99.83
04時00分02秒     all      0.29      0.00      0.08      0.00      0.03     99.60
05時00分02秒     all      0.09      0.00      0.04      0.00      0.02     99.84
06時00分03秒     all      0.17      0.00      0.06      0.00      0.02     99.75
07時00分01秒     all      0.15      0.00      0.05      0.00      0.02     99.77
08時00分02秒     all      0.26      0.00      0.07      0.00      0.03     99.64
平均値:      all      0.17      0.00      0.06      0.00      0.03     99.74

-------------------- Logged in user --------------------
kd81a5a2 2018-07-20 12:40

==================== 2018-07-22 11:55:02 ====================

-------------------- uptime --------------------
 11:55:02 up 381 days, 44 min,  1 user,  load average: 0.00, 0.01, 0.05

-------------------- System info --------------------
Linux sakura-tokyo-prod 3.10.0-514.26.2.el7.x86_64 #1 SMP Tue Jul 4 15:04:05 UTC 2017 x86_64 x86_64 x86_64 GNU/Linux

-------------------- Storage usage --------------------
ファイルシス   サイズ  使用  残り 使用% マウント位置
/dev/vda4         96G  6.8G   89G    8% /
devtmpfs         2.0G     0  2.0G    0% /dev
tmpfs            2.0G     0  2.0G    0% /dev/shm
tmpfs            2.0G  1.2G  785M   61% /run
tmpfs            2.0G     0  2.0G    0% /sys/fs/cgroup
/dev/vda2        497M  217M  280M   44% /boot
tmpfs            396M     0  396M    0% /run/user/0
tmpfs            396M     0  396M    0% /run/user/1001

-------------------- System load --------------------
Linux 3.10.0-514.26.2.el7.x86_64 (sakura-tokyo-prod) 	2018年07月22日 	_x86_64_	(4 CPU)

00時00分02秒     CPU     %user     %nice   %system   %iowait    %steal     %idle
01時00分03秒     all      0.18      0.00      0.07      0.00      0.03     99.72
02時00分02秒     all      0.13      0.00      0.05      0.00      0.04     99.78
03時00分01秒     all      0.09      0.00      0.04      0.00      0.04     99.83
04時00分02秒     all      0.29      0.00      0.08      0.00      0.03     99.60
05時00分02秒     all      0.09      0.00      0.04      0.00      0.02     99.84
06時00分03秒     all      0.17      0.00      0.06      0.00      0.02     99.75
07時00分01秒     all      0.15      0.00      0.05      0.00      0.02     99.77
08時00分02秒     all      0.26      0.00      0.07      0.00      0.03     99.64
09時00分02秒     all      0.16      0.00      0.05      0.00      0.03     99.76
10時00分02秒     all      0.17      0.00      0.06      0.00      0.03     99.74
11時00分02秒     all      0.16      0.00      0.06      0.00      0.02     99.76
平均値:      all      0.17      0.00      0.06      0.00      0.03     99.74

-------------------- Logged in user --------------------
k1ea23a4 2018-07-20 12:40

==================== 2018-07-22 14:55:01 ====================

-------------------- uptime --------------------
 14:55:01 up 381 days,  3:44,  1 user,  load average: 0.08, 0.03, 0.05

-------------------- System info --------------------
Linux sakura-tokyo-prod 3.10.0-514.26.2.el7.x86_64 #1 SMP Tue Jul 4 15:04:05 UTC 2017 x86_64 x86_64 x86_64 GNU/Linux

-------------------- Storage usage --------------------
ファイルシス   サイズ  使用  残り 使用% マウント位置
/dev/vda4         96G  6.8G   89G    8% /
devtmpfs         2.0G     0  2.0G    0% /dev
tmpfs            2.0G     0  2.0G    0% /dev/shm
tmpfs            2.0G  1.2G  785M   61% /run
tmpfs            2.0G     0  2.0G    0% /sys/fs/cgroup
/dev/vda2        497M  217M  280M   44% /boot
tmpfs            396M     0  396M    0% /run/user/0
tmpfs            396M     0  396M    0% /run/user/1001

-------------------- System load --------------------
Linux 3.10.0-514.26.2.el7.x86_64 (sakura-tokyo-prod) 	2018年07月22日 	_x86_64_	(4 CPU)

00時00分02秒     CPU     %user     %nice   %system   %iowait    %steal     %idle
01時00分03秒     all      0.18      0.00      0.07      0.00      0.03     99.72
02時00分02秒     all      0.13      0.00      0.05      0.00      0.04     99.78
03時00分01秒     all      0.09      0.00      0.04      0.00      0.04     99.83
04時00分02秒     all      0.29      0.00      0.08      0.00      0.03     99.60
05時00分02秒     all      0.09      0.00      0.04      0.00      0.02     99.84
06時00分03秒     all      0.17      0.00      0.06      0.00      0.02     99.75
07時00分01秒     all      0.15      0.00      0.05      0.00      0.02     99.77
08時00分02秒     all      0.26      0.00      0.07      0.00      0.03     99.64
09時00分02秒     all      0.16      0.00      0.05      0.00      0.03     99.76
10時00分02秒     all      0.17      0.00      0.06      0.00      0.03     99.74
11時00分02秒     all      0.16      0.00      0.06      0.00      0.02     99.76
12時00分02秒     all      0.12      0.00      0.05      0.00      0.02     99.80
13時00分01秒     all      0.16      0.00      0.06      0.00      0.02     99.75
14時00分02秒     all      0.09      0.00      0.04      0.00      0.02     99.84
平均値:      all      0.16      0.00      0.06      0.00      0.03     99.76

-------------------- Logged in user --------------------
k33a2b9a 2018-07-20 12:40

==================== 2018-07-22 17:55:01 ====================

-------------------- uptime --------------------
 17:55:01 up 381 days,  6:44,  1 user,  load average: 0.00, 0.01, 0.05

-------------------- System info --------------------
Linux sakura-tokyo-prod 3.10.0-514.26.2.el7.x86_64 #1 SMP Tue Jul 4 15:04:05 UTC 2017 x86_64 x86_64 x86_64 GNU/Linux

-------------------- Storage usage --------------------
ファイルシス   サイズ  使用  残り 使用% マウント位置
/dev/vda4         96G  6.8G   89G    8% /
devtmpfs         2.0G     0  2.0G    0% /dev
tmpfs            2.0G     0  2.0G    0% /dev/shm
tmpfs            2.0G  1.2G  784M   61% /run
tmpfs            2.0G     0  2.0G    0% /sys/fs/cgroup
/dev/vda2        497M  217M  280M   44% /boot
tmpfs            396M     0  396M    0% /run/user/0
tmpfs            396M     0  396M    0% /run/user/1001

-------------------- System load --------------------
Linux 3.10.0-514.26.2.el7.x86_64 (sakura-tokyo-prod) 	2018年07月22日 	_x86_64_	(4 CPU)

00時00分02秒     CPU     %user     %nice   %system   %iowait    %steal     %idle
01時00分03秒     all      0.18      0.00      0.07      0.00      0.03     99.72
02時00分02秒     all      0.13      0.00      0.05      0.00      0.04     99.78
03時00分01秒     all      0.09      0.00      0.04      0.00      0.04     99.83
04時00分02秒     all      0.29      0.00      0.08      0.00      0.03     99.60
05時00分02秒     all      0.09      0.00      0.04      0.00      0.02     99.84
06時00分03秒     all      0.17      0.00      0.06      0.00      0.02     99.75
07時00分01秒     all      0.15      0.00      0.05      0.00      0.02     99.77
08時00分02秒     all      0.26      0.00      0.07      0.00      0.03     99.64
09時00分02秒     all      0.16      0.00      0.05      0.00      0.03     99.76
10時00分02秒     all      0.17      0.00      0.06      0.00      0.03     99.74
11時00分02秒     all      0.16      0.00      0.06      0.00      0.02     99.76
12時00分02秒     all      0.12      0.00      0.05      0.00      0.02     99.80
13時00分01秒     all      0.16      0.00      0.06      0.00      0.02     99.75
14時00分02秒     all      0.09      0.00      0.04      0.00      0.02     99.84
15時00分02秒     all      0.12      0.00      0.06      0.00      0.03     99.79
16時00分02秒     all      0.15      0.00      0.06      0.00      0.03     99.76
17時00分02秒     all      0.24      0.00      0.07      0.00      0.03     99.66
平均値:      all      0.16      0.00      0.06      0.00      0.03     99.75

-------------------- Logged in user --------------------
kddc4f7c 2018-07-20 12:40

