==================== 2018-07-24 02:55:01 ====================

-------------------- uptime --------------------
 02:55:01 up 382 days, 15:44,  1 user,  load average: 0.00, 0.01, 0.05

-------------------- System info --------------------
Linux sakura-tokyo-prod 3.10.0-514.26.2.el7.x86_64 #1 SMP Tue Jul 4 15:04:05 UTC 2017 x86_64 x86_64 x86_64 GNU/Linux

-------------------- Storage usage --------------------
ファイルシス   サイズ  使用  残り 使用% マウント位置
/dev/vda4         96G  6.8G   89G    8% /
devtmpfs         2.0G     0  2.0G    0% /dev
tmpfs            2.0G     0  2.0G    0% /dev/shm
tmpfs            2.0G  1.2G  791M   60% /run
tmpfs            2.0G     0  2.0G    0% /sys/fs/cgroup
/dev/vda2        497M  217M  280M   44% /boot
tmpfs            396M     0  396M    0% /run/user/0
tmpfs            396M     0  396M    0% /run/user/1001

-------------------- System load --------------------
Linux 3.10.0-514.26.2.el7.x86_64 (sakura-tokyo-prod) 	2018年07月24日 	_x86_64_	(4 CPU)

00時00分02秒     CPU     %user     %nice   %system   %iowait    %steal     %idle
01時00分02秒     all      0.13      0.00      0.05      0.00      0.04     99.78
02時00分02秒     all      0.10      0.00      0.04      0.00      0.03     99.83
平均値:      all      0.11      0.00      0.05      0.00      0.03     99.80

-------------------- Logged in user --------------------
kfe5c808 2018-07-20 12:40

==================== 2018-07-24 05:55:01 ====================

-------------------- uptime --------------------
 05:55:01 up 382 days, 18:44,  1 user,  load average: 0.02, 0.03, 0.05

-------------------- System info --------------------
Linux sakura-tokyo-prod 3.10.0-514.26.2.el7.x86_64 #1 SMP Tue Jul 4 15:04:05 UTC 2017 x86_64 x86_64 x86_64 GNU/Linux

-------------------- Storage usage --------------------
ファイルシス   サイズ  使用  残り 使用% マウント位置
/dev/vda4         96G  6.8G   89G    8% /
devtmpfs         2.0G     0  2.0G    0% /dev
tmpfs            2.0G     0  2.0G    0% /dev/shm
tmpfs            2.0G  1.2G  791M   60% /run
tmpfs            2.0G     0  2.0G    0% /sys/fs/cgroup
/dev/vda2        497M  217M  280M   44% /boot
tmpfs            396M     0  396M    0% /run/user/0
tmpfs            396M     0  396M    0% /run/user/1001

-------------------- System load --------------------
Linux 3.10.0-514.26.2.el7.x86_64 (sakura-tokyo-prod) 	2018年07月24日 	_x86_64_	(4 CPU)

00時00分02秒     CPU     %user     %nice   %system   %iowait    %steal     %idle
01時00分02秒     all      0.13      0.00      0.05      0.00      0.04     99.78
02時00分02秒     all      0.10      0.00      0.04      0.00      0.03     99.83
03時00分02秒     all      0.11      0.00      0.05      0.00      0.04     99.80
04時00分02秒     all      0.12      0.00      0.05      0.00      0.04     99.78
05時00分02秒     all      0.12      0.00      0.06      0.00      0.03     99.78
平均値:      all      0.12      0.00      0.05      0.00      0.04     99.79

-------------------- Logged in user --------------------
k251a6bf 2018-07-20 12:40

==================== 2018-07-24 08:55:01 ====================

-------------------- uptime --------------------
 08:55:01 up 382 days, 21:44,  1 user,  load average: 0.00, 0.01, 0.05

-------------------- System info --------------------
Linux sakura-tokyo-prod 3.10.0-514.26.2.el7.x86_64 #1 SMP Tue Jul 4 15:04:05 UTC 2017 x86_64 x86_64 x86_64 GNU/Linux

-------------------- Storage usage --------------------
ファイルシス   サイズ  使用  残り 使用% マウント位置
/dev/vda4         96G  6.8G   89G    8% /
devtmpfs         2.0G     0  2.0G    0% /dev
tmpfs            2.0G     0  2.0G    0% /dev/shm
tmpfs            2.0G  1.2G  791M   60% /run
tmpfs            2.0G     0  2.0G    0% /sys/fs/cgroup
/dev/vda2        497M  217M  280M   44% /boot
tmpfs            396M     0  396M    0% /run/user/0
tmpfs            396M     0  396M    0% /run/user/1001

-------------------- System load --------------------
Linux 3.10.0-514.26.2.el7.x86_64 (sakura-tokyo-prod) 	2018年07月24日 	_x86_64_	(4 CPU)

00時00分02秒     CPU     %user     %nice   %system   %iowait    %steal     %idle
01時00分02秒     all      0.13      0.00      0.05      0.00      0.04     99.78
02時00分02秒     all      0.10      0.00      0.04      0.00      0.03     99.83
03時00分02秒     all      0.11      0.00      0.05      0.00      0.04     99.80
04時00分02秒     all      0.12      0.00      0.05      0.00      0.04     99.78
05時00分02秒     all      0.12      0.00      0.06      0.00      0.03     99.78
06時00分02秒     all      0.24      0.00      0.08      0.00      0.03     99.64
07時00分02秒     all      0.19      0.00      0.08      0.00      0.03     99.69
08時00分01秒     all      0.11      0.00      0.05      0.00      0.03     99.80
平均値:      all      0.14      0.00      0.06      0.00      0.03     99.76

-------------------- Logged in user --------------------
k538e770 2018-07-20 12:40

==================== 2018-07-24 11:55:01 ====================

-------------------- uptime --------------------
 11:55:01 up 383 days, 44 min,  1 user,  load average: 0.00, 0.01, 0.05

-------------------- System info --------------------
Linux sakura-tokyo-prod 3.10.0-514.26.2.el7.x86_64 #1 SMP Tue Jul 4 15:04:05 UTC 2017 x86_64 x86_64 x86_64 GNU/Linux

-------------------- Storage usage --------------------
ファイルシス   サイズ  使用  残り 使用% マウント位置
/dev/vda4         96G  6.8G   89G    8% /
devtmpfs         2.0G     0  2.0G    0% /dev
tmpfs            2.0G     0  2.0G    0% /dev/shm
tmpfs            2.0G  1.2G  791M   61% /run
tmpfs            2.0G     0  2.0G    0% /sys/fs/cgroup
/dev/vda2        497M  217M  280M   44% /boot
tmpfs            396M     0  396M    0% /run/user/0
tmpfs            396M     0  396M    0% /run/user/1001

-------------------- System load --------------------
Linux 3.10.0-514.26.2.el7.x86_64 (sakura-tokyo-prod) 	2018年07月24日 	_x86_64_	(4 CPU)

00時00分02秒     CPU     %user     %nice   %system   %iowait    %steal     %idle
01時00分02秒     all      0.13      0.00      0.05      0.00      0.04     99.78
02時00分02秒     all      0.10      0.00      0.04      0.00      0.03     99.83
03時00分02秒     all      0.11      0.00      0.05      0.00      0.04     99.80
04時00分02秒     all      0.12      0.00      0.05      0.00      0.04     99.78
05時00分02秒     all      0.12      0.00      0.06      0.00      0.03     99.78
06時00分02秒     all      0.24      0.00      0.08      0.00      0.03     99.64
07時00分02秒     all      0.19      0.00      0.08      0.00      0.03     99.69
08時00分01秒     all      0.11      0.00      0.05      0.00      0.03     99.80
09時00分02秒     all      0.13      0.00      0.05      0.00      0.03     99.79
10時00分02秒     all      0.11      0.00      0.05      0.00      0.03     99.80
11時00分02秒     all      0.15      0.00      0.06      0.00      0.04     99.74
平均値:      all      0.14      0.00      0.06      0.00      0.03     99.77

-------------------- Logged in user --------------------
kd180e71 2018-07-20 12:40

==================== 2018-07-24 14:55:01 ====================

-------------------- uptime --------------------
 14:55:01 up 383 days,  3:44,  1 user,  load average: 0.16, 0.05, 0.06

-------------------- System info --------------------
Linux sakura-tokyo-prod 3.10.0-514.26.2.el7.x86_64 #1 SMP Tue Jul 4 15:04:05 UTC 2017 x86_64 x86_64 x86_64 GNU/Linux

-------------------- Storage usage --------------------
ファイルシス   サイズ  使用  残り 使用% マウント位置
/dev/vda4         96G  6.8G   89G    8% /
devtmpfs         2.0G     0  2.0G    0% /dev
tmpfs            2.0G     0  2.0G    0% /dev/shm
tmpfs            2.0G  1.2G  791M   61% /run
tmpfs            2.0G     0  2.0G    0% /sys/fs/cgroup
/dev/vda2        497M  217M  280M   44% /boot
tmpfs            396M     0  396M    0% /run/user/0
tmpfs            396M     0  396M    0% /run/user/1001

-------------------- System load --------------------
Linux 3.10.0-514.26.2.el7.x86_64 (sakura-tokyo-prod) 	2018年07月24日 	_x86_64_	(4 CPU)

00時00分02秒     CPU     %user     %nice   %system   %iowait    %steal     %idle
01時00分02秒     all      0.13      0.00      0.05      0.00      0.04     99.78
02時00分02秒     all      0.10      0.00      0.04      0.00      0.03     99.83
03時00分02秒     all      0.11      0.00      0.05      0.00      0.04     99.80
04時00分02秒     all      0.12      0.00      0.05      0.00      0.04     99.78
05時00分02秒     all      0.12      0.00      0.06      0.00      0.03     99.78
06時00分02秒     all      0.24      0.00      0.08      0.00      0.03     99.64
07時00分02秒     all      0.19      0.00      0.08      0.00      0.03     99.69
08時00分01秒     all      0.11      0.00      0.05      0.00      0.03     99.80
09時00分02秒     all      0.13      0.00      0.05      0.00      0.03     99.79
10時00分02秒     all      0.11      0.00      0.05      0.00      0.03     99.80
11時00分02秒     all      0.15      0.00      0.06      0.00      0.04     99.74
12時00分03秒     all      0.12      0.00      0.06      0.00      0.04     99.79
13時00分02秒     all      0.14      0.00      0.07      0.00      0.05     99.75
14時00分02秒     all      0.14      0.00      0.07      0.00      0.04     99.75
平均値:      all      0.14      0.00      0.06      0.00      0.04     99.77

-------------------- Logged in user --------------------
k9e783db 2018-07-20 12:40

