==================== 2018-07-25 02:55:01 ====================

-------------------- uptime --------------------
 02:55:01 up 383 days, 15:44,  1 user,  load average: 0.00, 0.01, 0.05

-------------------- System info --------------------
Linux sakura-tokyo-prod 3.10.0-514.26.2.el7.x86_64 #1 SMP Tue Jul 4 15:04:05 UTC 2017 x86_64 x86_64 x86_64 GNU/Linux

-------------------- Storage usage --------------------
ファイルシス   サイズ  使用  残り 使用% マウント位置
/dev/vda4         96G  6.8G   89G    8% /
devtmpfs         2.0G     0  2.0G    0% /dev
tmpfs            2.0G     0  2.0G    0% /dev/shm
tmpfs            2.0G  1.2G  790M   61% /run
tmpfs            2.0G     0  2.0G    0% /sys/fs/cgroup
/dev/vda2        497M  217M  280M   44% /boot
tmpfs            396M     0  396M    0% /run/user/0
tmpfs            396M     0  396M    0% /run/user/1001

-------------------- System load --------------------
Linux 3.10.0-514.26.2.el7.x86_64 (sakura-tokyo-prod) 	2018年07月25日 	_x86_64_	(4 CPU)

00時00分02秒     CPU     %user     %nice   %system   %iowait    %steal     %idle
01時00分02秒     all      0.15      0.00      0.06      0.00      0.04     99.74
02時00分02秒     all      0.13      0.00      0.05      0.00      0.04     99.78
平均値:      all      0.14      0.00      0.06      0.00      0.04     99.76

-------------------- Logged in user --------------------
k1b70810 2018-07-20 12:40

==================== 2018-07-25 05:55:01 ====================

-------------------- uptime --------------------
 05:55:01 up 383 days, 18:44,  1 user,  load average: 0.00, 0.03, 0.05

-------------------- System info --------------------
Linux sakura-tokyo-prod 3.10.0-514.26.2.el7.x86_64 #1 SMP Tue Jul 4 15:04:05 UTC 2017 x86_64 x86_64 x86_64 GNU/Linux

-------------------- Storage usage --------------------
ファイルシス   サイズ  使用  残り 使用% マウント位置
/dev/vda4         96G  6.8G   89G    8% /
devtmpfs         2.0G     0  2.0G    0% /dev
tmpfs            2.0G     0  2.0G    0% /dev/shm
tmpfs            2.0G  1.2G  790M   61% /run
tmpfs            2.0G     0  2.0G    0% /sys/fs/cgroup
/dev/vda2        497M  217M  280M   44% /boot
tmpfs            396M     0  396M    0% /run/user/0
tmpfs            396M     0  396M    0% /run/user/1001

-------------------- System load --------------------
Linux 3.10.0-514.26.2.el7.x86_64 (sakura-tokyo-prod) 	2018年07月25日 	_x86_64_	(4 CPU)

00時00分02秒     CPU     %user     %nice   %system   %iowait    %steal     %idle
01時00分02秒     all      0.15      0.00      0.06      0.00      0.04     99.74
02時00分02秒     all      0.13      0.00      0.05      0.00      0.04     99.78
03時00分02秒     all      0.14      0.00      0.06      0.00      0.03     99.77
04時00分02秒     all      0.13      0.00      0.06      0.00      0.04     99.77
05時00分02秒     all      0.12      0.00      0.05      0.00      0.04     99.79
平均値:      all      0.13      0.00      0.06      0.00      0.04     99.77

-------------------- Logged in user --------------------
kb160470 2018-07-20 12:40

==================== 2018-07-25 08:55:01 ====================

-------------------- uptime --------------------
 08:55:01 up 383 days, 21:44,  1 user,  load average: 0.00, 0.01, 0.05

-------------------- System info --------------------
Linux sakura-tokyo-prod 3.10.0-514.26.2.el7.x86_64 #1 SMP Tue Jul 4 15:04:05 UTC 2017 x86_64 x86_64 x86_64 GNU/Linux

-------------------- Storage usage --------------------
ファイルシス   サイズ  使用  残り 使用% マウント位置
/dev/vda4         96G  6.8G   89G    8% /
devtmpfs         2.0G     0  2.0G    0% /dev
tmpfs            2.0G     0  2.0G    0% /dev/shm
tmpfs            2.0G  1.2G  790M   61% /run
tmpfs            2.0G     0  2.0G    0% /sys/fs/cgroup
/dev/vda2        497M  217M  280M   44% /boot
tmpfs            396M     0  396M    0% /run/user/0
tmpfs            396M     0  396M    0% /run/user/1001

-------------------- System load --------------------
Linux 3.10.0-514.26.2.el7.x86_64 (sakura-tokyo-prod) 	2018年07月25日 	_x86_64_	(4 CPU)

00時00分02秒     CPU     %user     %nice   %system   %iowait    %steal     %idle
01時00分02秒     all      0.15      0.00      0.06      0.00      0.04     99.74
02時00分02秒     all      0.13      0.00      0.05      0.00      0.04     99.78
03時00分02秒     all      0.14      0.00      0.06      0.00      0.03     99.77
04時00分02秒     all      0.13      0.00      0.06      0.00      0.04     99.77
05時00分02秒     all      0.12      0.00      0.05      0.00      0.04     99.79
06時00分02秒     all      0.09      0.00      0.05      0.00      0.04     99.81
07時00分02秒     all      0.22      0.00      0.07      0.00      0.04     99.66
08時00分02秒     all      0.09      0.00      0.05      0.00      0.04     99.82
平均値:      all      0.13      0.00      0.06      0.00      0.04     99.77

-------------------- Logged in user --------------------
k73483c7 2018-07-20 12:40

==================== 2018-07-25 11:55:01 ====================

-------------------- uptime --------------------
 11:55:01 up 384 days, 44 min,  0 users,  load average: 0.00, 0.01, 0.05

-------------------- System info --------------------
Linux sakura-tokyo-prod 3.10.0-514.26.2.el7.x86_64 #1 SMP Tue Jul 4 15:04:05 UTC 2017 x86_64 x86_64 x86_64 GNU/Linux

-------------------- Storage usage --------------------
ファイルシス   サイズ  使用  残り 使用% マウント位置
/dev/vda4         96G  6.8G   89G    8% /
devtmpfs         2.0G     0  2.0G    0% /dev
tmpfs            2.0G     0  2.0G    0% /dev/shm
tmpfs            2.0G  1.2G  790M   61% /run
tmpfs            2.0G     0  2.0G    0% /sys/fs/cgroup
/dev/vda2        497M  217M  280M   44% /boot
tmpfs            396M     0  396M    0% /run/user/0
tmpfs            396M     0  396M    0% /run/user/1001

-------------------- System load --------------------
Linux 3.10.0-514.26.2.el7.x86_64 (sakura-tokyo-prod) 	2018年07月25日 	_x86_64_	(4 CPU)

00時00分02秒     CPU     %user     %nice   %system   %iowait    %steal     %idle
01時00分02秒     all      0.15      0.00      0.06      0.00      0.04     99.74
02時00分02秒     all      0.13      0.00      0.05      0.00      0.04     99.78
03時00分02秒     all      0.14      0.00      0.06      0.00      0.03     99.77
04時00分02秒     all      0.13      0.00      0.06      0.00      0.04     99.77
05時00分02秒     all      0.12      0.00      0.05      0.00      0.04     99.79
06時00分02秒     all      0.09      0.00      0.05      0.00      0.04     99.81
07時00分02秒     all      0.22      0.00      0.07      0.00      0.04     99.66
08時00分02秒     all      0.09      0.00      0.05      0.00      0.04     99.82
09時00分02秒     all      0.12      0.00      0.06      0.00      0.04     99.78
10時00分02秒     all      0.12      0.00      0.06      0.00      0.04     99.78
11時00分01秒     all      0.09      0.00      0.06      0.00      0.04     99.82
平均値:      all      0.13      0.00      0.06      0.00      0.04     99.77

-------------------- Logged in user --------------------


==================== 2018-07-25 14:55:01 ====================

-------------------- uptime --------------------
 14:55:01 up 384 days,  3:44,  0 users,  load average: 0.00, 0.01, 0.05

-------------------- System info --------------------
Linux sakura-tokyo-prod 3.10.0-514.26.2.el7.x86_64 #1 SMP Tue Jul 4 15:04:05 UTC 2017 x86_64 x86_64 x86_64 GNU/Linux

-------------------- Storage usage --------------------
ファイルシス   サイズ  使用  残り 使用% マウント位置
/dev/vda4         96G  6.8G   89G    8% /
devtmpfs         2.0G     0  2.0G    0% /dev
tmpfs            2.0G     0  2.0G    0% /dev/shm
tmpfs            2.0G  1.2G  790M   61% /run
tmpfs            2.0G     0  2.0G    0% /sys/fs/cgroup
/dev/vda2        497M  217M  280M   44% /boot
tmpfs            396M     0  396M    0% /run/user/0
tmpfs            396M     0  396M    0% /run/user/1001

-------------------- System load --------------------
Linux 3.10.0-514.26.2.el7.x86_64 (sakura-tokyo-prod) 	2018年07月25日 	_x86_64_	(4 CPU)

00時00分02秒     CPU     %user     %nice   %system   %iowait    %steal     %idle
01時00分02秒     all      0.15      0.00      0.06      0.00      0.04     99.74
02時00分02秒     all      0.13      0.00      0.05      0.00      0.04     99.78
03時00分02秒     all      0.14      0.00      0.06      0.00      0.03     99.77
04時00分02秒     all      0.13      0.00      0.06      0.00      0.04     99.77
05時00分02秒     all      0.12      0.00      0.05      0.00      0.04     99.79
06時00分02秒     all      0.09      0.00      0.05      0.00      0.04     99.81
07時00分02秒     all      0.22      0.00      0.07      0.00      0.04     99.66
08時00分02秒     all      0.09      0.00      0.05      0.00      0.04     99.82
09時00分02秒     all      0.12      0.00      0.06      0.00      0.04     99.78
10時00分02秒     all      0.12      0.00      0.06      0.00      0.04     99.78
11時00分01秒     all      0.09      0.00      0.06      0.00      0.04     99.82
12時00分03秒     all      0.12      0.00      0.06      0.00      0.04     99.77
13時00分02秒     all      0.14      0.00      0.06      0.00      0.04     99.77
14時00分02秒     all      0.19      0.00      0.07      0.00      0.04     99.70
平均値:      all      0.13      0.00      0.06      0.00      0.04     99.77

-------------------- Logged in user --------------------


==================== 2018-07-25 17:55:01 ====================

-------------------- uptime --------------------
 17:55:01 up 384 days,  6:44,  0 users,  load average: 0.00, 0.01, 0.05

-------------------- System info --------------------
Linux sakura-tokyo-prod 3.10.0-514.26.2.el7.x86_64 #1 SMP Tue Jul 4 15:04:05 UTC 2017 x86_64 x86_64 x86_64 GNU/Linux

-------------------- Storage usage --------------------
ファイルシス   サイズ  使用  残り 使用% マウント位置
/dev/vda4         96G  6.8G   89G    8% /
devtmpfs         2.0G     0  2.0G    0% /dev
tmpfs            2.0G     0  2.0G    0% /dev/shm
tmpfs            2.0G  1.2G  790M   61% /run
tmpfs            2.0G     0  2.0G    0% /sys/fs/cgroup
/dev/vda2        497M  217M  280M   44% /boot
tmpfs            396M     0  396M    0% /run/user/0
tmpfs            396M     0  396M    0% /run/user/1001

-------------------- System load --------------------
Linux 3.10.0-514.26.2.el7.x86_64 (sakura-tokyo-prod) 	2018年07月25日 	_x86_64_	(4 CPU)

00時00分02秒     CPU     %user     %nice   %system   %iowait    %steal     %idle
01時00分02秒     all      0.15      0.00      0.06      0.00      0.04     99.74
02時00分02秒     all      0.13      0.00      0.05      0.00      0.04     99.78
03時00分02秒     all      0.14      0.00      0.06      0.00      0.03     99.77
04時00分02秒     all      0.13      0.00      0.06      0.00      0.04     99.77
05時00分02秒     all      0.12      0.00      0.05      0.00      0.04     99.79
06時00分02秒     all      0.09      0.00      0.05      0.00      0.04     99.81
07時00分02秒     all      0.22      0.00      0.07      0.00      0.04     99.66
08時00分02秒     all      0.09      0.00      0.05      0.00      0.04     99.82
09時00分02秒     all      0.12      0.00      0.06      0.00      0.04     99.78
10時00分02秒     all      0.12      0.00      0.06      0.00      0.04     99.78
11時00分01秒     all      0.09      0.00      0.06      0.00      0.04     99.82
12時00分03秒     all      0.12      0.00      0.06      0.00      0.04     99.77
13時00分02秒     all      0.14      0.00      0.06      0.00      0.04     99.77
14時00分02秒     all      0.19      0.00      0.07      0.00      0.04     99.70
15時00分01秒     all      0.15      0.00      0.06      0.00      0.04     99.74
16時00分02秒     all      0.15      0.00      0.06      0.00      0.04     99.75
17時00分02秒     all      0.14      0.00      0.06      0.00      0.04     99.77
平均値:      all      0.13      0.00      0.06      0.00      0.04     99.77

-------------------- Logged in user --------------------


==================== 2018-07-25 20:55:01 ====================

-------------------- uptime --------------------
 20:55:01 up 384 days,  9:44,  0 users,  load average: 0.00, 0.01, 0.05

-------------------- System info --------------------
Linux sakura-tokyo-prod 3.10.0-514.26.2.el7.x86_64 #1 SMP Tue Jul 4 15:04:05 UTC 2017 x86_64 x86_64 x86_64 GNU/Linux

-------------------- Storage usage --------------------
ファイルシス   サイズ  使用  残り 使用% マウント位置
/dev/vda4         96G  6.8G   89G    8% /
devtmpfs         2.0G     0  2.0G    0% /dev
tmpfs            2.0G     0  2.0G    0% /dev/shm
tmpfs            2.0G  1.2G  790M   61% /run
tmpfs            2.0G     0  2.0G    0% /sys/fs/cgroup
/dev/vda2        497M  217M  280M   44% /boot
tmpfs            396M     0  396M    0% /run/user/0
tmpfs            396M     0  396M    0% /run/user/1001

-------------------- System load --------------------
Linux 3.10.0-514.26.2.el7.x86_64 (sakura-tokyo-prod) 	2018年07月25日 	_x86_64_	(4 CPU)

00時00分02秒     CPU     %user     %nice   %system   %iowait    %steal     %idle
01時00分02秒     all      0.15      0.00      0.06      0.00      0.04     99.74
02時00分02秒     all      0.13      0.00      0.05      0.00      0.04     99.78
03時00分02秒     all      0.14      0.00      0.06      0.00      0.03     99.77
04時00分02秒     all      0.13      0.00      0.06      0.00      0.04     99.77
05時00分02秒     all      0.12      0.00      0.05      0.00      0.04     99.79
06時00分02秒     all      0.09      0.00      0.05      0.00      0.04     99.81
07時00分02秒     all      0.22      0.00      0.07      0.00      0.04     99.66
08時00分02秒     all      0.09      0.00      0.05      0.00      0.04     99.82
09時00分02秒     all      0.12      0.00      0.06      0.00      0.04     99.78
10時00分02秒     all      0.12      0.00      0.06      0.00      0.04     99.78
11時00分01秒     all      0.09      0.00      0.06      0.00      0.04     99.82
12時00分03秒     all      0.12      0.00      0.06      0.00      0.04     99.77
13時00分02秒     all      0.14      0.00      0.06      0.00      0.04     99.77
14時00分02秒     all      0.19      0.00      0.07      0.00      0.04     99.70
15時00分01秒     all      0.15      0.00      0.06      0.00      0.04     99.74
16時00分02秒     all      0.15      0.00      0.06      0.00      0.04     99.75
17時00分02秒     all      0.14      0.00      0.06      0.00      0.04     99.77
18時00分02秒     all      0.11      0.00      0.05      0.00      0.03     99.80
19時00分02秒     all      0.10      0.00      0.05      0.00      0.03     99.82
20時00分02秒     all      0.11      0.00      0.05      0.00      0.03     99.81
平均値:      all      0.13      0.00      0.06      0.00      0.04     99.77

-------------------- Logged in user --------------------


