==================== 2018-07-26 02:55:01 ====================

-------------------- uptime --------------------
 02:55:01 up 384 days, 15:44,  0 users,  load average: 0.00, 0.02, 0.05

-------------------- System info --------------------
Linux sakura-tokyo-prod 3.10.0-514.26.2.el7.x86_64 #1 SMP Tue Jul 4 15:04:05 UTC 2017 x86_64 x86_64 x86_64 GNU/Linux

-------------------- Storage usage --------------------
ファイルシス   サイズ  使用  残り 使用% マウント位置
/dev/vda4         96G  6.8G   89G    8% /
devtmpfs         2.0G     0  2.0G    0% /dev
tmpfs            2.0G     0  2.0G    0% /dev/shm
tmpfs            2.0G  1.2G  789M   61% /run
tmpfs            2.0G     0  2.0G    0% /sys/fs/cgroup
/dev/vda2        497M  217M  280M   44% /boot
tmpfs            396M     0  396M    0% /run/user/0
tmpfs            396M     0  396M    0% /run/user/1001

-------------------- System load --------------------
Linux 3.10.0-514.26.2.el7.x86_64 (sakura-tokyo-prod) 	2018年07月26日 	_x86_64_	(4 CPU)

00時00分02秒     CPU     %user     %nice   %system   %iowait    %steal     %idle
01時00分02秒     all      0.18      0.00      0.07      0.00      0.03     99.71
02時00分02秒     all      0.45      0.00      0.12      0.01      0.03     99.39
平均値:      all      0.32      0.00      0.09      0.00      0.03     99.55

-------------------- Logged in user --------------------


==================== 2018-07-26 05:55:01 ====================

-------------------- uptime --------------------
 05:55:01 up 384 days, 18:44,  0 users,  load average: 0.00, 0.01, 0.05

-------------------- System info --------------------
Linux sakura-tokyo-prod 3.10.0-514.26.2.el7.x86_64 #1 SMP Tue Jul 4 15:04:05 UTC 2017 x86_64 x86_64 x86_64 GNU/Linux

-------------------- Storage usage --------------------
ファイルシス   サイズ  使用  残り 使用% マウント位置
/dev/vda4         96G  6.8G   89G    8% /
devtmpfs         2.0G     0  2.0G    0% /dev
tmpfs            2.0G     0  2.0G    0% /dev/shm
tmpfs            2.0G  1.2G  789M   61% /run
tmpfs            2.0G     0  2.0G    0% /sys/fs/cgroup
/dev/vda2        497M  217M  280M   44% /boot
tmpfs            396M     0  396M    0% /run/user/0
tmpfs            396M     0  396M    0% /run/user/1001

-------------------- System load --------------------
Linux 3.10.0-514.26.2.el7.x86_64 (sakura-tokyo-prod) 	2018年07月26日 	_x86_64_	(4 CPU)

00時00分02秒     CPU     %user     %nice   %system   %iowait    %steal     %idle
01時00分02秒     all      0.18      0.00      0.07      0.00      0.03     99.71
02時00分02秒     all      0.45      0.00      0.12      0.01      0.03     99.39
03時00分02秒     all      0.09      0.00      0.05      0.00      0.04     99.81
04時00分02秒     all      0.15      0.00      0.07      0.00      0.05     99.72
05時00分02秒     all      0.18      0.00      0.07      0.00      0.03     99.72
平均値:      all      0.21      0.00      0.08      0.00      0.04     99.67

-------------------- Logged in user --------------------


==================== 2018-07-26 08:55:01 ====================

-------------------- uptime --------------------
 08:55:01 up 384 days, 21:44,  0 users,  load average: 0.00, 0.03, 0.05

-------------------- System info --------------------
Linux sakura-tokyo-prod 3.10.0-514.26.2.el7.x86_64 #1 SMP Tue Jul 4 15:04:05 UTC 2017 x86_64 x86_64 x86_64 GNU/Linux

-------------------- Storage usage --------------------
ファイルシス   サイズ  使用  残り 使用% マウント位置
/dev/vda4         96G  6.8G   89G    8% /
devtmpfs         2.0G     0  2.0G    0% /dev
tmpfs            2.0G     0  2.0G    0% /dev/shm
tmpfs            2.0G  1.2G  789M   61% /run
tmpfs            2.0G     0  2.0G    0% /sys/fs/cgroup
/dev/vda2        497M  217M  280M   44% /boot
tmpfs            396M     0  396M    0% /run/user/0
tmpfs            396M     0  396M    0% /run/user/1001

-------------------- System load --------------------
Linux 3.10.0-514.26.2.el7.x86_64 (sakura-tokyo-prod) 	2018年07月26日 	_x86_64_	(4 CPU)

00時00分02秒     CPU     %user     %nice   %system   %iowait    %steal     %idle
01時00分02秒     all      0.18      0.00      0.07      0.00      0.03     99.71
02時00分02秒     all      0.45      0.00      0.12      0.01      0.03     99.39
03時00分02秒     all      0.09      0.00      0.05      0.00      0.04     99.81
04時00分02秒     all      0.15      0.00      0.07      0.00      0.05     99.72
05時00分02秒     all      0.18      0.00      0.07      0.00      0.03     99.72
06時00分03秒     all      0.26      0.00      0.09      0.00      0.04     99.60
07時00分03秒     all      0.14      0.00      0.06      0.00      0.04     99.77
08時00分02秒     all      0.14      0.00      0.06      0.00      0.04     99.77
平均値:      all      0.20      0.00      0.07      0.00      0.04     99.69

-------------------- Logged in user --------------------


==================== 2018-07-26 11:55:02 ====================

-------------------- uptime --------------------
 11:55:02 up 385 days, 44 min,  0 users,  load average: 0.00, 0.01, 0.05

-------------------- System info --------------------
Linux sakura-tokyo-prod 3.10.0-514.26.2.el7.x86_64 #1 SMP Tue Jul 4 15:04:05 UTC 2017 x86_64 x86_64 x86_64 GNU/Linux

-------------------- Storage usage --------------------
ファイルシス   サイズ  使用  残り 使用% マウント位置
/dev/vda4         96G  6.8G   89G    8% /
devtmpfs         2.0G     0  2.0G    0% /dev
tmpfs            2.0G     0  2.0G    0% /dev/shm
tmpfs            2.0G  1.2G  789M   61% /run
tmpfs            2.0G     0  2.0G    0% /sys/fs/cgroup
/dev/vda2        497M  217M  280M   44% /boot
tmpfs            396M     0  396M    0% /run/user/0
tmpfs            396M     0  396M    0% /run/user/1001

-------------------- System load --------------------
Linux 3.10.0-514.26.2.el7.x86_64 (sakura-tokyo-prod) 	2018年07月26日 	_x86_64_	(4 CPU)

00時00分02秒     CPU     %user     %nice   %system   %iowait    %steal     %idle
01時00分02秒     all      0.18      0.00      0.07      0.00      0.03     99.71
02時00分02秒     all      0.45      0.00      0.12      0.01      0.03     99.39
03時00分02秒     all      0.09      0.00      0.05      0.00      0.04     99.81
04時00分02秒     all      0.15      0.00      0.07      0.00      0.05     99.72
05時00分02秒     all      0.18      0.00      0.07      0.00      0.03     99.72
06時00分03秒     all      0.26      0.00      0.09      0.00      0.04     99.60
07時00分03秒     all      0.14      0.00      0.06      0.00      0.04     99.77
08時00分02秒     all      0.14      0.00      0.06      0.00      0.04     99.77
09時00分02秒     all      0.14      0.00      0.06      0.00      0.04     99.76
10時00分02秒     all      0.16      0.00      0.07      0.00      0.04     99.73
11時00分02秒     all      0.13      0.00      0.07      0.00      0.04     99.76
平均値:      all      0.18      0.00      0.07      0.00      0.04     99.70

-------------------- Logged in user --------------------


==================== 2018-07-26 14:55:01 ====================

-------------------- uptime --------------------
 14:55:01 up 385 days,  3:44,  0 users,  load average: 0.00, 0.01, 0.05

-------------------- System info --------------------
Linux sakura-tokyo-prod 3.10.0-514.26.2.el7.x86_64 #1 SMP Tue Jul 4 15:04:05 UTC 2017 x86_64 x86_64 x86_64 GNU/Linux

-------------------- Storage usage --------------------
ファイルシス   サイズ  使用  残り 使用% マウント位置
/dev/vda4         96G  6.8G   89G    8% /
devtmpfs         2.0G     0  2.0G    0% /dev
tmpfs            2.0G     0  2.0G    0% /dev/shm
tmpfs            2.0G  1.2G  789M   61% /run
tmpfs            2.0G     0  2.0G    0% /sys/fs/cgroup
/dev/vda2        497M  217M  280M   44% /boot
tmpfs            396M     0  396M    0% /run/user/0
tmpfs            396M     0  396M    0% /run/user/1001

-------------------- System load --------------------
Linux 3.10.0-514.26.2.el7.x86_64 (sakura-tokyo-prod) 	2018年07月26日 	_x86_64_	(4 CPU)

00時00分02秒     CPU     %user     %nice   %system   %iowait    %steal     %idle
01時00分02秒     all      0.18      0.00      0.07      0.00      0.03     99.71
02時00分02秒     all      0.45      0.00      0.12      0.01      0.03     99.39
03時00分02秒     all      0.09      0.00      0.05      0.00      0.04     99.81
04時00分02秒     all      0.15      0.00      0.07      0.00      0.05     99.72
05時00分02秒     all      0.18      0.00      0.07      0.00      0.03     99.72
06時00分03秒     all      0.26      0.00      0.09      0.00      0.04     99.60
07時00分03秒     all      0.14      0.00      0.06      0.00      0.04     99.77
08時00分02秒     all      0.14      0.00      0.06      0.00      0.04     99.77
09時00分02秒     all      0.14      0.00      0.06      0.00      0.04     99.76
10時00分02秒     all      0.16      0.00      0.07      0.00      0.04     99.73
11時00分02秒     all      0.13      0.00      0.07      0.00      0.04     99.76
12時00分02秒     all      0.14      0.00      0.07      0.00      0.04     99.75
13時00分02秒     all      0.11      0.00      0.06      0.00      0.04     99.78
14時00分02秒     all      0.15      0.00      0.07      0.00      0.04     99.74
平均値:      all      0.17      0.00      0.07      0.00      0.04     99.72

-------------------- Logged in user --------------------


==================== 2018-07-26 17:55:01 ====================

-------------------- uptime --------------------
 17:55:01 up 385 days,  6:44,  0 users,  load average: 0.00, 0.01, 0.05

-------------------- System info --------------------
Linux sakura-tokyo-prod 3.10.0-514.26.2.el7.x86_64 #1 SMP Tue Jul 4 15:04:05 UTC 2017 x86_64 x86_64 x86_64 GNU/Linux

-------------------- Storage usage --------------------
ファイルシス   サイズ  使用  残り 使用% マウント位置
/dev/vda4         96G  6.8G   89G    8% /
devtmpfs         2.0G     0  2.0G    0% /dev
tmpfs            2.0G     0  2.0G    0% /dev/shm
tmpfs            2.0G  1.2G  789M   61% /run
tmpfs            2.0G     0  2.0G    0% /sys/fs/cgroup
/dev/vda2        497M  217M  280M   44% /boot
tmpfs            396M     0  396M    0% /run/user/0
tmpfs            396M     0  396M    0% /run/user/1001

-------------------- System load --------------------
Linux 3.10.0-514.26.2.el7.x86_64 (sakura-tokyo-prod) 	2018年07月26日 	_x86_64_	(4 CPU)

00時00分02秒     CPU     %user     %nice   %system   %iowait    %steal     %idle
01時00分02秒     all      0.18      0.00      0.07      0.00      0.03     99.71
02時00分02秒     all      0.45      0.00      0.12      0.01      0.03     99.39
03時00分02秒     all      0.09      0.00      0.05      0.00      0.04     99.81
04時00分02秒     all      0.15      0.00      0.07      0.00      0.05     99.72
05時00分02秒     all      0.18      0.00      0.07      0.00      0.03     99.72
06時00分03秒     all      0.26      0.00      0.09      0.00      0.04     99.60
07時00分03秒     all      0.14      0.00      0.06      0.00      0.04     99.77
08時00分02秒     all      0.14      0.00      0.06      0.00      0.04     99.77
09時00分02秒     all      0.14      0.00      0.06      0.00      0.04     99.76
10時00分02秒     all      0.16      0.00      0.07      0.00      0.04     99.73
11時00分02秒     all      0.13      0.00      0.07      0.00      0.04     99.76
12時00分02秒     all      0.14      0.00      0.07      0.00      0.04     99.75
13時00分02秒     all      0.11      0.00      0.06      0.00      0.04     99.78
14時00分02秒     all      0.15      0.00      0.07      0.00      0.04     99.74
15時00分02秒     all      0.09      0.00      0.05      0.00      0.04     99.83
16時00分02秒     all      0.75      0.00      0.16      0.01      0.04     99.04
17時00分02秒     all      0.20      0.00      0.07      0.00      0.04     99.70
平均値:      all      0.20      0.00      0.07      0.00      0.04     99.68

-------------------- Logged in user --------------------


==================== 2018-07-26 20:55:01 ====================

-------------------- uptime --------------------
 20:55:01 up 385 days,  9:44,  0 users,  load average: 0.00, 0.01, 0.05

-------------------- System info --------------------
Linux sakura-tokyo-prod 3.10.0-514.26.2.el7.x86_64 #1 SMP Tue Jul 4 15:04:05 UTC 2017 x86_64 x86_64 x86_64 GNU/Linux

-------------------- Storage usage --------------------
ファイルシス   サイズ  使用  残り 使用% マウント位置
/dev/vda4         96G  6.8G   89G    8% /
devtmpfs         2.0G     0  2.0G    0% /dev
tmpfs            2.0G     0  2.0G    0% /dev/shm
tmpfs            2.0G  1.2G  789M   61% /run
tmpfs            2.0G     0  2.0G    0% /sys/fs/cgroup
/dev/vda2        497M  217M  280M   44% /boot
tmpfs            396M     0  396M    0% /run/user/0
tmpfs            396M     0  396M    0% /run/user/1001

-------------------- System load --------------------
Linux 3.10.0-514.26.2.el7.x86_64 (sakura-tokyo-prod) 	2018年07月26日 	_x86_64_	(4 CPU)

00時00分02秒     CPU     %user     %nice   %system   %iowait    %steal     %idle
01時00分02秒     all      0.18      0.00      0.07      0.00      0.03     99.71
02時00分02秒     all      0.45      0.00      0.12      0.01      0.03     99.39
03時00分02秒     all      0.09      0.00      0.05      0.00      0.04     99.81
04時00分02秒     all      0.15      0.00      0.07      0.00      0.05     99.72
05時00分02秒     all      0.18      0.00      0.07      0.00      0.03     99.72
06時00分03秒     all      0.26      0.00      0.09      0.00      0.04     99.60
07時00分03秒     all      0.14      0.00      0.06      0.00      0.04     99.77
08時00分02秒     all      0.14      0.00      0.06      0.00      0.04     99.77
09時00分02秒     all      0.14      0.00      0.06      0.00      0.04     99.76
10時00分02秒     all      0.16      0.00      0.07      0.00      0.04     99.73
11時00分02秒     all      0.13      0.00      0.07      0.00      0.04     99.76
12時00分02秒     all      0.14      0.00      0.07      0.00      0.04     99.75
13時00分02秒     all      0.11      0.00      0.06      0.00      0.04     99.78
14時00分02秒     all      0.15      0.00      0.07      0.00      0.04     99.74
15時00分02秒     all      0.09      0.00      0.05      0.00      0.04     99.83
16時00分02秒     all      0.75      0.00      0.16      0.01      0.04     99.04
17時00分02秒     all      0.20      0.00      0.07      0.00      0.04     99.70
18時00分03秒     all      0.13      0.00      0.05      0.00      0.04     99.78
19時00分02秒     all      0.18      0.00      0.07      0.00      0.04     99.71
20時00分02秒     all      0.11      0.00      0.05      0.00      0.03     99.81
平均値:      all      0.19      0.00      0.07      0.00      0.04     99.69

-------------------- Logged in user --------------------


