==================== 2018-07-27 02:55:01 ====================

-------------------- uptime --------------------
 02:55:01 up 385 days, 15:44,  0 users,  load average: 0.00, 0.01, 0.05

-------------------- System info --------------------
Linux sakura-tokyo-prod 3.10.0-514.26.2.el7.x86_64 #1 SMP Tue Jul 4 15:04:05 UTC 2017 x86_64 x86_64 x86_64 GNU/Linux

-------------------- Storage usage --------------------
ファイルシス   サイズ  使用  残り 使用% マウント位置
/dev/vda4         96G  6.8G   89G    8% /
devtmpfs         2.0G     0  2.0G    0% /dev
tmpfs            2.0G     0  2.0G    0% /dev/shm
tmpfs            2.0G  1.2G  788M   61% /run
tmpfs            2.0G     0  2.0G    0% /sys/fs/cgroup
/dev/vda2        497M  217M  280M   44% /boot
tmpfs            396M     0  396M    0% /run/user/0
tmpfs            396M     0  396M    0% /run/user/1001

-------------------- System load --------------------
Linux 3.10.0-514.26.2.el7.x86_64 (sakura-tokyo-prod) 	2018年07月27日 	_x86_64_	(4 CPU)

00時00分02秒     CPU     %user     %nice   %system   %iowait    %steal     %idle
01時00分02秒     all      0.13      0.00      0.06      0.00      0.03     99.78
02時00分02秒     all      0.17      0.00      0.06      0.00      0.03     99.73
平均値:      all      0.15      0.00      0.06      0.00      0.03     99.76

-------------------- Logged in user --------------------


==================== 2018-07-27 05:55:01 ====================

-------------------- uptime --------------------
 05:55:01 up 385 days, 18:44,  0 users,  load average: 0.00, 0.01, 0.05

-------------------- System info --------------------
Linux sakura-tokyo-prod 3.10.0-514.26.2.el7.x86_64 #1 SMP Tue Jul 4 15:04:05 UTC 2017 x86_64 x86_64 x86_64 GNU/Linux

-------------------- Storage usage --------------------
ファイルシス   サイズ  使用  残り 使用% マウント位置
/dev/vda4         96G  6.8G   89G    8% /
devtmpfs         2.0G     0  2.0G    0% /dev
tmpfs            2.0G     0  2.0G    0% /dev/shm
tmpfs            2.0G  1.2G  788M   61% /run
tmpfs            2.0G     0  2.0G    0% /sys/fs/cgroup
/dev/vda2        497M  217M  280M   44% /boot
tmpfs            396M     0  396M    0% /run/user/0
tmpfs            396M     0  396M    0% /run/user/1001

-------------------- System load --------------------
Linux 3.10.0-514.26.2.el7.x86_64 (sakura-tokyo-prod) 	2018年07月27日 	_x86_64_	(4 CPU)

00時00分02秒     CPU     %user     %nice   %system   %iowait    %steal     %idle
01時00分02秒     all      0.13      0.00      0.06      0.00      0.03     99.78
02時00分02秒     all      0.17      0.00      0.06      0.00      0.03     99.73
03時00分02秒     all      0.12      0.00      0.06      0.00      0.03     99.79
04時00分02秒     all      0.15      0.00      0.06      0.00      0.04     99.75
05時00分02秒     all      0.08      0.00      0.04      0.00      0.03     99.84
平均値:      all      0.13      0.00      0.06      0.00      0.03     99.78

-------------------- Logged in user --------------------


==================== 2018-07-27 08:55:01 ====================

-------------------- uptime --------------------
 08:55:01 up 385 days, 21:44,  0 users,  load average: 0.00, 0.01, 0.05

-------------------- System info --------------------
Linux sakura-tokyo-prod 3.10.0-514.26.2.el7.x86_64 #1 SMP Tue Jul 4 15:04:05 UTC 2017 x86_64 x86_64 x86_64 GNU/Linux

-------------------- Storage usage --------------------
ファイルシス   サイズ  使用  残り 使用% マウント位置
/dev/vda4         96G  6.8G   89G    8% /
devtmpfs         2.0G     0  2.0G    0% /dev
tmpfs            2.0G     0  2.0G    0% /dev/shm
tmpfs            2.0G  1.2G  788M   61% /run
tmpfs            2.0G     0  2.0G    0% /sys/fs/cgroup
/dev/vda2        497M  217M  280M   44% /boot
tmpfs            396M     0  396M    0% /run/user/0
tmpfs            396M     0  396M    0% /run/user/1001

-------------------- System load --------------------
Linux 3.10.0-514.26.2.el7.x86_64 (sakura-tokyo-prod) 	2018年07月27日 	_x86_64_	(4 CPU)

00時00分02秒     CPU     %user     %nice   %system   %iowait    %steal     %idle
01時00分02秒     all      0.13      0.00      0.06      0.00      0.03     99.78
02時00分02秒     all      0.17      0.00      0.06      0.00      0.03     99.73
03時00分02秒     all      0.12      0.00      0.06      0.00      0.03     99.79
04時00分02秒     all      0.15      0.00      0.06      0.00      0.04     99.75
05時00分02秒     all      0.08      0.00      0.04      0.00      0.03     99.84
06時00分02秒     all      0.19      0.00      0.07      0.00      0.04     99.69
07時00分01秒     all      0.13      0.00      0.06      0.00      0.03     99.79
08時00分02秒     all      0.17      0.00      0.06      0.00      0.03     99.74
平均値:      all      0.14      0.00      0.06      0.00      0.03     99.76

-------------------- Logged in user --------------------


==================== 2018-07-27 11:55:01 ====================

-------------------- uptime --------------------
 11:55:01 up 386 days, 44 min,  0 users,  load average: 0.00, 0.01, 0.05

-------------------- System info --------------------
Linux sakura-tokyo-prod 3.10.0-514.26.2.el7.x86_64 #1 SMP Tue Jul 4 15:04:05 UTC 2017 x86_64 x86_64 x86_64 GNU/Linux

-------------------- Storage usage --------------------
ファイルシス   サイズ  使用  残り 使用% マウント位置
/dev/vda4         96G  6.8G   89G    8% /
devtmpfs         2.0G     0  2.0G    0% /dev
tmpfs            2.0G     0  2.0G    0% /dev/shm
tmpfs            2.0G  1.2G  788M   61% /run
tmpfs            2.0G     0  2.0G    0% /sys/fs/cgroup
/dev/vda2        497M  217M  280M   44% /boot
tmpfs            396M     0  396M    0% /run/user/0
tmpfs            396M     0  396M    0% /run/user/1001

-------------------- System load --------------------
Linux 3.10.0-514.26.2.el7.x86_64 (sakura-tokyo-prod) 	2018年07月27日 	_x86_64_	(4 CPU)

00時00分02秒     CPU     %user     %nice   %system   %iowait    %steal     %idle
01時00分02秒     all      0.13      0.00      0.06      0.00      0.03     99.78
02時00分02秒     all      0.17      0.00      0.06      0.00      0.03     99.73
03時00分02秒     all      0.12      0.00      0.06      0.00      0.03     99.79
04時00分02秒     all      0.15      0.00      0.06      0.00      0.04     99.75
05時00分02秒     all      0.08      0.00      0.04      0.00      0.03     99.84
06時00分02秒     all      0.19      0.00      0.07      0.00      0.04     99.69
07時00分01秒     all      0.13      0.00      0.06      0.00      0.03     99.79
08時00分02秒     all      0.17      0.00      0.06      0.00      0.03     99.74
09時00分02秒     all      0.09      0.00      0.04      0.00      0.04     99.84
10時00分03秒     all      0.12      0.00      0.05      0.00      0.04     99.79
11時00分02秒     all      0.15      0.00      0.07      0.00      0.04     99.74
平均値:      all      0.14      0.00      0.06      0.00      0.04     99.77

-------------------- Logged in user --------------------


==================== 2018-07-27 14:55:01 ====================

-------------------- uptime --------------------
 14:55:01 up 386 days,  3:44,  0 users,  load average: 0.00, 0.01, 0.05

-------------------- System info --------------------
Linux sakura-tokyo-prod 3.10.0-514.26.2.el7.x86_64 #1 SMP Tue Jul 4 15:04:05 UTC 2017 x86_64 x86_64 x86_64 GNU/Linux

-------------------- Storage usage --------------------
ファイルシス   サイズ  使用  残り 使用% マウント位置
/dev/vda4         96G  6.8G   89G    8% /
devtmpfs         2.0G     0  2.0G    0% /dev
tmpfs            2.0G     0  2.0G    0% /dev/shm
tmpfs            2.0G  1.2G  788M   61% /run
tmpfs            2.0G     0  2.0G    0% /sys/fs/cgroup
/dev/vda2        497M  217M  280M   44% /boot
tmpfs            396M     0  396M    0% /run/user/0
tmpfs            396M     0  396M    0% /run/user/1001

-------------------- System load --------------------
Linux 3.10.0-514.26.2.el7.x86_64 (sakura-tokyo-prod) 	2018年07月27日 	_x86_64_	(4 CPU)

00時00分02秒     CPU     %user     %nice   %system   %iowait    %steal     %idle
01時00分02秒     all      0.13      0.00      0.06      0.00      0.03     99.78
02時00分02秒     all      0.17      0.00      0.06      0.00      0.03     99.73
03時00分02秒     all      0.12      0.00      0.06      0.00      0.03     99.79
04時00分02秒     all      0.15      0.00      0.06      0.00      0.04     99.75
05時00分02秒     all      0.08      0.00      0.04      0.00      0.03     99.84
06時00分02秒     all      0.19      0.00      0.07      0.00      0.04     99.69
07時00分01秒     all      0.13      0.00      0.06      0.00      0.03     99.79
08時00分02秒     all      0.17      0.00      0.06      0.00      0.03     99.74
09時00分02秒     all      0.09      0.00      0.04      0.00      0.04     99.84
10時00分03秒     all      0.12      0.00      0.05      0.00      0.04     99.79
11時00分02秒     all      0.15      0.00      0.07      0.00      0.04     99.74
12時00分03秒     all      0.15      0.00      0.07      0.00      0.04     99.75
13時00分01秒     all      0.11      0.00      0.05      0.00      0.04     99.80
14時00分03秒     all      0.11      0.00      0.05      0.00      0.04     99.80
平均値:      all      0.13      0.00      0.06      0.00      0.04     99.77

-------------------- Logged in user --------------------


