==================== 2018-07-29 02:55:01 ====================

-------------------- uptime --------------------
 02:55:01 up 387 days, 15:44,  1 user,  load average: 0.00, 0.01, 0.05

-------------------- System info --------------------
Linux sakura-tokyo-prod 3.10.0-514.26.2.el7.x86_64 #1 SMP Tue Jul 4 15:04:05 UTC 2017 x86_64 x86_64 x86_64 GNU/Linux

-------------------- Storage usage --------------------
ファイルシス   サイズ  使用  残り 使用% マウント位置
/dev/vda4         96G  6.8G   89G    8% /
devtmpfs         2.0G     0  2.0G    0% /dev
tmpfs            2.0G     0  2.0G    0% /dev/shm
tmpfs            2.0G  1.2G  787M   61% /run
tmpfs            2.0G     0  2.0G    0% /sys/fs/cgroup
/dev/vda2        497M  217M  280M   44% /boot
tmpfs            396M     0  396M    0% /run/user/0
tmpfs            396M     0  396M    0% /run/user/1001

-------------------- System load --------------------
Linux 3.10.0-514.26.2.el7.x86_64 (sakura-tokyo-prod) 	2018年07月29日 	_x86_64_	(4 CPU)

00時00分03秒     CPU     %user     %nice   %system   %iowait    %steal     %idle
01時00分03秒     all      0.19      0.00      0.08      0.00      0.04     99.69
02時00分02秒     all      0.78      0.00      0.20      0.01      0.07     98.93
平均値:      all      0.49      0.00      0.14      0.01      0.05     99.31

-------------------- Logged in user --------------------
k3d75e97 2018-07-29 00:51

==================== 2018-07-29 05:55:01 ====================

-------------------- uptime --------------------
 05:55:01 up 387 days, 18:44,  1 user,  load average: 0.00, 0.04, 0.05

-------------------- System info --------------------
Linux sakura-tokyo-prod 3.10.0-514.26.2.el7.x86_64 #1 SMP Tue Jul 4 15:04:05 UTC 2017 x86_64 x86_64 x86_64 GNU/Linux

-------------------- Storage usage --------------------
ファイルシス   サイズ  使用  残り 使用% マウント位置
/dev/vda4         96G  6.8G   89G    8% /
devtmpfs         2.0G     0  2.0G    0% /dev
tmpfs            2.0G     0  2.0G    0% /dev/shm
tmpfs            2.0G  1.2G  787M   61% /run
tmpfs            2.0G     0  2.0G    0% /sys/fs/cgroup
/dev/vda2        497M  217M  280M   44% /boot
tmpfs            396M     0  396M    0% /run/user/0
tmpfs            396M     0  396M    0% /run/user/1001

-------------------- System load --------------------
Linux 3.10.0-514.26.2.el7.x86_64 (sakura-tokyo-prod) 	2018年07月29日 	_x86_64_	(4 CPU)

00時00分03秒     CPU     %user     %nice   %system   %iowait    %steal     %idle
01時00分03秒     all      0.19      0.00      0.08      0.00      0.04     99.69
02時00分02秒     all      0.78      0.00      0.20      0.01      0.07     98.93
03時00分02秒     all      1.33      0.00      0.21      0.04      0.06     98.36
04時00分02秒     all      0.14      0.00      0.06      0.01      0.04     99.75
05時00分02秒     all      0.43      0.00      0.11      0.01      0.03     99.42
平均値:      all      0.58      0.00      0.13      0.01      0.05     99.23

-------------------- Logged in user --------------------
k6e5c0b2 2018-07-29 00:51

