==================== 2019-04-04 02:55:01 ====================

-------------------- uptime --------------------
 02:55:01 up 7 days, 16:22,  0 users,  load average: 0.01, 0.02, 0.05

-------------------- System info --------------------
Linux aws-spot-t3micro 3.10.0-957.1.3.el7.x86_64 #1 SMP Thu Nov 29 14:49:43 UTC 2018 x86_64 x86_64 x86_64 GNU/Linux

-------------------- Storage usage --------------------
Filesystem      Size  Used Avail Use% Mounted on
/dev/nvme0n1p1   30G  6.1G   24G  21% /
devtmpfs        459M     0  459M   0% /dev
tmpfs           482M     0  482M   0% /dev/shm
tmpfs           482M   67M  415M  14% /run
tmpfs           482M     0  482M   0% /sys/fs/cgroup
tmpfs            97M     0   97M   0% /run/user/0
tmpfs            97M     0   97M   0% /run/user/1002

-------------------- System load --------------------
Linux 3.10.0-957.1.3.el7.x86_64 (aws-spot-t3micro) 	04/04/2019 	_x86_64_	(2 CPU)

12:00:01 AM     CPU     %user     %nice   %system   %iowait    %steal     %idle
01:00:01 AM     all      0.08      0.00      0.06      0.00      0.04     99.81
02:00:01 AM     all      0.08      0.00      0.06      0.00      0.05     99.80
Average:        all      0.08      0.00      0.06      0.00      0.05     99.81

-------------------- Logged in user --------------------


==================== 2019-04-04 05:55:01 ====================

-------------------- uptime --------------------
 05:55:01 up 7 days, 19:22,  0 users,  load average: 0.00, 0.01, 0.05

-------------------- System info --------------------
Linux aws-spot-t3micro 3.10.0-957.1.3.el7.x86_64 #1 SMP Thu Nov 29 14:49:43 UTC 2018 x86_64 x86_64 x86_64 GNU/Linux

-------------------- Storage usage --------------------
Filesystem      Size  Used Avail Use% Mounted on
/dev/nvme0n1p1   30G  6.1G   24G  21% /
devtmpfs        459M     0  459M   0% /dev
tmpfs           482M     0  482M   0% /dev/shm
tmpfs           482M   67M  415M  14% /run
tmpfs           482M     0  482M   0% /sys/fs/cgroup
tmpfs            97M     0   97M   0% /run/user/1002
tmpfs            97M     0   97M   0% /run/user/0

-------------------- System load --------------------
Linux 3.10.0-957.1.3.el7.x86_64 (aws-spot-t3micro) 	04/04/2019 	_x86_64_	(2 CPU)

12:00:01 AM     CPU     %user     %nice   %system   %iowait    %steal     %idle
01:00:01 AM     all      0.08      0.00      0.06      0.00      0.04     99.81
02:00:01 AM     all      0.08      0.00      0.06      0.00      0.05     99.80
03:00:01 AM     all      0.08      0.00      0.06      0.00      0.04     99.82
04:00:01 AM     all      0.07      0.00      0.06      0.00      0.04     99.83
05:00:02 AM     all      0.08      0.00      0.06      0.00      0.04     99.81
Average:        all      0.08      0.00      0.06      0.00      0.04     99.81

-------------------- Logged in user --------------------


==================== 2019-04-04 08:55:01 ====================

-------------------- uptime --------------------
 08:55:01 up 7 days, 22:22,  0 users,  load average: 0.00, 0.01, 0.05

-------------------- System info --------------------
Linux aws-spot-t3micro 3.10.0-957.1.3.el7.x86_64 #1 SMP Thu Nov 29 14:49:43 UTC 2018 x86_64 x86_64 x86_64 GNU/Linux

-------------------- Storage usage --------------------
Filesystem      Size  Used Avail Use% Mounted on
/dev/nvme0n1p1   30G  6.1G   24G  21% /
devtmpfs        459M     0  459M   0% /dev
tmpfs           482M     0  482M   0% /dev/shm
tmpfs           482M   61M  421M  13% /run
tmpfs           482M     0  482M   0% /sys/fs/cgroup
tmpfs            97M     0   97M   0% /run/user/1002
tmpfs            97M     0   97M   0% /run/user/0

-------------------- System load --------------------
Linux 3.10.0-957.1.3.el7.x86_64 (aws-spot-t3micro) 	04/04/2019 	_x86_64_	(2 CPU)

12:00:01 AM     CPU     %user     %nice   %system   %iowait    %steal     %idle
01:00:01 AM     all      0.08      0.00      0.06      0.00      0.04     99.81
02:00:01 AM     all      0.08      0.00      0.06      0.00      0.05     99.80
03:00:01 AM     all      0.08      0.00      0.06      0.00      0.04     99.82
04:00:01 AM     all      0.07      0.00      0.06      0.00      0.04     99.83
05:00:02 AM     all      0.08      0.00      0.06      0.00      0.04     99.81
06:00:01 AM     all      0.08      0.00      0.07      0.00      0.04     99.80
07:00:01 AM     all      0.08      0.00      0.06      0.00      0.05     99.80
08:00:01 AM     all      0.08      0.00      0.06      0.00      0.04     99.81
Average:        all      0.08      0.00      0.06      0.00      0.04     99.81

-------------------- Logged in user --------------------


==================== 2019-04-04 11:55:01 ====================

-------------------- uptime --------------------
 11:55:01 up 8 days,  1:22,  0 users,  load average: 0.02, 0.03, 0.05

-------------------- System info --------------------
Linux aws-spot-t3micro 3.10.0-957.1.3.el7.x86_64 #1 SMP Thu Nov 29 14:49:43 UTC 2018 x86_64 x86_64 x86_64 GNU/Linux

-------------------- Storage usage --------------------
Filesystem      Size  Used Avail Use% Mounted on
/dev/nvme0n1p1   30G  6.1G   24G  21% /
devtmpfs        459M     0  459M   0% /dev
tmpfs           482M     0  482M   0% /dev/shm
tmpfs           482M   67M  415M  14% /run
tmpfs           482M     0  482M   0% /sys/fs/cgroup
tmpfs            97M     0   97M   0% /run/user/1002
tmpfs            97M     0   97M   0% /run/user/0

-------------------- System load --------------------
Linux 3.10.0-957.1.3.el7.x86_64 (aws-spot-t3micro) 	04/04/2019 	_x86_64_	(2 CPU)

12:00:01 AM     CPU     %user     %nice   %system   %iowait    %steal     %idle
01:00:01 AM     all      0.08      0.00      0.06      0.00      0.04     99.81
02:00:01 AM     all      0.08      0.00      0.06      0.00      0.05     99.80
03:00:01 AM     all      0.08      0.00      0.06      0.00      0.04     99.82
04:00:01 AM     all      0.07      0.00      0.06      0.00      0.04     99.83
05:00:02 AM     all      0.08      0.00      0.06      0.00      0.04     99.81
06:00:01 AM     all      0.08      0.00      0.07      0.00      0.04     99.80
07:00:01 AM     all      0.08      0.00      0.06      0.00      0.05     99.80
08:00:01 AM     all      0.08      0.00      0.06      0.00      0.04     99.81
09:00:01 AM     all      0.08      0.00      0.07      0.00      0.07     99.78
10:00:01 AM     all      0.26      0.00      0.08      0.00      0.07     99.59
11:00:01 AM     all      0.15      0.00      0.07      0.00      0.07     99.70
Average:        all      0.10      0.00      0.07      0.00      0.05     99.78

-------------------- Logged in user --------------------


==================== 2019-04-04 14:55:01 ====================

-------------------- uptime --------------------
 14:55:01 up 8 days,  4:22,  0 users,  load average: 0.00, 0.02, 0.05

-------------------- System info --------------------
Linux aws-spot-t3micro 3.10.0-957.1.3.el7.x86_64 #1 SMP Thu Nov 29 14:49:43 UTC 2018 x86_64 x86_64 x86_64 GNU/Linux

-------------------- Storage usage --------------------
Filesystem      Size  Used Avail Use% Mounted on
/dev/nvme0n1p1   30G  6.1G   24G  21% /
devtmpfs        459M     0  459M   0% /dev
tmpfs           482M     0  482M   0% /dev/shm
tmpfs           482M   61M  421M  13% /run
tmpfs           482M     0  482M   0% /sys/fs/cgroup
tmpfs            97M     0   97M   0% /run/user/1002
tmpfs            97M     0   97M   0% /run/user/0

-------------------- System load --------------------
Linux 3.10.0-957.1.3.el7.x86_64 (aws-spot-t3micro) 	04/04/2019 	_x86_64_	(2 CPU)

12:00:01 AM     CPU     %user     %nice   %system   %iowait    %steal     %idle
01:00:01 AM     all      0.08      0.00      0.06      0.00      0.04     99.81
02:00:01 AM     all      0.08      0.00      0.06      0.00      0.05     99.80
03:00:01 AM     all      0.08      0.00      0.06      0.00      0.04     99.82
04:00:01 AM     all      0.07      0.00      0.06      0.00      0.04     99.83
05:00:02 AM     all      0.08      0.00      0.06      0.00      0.04     99.81
06:00:01 AM     all      0.08      0.00      0.07      0.00      0.04     99.80
07:00:01 AM     all      0.08      0.00      0.06      0.00      0.05     99.80
08:00:01 AM     all      0.08      0.00      0.06      0.00      0.04     99.81
09:00:01 AM     all      0.08      0.00      0.07      0.00      0.07     99.78
10:00:01 AM     all      0.26      0.00      0.08      0.00      0.07     99.59
11:00:01 AM     all      0.15      0.00      0.07      0.00      0.07     99.70
12:00:01 PM     all      0.08      0.00      0.06      0.00      0.05     99.80
01:00:01 PM     all      0.08      0.00      0.07      0.00      0.06     99.79
02:00:01 PM     all      0.13      0.00      0.07      0.00      0.05     99.74
Average:        all      0.10      0.00      0.07      0.00      0.05     99.78

-------------------- Logged in user --------------------


==================== 2019-04-04 17:55:01 ====================

-------------------- uptime --------------------
 17:55:01 up 8 days,  7:22,  0 users,  load average: 0.00, 0.01, 0.05

-------------------- System info --------------------
Linux aws-spot-t3micro 3.10.0-957.1.3.el7.x86_64 #1 SMP Thu Nov 29 14:49:43 UTC 2018 x86_64 x86_64 x86_64 GNU/Linux

-------------------- Storage usage --------------------
Filesystem      Size  Used Avail Use% Mounted on
/dev/nvme0n1p1   30G  6.1G   24G  21% /
devtmpfs        459M     0  459M   0% /dev
tmpfs           482M     0  482M   0% /dev/shm
tmpfs           482M   61M  421M  13% /run
tmpfs           482M     0  482M   0% /sys/fs/cgroup
tmpfs            97M     0   97M   0% /run/user/0
tmpfs            97M     0   97M   0% /run/user/1002

-------------------- System load --------------------
Linux 3.10.0-957.1.3.el7.x86_64 (aws-spot-t3micro) 	04/04/2019 	_x86_64_	(2 CPU)

12:00:01 AM     CPU     %user     %nice   %system   %iowait    %steal     %idle
01:00:01 AM     all      0.08      0.00      0.06      0.00      0.04     99.81
02:00:01 AM     all      0.08      0.00      0.06      0.00      0.05     99.80
03:00:01 AM     all      0.08      0.00      0.06      0.00      0.04     99.82
04:00:01 AM     all      0.07      0.00      0.06      0.00      0.04     99.83
05:00:02 AM     all      0.08      0.00      0.06      0.00      0.04     99.81
06:00:01 AM     all      0.08      0.00      0.07      0.00      0.04     99.80
07:00:01 AM     all      0.08      0.00      0.06      0.00      0.05     99.80
08:00:01 AM     all      0.08      0.00      0.06      0.00      0.04     99.81
09:00:01 AM     all      0.08      0.00      0.07      0.00      0.07     99.78
10:00:01 AM     all      0.26      0.00      0.08      0.00      0.07     99.59
11:00:01 AM     all      0.15      0.00      0.07      0.00      0.07     99.70
12:00:01 PM     all      0.08      0.00      0.06      0.00      0.05     99.80
01:00:01 PM     all      0.08      0.00      0.07      0.00      0.06     99.79
02:00:01 PM     all      0.13      0.00      0.07      0.00      0.05     99.74
03:00:01 PM     all      0.08      0.00      0.07      0.00      0.05     99.80
04:00:01 PM     all      0.08      0.00      0.07      0.00      0.07     99.78
05:00:01 PM     all      0.09      0.00      0.07      0.00      0.07     99.77
Average:        all      0.10      0.00      0.07      0.00      0.05     99.78

-------------------- Logged in user --------------------


