==================== 2019-04-05 02:55:01 ====================

-------------------- uptime --------------------
 02:55:01 up 8 days, 16:22,  0 users,  load average: 0.00, 0.01, 0.05

-------------------- System info --------------------
Linux aws-spot-t3micro 3.10.0-957.1.3.el7.x86_64 #1 SMP Thu Nov 29 14:49:43 UTC 2018 x86_64 x86_64 x86_64 GNU/Linux

-------------------- Storage usage --------------------
Filesystem      Size  Used Avail Use% Mounted on
/dev/nvme0n1p1   30G  6.1G   24G  21% /
devtmpfs        459M     0  459M   0% /dev
tmpfs           482M     0  482M   0% /dev/shm
tmpfs           482M   61M  421M  13% /run
tmpfs           482M     0  482M   0% /sys/fs/cgroup
tmpfs            97M     0   97M   0% /run/user/1002
tmpfs            97M     0   97M   0% /run/user/0

-------------------- System load --------------------
Linux 3.10.0-957.1.3.el7.x86_64 (aws-spot-t3micro) 	04/05/2019 	_x86_64_	(2 CPU)

12:00:01 AM     CPU     %user     %nice   %system   %iowait    %steal     %idle
01:00:02 AM     all      0.07      0.00      0.06      0.00      0.04     99.83
02:00:02 AM     all      0.09      0.00      0.07      0.00      0.05     99.79
Average:        all      0.08      0.00      0.06      0.00      0.04     99.81

-------------------- Logged in user --------------------


==================== 2019-04-05 05:55:01 ====================

-------------------- uptime --------------------
 05:55:01 up 8 days, 19:22,  0 users,  load average: 0.00, 0.01, 0.05

-------------------- System info --------------------
Linux aws-spot-t3micro 3.10.0-957.1.3.el7.x86_64 #1 SMP Thu Nov 29 14:49:43 UTC 2018 x86_64 x86_64 x86_64 GNU/Linux

-------------------- Storage usage --------------------
Filesystem      Size  Used Avail Use% Mounted on
/dev/nvme0n1p1   30G  6.1G   24G  21% /
devtmpfs        459M     0  459M   0% /dev
tmpfs           482M     0  482M   0% /dev/shm
tmpfs           482M   61M  421M  13% /run
tmpfs           482M     0  482M   0% /sys/fs/cgroup
tmpfs            97M     0   97M   0% /run/user/1002
tmpfs            97M     0   97M   0% /run/user/0

-------------------- System load --------------------
Linux 3.10.0-957.1.3.el7.x86_64 (aws-spot-t3micro) 	04/05/2019 	_x86_64_	(2 CPU)

12:00:01 AM     CPU     %user     %nice   %system   %iowait    %steal     %idle
01:00:02 AM     all      0.07      0.00      0.06      0.00      0.04     99.83
02:00:02 AM     all      0.09      0.00      0.07      0.00      0.05     99.79
03:00:01 AM     all      0.07      0.00      0.06      0.00      0.08     99.78
04:00:01 AM     all      0.08      0.00      0.06      0.00      0.05     99.81
05:00:01 AM     all      0.10      0.00      0.06      0.00      0.05     99.78
Average:        all      0.08      0.00      0.06      0.00      0.05     99.80

-------------------- Logged in user --------------------


==================== 2019-04-05 08:55:01 ====================

-------------------- uptime --------------------
 08:55:01 up 8 days, 22:22,  0 users,  load average: 0.00, 0.01, 0.05

-------------------- System info --------------------
Linux aws-spot-t3micro 3.10.0-957.1.3.el7.x86_64 #1 SMP Thu Nov 29 14:49:43 UTC 2018 x86_64 x86_64 x86_64 GNU/Linux

-------------------- Storage usage --------------------
Filesystem      Size  Used Avail Use% Mounted on
/dev/nvme0n1p1   30G  6.1G   24G  21% /
devtmpfs        459M     0  459M   0% /dev
tmpfs           482M     0  482M   0% /dev/shm
tmpfs           482M   61M  421M  13% /run
tmpfs           482M     0  482M   0% /sys/fs/cgroup
tmpfs            97M     0   97M   0% /run/user/0
tmpfs            97M     0   97M   0% /run/user/1002

-------------------- System load --------------------
Linux 3.10.0-957.1.3.el7.x86_64 (aws-spot-t3micro) 	04/05/2019 	_x86_64_	(2 CPU)

12:00:01 AM     CPU     %user     %nice   %system   %iowait    %steal     %idle
01:00:02 AM     all      0.07      0.00      0.06      0.00      0.04     99.83
02:00:02 AM     all      0.09      0.00      0.07      0.00      0.05     99.79
03:00:01 AM     all      0.07      0.00      0.06      0.00      0.08     99.78
04:00:01 AM     all      0.08      0.00      0.06      0.00      0.05     99.81
05:00:01 AM     all      0.10      0.00      0.06      0.00      0.05     99.78
06:00:01 AM     all      0.07      0.00      0.06      0.00      0.06     99.80
07:00:01 AM     all      0.08      0.00      0.06      0.00      0.04     99.81
08:00:01 AM     all      0.15      0.00      0.07      0.00      0.09     99.69
Average:        all      0.09      0.00      0.06      0.00      0.06     99.79

-------------------- Logged in user --------------------


==================== 2019-04-05 11:55:01 ====================

-------------------- uptime --------------------
 11:55:01 up 9 days,  1:22,  0 users,  load average: 0.04, 0.04, 0.05

-------------------- System info --------------------
Linux aws-spot-t3micro 3.10.0-957.1.3.el7.x86_64 #1 SMP Thu Nov 29 14:49:43 UTC 2018 x86_64 x86_64 x86_64 GNU/Linux

-------------------- Storage usage --------------------
Filesystem      Size  Used Avail Use% Mounted on
/dev/nvme0n1p1   30G  6.1G   24G  21% /
devtmpfs        459M     0  459M   0% /dev
tmpfs           482M     0  482M   0% /dev/shm
tmpfs           482M   61M  421M  13% /run
tmpfs           482M     0  482M   0% /sys/fs/cgroup
tmpfs            97M     0   97M   0% /run/user/1002
tmpfs            97M     0   97M   0% /run/user/0

-------------------- System load --------------------
Linux 3.10.0-957.1.3.el7.x86_64 (aws-spot-t3micro) 	04/05/2019 	_x86_64_	(2 CPU)

12:00:01 AM     CPU     %user     %nice   %system   %iowait    %steal     %idle
01:00:02 AM     all      0.07      0.00      0.06      0.00      0.04     99.83
02:00:02 AM     all      0.09      0.00      0.07      0.00      0.05     99.79
03:00:01 AM     all      0.07      0.00      0.06      0.00      0.08     99.78
04:00:01 AM     all      0.08      0.00      0.06      0.00      0.05     99.81
05:00:01 AM     all      0.10      0.00      0.06      0.00      0.05     99.78
06:00:01 AM     all      0.07      0.00      0.06      0.00      0.06     99.80
07:00:01 AM     all      0.08      0.00      0.06      0.00      0.04     99.81
08:00:01 AM     all      0.15      0.00      0.07      0.00      0.09     99.69
09:00:01 AM     all      0.07      0.00      0.06      0.00      0.09     99.78
10:00:01 AM     all      0.08      0.00      0.06      0.00      0.06     99.79
11:00:01 AM     all      0.08      0.00      0.06      0.00      0.05     99.80
Average:        all      0.09      0.00      0.06      0.00      0.06     99.79

-------------------- Logged in user --------------------


==================== 2019-04-05 14:55:01 ====================

-------------------- uptime --------------------
 14:55:01 up 9 days,  4:22,  0 users,  load average: 0.00, 0.01, 0.05

-------------------- System info --------------------
Linux aws-spot-t3micro 3.10.0-957.1.3.el7.x86_64 #1 SMP Thu Nov 29 14:49:43 UTC 2018 x86_64 x86_64 x86_64 GNU/Linux

-------------------- Storage usage --------------------
Filesystem      Size  Used Avail Use% Mounted on
/dev/nvme0n1p1   30G  6.1G   24G  21% /
devtmpfs        459M     0  459M   0% /dev
tmpfs           482M     0  482M   0% /dev/shm
tmpfs           482M   61M  421M  13% /run
tmpfs           482M     0  482M   0% /sys/fs/cgroup
tmpfs            97M     0   97M   0% /run/user/0
tmpfs            97M     0   97M   0% /run/user/1002

-------------------- System load --------------------
Linux 3.10.0-957.1.3.el7.x86_64 (aws-spot-t3micro) 	04/05/2019 	_x86_64_	(2 CPU)

12:00:01 AM     CPU     %user     %nice   %system   %iowait    %steal     %idle
01:00:02 AM     all      0.07      0.00      0.06      0.00      0.04     99.83
02:00:02 AM     all      0.09      0.00      0.07      0.00      0.05     99.79
03:00:01 AM     all      0.07      0.00      0.06      0.00      0.08     99.78
04:00:01 AM     all      0.08      0.00      0.06      0.00      0.05     99.81
05:00:01 AM     all      0.10      0.00      0.06      0.00      0.05     99.78
06:00:01 AM     all      0.07      0.00      0.06      0.00      0.06     99.80
07:00:01 AM     all      0.08      0.00      0.06      0.00      0.04     99.81
08:00:01 AM     all      0.15      0.00      0.07      0.00      0.09     99.69
09:00:01 AM     all      0.07      0.00      0.06      0.00      0.09     99.78
10:00:01 AM     all      0.08      0.00      0.06      0.00      0.06     99.79
11:00:01 AM     all      0.08      0.00      0.06      0.00      0.05     99.80
12:00:02 PM     all      0.07      0.00      0.06      0.00      0.04     99.83
01:00:01 PM     all      0.09      0.00      0.08      0.01      0.06     99.77
02:00:01 PM     all      0.13      0.00      0.09      0.00      0.06     99.72
Average:        all      0.09      0.00      0.07      0.00      0.06     99.78

-------------------- Logged in user --------------------


==================== 2019-04-05 17:55:01 ====================

-------------------- uptime --------------------
 17:55:01 up 9 days,  7:22,  0 users,  load average: 0.12, 0.09, 0.06

-------------------- System info --------------------
Linux aws-spot-t3micro 3.10.0-957.1.3.el7.x86_64 #1 SMP Thu Nov 29 14:49:43 UTC 2018 x86_64 x86_64 x86_64 GNU/Linux

-------------------- Storage usage --------------------
Filesystem      Size  Used Avail Use% Mounted on
/dev/nvme0n1p1   30G  6.1G   24G  21% /
devtmpfs        459M     0  459M   0% /dev
tmpfs           482M     0  482M   0% /dev/shm
tmpfs           482M   61M  421M  13% /run
tmpfs           482M     0  482M   0% /sys/fs/cgroup
tmpfs            97M     0   97M   0% /run/user/0
tmpfs            97M     0   97M   0% /run/user/1002

-------------------- System load --------------------
Linux 3.10.0-957.1.3.el7.x86_64 (aws-spot-t3micro) 	04/05/2019 	_x86_64_	(2 CPU)

12:00:01 AM     CPU     %user     %nice   %system   %iowait    %steal     %idle
01:00:02 AM     all      0.07      0.00      0.06      0.00      0.04     99.83
02:00:02 AM     all      0.09      0.00      0.07      0.00      0.05     99.79
03:00:01 AM     all      0.07      0.00      0.06      0.00      0.08     99.78
04:00:01 AM     all      0.08      0.00      0.06      0.00      0.05     99.81
05:00:01 AM     all      0.10      0.00      0.06      0.00      0.05     99.78
06:00:01 AM     all      0.07      0.00      0.06      0.00      0.06     99.80
07:00:01 AM     all      0.08      0.00      0.06      0.00      0.04     99.81
08:00:01 AM     all      0.15      0.00      0.07      0.00      0.09     99.69
09:00:01 AM     all      0.07      0.00      0.06      0.00      0.09     99.78
10:00:01 AM     all      0.08      0.00      0.06      0.00      0.06     99.79
11:00:01 AM     all      0.08      0.00      0.06      0.00      0.05     99.80
12:00:02 PM     all      0.07      0.00      0.06      0.00      0.04     99.83
01:00:01 PM     all      0.09      0.00      0.08      0.01      0.06     99.77
02:00:01 PM     all      0.13      0.00      0.09      0.00      0.06     99.72
03:00:01 PM     all      1.27      0.00      0.17      0.00      0.15     98.41
04:00:01 PM     all      1.68      0.00      0.20      0.00      0.17     97.94
05:00:01 PM     all      1.68      0.00      0.22      0.00      0.17     97.93
Average:        all      0.34      0.00      0.09      0.00      0.08     99.49

-------------------- Logged in user --------------------


==================== 2019-04-05 20:55:01 ====================

-------------------- uptime --------------------
 20:55:01 up 9 days, 10:22,  0 users,  load average: 0.01, 0.03, 0.05

-------------------- System info --------------------
Linux aws-spot-t3micro 3.10.0-957.1.3.el7.x86_64 #1 SMP Thu Nov 29 14:49:43 UTC 2018 x86_64 x86_64 x86_64 GNU/Linux

-------------------- Storage usage --------------------
Filesystem      Size  Used Avail Use% Mounted on
/dev/nvme0n1p1   30G  6.1G   24G  21% /
devtmpfs        459M     0  459M   0% /dev
tmpfs           482M     0  482M   0% /dev/shm
tmpfs           482M   61M  421M  13% /run
tmpfs           482M     0  482M   0% /sys/fs/cgroup
tmpfs            97M     0   97M   0% /run/user/1002
tmpfs            97M     0   97M   0% /run/user/0

-------------------- System load --------------------
Linux 3.10.0-957.1.3.el7.x86_64 (aws-spot-t3micro) 	04/05/2019 	_x86_64_	(2 CPU)

12:00:01 AM     CPU     %user     %nice   %system   %iowait    %steal     %idle
01:00:02 AM     all      0.07      0.00      0.06      0.00      0.04     99.83
02:00:02 AM     all      0.09      0.00      0.07      0.00      0.05     99.79
03:00:01 AM     all      0.07      0.00      0.06      0.00      0.08     99.78
04:00:01 AM     all      0.08      0.00      0.06      0.00      0.05     99.81
05:00:01 AM     all      0.10      0.00      0.06      0.00      0.05     99.78
06:00:01 AM     all      0.07      0.00      0.06      0.00      0.06     99.80
07:00:01 AM     all      0.08      0.00      0.06      0.00      0.04     99.81
08:00:01 AM     all      0.15      0.00      0.07      0.00      0.09     99.69
09:00:01 AM     all      0.07      0.00      0.06      0.00      0.09     99.78
10:00:01 AM     all      0.08      0.00      0.06      0.00      0.06     99.79
11:00:01 AM     all      0.08      0.00      0.06      0.00      0.05     99.80
12:00:02 PM     all      0.07      0.00      0.06      0.00      0.04     99.83
01:00:01 PM     all      0.09      0.00      0.08      0.01      0.06     99.77
02:00:01 PM     all      0.13      0.00      0.09      0.00      0.06     99.72
03:00:01 PM     all      1.27      0.00      0.17      0.00      0.15     98.41
04:00:01 PM     all      1.68      0.00      0.20      0.00      0.17     97.94
05:00:01 PM     all      1.68      0.00      0.22      0.00      0.17     97.93
06:00:01 PM     all      1.76      0.00      0.22      0.00      0.20     97.82
07:00:01 PM     all      1.64      0.00      0.21      0.00      0.20     97.94
08:00:01 PM     all      1.61      0.00      0.21      0.00      0.18     98.00
Average:        all      0.54      0.00      0.11      0.00      0.09     99.25

-------------------- Logged in user --------------------


==================== 2019-04-05 23:55:01 ====================

-------------------- uptime --------------------
 23:55:01 up 9 days, 13:22,  0 users,  load average: 0.00, 0.01, 0.05

-------------------- System info --------------------
Linux aws-spot-t3micro 3.10.0-957.1.3.el7.x86_64 #1 SMP Thu Nov 29 14:49:43 UTC 2018 x86_64 x86_64 x86_64 GNU/Linux

-------------------- Storage usage --------------------
Filesystem      Size  Used Avail Use% Mounted on
/dev/nvme0n1p1   30G  6.1G   24G  21% /
devtmpfs        459M     0  459M   0% /dev
tmpfs           482M     0  482M   0% /dev/shm
tmpfs           482M   61M  421M  13% /run
tmpfs           482M     0  482M   0% /sys/fs/cgroup
tmpfs            97M     0   97M   0% /run/user/1002
tmpfs            97M     0   97M   0% /run/user/0

-------------------- System load --------------------
Linux 3.10.0-957.1.3.el7.x86_64 (aws-spot-t3micro) 	04/05/2019 	_x86_64_	(2 CPU)

12:00:01 AM     CPU     %user     %nice   %system   %iowait    %steal     %idle
01:00:02 AM     all      0.07      0.00      0.06      0.00      0.04     99.83
02:00:02 AM     all      0.09      0.00      0.07      0.00      0.05     99.79
03:00:01 AM     all      0.07      0.00      0.06      0.00      0.08     99.78
04:00:01 AM     all      0.08      0.00      0.06      0.00      0.05     99.81
05:00:01 AM     all      0.10      0.00      0.06      0.00      0.05     99.78
06:00:01 AM     all      0.07      0.00      0.06      0.00      0.06     99.80
07:00:01 AM     all      0.08      0.00      0.06      0.00      0.04     99.81
08:00:01 AM     all      0.15      0.00      0.07      0.00      0.09     99.69
09:00:01 AM     all      0.07      0.00      0.06      0.00      0.09     99.78
10:00:01 AM     all      0.08      0.00      0.06      0.00      0.06     99.79
11:00:01 AM     all      0.08      0.00      0.06      0.00      0.05     99.80
12:00:02 PM     all      0.07      0.00      0.06      0.00      0.04     99.83
01:00:01 PM     all      0.09      0.00      0.08      0.01      0.06     99.77
02:00:01 PM     all      0.13      0.00      0.09      0.00      0.06     99.72
03:00:01 PM     all      1.27      0.00      0.17      0.00      0.15     98.41
04:00:01 PM     all      1.68      0.00      0.20      0.00      0.17     97.94
05:00:01 PM     all      1.68      0.00      0.22      0.00      0.17     97.93
06:00:01 PM     all      1.76      0.00      0.22      0.00      0.20     97.82
07:00:01 PM     all      1.64      0.00      0.21      0.00      0.20     97.94
08:00:01 PM     all      1.61      0.00      0.21      0.00      0.18     98.00
09:00:01 PM     all      1.53      0.00      0.20      0.00      0.14     98.12
10:00:01 PM     all      0.08      0.00      0.07      0.00      0.04     99.82
11:00:01 PM     all      0.07      0.00      0.06      0.00      0.03     99.83
Average:        all      0.54      0.00      0.11      0.00      0.09     99.25

-------------------- Logged in user --------------------


