==================== 2019-04-09 02:55:01 ====================

-------------------- uptime --------------------
 02:55:01 up 12 days, 16:22,  1 user,  load average: 0.00, 0.01, 0.05

-------------------- System info --------------------
Linux aws-spot-t3micro 3.10.0-957.1.3.el7.x86_64 #1 SMP Thu Nov 29 14:49:43 UTC 2018 x86_64 x86_64 x86_64 GNU/Linux

-------------------- Storage usage --------------------
Filesystem      Size  Used Avail Use% Mounted on
/dev/nvme0n1p1   30G  6.1G   24G  21% /
devtmpfs        459M     0  459M   0% /dev
tmpfs           482M     0  482M   0% /dev/shm
tmpfs           482M   67M  415M  14% /run
tmpfs           482M     0  482M   0% /sys/fs/cgroup
tmpfs            97M     0   97M   0% /run/user/1000
tmpfs            97M     0   97M   0% /run/user/1002
tmpfs            97M     0   97M   0% /run/user/0

-------------------- System load --------------------
Linux 3.10.0-957.1.3.el7.x86_64 (aws-spot-t3micro) 	04/09/2019 	_x86_64_	(2 CPU)

12:00:01 AM     CPU     %user     %nice   %system   %iowait    %steal     %idle
01:00:01 AM     all      0.07      0.00      0.06      0.00      0.04     99.81
02:00:01 AM     all      0.09      0.00      0.07      0.00      0.05     99.79
Average:        all      0.08      0.00      0.07      0.00      0.05     99.80

-------------------- Logged in user --------------------
c2d1ba 2019-04-08 15:20

