==================== 2019-03-05 02:55:01 ====================

-------------------- uptime --------------------
 02:55:01 up 117 days, 31 min,  0 users,  load average: 0.00, 0.01, 0.05

-------------------- System info --------------------
Linux aws-spot-t3micro 3.10.0-862.14.4.el7.x86_64 #1 SMP Wed Sep 26 15:12:11 UTC 2018 x86_64 x86_64 x86_64 GNU/Linux

-------------------- Storage usage --------------------
ファイルシス   サイズ  使用  残り 使用% マウント位置
/dev/nvme0n1p1    30G  6.0G   25G   20% /
devtmpfs         459M     0  459M    0% /dev
tmpfs            482M     0  482M    0% /dev/shm
tmpfs            482M   55M  428M   12% /run
tmpfs            482M     0  482M    0% /sys/fs/cgroup
tmpfs             97M     0   97M    0% /run/user/0
tmpfs             97M     0   97M    0% /run/user/1002

-------------------- System load --------------------
Linux 3.10.0-862.14.4.el7.x86_64 (aws-spot-t3micro) 	2019年03月05日 	_x86_64_	(2 CPU)

00時00分02秒     CPU     %user     %nice   %system   %iowait    %steal     %idle
01時00分01秒     all      0.09      0.00      0.06      0.00      0.05     99.79
02時00分01秒     all      0.17      0.00      0.07      0.00      0.05     99.71
平均値:      all      0.13      0.00      0.06      0.00      0.05     99.75

-------------------- Logged in user --------------------


==================== 2019-03-05 05:55:01 ====================

-------------------- uptime --------------------
 05:55:01 up 117 days,  3:31,  0 users,  load average: 0.00, 0.01, 0.05

-------------------- System info --------------------
Linux aws-spot-t3micro 3.10.0-862.14.4.el7.x86_64 #1 SMP Wed Sep 26 15:12:11 UTC 2018 x86_64 x86_64 x86_64 GNU/Linux

-------------------- Storage usage --------------------
ファイルシス   サイズ  使用  残り 使用% マウント位置
/dev/nvme0n1p1    30G  6.0G   25G   20% /
devtmpfs         459M     0  459M    0% /dev
tmpfs            482M     0  482M    0% /dev/shm
tmpfs            482M   55M  428M   12% /run
tmpfs            482M     0  482M    0% /sys/fs/cgroup
tmpfs             97M     0   97M    0% /run/user/1002
tmpfs             97M     0   97M    0% /run/user/0

-------------------- System load --------------------
Linux 3.10.0-862.14.4.el7.x86_64 (aws-spot-t3micro) 	2019年03月05日 	_x86_64_	(2 CPU)

00時00分02秒     CPU     %user     %nice   %system   %iowait    %steal     %idle
01時00分01秒     all      0.09      0.00      0.06      0.00      0.05     99.79
02時00分01秒     all      0.17      0.00      0.07      0.00      0.05     99.71
03時00分01秒     all      0.10      0.00      0.06      0.00      0.05     99.80
04時00分02秒     all      0.09      0.00      0.06      0.00      0.05     99.80
05時00分02秒     all      0.44      0.00      0.08      0.00      0.09     99.38
平均値:      all      0.18      0.00      0.06      0.00      0.06     99.70

-------------------- Logged in user --------------------


==================== 2019-03-05 08:55:01 ====================

-------------------- uptime --------------------
 08:55:01 up 117 days,  6:31,  0 users,  load average: 0.00, 0.01, 0.05

-------------------- System info --------------------
Linux aws-spot-t3micro 3.10.0-862.14.4.el7.x86_64 #1 SMP Wed Sep 26 15:12:11 UTC 2018 x86_64 x86_64 x86_64 GNU/Linux

-------------------- Storage usage --------------------
ファイルシス   サイズ  使用  残り 使用% マウント位置
/dev/nvme0n1p1    30G  6.0G   25G   20% /
devtmpfs         459M     0  459M    0% /dev
tmpfs            482M     0  482M    0% /dev/shm
tmpfs            482M   55M  428M   12% /run
tmpfs            482M     0  482M    0% /sys/fs/cgroup
tmpfs             97M     0   97M    0% /run/user/1002
tmpfs             97M     0   97M    0% /run/user/0

-------------------- System load --------------------
Linux 3.10.0-862.14.4.el7.x86_64 (aws-spot-t3micro) 	2019年03月05日 	_x86_64_	(2 CPU)

00時00分02秒     CPU     %user     %nice   %system   %iowait    %steal     %idle
01時00分01秒     all      0.09      0.00      0.06      0.00      0.05     99.79
02時00分01秒     all      0.17      0.00      0.07      0.00      0.05     99.71
03時00分01秒     all      0.10      0.00      0.06      0.00      0.05     99.80
04時00分02秒     all      0.09      0.00      0.06      0.00      0.05     99.80
05時00分02秒     all      0.44      0.00      0.08      0.00      0.09     99.38
06時00分01秒     all      0.07      0.00      0.06      0.00      0.03     99.84
07時00分01秒     all      0.07      0.00      0.06      0.00      0.04     99.82
08時00分01秒     all      0.09      0.00      0.05      0.00      0.05     99.81
平均値:      all      0.14      0.00      0.06      0.00      0.05     99.74

-------------------- Logged in user --------------------


