==================== 2019-03-12 02:55:01 ====================

-------------------- uptime --------------------
 02:55:01 up 124 days, 31 min,  0 users,  load average: 0.00, 0.01, 0.05

-------------------- System info --------------------
Linux aws-spot-t3micro 3.10.0-862.14.4.el7.x86_64 #1 SMP Wed Sep 26 15:12:11 UTC 2018 x86_64 x86_64 x86_64 GNU/Linux

-------------------- Storage usage --------------------
ファイルシス   サイズ  使用  残り 使用% マウント位置
/dev/nvme0n1p1    30G  7.9G   23G   27% /
devtmpfs         459M     0  459M    0% /dev
tmpfs            482M     0  482M    0% /dev/shm
tmpfs            482M   55M  428M   12% /run
tmpfs            482M     0  482M    0% /sys/fs/cgroup
tmpfs             97M     0   97M    0% /run/user/0
tmpfs             97M     0   97M    0% /run/user/1002

-------------------- System load --------------------
Linux 3.10.0-862.14.4.el7.x86_64 (aws-spot-t3micro) 	2019年03月12日 	_x86_64_	(2 CPU)

00時00分01秒     CPU     %user     %nice   %system   %iowait    %steal     %idle
01時00分01秒     all      0.13      0.00      0.08      0.00      0.06     99.73
02時00分01秒     all      0.14      0.00      0.08      0.01      0.06     99.71
平均値:      all      0.14      0.00      0.08      0.00      0.06     99.72

-------------------- Logged in user --------------------


==================== 2019-03-12 05:55:01 ====================

-------------------- uptime --------------------
 05:55:01 up 124 days,  3:31,  0 users,  load average: 0.00, 0.01, 0.05

-------------------- System info --------------------
Linux aws-spot-t3micro 3.10.0-862.14.4.el7.x86_64 #1 SMP Wed Sep 26 15:12:11 UTC 2018 x86_64 x86_64 x86_64 GNU/Linux

-------------------- Storage usage --------------------
ファイルシス   サイズ  使用  残り 使用% マウント位置
/dev/nvme0n1p1    30G  8.5G   22G   29% /
devtmpfs         459M     0  459M    0% /dev
tmpfs            482M     0  482M    0% /dev/shm
tmpfs            482M   55M  428M   12% /run
tmpfs            482M     0  482M    0% /sys/fs/cgroup
tmpfs             97M     0   97M    0% /run/user/0
tmpfs             97M     0   97M    0% /run/user/1002

-------------------- System load --------------------
Linux 3.10.0-862.14.4.el7.x86_64 (aws-spot-t3micro) 	2019年03月12日 	_x86_64_	(2 CPU)

00時00分01秒     CPU     %user     %nice   %system   %iowait    %steal     %idle
01時00分01秒     all      0.13      0.00      0.08      0.00      0.06     99.73
02時00分01秒     all      0.14      0.00      0.08      0.01      0.06     99.71
03時00分01秒     all      0.15      0.00      0.08      0.01      0.06     99.71
04時00分01秒     all      0.15      0.00      0.09      0.01      0.08     99.68
05時00分01秒     all      0.13      0.00      0.08      0.00      0.05     99.74
平均値:      all      0.14      0.00      0.08      0.00      0.06     99.72

-------------------- Logged in user --------------------


==================== 2019-03-12 08:55:01 ====================

-------------------- uptime --------------------
 08:55:01 up 124 days,  6:31,  0 users,  load average: 0.00, 0.01, 0.05

-------------------- System info --------------------
Linux aws-spot-t3micro 3.10.0-862.14.4.el7.x86_64 #1 SMP Wed Sep 26 15:12:11 UTC 2018 x86_64 x86_64 x86_64 GNU/Linux

-------------------- Storage usage --------------------
ファイルシス   サイズ  使用  残り 使用% マウント位置
/dev/nvme0n1p1    30G  9.0G   22G   30% /
devtmpfs         459M     0  459M    0% /dev
tmpfs            482M     0  482M    0% /dev/shm
tmpfs            482M   55M  428M   12% /run
tmpfs            482M     0  482M    0% /sys/fs/cgroup
tmpfs             97M     0   97M    0% /run/user/1002
tmpfs             97M     0   97M    0% /run/user/0

-------------------- System load --------------------
Linux 3.10.0-862.14.4.el7.x86_64 (aws-spot-t3micro) 	2019年03月12日 	_x86_64_	(2 CPU)

00時00分01秒     CPU     %user     %nice   %system   %iowait    %steal     %idle
01時00分01秒     all      0.13      0.00      0.08      0.00      0.06     99.73
02時00分01秒     all      0.14      0.00      0.08      0.01      0.06     99.71
03時00分01秒     all      0.15      0.00      0.08      0.01      0.06     99.71
04時00分01秒     all      0.15      0.00      0.09      0.01      0.08     99.68
05時00分01秒     all      0.13      0.00      0.08      0.00      0.05     99.74
06時00分01秒     all      0.12      0.00      0.08      0.00      0.08     99.72
07時00分01秒     all      0.12      0.00      0.08      0.00      0.11     99.69
08時00分01秒     all      0.13      0.00      0.08      0.00      0.08     99.71
平均値:      all      0.13      0.00      0.08      0.00      0.07     99.71

-------------------- Logged in user --------------------


==================== 2019-03-12 11:55:01 ====================

-------------------- uptime --------------------
 11:55:01 up 124 days,  9:31,  0 users,  load average: 0.00, 0.01, 0.05

-------------------- System info --------------------
Linux aws-spot-t3micro 3.10.0-862.14.4.el7.x86_64 #1 SMP Wed Sep 26 15:12:11 UTC 2018 x86_64 x86_64 x86_64 GNU/Linux

-------------------- Storage usage --------------------
ファイルシス   サイズ  使用  残り 使用% マウント位置
/dev/nvme0n1p1    30G  9.5G   21G   32% /
devtmpfs         459M     0  459M    0% /dev
tmpfs            482M     0  482M    0% /dev/shm
tmpfs            482M   55M  428M   12% /run
tmpfs            482M     0  482M    0% /sys/fs/cgroup
tmpfs             97M     0   97M    0% /run/user/1002
tmpfs             97M     0   97M    0% /run/user/0

-------------------- System load --------------------
Linux 3.10.0-862.14.4.el7.x86_64 (aws-spot-t3micro) 	2019年03月12日 	_x86_64_	(2 CPU)

00時00分01秒     CPU     %user     %nice   %system   %iowait    %steal     %idle
01時00分01秒     all      0.13      0.00      0.08      0.00      0.06     99.73
02時00分01秒     all      0.14      0.00      0.08      0.01      0.06     99.71
03時00分01秒     all      0.15      0.00      0.08      0.01      0.06     99.71
04時00分01秒     all      0.15      0.00      0.09      0.01      0.08     99.68
05時00分01秒     all      0.13      0.00      0.08      0.00      0.05     99.74
06時00分01秒     all      0.12      0.00      0.08      0.00      0.08     99.72
07時00分01秒     all      0.12      0.00      0.08      0.00      0.11     99.69
08時00分01秒     all      0.13      0.00      0.08      0.00      0.08     99.71
09時00分01秒     all      0.13      0.00      0.08      0.00      0.04     99.74
10時00分01秒     all      0.14      0.00      0.09      0.00      0.06     99.71
11時00分01秒     all      0.14      0.00      0.09      0.00      0.06     99.70
平均値:      all      0.13      0.00      0.08      0.00      0.07     99.71

-------------------- Logged in user --------------------


==================== 2019-03-12 14:55:01 ====================

-------------------- uptime --------------------
 14:55:01 up 124 days, 12:31,  0 users,  load average: 0.01, 0.06, 0.05

-------------------- System info --------------------
Linux aws-spot-t3micro 3.10.0-862.14.4.el7.x86_64 #1 SMP Wed Sep 26 15:12:11 UTC 2018 x86_64 x86_64 x86_64 GNU/Linux

-------------------- Storage usage --------------------
ファイルシス   サイズ  使用  残り 使用% マウント位置
/dev/nvme0n1p1    30G   10G   21G   34% /
devtmpfs         459M     0  459M    0% /dev
tmpfs            482M     0  482M    0% /dev/shm
tmpfs            482M   55M  428M   12% /run
tmpfs            482M     0  482M    0% /sys/fs/cgroup
tmpfs             97M     0   97M    0% /run/user/1002
tmpfs             97M     0   97M    0% /run/user/0

-------------------- System load --------------------
Linux 3.10.0-862.14.4.el7.x86_64 (aws-spot-t3micro) 	2019年03月12日 	_x86_64_	(2 CPU)

00時00分01秒     CPU     %user     %nice   %system   %iowait    %steal     %idle
01時00分01秒     all      0.13      0.00      0.08      0.00      0.06     99.73
02時00分01秒     all      0.14      0.00      0.08      0.01      0.06     99.71
03時00分01秒     all      0.15      0.00      0.08      0.01      0.06     99.71
04時00分01秒     all      0.15      0.00      0.09      0.01      0.08     99.68
05時00分01秒     all      0.13      0.00      0.08      0.00      0.05     99.74
06時00分01秒     all      0.12      0.00      0.08      0.00      0.08     99.72
07時00分01秒     all      0.12      0.00      0.08      0.00      0.11     99.69
08時00分01秒     all      0.13      0.00      0.08      0.00      0.08     99.71
09時00分01秒     all      0.13      0.00      0.08      0.00      0.04     99.74
10時00分01秒     all      0.14      0.00      0.09      0.00      0.06     99.71
11時00分01秒     all      0.14      0.00      0.09      0.00      0.06     99.70
12時00分01秒     all      0.13      0.00      0.08      0.00      0.07     99.71
13時00分01秒     all      0.13      0.00      0.08      0.00      0.07     99.71
14時00分01秒     all      0.14      0.00      0.09      0.01      0.06     99.71
平均値:      all      0.13      0.00      0.08      0.00      0.07     99.71

-------------------- Logged in user --------------------


==================== 2019-03-12 17:55:01 ====================

-------------------- uptime --------------------
 17:55:01 up 124 days, 15:31,  0 users,  load average: 0.00, 0.03, 0.05

-------------------- System info --------------------
Linux aws-spot-t3micro 3.10.0-862.14.4.el7.x86_64 #1 SMP Wed Sep 26 15:12:11 UTC 2018 x86_64 x86_64 x86_64 GNU/Linux

-------------------- Storage usage --------------------
ファイルシス   サイズ  使用  残り 使用% マウント位置
/dev/nvme0n1p1    30G   11G   20G   36% /
devtmpfs         459M     0  459M    0% /dev
tmpfs            482M     0  482M    0% /dev/shm
tmpfs            482M   55M  428M   12% /run
tmpfs            482M     0  482M    0% /sys/fs/cgroup
tmpfs             97M     0   97M    0% /run/user/1002
tmpfs             97M     0   97M    0% /run/user/0

-------------------- System load --------------------
Linux 3.10.0-862.14.4.el7.x86_64 (aws-spot-t3micro) 	2019年03月12日 	_x86_64_	(2 CPU)

00時00分01秒     CPU     %user     %nice   %system   %iowait    %steal     %idle
01時00分01秒     all      0.13      0.00      0.08      0.00      0.06     99.73
02時00分01秒     all      0.14      0.00      0.08      0.01      0.06     99.71
03時00分01秒     all      0.15      0.00      0.08      0.01      0.06     99.71
04時00分01秒     all      0.15      0.00      0.09      0.01      0.08     99.68
05時00分01秒     all      0.13      0.00      0.08      0.00      0.05     99.74
06時00分01秒     all      0.12      0.00      0.08      0.00      0.08     99.72
07時00分01秒     all      0.12      0.00      0.08      0.00      0.11     99.69
08時00分01秒     all      0.13      0.00      0.08      0.00      0.08     99.71
09時00分01秒     all      0.13      0.00      0.08      0.00      0.04     99.74
10時00分01秒     all      0.14      0.00      0.09      0.00      0.06     99.71
11時00分01秒     all      0.14      0.00      0.09      0.00      0.06     99.70
12時00分01秒     all      0.13      0.00      0.08      0.00      0.07     99.71
13時00分01秒     all      0.13      0.00      0.08      0.00      0.07     99.71
14時00分01秒     all      0.14      0.00      0.09      0.01      0.06     99.71
15時00分01秒     all      0.14      0.00      0.09      0.00      0.05     99.71
16時00分01秒     all      0.13      0.00      0.08      0.00      0.05     99.74
17時00分01秒     all      0.13      0.00      0.08      0.00      0.06     99.73
平均値:      all      0.13      0.00      0.08      0.00      0.06     99.72

-------------------- Logged in user --------------------


