==================== 2019-03-13 02:55:01 ====================

-------------------- uptime --------------------
 02:55:01 up 125 days, 31 min,  0 users,  load average: 0.00, 0.01, 0.05

-------------------- System info --------------------
Linux aws-spot-t3micro 3.10.0-862.14.4.el7.x86_64 #1 SMP Wed Sep 26 15:12:11 UTC 2018 x86_64 x86_64 x86_64 GNU/Linux

-------------------- Storage usage --------------------
ファイルシス   サイズ  使用  残り 使用% マウント位置
/dev/nvme0n1p1    30G   13G   18G   41% /
devtmpfs         459M     0  459M    0% /dev
tmpfs            482M     0  482M    0% /dev/shm
tmpfs            482M   55M  428M   12% /run
tmpfs            482M     0  482M    0% /sys/fs/cgroup
tmpfs             97M     0   97M    0% /run/user/1002
tmpfs             97M     0   97M    0% /run/user/0

-------------------- System load --------------------
Linux 3.10.0-862.14.4.el7.x86_64 (aws-spot-t3micro) 	2019年03月13日 	_x86_64_	(2 CPU)

00時00分01秒     CPU     %user     %nice   %system   %iowait    %steal     %idle
01時00分01秒     all      0.13      0.00      0.08      0.00      0.09     99.68
02時00分01秒     all      0.13      0.00      0.08      0.00      0.06     99.71
平均値:      all      0.13      0.00      0.08      0.00      0.08     99.70

-------------------- Logged in user --------------------


==================== 2019-03-13 05:55:01 ====================

-------------------- uptime --------------------
 05:55:01 up 125 days,  3:31,  0 users,  load average: 0.00, 0.01, 0.05

-------------------- System info --------------------
Linux aws-spot-t3micro 3.10.0-862.14.4.el7.x86_64 #1 SMP Wed Sep 26 15:12:11 UTC 2018 x86_64 x86_64 x86_64 GNU/Linux

-------------------- Storage usage --------------------
ファイルシス   サイズ  使用  残り 使用% マウント位置
/dev/nvme0n1p1    30G   13G   18G   42% /
devtmpfs         459M     0  459M    0% /dev
tmpfs            482M     0  482M    0% /dev/shm
tmpfs            482M   55M  428M   12% /run
tmpfs            482M     0  482M    0% /sys/fs/cgroup
tmpfs             97M     0   97M    0% /run/user/1002
tmpfs             97M     0   97M    0% /run/user/0

-------------------- System load --------------------
Linux 3.10.0-862.14.4.el7.x86_64 (aws-spot-t3micro) 	2019年03月13日 	_x86_64_	(2 CPU)

00時00分01秒     CPU     %user     %nice   %system   %iowait    %steal     %idle
01時00分01秒     all      0.13      0.00      0.08      0.00      0.09     99.68
02時00分01秒     all      0.13      0.00      0.08      0.00      0.06     99.71
03時00分01秒     all      0.51      0.00      0.11      0.01      0.06     99.32
04時00分01秒     all      0.12      0.00      0.08      0.00      0.06     99.72
05時00分02秒     all      0.13      0.00      0.08      0.00      0.06     99.72
平均値:      all      0.21      0.00      0.09      0.00      0.07     99.63

-------------------- Logged in user --------------------


==================== 2019-03-13 08:55:01 ====================

-------------------- uptime --------------------
 08:55:01 up 125 days,  6:31,  0 users,  load average: 0.00, 0.01, 0.05

-------------------- System info --------------------
Linux aws-spot-t3micro 3.10.0-862.14.4.el7.x86_64 #1 SMP Wed Sep 26 15:12:11 UTC 2018 x86_64 x86_64 x86_64 GNU/Linux

-------------------- Storage usage --------------------
ファイルシス   サイズ  使用  残り 使用% マウント位置
/dev/nvme0n1p1    30G   14G   17G   44% /
devtmpfs         459M     0  459M    0% /dev
tmpfs            482M     0  482M    0% /dev/shm
tmpfs            482M   55M  428M   12% /run
tmpfs            482M     0  482M    0% /sys/fs/cgroup
tmpfs             97M     0   97M    0% /run/user/1002
tmpfs             97M     0   97M    0% /run/user/0

-------------------- System load --------------------
Linux 3.10.0-862.14.4.el7.x86_64 (aws-spot-t3micro) 	2019年03月13日 	_x86_64_	(2 CPU)

00時00分01秒     CPU     %user     %nice   %system   %iowait    %steal     %idle
01時00分01秒     all      0.13      0.00      0.08      0.00      0.09     99.68
02時00分01秒     all      0.13      0.00      0.08      0.00      0.06     99.71
03時00分01秒     all      0.51      0.00      0.11      0.01      0.06     99.32
04時00分01秒     all      0.12      0.00      0.08      0.00      0.06     99.72
05時00分02秒     all      0.13      0.00      0.08      0.00      0.06     99.72
06時00分01秒     all      0.13      0.00      0.08      0.00      0.06     99.72
07時00分01秒     all      0.14      0.00      0.08      0.00      0.06     99.72
08時00分01秒     all      0.14      0.00      0.09      0.00      0.06     99.71
平均値:      all      0.18      0.00      0.09      0.00      0.06     99.66

-------------------- Logged in user --------------------


==================== 2019-03-13 11:55:01 ====================

-------------------- uptime --------------------
 11:55:01 up 125 days,  9:31,  0 users,  load average: 0.00, 0.01, 0.05

-------------------- System info --------------------
Linux aws-spot-t3micro 3.10.0-862.14.4.el7.x86_64 #1 SMP Wed Sep 26 15:12:11 UTC 2018 x86_64 x86_64 x86_64 GNU/Linux

-------------------- Storage usage --------------------
ファイルシス   サイズ  使用  残り 使用% マウント位置
/dev/nvme0n1p1    30G   14G   17G   46% /
devtmpfs         459M     0  459M    0% /dev
tmpfs            482M     0  482M    0% /dev/shm
tmpfs            482M   61M  422M   13% /run
tmpfs            482M     0  482M    0% /sys/fs/cgroup
tmpfs             97M     0   97M    0% /run/user/1002
tmpfs             97M     0   97M    0% /run/user/0

-------------------- System load --------------------
Linux 3.10.0-862.14.4.el7.x86_64 (aws-spot-t3micro) 	2019年03月13日 	_x86_64_	(2 CPU)

00時00分01秒     CPU     %user     %nice   %system   %iowait    %steal     %idle
01時00分01秒     all      0.13      0.00      0.08      0.00      0.09     99.68
02時00分01秒     all      0.13      0.00      0.08      0.00      0.06     99.71
03時00分01秒     all      0.51      0.00      0.11      0.01      0.06     99.32
04時00分01秒     all      0.12      0.00      0.08      0.00      0.06     99.72
05時00分02秒     all      0.13      0.00      0.08      0.00      0.06     99.72
06時00分01秒     all      0.13      0.00      0.08      0.00      0.06     99.72
07時00分01秒     all      0.14      0.00      0.08      0.00      0.06     99.72
08時00分01秒     all      0.14      0.00      0.09      0.00      0.06     99.71
09時00分01秒     all      0.15      0.00      0.09      0.01      0.08     99.67
10時00分01秒     all      0.37      0.00      0.12      0.01      0.08     99.42
11時00分01秒     all      0.17      0.00      0.09      0.00      0.06     99.68
平均値:      all      0.19      0.00      0.09      0.00      0.07     99.64

-------------------- Logged in user --------------------


==================== 2019-03-13 14:55:01 ====================

-------------------- uptime --------------------
 14:55:01 up 125 days, 12:31,  0 users,  load average: 0.00, 0.01, 0.05

-------------------- System info --------------------
Linux aws-spot-t3micro 3.10.0-862.14.4.el7.x86_64 #1 SMP Wed Sep 26 15:12:11 UTC 2018 x86_64 x86_64 x86_64 GNU/Linux

-------------------- Storage usage --------------------
ファイルシス   サイズ  使用  残り 使用% マウント位置
/dev/nvme0n1p1    30G   15G   16G   48% /
devtmpfs         459M     0  459M    0% /dev
tmpfs            482M     0  482M    0% /dev/shm
tmpfs            482M   55M  428M   12% /run
tmpfs            482M     0  482M    0% /sys/fs/cgroup
tmpfs             97M     0   97M    0% /run/user/0
tmpfs             97M     0   97M    0% /run/user/1002

-------------------- System load --------------------
Linux 3.10.0-862.14.4.el7.x86_64 (aws-spot-t3micro) 	2019年03月13日 	_x86_64_	(2 CPU)

00時00分01秒     CPU     %user     %nice   %system   %iowait    %steal     %idle
01時00分01秒     all      0.13      0.00      0.08      0.00      0.09     99.68
02時00分01秒     all      0.13      0.00      0.08      0.00      0.06     99.71
03時00分01秒     all      0.51      0.00      0.11      0.01      0.06     99.32
04時00分01秒     all      0.12      0.00      0.08      0.00      0.06     99.72
05時00分02秒     all      0.13      0.00      0.08      0.00      0.06     99.72
06時00分01秒     all      0.13      0.00      0.08      0.00      0.06     99.72
07時00分01秒     all      0.14      0.00      0.08      0.00      0.06     99.72
08時00分01秒     all      0.14      0.00      0.09      0.00      0.06     99.71
09時00分01秒     all      0.15      0.00      0.09      0.01      0.08     99.67
10時00分01秒     all      0.37      0.00      0.12      0.01      0.08     99.42
11時00分01秒     all      0.17      0.00      0.09      0.00      0.06     99.68
12時00分01秒     all      0.55      0.00      0.12      0.01      0.09     99.23
13時00分01秒     all      0.13      0.00      0.09      0.00      0.06     99.72
14時00分01秒     all      0.13      0.00      0.08      0.00      0.06     99.73
平均値:      all      0.21      0.00      0.09      0.00      0.07     99.63

-------------------- Logged in user --------------------


