==================== 2019-03-15 02:55:01 ====================

-------------------- uptime --------------------
 02:55:01 up 127 days, 31 min,  0 users,  load average: 0.01, 0.02, 0.05

-------------------- System info --------------------
Linux aws-spot-t3micro 3.10.0-862.14.4.el7.x86_64 #1 SMP Wed Sep 26 15:12:11 UTC 2018 x86_64 x86_64 x86_64 GNU/Linux

-------------------- Storage usage --------------------
ファイルシス   サイズ  使用  残り 使用% マウント位置
/dev/nvme0n1p1    30G   21G  9.6G   69% /
devtmpfs         459M     0  459M    0% /dev
tmpfs            482M     0  482M    0% /dev/shm
tmpfs            482M   55M  428M   12% /run
tmpfs            482M     0  482M    0% /sys/fs/cgroup
tmpfs             97M     0   97M    0% /run/user/1002
tmpfs             97M     0   97M    0% /run/user/0

-------------------- System load --------------------
Linux 3.10.0-862.14.4.el7.x86_64 (aws-spot-t3micro) 	2019年03月15日 	_x86_64_	(2 CPU)

00時00分01秒     CPU     %user     %nice   %system   %iowait    %steal     %idle
01時00分01秒     all      0.31      0.00      0.22      0.01      0.11     99.36
02時00分01秒     all      0.27      0.00      0.21      0.01      0.09     99.42
平均値:      all      0.29      0.00      0.21      0.01      0.10     99.39

-------------------- Logged in user --------------------


==================== 2019-03-15 05:55:01 ====================

-------------------- uptime --------------------
 05:55:01 up 127 days,  3:31,  0 users,  load average: 0.05, 0.06, 0.06

-------------------- System info --------------------
Linux aws-spot-t3micro 3.10.0-862.14.4.el7.x86_64 #1 SMP Wed Sep 26 15:12:11 UTC 2018 x86_64 x86_64 x86_64 GNU/Linux

-------------------- Storage usage --------------------
ファイルシス   サイズ  使用  残り 使用% マウント位置
/dev/nvme0n1p1    30G   21G  9.1G   70% /
devtmpfs         459M     0  459M    0% /dev
tmpfs            482M     0  482M    0% /dev/shm
tmpfs            482M   55M  428M   12% /run
tmpfs            482M     0  482M    0% /sys/fs/cgroup
tmpfs             97M     0   97M    0% /run/user/1002
tmpfs             97M     0   97M    0% /run/user/0

-------------------- System load --------------------
Linux 3.10.0-862.14.4.el7.x86_64 (aws-spot-t3micro) 	2019年03月15日 	_x86_64_	(2 CPU)

00時00分01秒     CPU     %user     %nice   %system   %iowait    %steal     %idle
01時00分01秒     all      0.31      0.00      0.22      0.01      0.11     99.36
02時00分01秒     all      0.27      0.00      0.21      0.01      0.09     99.42
03時00分01秒     all      0.17      0.00      0.11      0.00      0.05     99.67
04時00分01秒     all      0.22      0.00      0.15      0.01      0.10     99.53
05時00分01秒     all      0.15      0.00      0.09      0.00      0.05     99.71
平均値:      all      0.22      0.00      0.15      0.01      0.08     99.54

-------------------- Logged in user --------------------


