==================== 2019-03-17 02:55:01 ====================

-------------------- uptime --------------------
 02:55:01 up 129 days, 31 min,  0 users,  load average: 0.00, 0.01, 0.05

-------------------- System info --------------------
Linux aws-spot-t3micro 3.10.0-862.14.4.el7.x86_64 #1 SMP Wed Sep 26 15:12:11 UTC 2018 x86_64 x86_64 x86_64 GNU/Linux

-------------------- Storage usage --------------------
ファイルシス   サイズ  使用  残り 使用% マウント位置
/dev/nvme0n1p1    30G   29G  1.2G   97% /
devtmpfs         459M     0  459M    0% /dev
tmpfs            482M     0  482M    0% /dev/shm
tmpfs            482M   55M  428M   12% /run
tmpfs            482M     0  482M    0% /sys/fs/cgroup
tmpfs             97M     0   97M    0% /run/user/1002
tmpfs             97M     0   97M    0% /run/user/0

-------------------- System load --------------------
Linux 3.10.0-862.14.4.el7.x86_64 (aws-spot-t3micro) 	2019年03月17日 	_x86_64_	(2 CPU)

00時00分01秒     CPU     %user     %nice   %system   %iowait    %steal     %idle
01時00分01秒     all      0.27      0.00      0.09      0.01      0.09     99.54
02時00分01秒     all      0.27      0.00      0.10      0.01      0.07     99.56
平均値:      all      0.27      0.00      0.10      0.01      0.08     99.55

-------------------- Logged in user --------------------


==================== 2019-03-17 05:55:01 ====================

-------------------- uptime --------------------
 05:55:02 up 129 days,  3:31,  0 users,  load average: 0.00, 0.02, 0.05

-------------------- System info --------------------
Linux aws-spot-t3micro 3.10.0-862.14.4.el7.x86_64 #1 SMP Wed Sep 26 15:12:11 UTC 2018 x86_64 x86_64 x86_64 GNU/Linux

-------------------- Storage usage --------------------
ファイルシス   サイズ  使用  残り 使用% マウント位置
/dev/nvme0n1p1    30G   30G  625M   98% /
devtmpfs         459M     0  459M    0% /dev
tmpfs            482M     0  482M    0% /dev/shm
tmpfs            482M   55M  428M   12% /run
tmpfs            482M     0  482M    0% /sys/fs/cgroup
tmpfs             97M     0   97M    0% /run/user/1002
tmpfs             97M     0   97M    0% /run/user/0

-------------------- System load --------------------
Linux 3.10.0-862.14.4.el7.x86_64 (aws-spot-t3micro) 	2019年03月17日 	_x86_64_	(2 CPU)

00時00分01秒     CPU     %user     %nice   %system   %iowait    %steal     %idle
01時00分01秒     all      0.27      0.00      0.09      0.01      0.09     99.54
02時00分01秒     all      0.27      0.00      0.10      0.01      0.07     99.56
03時00分01秒     all      0.27      0.00      0.10      0.01      0.06     99.57
04時00分01秒     all      0.27      0.00      0.10      0.01      0.09     99.53
05時00分01秒     all      0.28      0.00      0.10      0.01      0.08     99.54
平均値:      all      0.27      0.00      0.10      0.01      0.08     99.55

-------------------- Logged in user --------------------


==================== 2019-03-17 08:55:01 ====================

-------------------- uptime --------------------
 08:55:01 up 129 days,  6:31,  0 users,  load average: 0.00, 0.01, 0.05

-------------------- System info --------------------
Linux aws-spot-t3micro 3.10.0-862.14.4.el7.x86_64 #1 SMP Wed Sep 26 15:12:11 UTC 2018 x86_64 x86_64 x86_64 GNU/Linux

-------------------- Storage usage --------------------
ファイルシス   サイズ  使用  残り 使用% マウント位置
/dev/nvme0n1p1    30G   30G   83M  100% /
devtmpfs         459M     0  459M    0% /dev
tmpfs            482M     0  482M    0% /dev/shm
tmpfs            482M   55M  428M   12% /run
tmpfs            482M     0  482M    0% /sys/fs/cgroup
tmpfs             97M     0   97M    0% /run/user/1002
tmpfs             97M     0   97M    0% /run/user/0

-------------------- System load --------------------
Linux 3.10.0-862.14.4.el7.x86_64 (aws-spot-t3micro) 	2019年03月17日 	_x86_64_	(2 CPU)

00時00分01秒     CPU     %user     %nice   %system   %iowait    %steal     %idle
01時00分01秒     all      0.27      0.00      0.09      0.01      0.09     99.54
02時00分01秒     all      0.27      0.00      0.10      0.01      0.07     99.56
03時00分01秒     all      0.27      0.00      0.10      0.01      0.06     99.57
04時00分01秒     all      0.27      0.00      0.10      0.01      0.09     99.53
05時00分01秒     all      0.28      0.00      0.10      0.01      0.08     99.54
06時00分01秒     all      0.27      0.00      0.10      0.01      0.09     99.54
07時00分01秒     all      0.26      0.00      0.10      0.01      0.07     99.57
08時00分01秒     all      0.27      0.00      0.09      0.01      0.06     99.57
平均値:      all      0.27      0.00      0.10      0.01      0.07     99.55

-------------------- Logged in user --------------------


==================== 2019-03-17 11:55:01 ====================

-------------------- uptime --------------------
 11:55:01 up 129 days,  9:31,  0 users,  load average: 0.00, 0.01, 0.05

-------------------- System info --------------------
Linux aws-spot-t3micro 3.10.0-862.14.4.el7.x86_64 #1 SMP Wed Sep 26 15:12:11 UTC 2018 x86_64 x86_64 x86_64 GNU/Linux

-------------------- Storage usage --------------------
ファイルシス   サイズ  使用  残り 使用% マウント位置
/dev/nvme0n1p1    30G   30G   20K  100% /
devtmpfs         459M     0  459M    0% /dev
tmpfs            482M     0  482M    0% /dev/shm
tmpfs            482M   55M  428M   12% /run
tmpfs            482M     0  482M    0% /sys/fs/cgroup
tmpfs             97M     0   97M    0% /run/user/1002
tmpfs             97M     0   97M    0% /run/user/0

-------------------- System load --------------------
Linux 3.10.0-862.14.4.el7.x86_64 (aws-spot-t3micro) 	2019年03月17日 	_x86_64_	(2 CPU)

00時00分01秒     CPU     %user     %nice   %system   %iowait    %steal     %idle
01時00分01秒     all      0.27      0.00      0.09      0.01      0.09     99.54
02時00分01秒     all      0.27      0.00      0.10      0.01      0.07     99.56
03時00分01秒     all      0.27      0.00      0.10      0.01      0.06     99.57
04時00分01秒     all      0.27      0.00      0.10      0.01      0.09     99.53
05時00分01秒     all      0.28      0.00      0.10      0.01      0.08     99.54
06時00分01秒     all      0.27      0.00      0.10      0.01      0.09     99.54
07時00分01秒     all      0.26      0.00      0.10      0.01      0.07     99.57
08時00分01秒     all      0.27      0.00      0.09      0.01      0.06     99.57
09時00分01秒     all      0.27      0.00      0.10      0.01      0.06     99.56

-------------------- Logged in user --------------------

==================== 2019-03-17 14:55:01 ====================

-------------------- uptime --------------------
 14:55:01 up 129 days, 12:31,  0 users,  load average: 0.00, 0.01, 0.05

-------------------- System info --------------------
Linux aws-spot-t3micro 3.10.0-862.14.4.el7.x86_64 #1 SMP Wed Sep 26 15:12:11 UTC 2018 x86_64 x86_64 x86_64 GNU/Linux

-------------------- Storage usage --------------------
ファイルシス   サイズ  使用  残り 使用% マウント位置
/dev/nvme0n1p1    30G   30G   20K  100% /
devtmpfs         459M     0  459M    0% /dev
tmpfs            482M     0  482M    0% /dev/shm
tmpfs            482M   55M  428M   12% /run
tmpfs            482M     0  482M    0% /sys/fs/cgroup
tmpfs             97M     0   97M    0% /run/user/1002
tmpfs             97M     0   97M    0% /run/user/0

-------------------- System load --------------------
Linux 3.10.0-862.14.4.el7.x86_64 (aws-spot-t3micro) 	2019年03月17日 	_x86_64_	(2 CPU)

00時00分01秒     CPU     %user     %nice   %system   %iowait    %steal     %idle
01時00分01秒     all      0.27      0.00      0.09      0.01      0.09     99.54
02時00分01秒     all      0.27      0.00      0.10      0.01      0.07     99.56
03時00分01秒     all      0.27      0.00      0.10      0.01      0.06     99.57
04時00分01秒     all      0.27      0.00      0.10      0.01      0.09     99.53
05時00分01秒     all      0.28      0.00      0.10      0.01  ==================== 2019-03-17 23:55:01 ====================

-------------------- uptime --------------------
 23:55:01 up 129 days, 21:31,  0 users,  load average: 0.00, 0.02, 0.05

-------------------- System info --------------------
Linux aws-spot-t3micro 3.10.0-862.14.4.el7.x86_64 #1 SMP Wed Sep 26 15:12:11 UTC 2018 x86_64 x86_64 x86_64 GNU/Linux

-------------------- Storage usage --------------------
ファイルシス   サイズ  使用  残り 使用% マウント位置
/dev/nvme0n1p1    30G   30G   84K  100% /
devtmpfs         459M     0  459M    0% /dev
tmpfs            482M     0  482M    0% /dev/shm
tmpfs            482M   55M  428M   12% /run
tmpfs            482M     0  482M    0% /sys/fs/cgroup
tmpfs             97M     0   97M    0% /run/user/1002
tmpfs             97M     0   97M    0% /run/user/0

-------------------- System load --------------------
Linux 3.10.0-862.14.4.el7.x86_64 (aws-spot-t3micro) 	2019年03月17日 	_x86_64_	(2 CPU)

00時00分01秒     CPU     %user     %nice   %system   %iowait    %steal     %idle
01時00分01秒     all      0.27      0.00      0.09      0.01      0.09     99.54
02時00分01秒     all      0.27      0.00      0.10      0.01      0.07     99.56
03時00分01秒     all      0.27      0.00      0.10      0.01      0.06     99.57
04時00分01秒     all      0.27      0.00      0.10      0.01      0.09     99.53
05時00分01秒     all      0.28      0.00      0.10      0.01      0.08     99.54
06時00分01秒     all      0.27      0.00      0.10      0.01      0.09     99.54
07時00分01秒     all      0.26      0.00      0.10      0.01      0.07     99.57
08時00分01秒     all      0.27      0.00      0.09      0.01      0.06     99.57
09時00分01秒     all      0.27      0.00      0.10      0.01      0.06     99.56

-------------------- Logged in user --------------------


