==================== 2019-03-18 20:55:01 ====================

-------------------- uptime --------------------
 20:55:01 up 130 days, 18:31,  0 users,  load average: 0.00, 0.01, 1.67

-------------------- System info --------------------
Linux aws-spot-t3micro 3.10.0-862.14.4.el7.x86_64 #1 SMP Wed Sep 26 15:12:11 UTC 2018 x86_64 x86_64 x86_64 GNU/Linux

-------------------- Storage usage --------------------
ファイルシス   サイズ  使用  残り 使用% マウント位置
/dev/nvme0n1p1    30G   30G   32M  100% /
devtmpfs         459M     0  459M    0% /dev
tmpfs            482M     0  482M    0% /dev/shm
tmpfs            482M   55M  427M   12% /run
tmpfs            482M     0  482M    0% /sys/fs/cgroup
tmpfs             97M     0   97M    0% /run/user/0
tmpfs             97M     0   97M    0% /run/user/1002

-------------------- System load --------------------
Linux 3.10.0-862.14.4.el7.x86_64 (aws-spot-t3micro) 	2019年03月18日 	_x86_64_	(2 CPU)

00時00分01秒     CPU     %user     %nice   %system   %iowait    %steal     %idle
09時00分00秒     all      0.00      0.00      0.00      0.00      0.00      0.00
09時00分00秒     all      0.00      0.00      0.00      0.00      0.00      0.00
09時00分00秒     all      0.00      0.00      0.00      0.00      0.00      0.00
09時00分00秒     all      0.00      0.00      0.00      0.00      0.00      0.00
09時00分00秒     all      0.00      0.00      0.00      0.00      0.00      0.00

-------------------- Logged in user --------------------


==================== 2019-03-18 23:55:01 ====================

-------------------- uptime --------------------
 23:55:01 up 130 days, 21:31,  0 users,  load average: 0.03, 0.03, 0.05

-------------------- System info --------------------
Linux aws-spot-t3micro 3.10.0-862.14.4.el7.x86_64 #1 SMP Wed Sep 26 15:12:11 UTC 2018 x86_64 x86_64 x86_64 GNU/Linux

-------------------- Storage usage --------------------
ファイルシス   サイズ  使用  残り 使用% マウント位置
/dev/nvme0n1p1    30G   30G   31M  100% /
devtmpfs         459M     0  459M    0% /dev
tmpfs            482M     0  482M    0% /dev/shm
tmpfs            482M   55M  428M   12% /run
tmpfs            482M     0  482M    0% /sys/fs/cgroup
tmpfs             97M     0   97M    0% /run/user/0
tmpfs             97M     0   97M    0% /run/user/1002

-------------------- System load --------------------
Linux 3.10.0-862.14.4.el7.x86_64 (aws-spot-t3micro) 	2019年03月18日 	_x86_64_	(2 CPU)

00時00分01秒     CPU     %user     %nice   %system   %iowait    %steal     %idle
09時00分00秒     all      0.00      0.00      0.00      0.00      0.00      0.00
09時00分00秒     all      0.00      0.00      0.00      0.00      0.00      0.00
09時00分00秒     all      0.00      0.00      0.00      0.00      0.00      0.00
09時00分00秒     all      0.00      0.00      0.00      0.00      0.00      0.00
09時00分00秒     all      0.00      0.00      0.00      0.00      0.00      0.00
09時00分00秒     all      0.00      0.00      0.00      0.00      0.00      0.00
09時00分00秒     all      0.00      0.00      0.00      0.00      0.00      0.00
09時00分00秒     all      0.00      0.00      0.00      0.00      0.00      0.00
09時00分00秒     all      0.00      0.00      0.00      0.00      0.00      0.00
09時00分00秒     all      0.00      0.00      0.00      0.00      0.00      0.00
09時00分00秒     all      0.00      0.00      0.00      0.00      0.00      0.00
09時00分00秒     all      0.00      0.00      0.00      0.00      0.00      0.00
09時00分00秒     all      0.00      0.00      0.00      0.00      0.00      0.00
09時00分00秒     all      0.00      0.00      0.00      0.00      0.00      0.00
09時00分00秒     all      0.00      0.00      0.00      0.00      0.00      0.00
09時00分00秒     all      0.00      0.00      0.00      0.00      0.00      0.00
09時00分00秒     all      0.00      0.00      0.00      0.00      0.00      0.00
09時00分00秒     all      0.00      0.00      0.00      0.00      0.00      0.00
09時00分00秒     all      0.00      0.00      0.00      0.00      0.00      0.00
09時00分00秒     all      0.00      0.00      0.00      0.00      0.00      0.00
09時00分00秒     all      0.00      0.00      0.00      0.00      0.00      0.00
09時00分00秒     all      0.00      0.00      0.00      0.00      0.00      0.00
09時00分00秒     all      0.00      0.00      0.00      0.00      0.00      0.00

-------------------- Logged in user --------------------


