==================== 2019-03-19 02:55:01 ====================

-------------------- uptime --------------------
 02:55:01 up 131 days, 31 min,  0 users,  load average: 0.00, 0.01, 0.05

-------------------- System info --------------------
Linux aws-spot-t3micro 3.10.0-862.14.4.el7.x86_64 #1 SMP Wed Sep 26 15:12:11 UTC 2018 x86_64 x86_64 x86_64 GNU/Linux

-------------------- Storage usage --------------------
ファイルシス   サイズ  使用  残り 使用% マウント位置
/dev/nvme0n1p1    30G   30G   30M  100% /
devtmpfs         459M     0  459M    0% /dev
tmpfs            482M     0  482M    0% /dev/shm
tmpfs            482M   55M  427M   12% /run
tmpfs            482M     0  482M    0% /sys/fs/cgroup
tmpfs             97M     0   97M    0% /run/user/0
tmpfs             97M     0   97M    0% /run/user/1002

-------------------- System load --------------------
Linux 3.10.0-862.14.4.el7.x86_64 (aws-spot-t3micro) 	2019年03月19日 	_x86_64_	(2 CPU)

00時00分01秒     CPU     %user     %nice   %system   %iowait    %steal     %idle
01時00分01秒     all      0.14      0.00      0.24      0.00      0.08     99.53
02時00分02秒     all      0.11      0.00      0.15      0.00      0.05     99.69
平均値:      all      0.13      0.00      0.20      0.00      0.06     99.61

-------------------- Logged in user --------------------


