==================== 2019-03-26 11:56:35 ====================

-------------------- uptime --------------------
 11:56:35 up 1 min,  0 users,  load average: 1.02, 0.38, 0.14

-------------------- System info --------------------
Linux aws-spot-t3micro 3.10.0-957.1.3.el7.x86_64 #1 SMP Thu Nov 29 14:49:43 UTC 2018 x86_64 x86_64 x86_64 GNU/Linux

-------------------- Storage usage --------------------
Filesystem      Size  Used Avail Use% Mounted on
/dev/nvme0n1p1   30G   30G  412K 100% /
devtmpfs        459M     0  459M   0% /dev
tmpfs           482M     0  482M   0% /dev/shm
tmpfs           482M   13M  470M   3% /run
tmpfs           482M     0  482M   0% /sys/fs/cgroup
tmpfs            97M     0   97M   0% /run/user/1002
tmpfs            97M     0   97M   0% /run/user/0

-------------------- System load --------------------
Linux 3.10.0-957.1.3.el7.x86_64 (aws-spot-t3micro) 	03/26/2019 	_x86_64_	(2 CPU)

11:54:05 AM       LINUX RESTART

-------------------- Logged in user --------------------


==================== 2019-03-26 14:55:01 ====================

-------------------- uptime --------------------
 14:55:01 up  2:59,  0 users,  load average: 0.01, 0.03, 0.05

-------------------- System info --------------------
Linux aws-spot-t3micro 3.10.0-957.1.3.el7.x86_64 #1 SMP Thu Nov 29 14:49:43 UTC 2018 x86_64 x86_64 x86_64 GNU/Linux

-------------------- Storage usage --------------------
Filesystem      Size  Used Avail Use% Mounted on
/dev/nvme0n1p1   30G   30G   20K 100% /
devtmpfs        459M     0  459M   0% /dev
tmpfs           482M     0  482M   0% /dev/shm
tmpfs           482M   25M  457M   6% /run
tmpfs           482M     0  482M   0% /sys/fs/cgroup
tmpfs            97M     0   97M   0% /run/user/1002
tmpfs            97M     0   97M   0% /run/user/0

-------------------- System load --------------------
Linux 3.10.0-957.1.3.el7.x86_64 (aws-spot-t3micro) 	03/26/2019 	_x86_64_	(2 CPU)

11:54:05 AM       LINUX RESTART

-------------------- Logged in user --------------------

==================== 2019-03-26 17:55:01 ====================

-------------------- uptime --------------------
 17:55:01 up  5:59,  0 users,  load average: 0.00, 0.01, 0.05

-------------------- System info --------------------
Linux aws-spot-t3micro 3.10.0-957.1.3.el7.x86_64 #1 SMP Thu Nov 29 14:49:43 UTC 2018 x86_64 x86_64 x86_64 GNU/Linux

-------------------- Storage usage --------------------
Filesystem      Size  Used Avail Use% Mounted on
/dev/nvme0n1p1   30G   30G   20K 100% /
devtmpfs        459M     0  459M   0% /dev
tmpfs           482M     0  482M   0% /dev/shm
tmpfs           482M   43M  439M   9% /run
tmpfs           482M     0  482M   0% /sys/fs/cgroup
tmpfs            97M     0   97M   0% /run/user/0
tmpfs            97M     0   97M   0% /run/user/1002

-------------------- System load --------------------
Linux 3.10.0-957.1.3.el7.x86_64 (aws-spot-t3micro) 	03/26/2019 	_x86_64_	(2 CPU)

11:54:05 AM       LINUX RESTART

-------------------- Logged in user --------------------

==================== 2019-03-26 20:55:01 ====================

-------------------- uptime --------------------
 20:55:01 up  8:59,  0 users,  load average: 0.00, 0.01, 0.05

-------------------- System info --------------------
Linux aws-spot-t3micro 3.10.0-957.1.3.el7.x86_64 #1 SMP Thu Nov 29 14:49:43 UTC 2018 x86_64 x86_64 x86_64 GNU/Linux

-------------------- Storage usage --------------------
Filesystem      Size  Used Avail Use% Mounted on
/dev/nvme0n1p1   30G   30G   20K 100% /
devtmpfs        459M     0  459M   0% /dev
tmpfs           482M     0  482M   0% /dev/shm
tmpfs           482M   61M  421M  13% /run
tmpfs           482M     0  482M   0% /sys/fs/cgroup
tmpfs            97M     0   97M   0% /run/user/0
tmpfs            97M     0   97M   0% /run/user/1002

-------------------- System load --------------------
Linux 3.10.0-957.1.3.el7.x86_64 (aws-spot-t3micro) 	03/26/2019 	_x86_64_	(2 CPU)

11:54:05 AM       LINUX RESTART

-------------------- Logged in user --------------------

==================== 2019-03-26 23:55:01 ====================

