==================== 2019-03-28 02:55:01 ====================

-------------------- uptime --------------------
 02:55:01 up 16:22,  1 user,  load average: 0.00, 0.03, 0.05

-------------------- System info --------------------
Linux aws-spot-t3micro 3.10.0-957.1.3.el7.x86_64 #1 SMP Thu Nov 29 14:49:43 UTC 2018 x86_64 x86_64 x86_64 GNU/Linux

-------------------- Storage usage --------------------
Filesystem      Size  Used Avail Use% Mounted on
/dev/nvme0n1p1   30G  6.1G   24G  21% /
devtmpfs        459M     0  459M   0% /dev
tmpfs           482M     0  482M   0% /dev/shm
tmpfs           482M   49M  433M  11% /run
tmpfs           482M     0  482M   0% /sys/fs/cgroup
tmpfs            97M     0   97M   0% /run/user/1000
tmpfs            97M     0   97M   0% /run/user/0
tmpfs            97M     0   97M   0% /run/user/1002

-------------------- System load --------------------
Linux 3.10.0-957.1.3.el7.x86_64 (aws-spot-t3micro) 	03/28/2019 	_x86_64_	(2 CPU)

12:00:01 AM     CPU     %user     %nice   %system   %iowait    %steal     %idle
01:00:01 AM     all      0.09      0.00      0.06      0.00      0.05     99.80
02:00:01 AM     all      0.09      0.00      0.06      0.00      0.04     99.80
Average:        all      0.09      0.00      0.06      0.00      0.05     99.80

-------------------- Logged in user --------------------
c6bdc7 2019-03-27 16:39

==================== 2019-03-28 05:55:01 ====================

-------------------- uptime --------------------
 05:55:01 up 19:22,  1 user,  load average: 0.00, 0.01, 0.05

-------------------- System info --------------------
Linux aws-spot-t3micro 3.10.0-957.1.3.el7.x86_64 #1 SMP Thu Nov 29 14:49:43 UTC 2018 x86_64 x86_64 x86_64 GNU/Linux

-------------------- Storage usage --------------------
Filesystem      Size  Used Avail Use% Mounted on
/dev/nvme0n1p1   30G  6.1G   24G  21% /
devtmpfs        459M     0  459M   0% /dev
tmpfs           482M     0  482M   0% /dev/shm
tmpfs           482M   55M  427M  12% /run
tmpfs           482M     0  482M   0% /sys/fs/cgroup
tmpfs            97M     0   97M   0% /run/user/1000
tmpfs            97M     0   97M   0% /run/user/0
tmpfs            97M     0   97M   0% /run/user/1002

-------------------- System load --------------------
Linux 3.10.0-957.1.3.el7.x86_64 (aws-spot-t3micro) 	03/28/2019 	_x86_64_	(2 CPU)

12:00:01 AM     CPU     %user     %nice   %system   %iowait    %steal     %idle
01:00:01 AM     all      0.09      0.00      0.06      0.00      0.05     99.80
02:00:01 AM     all      0.09      0.00      0.06      0.00      0.04     99.80
03:00:01 AM     all      0.09      0.00      0.06      0.00      0.05     99.80
04:00:01 AM     all      0.08      0.00      0.06      0.01      0.05     99.80
05:00:01 AM     all      0.12      0.00      0.06      0.00      0.05     99.76
Average:        all      0.09      0.00      0.06      0.00      0.05     99.79

-------------------- Logged in user --------------------
c17a7e 2019-03-27 16:39

==================== 2019-03-28 08:55:01 ====================

-------------------- uptime --------------------
 08:55:01 up 22:22,  1 user,  load average: 0.00, 0.01, 0.05

-------------------- System info --------------------
Linux aws-spot-t3micro 3.10.0-957.1.3.el7.x86_64 #1 SMP Thu Nov 29 14:49:43 UTC 2018 x86_64 x86_64 x86_64 GNU/Linux

-------------------- Storage usage --------------------
Filesystem      Size  Used Avail Use% Mounted on
/dev/nvme0n1p1   30G  6.1G   24G  21% /
devtmpfs        459M     0  459M   0% /dev
tmpfs           482M     0  482M   0% /dev/shm
tmpfs           482M   61M  421M  13% /run
tmpfs           482M     0  482M   0% /sys/fs/cgroup
tmpfs            97M     0   97M   0% /run/user/1000
tmpfs            97M     0   97M   0% /run/user/1002
tmpfs            97M     0   97M   0% /run/user/0

-------------------- System load --------------------
Linux 3.10.0-957.1.3.el7.x86_64 (aws-spot-t3micro) 	03/28/2019 	_x86_64_	(2 CPU)

12:00:01 AM     CPU     %user     %nice   %system   %iowait    %steal     %idle
01:00:01 AM     all      0.09      0.00      0.06      0.00      0.05     99.80
02:00:01 AM     all      0.09      0.00      0.06      0.00      0.04     99.80
03:00:01 AM     all      0.09      0.00      0.06      0.00      0.05     99.80
04:00:01 AM     all      0.08      0.00      0.06      0.01      0.05     99.80
05:00:01 AM     all      0.12      0.00      0.06      0.00      0.05     99.76
06:00:01 AM     all      0.08      0.00      0.06      0.00      0.05     99.80
07:00:01 AM     all      0.14      0.00      0.07      0.00      0.05     99.74
08:00:01 AM     all      0.11      0.00      0.07      0.00      0.07     99.75
Average:        all      0.10      0.00      0.06      0.00      0.05     99.78

-------------------- Logged in user --------------------
c1c44a 2019-03-27 16:39

==================== 2019-03-28 11:55:01 ====================

-------------------- uptime --------------------
 11:55:01 up 1 day,  1:22,  1 user,  load average: 0.00, 0.01, 0.05

-------------------- System info --------------------
Linux aws-spot-t3micro 3.10.0-957.1.3.el7.x86_64 #1 SMP Thu Nov 29 14:49:43 UTC 2018 x86_64 x86_64 x86_64 GNU/Linux

-------------------- Storage usage --------------------
Filesystem      Size  Used Avail Use% Mounted on
/dev/nvme0n1p1   30G  6.1G   24G  21% /
devtmpfs        459M     0  459M   0% /dev
tmpfs           482M     0  482M   0% /dev/shm
tmpfs           482M   61M  421M  13% /run
tmpfs           482M     0  482M   0% /sys/fs/cgroup
tmpfs            97M     0   97M   0% /run/user/1000
tmpfs            97M     0   97M   0% /run/user/1002
tmpfs            97M     0   97M   0% /run/user/0

-------------------- System load --------------------
Linux 3.10.0-957.1.3.el7.x86_64 (aws-spot-t3micro) 	03/28/2019 	_x86_64_	(2 CPU)

12:00:01 AM     CPU     %user     %nice   %system   %iowait    %steal     %idle
01:00:01 AM     all      0.09      0.00      0.06      0.00      0.05     99.80
02:00:01 AM     all      0.09      0.00      0.06      0.00      0.04     99.80
03:00:01 AM     all      0.09      0.00      0.06      0.00      0.05     99.80
04:00:01 AM     all      0.08      0.00      0.06      0.01      0.05     99.80
05:00:01 AM     all      0.12      0.00      0.06      0.00      0.05     99.76
06:00:01 AM     all      0.08      0.00      0.06      0.00      0.05     99.80
07:00:01 AM     all      0.14      0.00      0.07      0.00      0.05     99.74
08:00:01 AM     all      0.11      0.00      0.07      0.00      0.07     99.75
09:00:01 AM     all      0.08      0.00      0.06      0.00      0.06     99.79
10:00:01 AM     all      0.08      0.00      0.06      0.00      0.07     99.78
11:00:01 AM     all      0.10      0.00      0.06      0.00      0.05     99.78
Average:        all      0.10      0.00      0.06      0.00      0.05     99.78

-------------------- Logged in user --------------------
c86d60 2019-03-27 16:39

==================== 2019-03-28 14:55:01 ====================

-------------------- uptime --------------------
 14:55:01 up 1 day,  4:22,  1 user,  load average: 0.00, 0.01, 0.05

-------------------- System info --------------------
Linux aws-spot-t3micro 3.10.0-957.1.3.el7.x86_64 #1 SMP Thu Nov 29 14:49:43 UTC 2018 x86_64 x86_64 x86_64 GNU/Linux

-------------------- Storage usage --------------------
Filesystem      Size  Used Avail Use% Mounted on
/dev/nvme0n1p1   30G  6.1G   24G  21% /
devtmpfs        459M     0  459M   0% /dev
tmpfs           482M     0  482M   0% /dev/shm
tmpfs           482M   67M  415M  14% /run
tmpfs           482M     0  482M   0% /sys/fs/cgroup
tmpfs            97M     0   97M   0% /run/user/1000
tmpfs            97M     0   97M   0% /run/user/1002
tmpfs            97M     0   97M   0% /run/user/0

-------------------- System load --------------------
Linux 3.10.0-957.1.3.el7.x86_64 (aws-spot-t3micro) 	03/28/2019 	_x86_64_	(2 CPU)

12:00:01 AM     CPU     %user     %nice   %system   %iowait    %steal     %idle
01:00:01 AM     all      0.09      0.00      0.06      0.00      0.05     99.80
02:00:01 AM     all      0.09      0.00      0.06      0.00      0.04     99.80
03:00:01 AM     all      0.09      0.00      0.06      0.00      0.05     99.80
04:00:01 AM     all      0.08      0.00      0.06      0.01      0.05     99.80
05:00:01 AM     all      0.12      0.00      0.06      0.00      0.05     99.76
06:00:01 AM     all      0.08      0.00      0.06      0.00      0.05     99.80
07:00:01 AM     all      0.14      0.00      0.07      0.00      0.05     99.74
08:00:01 AM     all      0.11      0.00      0.07      0.00      0.07     99.75
09:00:01 AM     all      0.08      0.00      0.06      0.00      0.06     99.79
10:00:01 AM     all      0.08      0.00      0.06      0.00      0.07     99.78
11:00:01 AM     all      0.10      0.00      0.06      0.00      0.05     99.78
12:00:01 PM     all      0.09      0.00      0.06      0.00      0.05     99.80
01:00:01 PM     all      0.12      0.00      0.06      0.00      0.06     99.75
02:00:01 PM     all      0.08      0.00      0.06      0.00      0.06     99.79
Average:        all      0.10      0.00      0.06      0.00      0.05     99.78

-------------------- Logged in user --------------------
c43758 2019-03-27 16:39

==================== 2019-03-28 17:55:01 ====================

-------------------- uptime --------------------
 17:55:01 up 1 day,  7:22,  1 user,  load average: 0.00, 0.01, 0.05

-------------------- System info --------------------
Linux aws-spot-t3micro 3.10.0-957.1.3.el7.x86_64 #1 SMP Thu Nov 29 14:49:43 UTC 2018 x86_64 x86_64 x86_64 GNU/Linux

-------------------- Storage usage --------------------
Filesystem      Size  Used Avail Use% Mounted on
/dev/nvme0n1p1   30G  6.1G   24G  21% /
devtmpfs        459M     0  459M   0% /dev
tmpfs           482M     0  482M   0% /dev/shm
tmpfs           482M   61M  421M  13% /run
tmpfs           482M     0  482M   0% /sys/fs/cgroup
tmpfs            97M     0   97M   0% /run/user/1000
tmpfs            97M     0   97M   0% /run/user/1002
tmpfs            97M     0   97M   0% /run/user/0

-------------------- System load --------------------
Linux 3.10.0-957.1.3.el7.x86_64 (aws-spot-t3micro) 	03/28/2019 	_x86_64_	(2 CPU)

12:00:01 AM     CPU     %user     %nice   %system   %iowait    %steal     %idle
01:00:01 AM     all      0.09      0.00      0.06      0.00      0.05     99.80
02:00:01 AM     all      0.09      0.00      0.06      0.00      0.04     99.80
03:00:01 AM     all      0.09      0.00      0.06      0.00      0.05     99.80
04:00:01 AM     all      0.08      0.00      0.06      0.01      0.05     99.80
05:00:01 AM     all      0.12      0.00      0.06      0.00      0.05     99.76
06:00:01 AM     all      0.08      0.00      0.06      0.00      0.05     99.80
07:00:01 AM     all      0.14      0.00      0.07      0.00      0.05     99.74
08:00:01 AM     all      0.11      0.00      0.07      0.00      0.07     99.75
09:00:01 AM     all      0.08      0.00      0.06      0.00      0.06     99.79
10:00:01 AM     all      0.08      0.00      0.06      0.00      0.07     99.78
11:00:01 AM     all      0.10      0.00      0.06      0.00      0.05     99.78
12:00:01 PM     all      0.09      0.00      0.06      0.00      0.05     99.80
01:00:01 PM     all      0.12      0.00      0.06      0.00      0.06     99.75
02:00:01 PM     all      0.08      0.00      0.06      0.00      0.06     99.79
03:00:01 PM     all      0.09      0.00      0.06      0.00      0.04     99.82
04:00:01 PM     all      0.10      0.00      0.07      0.00      0.06     99.77
05:00:01 PM     all      0.10      0.00      0.06      0.00      0.05     99.79
Average:        all      0.10      0.00      0.06      0.00      0.05     99.78

-------------------- Logged in user --------------------
cb03f0 2019-03-27 16:39

