==================== 2019-03-29 02:55:01 ====================

-------------------- uptime --------------------
 02:55:01 up 1 day, 16:22,  1 user,  load average: 0.00, 0.01, 0.05

-------------------- System info --------------------
Linux aws-spot-t3micro 3.10.0-957.1.3.el7.x86_64 #1 SMP Thu Nov 29 14:49:43 UTC 2018 x86_64 x86_64 x86_64 GNU/Linux

-------------------- Storage usage --------------------
Filesystem      Size  Used Avail Use% Mounted on
/dev/nvme0n1p1   30G  6.1G   24G  21% /
devtmpfs        459M     0  459M   0% /dev
tmpfs           482M     0  482M   0% /dev/shm
tmpfs           482M   61M  421M  13% /run
tmpfs           482M     0  482M   0% /sys/fs/cgroup
tmpfs            97M     0   97M   0% /run/user/1000
tmpfs            97M     0   97M   0% /run/user/0
tmpfs            97M     0   97M   0% /run/user/1002

-------------------- System load --------------------
Linux 3.10.0-957.1.3.el7.x86_64 (aws-spot-t3micro) 	03/29/2019 	_x86_64_	(2 CPU)

12:00:02 AM     CPU     %user     %nice   %system   %iowait    %steal     %idle
01:00:01 AM     all      0.09      0.00      0.06      0.00      0.05     99.79
02:00:01 AM     all      0.09      0.00      0.06      0.00      0.04     99.80
Average:        all      0.09      0.00      0.06      0.00      0.04     99.80

-------------------- Logged in user --------------------
c50bd4 2019-03-27 16:39

==================== 2019-03-29 05:55:01 ====================

-------------------- uptime --------------------
 05:55:01 up 1 day, 19:22,  1 user,  load average: 0.00, 0.01, 0.05

-------------------- System info --------------------
Linux aws-spot-t3micro 3.10.0-957.1.3.el7.x86_64 #1 SMP Thu Nov 29 14:49:43 UTC 2018 x86_64 x86_64 x86_64 GNU/Linux

-------------------- Storage usage --------------------
Filesystem      Size  Used Avail Use% Mounted on
/dev/nvme0n1p1   30G  6.1G   24G  21% /
devtmpfs        459M     0  459M   0% /dev
tmpfs           482M     0  482M   0% /dev/shm
tmpfs           482M   61M  421M  13% /run
tmpfs           482M     0  482M   0% /sys/fs/cgroup
tmpfs            97M     0   97M   0% /run/user/1000
tmpfs            97M     0   97M   0% /run/user/0
tmpfs            97M     0   97M   0% /run/user/1002

-------------------- System load --------------------
Linux 3.10.0-957.1.3.el7.x86_64 (aws-spot-t3micro) 	03/29/2019 	_x86_64_	(2 CPU)

12:00:02 AM     CPU     %user     %nice   %system   %iowait    %steal     %idle
01:00:01 AM     all      0.09      0.00      0.06      0.00      0.05     99.79
02:00:01 AM     all      0.09      0.00      0.06      0.00      0.04     99.80
03:00:01 AM     all      0.09      0.00      0.06      0.00      0.05     99.80
04:00:01 AM     all      0.08      0.00      0.06      0.00      0.04     99.81
05:00:01 AM     all      0.09      0.00      0.06      0.00      0.05     99.80
Average:        all      0.09      0.00      0.06      0.00      0.04     99.80

-------------------- Logged in user --------------------
cc0b36 2019-03-27 16:39

==================== 2019-03-29 08:55:01 ====================

-------------------- uptime --------------------
 08:55:01 up 1 day, 22:22,  1 user,  load average: 0.00, 0.01, 0.05

-------------------- System info --------------------
Linux aws-spot-t3micro 3.10.0-957.1.3.el7.x86_64 #1 SMP Thu Nov 29 14:49:43 UTC 2018 x86_64 x86_64 x86_64 GNU/Linux

-------------------- Storage usage --------------------
Filesystem      Size  Used Avail Use% Mounted on
/dev/nvme0n1p1   30G  6.1G   24G  21% /
devtmpfs        459M     0  459M   0% /dev
tmpfs           482M     0  482M   0% /dev/shm
tmpfs           482M   61M  421M  13% /run
tmpfs           482M     0  482M   0% /sys/fs/cgroup
tmpfs            97M     0   97M   0% /run/user/1000
tmpfs            97M     0   97M   0% /run/user/1002
tmpfs            97M     0   97M   0% /run/user/0

-------------------- System load --------------------
Linux 3.10.0-957.1.3.el7.x86_64 (aws-spot-t3micro) 	03/29/2019 	_x86_64_	(2 CPU)

12:00:02 AM     CPU     %user     %nice   %system   %iowait    %steal     %idle
01:00:01 AM     all      0.09      0.00      0.06      0.00      0.05     99.79
02:00:01 AM     all      0.09      0.00      0.06      0.00      0.04     99.80
03:00:01 AM     all      0.09      0.00      0.06      0.00      0.05     99.80
04:00:01 AM     all      0.08      0.00      0.06      0.00      0.04     99.81
05:00:01 AM     all      0.09      0.00      0.06      0.00      0.05     99.80
06:00:01 AM     all      0.09      0.00      0.06      0.00      0.06     99.79
07:00:01 AM     all      0.11      0.00      0.07      0.00      0.05     99.77
08:00:01 AM     all      0.08      0.00      0.06      0.00      0.04     99.82
Average:        all      0.09      0.00      0.06      0.00      0.04     99.80

-------------------- Logged in user --------------------
c1b28d 2019-03-27 16:39

==================== 2019-03-29 11:55:01 ====================

-------------------- uptime --------------------
 11:55:01 up 2 days,  1:22,  1 user,  load average: 0.00, 0.01, 0.05

-------------------- System info --------------------
Linux aws-spot-t3micro 3.10.0-957.1.3.el7.x86_64 #1 SMP Thu Nov 29 14:49:43 UTC 2018 x86_64 x86_64 x86_64 GNU/Linux

-------------------- Storage usage --------------------
Filesystem      Size  Used Avail Use% Mounted on
/dev/nvme0n1p1   30G  6.1G   24G  21% /
devtmpfs        459M     0  459M   0% /dev
tmpfs           482M     0  482M   0% /dev/shm
tmpfs           482M   61M  421M  13% /run
tmpfs           482M     0  482M   0% /sys/fs/cgroup
tmpfs            97M     0   97M   0% /run/user/1000
tmpfs            97M     0   97M   0% /run/user/0
tmpfs            97M     0   97M   0% /run/user/1002

-------------------- System load --------------------
Linux 3.10.0-957.1.3.el7.x86_64 (aws-spot-t3micro) 	03/29/2019 	_x86_64_	(2 CPU)

12:00:02 AM     CPU     %user     %nice   %system   %iowait    %steal     %idle
01:00:01 AM     all      0.09      0.00      0.06      0.00      0.05     99.79
02:00:01 AM     all      0.09      0.00      0.06      0.00      0.04     99.80
03:00:01 AM     all      0.09      0.00      0.06      0.00      0.05     99.80
04:00:01 AM     all      0.08      0.00      0.06      0.00      0.04     99.81
05:00:01 AM     all      0.09      0.00      0.06      0.00      0.05     99.80
06:00:01 AM     all      0.09      0.00      0.06      0.00      0.06     99.79
07:00:01 AM     all      0.11      0.00      0.07      0.00      0.05     99.77
08:00:01 AM     all      0.08      0.00      0.06      0.00      0.04     99.82
09:00:01 AM     all      0.08      0.00      0.06      0.00      0.05     99.80
10:00:01 AM     all      0.09      0.00      0.06      0.00      0.05     99.79
11:00:01 AM     all      0.08      0.00      0.06      0.00      0.05     99.81
Average:        all      0.09      0.00      0.06      0.00      0.05     99.80

-------------------- Logged in user --------------------
c6757d 2019-03-27 16:39

==================== 2019-03-29 14:55:01 ====================

-------------------- uptime --------------------
 14:55:01 up 2 days,  4:22,  0 users,  load average: 0.00, 0.01, 0.05

-------------------- System info --------------------
Linux aws-spot-t3micro 3.10.0-957.1.3.el7.x86_64 #1 SMP Thu Nov 29 14:49:43 UTC 2018 x86_64 x86_64 x86_64 GNU/Linux

-------------------- Storage usage --------------------
Filesystem      Size  Used Avail Use% Mounted on
/dev/nvme0n1p1   30G  6.1G   24G  21% /
devtmpfs        459M     0  459M   0% /dev
tmpfs           482M     0  482M   0% /dev/shm
tmpfs           482M   61M  421M  13% /run
tmpfs           482M     0  482M   0% /sys/fs/cgroup
tmpfs            97M     0   97M   0% /run/user/1002
tmpfs            97M     0   97M   0% /run/user/0

-------------------- System load --------------------
Linux 3.10.0-957.1.3.el7.x86_64 (aws-spot-t3micro) 	03/29/2019 	_x86_64_	(2 CPU)

12:00:02 AM     CPU     %user     %nice   %system   %iowait    %steal     %idle
01:00:01 AM     all      0.09      0.00      0.06      0.00      0.05     99.79
02:00:01 AM     all      0.09      0.00      0.06      0.00      0.04     99.80
03:00:01 AM     all      0.09      0.00      0.06      0.00      0.05     99.80
04:00:01 AM     all      0.08      0.00      0.06      0.00      0.04     99.81
05:00:01 AM     all      0.09      0.00      0.06      0.00      0.05     99.80
06:00:01 AM     all      0.09      0.00      0.06      0.00      0.06     99.79
07:00:01 AM     all      0.11      0.00      0.07      0.00      0.05     99.77
08:00:01 AM     all      0.08      0.00      0.06      0.00      0.04     99.82
09:00:01 AM     all      0.08      0.00      0.06      0.00      0.05     99.80
10:00:01 AM     all      0.09      0.00      0.06      0.00      0.05     99.79
11:00:01 AM     all      0.08      0.00      0.06      0.00      0.05     99.81
12:00:01 PM     all      0.11      0.00      0.07      0.01      0.06     99.76
01:00:01 PM     all      0.09      0.00      0.07      0.00      0.06     99.77
02:00:01 PM     all      0.11      0.00      0.08      0.00      0.06     99.74
Average:        all      0.09      0.00      0.06      0.00      0.05     99.79

-------------------- Logged in user --------------------


==================== 2019-03-29 17:55:01 ====================

-------------------- uptime --------------------
 17:55:01 up 2 days,  7:22,  0 users,  load average: 0.00, 0.01, 0.05

-------------------- System info --------------------
Linux aws-spot-t3micro 3.10.0-957.1.3.el7.x86_64 #1 SMP Thu Nov 29 14:49:43 UTC 2018 x86_64 x86_64 x86_64 GNU/Linux

-------------------- Storage usage --------------------
Filesystem      Size  Used Avail Use% Mounted on
/dev/nvme0n1p1   30G  6.1G   24G  21% /
devtmpfs        459M     0  459M   0% /dev
tmpfs           482M     0  482M   0% /dev/shm
tmpfs           482M   67M  415M  14% /run
tmpfs           482M     0  482M   0% /sys/fs/cgroup
tmpfs            97M     0   97M   0% /run/user/1002
tmpfs            97M     0   97M   0% /run/user/0

-------------------- System load --------------------
Linux 3.10.0-957.1.3.el7.x86_64 (aws-spot-t3micro) 	03/29/2019 	_x86_64_	(2 CPU)

12:00:02 AM     CPU     %user     %nice   %system   %iowait    %steal     %idle
01:00:01 AM     all      0.09      0.00      0.06      0.00      0.05     99.79
02:00:01 AM     all      0.09      0.00      0.06      0.00      0.04     99.80
03:00:01 AM     all      0.09      0.00      0.06      0.00      0.05     99.80
04:00:01 AM     all      0.08      0.00      0.06      0.00      0.04     99.81
05:00:01 AM     all      0.09      0.00      0.06      0.00      0.05     99.80
06:00:01 AM     all      0.09      0.00      0.06      0.00      0.06     99.79
07:00:01 AM     all      0.11      0.00      0.07      0.00      0.05     99.77
08:00:01 AM     all      0.08      0.00      0.06      0.00      0.04     99.82
09:00:01 AM     all      0.08      0.00      0.06      0.00      0.05     99.80
10:00:01 AM     all      0.09      0.00      0.06      0.00      0.05     99.79
11:00:01 AM     all      0.08      0.00      0.06      0.00      0.05     99.81
12:00:01 PM     all      0.11      0.00      0.07      0.01      0.06     99.76
01:00:01 PM     all      0.09      0.00      0.07      0.00      0.06     99.77
02:00:01 PM     all      0.11      0.00      0.08      0.00      0.06     99.74
03:00:01 PM     all      0.10      0.00      0.08      0.00      0.06     99.76
04:00:02 PM     all      0.13      0.00      0.07      0.01      0.06     99.73
05:00:02 PM     all      0.09      0.00      0.06      0.00      0.06     99.78
Average:        all      0.09      0.00      0.07      0.00      0.05     99.78

-------------------- Logged in user --------------------


