==================== 2019-03-30 02:55:01 ====================

-------------------- uptime --------------------
 02:55:01 up 2 days, 16:22,  0 users,  load average: 0.00, 0.01, 0.05

-------------------- System info --------------------
Linux aws-spot-t3micro 3.10.0-957.1.3.el7.x86_64 #1 SMP Thu Nov 29 14:49:43 UTC 2018 x86_64 x86_64 x86_64 GNU/Linux

-------------------- Storage usage --------------------
Filesystem      Size  Used Avail Use% Mounted on
/dev/nvme0n1p1   30G  6.1G   24G  21% /
devtmpfs        459M     0  459M   0% /dev
tmpfs           482M     0  482M   0% /dev/shm
tmpfs           482M   67M  415M  14% /run
tmpfs           482M     0  482M   0% /sys/fs/cgroup
tmpfs            97M     0   97M   0% /run/user/1002
tmpfs            97M     0   97M   0% /run/user/0

-------------------- System load --------------------
Linux 3.10.0-957.1.3.el7.x86_64 (aws-spot-t3micro) 	03/30/2019 	_x86_64_	(2 CPU)

12:00:02 AM     CPU     %user     %nice   %system   %iowait    %steal     %idle
01:00:01 AM     all      0.17      0.00      0.07      0.00      0.04     99.72
02:00:01 AM     all      0.07      0.00      0.06      0.00      0.04     99.82
Average:        all      0.12      0.00      0.06      0.00      0.04     99.77

-------------------- Logged in user --------------------


==================== 2019-03-30 05:55:01 ====================

-------------------- uptime --------------------
 05:55:01 up 2 days, 19:22,  0 users,  load average: 0.00, 0.01, 0.05

-------------------- System info --------------------
Linux aws-spot-t3micro 3.10.0-957.1.3.el7.x86_64 #1 SMP Thu Nov 29 14:49:43 UTC 2018 x86_64 x86_64 x86_64 GNU/Linux

-------------------- Storage usage --------------------
Filesystem      Size  Used Avail Use% Mounted on
/dev/nvme0n1p1   30G  6.1G   24G  21% /
devtmpfs        459M     0  459M   0% /dev
tmpfs           482M     0  482M   0% /dev/shm
tmpfs           482M   61M  421M  13% /run
tmpfs           482M     0  482M   0% /sys/fs/cgroup
tmpfs            97M     0   97M   0% /run/user/1002
tmpfs            97M     0   97M   0% /run/user/0

-------------------- System load --------------------
Linux 3.10.0-957.1.3.el7.x86_64 (aws-spot-t3micro) 	03/30/2019 	_x86_64_	(2 CPU)

12:00:02 AM     CPU     %user     %nice   %system   %iowait    %steal     %idle
01:00:01 AM     all      0.17      0.00      0.07      0.00      0.04     99.72
02:00:01 AM     all      0.07      0.00      0.06      0.00      0.04     99.82
03:00:01 AM     all      0.11      0.00      0.06      0.00      0.04     99.78
04:00:01 AM     all      0.07      0.00      0.06      0.00      0.04     99.83
05:00:01 AM     all      0.08      0.00      0.06      0.00      0.04     99.82
Average:        all      0.10      0.00      0.06      0.00      0.04     99.79

-------------------- Logged in user --------------------


==================== 2019-03-30 08:55:01 ====================

-------------------- uptime --------------------
 08:55:01 up 2 days, 22:22,  0 users,  load average: 0.00, 0.01, 0.05

-------------------- System info --------------------
Linux aws-spot-t3micro 3.10.0-957.1.3.el7.x86_64 #1 SMP Thu Nov 29 14:49:43 UTC 2018 x86_64 x86_64 x86_64 GNU/Linux

-------------------- Storage usage --------------------
Filesystem      Size  Used Avail Use% Mounted on
/dev/nvme0n1p1   30G  6.1G   24G  21% /
devtmpfs        459M     0  459M   0% /dev
tmpfs           482M     0  482M   0% /dev/shm
tmpfs           482M   61M  421M  13% /run
tmpfs           482M     0  482M   0% /sys/fs/cgroup
tmpfs            97M     0   97M   0% /run/user/0
tmpfs            97M     0   97M   0% /run/user/1002

-------------------- System load --------------------
Linux 3.10.0-957.1.3.el7.x86_64 (aws-spot-t3micro) 	03/30/2019 	_x86_64_	(2 CPU)

12:00:02 AM     CPU     %user     %nice   %system   %iowait    %steal     %idle
01:00:01 AM     all      0.17      0.00      0.07      0.00      0.04     99.72
02:00:01 AM     all      0.07      0.00      0.06      0.00      0.04     99.82
03:00:01 AM     all      0.11      0.00      0.06      0.00      0.04     99.78
04:00:01 AM     all      0.07      0.00      0.06      0.00      0.04     99.83
05:00:01 AM     all      0.08      0.00      0.06      0.00      0.04     99.82
06:00:01 AM     all      0.08      0.00      0.06      0.00      0.05     99.80
07:00:02 AM     all      0.10      0.00      0.06      0.00      0.04     99.80
08:00:01 AM     all      0.07      0.00      0.05      0.00      0.04     99.83
Average:        all      0.10      0.00      0.06      0.00      0.04     99.80

-------------------- Logged in user --------------------


==================== 2019-03-30 11:55:01 ====================

-------------------- uptime --------------------
 11:55:01 up 3 days,  1:22,  0 users,  load average: 0.00, 0.01, 0.05

-------------------- System info --------------------
Linux aws-spot-t3micro 3.10.0-957.1.3.el7.x86_64 #1 SMP Thu Nov 29 14:49:43 UTC 2018 x86_64 x86_64 x86_64 GNU/Linux

-------------------- Storage usage --------------------
Filesystem      Size  Used Avail Use% Mounted on
/dev/nvme0n1p1   30G  6.1G   24G  21% /
devtmpfs        459M     0  459M   0% /dev
tmpfs           482M     0  482M   0% /dev/shm
tmpfs           482M   61M  421M  13% /run
tmpfs           482M     0  482M   0% /sys/fs/cgroup
tmpfs            97M     0   97M   0% /run/user/0
tmpfs            97M     0   97M   0% /run/user/1002

-------------------- System load --------------------
Linux 3.10.0-957.1.3.el7.x86_64 (aws-spot-t3micro) 	03/30/2019 	_x86_64_	(2 CPU)

12:00:02 AM     CPU     %user     %nice   %system   %iowait    %steal     %idle
01:00:01 AM     all      0.17      0.00      0.07      0.00      0.04     99.72
02:00:01 AM     all      0.07      0.00      0.06      0.00      0.04     99.82
03:00:01 AM     all      0.11      0.00      0.06      0.00      0.04     99.78
04:00:01 AM     all      0.07      0.00      0.06      0.00      0.04     99.83
05:00:01 AM     all      0.08      0.00      0.06      0.00      0.04     99.82
06:00:01 AM     all      0.08      0.00      0.06      0.00      0.05     99.80
07:00:02 AM     all      0.10      0.00      0.06      0.00      0.04     99.80
08:00:01 AM     all      0.07      0.00      0.05      0.00      0.04     99.83
09:00:01 AM     all      0.07      0.00      0.05      0.00      0.04     99.84
10:00:01 AM     all      0.13      0.00      0.06      0.00      0.05     99.76
11:00:01 AM     all      0.07      0.00      0.05      0.00      0.05     99.82
Average:        all      0.09      0.00      0.06      0.00      0.04     99.80

-------------------- Logged in user --------------------


==================== 2019-03-30 14:55:01 ====================

-------------------- uptime --------------------
 14:55:01 up 3 days,  4:22,  0 users,  load average: 0.00, 0.02, 0.05

-------------------- System info --------------------
Linux aws-spot-t3micro 3.10.0-957.1.3.el7.x86_64 #1 SMP Thu Nov 29 14:49:43 UTC 2018 x86_64 x86_64 x86_64 GNU/Linux

-------------------- Storage usage --------------------
Filesystem      Size  Used Avail Use% Mounted on
/dev/nvme0n1p1   30G  6.1G   24G  21% /
devtmpfs        459M     0  459M   0% /dev
tmpfs           482M     0  482M   0% /dev/shm
tmpfs           482M   67M  415M  14% /run
tmpfs           482M     0  482M   0% /sys/fs/cgroup
tmpfs            97M     0   97M   0% /run/user/1002
tmpfs            97M     0   97M   0% /run/user/0

-------------------- System load --------------------
Linux 3.10.0-957.1.3.el7.x86_64 (aws-spot-t3micro) 	03/30/2019 	_x86_64_	(2 CPU)

12:00:02 AM     CPU     %user     %nice   %system   %iowait    %steal     %idle
01:00:01 AM     all      0.17      0.00      0.07      0.00      0.04     99.72
02:00:01 AM     all      0.07      0.00      0.06      0.00      0.04     99.82
03:00:01 AM     all      0.11      0.00      0.06      0.00      0.04     99.78
04:00:01 AM     all      0.07      0.00      0.06      0.00      0.04     99.83
05:00:01 AM     all      0.08      0.00      0.06      0.00      0.04     99.82
06:00:01 AM     all      0.08      0.00      0.06      0.00      0.05     99.80
07:00:02 AM     all      0.10      0.00      0.06      0.00      0.04     99.80
08:00:01 AM     all      0.07      0.00      0.05      0.00      0.04     99.83
09:00:01 AM     all      0.07      0.00      0.05      0.00      0.04     99.84
10:00:01 AM     all      0.13      0.00      0.06      0.00      0.05     99.76
11:00:01 AM     all      0.07      0.00      0.05      0.00      0.05     99.82
12:00:01 PM     all      0.08      0.00      0.06      0.00      0.04     99.82
01:00:02 PM     all      0.08      0.00      0.05      0.00      0.05     99.81
02:00:01 PM     all      1.05      0.00      0.14      0.00      0.08     98.72
Average:        all      0.16      0.00      0.06      0.00      0.05     99.73

-------------------- Logged in user --------------------


==================== 2019-03-30 17:55:01 ====================

-------------------- uptime --------------------
 17:55:01 up 3 days,  7:22,  0 users,  load average: 0.00, 0.01, 0.05

-------------------- System info --------------------
Linux aws-spot-t3micro 3.10.0-957.1.3.el7.x86_64 #1 SMP Thu Nov 29 14:49:43 UTC 2018 x86_64 x86_64 x86_64 GNU/Linux

-------------------- Storage usage --------------------
Filesystem      Size  Used Avail Use% Mounted on
/dev/nvme0n1p1   30G  6.1G   24G  21% /
devtmpfs        459M     0  459M   0% /dev
tmpfs           482M     0  482M   0% /dev/shm
tmpfs           482M   61M  421M  13% /run
tmpfs           482M     0  482M   0% /sys/fs/cgroup
tmpfs            97M     0   97M   0% /run/user/1002
tmpfs            97M     0   97M   0% /run/user/0

-------------------- System load --------------------
Linux 3.10.0-957.1.3.el7.x86_64 (aws-spot-t3micro) 	03/30/2019 	_x86_64_	(2 CPU)

12:00:02 AM     CPU     %user     %nice   %system   %iowait    %steal     %idle
01:00:01 AM     all      0.17      0.00      0.07      0.00      0.04     99.72
02:00:01 AM     all      0.07      0.00      0.06      0.00      0.04     99.82
03:00:01 AM     all      0.11      0.00      0.06      0.00      0.04     99.78
04:00:01 AM     all      0.07      0.00      0.06      0.00      0.04     99.83
05:00:01 AM     all      0.08      0.00      0.06      0.00      0.04     99.82
06:00:01 AM     all      0.08      0.00      0.06      0.00      0.05     99.80
07:00:02 AM     all      0.10      0.00      0.06      0.00      0.04     99.80
08:00:01 AM     all      0.07      0.00      0.05      0.00      0.04     99.83
09:00:01 AM     all      0.07      0.00      0.05      0.00      0.04     99.84
10:00:01 AM     all      0.13      0.00      0.06      0.00      0.05     99.76
11:00:01 AM     all      0.07      0.00      0.05      0.00      0.05     99.82
12:00:01 PM     all      0.08      0.00      0.06      0.00      0.04     99.82
01:00:02 PM     all      0.08      0.00      0.05      0.00      0.05     99.81
02:00:01 PM     all      1.05      0.00      0.14      0.00      0.08     98.72
03:00:01 PM     all      2.07      0.00      0.23      0.00      0.17     97.52
04:00:01 PM     all      1.96      0.00      0.23      0.00      0.13     97.68
05:00:01 PM     all      2.03      0.00      0.24      0.00      0.18     97.55
Average:        all      0.49      0.00      0.09      0.00      0.07     99.35

-------------------- Logged in user --------------------


