==================== 2018-06-01 02:55:01 ====================

-------------------- uptime --------------------
 02:55:01 up 329 days, 15:44,  1 user,  load average: 0.33, 0.29, 0.29

-------------------- System info --------------------
Linux sakura-tokyo-prod 3.10.0-514.26.2.el7.x86_64 #1 SMP Tue Jul 4 15:04:05 UTC 2017 x86_64 x86_64 x86_64 GNU/Linux

-------------------- Storage usage --------------------
ファイルシス   サイズ  使用  残り 使用% マウント位置
/dev/vda4         96G  6.7G   89G    7% /
devtmpfs         2.0G     0  2.0G    0% /dev
tmpfs            2.0G     0  2.0G    0% /dev/shm
tmpfs            2.0G  1.2G  839M   58% /run
tmpfs            2.0G     0  2.0G    0% /sys/fs/cgroup
/dev/vda2        497M  217M  280M   44% /boot
tmpfs            396M     0  396M    0% /run/user/0
tmpfs            396M     0  396M    0% /run/user/1001

-------------------- System load --------------------
Linux 3.10.0-514.26.2.el7.x86_64 (sakura-tokyo-prod) 	2018年06月01日 	_x86_64_	(4 CPU)

00時00分03秒     CPU     %user     %nice   %system   %iowait    %steal     %idle
01時00分02秒     all      1.43      0.00      0.22      0.02      0.03     98.29
02時00分02秒     all      7.34      0.00      1.01      0.11      0.06     91.49
平均値:      all      4.38      0.00      0.61      0.06      0.04     94.89

-------------------- Logged in user --------------------
k43c16f0 2018-05-31 09:07

