==================== 2018-06-03 02:55:02 ====================

-------------------- uptime --------------------
 02:55:02 up 331 days, 15:44,  1 user,  load average: 0.00, 0.01, 0.05

-------------------- System info --------------------
Linux sakura-tokyo-prod 3.10.0-514.26.2.el7.x86_64 #1 SMP Tue Jul 4 15:04:05 UTC 2017 x86_64 x86_64 x86_64 GNU/Linux

-------------------- Storage usage --------------------
ファイルシス   サイズ  使用  残り 使用% マウント位置
/dev/vda4         96G  6.7G   89G    7% /
devtmpfs         2.0G     0  2.0G    0% /dev
tmpfs            2.0G     0  2.0G    0% /dev/shm
tmpfs            2.0G  1.2G  837M   58% /run
tmpfs            2.0G     0  2.0G    0% /sys/fs/cgroup
/dev/vda2        497M  217M  280M   44% /boot
tmpfs            396M     0  396M    0% /run/user/0
tmpfs            396M     0  396M    0% /run/user/1001

-------------------- System load --------------------
Linux 3.10.0-514.26.2.el7.x86_64 (sakura-tokyo-prod) 	2018年06月03日 	_x86_64_	(4 CPU)

00時00分02秒     CPU     %user     %nice   %system   %iowait    %steal     %idle
01時00分03秒     all      0.19      0.00      0.07      0.00      0.03     99.71
02時00分02秒     all      0.42      0.00      0.09      0.00      0.02     99.47
平均値:      all      0.30      0.00      0.08      0.00      0.02     99.59

-------------------- Logged in user --------------------
k25f7085 2018-05-31 09:07

==================== 2018-06-03 05:55:01 ====================

-------------------- uptime --------------------
 05:55:01 up 331 days, 18:44,  1 user,  load average: 0.00, 0.04, 0.05

-------------------- System info --------------------
Linux sakura-tokyo-prod 3.10.0-514.26.2.el7.x86_64 #1 SMP Tue Jul 4 15:04:05 UTC 2017 x86_64 x86_64 x86_64 GNU/Linux

-------------------- Storage usage --------------------
ファイルシス   サイズ  使用  残り 使用% マウント位置
/dev/vda4         96G  6.7G   89G    7% /
devtmpfs         2.0G     0  2.0G    0% /dev
tmpfs            2.0G     0  2.0G    0% /dev/shm
tmpfs            2.0G  1.2G  837M   58% /run
tmpfs            2.0G     0  2.0G    0% /sys/fs/cgroup
/dev/vda2        497M  217M  280M   44% /boot
tmpfs            396M     0  396M    0% /run/user/0
tmpfs            396M     0  396M    0% /run/user/1001

-------------------- System load --------------------
Linux 3.10.0-514.26.2.el7.x86_64 (sakura-tokyo-prod) 	2018年06月03日 	_x86_64_	(4 CPU)

00時00分02秒     CPU     %user     %nice   %system   %iowait    %steal     %idle
01時00分03秒     all      0.19      0.00      0.07      0.00      0.03     99.71
02時00分02秒     all      0.42      0.00      0.09      0.00      0.02     99.47
03時00分02秒     all      0.16      0.00      0.05      0.00      0.02     99.77
04時00分02秒     all      0.25      0.00      0.07      0.00      0.02     99.65
05時00分02秒     all      0.35      0.00      0.08      0.00      0.02     99.53
平均値:      all      0.28      0.00      0.07      0.00      0.02     99.63

-------------------- Logged in user --------------------
kde8673f 2018-05-31 09:07

==================== 2018-06-03 08:55:01 ====================

-------------------- uptime --------------------
 08:55:01 up 331 days, 21:44,  1 user,  load average: 0.00, 0.01, 0.05

-------------------- System info --------------------
Linux sakura-tokyo-prod 3.10.0-514.26.2.el7.x86_64 #1 SMP Tue Jul 4 15:04:05 UTC 2017 x86_64 x86_64 x86_64 GNU/Linux

-------------------- Storage usage --------------------
ファイルシス   サイズ  使用  残り 使用% マウント位置
/dev/vda4         96G  6.7G   89G    7% /
devtmpfs         2.0G     0  2.0G    0% /dev
tmpfs            2.0G     0  2.0G    0% /dev/shm
tmpfs            2.0G  1.2G  837M   58% /run
tmpfs            2.0G     0  2.0G    0% /sys/fs/cgroup
/dev/vda2        497M  217M  280M   44% /boot
tmpfs            396M     0  396M    0% /run/user/0
tmpfs            396M     0  396M    0% /run/user/1001

-------------------- System load --------------------
Linux 3.10.0-514.26.2.el7.x86_64 (sakura-tokyo-prod) 	2018年06月03日 	_x86_64_	(4 CPU)

00時00分02秒     CPU     %user     %nice   %system   %iowait    %steal     %idle
01時00分03秒     all      0.19      0.00      0.07      0.00      0.03     99.71
02時00分02秒     all      0.42      0.00      0.09      0.00      0.02     99.47
03時00分02秒     all      0.16      0.00      0.05      0.00      0.02     99.77
04時00分02秒     all      0.25      0.00      0.07      0.00      0.02     99.65
05時00分02秒     all      0.35      0.00      0.08      0.00      0.02     99.53
06時00分02秒     all      1.24      0.00      0.20      0.02      0.03     98.51
07時00分02秒     all      0.36      0.00      0.09      0.01      0.03     99.51
08時00分02秒     all      0.22      0.00      0.07      0.00      0.03     99.68
平均値:      all      0.40      0.00      0.09      0.01      0.03     99.48

-------------------- Logged in user --------------------
kc28baac 2018-05-31 09:07

==================== 2018-06-03 11:55:01 ====================

-------------------- uptime --------------------
 11:55:01 up 332 days, 44 min,  1 user,  load average: 0.02, 0.05, 0.05

-------------------- System info --------------------
Linux sakura-tokyo-prod 3.10.0-514.26.2.el7.x86_64 #1 SMP Tue Jul 4 15:04:05 UTC 2017 x86_64 x86_64 x86_64 GNU/Linux

-------------------- Storage usage --------------------
ファイルシス   サイズ  使用  残り 使用% マウント位置
/dev/vda4         96G  6.7G   89G    7% /
devtmpfs         2.0G     0  2.0G    0% /dev
tmpfs            2.0G     0  2.0G    0% /dev/shm
tmpfs            2.0G  1.2G  837M   58% /run
tmpfs            2.0G     0  2.0G    0% /sys/fs/cgroup
/dev/vda2        497M  217M  280M   44% /boot
tmpfs            396M     0  396M    0% /run/user/0
tmpfs            396M     0  396M    0% /run/user/1001

-------------------- System load --------------------
Linux 3.10.0-514.26.2.el7.x86_64 (sakura-tokyo-prod) 	2018年06月03日 	_x86_64_	(4 CPU)

00時00分02秒     CPU     %user     %nice   %system   %iowait    %steal     %idle
01時00分03秒     all      0.19      0.00      0.07      0.00      0.03     99.71
02時00分02秒     all      0.42      0.00      0.09      0.00      0.02     99.47
03時00分02秒     all      0.16      0.00      0.05      0.00      0.02     99.77
04時00分02秒     all      0.25      0.00      0.07      0.00      0.02     99.65
05時00分02秒     all      0.35      0.00      0.08      0.00      0.02     99.53
06時00分02秒     all      1.24      0.00      0.20      0.02      0.03     98.51
07時00分02秒     all      0.36      0.00      0.09      0.01      0.03     99.51
08時00分02秒     all      0.22      0.00      0.07      0.00      0.03     99.68
09時00分02秒     all      0.40      0.00      0.09      0.01      0.03     99.48
10時00分02秒     all      0.34      0.00      0.07      0.00      0.03     99.56
11時00分02秒     all      0.23      0.00      0.07      0.00      0.03     99.67
平均値:      all      0.38      0.00      0.09      0.00      0.03     99.50

-------------------- Logged in user --------------------
kbe4cf66 2018-05-31 09:07

==================== 2018-06-03 14:55:01 ====================

-------------------- uptime --------------------
 14:55:01 up 332 days,  3:44,  1 user,  load average: 0.00, 0.04, 0.05

-------------------- System info --------------------
Linux sakura-tokyo-prod 3.10.0-514.26.2.el7.x86_64 #1 SMP Tue Jul 4 15:04:05 UTC 2017 x86_64 x86_64 x86_64 GNU/Linux

-------------------- Storage usage --------------------
ファイルシス   サイズ  使用  残り 使用% マウント位置
/dev/vda4         96G  6.7G   89G    7% /
devtmpfs         2.0G     0  2.0G    0% /dev
tmpfs            2.0G     0  2.0G    0% /dev/shm
tmpfs            2.0G  1.2G  836M   58% /run
tmpfs            2.0G     0  2.0G    0% /sys/fs/cgroup
/dev/vda2        497M  217M  280M   44% /boot
tmpfs            396M     0  396M    0% /run/user/0
tmpfs            396M     0  396M    0% /run/user/1001

-------------------- System load --------------------
Linux 3.10.0-514.26.2.el7.x86_64 (sakura-tokyo-prod) 	2018年06月03日 	_x86_64_	(4 CPU)

00時00分02秒     CPU     %user     %nice   %system   %iowait    %steal     %idle
01時00分03秒     all      0.19      0.00      0.07      0.00      0.03     99.71
02時00分02秒     all      0.42      0.00      0.09      0.00      0.02     99.47
03時00分02秒     all      0.16      0.00      0.05      0.00      0.02     99.77
04時00分02秒     all      0.25      0.00      0.07      0.00      0.02     99.65
05時00分02秒     all      0.35      0.00      0.08      0.00      0.02     99.53
06時00分02秒     all      1.24      0.00      0.20      0.02      0.03     98.51
07時00分02秒     all      0.36      0.00      0.09      0.01      0.03     99.51
08時00分02秒     all      0.22      0.00      0.07      0.00      0.03     99.68
09時00分02秒     all      0.40      0.00      0.09      0.01      0.03     99.48
10時00分02秒     all      0.34      0.00      0.07      0.00      0.03     99.56
11時00分02秒     all      0.23      0.00      0.07      0.00      0.03     99.67
12時00分02秒     all      0.72      0.00      0.12      0.01      0.05     99.10
13時00分02秒     all      0.58      0.00      0.12      0.01      0.04     99.25
14時00分02秒     all      1.12      0.00      0.18      0.02      0.04     98.65
平均値:      all      0.47      0.00      0.10      0.01      0.03     99.40

-------------------- Logged in user --------------------
kf658f21 2018-05-31 09:07

==================== 2018-06-03 17:55:01 ====================

-------------------- uptime --------------------
 17:55:01 up 332 days,  6:44,  1 user,  load average: 0.01, 0.05, 0.05

-------------------- System info --------------------
Linux sakura-tokyo-prod 3.10.0-514.26.2.el7.x86_64 #1 SMP Tue Jul 4 15:04:05 UTC 2017 x86_64 x86_64 x86_64 GNU/Linux

-------------------- Storage usage --------------------
ファイルシス   サイズ  使用  残り 使用% マウント位置
/dev/vda4         96G  6.7G   89G    7% /
devtmpfs         2.0G     0  2.0G    0% /dev
tmpfs            2.0G     0  2.0G    0% /dev/shm
tmpfs            2.0G  1.2G  836M   58% /run
tmpfs            2.0G     0  2.0G    0% /sys/fs/cgroup
/dev/vda2        497M  217M  280M   44% /boot
tmpfs            396M     0  396M    0% /run/user/0
tmpfs            396M     0  396M    0% /run/user/1001

-------------------- System load --------------------
Linux 3.10.0-514.26.2.el7.x86_64 (sakura-tokyo-prod) 	2018年06月03日 	_x86_64_	(4 CPU)

00時00分02秒     CPU     %user     %nice   %system   %iowait    %steal     %idle
01時00分03秒     all      0.19      0.00      0.07      0.00      0.03     99.71
02時00分02秒     all      0.42      0.00      0.09      0.00      0.02     99.47
03時00分02秒     all      0.16      0.00      0.05      0.00      0.02     99.77
04時00分02秒     all      0.25      0.00      0.07      0.00      0.02     99.65
05時00分02秒     all      0.35      0.00      0.08      0.00      0.02     99.53
06時00分02秒     all      1.24      0.00      0.20      0.02      0.03     98.51
07時00分02秒     all      0.36      0.00      0.09      0.01      0.03     99.51
08時00分02秒     all      0.22      0.00      0.07      0.00      0.03     99.68
09時00分02秒     all      0.40      0.00      0.09      0.01      0.03     99.48
10時00分02秒     all      0.34      0.00      0.07      0.00      0.03     99.56
11時00分02秒     all      0.23      0.00      0.07      0.00      0.03     99.67
12時00分02秒     all      0.72      0.00      0.12      0.01      0.05     99.10
13時00分02秒     all      0.58      0.00      0.12      0.01      0.04     99.25
14時00分02秒     all      1.12      0.00      0.18      0.02      0.04     98.65
15時00分02秒     all      0.35      0.00      0.07      0.00      0.03     99.55
16時00分02秒     all      1.25      0.00      0.19      0.02      0.04     98.50
17時00分02秒     all      0.59      0.00      0.11      0.01      0.03     99.26
平均値:      all      0.52      0.00      0.10      0.01      0.03     99.34

-------------------- Logged in user --------------------
kfe13a85 2018-05-31 09:07

