==================== 2018-06-04 02:55:01 ====================

-------------------- uptime --------------------
 02:55:01 up 332 days, 15:44,  1 user,  load average: 0.00, 0.01, 0.05

-------------------- System info --------------------
Linux sakura-tokyo-prod 3.10.0-514.26.2.el7.x86_64 #1 SMP Tue Jul 4 15:04:05 UTC 2017 x86_64 x86_64 x86_64 GNU/Linux

-------------------- Storage usage --------------------
ファイルシス   サイズ  使用  残り 使用% マウント位置
/dev/vda4         96G  6.7G   89G    7% /
devtmpfs         2.0G     0  2.0G    0% /dev
tmpfs            2.0G     0  2.0G    0% /dev/shm
tmpfs            2.0G  1.2G  836M   58% /run
tmpfs            2.0G     0  2.0G    0% /sys/fs/cgroup
/dev/vda2        497M  217M  280M   44% /boot
tmpfs            396M     0  396M    0% /run/user/0
tmpfs            396M     0  396M    0% /run/user/1001

-------------------- System load --------------------
Linux 3.10.0-514.26.2.el7.x86_64 (sakura-tokyo-prod) 	2018年06月04日 	_x86_64_	(4 CPU)

00時00分03秒     CPU     %user     %nice   %system   %iowait    %steal     %idle
01時00分02秒     all      0.26      0.00      0.07      0.00      0.02     99.64
02時00分02秒     all      0.86      0.00      0.17      0.01      0.03     98.93
平均値:      all      0.56      0.00      0.12      0.01      0.03     99.29

-------------------- Logged in user --------------------
k3855394 2018-05-31 09:07

==================== 2018-06-04 05:55:02 ====================

-------------------- uptime --------------------
 05:55:02 up 332 days, 18:44,  1 user,  load average: 0.00, 0.04, 0.05

-------------------- System info --------------------
Linux sakura-tokyo-prod 3.10.0-514.26.2.el7.x86_64 #1 SMP Tue Jul 4 15:04:05 UTC 2017 x86_64 x86_64 x86_64 GNU/Linux

-------------------- Storage usage --------------------
ファイルシス   サイズ  使用  残り 使用% マウント位置
/dev/vda4         96G  6.7G   89G    7% /
devtmpfs         2.0G     0  2.0G    0% /dev
tmpfs            2.0G     0  2.0G    0% /dev/shm
tmpfs            2.0G  1.2G  836M   58% /run
tmpfs            2.0G     0  2.0G    0% /sys/fs/cgroup
/dev/vda2        497M  217M  280M   44% /boot
tmpfs            396M     0  396M    0% /run/user/0
tmpfs            396M     0  396M    0% /run/user/1001

-------------------- System load --------------------
Linux 3.10.0-514.26.2.el7.x86_64 (sakura-tokyo-prod) 	2018年06月04日 	_x86_64_	(4 CPU)

00時00分03秒     CPU     %user     %nice   %system   %iowait    %steal     %idle
01時00分02秒     all      0.26      0.00      0.07      0.00      0.02     99.64
02時00分02秒     all      0.86      0.00      0.17      0.01      0.03     98.93
03時00分03秒     all      0.23      0.00      0.06      0.00      0.03     99.68
04時00分02秒     all      0.47      0.00      0.10      0.01      0.03     99.39
05時00分02秒     all      0.44      0.00      0.09      0.01      0.03     99.44
平均値:      all      0.45      0.00      0.10      0.01      0.03     99.42

-------------------- Logged in user --------------------
k9249fe1 2018-05-31 09:07

==================== 2018-06-04 08:55:01 ====================

-------------------- uptime --------------------
 08:55:01 up 332 days, 21:44,  1 user,  load average: 0.00, 0.04, 0.09

-------------------- System info --------------------
Linux sakura-tokyo-prod 3.10.0-514.26.2.el7.x86_64 #1 SMP Tue Jul 4 15:04:05 UTC 2017 x86_64 x86_64 x86_64 GNU/Linux

-------------------- Storage usage --------------------
ファイルシス   サイズ  使用  残り 使用% マウント位置
/dev/vda4         96G  6.7G   89G    7% /
devtmpfs         2.0G     0  2.0G    0% /dev
tmpfs            2.0G     0  2.0G    0% /dev/shm
tmpfs            2.0G  1.2G  836M   58% /run
tmpfs            2.0G     0  2.0G    0% /sys/fs/cgroup
/dev/vda2        497M  217M  280M   44% /boot
tmpfs            396M     0  396M    0% /run/user/0
tmpfs            396M     0  396M    0% /run/user/1001

-------------------- System load --------------------
Linux 3.10.0-514.26.2.el7.x86_64 (sakura-tokyo-prod) 	2018年06月04日 	_x86_64_	(4 CPU)

00時00分03秒     CPU     %user     %nice   %system   %iowait    %steal     %idle
01時00分02秒     all      0.26      0.00      0.07      0.00      0.02     99.64
02時00分02秒     all      0.86      0.00      0.17      0.01      0.03     98.93
03時00分03秒     all      0.23      0.00      0.06      0.00      0.03     99.68
04時00分02秒     all      0.47      0.00      0.10      0.01      0.03     99.39
05時00分02秒     all      0.44      0.00      0.09      0.01      0.03     99.44
06時00分02秒     all      1.22      0.00      0.22      0.02      0.05     98.50
07時00分02秒     all      0.61      0.00      0.13      0.01      0.03     99.22
08時00分02秒     all      0.62      0.00      0.12      0.01      0.03     99.23
平均値:      all      0.59      0.00      0.12      0.01      0.03     99.25

-------------------- Logged in user --------------------
k3dbf96a 2018-05-31 09:07

==================== 2018-06-04 11:55:02 ====================

-------------------- uptime --------------------
 11:55:02 up 333 days, 44 min,  1 user,  load average: 0.02, 0.03, 0.05

-------------------- System info --------------------
Linux sakura-tokyo-prod 3.10.0-514.26.2.el7.x86_64 #1 SMP Tue Jul 4 15:04:05 UTC 2017 x86_64 x86_64 x86_64 GNU/Linux

-------------------- Storage usage --------------------
ファイルシス   サイズ  使用  残り 使用% マウント位置
/dev/vda4         96G  6.7G   89G    7% /
devtmpfs         2.0G     0  2.0G    0% /dev
tmpfs            2.0G     0  2.0G    0% /dev/shm
tmpfs            2.0G  1.2G  836M   58% /run
tmpfs            2.0G     0  2.0G    0% /sys/fs/cgroup
/dev/vda2        497M  217M  280M   44% /boot
tmpfs            396M     0  396M    0% /run/user/0
tmpfs            396M     0  396M    0% /run/user/1001

-------------------- System load --------------------
Linux 3.10.0-514.26.2.el7.x86_64 (sakura-tokyo-prod) 	2018年06月04日 	_x86_64_	(4 CPU)

00時00分03秒     CPU     %user     %nice   %system   %iowait    %steal     %idle
01時00分02秒     all      0.26      0.00      0.07      0.00      0.02     99.64
02時00分02秒     all      0.86      0.00      0.17      0.01      0.03     98.93
03時00分03秒     all      0.23      0.00      0.06      0.00      0.03     99.68
04時00分02秒     all      0.47      0.00      0.10      0.01      0.03     99.39
05時00分02秒     all      0.44      0.00      0.09      0.01      0.03     99.44
06時00分02秒     all      1.22      0.00      0.22      0.02      0.05     98.50
07時00分02秒     all      0.61      0.00      0.13      0.01      0.03     99.22
08時00分02秒     all      0.62      0.00      0.12      0.01      0.03     99.23
09時00分02秒     all      0.83      0.00      0.16      0.01      0.04     98.96
10時00分02秒     all      0.35      0.00      0.09      0.00      0.04     99.53
11時00分02秒     all      0.69      0.00      0.14      0.01      0.04     99.13
平均値:      all      0.60      0.00      0.12      0.01      0.03     99.24

-------------------- Logged in user --------------------
k207bb75 2018-05-31 09:07

==================== 2018-06-04 14:55:01 ====================

-------------------- uptime --------------------
 14:55:01 up 333 days,  3:44,  1 user,  load average: 0.03, 0.04, 0.05

-------------------- System info --------------------
Linux sakura-tokyo-prod 3.10.0-514.26.2.el7.x86_64 #1 SMP Tue Jul 4 15:04:05 UTC 2017 x86_64 x86_64 x86_64 GNU/Linux

-------------------- Storage usage --------------------
ファイルシス   サイズ  使用  残り 使用% マウント位置
/dev/vda4         96G  6.7G   89G    7% /
devtmpfs         2.0G     0  2.0G    0% /dev
tmpfs            2.0G     0  2.0G    0% /dev/shm
tmpfs            2.0G  1.2G  836M   58% /run
tmpfs            2.0G     0  2.0G    0% /sys/fs/cgroup
/dev/vda2        497M  217M  280M   44% /boot
tmpfs            396M     0  396M    0% /run/user/0
tmpfs            396M     0  396M    0% /run/user/1001

-------------------- System load --------------------
Linux 3.10.0-514.26.2.el7.x86_64 (sakura-tokyo-prod) 	2018年06月04日 	_x86_64_	(4 CPU)

00時00分03秒     CPU     %user     %nice   %system   %iowait    %steal     %idle
01時00分02秒     all      0.26      0.00      0.07      0.00      0.02     99.64
02時00分02秒     all      0.86      0.00      0.17      0.01      0.03     98.93
03時00分03秒     all      0.23      0.00      0.06      0.00      0.03     99.68
04時00分02秒     all      0.47      0.00      0.10      0.01      0.03     99.39
05時00分02秒     all      0.44      0.00      0.09      0.01      0.03     99.44
06時00分02秒     all      1.22      0.00      0.22      0.02      0.05     98.50
07時00分02秒     all      0.61      0.00      0.13      0.01      0.03     99.22
08時00分02秒     all      0.62      0.00      0.12      0.01      0.03     99.23
09時00分02秒     all      0.83      0.00      0.16      0.01      0.04     98.96
10時00分02秒     all      0.35      0.00      0.09      0.00      0.04     99.53
11時00分02秒     all      0.69      0.00      0.14      0.01      0.04     99.13
12時00分02秒     all      0.47      0.00      0.11      0.01      0.04     99.38
13時00分02秒     all      0.49      0.00      0.11      0.01      0.05     99.35
14時00分01秒     all      0.25      0.00      0.07      0.00      0.03     99.65
平均値:      all      0.56      0.00      0.12      0.01      0.03     99.29

-------------------- Logged in user --------------------
k0d34327 2018-05-31 09:07

==================== 2018-06-04 17:55:01 ====================

-------------------- uptime --------------------
 17:55:01 up 333 days,  6:44,  1 user,  load average: 0.00, 0.01, 0.05

-------------------- System info --------------------
Linux sakura-tokyo-prod 3.10.0-514.26.2.el7.x86_64 #1 SMP Tue Jul 4 15:04:05 UTC 2017 x86_64 x86_64 x86_64 GNU/Linux

-------------------- Storage usage --------------------
ファイルシス   サイズ  使用  残り 使用% マウント位置
/dev/vda4         96G  6.7G   89G    7% /
devtmpfs         2.0G     0  2.0G    0% /dev
tmpfs            2.0G     0  2.0G    0% /dev/shm
tmpfs            2.0G  1.2G  835M   58% /run
tmpfs            2.0G     0  2.0G    0% /sys/fs/cgroup
/dev/vda2        497M  217M  280M   44% /boot
tmpfs            396M     0  396M    0% /run/user/0
tmpfs            396M     0  396M    0% /run/user/1001

-------------------- System load --------------------
Linux 3.10.0-514.26.2.el7.x86_64 (sakura-tokyo-prod) 	2018年06月04日 	_x86_64_	(4 CPU)

00時00分03秒     CPU     %user     %nice   %system   %iowait    %steal     %idle
01時00分02秒     all      0.26      0.00      0.07      0.00      0.02     99.64
02時00分02秒     all      0.86      0.00      0.17      0.01      0.03     98.93
03時00分03秒     all      0.23      0.00      0.06      0.00      0.03     99.68
04時00分02秒     all      0.47      0.00      0.10      0.01      0.03     99.39
05時00分02秒     all      0.44      0.00      0.09      0.01      0.03     99.44
06時00分02秒     all      1.22      0.00      0.22      0.02      0.05     98.50
07時00分02秒     all      0.61      0.00      0.13      0.01      0.03     99.22
08時00分02秒     all      0.62      0.00      0.12      0.01      0.03     99.23
09時00分02秒     all      0.83      0.00      0.16      0.01      0.04     98.96
10時00分02秒     all      0.35      0.00      0.09      0.00      0.04     99.53
11時00分02秒     all      0.69      0.00      0.14      0.01      0.04     99.13
12時00分02秒     all      0.47      0.00      0.11      0.01      0.04     99.38
13時00分02秒     all      0.49      0.00      0.11      0.01      0.05     99.35
14時00分01秒     all      0.25      0.00      0.07      0.00      0.03     99.65
15時00分03秒     all      0.26      0.00      0.07      0.00      0.03     99.64
16時00分02秒     all      0.78      0.00      0.15      0.01      0.04     99.02
17時00分02秒     all      0.76      0.00      0.14      0.01      0.02     99.07
平均値:      all      0.56      0.00      0.12      0.01      0.03     99.28

-------------------- Logged in user --------------------
k874905d 2018-05-31 09:07

==================== 2018-06-04 20:55:01 ====================

-------------------- uptime --------------------
 20:55:01 up 333 days,  9:44,  0 users,  load average: 0.00, 0.01, 0.05

-------------------- System info --------------------
Linux sakura-tokyo-prod 3.10.0-514.26.2.el7.x86_64 #1 SMP Tue Jul 4 15:04:05 UTC 2017 x86_64 x86_64 x86_64 GNU/Linux

-------------------- Storage usage --------------------
ファイルシス   サイズ  使用  残り 使用% マウント位置
/dev/vda4         96G  6.7G   89G    7% /
devtmpfs         2.0G     0  2.0G    0% /dev
tmpfs            2.0G     0  2.0G    0% /dev/shm
tmpfs            2.0G  1.2G  835M   58% /run
tmpfs            2.0G     0  2.0G    0% /sys/fs/cgroup
/dev/vda2        497M  217M  280M   44% /boot
tmpfs            396M     0  396M    0% /run/user/0
tmpfs            396M     0  396M    0% /run/user/1001

-------------------- System load --------------------
Linux 3.10.0-514.26.2.el7.x86_64 (sakura-tokyo-prod) 	2018年06月04日 	_x86_64_	(4 CPU)

00時00分03秒     CPU     %user     %nice   %system   %iowait    %steal     %idle
01時00分02秒     all      0.26      0.00      0.07      0.00      0.02     99.64
02時00分02秒     all      0.86      0.00      0.17      0.01      0.03     98.93
03時00分03秒     all      0.23      0.00      0.06      0.00      0.03     99.68
04時00分02秒     all      0.47      0.00      0.10      0.01      0.03     99.39
05時00分02秒     all      0.44      0.00      0.09      0.01      0.03     99.44
06時00分02秒     all      1.22      0.00      0.22      0.02      0.05     98.50
07時00分02秒     all      0.61      0.00      0.13      0.01      0.03     99.22
08時00分02秒     all      0.62      0.00      0.12      0.01      0.03     99.23
09時00分02秒     all      0.83      0.00      0.16      0.01      0.04     98.96
10時00分02秒     all      0.35      0.00      0.09      0.00      0.04     99.53
11時00分02秒     all      0.69      0.00      0.14      0.01      0.04     99.13
12時00分02秒     all      0.47      0.00      0.11      0.01      0.04     99.38
13時00分02秒     all      0.49      0.00      0.11      0.01      0.05     99.35
14時00分01秒     all      0.25      0.00      0.07      0.00      0.03     99.65
15時00分03秒     all      0.26      0.00      0.07      0.00      0.03     99.64
16時00分02秒     all      0.78      0.00      0.15      0.01      0.04     99.02
17時00分02秒     all      0.76      0.00      0.14      0.01      0.02     99.07
18時00分02秒     all      0.48      0.00      0.10      0.01      0.02     99.40
19時00分02秒     all      0.45      0.00      0.10      0.00      0.02     99.43
20時00分02秒     all      0.22      0.00      0.06      0.00      0.02     99.70
平均値:      all      0.54      0.00      0.11      0.01      0.03     99.31

-------------------- Logged in user --------------------


==================== 2018-06-04 23:55:02 ====================

-------------------- uptime --------------------
 23:55:02 up 333 days, 12:44,  0 users,  load average: 0.00, 0.01, 0.05

-------------------- System info --------------------
Linux sakura-tokyo-prod 3.10.0-514.26.2.el7.x86_64 #1 SMP Tue Jul 4 15:04:05 UTC 2017 x86_64 x86_64 x86_64 GNU/Linux

-------------------- Storage usage --------------------
ファイルシス   サイズ  使用  残り 使用% マウント位置
/dev/vda4         96G  6.7G   89G    7% /
devtmpfs         2.0G     0  2.0G    0% /dev
tmpfs            2.0G     0  2.0G    0% /dev/shm
tmpfs            2.0G  1.2G  835M   58% /run
tmpfs            2.0G     0  2.0G    0% /sys/fs/cgroup
/dev/vda2        497M  217M  280M   44% /boot
tmpfs            396M     0  396M    0% /run/user/0
tmpfs            396M     0  396M    0% /run/user/1001

-------------------- System load --------------------
Linux 3.10.0-514.26.2.el7.x86_64 (sakura-tokyo-prod) 	2018年06月04日 	_x86_64_	(4 CPU)

00時00分03秒     CPU     %user     %nice   %system   %iowait    %steal     %idle
01時00分02秒     all      0.26      0.00      0.07      0.00      0.02     99.64
02時00分02秒     all      0.86      0.00      0.17      0.01      0.03     98.93
03時00分03秒     all      0.23      0.00      0.06      0.00      0.03     99.68
04時00分02秒     all      0.47      0.00      0.10      0.01      0.03     99.39
05時00分02秒     all      0.44      0.00      0.09      0.01      0.03     99.44
06時00分02秒     all      1.22      0.00      0.22      0.02      0.05     98.50
07時00分02秒     all      0.61      0.00      0.13      0.01      0.03     99.22
08時00分02秒     all      0.62      0.00      0.12      0.01      0.03     99.23
09時00分02秒     all      0.83      0.00      0.16      0.01      0.04     98.96
10時00分02秒     all      0.35      0.00      0.09      0.00      0.04     99.53
11時00分02秒     all      0.69      0.00      0.14      0.01      0.04     99.13
12時00分02秒     all      0.47      0.00      0.11      0.01      0.04     99.38
13時00分02秒     all      0.49      0.00      0.11      0.01      0.05     99.35
14時00分01秒     all      0.25      0.00      0.07      0.00      0.03     99.65
15時00分03秒     all      0.26      0.00      0.07      0.00      0.03     99.64
16時00分02秒     all      0.78      0.00      0.15      0.01      0.04     99.02
17時00分02秒     all      0.76      0.00      0.14      0.01      0.02     99.07
18時00分02秒     all      0.48      0.00      0.10      0.01      0.02     99.40
19時00分02秒     all      0.45      0.00      0.10      0.00      0.02     99.43
20時00分02秒     all      0.22      0.00      0.06      0.00      0.02     99.70
21時00分02秒     all      0.09      0.00      0.04      0.00      0.02     99.86
22時00分02秒     all      0.45      0.00      0.09      0.00      0.02     99.44
23時00分02秒     all      0.09      0.00      0.04      0.00      0.02     99.85
平均値:      all      0.49      0.00      0.10      0.01      0.03     99.37

-------------------- Logged in user --------------------


