==================== 2018-06-07 02:55:01 ====================

-------------------- uptime --------------------
 02:55:01 up 335 days, 15:44,  2 users,  load average: 0.00, 0.01, 0.05

-------------------- System info --------------------
Linux sakura-tokyo-prod 3.10.0-514.26.2.el7.x86_64 #1 SMP Tue Jul 4 15:04:05 UTC 2017 x86_64 x86_64 x86_64 GNU/Linux

-------------------- Storage usage --------------------
ファイルシス   サイズ  使用  残り 使用% マウント位置
/dev/vda4         96G  6.7G   89G    7% /
devtmpfs         2.0G     0  2.0G    0% /dev
tmpfs            2.0G     0  2.0G    0% /dev/shm
tmpfs            2.0G  1.2G  825M   59% /run
tmpfs            2.0G     0  2.0G    0% /sys/fs/cgroup
/dev/vda2        497M  217M  280M   44% /boot
tmpfs            396M     0  396M    0% /run/user/0
tmpfs            396M     0  396M    0% /run/user/1001

-------------------- System load --------------------
Linux 3.10.0-514.26.2.el7.x86_64 (sakura-tokyo-prod) 	2018年06月07日 	_x86_64_	(4 CPU)

00時00分02秒     CPU     %user     %nice   %system   %iowait    %steal     %idle
01時00分02秒     all      0.13      0.00      0.05      0.00      0.05     99.77
02時00分02秒     all      0.58      0.00      0.11      0.01      0.04     99.27
平均値:      all      0.35      0.00      0.08      0.00      0.04     99.52

-------------------- Logged in user --------------------
kd6631d1 2018-06-06 15:34
ka2429ed 2018-06-06 22:13

==================== 2018-06-07 05:55:01 ====================

-------------------- uptime --------------------
 05:55:01 up 335 days, 18:44,  2 users,  load average: 0.00, 0.01, 0.05

-------------------- System info --------------------
Linux sakura-tokyo-prod 3.10.0-514.26.2.el7.x86_64 #1 SMP Tue Jul 4 15:04:05 UTC 2017 x86_64 x86_64 x86_64 GNU/Linux

-------------------- Storage usage --------------------
ファイルシス   サイズ  使用  残り 使用% マウント位置
/dev/vda4         96G  6.7G   89G    7% /
devtmpfs         2.0G     0  2.0G    0% /dev
tmpfs            2.0G     0  2.0G    0% /dev/shm
tmpfs            2.0G  1.2G  825M   59% /run
tmpfs            2.0G     0  2.0G    0% /sys/fs/cgroup
/dev/vda2        497M  217M  280M   44% /boot
tmpfs            396M     0  396M    0% /run/user/0
tmpfs            396M     0  396M    0% /run/user/1001

-------------------- System load --------------------
Linux 3.10.0-514.26.2.el7.x86_64 (sakura-tokyo-prod) 	2018年06月07日 	_x86_64_	(4 CPU)

00時00分02秒     CPU     %user     %nice   %system   %iowait    %steal     %idle
01時00分02秒     all      0.13      0.00      0.05      0.00      0.05     99.77
02時00分02秒     all      0.58      0.00      0.11      0.01      0.04     99.27
03時00分02秒     all      0.11      0.00      0.04      0.00      0.04     99.81
04時00分02秒     all      0.12      0.00      0.05      0.00      0.04     99.79
05時00分02秒     all      0.38      0.00      0.09      0.00      0.03     99.50
平均値:      all      0.26      0.00      0.07      0.00      0.04     99.63

-------------------- Logged in user --------------------
k140cbe9 2018-06-06 15:34
k07e0d8e 2018-06-06 22:13

==================== 2018-06-07 08:55:01 ====================

-------------------- uptime --------------------
 08:55:01 up 335 days, 21:44,  2 users,  load average: 0.00, 0.01, 0.05

-------------------- System info --------------------
Linux sakura-tokyo-prod 3.10.0-514.26.2.el7.x86_64 #1 SMP Tue Jul 4 15:04:05 UTC 2017 x86_64 x86_64 x86_64 GNU/Linux

-------------------- Storage usage --------------------
ファイルシス   サイズ  使用  残り 使用% マウント位置
/dev/vda4         96G  6.7G   89G    7% /
devtmpfs         2.0G     0  2.0G    0% /dev
tmpfs            2.0G     0  2.0G    0% /dev/shm
tmpfs            2.0G  1.2G  825M   59% /run
tmpfs            2.0G     0  2.0G    0% /sys/fs/cgroup
/dev/vda2        497M  217M  280M   44% /boot
tmpfs            396M     0  396M    0% /run/user/0
tmpfs            396M     0  396M    0% /run/user/1001

-------------------- System load --------------------
Linux 3.10.0-514.26.2.el7.x86_64 (sakura-tokyo-prod) 	2018年06月07日 	_x86_64_	(4 CPU)

00時00分02秒     CPU     %user     %nice   %system   %iowait    %steal     %idle
01時00分02秒     all      0.13      0.00      0.05      0.00      0.05     99.77
02時00分02秒     all      0.58      0.00      0.11      0.01      0.04     99.27
03時00分02秒     all      0.11      0.00      0.04      0.00      0.04     99.81
04時00分02秒     all      0.12      0.00      0.05      0.00      0.04     99.79
05時00分02秒     all      0.38      0.00      0.09      0.00      0.03     99.50
06時00分02秒     all      0.21      0.00      0.06      0.00      0.03     99.70
07時00分02秒     all      0.38      0.00      0.09      0.01      0.04     99.49
08時00分01秒     all      0.44      0.00      0.10      0.01      0.04     99.41
平均値:      all      0.29      0.00      0.07      0.00      0.04     99.59

-------------------- Logged in user --------------------
k28e8028 2018-06-06 15:34
k31a9691 2018-06-06 22:13

==================== 2018-06-07 11:55:01 ====================

-------------------- uptime --------------------
 11:55:01 up 336 days, 44 min,  2 users,  load average: 0.00, 0.01, 0.05

-------------------- System info --------------------
Linux sakura-tokyo-prod 3.10.0-514.26.2.el7.x86_64 #1 SMP Tue Jul 4 15:04:05 UTC 2017 x86_64 x86_64 x86_64 GNU/Linux

-------------------- Storage usage --------------------
ファイルシス   サイズ  使用  残り 使用% マウント位置
/dev/vda4         96G  6.7G   89G    7% /
devtmpfs         2.0G     0  2.0G    0% /dev
tmpfs            2.0G     0  2.0G    0% /dev/shm
tmpfs            2.0G  1.2G  825M   59% /run
tmpfs            2.0G     0  2.0G    0% /sys/fs/cgroup
/dev/vda2        497M  217M  280M   44% /boot
tmpfs            396M     0  396M    0% /run/user/0
tmpfs            396M     0  396M    0% /run/user/1001

-------------------- System load --------------------
Linux 3.10.0-514.26.2.el7.x86_64 (sakura-tokyo-prod) 	2018年06月07日 	_x86_64_	(4 CPU)

00時00分02秒     CPU     %user     %nice   %system   %iowait    %steal     %idle
01時00分02秒     all      0.13      0.00      0.05      0.00      0.05     99.77
02時00分02秒     all      0.58      0.00      0.11      0.01      0.04     99.27
03時00分02秒     all      0.11      0.00      0.04      0.00      0.04     99.81
04時00分02秒     all      0.12      0.00      0.05      0.00      0.04     99.79
05時00分02秒     all      0.38      0.00      0.09      0.00      0.03     99.50
06時00分02秒     all      0.21      0.00      0.06      0.00      0.03     99.70
07時00分02秒     all      0.38      0.00      0.09      0.01      0.04     99.49
08時00分01秒     all      0.44      0.00      0.10      0.01      0.04     99.41
09時00分02秒     all      0.10      0.00      0.05      0.00      0.04     99.80
10時00分02秒     all      0.13      0.00      0.06      0.00      0.04     99.77
11時00分01秒     all      0.13      0.00      0.06      0.00      0.04     99.77
平均値:      all      0.25      0.00      0.07      0.00      0.04     99.64

-------------------- Logged in user --------------------
keaef3b9 2018-06-06 15:34
kf0472e1 2018-06-06 22:13

