==================== 2018-06-08 02:55:01 ====================

-------------------- uptime --------------------
 02:55:01 up 336 days, 15:44,  1 user,  load average: 0.02, 0.03, 0.05

-------------------- System info --------------------
Linux sakura-tokyo-prod 3.10.0-514.26.2.el7.x86_64 #1 SMP Tue Jul 4 15:04:05 UTC 2017 x86_64 x86_64 x86_64 GNU/Linux

-------------------- Storage usage --------------------
ファイルシス   サイズ  使用  残り 使用% マウント位置
/dev/vda4         96G  6.7G   89G    7% /
devtmpfs         2.0G     0  2.0G    0% /dev
tmpfs            2.0G     0  2.0G    0% /dev/shm
tmpfs            2.0G  1.2G  824M   59% /run
tmpfs            2.0G     0  2.0G    0% /sys/fs/cgroup
/dev/vda2        497M  217M  280M   44% /boot
tmpfs            396M     0  396M    0% /run/user/0
tmpfs            396M     0  396M    0% /run/user/1001

-------------------- System load --------------------
Linux 3.10.0-514.26.2.el7.x86_64 (sakura-tokyo-prod) 	2018年06月08日 	_x86_64_	(4 CPU)

00時00分02秒     CPU     %user     %nice   %system   %iowait    %steal     %idle
01時00分02秒     all      0.14      0.00      0.05      0.00      0.03     99.78
02時00分02秒     all      0.08      0.00      0.04      0.00      0.02     99.86
平均値:      all      0.11      0.00      0.04      0.00      0.03     99.82

-------------------- Logged in user --------------------
ke1ae2f4 2018-06-06 15:34

==================== 2018-06-08 05:55:01 ====================

-------------------- uptime --------------------
 05:55:01 up 336 days, 18:44,  1 user,  load average: 0.00, 0.01, 0.05

-------------------- System info --------------------
Linux sakura-tokyo-prod 3.10.0-514.26.2.el7.x86_64 #1 SMP Tue Jul 4 15:04:05 UTC 2017 x86_64 x86_64 x86_64 GNU/Linux

-------------------- Storage usage --------------------
ファイルシス   サイズ  使用  残り 使用% マウント位置
/dev/vda4         96G  6.7G   89G    7% /
devtmpfs         2.0G     0  2.0G    0% /dev
tmpfs            2.0G     0  2.0G    0% /dev/shm
tmpfs            2.0G  1.2G  824M   59% /run
tmpfs            2.0G     0  2.0G    0% /sys/fs/cgroup
/dev/vda2        497M  217M  280M   44% /boot
tmpfs            396M     0  396M    0% /run/user/0
tmpfs            396M     0  396M    0% /run/user/1001

-------------------- System load --------------------
Linux 3.10.0-514.26.2.el7.x86_64 (sakura-tokyo-prod) 	2018年06月08日 	_x86_64_	(4 CPU)

00時00分02秒     CPU     %user     %nice   %system   %iowait    %steal     %idle
01時00分02秒     all      0.14      0.00      0.05      0.00      0.03     99.78
02時00分02秒     all      0.08      0.00      0.04      0.00      0.02     99.86
03時00分02秒     all      0.36      0.00      0.08      0.00      0.04     99.51
04時00分02秒     all      0.09      0.00      0.04      0.00      0.03     99.83
05時00分02秒     all      0.10      0.00      0.04      0.00      0.03     99.83
平均値:      all      0.15      0.00      0.05      0.00      0.03     99.76

-------------------- Logged in user --------------------
k54a2285 2018-06-06 15:34

==================== 2018-06-08 08:55:01 ====================

-------------------- uptime --------------------
 08:55:01 up 336 days, 21:44,  1 user,  load average: 0.00, 0.01, 0.05

-------------------- System info --------------------
Linux sakura-tokyo-prod 3.10.0-514.26.2.el7.x86_64 #1 SMP Tue Jul 4 15:04:05 UTC 2017 x86_64 x86_64 x86_64 GNU/Linux

-------------------- Storage usage --------------------
ファイルシス   サイズ  使用  残り 使用% マウント位置
/dev/vda4         96G  6.7G   89G    7% /
devtmpfs         2.0G     0  2.0G    0% /dev
tmpfs            2.0G     0  2.0G    0% /dev/shm
tmpfs            2.0G  1.2G  832M   58% /run
tmpfs            2.0G     0  2.0G    0% /sys/fs/cgroup
/dev/vda2        497M  217M  280M   44% /boot
tmpfs            396M     0  396M    0% /run/user/0
tmpfs            396M     0  396M    0% /run/user/1001

-------------------- System load --------------------
Linux 3.10.0-514.26.2.el7.x86_64 (sakura-tokyo-prod) 	2018年06月08日 	_x86_64_	(4 CPU)

00時00分02秒     CPU     %user     %nice   %system   %iowait    %steal     %idle
01時00分02秒     all      0.14      0.00      0.05      0.00      0.03     99.78
02時00分02秒     all      0.08      0.00      0.04      0.00      0.02     99.86
03時00分02秒     all      0.36      0.00      0.08      0.00      0.04     99.51
04時00分02秒     all      0.09      0.00      0.04      0.00      0.03     99.83
05時00分02秒     all      0.10      0.00      0.04      0.00      0.03     99.83
06時00分02秒     all      0.38      0.00      0.08      0.01      0.03     99.50
07時00分02秒     all      0.15      0.00      0.06      0.00      0.03     99.76
08時00分02秒     all      0.36      0.00      0.08      0.01      0.04     99.51
平均値:      all      0.21      0.00      0.06      0.00      0.03     99.70

-------------------- Logged in user --------------------
ke8e641c 2018-06-06 15:34

==================== 2018-06-08 11:55:01 ====================

-------------------- uptime --------------------
 11:55:01 up 337 days, 44 min,  1 user,  load average: 0.00, 0.03, 0.05

-------------------- System info --------------------
Linux sakura-tokyo-prod 3.10.0-514.26.2.el7.x86_64 #1 SMP Tue Jul 4 15:04:05 UTC 2017 x86_64 x86_64 x86_64 GNU/Linux

-------------------- Storage usage --------------------
ファイルシス   サイズ  使用  残り 使用% マウント位置
/dev/vda4         96G  6.7G   89G    7% /
devtmpfs         2.0G     0  2.0G    0% /dev
tmpfs            2.0G     0  2.0G    0% /dev/shm
tmpfs            2.0G  1.2G  832M   58% /run
tmpfs            2.0G     0  2.0G    0% /sys/fs/cgroup
/dev/vda2        497M  217M  280M   44% /boot
tmpfs            396M     0  396M    0% /run/user/0
tmpfs            396M     0  396M    0% /run/user/1001

-------------------- System load --------------------
Linux 3.10.0-514.26.2.el7.x86_64 (sakura-tokyo-prod) 	2018年06月08日 	_x86_64_	(4 CPU)

00時00分02秒     CPU     %user     %nice   %system   %iowait    %steal     %idle
01時00分02秒     all      0.14      0.00      0.05      0.00      0.03     99.78
02時00分02秒     all      0.08      0.00      0.04      0.00      0.02     99.86
03時00分02秒     all      0.36      0.00      0.08      0.00      0.04     99.51
04時00分02秒     all      0.09      0.00      0.04      0.00      0.03     99.83
05時00分02秒     all      0.10      0.00      0.04      0.00      0.03     99.83
06時00分02秒     all      0.38      0.00      0.08      0.01      0.03     99.50
07時00分02秒     all      0.15      0.00      0.06      0.00      0.03     99.76
08時00分02秒     all      0.36      0.00      0.08      0.01      0.04     99.51
09時00分02秒     all      0.14      0.00      0.07      0.00      0.04     99.75
10時00分02秒     all      0.11      0.00      0.06      0.00      0.05     99.78
11時00分02秒     all      0.11      0.00      0.05      0.00      0.05     99.78
平均値:      all      0.18      0.00      0.06      0.00      0.04     99.72

-------------------- Logged in user --------------------
kf11f76b 2018-06-06 15:34

