==================== 2018-06-09 02:55:01 ====================

-------------------- uptime --------------------
 02:55:01 up 337 days, 15:44,  1 user,  load average: 0.00, 0.01, 0.05

-------------------- System info --------------------
Linux sakura-tokyo-prod 3.10.0-514.26.2.el7.x86_64 #1 SMP Tue Jul 4 15:04:05 UTC 2017 x86_64 x86_64 x86_64 GNU/Linux

-------------------- Storage usage --------------------
ファイルシス   サイズ  使用  残り 使用% マウント位置
/dev/vda4         96G  6.7G   89G    7% /
devtmpfs         2.0G     0  2.0G    0% /dev
tmpfs            2.0G     0  2.0G    0% /dev/shm
tmpfs            2.0G  1.2G  831M   58% /run
tmpfs            2.0G     0  2.0G    0% /sys/fs/cgroup
/dev/vda2        497M  217M  280M   44% /boot
tmpfs            396M     0  396M    0% /run/user/0
tmpfs            396M     0  396M    0% /run/user/1001

-------------------- System load --------------------
Linux 3.10.0-514.26.2.el7.x86_64 (sakura-tokyo-prod) 	2018年06月09日 	_x86_64_	(4 CPU)

00時00分02秒     CPU     %user     %nice   %system   %iowait    %steal     %idle
01時00分02秒     all      0.14      0.00      0.06      0.00      0.02     99.78
02時00分02秒     all      0.13      0.00      0.06      0.00      0.02     99.80
平均値:      all      0.13      0.00      0.06      0.00      0.02     99.79

-------------------- Logged in user --------------------
k1fd966b 2018-06-06 15:34

==================== 2018-06-09 05:55:01 ====================

-------------------- uptime --------------------
 05:55:01 up 337 days, 18:44,  1 user,  load average: 0.00, 0.01, 0.05

-------------------- System info --------------------
Linux sakura-tokyo-prod 3.10.0-514.26.2.el7.x86_64 #1 SMP Tue Jul 4 15:04:05 UTC 2017 x86_64 x86_64 x86_64 GNU/Linux

-------------------- Storage usage --------------------
ファイルシス   サイズ  使用  残り 使用% マウント位置
/dev/vda4         96G  6.7G   89G    7% /
devtmpfs         2.0G     0  2.0G    0% /dev
tmpfs            2.0G     0  2.0G    0% /dev/shm
tmpfs            2.0G  1.2G  831M   58% /run
tmpfs            2.0G     0  2.0G    0% /sys/fs/cgroup
/dev/vda2        497M  217M  280M   44% /boot
tmpfs            396M     0  396M    0% /run/user/0
tmpfs            396M     0  396M    0% /run/user/1001

-------------------- System load --------------------
Linux 3.10.0-514.26.2.el7.x86_64 (sakura-tokyo-prod) 	2018年06月09日 	_x86_64_	(4 CPU)

00時00分02秒     CPU     %user     %nice   %system   %iowait    %steal     %idle
01時00分02秒     all      0.14      0.00      0.06      0.00      0.02     99.78
02時00分02秒     all      0.13      0.00      0.06      0.00      0.02     99.80
03時00分02秒     all      0.13      0.00      0.05      0.00      0.02     99.79
04時00分02秒     all      0.36      0.00      0.09      0.00      0.02     99.52
05時00分02秒     all      0.46      0.00      0.10      0.01      0.02     99.41
平均値:      all      0.24      0.00      0.07      0.00      0.02     99.66

-------------------- Logged in user --------------------
k508f7a9 2018-06-06 15:34

==================== 2018-06-09 08:55:01 ====================

-------------------- uptime --------------------
 08:55:01 up 337 days, 21:44,  1 user,  load average: 0.06, 0.07, 0.06

-------------------- System info --------------------
Linux sakura-tokyo-prod 3.10.0-514.26.2.el7.x86_64 #1 SMP Tue Jul 4 15:04:05 UTC 2017 x86_64 x86_64 x86_64 GNU/Linux

-------------------- Storage usage --------------------
ファイルシス   サイズ  使用  残り 使用% マウント位置
/dev/vda4         96G  6.7G   89G    7% /
devtmpfs         2.0G     0  2.0G    0% /dev
tmpfs            2.0G     0  2.0G    0% /dev/shm
tmpfs            2.0G  1.2G  831M   58% /run
tmpfs            2.0G     0  2.0G    0% /sys/fs/cgroup
/dev/vda2        497M  217M  280M   44% /boot
tmpfs            396M     0  396M    0% /run/user/0
tmpfs            396M     0  396M    0% /run/user/1001

-------------------- System load --------------------
Linux 3.10.0-514.26.2.el7.x86_64 (sakura-tokyo-prod) 	2018年06月09日 	_x86_64_	(4 CPU)

00時00分02秒     CPU     %user     %nice   %system   %iowait    %steal     %idle
01時00分02秒     all      0.14      0.00      0.06      0.00      0.02     99.78
02時00分02秒     all      0.13      0.00      0.06      0.00      0.02     99.80
03時00分02秒     all      0.13      0.00      0.05      0.00      0.02     99.79
04時00分02秒     all      0.36      0.00      0.09      0.00      0.02     99.52
05時00分02秒     all      0.46      0.00      0.10      0.01      0.02     99.41
06時00分02秒     all      0.13      0.00      0.06      0.00      0.02     99.79
07時00分02秒     all      0.41      0.00      0.10      0.00      0.02     99.47
08時00分02秒     all      0.20      0.00      0.07      0.00      0.03     99.71
平均値:      all      0.24      0.00      0.07      0.00      0.02     99.66

-------------------- Logged in user --------------------
k01a8062 2018-06-06 15:34

==================== 2018-06-09 11:55:02 ====================

-------------------- uptime --------------------
 11:55:02 up 338 days, 44 min,  1 user,  load average: 0.01, 0.05, 0.05

-------------------- System info --------------------
Linux sakura-tokyo-prod 3.10.0-514.26.2.el7.x86_64 #1 SMP Tue Jul 4 15:04:05 UTC 2017 x86_64 x86_64 x86_64 GNU/Linux

-------------------- Storage usage --------------------
ファイルシス   サイズ  使用  残り 使用% マウント位置
/dev/vda4         96G  6.7G   89G    7% /
devtmpfs         2.0G     0  2.0G    0% /dev
tmpfs            2.0G     0  2.0G    0% /dev/shm
tmpfs            2.0G  1.2G  831M   58% /run
tmpfs            2.0G     0  2.0G    0% /sys/fs/cgroup
/dev/vda2        497M  217M  280M   44% /boot
tmpfs            396M     0  396M    0% /run/user/0
tmpfs            396M     0  396M    0% /run/user/1001

-------------------- System load --------------------
Linux 3.10.0-514.26.2.el7.x86_64 (sakura-tokyo-prod) 	2018年06月09日 	_x86_64_	(4 CPU)

00時00分02秒     CPU     %user     %nice   %system   %iowait    %steal     %idle
01時00分02秒     all      0.14      0.00      0.06      0.00      0.02     99.78
02時00分02秒     all      0.13      0.00      0.06      0.00      0.02     99.80
03時00分02秒     all      0.13      0.00      0.05      0.00      0.02     99.79
04時00分02秒     all      0.36      0.00      0.09      0.00      0.02     99.52
05時00分02秒     all      0.46      0.00      0.10      0.01      0.02     99.41
06時00分02秒     all      0.13      0.00      0.06      0.00      0.02     99.79
07時00分02秒     all      0.41      0.00      0.10      0.00      0.02     99.47
08時00分02秒     all      0.20      0.00      0.07      0.00      0.03     99.71
09時00分02秒     all      0.73      0.00      0.13      0.01      0.02     99.11
10時00分02秒     all      0.63      0.00      0.14      0.01      0.03     99.20
11時00分02秒     all      0.64      0.00      0.14      0.01      0.03     99.19
平均値:      all      0.36      0.00      0.09      0.00      0.02     99.52

-------------------- Logged in user --------------------
k0c0c00c 2018-06-06 15:34

==================== 2018-06-09 14:55:01 ====================

-------------------- uptime --------------------
 14:55:01 up 338 days,  3:44,  1 user,  load average: 0.00, 0.01, 0.05

-------------------- System info --------------------
Linux sakura-tokyo-prod 3.10.0-514.26.2.el7.x86_64 #1 SMP Tue Jul 4 15:04:05 UTC 2017 x86_64 x86_64 x86_64 GNU/Linux

-------------------- Storage usage --------------------
ファイルシス   サイズ  使用  残り 使用% マウント位置
/dev/vda4         96G  6.7G   89G    7% /
devtmpfs         2.0G     0  2.0G    0% /dev
tmpfs            2.0G     0  2.0G    0% /dev/shm
tmpfs            2.0G  1.2G  831M   58% /run
tmpfs            2.0G     0  2.0G    0% /sys/fs/cgroup
/dev/vda2        497M  217M  280M   44% /boot
tmpfs            396M     0  396M    0% /run/user/0
tmpfs            396M     0  396M    0% /run/user/1001

-------------------- System load --------------------
Linux 3.10.0-514.26.2.el7.x86_64 (sakura-tokyo-prod) 	2018年06月09日 	_x86_64_	(4 CPU)

00時00分02秒     CPU     %user     %nice   %system   %iowait    %steal     %idle
01時00分02秒     all      0.14      0.00      0.06      0.00      0.02     99.78
02時00分02秒     all      0.13      0.00      0.06      0.00      0.02     99.80
03時00分02秒     all      0.13      0.00      0.05      0.00      0.02     99.79
04時00分02秒     all      0.36      0.00      0.09      0.00      0.02     99.52
05時00分02秒     all      0.46      0.00      0.10      0.01      0.02     99.41
06時00分02秒     all      0.13      0.00      0.06      0.00      0.02     99.79
07時00分02秒     all      0.41      0.00      0.10      0.00      0.02     99.47
08時00分02秒     all      0.20      0.00      0.07      0.00      0.03     99.71
09時00分02秒     all      0.73      0.00      0.13      0.01      0.02     99.11
10時00分02秒     all      0.63      0.00      0.14      0.01      0.03     99.20
11時00分02秒     all      0.64      0.00      0.14      0.01      0.03     99.19
12時00分02秒     all      0.47      0.00      0.11      0.01      0.03     99.39
13時00分03秒     all      0.34      0.00      0.11      0.00      0.04     99.51
14時00分02秒     all      0.13      0.00      0.06      0.00      0.03     99.79
平均値:      all      0.35      0.00      0.09      0.00      0.02     99.53

-------------------- Logged in user --------------------
k499513d 2018-06-06 15:34

