==================== 2018-06-10 02:55:01 ====================

-------------------- uptime --------------------
 02:55:01 up 338 days, 15:44,  2 users,  load average: 0.02, 0.04, 0.05

-------------------- System info --------------------
Linux sakura-tokyo-prod 3.10.0-514.26.2.el7.x86_64 #1 SMP Tue Jul 4 15:04:05 UTC 2017 x86_64 x86_64 x86_64 GNU/Linux

-------------------- Storage usage --------------------
ファイルシス   サイズ  使用  残り 使用% マウント位置
/dev/vda4         96G  6.7G   89G    7% /
devtmpfs         2.0G     0  2.0G    0% /dev
tmpfs            2.0G     0  2.0G    0% /dev/shm
tmpfs            2.0G  1.2G  831M   58% /run
tmpfs            2.0G     0  2.0G    0% /sys/fs/cgroup
/dev/vda2        497M  217M  280M   44% /boot
tmpfs            396M     0  396M    0% /run/user/0
tmpfs            396M     0  396M    0% /run/user/1001

-------------------- System load --------------------
Linux 3.10.0-514.26.2.el7.x86_64 (sakura-tokyo-prod) 	2018年06月10日 	_x86_64_	(4 CPU)

00時00分02秒     CPU     %user     %nice   %system   %iowait    %steal     %idle
01時00分03秒     all      0.42      0.00      0.10      0.00      0.03     99.44
02時00分03秒     all      0.11      0.00      0.05      0.00      0.05     99.78
平均値:      all      0.27      0.00      0.08      0.00      0.04     99.61

-------------------- Logged in user --------------------
kf40622d 2018-06-06 15:34
k2014dbf 2018-06-09 20:03

==================== 2018-06-10 05:55:01 ====================

-------------------- uptime --------------------
 05:55:01 up 338 days, 18:44,  2 users,  load average: 0.01, 0.02, 0.05

-------------------- System info --------------------
Linux sakura-tokyo-prod 3.10.0-514.26.2.el7.x86_64 #1 SMP Tue Jul 4 15:04:05 UTC 2017 x86_64 x86_64 x86_64 GNU/Linux

-------------------- Storage usage --------------------
ファイルシス   サイズ  使用  残り 使用% マウント位置
/dev/vda4         96G  6.7G   89G    7% /
devtmpfs         2.0G     0  2.0G    0% /dev
tmpfs            2.0G     0  2.0G    0% /dev/shm
tmpfs            2.0G  1.2G  830M   58% /run
tmpfs            2.0G     0  2.0G    0% /sys/fs/cgroup
/dev/vda2        497M  217M  280M   44% /boot
tmpfs            396M     0  396M    0% /run/user/0
tmpfs            396M     0  396M    0% /run/user/1001

-------------------- System load --------------------
Linux 3.10.0-514.26.2.el7.x86_64 (sakura-tokyo-prod) 	2018年06月10日 	_x86_64_	(4 CPU)

00時00分02秒     CPU     %user     %nice   %system   %iowait    %steal     %idle
01時00分03秒     all      0.42      0.00      0.10      0.00      0.03     99.44
02時00分03秒     all      0.11      0.00      0.05      0.00      0.05     99.78
03時00分03秒     all      0.17      0.00      0.07      0.00      0.04     99.71
04時00分02秒     all      0.91      0.00      0.17      0.01      0.04     98.87
05時00分02秒     all      0.25      0.00      0.08      0.00      0.03     99.65
平均値:      all      0.37      0.00      0.09      0.00      0.04     99.49

-------------------- Logged in user --------------------
k3661a59 2018-06-06 15:34
k1cfa95b 2018-06-09 20:03

==================== 2018-06-10 08:55:01 ====================

-------------------- uptime --------------------
 08:55:01 up 338 days, 21:44,  2 users,  load average: 0.00, 0.01, 0.05

-------------------- System info --------------------
Linux sakura-tokyo-prod 3.10.0-514.26.2.el7.x86_64 #1 SMP Tue Jul 4 15:04:05 UTC 2017 x86_64 x86_64 x86_64 GNU/Linux

-------------------- Storage usage --------------------
ファイルシス   サイズ  使用  残り 使用% マウント位置
/dev/vda4         96G  6.7G   89G    7% /
devtmpfs         2.0G     0  2.0G    0% /dev
tmpfs            2.0G     0  2.0G    0% /dev/shm
tmpfs            2.0G  1.2G  830M   58% /run
tmpfs            2.0G     0  2.0G    0% /sys/fs/cgroup
/dev/vda2        497M  217M  280M   44% /boot
tmpfs            396M     0  396M    0% /run/user/0
tmpfs            396M     0  396M    0% /run/user/1001

-------------------- System load --------------------
Linux 3.10.0-514.26.2.el7.x86_64 (sakura-tokyo-prod) 	2018年06月10日 	_x86_64_	(4 CPU)

00時00分02秒     CPU     %user     %nice   %system   %iowait    %steal     %idle
01時00分03秒     all      0.42      0.00      0.10      0.00      0.03     99.44
02時00分03秒     all      0.11      0.00      0.05      0.00      0.05     99.78
03時00分03秒     all      0.17      0.00      0.07      0.00      0.04     99.71
04時00分02秒     all      0.91      0.00      0.17      0.01      0.04     98.87
05時00分02秒     all      0.25      0.00      0.08      0.00      0.03     99.65
06時00分02秒     all      0.57      0.00      0.11      0.00      0.04     99.27
07時00分02秒     all      0.40      0.00      0.09      0.01      0.03     99.46
08時00分02秒     all      0.10      0.00      0.04      0.00      0.05     99.81
平均値:      all      0.37      0.00      0.09      0.00      0.04     99.50

-------------------- Logged in user --------------------
kc94938b 2018-06-06 15:34
k4e44ad5 2018-06-09 20:03

==================== 2018-06-10 11:55:01 ====================

-------------------- uptime --------------------
 11:55:01 up 339 days, 44 min,  2 users,  load average: 0.00, 0.01, 0.05

-------------------- System info --------------------
Linux sakura-tokyo-prod 3.10.0-514.26.2.el7.x86_64 #1 SMP Tue Jul 4 15:04:05 UTC 2017 x86_64 x86_64 x86_64 GNU/Linux

-------------------- Storage usage --------------------
ファイルシス   サイズ  使用  残り 使用% マウント位置
/dev/vda4         96G  6.7G   89G    7% /
devtmpfs         2.0G     0  2.0G    0% /dev
tmpfs            2.0G     0  2.0G    0% /dev/shm
tmpfs            2.0G  1.2G  830M   59% /run
tmpfs            2.0G     0  2.0G    0% /sys/fs/cgroup
/dev/vda2        497M  217M  280M   44% /boot
tmpfs            396M     0  396M    0% /run/user/0
tmpfs            396M     0  396M    0% /run/user/1001

-------------------- System load --------------------
Linux 3.10.0-514.26.2.el7.x86_64 (sakura-tokyo-prod) 	2018年06月10日 	_x86_64_	(4 CPU)

00時00分02秒     CPU     %user     %nice   %system   %iowait    %steal     %idle
01時00分03秒     all      0.42      0.00      0.10      0.00      0.03     99.44
02時00分03秒     all      0.11      0.00      0.05      0.00      0.05     99.78
03時00分03秒     all      0.17      0.00      0.07      0.00      0.04     99.71
04時00分02秒     all      0.91      0.00      0.17      0.01      0.04     98.87
05時00分02秒     all      0.25      0.00      0.08      0.00      0.03     99.65
06時00分02秒     all      0.57      0.00      0.11      0.00      0.04     99.27
07時00分02秒     all      0.40      0.00      0.09      0.01      0.03     99.46
08時00分02秒     all      0.10      0.00      0.04      0.00      0.05     99.81
09時00分02秒     all      0.14      0.00      0.05      0.00      0.05     99.76
10時00分02秒     all      0.11      0.00      0.04      0.00      0.05     99.80
11時00分02秒     all      0.35      0.00      0.08      0.00      0.05     99.51
平均値:      all      0.32      0.00      0.08      0.00      0.04     99.55

-------------------- Logged in user --------------------
k7bd62fa 2018-06-06 15:34
kb108135 2018-06-09 20:03

