==================== 2018-06-13 02:55:01 ====================

-------------------- uptime --------------------
 02:55:01 up 341 days, 15:44,  1 user,  load average: 0.00, 0.01, 0.05

-------------------- System info --------------------
Linux sakura-tokyo-prod 3.10.0-514.26.2.el7.x86_64 #1 SMP Tue Jul 4 15:04:05 UTC 2017 x86_64 x86_64 x86_64 GNU/Linux

-------------------- Storage usage --------------------
ファイルシス   サイズ  使用  残り 使用% マウント位置
/dev/vda4         96G  6.7G   89G    7% /
devtmpfs         2.0G     0  2.0G    0% /dev
tmpfs            2.0G     0  2.0G    0% /dev/shm
tmpfs            2.0G  1.2G  828M   59% /run
tmpfs            2.0G     0  2.0G    0% /sys/fs/cgroup
/dev/vda2        497M  217M  280M   44% /boot
tmpfs            396M     0  396M    0% /run/user/0
tmpfs            396M     0  396M    0% /run/user/1001

-------------------- System load --------------------
Linux 3.10.0-514.26.2.el7.x86_64 (sakura-tokyo-prod) 	2018年06月13日 	_x86_64_	(4 CPU)

00時00分03秒     CPU     %user     %nice   %system   %iowait    %steal     %idle
01時00分02秒     all      0.11      0.00      0.06      0.00      0.02     99.82
02時00分02秒     all      0.43      0.00      0.10      0.01      0.02     99.44
平均値:      all      0.27      0.00      0.08      0.00      0.02     99.63

-------------------- Logged in user --------------------
k0a41c22 2018-06-12 09:10

==================== 2018-06-13 05:55:01 ====================

-------------------- uptime --------------------
 05:55:01 up 341 days, 18:44,  1 user,  load average: 0.01, 0.02, 0.05

-------------------- System info --------------------
Linux sakura-tokyo-prod 3.10.0-514.26.2.el7.x86_64 #1 SMP Tue Jul 4 15:04:05 UTC 2017 x86_64 x86_64 x86_64 GNU/Linux

-------------------- Storage usage --------------------
ファイルシス   サイズ  使用  残り 使用% マウント位置
/dev/vda4         96G  6.7G   89G    7% /
devtmpfs         2.0G     0  2.0G    0% /dev
tmpfs            2.0G     0  2.0G    0% /dev/shm
tmpfs            2.0G  1.2G  828M   59% /run
tmpfs            2.0G     0  2.0G    0% /sys/fs/cgroup
/dev/vda2        497M  217M  280M   44% /boot
tmpfs            396M     0  396M    0% /run/user/0
tmpfs            396M     0  396M    0% /run/user/1001

-------------------- System load --------------------
Linux 3.10.0-514.26.2.el7.x86_64 (sakura-tokyo-prod) 	2018年06月13日 	_x86_64_	(4 CPU)

00時00分03秒     CPU     %user     %nice   %system   %iowait    %steal     %idle
01時00分02秒     all      0.11      0.00      0.06      0.00      0.02     99.82
02時00分02秒     all      0.43      0.00      0.10      0.01      0.02     99.44
03時00分02秒     all      0.09      0.00      0.05      0.00      0.02     99.84
04時00分02秒     all      0.16      0.00      0.07      0.00      0.02     99.75
05時00分02秒     all      2.80      0.00      0.42      0.04      0.04     96.70
平均値:      all      0.72      0.00      0.14      0.01      0.02     99.11

-------------------- Logged in user --------------------
k86b7216 2018-06-12 09:10

==================== 2018-06-13 08:55:01 ====================

-------------------- uptime --------------------
 08:55:01 up 341 days, 21:44,  1 user,  load average: 0.00, 0.01, 0.05

-------------------- System info --------------------
Linux sakura-tokyo-prod 3.10.0-514.26.2.el7.x86_64 #1 SMP Tue Jul 4 15:04:05 UTC 2017 x86_64 x86_64 x86_64 GNU/Linux

-------------------- Storage usage --------------------
ファイルシス   サイズ  使用  残り 使用% マウント位置
/dev/vda4         96G  6.7G   89G    7% /
devtmpfs         2.0G     0  2.0G    0% /dev
tmpfs            2.0G     0  2.0G    0% /dev/shm
tmpfs            2.0G  1.2G  828M   59% /run
tmpfs            2.0G     0  2.0G    0% /sys/fs/cgroup
/dev/vda2        497M  217M  280M   44% /boot
tmpfs            396M     0  396M    0% /run/user/0
tmpfs            396M     0  396M    0% /run/user/1001

-------------------- System load --------------------
Linux 3.10.0-514.26.2.el7.x86_64 (sakura-tokyo-prod) 	2018年06月13日 	_x86_64_	(4 CPU)

00時00分03秒     CPU     %user     %nice   %system   %iowait    %steal     %idle
01時00分02秒     all      0.11      0.00      0.06      0.00      0.02     99.82
02時00分02秒     all      0.43      0.00      0.10      0.01      0.02     99.44
03時00分02秒     all      0.09      0.00      0.05      0.00      0.02     99.84
04時00分02秒     all      0.16      0.00      0.07      0.00      0.02     99.75
05時00分02秒     all      2.80      0.00      0.42      0.04      0.04     96.70
06時00分02秒     all      0.18      0.00      0.07      0.00      0.02     99.72
07時00分02秒     all      0.70      0.00      0.13      0.00      0.07     99.10
08時00分02秒     all      0.18      0.00      0.08      0.00      0.03     99.72
平均値:      all      0.58      0.00      0.12      0.01      0.03     99.26

-------------------- Logged in user --------------------
k1b88865 2018-06-12 09:10

==================== 2018-06-13 11:55:02 ====================

-------------------- uptime --------------------
 11:55:02 up 342 days, 44 min,  1 user,  load average: 0.00, 0.01, 0.05

-------------------- System info --------------------
Linux sakura-tokyo-prod 3.10.0-514.26.2.el7.x86_64 #1 SMP Tue Jul 4 15:04:05 UTC 2017 x86_64 x86_64 x86_64 GNU/Linux

-------------------- Storage usage --------------------
ファイルシス   サイズ  使用  残り 使用% マウント位置
/dev/vda4         96G  6.7G   89G    7% /
devtmpfs         2.0G     0  2.0G    0% /dev
tmpfs            2.0G     0  2.0G    0% /dev/shm
tmpfs            2.0G  1.2G  828M   59% /run
tmpfs            2.0G     0  2.0G    0% /sys/fs/cgroup
/dev/vda2        497M  217M  280M   44% /boot
tmpfs            396M     0  396M    0% /run/user/0
tmpfs            396M     0  396M    0% /run/user/1001

-------------------- System load --------------------
Linux 3.10.0-514.26.2.el7.x86_64 (sakura-tokyo-prod) 	2018年06月13日 	_x86_64_	(4 CPU)

00時00分03秒     CPU     %user     %nice   %system   %iowait    %steal     %idle
01時00分02秒     all      0.11      0.00      0.06      0.00      0.02     99.82
02時00分02秒     all      0.43      0.00      0.10      0.01      0.02     99.44
03時00分02秒     all      0.09      0.00      0.05      0.00      0.02     99.84
04時00分02秒     all      0.16      0.00      0.07      0.00      0.02     99.75
05時00分02秒     all      2.80      0.00      0.42      0.04      0.04     96.70
06時00分02秒     all      0.18      0.00      0.07      0.00      0.02     99.72
07時00分02秒     all      0.70      0.00      0.13      0.00      0.07     99.10
08時00分02秒     all      0.18      0.00      0.08      0.00      0.03     99.72
09時00分02秒     all      0.13      0.00      0.07      0.00      0.03     99.78
10時00分02秒     all      0.40      0.00      0.11      0.00      0.03     99.45
11時00分02秒     all      0.18      0.00      0.07      0.00      0.02     99.73
平均値:      all      0.49      0.00      0.11      0.01      0.03     99.37

-------------------- Logged in user --------------------
k909a592 2018-06-12 09:10

==================== 2018-06-13 14:55:01 ====================

-------------------- uptime --------------------
 14:55:01 up 342 days,  3:44,  1 user,  load average: 0.00, 0.01, 0.05

-------------------- System info --------------------
Linux sakura-tokyo-prod 3.10.0-514.26.2.el7.x86_64 #1 SMP Tue Jul 4 15:04:05 UTC 2017 x86_64 x86_64 x86_64 GNU/Linux

-------------------- Storage usage --------------------
ファイルシス   サイズ  使用  残り 使用% マウント位置
/dev/vda4         96G  6.7G   89G    7% /
devtmpfs         2.0G     0  2.0G    0% /dev
tmpfs            2.0G     0  2.0G    0% /dev/shm
tmpfs            2.0G  1.2G  827M   59% /run
tmpfs            2.0G     0  2.0G    0% /sys/fs/cgroup
/dev/vda2        497M  217M  280M   44% /boot
tmpfs            396M     0  396M    0% /run/user/0
tmpfs            396M     0  396M    0% /run/user/1001

-------------------- System load --------------------
Linux 3.10.0-514.26.2.el7.x86_64 (sakura-tokyo-prod) 	2018年06月13日 	_x86_64_	(4 CPU)

00時00分03秒     CPU     %user     %nice   %system   %iowait    %steal     %idle
01時00分02秒     all      0.11      0.00      0.06      0.00      0.02     99.82
02時00分02秒     all      0.43      0.00      0.10      0.01      0.02     99.44
03時00分02秒     all      0.09      0.00      0.05      0.00      0.02     99.84
04時00分02秒     all      0.16      0.00      0.07      0.00      0.02     99.75
05時00分02秒     all      2.80      0.00      0.42      0.04      0.04     96.70
06時00分02秒     all      0.18      0.00      0.07      0.00      0.02     99.72
07時00分02秒     all      0.70      0.00      0.13      0.00      0.07     99.10
08時00分02秒     all      0.18      0.00      0.08      0.00      0.03     99.72
09時00分02秒     all      0.13      0.00      0.07      0.00      0.03     99.78
10時00分02秒     all      0.40      0.00      0.11      0.00      0.03     99.45
11時00分02秒     all      0.18      0.00      0.07      0.00      0.02     99.73
12時00分02秒     all      0.20      0.00      0.09      0.00      0.03     99.68
13時00分02秒     all      0.16      0.00      0.07      0.00      0.03     99.74
14時00分02秒     all      0.61      0.00      0.13      0.01      0.03     99.22
平均値:      all      0.45      0.00      0.11      0.00      0.03     99.41

-------------------- Logged in user --------------------
kb04443e 2018-06-12 09:10

==================== 2018-06-13 17:55:02 ====================

-------------------- uptime --------------------
 17:55:02 up 342 days,  6:44,  1 user,  load average: 0.00, 0.01, 0.05

-------------------- System info --------------------
Linux sakura-tokyo-prod 3.10.0-514.26.2.el7.x86_64 #1 SMP Tue Jul 4 15:04:05 UTC 2017 x86_64 x86_64 x86_64 GNU/Linux

-------------------- Storage usage --------------------
ファイルシス   サイズ  使用  残り 使用% マウント位置
/dev/vda4         96G  6.7G   89G    7% /
devtmpfs         2.0G     0  2.0G    0% /dev
tmpfs            2.0G     0  2.0G    0% /dev/shm
tmpfs            2.0G  1.2G  827M   59% /run
tmpfs            2.0G     0  2.0G    0% /sys/fs/cgroup
/dev/vda2        497M  217M  280M   44% /boot
tmpfs            396M     0  396M    0% /run/user/0
tmpfs            396M     0  396M    0% /run/user/1001

-------------------- System load --------------------
Linux 3.10.0-514.26.2.el7.x86_64 (sakura-tokyo-prod) 	2018年06月13日 	_x86_64_	(4 CPU)

00時00分03秒     CPU     %user     %nice   %system   %iowait    %steal     %idle
01時00分02秒     all      0.11      0.00      0.06      0.00      0.02     99.82
02時00分02秒     all      0.43      0.00      0.10      0.01      0.02     99.44
03時00分02秒     all      0.09      0.00      0.05      0.00      0.02     99.84
04時00分02秒     all      0.16      0.00      0.07      0.00      0.02     99.75
05時00分02秒     all      2.80      0.00      0.42      0.04      0.04     96.70
06時00分02秒     all      0.18      0.00      0.07      0.00      0.02     99.72
07時00分02秒     all      0.70      0.00      0.13      0.00      0.07     99.10
08時00分02秒     all      0.18      0.00      0.08      0.00      0.03     99.72
09時00分02秒     all      0.13      0.00      0.07      0.00      0.03     99.78
10時00分02秒     all      0.40      0.00      0.11      0.00      0.03     99.45
11時00分02秒     all      0.18      0.00      0.07      0.00      0.02     99.73
12時00分02秒     all      0.20      0.00      0.09      0.00      0.03     99.68
13時00分02秒     all      0.16      0.00      0.07      0.00      0.03     99.74
14時00分02秒     all      0.61      0.00      0.13      0.01      0.03     99.22
15時00分02秒     all      0.38      0.00      0.09      0.00      0.03     99.50
16時00分02秒     all      0.37      0.00      0.08      0.00      0.03     99.51
17時00分02秒     all      0.18      0.00      0.06      0.00      0.03     99.74
平均値:      all      0.43      0.00      0.10      0.00      0.03     99.44

-------------------- Logged in user --------------------
kd48cbf8 2018-06-12 09:10

==================== 2018-06-13 20:55:01 ====================

-------------------- uptime --------------------
 20:55:01 up 342 days,  9:44,  0 users,  load average: 0.00, 0.04, 0.05

-------------------- System info --------------------
Linux sakura-tokyo-prod 3.10.0-514.26.2.el7.x86_64 #1 SMP Tue Jul 4 15:04:05 UTC 2017 x86_64 x86_64 x86_64 GNU/Linux

-------------------- Storage usage --------------------
ファイルシス   サイズ  使用  残り 使用% マウント位置
/dev/vda4         96G  6.7G   89G    7% /
devtmpfs         2.0G     0  2.0G    0% /dev
tmpfs            2.0G     0  2.0G    0% /dev/shm
tmpfs            2.0G  1.2G  827M   59% /run
tmpfs            2.0G     0  2.0G    0% /sys/fs/cgroup
/dev/vda2        497M  217M  280M   44% /boot
tmpfs            396M     0  396M    0% /run/user/0
tmpfs            396M     0  396M    0% /run/user/1001

-------------------- System load --------------------
Linux 3.10.0-514.26.2.el7.x86_64 (sakura-tokyo-prod) 	2018年06月13日 	_x86_64_	(4 CPU)

00時00分03秒     CPU     %user     %nice   %system   %iowait    %steal     %idle
01時00分02秒     all      0.11      0.00      0.06      0.00      0.02     99.82
02時00分02秒     all      0.43      0.00      0.10      0.01      0.02     99.44
03時00分02秒     all      0.09      0.00      0.05      0.00      0.02     99.84
04時00分02秒     all      0.16      0.00      0.07      0.00      0.02     99.75
05時00分02秒     all      2.80      0.00      0.42      0.04      0.04     96.70
06時00分02秒     all      0.18      0.00      0.07      0.00      0.02     99.72
07時00分02秒     all      0.70      0.00      0.13      0.00      0.07     99.10
08時00分02秒     all      0.18      0.00      0.08      0.00      0.03     99.72
09時00分02秒     all      0.13      0.00      0.07      0.00      0.03     99.78
10時00分02秒     all      0.40      0.00      0.11      0.00      0.03     99.45
11時00分02秒     all      0.18      0.00      0.07      0.00      0.02     99.73
12時00分02秒     all      0.20      0.00      0.09      0.00      0.03     99.68
13時00分02秒     all      0.16      0.00      0.07      0.00      0.03     99.74
14時00分02秒     all      0.61      0.00      0.13      0.01      0.03     99.22
15時00分02秒     all      0.38      0.00      0.09      0.00      0.03     99.50
16時00分02秒     all      0.37      0.00      0.08      0.00      0.03     99.51
17時00分02秒     all      0.18      0.00      0.06      0.00      0.03     99.74
18時00分02秒     all      0.63      0.00      0.12      0.01      0.03     99.21
19時00分02秒     all      0.10      0.00      0.05      0.00      0.02     99.83
20時00分02秒     all      0.41      0.00      0.09      0.00      0.02     99.48
平均値:      all      0.42      0.00      0.10      0.00      0.03     99.45

-------------------- Logged in user --------------------


==================== 2018-06-13 23:55:01 ====================

-------------------- uptime --------------------
 23:55:01 up 342 days, 12:44,  0 users,  load average: 0.00, 0.01, 0.05

-------------------- System info --------------------
Linux sakura-tokyo-prod 3.10.0-514.26.2.el7.x86_64 #1 SMP Tue Jul 4 15:04:05 UTC 2017 x86_64 x86_64 x86_64 GNU/Linux

-------------------- Storage usage --------------------
ファイルシス   サイズ  使用  残り 使用% マウント位置
/dev/vda4         96G  6.7G   89G    7% /
devtmpfs         2.0G     0  2.0G    0% /dev
tmpfs            2.0G     0  2.0G    0% /dev/shm
tmpfs            2.0G  1.2G  827M   59% /run
tmpfs            2.0G     0  2.0G    0% /sys/fs/cgroup
/dev/vda2        497M  217M  280M   44% /boot
tmpfs            396M     0  396M    0% /run/user/0
tmpfs            396M     0  396M    0% /run/user/1001

-------------------- System load --------------------
Linux 3.10.0-514.26.2.el7.x86_64 (sakura-tokyo-prod) 	2018年06月13日 	_x86_64_	(4 CPU)

00時00分03秒     CPU     %user     %nice   %system   %iowait    %steal     %idle
01時00分02秒     all      0.11      0.00      0.06      0.00      0.02     99.82
02時00分02秒     all      0.43      0.00      0.10      0.01      0.02     99.44
03時00分02秒     all      0.09      0.00      0.05      0.00      0.02     99.84
04時00分02秒     all      0.16      0.00      0.07      0.00      0.02     99.75
05時00分02秒     all      2.80      0.00      0.42      0.04      0.04     96.70
06時00分02秒     all      0.18      0.00      0.07      0.00      0.02     99.72
07時00分02秒     all      0.70      0.00      0.13      0.00      0.07     99.10
08時00分02秒     all      0.18      0.00      0.08      0.00      0.03     99.72
09時00分02秒     all      0.13      0.00      0.07      0.00      0.03     99.78
10時00分02秒     all      0.40      0.00      0.11      0.00      0.03     99.45
11時00分02秒     all      0.18      0.00      0.07      0.00      0.02     99.73
12時00分02秒     all      0.20      0.00      0.09      0.00      0.03     99.68
13時00分02秒     all      0.16      0.00      0.07      0.00      0.03     99.74
14時00分02秒     all      0.61      0.00      0.13      0.01      0.03     99.22
15時00分02秒     all      0.38      0.00      0.09      0.00      0.03     99.50
16時00分02秒     all      0.37      0.00      0.08      0.00      0.03     99.51
17時00分02秒     all      0.18      0.00      0.06      0.00      0.03     99.74
18時00分02秒     all      0.63      0.00      0.12      0.01      0.03     99.21
19時00分02秒     all      0.10      0.00      0.05      0.00      0.02     99.83
20時00分02秒     all      0.41      0.00      0.09      0.00      0.02     99.48
21時00分02秒     all      0.74      0.00      0.15      0.01      0.03     99.07
22時00分02秒     all      0.37      0.00      0.08      0.00      0.02     99.53
23時00分02秒     all      0.11      0.00      0.05      0.00      0.02     99.82
平均値:      all      0.42      0.00      0.10      0.00      0.03     99.45

-------------------- Logged in user --------------------


