==================== 2018-06-14 02:55:01 ====================

-------------------- uptime --------------------
 02:55:01 up 342 days, 15:44,  0 users,  load average: 0.00, 0.01, 0.05

-------------------- System info --------------------
Linux sakura-tokyo-prod 3.10.0-514.26.2.el7.x86_64 #1 SMP Tue Jul 4 15:04:05 UTC 2017 x86_64 x86_64 x86_64 GNU/Linux

-------------------- Storage usage --------------------
ファイルシス   サイズ  使用  残り 使用% マウント位置
/dev/vda4         96G  6.7G   89G    7% /
devtmpfs         2.0G     0  2.0G    0% /dev
tmpfs            2.0G     0  2.0G    0% /dev/shm
tmpfs            2.0G  1.2G  827M   59% /run
tmpfs            2.0G     0  2.0G    0% /sys/fs/cgroup
/dev/vda2        497M  217M  280M   44% /boot
tmpfs            396M     0  396M    0% /run/user/0
tmpfs            396M     0  396M    0% /run/user/1001

-------------------- System load --------------------
Linux 3.10.0-514.26.2.el7.x86_64 (sakura-tokyo-prod) 	2018年06月14日 	_x86_64_	(4 CPU)

00時00分02秒     CPU     %user     %nice   %system   %iowait    %steal     %idle
01時00分03秒     all      0.11      0.00      0.05      0.00      0.03     99.82
02時00分02秒     all      0.38      0.00      0.08      0.00      0.02     99.51
平均値:      all      0.24      0.00      0.06      0.00      0.02     99.67

-------------------- Logged in user --------------------


==================== 2018-06-14 05:55:02 ====================

-------------------- uptime --------------------
 05:55:02 up 342 days, 18:44,  0 users,  load average: 0.00, 0.01, 0.05

-------------------- System info --------------------
Linux sakura-tokyo-prod 3.10.0-514.26.2.el7.x86_64 #1 SMP Tue Jul 4 15:04:05 UTC 2017 x86_64 x86_64 x86_64 GNU/Linux

-------------------- Storage usage --------------------
ファイルシス   サイズ  使用  残り 使用% マウント位置
/dev/vda4         96G  6.7G   89G    7% /
devtmpfs         2.0G     0  2.0G    0% /dev
tmpfs            2.0G     0  2.0G    0% /dev/shm
tmpfs            2.0G  1.2G  819M   59% /run
tmpfs            2.0G     0  2.0G    0% /sys/fs/cgroup
/dev/vda2        497M  217M  280M   44% /boot
tmpfs            396M     0  396M    0% /run/user/0
tmpfs            396M     0  396M    0% /run/user/1001

-------------------- System load --------------------
Linux 3.10.0-514.26.2.el7.x86_64 (sakura-tokyo-prod) 	2018年06月14日 	_x86_64_	(4 CPU)

00時00分02秒     CPU     %user     %nice   %system   %iowait    %steal     %idle
01時00分03秒     all      0.11      0.00      0.05      0.00      0.03     99.82
02時00分02秒     all      0.38      0.00      0.08      0.00      0.02     99.51
03時00分02秒     all      0.52      0.00      0.11      0.01      0.02     99.33
04時00分02秒     all      0.63      0.00      0.13      0.01      0.03     99.20
05時00分01秒     all      0.12      0.00      0.05      0.00      0.02     99.81
平均値:      all      0.35      0.00      0.09      0.00      0.02     99.53

-------------------- Logged in user --------------------


==================== 2018-06-14 08:55:01 ====================

-------------------- uptime --------------------
 08:55:01 up 342 days, 21:44,  0 users,  load average: 0.08, 0.04, 0.05

-------------------- System info --------------------
Linux sakura-tokyo-prod 3.10.0-514.26.2.el7.x86_64 #1 SMP Tue Jul 4 15:04:05 UTC 2017 x86_64 x86_64 x86_64 GNU/Linux

-------------------- Storage usage --------------------
ファイルシス   サイズ  使用  残り 使用% マウント位置
/dev/vda4         96G  6.7G   89G    7% /
devtmpfs         2.0G     0  2.0G    0% /dev
tmpfs            2.0G     0  2.0G    0% /dev/shm
tmpfs            2.0G  1.2G  819M   59% /run
tmpfs            2.0G     0  2.0G    0% /sys/fs/cgroup
/dev/vda2        497M  217M  280M   44% /boot
tmpfs            396M     0  396M    0% /run/user/0
tmpfs            396M     0  396M    0% /run/user/1001

-------------------- System load --------------------
Linux 3.10.0-514.26.2.el7.x86_64 (sakura-tokyo-prod) 	2018年06月14日 	_x86_64_	(4 CPU)

00時00分02秒     CPU     %user     %nice   %system   %iowait    %steal     %idle
01時00分03秒     all      0.11      0.00      0.05      0.00      0.03     99.82
02時00分02秒     all      0.38      0.00      0.08      0.00      0.02     99.51
03時00分02秒     all      0.52      0.00      0.11      0.01      0.02     99.33
04時00分02秒     all      0.63      0.00      0.13      0.01      0.03     99.20
05時00分01秒     all      0.12      0.00      0.05      0.00      0.02     99.81
06時00分02秒     all      0.17      0.00      0.07      0.00      0.02     99.73
07時00分02秒     all      0.11      0.00      0.06      0.00      0.02     99.81
08時00分02秒     all      0.45      0.00      0.12      0.00      0.02     99.41
平均値:      all      0.31      0.00      0.09      0.00      0.02     99.58

-------------------- Logged in user --------------------


==================== 2018-06-14 11:55:01 ====================

-------------------- uptime --------------------
 11:55:01 up 343 days, 44 min,  1 user,  load average: 0.00, 0.01, 0.05

-------------------- System info --------------------
Linux sakura-tokyo-prod 3.10.0-514.26.2.el7.x86_64 #1 SMP Tue Jul 4 15:04:05 UTC 2017 x86_64 x86_64 x86_64 GNU/Linux

-------------------- Storage usage --------------------
ファイルシス   サイズ  使用  残り 使用% マウント位置
/dev/vda4         96G  6.7G   89G    7% /
devtmpfs         2.0G     0  2.0G    0% /dev
tmpfs            2.0G     0  2.0G    0% /dev/shm
tmpfs            2.0G  1.2G  819M   59% /run
tmpfs            2.0G     0  2.0G    0% /sys/fs/cgroup
/dev/vda2        497M  217M  280M   44% /boot
tmpfs            396M     0  396M    0% /run/user/0
tmpfs            396M     0  396M    0% /run/user/1001

-------------------- System load --------------------
Linux 3.10.0-514.26.2.el7.x86_64 (sakura-tokyo-prod) 	2018年06月14日 	_x86_64_	(4 CPU)

00時00分02秒     CPU     %user     %nice   %system   %iowait    %steal     %idle
01時00分03秒     all      0.11      0.00      0.05      0.00      0.03     99.82
02時00分02秒     all      0.38      0.00      0.08      0.00      0.02     99.51
03時00分02秒     all      0.52      0.00      0.11      0.01      0.02     99.33
04時00分02秒     all      0.63      0.00      0.13      0.01      0.03     99.20
05時00分01秒     all      0.12      0.00      0.05      0.00      0.02     99.81
06時00分02秒     all      0.17      0.00      0.07      0.00      0.02     99.73
07時00分02秒     all      0.11      0.00      0.06      0.00      0.02     99.81
08時00分02秒     all      0.45      0.00      0.12      0.00      0.02     99.41
09時00分02秒     all      0.17      0.00      0.08      0.00      0.02     99.73
10時00分02秒     all      0.12      0.00      0.06      0.00      0.02     99.80
11時00分02秒     all      0.12      0.00      0.05      0.00      0.02     99.80
平均値:      all      0.26      0.00      0.08      0.00      0.02     99.63

-------------------- Logged in user --------------------
ka3247f8 2018-06-14 11:04

==================== 2018-06-14 14:55:01 ====================

-------------------- uptime --------------------
 14:55:01 up 343 days,  3:44,  1 user,  load average: 0.00, 0.01, 0.05

-------------------- System info --------------------
Linux sakura-tokyo-prod 3.10.0-514.26.2.el7.x86_64 #1 SMP Tue Jul 4 15:04:05 UTC 2017 x86_64 x86_64 x86_64 GNU/Linux

-------------------- Storage usage --------------------
ファイルシス   サイズ  使用  残り 使用% マウント位置
/dev/vda4         96G  6.7G   89G    7% /
devtmpfs         2.0G     0  2.0G    0% /dev
tmpfs            2.0G     0  2.0G    0% /dev/shm
tmpfs            2.0G  1.2G  819M   59% /run
tmpfs            2.0G     0  2.0G    0% /sys/fs/cgroup
/dev/vda2        497M  217M  280M   44% /boot
tmpfs            396M     0  396M    0% /run/user/0
tmpfs            396M     0  396M    0% /run/user/1001

-------------------- System load --------------------
Linux 3.10.0-514.26.2.el7.x86_64 (sakura-tokyo-prod) 	2018年06月14日 	_x86_64_	(4 CPU)

00時00分02秒     CPU     %user     %nice   %system   %iowait    %steal     %idle
01時00分03秒     all      0.11      0.00      0.05      0.00      0.03     99.82
02時00分02秒     all      0.38      0.00      0.08      0.00      0.02     99.51
03時00分02秒     all      0.52      0.00      0.11      0.01      0.02     99.33
04時00分02秒     all      0.63      0.00      0.13      0.01      0.03     99.20
05時00分01秒     all      0.12      0.00      0.05      0.00      0.02     99.81
06時00分02秒     all      0.17      0.00      0.07      0.00      0.02     99.73
07時00分02秒     all      0.11      0.00      0.06      0.00      0.02     99.81
08時00分02秒     all      0.45      0.00      0.12      0.00      0.02     99.41
09時00分02秒     all      0.17      0.00      0.08      0.00      0.02     99.73
10時00分02秒     all      0.12      0.00      0.06      0.00      0.02     99.80
11時00分02秒     all      0.12      0.00      0.05      0.00      0.02     99.80
12時00分02秒     all      0.17      0.00      0.07      0.00      0.03     99.73
13時00分02秒     all      0.11      0.00      0.05      0.00      0.03     99.81
14時00分01秒     all      0.45      0.00      0.11      0.01      0.03     99.40
平均値:      all      0.26      0.00      0.08      0.00      0.02     99.63

-------------------- Logged in user --------------------
ka9ea34b 2018-06-14 11:04

==================== 2018-06-14 17:55:01 ====================

-------------------- uptime --------------------
 17:55:01 up 343 days,  6:44,  1 user,  load average: 0.00, 0.02, 0.05

-------------------- System info --------------------
Linux sakura-tokyo-prod 3.10.0-514.26.2.el7.x86_64 #1 SMP Tue Jul 4 15:04:05 UTC 2017 x86_64 x86_64 x86_64 GNU/Linux

-------------------- Storage usage --------------------
ファイルシス   サイズ  使用  残り 使用% マウント位置
/dev/vda4         96G  6.7G   89G    7% /
devtmpfs         2.0G     0  2.0G    0% /dev
tmpfs            2.0G     0  2.0G    0% /dev/shm
tmpfs            2.0G  1.2G  818M   59% /run
tmpfs            2.0G     0  2.0G    0% /sys/fs/cgroup
/dev/vda2        497M  217M  280M   44% /boot
tmpfs            396M     0  396M    0% /run/user/0
tmpfs            396M     0  396M    0% /run/user/1001

-------------------- System load --------------------
Linux 3.10.0-514.26.2.el7.x86_64 (sakura-tokyo-prod) 	2018年06月14日 	_x86_64_	(4 CPU)

00時00分02秒     CPU     %user     %nice   %system   %iowait    %steal     %idle
01時00分03秒     all      0.11      0.00      0.05      0.00      0.03     99.82
02時00分02秒     all      0.38      0.00      0.08      0.00      0.02     99.51
03時00分02秒     all      0.52      0.00      0.11      0.01      0.02     99.33
04時00分02秒     all      0.63      0.00      0.13      0.01      0.03     99.20
05時00分01秒     all      0.12      0.00      0.05      0.00      0.02     99.81
06時00分02秒     all      0.17      0.00      0.07      0.00      0.02     99.73
07時00分02秒     all      0.11      0.00      0.06      0.00      0.02     99.81
08時00分02秒     all      0.45      0.00      0.12      0.00      0.02     99.41
09時00分02秒     all      0.17      0.00      0.08      0.00      0.02     99.73
10時00分02秒     all      0.12      0.00      0.06      0.00      0.02     99.80
11時00分02秒     all      0.12      0.00      0.05      0.00      0.02     99.80
12時00分02秒     all      0.17      0.00      0.07      0.00      0.03     99.73
13時00分02秒     all      0.11      0.00      0.05      0.00      0.03     99.81
14時00分01秒     all      0.45      0.00      0.11      0.01      0.03     99.40
15時00分02秒     all      0.48      0.00      0.11      0.01      0.03     99.37
16時00分02秒     all      0.21      0.00      0.07      0.00      0.03     99.69
17時00分02秒     all      0.10      0.00      0.04      0.00      0.02     99.83
平均値:      all      0.26      0.00      0.08      0.00      0.02     99.63

-------------------- Logged in user --------------------
k0e4c95a 2018-06-14 11:04

==================== 2018-06-14 20:55:01 ====================

-------------------- uptime --------------------
 20:55:01 up 343 days,  9:44,  1 user,  load average: 0.00, 0.01, 0.05

-------------------- System info --------------------
Linux sakura-tokyo-prod 3.10.0-514.26.2.el7.x86_64 #1 SMP Tue Jul 4 15:04:05 UTC 2017 x86_64 x86_64 x86_64 GNU/Linux

-------------------- Storage usage --------------------
ファイルシス   サイズ  使用  残り 使用% マウント位置
/dev/vda4         96G  6.7G   89G    7% /
devtmpfs         2.0G     0  2.0G    0% /dev
tmpfs            2.0G     0  2.0G    0% /dev/shm
tmpfs            2.0G  1.2G  818M   59% /run
tmpfs            2.0G     0  2.0G    0% /sys/fs/cgroup
/dev/vda2        497M  217M  280M   44% /boot
tmpfs            396M     0  396M    0% /run/user/0
tmpfs            396M     0  396M    0% /run/user/1001

-------------------- System load --------------------
Linux 3.10.0-514.26.2.el7.x86_64 (sakura-tokyo-prod) 	2018年06月14日 	_x86_64_	(4 CPU)

00時00分02秒     CPU     %user     %nice   %system   %iowait    %steal     %idle
01時00分03秒     all      0.11      0.00      0.05      0.00      0.03     99.82
02時00分02秒     all      0.38      0.00      0.08      0.00      0.02     99.51
03時00分02秒     all      0.52      0.00      0.11      0.01      0.02     99.33
04時00分02秒     all      0.63      0.00      0.13      0.01      0.03     99.20
05時00分01秒     all      0.12      0.00      0.05      0.00      0.02     99.81
06時00分02秒     all      0.17      0.00      0.07      0.00      0.02     99.73
07時00分02秒     all      0.11      0.00      0.06      0.00      0.02     99.81
08時00分02秒     all      0.45      0.00      0.12      0.00      0.02     99.41
09時00分02秒     all      0.17      0.00      0.08      0.00      0.02     99.73
10時00分02秒     all      0.12      0.00      0.06      0.00      0.02     99.80
11時00分02秒     all      0.12      0.00      0.05      0.00      0.02     99.80
12時00分02秒     all      0.17      0.00      0.07      0.00      0.03     99.73
13時00分02秒     all      0.11      0.00      0.05      0.00      0.03     99.81
14時00分01秒     all      0.45      0.00      0.11      0.01      0.03     99.40
15時00分02秒     all      0.48      0.00      0.11      0.01      0.03     99.37
16時00分02秒     all      0.21      0.00      0.07      0.00      0.03     99.69
17時00分02秒     all      0.10      0.00      0.04      0.00      0.02     99.83
18時00分02秒     all      0.10      0.00      0.04      0.00      0.03     99.83
19時00分02秒     all      0.25      0.00      0.08      0.00      0.03     99.64
20時00分02秒     all      0.16      0.00      0.06      0.00      0.02     99.76
平均値:      all      0.25      0.00      0.08      0.00      0.02     99.65

-------------------- Logged in user --------------------
k45ce8ea 2018-06-14 11:04

