==================== 2018-06-15 02:55:01 ====================

-------------------- uptime --------------------
 02:55:01 up 343 days, 15:44,  1 user,  load average: 0.00, 0.01, 0.05

-------------------- System info --------------------
Linux sakura-tokyo-prod 3.10.0-514.26.2.el7.x86_64 #1 SMP Tue Jul 4 15:04:05 UTC 2017 x86_64 x86_64 x86_64 GNU/Linux

-------------------- Storage usage --------------------
ファイルシス   サイズ  使用  残り 使用% マウント位置
/dev/vda4         96G  6.7G   89G    7% /
devtmpfs         2.0G     0  2.0G    0% /dev
tmpfs            2.0G     0  2.0G    0% /dev/shm
tmpfs            2.0G  1.2G  818M   59% /run
tmpfs            2.0G     0  2.0G    0% /sys/fs/cgroup
/dev/vda2        497M  217M  280M   44% /boot
tmpfs            396M     0  396M    0% /run/user/0
tmpfs            396M     0  396M    0% /run/user/1001

-------------------- System load --------------------
Linux 3.10.0-514.26.2.el7.x86_64 (sakura-tokyo-prod) 	2018年06月15日 	_x86_64_	(4 CPU)

00時00分02秒     CPU     %user     %nice   %system   %iowait    %steal     %idle
01時00分02秒     all      0.17      0.00      0.06      0.00      0.02     99.75
02時00分02秒     all      0.10      0.00      0.04      0.00      0.02     99.84
平均値:      all      0.13      0.00      0.05      0.00      0.02     99.80

-------------------- Logged in user --------------------
kfb2e20f 2018-06-14 11:04

==================== 2018-06-15 05:55:01 ====================

-------------------- uptime --------------------
 05:55:01 up 343 days, 18:44,  1 user,  load average: 0.00, 0.01, 0.05

-------------------- System info --------------------
Linux sakura-tokyo-prod 3.10.0-514.26.2.el7.x86_64 #1 SMP Tue Jul 4 15:04:05 UTC 2017 x86_64 x86_64 x86_64 GNU/Linux

-------------------- Storage usage --------------------
ファイルシス   サイズ  使用  残り 使用% マウント位置
/dev/vda4         96G  6.7G   89G    7% /
devtmpfs         2.0G     0  2.0G    0% /dev
tmpfs            2.0G     0  2.0G    0% /dev/shm
tmpfs            2.0G  1.2G  818M   59% /run
tmpfs            2.0G     0  2.0G    0% /sys/fs/cgroup
/dev/vda2        497M  217M  280M   44% /boot
tmpfs            396M     0  396M    0% /run/user/0
tmpfs            396M     0  396M    0% /run/user/1001

-------------------- System load --------------------
Linux 3.10.0-514.26.2.el7.x86_64 (sakura-tokyo-prod) 	2018年06月15日 	_x86_64_	(4 CPU)

00時00分02秒     CPU     %user     %nice   %system   %iowait    %steal     %idle
01時00分02秒     all      0.17      0.00      0.06      0.00      0.02     99.75
02時00分02秒     all      0.10      0.00      0.04      0.00      0.02     99.84
03時00分02秒     all      0.08      0.00      0.04      0.00      0.02     99.86
04時00分02秒     all      0.36      0.00      0.08      0.00      0.02     99.53
05時00分02秒     all      0.21      0.00      0.06      0.00      0.02     99.71
平均値:      all      0.18      0.00      0.06      0.00      0.02     99.74

-------------------- Logged in user --------------------
k832554f 2018-06-14 11:04

==================== 2018-06-15 08:55:01 ====================

-------------------- uptime --------------------
 08:55:01 up 343 days, 21:44,  1 user,  load average: 0.00, 0.01, 0.05

-------------------- System info --------------------
Linux sakura-tokyo-prod 3.10.0-514.26.2.el7.x86_64 #1 SMP Tue Jul 4 15:04:05 UTC 2017 x86_64 x86_64 x86_64 GNU/Linux

-------------------- Storage usage --------------------
ファイルシス   サイズ  使用  残り 使用% マウント位置
/dev/vda4         96G  6.7G   89G    7% /
devtmpfs         2.0G     0  2.0G    0% /dev
tmpfs            2.0G     0  2.0G    0% /dev/shm
tmpfs            2.0G  1.2G  818M   59% /run
tmpfs            2.0G     0  2.0G    0% /sys/fs/cgroup
/dev/vda2        497M  217M  280M   44% /boot
tmpfs            396M     0  396M    0% /run/user/0
tmpfs            396M     0  396M    0% /run/user/1001

-------------------- System load --------------------
Linux 3.10.0-514.26.2.el7.x86_64 (sakura-tokyo-prod) 	2018年06月15日 	_x86_64_	(4 CPU)

00時00分02秒     CPU     %user     %nice   %system   %iowait    %steal     %idle
01時00分02秒     all      0.17      0.00      0.06      0.00      0.02     99.75
02時00分02秒     all      0.10      0.00      0.04      0.00      0.02     99.84
03時00分02秒     all      0.08      0.00      0.04      0.00      0.02     99.86
04時00分02秒     all      0.36      0.00      0.08      0.00      0.02     99.53
05時00分02秒     all      0.21      0.00      0.06      0.00      0.02     99.71
06時00分02秒     all      0.14      0.00      0.05      0.00      0.02     99.79
07時00分02秒     all      0.10      0.00      0.05      0.00      0.02     99.84
08時00分03秒     all      0.10      0.00      0.04      0.00      0.02     99.84
平均値:      all      0.16      0.00      0.05      0.00      0.02     99.77

-------------------- Logged in user --------------------
k50c3b5e 2018-06-14 11:04

==================== 2018-06-15 11:55:01 ====================

-------------------- uptime --------------------
 11:55:01 up 344 days, 44 min,  1 user,  load average: 0.08, 0.04, 0.05

-------------------- System info --------------------
Linux sakura-tokyo-prod 3.10.0-514.26.2.el7.x86_64 #1 SMP Tue Jul 4 15:04:05 UTC 2017 x86_64 x86_64 x86_64 GNU/Linux

-------------------- Storage usage --------------------
ファイルシス   サイズ  使用  残り 使用% マウント位置
/dev/vda4         96G  6.7G   89G    7% /
devtmpfs         2.0G     0  2.0G    0% /dev
tmpfs            2.0G     0  2.0G    0% /dev/shm
tmpfs            2.0G  1.2G  818M   59% /run
tmpfs            2.0G     0  2.0G    0% /sys/fs/cgroup
/dev/vda2        497M  217M  280M   44% /boot
tmpfs            396M     0  396M    0% /run/user/0
tmpfs            396M     0  396M    0% /run/user/1001

-------------------- System load --------------------
Linux 3.10.0-514.26.2.el7.x86_64 (sakura-tokyo-prod) 	2018年06月15日 	_x86_64_	(4 CPU)

00時00分02秒     CPU     %user     %nice   %system   %iowait    %steal     %idle
01時00分02秒     all      0.17      0.00      0.06      0.00      0.02     99.75
02時00分02秒     all      0.10      0.00      0.04      0.00      0.02     99.84
03時00分02秒     all      0.08      0.00      0.04      0.00      0.02     99.86
04時00分02秒     all      0.36      0.00      0.08      0.00      0.02     99.53
05時00分02秒     all      0.21      0.00      0.06      0.00      0.02     99.71
06時00分02秒     all      0.14      0.00      0.05      0.00      0.02     99.79
07時00分02秒     all      0.10      0.00      0.05      0.00      0.02     99.84
08時00分03秒     all      0.10      0.00      0.04      0.00      0.02     99.84
09時00分02秒     all      0.11      0.00      0.05      0.00      0.02     99.81
10時00分02秒     all      0.17      0.00      0.06      0.00      0.03     99.74
11時00分02秒     all      0.09      0.00      0.05      0.00      0.03     99.83
平均値:      all      0.15      0.00      0.05      0.00      0.02     99.78

-------------------- Logged in user --------------------
kd564758 2018-06-14 11:04

==================== 2018-06-15 14:55:01 ====================

-------------------- uptime --------------------
 14:55:01 up 344 days,  3:44,  1 user,  load average: 0.00, 0.01, 0.05

-------------------- System info --------------------
Linux sakura-tokyo-prod 3.10.0-514.26.2.el7.x86_64 #1 SMP Tue Jul 4 15:04:05 UTC 2017 x86_64 x86_64 x86_64 GNU/Linux

-------------------- Storage usage --------------------
ファイルシス   サイズ  使用  残り 使用% マウント位置
/dev/vda4         96G  6.7G   89G    7% /
devtmpfs         2.0G     0  2.0G    0% /dev
tmpfs            2.0G     0  2.0G    0% /dev/shm
tmpfs            2.0G  1.2G  818M   59% /run
tmpfs            2.0G     0  2.0G    0% /sys/fs/cgroup
/dev/vda2        497M  217M  280M   44% /boot
tmpfs            396M     0  396M    0% /run/user/0
tmpfs            396M     0  396M    0% /run/user/1001

-------------------- System load --------------------
Linux 3.10.0-514.26.2.el7.x86_64 (sakura-tokyo-prod) 	2018年06月15日 	_x86_64_	(4 CPU)

00時00分02秒     CPU     %user     %nice   %system   %iowait    %steal     %idle
01時00分02秒     all      0.17      0.00      0.06      0.00      0.02     99.75
02時00分02秒     all      0.10      0.00      0.04      0.00      0.02     99.84
03時00分02秒     all      0.08      0.00      0.04      0.00      0.02     99.86
04時00分02秒     all      0.36      0.00      0.08      0.00      0.02     99.53
05時00分02秒     all      0.21      0.00      0.06      0.00      0.02     99.71
06時00分02秒     all      0.14      0.00      0.05      0.00      0.02     99.79
07時00分02秒     all      0.10      0.00      0.05      0.00      0.02     99.84
08時00分03秒     all      0.10      0.00      0.04      0.00      0.02     99.84
09時00分02秒     all      0.11      0.00      0.05      0.00      0.02     99.81
10時00分02秒     all      0.17      0.00      0.06      0.00      0.03     99.74
11時00分02秒     all      0.09      0.00      0.05      0.00      0.03     99.83
12時00分02秒     all      0.12      0.00      0.06      0.00      0.03     99.79
13時00分02秒     all      0.16      0.00      0.07      0.00      0.03     99.74
14時00分02秒     all      0.37      0.00      0.09      0.00      0.03     99.51
平均値:      all      0.16      0.00      0.06      0.00      0.02     99.76

-------------------- Logged in user --------------------
kb182912 2018-06-14 11:04

==================== 2018-06-15 17:55:01 ====================

-------------------- uptime --------------------
 17:55:01 up 344 days,  6:44,  1 user,  load average: 0.00, 0.01, 0.05

-------------------- System info --------------------
Linux sakura-tokyo-prod 3.10.0-514.26.2.el7.x86_64 #1 SMP Tue Jul 4 15:04:05 UTC 2017 x86_64 x86_64 x86_64 GNU/Linux

-------------------- Storage usage --------------------
ファイルシス   サイズ  使用  残り 使用% マウント位置
/dev/vda4         96G  6.7G   89G    7% /
devtmpfs         2.0G     0  2.0G    0% /dev
tmpfs            2.0G     0  2.0G    0% /dev/shm
tmpfs            2.0G  1.2G  826M   59% /run
tmpfs            2.0G     0  2.0G    0% /sys/fs/cgroup
/dev/vda2        497M  217M  280M   44% /boot
tmpfs            396M     0  396M    0% /run/user/0
tmpfs            396M     0  396M    0% /run/user/1001

-------------------- System load --------------------
Linux 3.10.0-514.26.2.el7.x86_64 (sakura-tokyo-prod) 	2018年06月15日 	_x86_64_	(4 CPU)

00時00分02秒     CPU     %user     %nice   %system   %iowait    %steal     %idle
01時00分02秒     all      0.17      0.00      0.06      0.00      0.02     99.75
02時00分02秒     all      0.10      0.00      0.04      0.00      0.02     99.84
03時00分02秒     all      0.08      0.00      0.04      0.00      0.02     99.86
04時00分02秒     all      0.36      0.00      0.08      0.00      0.02     99.53
05時00分02秒     all      0.21      0.00      0.06      0.00      0.02     99.71
06時00分02秒     all      0.14      0.00      0.05      0.00      0.02     99.79
07時00分02秒     all      0.10      0.00      0.05      0.00      0.02     99.84
08時00分03秒     all      0.10      0.00      0.04      0.00      0.02     99.84
09時00分02秒     all      0.11      0.00      0.05      0.00      0.02     99.81
10時00分02秒     all      0.17      0.00      0.06      0.00      0.03     99.74
11時00分02秒     all      0.09      0.00      0.05      0.00      0.03     99.83
12時00分02秒     all      0.12      0.00      0.06      0.00      0.03     99.79
13時00分02秒     all      0.16      0.00      0.07      0.00      0.03     99.74
14時00分02秒     all      0.37      0.00      0.09      0.00      0.03     99.51
15時00分02秒     all      0.15      0.00      0.06      0.00      0.03     99.76
16時00分02秒     all      0.14      0.00      0.05      0.00      0.03     99.79
17時00分02秒     all      0.19      0.00      0.06      0.00      0.03     99.72
平均値:      all      0.16      0.00      0.06      0.00      0.02     99.76

-------------------- Logged in user --------------------
k977cefe 2018-06-14 11:04

==================== 2018-06-15 20:55:01 ====================

-------------------- uptime --------------------
 20:55:01 up 344 days,  9:44,  1 user,  load average: 0.00, 0.01, 0.05

-------------------- System info --------------------
Linux sakura-tokyo-prod 3.10.0-514.26.2.el7.x86_64 #1 SMP Tue Jul 4 15:04:05 UTC 2017 x86_64 x86_64 x86_64 GNU/Linux

-------------------- Storage usage --------------------
ファイルシス   サイズ  使用  残り 使用% マウント位置
/dev/vda4         96G  6.7G   89G    7% /
devtmpfs         2.0G     0  2.0G    0% /dev
tmpfs            2.0G     0  2.0G    0% /dev/shm
tmpfs            2.0G  1.2G  825M   59% /run
tmpfs            2.0G     0  2.0G    0% /sys/fs/cgroup
/dev/vda2        497M  217M  280M   44% /boot
tmpfs            396M     0  396M    0% /run/user/0
tmpfs            396M     0  396M    0% /run/user/1001

-------------------- System load --------------------
Linux 3.10.0-514.26.2.el7.x86_64 (sakura-tokyo-prod) 	2018年06月15日 	_x86_64_	(4 CPU)

00時00分02秒     CPU     %user     %nice   %system   %iowait    %steal     %idle
01時00分02秒     all      0.17      0.00      0.06      0.00      0.02     99.75
02時00分02秒     all      0.10      0.00      0.04      0.00      0.02     99.84
03時00分02秒     all      0.08      0.00      0.04      0.00      0.02     99.86
04時00分02秒     all      0.36      0.00      0.08      0.00      0.02     99.53
05時00分02秒     all      0.21      0.00      0.06      0.00      0.02     99.71
06時00分02秒     all      0.14      0.00      0.05      0.00      0.02     99.79
07時00分02秒     all      0.10      0.00      0.05      0.00      0.02     99.84
08時00分03秒     all      0.10      0.00      0.04      0.00      0.02     99.84
09時00分02秒     all      0.11      0.00      0.05      0.00      0.02     99.81
10時00分02秒     all      0.17      0.00      0.06      0.00      0.03     99.74
11時00分02秒     all      0.09      0.00      0.05      0.00      0.03     99.83
12時00分02秒     all      0.12      0.00      0.06      0.00      0.03     99.79
13時00分02秒     all      0.16      0.00      0.07      0.00      0.03     99.74
14時00分02秒     all      0.37      0.00      0.09      0.00      0.03     99.51
15時00分02秒     all      0.15      0.00      0.06      0.00      0.03     99.76
16時00分02秒     all      0.14      0.00      0.05      0.00      0.03     99.79
17時00分02秒     all      0.19      0.00      0.06      0.00      0.03     99.72
18時00分02秒     all      0.14      0.00      0.06      0.00      0.03     99.77
19時00分02秒     all      0.18      0.00      0.07      0.00      0.03     99.73
20時00分02秒     all      0.13      0.00      0.05      0.00      0.02     99.79
平均値:      all      0.16      0.00      0.06      0.00      0.02     99.76

-------------------- Logged in user --------------------
k2e885bf 2018-06-14 11:04

