==================== 2018-06-17 02:55:01 ====================

-------------------- uptime --------------------
 02:55:01 up 345 days, 15:44,  1 user,  load average: 0.00, 0.01, 0.05

-------------------- System info --------------------
Linux sakura-tokyo-prod 3.10.0-514.26.2.el7.x86_64 #1 SMP Tue Jul 4 15:04:05 UTC 2017 x86_64 x86_64 x86_64 GNU/Linux

-------------------- Storage usage --------------------
ファイルシス   サイズ  使用  残り 使用% マウント位置
/dev/vda4         96G  6.7G   89G    7% /
devtmpfs         2.0G     0  2.0G    0% /dev
tmpfs            2.0G     0  2.0G    0% /dev/shm
tmpfs            2.0G  1.2G  824M   59% /run
tmpfs            2.0G     0  2.0G    0% /sys/fs/cgroup
/dev/vda2        497M  217M  280M   44% /boot
tmpfs            396M     0  396M    0% /run/user/0
tmpfs            396M     0  396M    0% /run/user/1001

-------------------- System load --------------------
Linux 3.10.0-514.26.2.el7.x86_64 (sakura-tokyo-prod) 	2018年06月17日 	_x86_64_	(4 CPU)

00時00分02秒     CPU     %user     %nice   %system   %iowait    %steal     %idle
01時00分03秒     all      0.38      0.00      0.09      0.00      0.02     99.51
02時00分01秒     all      0.14      0.00      0.05      0.00      0.04     99.77
平均値:      all      0.26      0.00      0.07      0.00      0.03     99.64

-------------------- Logged in user --------------------
k2f24b76 2018-06-14 11:04

==================== 2018-06-17 05:55:01 ====================

-------------------- uptime --------------------
 05:55:01 up 345 days, 18:44,  1 user,  load average: 0.00, 0.01, 0.05

-------------------- System info --------------------
Linux sakura-tokyo-prod 3.10.0-514.26.2.el7.x86_64 #1 SMP Tue Jul 4 15:04:05 UTC 2017 x86_64 x86_64 x86_64 GNU/Linux

-------------------- Storage usage --------------------
ファイルシス   サイズ  使用  残り 使用% マウント位置
/dev/vda4         96G  6.7G   89G    7% /
devtmpfs         2.0G     0  2.0G    0% /dev
tmpfs            2.0G     0  2.0G    0% /dev/shm
tmpfs            2.0G  1.2G  824M   59% /run
tmpfs            2.0G     0  2.0G    0% /sys/fs/cgroup
/dev/vda2        497M  217M  280M   44% /boot
tmpfs            396M     0  396M    0% /run/user/0
tmpfs            396M     0  396M    0% /run/user/1001

-------------------- System load --------------------
Linux 3.10.0-514.26.2.el7.x86_64 (sakura-tokyo-prod) 	2018年06月17日 	_x86_64_	(4 CPU)

00時00分02秒     CPU     %user     %nice   %system   %iowait    %steal     %idle
01時00分03秒     all      0.38      0.00      0.09      0.00      0.02     99.51
02時00分01秒     all      0.14      0.00      0.05      0.00      0.04     99.77
03時00分02秒     all      0.13      0.00      0.05      0.00      0.03     99.79
04時00分02秒     all      0.55      0.00      0.11      0.01      0.04     99.29
05時00分02秒     all      0.40      0.00      0.09      0.01      0.02     99.48
平均値:      all      0.32      0.00      0.08      0.00      0.03     99.57

-------------------- Logged in user --------------------
ke2b3334 2018-06-14 11:04

==================== 2018-06-17 08:55:01 ====================

-------------------- uptime --------------------
 08:55:01 up 345 days, 21:44,  1 user,  load average: 0.00, 0.01, 0.05

-------------------- System info --------------------
Linux sakura-tokyo-prod 3.10.0-514.26.2.el7.x86_64 #1 SMP Tue Jul 4 15:04:05 UTC 2017 x86_64 x86_64 x86_64 GNU/Linux

-------------------- Storage usage --------------------
ファイルシス   サイズ  使用  残り 使用% マウント位置
/dev/vda4         96G  6.7G   89G    7% /
devtmpfs         2.0G     0  2.0G    0% /dev
tmpfs            2.0G     0  2.0G    0% /dev/shm
tmpfs            2.0G  1.2G  824M   59% /run
tmpfs            2.0G     0  2.0G    0% /sys/fs/cgroup
/dev/vda2        497M  217M  280M   44% /boot
tmpfs            396M     0  396M    0% /run/user/0
tmpfs            396M     0  396M    0% /run/user/1001

-------------------- System load --------------------
Linux 3.10.0-514.26.2.el7.x86_64 (sakura-tokyo-prod) 	2018年06月17日 	_x86_64_	(4 CPU)

00時00分02秒     CPU     %user     %nice   %system   %iowait    %steal     %idle
01時00分03秒     all      0.38      0.00      0.09      0.00      0.02     99.51
02時00分01秒     all      0.14      0.00      0.05      0.00      0.04     99.77
03時00分02秒     all      0.13      0.00      0.05      0.00      0.03     99.79
04時00分02秒     all      0.55      0.00      0.11      0.01      0.04     99.29
05時00分02秒     all      0.40      0.00      0.09      0.01      0.02     99.48
06時00分02秒     all      0.37      0.00      0.08      0.01      0.03     99.51
07時00分01秒     all      0.41      0.00      0.09      0.01      0.02     99.47
08時00分02秒     all      0.11      0.00      0.04      0.00      0.03     99.81
平均値:      all      0.31      0.00      0.08      0.00      0.03     99.58

-------------------- Logged in user --------------------
k60c2fd2 2018-06-14 11:04

==================== 2018-06-17 11:55:01 ====================

-------------------- uptime --------------------
 11:55:01 up 346 days, 44 min,  1 user,  load average: 0.01, 0.02, 0.05

-------------------- System info --------------------
Linux sakura-tokyo-prod 3.10.0-514.26.2.el7.x86_64 #1 SMP Tue Jul 4 15:04:05 UTC 2017 x86_64 x86_64 x86_64 GNU/Linux

-------------------- Storage usage --------------------
ファイルシス   サイズ  使用  残り 使用% マウント位置
/dev/vda4         96G  6.7G   89G    7% /
devtmpfs         2.0G     0  2.0G    0% /dev
tmpfs            2.0G     0  2.0G    0% /dev/shm
tmpfs            2.0G  1.2G  824M   59% /run
tmpfs            2.0G     0  2.0G    0% /sys/fs/cgroup
/dev/vda2        497M  217M  280M   44% /boot
tmpfs            396M     0  396M    0% /run/user/0
tmpfs            396M     0  396M    0% /run/user/1001

-------------------- System load --------------------
Linux 3.10.0-514.26.2.el7.x86_64 (sakura-tokyo-prod) 	2018年06月17日 	_x86_64_	(4 CPU)

00時00分02秒     CPU     %user     %nice   %system   %iowait    %steal     %idle
01時00分03秒     all      0.38      0.00      0.09      0.00      0.02     99.51
02時00分01秒     all      0.14      0.00      0.05      0.00      0.04     99.77
03時00分02秒     all      0.13      0.00      0.05      0.00      0.03     99.79
04時00分02秒     all      0.55      0.00      0.11      0.01      0.04     99.29
05時00分02秒     all      0.40      0.00      0.09      0.01      0.02     99.48
06時00分02秒     all      0.37      0.00      0.08      0.01      0.03     99.51
07時00分01秒     all      0.41      0.00      0.09      0.01      0.02     99.47
08時00分02秒     all      0.11      0.00      0.04      0.00      0.03     99.81
09時00分02秒     all      0.16      0.00      0.05      0.00      0.03     99.76
10時00分02秒     all      0.10      0.00      0.04      0.00      0.03     99.83
11時00分02秒     all      0.11      0.00      0.05      0.00      0.03     99.82
平均値:      all      0.26      0.00      0.07      0.00      0.03     99.64

-------------------- Logged in user --------------------
kc314aaa 2018-06-14 11:04

==================== 2018-06-17 14:55:01 ====================

-------------------- uptime --------------------
 14:55:01 up 346 days,  3:44,  1 user,  load average: 0.00, 0.01, 0.05

-------------------- System info --------------------
Linux sakura-tokyo-prod 3.10.0-514.26.2.el7.x86_64 #1 SMP Tue Jul 4 15:04:05 UTC 2017 x86_64 x86_64 x86_64 GNU/Linux

-------------------- Storage usage --------------------
ファイルシス   サイズ  使用  残り 使用% マウント位置
/dev/vda4         96G  6.7G   89G    7% /
devtmpfs         2.0G     0  2.0G    0% /dev
tmpfs            2.0G     0  2.0G    0% /dev/shm
tmpfs            2.0G  1.2G  824M   59% /run
tmpfs            2.0G     0  2.0G    0% /sys/fs/cgroup
/dev/vda2        497M  217M  280M   44% /boot
tmpfs            396M     0  396M    0% /run/user/0
tmpfs            396M     0  396M    0% /run/user/1001

-------------------- System load --------------------
Linux 3.10.0-514.26.2.el7.x86_64 (sakura-tokyo-prod) 	2018年06月17日 	_x86_64_	(4 CPU)

00時00分02秒     CPU     %user     %nice   %system   %iowait    %steal     %idle
01時00分03秒     all      0.38      0.00      0.09      0.00      0.02     99.51
02時00分01秒     all      0.14      0.00      0.05      0.00      0.04     99.77
03時00分02秒     all      0.13      0.00      0.05      0.00      0.03     99.79
04時00分02秒     all      0.55      0.00      0.11      0.01      0.04     99.29
05時00分02秒     all      0.40      0.00      0.09      0.01      0.02     99.48
06時00分02秒     all      0.37      0.00      0.08      0.01      0.03     99.51
07時00分01秒     all      0.41      0.00      0.09      0.01      0.02     99.47
08時00分02秒     all      0.11      0.00      0.04      0.00      0.03     99.81
09時00分02秒     all      0.16      0.00      0.05      0.00      0.03     99.76
10時00分02秒     all      0.10      0.00      0.04      0.00      0.03     99.83
11時00分02秒     all      0.11      0.00      0.05      0.00      0.03     99.82
12時00分02秒     all      0.11      0.00      0.05      0.00      0.03     99.82
13時00分02秒     all      0.14      0.00      0.06      0.00      0.03     99.77
14時00分02秒     all      0.16      0.00      0.06      0.00      0.03     99.75
平均値:      all      0.23      0.00      0.06      0.00      0.03     99.67

-------------------- Logged in user --------------------
k632ae6c 2018-06-14 11:04

==================== 2018-06-17 17:55:01 ====================

-------------------- uptime --------------------
 17:55:01 up 346 days,  6:44,  1 user,  load average: 0.01, 0.02, 0.05

-------------------- System info --------------------
Linux sakura-tokyo-prod 3.10.0-514.26.2.el7.x86_64 #1 SMP Tue Jul 4 15:04:05 UTC 2017 x86_64 x86_64 x86_64 GNU/Linux

-------------------- Storage usage --------------------
ファイルシス   サイズ  使用  残り 使用% マウント位置
/dev/vda4         96G  6.7G   89G    7% /
devtmpfs         2.0G     0  2.0G    0% /dev
tmpfs            2.0G     0  2.0G    0% /dev/shm
tmpfs            2.0G  1.2G  824M   59% /run
tmpfs            2.0G     0  2.0G    0% /sys/fs/cgroup
/dev/vda2        497M  217M  280M   44% /boot
tmpfs            396M     0  396M    0% /run/user/0
tmpfs            396M     0  396M    0% /run/user/1001

-------------------- System load --------------------
Linux 3.10.0-514.26.2.el7.x86_64 (sakura-tokyo-prod) 	2018年06月17日 	_x86_64_	(4 CPU)

00時00分02秒     CPU     %user     %nice   %system   %iowait    %steal     %idle
01時00分03秒     all      0.38      0.00      0.09      0.00      0.02     99.51
02時00分01秒     all      0.14      0.00      0.05      0.00      0.04     99.77
03時00分02秒     all      0.13      0.00      0.05      0.00      0.03     99.79
04時00分02秒     all      0.55      0.00      0.11      0.01      0.04     99.29
05時00分02秒     all      0.40      0.00      0.09      0.01      0.02     99.48
06時00分02秒     all      0.37      0.00      0.08      0.01      0.03     99.51
07時00分01秒     all      0.41      0.00      0.09      0.01      0.02     99.47
08時00分02秒     all      0.11      0.00      0.04      0.00      0.03     99.81
09時00分02秒     all      0.16      0.00      0.05      0.00      0.03     99.76
10時00分02秒     all      0.10      0.00      0.04      0.00      0.03     99.83
11時00分02秒     all      0.11      0.00      0.05      0.00      0.03     99.82
12時00分02秒     all      0.11      0.00      0.05      0.00      0.03     99.82
13時00分02秒     all      0.14      0.00      0.06      0.00      0.03     99.77
14時00分02秒     all      0.16      0.00      0.06      0.00      0.03     99.75
15時00分02秒     all      0.15      0.00      0.06      0.00      0.03     99.76
16時00分02秒     all      0.10      0.00      0.04      0.00      0.03     99.83
17時00分02秒     all      0.11      0.00      0.05      0.00      0.03     99.81
平均値:      all      0.21      0.00      0.06      0.00      0.03     99.69

-------------------- Logged in user --------------------
k6342873 2018-06-14 11:04

