==================== 2018-06-19 02:55:01 ====================

-------------------- uptime --------------------
 02:55:01 up 347 days, 15:44,  1 user,  load average: 0.04, 0.03, 0.05

-------------------- System info --------------------
Linux sakura-tokyo-prod 3.10.0-514.26.2.el7.x86_64 #1 SMP Tue Jul 4 15:04:05 UTC 2017 x86_64 x86_64 x86_64 GNU/Linux

-------------------- Storage usage --------------------
ファイルシス   サイズ  使用  残り 使用% マウント位置
/dev/vda4         96G  6.7G   89G    7% /
devtmpfs         2.0G     0  2.0G    0% /dev
tmpfs            2.0G     0  2.0G    0% /dev/shm
tmpfs            2.0G  1.2G  815M   59% /run
tmpfs            2.0G     0  2.0G    0% /sys/fs/cgroup
/dev/vda2        497M  217M  280M   44% /boot
tmpfs            396M     0  396M    0% /run/user/0
tmpfs            396M     0  396M    0% /run/user/1001

-------------------- System load --------------------
Linux 3.10.0-514.26.2.el7.x86_64 (sakura-tokyo-prod) 	2018年06月19日 	_x86_64_	(4 CPU)

00時00分02秒     CPU     %user     %nice   %system   %iowait    %steal     %idle
01時00分02秒     all      0.21      0.00      0.07      0.00      0.02     99.70
02時00分02秒     all      0.09      0.00      0.04      0.00      0.02     99.84
平均値:      all      0.15      0.00      0.06      0.00      0.02     99.77

-------------------- Logged in user --------------------
k00bb281 2018-06-14 11:04

==================== 2018-06-19 05:55:02 ====================

-------------------- uptime --------------------
 05:55:02 up 347 days, 18:44,  1 user,  load average: 0.00, 0.01, 0.05

-------------------- System info --------------------
Linux sakura-tokyo-prod 3.10.0-514.26.2.el7.x86_64 #1 SMP Tue Jul 4 15:04:05 UTC 2017 x86_64 x86_64 x86_64 GNU/Linux

-------------------- Storage usage --------------------
ファイルシス   サイズ  使用  残り 使用% マウント位置
/dev/vda4         96G  6.7G   89G    7% /
devtmpfs         2.0G     0  2.0G    0% /dev
tmpfs            2.0G     0  2.0G    0% /dev/shm
tmpfs            2.0G  1.2G  814M   59% /run
tmpfs            2.0G     0  2.0G    0% /sys/fs/cgroup
/dev/vda2        497M  217M  280M   44% /boot
tmpfs            396M     0  396M    0% /run/user/0
tmpfs            396M     0  396M    0% /run/user/1001

-------------------- System load --------------------
Linux 3.10.0-514.26.2.el7.x86_64 (sakura-tokyo-prod) 	2018年06月19日 	_x86_64_	(4 CPU)

00時00分02秒     CPU     %user     %nice   %system   %iowait    %steal     %idle
01時00分02秒     all      0.21      0.00      0.07      0.00      0.02     99.70
02時00分02秒     all      0.09      0.00      0.04      0.00      0.02     99.84
03時00分02秒     all      0.14      0.00      0.05      0.00      0.03     99.77
04時00分02秒     all      0.11      0.00      0.05      0.00      0.03     99.81
05時00分02秒     all      0.15      0.00      0.06      0.00      0.02     99.77
平均値:      all      0.14      0.00      0.05      0.00      0.03     99.78

-------------------- Logged in user --------------------
k98490f0 2018-06-14 11:04

==================== 2018-06-19 08:55:01 ====================

-------------------- uptime --------------------
 08:55:01 up 347 days, 21:44,  1 user,  load average: 0.00, 0.01, 0.05

-------------------- System info --------------------
Linux sakura-tokyo-prod 3.10.0-514.26.2.el7.x86_64 #1 SMP Tue Jul 4 15:04:05 UTC 2017 x86_64 x86_64 x86_64 GNU/Linux

-------------------- Storage usage --------------------
ファイルシス   サイズ  使用  残り 使用% マウント位置
/dev/vda4         96G  6.7G   89G    7% /
devtmpfs         2.0G     0  2.0G    0% /dev
tmpfs            2.0G     0  2.0G    0% /dev/shm
tmpfs            2.0G  1.2G  814M   59% /run
tmpfs            2.0G     0  2.0G    0% /sys/fs/cgroup
/dev/vda2        497M  217M  280M   44% /boot
tmpfs            396M     0  396M    0% /run/user/0
tmpfs            396M     0  396M    0% /run/user/1001

-------------------- System load --------------------
Linux 3.10.0-514.26.2.el7.x86_64 (sakura-tokyo-prod) 	2018年06月19日 	_x86_64_	(4 CPU)

00時00分02秒     CPU     %user     %nice   %system   %iowait    %steal     %idle
01時00分02秒     all      0.21      0.00      0.07      0.00      0.02     99.70
02時00分02秒     all      0.09      0.00      0.04      0.00      0.02     99.84
03時00分02秒     all      0.14      0.00      0.05      0.00      0.03     99.77
04時00分02秒     all      0.11      0.00      0.05      0.00      0.03     99.81
05時00分02秒     all      0.15      0.00      0.06      0.00      0.02     99.77
06時00分02秒     all      0.19      0.00      0.06      0.00      0.03     99.72
07時00分02秒     all      0.20      0.00      0.07      0.00      0.03     99.70
08時00分02秒     all      0.21      0.00      0.06      0.00      0.03     99.70
平均値:      all      0.16      0.00      0.06      0.00      0.03     99.75

-------------------- Logged in user --------------------
k7c305a3 2018-06-14 11:04

==================== 2018-06-19 11:55:01 ====================

-------------------- uptime --------------------
 11:55:01 up 348 days, 44 min,  1 user,  load average: 0.00, 0.01, 0.05

-------------------- System info --------------------
Linux sakura-tokyo-prod 3.10.0-514.26.2.el7.x86_64 #1 SMP Tue Jul 4 15:04:05 UTC 2017 x86_64 x86_64 x86_64 GNU/Linux

-------------------- Storage usage --------------------
ファイルシス   サイズ  使用  残り 使用% マウント位置
/dev/vda4         96G  6.7G   89G    7% /
devtmpfs         2.0G     0  2.0G    0% /dev
tmpfs            2.0G     0  2.0G    0% /dev/shm
tmpfs            2.0G  1.2G  814M   59% /run
tmpfs            2.0G     0  2.0G    0% /sys/fs/cgroup
/dev/vda2        497M  217M  280M   44% /boot
tmpfs            396M     0  396M    0% /run/user/0
tmpfs            396M     0  396M    0% /run/user/1001

-------------------- System load --------------------
Linux 3.10.0-514.26.2.el7.x86_64 (sakura-tokyo-prod) 	2018年06月19日 	_x86_64_	(4 CPU)

00時00分02秒     CPU     %user     %nice   %system   %iowait    %steal     %idle
01時00分02秒     all      0.21      0.00      0.07      0.00      0.02     99.70
02時00分02秒     all      0.09      0.00      0.04      0.00      0.02     99.84
03時00分02秒     all      0.14      0.00      0.05      0.00      0.03     99.77
04時00分02秒     all      0.11      0.00      0.05      0.00      0.03     99.81
05時00分02秒     all      0.15      0.00      0.06      0.00      0.02     99.77
06時00分02秒     all      0.19      0.00      0.06      0.00      0.03     99.72
07時00分02秒     all      0.20      0.00      0.07      0.00      0.03     99.70
08時00分02秒     all      0.21      0.00      0.06      0.00      0.03     99.70
09時00分02秒     all      0.35      0.00      0.08      0.01      0.02     99.55
10時00分03秒     all      0.12      0.00      0.05      0.00      0.02     99.81
11時00分02秒     all      0.13      0.00      0.05      0.00      0.02     99.79
平均値:      all      0.17      0.00      0.06      0.00      0.03     99.74

-------------------- Logged in user --------------------
k6a831d7 2018-06-14 11:04

