==================== 2018-06-27 02:55:01 ====================

-------------------- uptime --------------------
 02:55:01 up 355 days, 15:44,  1 user,  load average: 0.00, 0.01, 0.05

-------------------- System info --------------------
Linux sakura-tokyo-prod 3.10.0-514.26.2.el7.x86_64 #1 SMP Tue Jul 4 15:04:05 UTC 2017 x86_64 x86_64 x86_64 GNU/Linux

-------------------- Storage usage --------------------
ファイルシス   サイズ  使用  残り 使用% マウント位置
/dev/vda4         96G  6.7G   89G    7% /
devtmpfs         2.0G     0  2.0G    0% /dev
tmpfs            2.0G     0  2.0G    0% /dev/shm
tmpfs            2.0G  1.2G  815M   59% /run
tmpfs            2.0G     0  2.0G    0% /sys/fs/cgroup
/dev/vda2        497M  217M  280M   44% /boot
tmpfs            396M     0  396M    0% /run/user/0
tmpfs            396M     0  396M    0% /run/user/1001

-------------------- System load --------------------
Linux 3.10.0-514.26.2.el7.x86_64 (sakura-tokyo-prod) 	2018年06月27日 	_x86_64_	(4 CPU)

00時00分03秒     CPU     %user     %nice   %system   %iowait    %steal     %idle
01時00分02秒     all      0.42      0.00      0.10      0.01      0.03     99.44
02時00分02秒     all      1.68      0.00      0.29      0.03      0.04     97.97
平均値:      all      1.05      0.00      0.19      0.02      0.03     98.71

-------------------- Logged in user --------------------
kfa41ae2 2018-06-26 11:23

==================== 2018-06-27 05:55:01 ====================

-------------------- uptime --------------------
 05:55:01 up 355 days, 18:44,  1 user,  load average: 0.00, 0.01, 0.05

-------------------- System info --------------------
Linux sakura-tokyo-prod 3.10.0-514.26.2.el7.x86_64 #1 SMP Tue Jul 4 15:04:05 UTC 2017 x86_64 x86_64 x86_64 GNU/Linux

-------------------- Storage usage --------------------
ファイルシス   サイズ  使用  残り 使用% マウント位置
/dev/vda4         96G  6.7G   89G    7% /
devtmpfs         2.0G     0  2.0G    0% /dev
tmpfs            2.0G     0  2.0G    0% /dev/shm
tmpfs            2.0G  1.2G  815M   59% /run
tmpfs            2.0G     0  2.0G    0% /sys/fs/cgroup
/dev/vda2        497M  217M  280M   44% /boot
tmpfs            396M     0  396M    0% /run/user/0
tmpfs            396M     0  396M    0% /run/user/1001

-------------------- System load --------------------
Linux 3.10.0-514.26.2.el7.x86_64 (sakura-tokyo-prod) 	2018年06月27日 	_x86_64_	(4 CPU)

00時00分03秒     CPU     %user     %nice   %system   %iowait    %steal     %idle
01時00分02秒     all      0.42      0.00      0.10      0.01      0.03     99.44
02時00分02秒     all      1.68      0.00      0.29      0.03      0.04     97.97
03時00分02秒     all      0.87      0.00      0.17      0.01      0.03     98.92
04時00分02秒     all      1.57      0.00      0.26      0.02      0.04     98.11
05時00分01秒     all      1.78      0.00      0.29      0.02      0.04     97.87
平均値:      all      1.26      0.00      0.22      0.02      0.04     98.46

-------------------- Logged in user --------------------
k8fe9e57 2018-06-26 11:23

==================== 2018-06-27 08:55:01 ====================

-------------------- uptime --------------------
 08:55:01 up 355 days, 21:44,  1 user,  load average: 0.00, 0.01, 0.05

-------------------- System info --------------------
Linux sakura-tokyo-prod 3.10.0-514.26.2.el7.x86_64 #1 SMP Tue Jul 4 15:04:05 UTC 2017 x86_64 x86_64 x86_64 GNU/Linux

-------------------- Storage usage --------------------
ファイルシス   サイズ  使用  残り 使用% マウント位置
/dev/vda4         96G  6.7G   89G    7% /
devtmpfs         2.0G     0  2.0G    0% /dev
tmpfs            2.0G     0  2.0G    0% /dev/shm
tmpfs            2.0G  1.2G  815M   59% /run
tmpfs            2.0G     0  2.0G    0% /sys/fs/cgroup
/dev/vda2        497M  217M  280M   44% /boot
tmpfs            396M     0  396M    0% /run/user/0
tmpfs            396M     0  396M    0% /run/user/1001

-------------------- System load --------------------
Linux 3.10.0-514.26.2.el7.x86_64 (sakura-tokyo-prod) 	2018年06月27日 	_x86_64_	(4 CPU)

00時00分03秒     CPU     %user     %nice   %system   %iowait    %steal     %idle
01時00分02秒     all      0.42      0.00      0.10      0.01      0.03     99.44
02時00分02秒     all      1.68      0.00      0.29      0.03      0.04     97.97
03時00分02秒     all      0.87      0.00      0.17      0.01      0.03     98.92
04時00分02秒     all      1.57      0.00      0.26      0.02      0.04     98.11
05時00分01秒     all      1.78      0.00      0.29      0.02      0.04     97.87
06時00分02秒     all      0.88      0.00      0.17      0.01      0.04     98.90
07時00分02秒     all      1.26      0.00      0.22      0.02      0.04     98.47
08時00分02秒     all      0.89      0.00      0.15      0.01      0.03     98.92
平均値:      all      1.17      0.00      0.21      0.02      0.04     98.58

-------------------- Logged in user --------------------
kb3e7446 2018-06-26 11:23

==================== 2018-06-27 11:55:01 ====================

-------------------- uptime --------------------
 11:55:01 up 356 days, 44 min,  1 user,  load average: 0.49, 0.15, 0.08

-------------------- System info --------------------
Linux sakura-tokyo-prod 3.10.0-514.26.2.el7.x86_64 #1 SMP Tue Jul 4 15:04:05 UTC 2017 x86_64 x86_64 x86_64 GNU/Linux

-------------------- Storage usage --------------------
ファイルシス   サイズ  使用  残り 使用% マウント位置
/dev/vda4         96G  6.7G   89G    7% /
devtmpfs         2.0G     0  2.0G    0% /dev
tmpfs            2.0G     0  2.0G    0% /dev/shm
tmpfs            2.0G  1.2G  815M   59% /run
tmpfs            2.0G     0  2.0G    0% /sys/fs/cgroup
/dev/vda2        497M  217M  280M   44% /boot
tmpfs            396M     0  396M    0% /run/user/0
tmpfs            396M     0  396M    0% /run/user/1001

-------------------- System load --------------------
Linux 3.10.0-514.26.2.el7.x86_64 (sakura-tokyo-prod) 	2018年06月27日 	_x86_64_	(4 CPU)

00時00分03秒     CPU     %user     %nice   %system   %iowait    %steal     %idle
01時00分02秒     all      0.42      0.00      0.10      0.01      0.03     99.44
02時00分02秒     all      1.68      0.00      0.29      0.03      0.04     97.97
03時00分02秒     all      0.87      0.00      0.17      0.01      0.03     98.92
04時00分02秒     all      1.57      0.00      0.26      0.02      0.04     98.11
05時00分01秒     all      1.78      0.00      0.29      0.02      0.04     97.87
06時00分02秒     all      0.88      0.00      0.17      0.01      0.04     98.90
07時00分02秒     all      1.26      0.00      0.22      0.02      0.04     98.47
08時00分02秒     all      0.89      0.00      0.15      0.01      0.03     98.92
09時00分02秒     all      0.40      0.00      0.10      0.00      0.04     99.46
10時00分02秒     all      0.12      0.00      0.05      0.00      0.03     99.80
11時00分02秒     all      0.14      0.00      0.06      0.00      0.03     99.77
平均値:      all      0.91      0.00      0.17      0.01      0.03     98.88

-------------------- Logged in user --------------------
k9a0fad3 2018-06-26 11:23

