==================== 2018-06-29 02:55:01 ====================

-------------------- uptime --------------------
 02:55:01 up 357 days, 15:44,  1 user,  load average: 0.00, 0.01, 0.05

-------------------- System info --------------------
Linux sakura-tokyo-prod 3.10.0-514.26.2.el7.x86_64 #1 SMP Tue Jul 4 15:04:05 UTC 2017 x86_64 x86_64 x86_64 GNU/Linux

-------------------- Storage usage --------------------
ファイルシス   サイズ  使用  残り 使用% マウント位置
/dev/vda4         96G  6.7G   89G    7% /
devtmpfs         2.0G     0  2.0G    0% /dev
tmpfs            2.0G     0  2.0G    0% /dev/shm
tmpfs            2.0G  1.2G  805M   60% /run
tmpfs            2.0G     0  2.0G    0% /sys/fs/cgroup
/dev/vda2        497M  217M  280M   44% /boot
tmpfs            396M     0  396M    0% /run/user/0
tmpfs            396M     0  396M    0% /run/user/1001

-------------------- System load --------------------
Linux 3.10.0-514.26.2.el7.x86_64 (sakura-tokyo-prod) 	2018年06月29日 	_x86_64_	(4 CPU)

00時00分02秒     CPU     %user     %nice   %system   %iowait    %steal     %idle
01時00分02秒     all      0.21      0.00      0.07      0.00      0.03     99.68
02時00分02秒     all      0.11      0.00      0.04      0.00      0.03     99.82
平均値:      all      0.16      0.00      0.06      0.00      0.03     99.75

-------------------- Logged in user --------------------
k66365ed 2018-06-26 11:23

==================== 2018-06-29 05:55:01 ====================

-------------------- uptime --------------------
 05:55:01 up 357 days, 18:44,  1 user,  load average: 0.00, 0.01, 0.05

-------------------- System info --------------------
Linux sakura-tokyo-prod 3.10.0-514.26.2.el7.x86_64 #1 SMP Tue Jul 4 15:04:05 UTC 2017 x86_64 x86_64 x86_64 GNU/Linux

-------------------- Storage usage --------------------
ファイルシス   サイズ  使用  残り 使用% マウント位置
/dev/vda4         96G  6.7G   89G    7% /
devtmpfs         2.0G     0  2.0G    0% /dev
tmpfs            2.0G     0  2.0G    0% /dev/shm
tmpfs            2.0G  1.2G  805M   60% /run
tmpfs            2.0G     0  2.0G    0% /sys/fs/cgroup
/dev/vda2        497M  217M  280M   44% /boot
tmpfs            396M     0  396M    0% /run/user/0
tmpfs            396M     0  396M    0% /run/user/1001

-------------------- System load --------------------
Linux 3.10.0-514.26.2.el7.x86_64 (sakura-tokyo-prod) 	2018年06月29日 	_x86_64_	(4 CPU)

00時00分02秒     CPU     %user     %nice   %system   %iowait    %steal     %idle
01時00分02秒     all      0.21      0.00      0.07      0.00      0.03     99.68
02時00分02秒     all      0.11      0.00      0.04      0.00      0.03     99.82
03時00分02秒     all      0.08      0.00      0.04      0.00      0.03     99.85
04時00分02秒     all      0.43      0.00      0.10      0.01      0.03     99.44
05時00分01秒     all      0.10      0.00      0.04      0.00      0.02     99.83
平均値:      all      0.19      0.00      0.06      0.00      0.03     99.72

-------------------- Logged in user --------------------
kbffb203 2018-06-26 11:23

