==================== 2018-06-30 02:55:02 ====================

-------------------- uptime --------------------
 02:55:02 up 358 days, 15:44,  1 user,  load average: 0.00, 0.01, 0.05

-------------------- System info --------------------
Linux sakura-tokyo-prod 3.10.0-514.26.2.el7.x86_64 #1 SMP Tue Jul 4 15:04:05 UTC 2017 x86_64 x86_64 x86_64 GNU/Linux

-------------------- Storage usage --------------------
ファイルシス   サイズ  使用  残り 使用% マウント位置
/dev/vda4         96G  6.7G   89G    7% /
devtmpfs         2.0G     0  2.0G    0% /dev
tmpfs            2.0G     0  2.0G    0% /dev/shm
tmpfs            2.0G  1.2G  813M   59% /run
tmpfs            2.0G     0  2.0G    0% /sys/fs/cgroup
/dev/vda2        497M  217M  280M   44% /boot
tmpfs            396M     0  396M    0% /run/user/0
tmpfs            396M     0  396M    0% /run/user/1001

-------------------- System load --------------------
Linux 3.10.0-514.26.2.el7.x86_64 (sakura-tokyo-prod) 	2018年06月30日 	_x86_64_	(4 CPU)

00時00分02秒     CPU     %user     %nice   %system   %iowait    %steal     %idle
01時00分02秒     all      0.10      0.00      0.05      0.00      0.02     99.82
02時00分02秒     all      0.14      0.00      0.05      0.00      0.02     99.78
平均値:      all      0.12      0.00      0.05      0.00      0.02     99.80

-------------------- Logged in user --------------------
kc62bec3 2018-06-29 23:28

==================== 2018-06-30 05:55:01 ====================

-------------------- uptime --------------------
 05:55:01 up 358 days, 18:44,  1 user,  load average: 0.00, 0.01, 0.05

-------------------- System info --------------------
Linux sakura-tokyo-prod 3.10.0-514.26.2.el7.x86_64 #1 SMP Tue Jul 4 15:04:05 UTC 2017 x86_64 x86_64 x86_64 GNU/Linux

-------------------- Storage usage --------------------
ファイルシス   サイズ  使用  残り 使用% マウント位置
/dev/vda4         96G  6.7G   89G    7% /
devtmpfs         2.0G     0  2.0G    0% /dev
tmpfs            2.0G     0  2.0G    0% /dev/shm
tmpfs            2.0G  1.2G  813M   59% /run
tmpfs            2.0G     0  2.0G    0% /sys/fs/cgroup
/dev/vda2        497M  217M  280M   44% /boot
tmpfs            396M     0  396M    0% /run/user/0
tmpfs            396M     0  396M    0% /run/user/1001

-------------------- System load --------------------
Linux 3.10.0-514.26.2.el7.x86_64 (sakura-tokyo-prod) 	2018年06月30日 	_x86_64_	(4 CPU)

00時00分02秒     CPU     %user     %nice   %system   %iowait    %steal     %idle
01時00分02秒     all      0.10      0.00      0.05      0.00      0.02     99.82
02時00分02秒     all      0.14      0.00      0.05      0.00      0.02     99.78
03時00分02秒     all      0.08      0.00      0.04      0.00      0.02     99.86
04時00分02秒     all      0.11      0.00      0.05      0.00      0.03     99.82
05時00分02秒     all      0.08      0.00      0.04      0.00      0.02     99.86
平均値:      all      0.10      0.00      0.05      0.00      0.02     99.83

-------------------- Logged in user --------------------
k55815e3 2018-06-29 23:28

==================== 2018-06-30 08:55:01 ====================

-------------------- uptime --------------------
 08:55:01 up 358 days, 21:44,  1 user,  load average: 0.05, 0.04, 0.05

-------------------- System info --------------------
Linux sakura-tokyo-prod 3.10.0-514.26.2.el7.x86_64 #1 SMP Tue Jul 4 15:04:05 UTC 2017 x86_64 x86_64 x86_64 GNU/Linux

-------------------- Storage usage --------------------
ファイルシス   サイズ  使用  残り 使用% マウント位置
/dev/vda4         96G  6.7G   89G    7% /
devtmpfs         2.0G     0  2.0G    0% /dev
tmpfs            2.0G     0  2.0G    0% /dev/shm
tmpfs            2.0G  1.2G  812M   59% /run
tmpfs            2.0G     0  2.0G    0% /sys/fs/cgroup
/dev/vda2        497M  217M  280M   44% /boot
tmpfs            396M     0  396M    0% /run/user/0
tmpfs            396M     0  396M    0% /run/user/1001

-------------------- System load --------------------
Linux 3.10.0-514.26.2.el7.x86_64 (sakura-tokyo-prod) 	2018年06月30日 	_x86_64_	(4 CPU)

00時00分02秒     CPU     %user     %nice   %system   %iowait    %steal     %idle
01時00分02秒     all      0.10      0.00      0.05      0.00      0.02     99.82
02時00分02秒     all      0.14      0.00      0.05      0.00      0.02     99.78
03時00分02秒     all      0.08      0.00      0.04      0.00      0.02     99.86
04時00分02秒     all      0.11      0.00      0.05      0.00      0.03     99.82
05時00分02秒     all      0.08      0.00      0.04      0.00      0.02     99.86
06時00分02秒     all      0.13      0.00      0.06      0.00      0.03     99.78
07時00分02秒     all      0.38      0.00      0.09      0.00      0.03     99.49
08時00分02秒     all      0.34      0.00      0.08      0.00      0.03     99.54
平均値:      all      0.17      0.00      0.06      0.00      0.03     99.74

-------------------- Logged in user --------------------
kb335451 2018-06-29 23:28

==================== 2018-06-30 11:55:01 ====================

-------------------- uptime --------------------
 11:55:01 up 359 days, 44 min,  1 user,  load average: 0.00, 0.01, 0.05

-------------------- System info --------------------
Linux sakura-tokyo-prod 3.10.0-514.26.2.el7.x86_64 #1 SMP Tue Jul 4 15:04:05 UTC 2017 x86_64 x86_64 x86_64 GNU/Linux

-------------------- Storage usage --------------------
ファイルシス   サイズ  使用  残り 使用% マウント位置
/dev/vda4         96G  6.7G   89G    7% /
devtmpfs         2.0G     0  2.0G    0% /dev
tmpfs            2.0G     0  2.0G    0% /dev/shm
tmpfs            2.0G  1.2G  812M   59% /run
tmpfs            2.0G     0  2.0G    0% /sys/fs/cgroup
/dev/vda2        497M  217M  280M   44% /boot
tmpfs            396M     0  396M    0% /run/user/0
tmpfs            396M     0  396M    0% /run/user/1001

-------------------- System load --------------------
Linux 3.10.0-514.26.2.el7.x86_64 (sakura-tokyo-prod) 	2018年06月30日 	_x86_64_	(4 CPU)

00時00分02秒     CPU     %user     %nice   %system   %iowait    %steal     %idle
01時00分02秒     all      0.10      0.00      0.05      0.00      0.02     99.82
02時00分02秒     all      0.14      0.00      0.05      0.00      0.02     99.78
03時00分02秒     all      0.08      0.00      0.04      0.00      0.02     99.86
04時00分02秒     all      0.11      0.00      0.05      0.00      0.03     99.82
05時00分02秒     all      0.08      0.00      0.04      0.00      0.02     99.86
06時00分02秒     all      0.13      0.00      0.06      0.00      0.03     99.78
07時00分02秒     all      0.38      0.00      0.09      0.00      0.03     99.49
08時00分02秒     all      0.34      0.00      0.08      0.00      0.03     99.54
09時00分02秒     all      0.33      0.00      0.09      0.00      0.04     99.54
10時00分02秒     all      0.11      0.00      0.05      0.00      0.03     99.81
11時00分02秒     all      0.09      0.00      0.05      0.00      0.03     99.84
平均値:      all      0.17      0.00      0.06      0.00      0.03     99.74

-------------------- Logged in user --------------------
kb3d8c91 2018-06-29 23:28

==================== 2018-06-30 14:55:01 ====================

-------------------- uptime --------------------
 14:55:01 up 359 days,  3:44,  1 user,  load average: 0.00, 0.01, 0.05

-------------------- System info --------------------
Linux sakura-tokyo-prod 3.10.0-514.26.2.el7.x86_64 #1 SMP Tue Jul 4 15:04:05 UTC 2017 x86_64 x86_64 x86_64 GNU/Linux

-------------------- Storage usage --------------------
ファイルシス   サイズ  使用  残り 使用% マウント位置
/dev/vda4         96G  6.7G   89G    7% /
devtmpfs         2.0G     0  2.0G    0% /dev
tmpfs            2.0G     0  2.0G    0% /dev/shm
tmpfs            2.0G  1.2G  812M   59% /run
tmpfs            2.0G     0  2.0G    0% /sys/fs/cgroup
/dev/vda2        497M  217M  280M   44% /boot
tmpfs            396M     0  396M    0% /run/user/0
tmpfs            396M     0  396M    0% /run/user/1001

-------------------- System load --------------------
Linux 3.10.0-514.26.2.el7.x86_64 (sakura-tokyo-prod) 	2018年06月30日 	_x86_64_	(4 CPU)

00時00分02秒     CPU     %user     %nice   %system   %iowait    %steal     %idle
01時00分02秒     all      0.10      0.00      0.05      0.00      0.02     99.82
02時00分02秒     all      0.14      0.00      0.05      0.00      0.02     99.78
03時00分02秒     all      0.08      0.00      0.04      0.00      0.02     99.86
04時00分02秒     all      0.11      0.00      0.05      0.00      0.03     99.82
05時00分02秒     all      0.08      0.00      0.04      0.00      0.02     99.86
06時00分02秒     all      0.13      0.00      0.06      0.00      0.03     99.78
07時00分02秒     all      0.38      0.00      0.09      0.00      0.03     99.49
08時00分02秒     all      0.34      0.00      0.08      0.00      0.03     99.54
09時00分02秒     all      0.33      0.00      0.09      0.00      0.04     99.54
10時00分02秒     all      0.11      0.00      0.05      0.00      0.03     99.81
11時00分02秒     all      0.09      0.00      0.05      0.00      0.03     99.84
12時00分02秒     all      0.14      0.00      0.06      0.00      0.03     99.77
13時00分01秒     all      0.11      0.00      0.05      0.00      0.03     99.82
14時00分02秒     all      0.22      0.00      0.07      0.00      0.03     99.69
平均値:      all      0.17      0.00      0.06      0.00      0.03     99.74

-------------------- Logged in user --------------------
k9c5b649 2018-06-29 23:28

==================== 2018-06-30 17:55:01 ====================

-------------------- uptime --------------------
 17:55:01 up 359 days,  6:44,  1 user,  load average: 0.00, 0.01, 0.05

-------------------- System info --------------------
Linux sakura-tokyo-prod 3.10.0-514.26.2.el7.x86_64 #1 SMP Tue Jul 4 15:04:05 UTC 2017 x86_64 x86_64 x86_64 GNU/Linux

-------------------- Storage usage --------------------
ファイルシス   サイズ  使用  残り 使用% マウント位置
/dev/vda4         96G  6.7G   89G    7% /
devtmpfs         2.0G     0  2.0G    0% /dev
tmpfs            2.0G     0  2.0G    0% /dev/shm
tmpfs            2.0G  1.2G  812M   59% /run
tmpfs            2.0G     0  2.0G    0% /sys/fs/cgroup
/dev/vda2        497M  217M  280M   44% /boot
tmpfs            396M     0  396M    0% /run/user/0
tmpfs            396M     0  396M    0% /run/user/1001

-------------------- System load --------------------
Linux 3.10.0-514.26.2.el7.x86_64 (sakura-tokyo-prod) 	2018年06月30日 	_x86_64_	(4 CPU)

00時00分02秒     CPU     %user     %nice   %system   %iowait    %steal     %idle
01時00分02秒     all      0.10      0.00      0.05      0.00      0.02     99.82
02時00分02秒     all      0.14      0.00      0.05      0.00      0.02     99.78
03時00分02秒     all      0.08      0.00      0.04      0.00      0.02     99.86
04時00分02秒     all      0.11      0.00      0.05      0.00      0.03     99.82
05時00分02秒     all      0.08      0.00      0.04      0.00      0.02     99.86
06時00分02秒     all      0.13      0.00      0.06      0.00      0.03     99.78
07時00分02秒     all      0.38      0.00      0.09      0.00      0.03     99.49
08時00分02秒     all      0.34      0.00      0.08      0.00      0.03     99.54
09時00分02秒     all      0.33      0.00      0.09      0.00      0.04     99.54
10時00分02秒     all      0.11      0.00      0.05      0.00      0.03     99.81
11時00分02秒     all      0.09      0.00      0.05      0.00      0.03     99.84
12時00分02秒     all      0.14      0.00      0.06      0.00      0.03     99.77
13時00分01秒     all      0.11      0.00      0.05      0.00      0.03     99.82
14時00分02秒     all      0.22      0.00      0.07      0.00      0.03     99.69
15時00分02秒     all      0.10      0.00      0.05      0.00      0.03     99.82
16時00分02秒     all      0.16      0.00      0.06      0.00      0.03     99.75
17時00分02秒     all      0.12      0.00      0.05      0.00      0.03     99.80
平均値:      all      0.16      0.00      0.06      0.00      0.03     99.75

-------------------- Logged in user --------------------
k2f2c32f 2018-06-29 23:28

==================== 2018-06-30 20:55:01 ====================

-------------------- uptime --------------------
 20:55:01 up 359 days,  9:44,  1 user,  load average: 0.01, 0.02, 0.05

-------------------- System info --------------------
Linux sakura-tokyo-prod 3.10.0-514.26.2.el7.x86_64 #1 SMP Tue Jul 4 15:04:05 UTC 2017 x86_64 x86_64 x86_64 GNU/Linux

-------------------- Storage usage --------------------
ファイルシス   サイズ  使用  残り 使用% マウント位置
/dev/vda4         96G  6.7G   89G    7% /
devtmpfs         2.0G     0  2.0G    0% /dev
tmpfs            2.0G     0  2.0G    0% /dev/shm
tmpfs            2.0G  1.2G  812M   59% /run
tmpfs            2.0G     0  2.0G    0% /sys/fs/cgroup
/dev/vda2        497M  217M  280M   44% /boot
tmpfs            396M     0  396M    0% /run/user/0
tmpfs            396M     0  396M    0% /run/user/1001

-------------------- System load --------------------
Linux 3.10.0-514.26.2.el7.x86_64 (sakura-tokyo-prod) 	2018年06月30日 	_x86_64_	(4 CPU)

00時00分02秒     CPU     %user     %nice   %system   %iowait    %steal     %idle
01時00分02秒     all      0.10      0.00      0.05      0.00      0.02     99.82
02時00分02秒     all      0.14      0.00      0.05      0.00      0.02     99.78
03時00分02秒     all      0.08      0.00      0.04      0.00      0.02     99.86
04時00分02秒     all      0.11      0.00      0.05      0.00      0.03     99.82
05時00分02秒     all      0.08      0.00      0.04      0.00      0.02     99.86
06時00分02秒     all      0.13      0.00      0.06      0.00      0.03     99.78
07時00分02秒     all      0.38      0.00      0.09      0.00      0.03     99.49
08時00分02秒     all      0.34      0.00      0.08      0.00      0.03     99.54
09時00分02秒     all      0.33      0.00      0.09      0.00      0.04     99.54
10時00分02秒     all      0.11      0.00      0.05      0.00      0.03     99.81
11時00分02秒     all      0.09      0.00      0.05      0.00      0.03     99.84
12時00分02秒     all      0.14      0.00      0.06      0.00      0.03     99.77
13時00分01秒     all      0.11      0.00      0.05      0.00      0.03     99.82
14時00分02秒     all      0.22      0.00      0.07      0.00      0.03     99.69
15時00分02秒     all      0.10      0.00      0.05      0.00      0.03     99.82
16時00分02秒     all      0.16      0.00      0.06      0.00      0.03     99.75
17時00分02秒     all      0.12      0.00      0.05      0.00      0.03     99.80
18時00分02秒     all      0.15      0.00      0.06      0.00      0.03     99.76
19時00分02秒     all      0.12      0.00      0.05      0.00      0.02     99.80
20時00分02秒     all      0.11      0.00      0.05      0.00      0.03     99.81
平均値:      all      0.16      0.00      0.06      0.00      0.03     99.76

-------------------- Logged in user --------------------
ka43879e 2018-06-29 23:28

