==================== 2018-11-02 02:55:01 ====================

-------------------- uptime --------------------
 02:55:01 up 483 days, 15:44,  0 users,  load average: 0.00, 0.01, 0.05

-------------------- System info --------------------
Linux sakura-tokyo-prod 3.10.0-514.26.2.el7.x86_64 #1 SMP Tue Jul 4 15:04:05 UTC 2017 x86_64 x86_64 x86_64 GNU/Linux

-------------------- Storage usage --------------------
ファイルシス   サイズ  使用  残り 使用% マウント位置
/dev/vda4         96G  7.2G   89G    8% /
devtmpfs         2.0G     0  2.0G    0% /dev
tmpfs            2.0G     0  2.0G    0% /dev/shm
tmpfs            2.0G  1.3G  704M   65% /run
tmpfs            2.0G     0  2.0G    0% /sys/fs/cgroup
/dev/vda2        497M  219M  279M   44% /boot
tmpfs            396M     0  396M    0% /run/user/0
tmpfs            396M     0  396M    0% /run/user/1001

-------------------- System load --------------------
Linux 3.10.0-514.26.2.el7.x86_64 (sakura-tokyo-prod) 	2018年11月02日 	_x86_64_	(4 CPU)

00時00分02秒     CPU     %user     %nice   %system   %iowait    %steal     %idle
01時00分02秒     all      0.16      0.01      0.07      0.00      0.02     99.74
02時00分02秒     all      0.11      0.01      0.05      0.00      0.02     99.81
平均値:      all      0.14      0.01      0.06      0.00      0.02     99.78

-------------------- Logged in user --------------------


==================== 2018-11-02 05:55:01 ====================

-------------------- uptime --------------------
 05:55:01 up 483 days, 18:44,  0 users,  load average: 0.00, 0.01, 0.05

-------------------- System info --------------------
Linux sakura-tokyo-prod 3.10.0-514.26.2.el7.x86_64 #1 SMP Tue Jul 4 15:04:05 UTC 2017 x86_64 x86_64 x86_64 GNU/Linux

-------------------- Storage usage --------------------
ファイルシス   サイズ  使用  残り 使用% マウント位置
/dev/vda4         96G  7.2G   89G    8% /
devtmpfs         2.0G     0  2.0G    0% /dev
tmpfs            2.0G     0  2.0G    0% /dev/shm
tmpfs            2.0G  1.3G  704M   65% /run
tmpfs            2.0G     0  2.0G    0% /sys/fs/cgroup
/dev/vda2        497M  219M  279M   44% /boot
tmpfs            396M     0  396M    0% /run/user/0
tmpfs            396M     0  396M    0% /run/user/1001

-------------------- System load --------------------
Linux 3.10.0-514.26.2.el7.x86_64 (sakura-tokyo-prod) 	2018年11月02日 	_x86_64_	(4 CPU)

00時00分02秒     CPU     %user     %nice   %system   %iowait    %steal     %idle
01時00分02秒     all      0.16      0.01      0.07      0.00      0.02     99.74
02時00分02秒     all      0.11      0.01      0.05      0.00      0.02     99.81
03時00分03秒     all      0.09      0.01      0.05      0.00      0.02     99.84
04時00分02秒     all      0.11      0.01      0.06      0.00      0.03     99.80
05時00分02秒     all      0.12      0.01      0.06      0.00      0.02     99.79
平均値:      all      0.12      0.01      0.06      0.00      0.02     99.80

-------------------- Logged in user --------------------


==================== 2018-11-02 08:55:02 ====================

-------------------- uptime --------------------
 08:55:02 up 483 days, 21:44,  0 users,  load average: 0.01, 0.03, 0.05

-------------------- System info --------------------
Linux sakura-tokyo-prod 3.10.0-514.26.2.el7.x86_64 #1 SMP Tue Jul 4 15:04:05 UTC 2017 x86_64 x86_64 x86_64 GNU/Linux

-------------------- Storage usage --------------------
ファイルシス   サイズ  使用  残り 使用% マウント位置
/dev/vda4         96G  7.2G   89G    8% /
devtmpfs         2.0G     0  2.0G    0% /dev
tmpfs            2.0G     0  2.0G    0% /dev/shm
tmpfs            2.0G  1.3G  704M   65% /run
tmpfs            2.0G     0  2.0G    0% /sys/fs/cgroup
/dev/vda2        497M  219M  279M   44% /boot
tmpfs            396M     0  396M    0% /run/user/0
tmpfs            396M     0  396M    0% /run/user/1001

-------------------- System load --------------------
Linux 3.10.0-514.26.2.el7.x86_64 (sakura-tokyo-prod) 	2018年11月02日 	_x86_64_	(4 CPU)

00時00分02秒     CPU     %user     %nice   %system   %iowait    %steal     %idle
01時00分02秒     all      0.16      0.01      0.07      0.00      0.02     99.74
02時00分02秒     all      0.11      0.01      0.05      0.00      0.02     99.81
03時00分03秒     all      0.09      0.01      0.05      0.00      0.02     99.84
04時00分02秒     all      0.11      0.01      0.06      0.00      0.03     99.80
05時00分02秒     all      0.12      0.01      0.06      0.00      0.02     99.79
06時00分02秒     all      0.10      0.01      0.05      0.00      0.02     99.82
07時00分02秒     all      0.14      0.01      0.06      0.00      0.02     99.77
08時00分02秒     all      0.14      0.01      0.06      0.00      0.03     99.76
平均値:      all      0.12      0.01      0.06      0.00      0.02     99.79

-------------------- Logged in user --------------------


==================== 2018-11-02 11:55:01 ====================

-------------------- uptime --------------------
 11:55:01 up 484 days, 44 min,  0 users,  load average: 0.00, 0.01, 0.05

-------------------- System info --------------------
Linux sakura-tokyo-prod 3.10.0-514.26.2.el7.x86_64 #1 SMP Tue Jul 4 15:04:05 UTC 2017 x86_64 x86_64 x86_64 GNU/Linux

-------------------- Storage usage --------------------
ファイルシス   サイズ  使用  残り 使用% マウント位置
/dev/vda4         96G  7.2G   89G    8% /
devtmpfs         2.0G     0  2.0G    0% /dev
tmpfs            2.0G     0  2.0G    0% /dev/shm
tmpfs            2.0G  1.3G  704M   65% /run
tmpfs            2.0G     0  2.0G    0% /sys/fs/cgroup
/dev/vda2        497M  219M  279M   44% /boot
tmpfs            396M     0  396M    0% /run/user/0
tmpfs            396M     0  396M    0% /run/user/1001

-------------------- System load --------------------
Linux 3.10.0-514.26.2.el7.x86_64 (sakura-tokyo-prod) 	2018年11月02日 	_x86_64_	(4 CPU)

00時00分02秒     CPU     %user     %nice   %system   %iowait    %steal     %idle
01時00分02秒     all      0.16      0.01      0.07      0.00      0.02     99.74
02時00分02秒     all      0.11      0.01      0.05      0.00      0.02     99.81
03時00分03秒     all      0.09      0.01      0.05      0.00      0.02     99.84
04時00分02秒     all      0.11      0.01      0.06      0.00      0.03     99.80
05時00分02秒     all      0.12      0.01      0.06      0.00      0.02     99.79
06時00分02秒     all      0.10      0.01      0.05      0.00      0.02     99.82
07時00分02秒     all      0.14      0.01      0.06      0.00      0.02     99.77
08時00分02秒     all      0.14      0.01      0.06      0.00      0.03     99.76
09時00分03秒     all      0.14      0.01      0.07      0.00      0.04     99.75
10時00分02秒     all      0.09      0.01      0.07      0.00      0.04     99.79
11時00分02秒     all      1.50      0.08      0.24      0.00      0.11     98.06
平均値:      all      0.25      0.01      0.08      0.00      0.04     99.63

-------------------- Logged in user --------------------


==================== 2018-11-02 14:55:01 ====================

-------------------- uptime --------------------
 14:55:01 up 484 days,  3:44,  0 users,  load average: 0.00, 0.01, 0.05

-------------------- System info --------------------
Linux sakura-tokyo-prod 3.10.0-514.26.2.el7.x86_64 #1 SMP Tue Jul 4 15:04:05 UTC 2017 x86_64 x86_64 x86_64 GNU/Linux

-------------------- Storage usage --------------------
ファイルシス   サイズ  使用  残り 使用% マウント位置
/dev/vda4         96G  7.2G   89G    8% /
devtmpfs         2.0G     0  2.0G    0% /dev
tmpfs            2.0G     0  2.0G    0% /dev/shm
tmpfs            2.0G  1.3G  704M   65% /run
tmpfs            2.0G     0  2.0G    0% /sys/fs/cgroup
/dev/vda2        497M  219M  279M   44% /boot
tmpfs            396M     0  396M    0% /run/user/0
tmpfs            396M     0  396M    0% /run/user/1001

-------------------- System load --------------------
Linux 3.10.0-514.26.2.el7.x86_64 (sakura-tokyo-prod) 	2018年11月02日 	_x86_64_	(4 CPU)

00時00分02秒     CPU     %user     %nice   %system   %iowait    %steal     %idle
01時00分02秒     all      0.16      0.01      0.07      0.00      0.02     99.74
02時00分02秒     all      0.11      0.01      0.05      0.00      0.02     99.81
03時00分03秒     all      0.09      0.01      0.05      0.00      0.02     99.84
04時00分02秒     all      0.11      0.01      0.06      0.00      0.03     99.80
05時00分02秒     all      0.12      0.01      0.06      0.00      0.02     99.79
06時00分02秒     all      0.10      0.01      0.05      0.00      0.02     99.82
07時00分02秒     all      0.14      0.01      0.06      0.00      0.02     99.77
08時00分02秒     all      0.14      0.01      0.06      0.00      0.03     99.76
09時00分03秒     all      0.14      0.01      0.07      0.00      0.04     99.75
10時00分02秒     all      0.09      0.01      0.07      0.00      0.04     99.79
11時00分02秒     all      1.50      0.08      0.24      0.00      0.11     98.06
12時00分02秒     all      1.24      0.06      0.21      0.00      0.09     98.39
13時00分02秒     all      0.11      0.01      0.08      0.00      0.04     99.76
14時00分02秒     all      0.14      0.01      0.07      0.00      0.04     99.74
平均値:      all      0.30      0.02      0.09      0.00      0.04     99.56

-------------------- Logged in user --------------------


==================== 2018-11-02 17:55:02 ====================

-------------------- uptime --------------------
 17:55:02 up 484 days,  6:44,  0 users,  load average: 0.01, 0.02, 0.05

-------------------- System info --------------------
Linux sakura-tokyo-prod 3.10.0-514.26.2.el7.x86_64 #1 SMP Tue Jul 4 15:04:05 UTC 2017 x86_64 x86_64 x86_64 GNU/Linux

-------------------- Storage usage --------------------
ファイルシス   サイズ  使用  残り 使用% マウント位置
/dev/vda4         96G  7.2G   89G    8% /
devtmpfs         2.0G     0  2.0G    0% /dev
tmpfs            2.0G     0  2.0G    0% /dev/shm
tmpfs            2.0G  1.3G  704M   65% /run
tmpfs            2.0G     0  2.0G    0% /sys/fs/cgroup
/dev/vda2        497M  219M  279M   44% /boot
tmpfs            396M     0  396M    0% /run/user/0
tmpfs            396M     0  396M    0% /run/user/1001

-------------------- System load --------------------
Linux 3.10.0-514.26.2.el7.x86_64 (sakura-tokyo-prod) 	2018年11月02日 	_x86_64_	(4 CPU)

00時00分02秒     CPU     %user     %nice   %system   %iowait    %steal     %idle
01時00分02秒     all      0.16      0.01      0.07      0.00      0.02     99.74
02時00分02秒     all      0.11      0.01      0.05      0.00      0.02     99.81
03時00分03秒     all      0.09      0.01      0.05      0.00      0.02     99.84
04時00分02秒     all      0.11      0.01      0.06      0.00      0.03     99.80
05時00分02秒     all      0.12      0.01      0.06      0.00      0.02     99.79
06時00分02秒     all      0.10      0.01      0.05      0.00      0.02     99.82
07時00分02秒     all      0.14      0.01      0.06      0.00      0.02     99.77
08時00分02秒     all      0.14      0.01      0.06      0.00      0.03     99.76
09時00分03秒     all      0.14      0.01      0.07      0.00      0.04     99.75
10時00分02秒     all      0.09      0.01      0.07      0.00      0.04     99.79
11時00分02秒     all      1.50      0.08      0.24      0.00      0.11     98.06
12時00分02秒     all      1.24      0.06      0.21      0.00      0.09     98.39
13時00分02秒     all      0.11      0.01      0.08      0.00      0.04     99.76
14時00分02秒     all      0.14      0.01      0.07      0.00      0.04     99.74
15時00分02秒     all      0.10      0.01      0.07      0.00      0.05     99.78
16時00分02秒     all      0.14      0.01      0.07      0.00      0.05     99.73
17時00分02秒     all      0.10      0.01      0.07      0.00      0.05     99.78
平均値:      all      0.27      0.01      0.08      0.00      0.04     99.59

-------------------- Logged in user --------------------


==================== 2018-11-02 20:55:01 ====================

-------------------- uptime --------------------
 20:55:01 up 484 days,  9:44,  0 users,  load average: 0.02, 0.02, 0.05

-------------------- System info --------------------
Linux sakura-tokyo-prod 3.10.0-514.26.2.el7.x86_64 #1 SMP Tue Jul 4 15:04:05 UTC 2017 x86_64 x86_64 x86_64 GNU/Linux

-------------------- Storage usage --------------------
ファイルシス   サイズ  使用  残り 使用% マウント位置
/dev/vda4         96G  7.2G   89G    8% /
devtmpfs         2.0G     0  2.0G    0% /dev
tmpfs            2.0G     0  2.0G    0% /dev/shm
tmpfs            2.0G  1.3G  704M   65% /run
tmpfs            2.0G     0  2.0G    0% /sys/fs/cgroup
/dev/vda2        497M  219M  279M   44% /boot
tmpfs            396M     0  396M    0% /run/user/0
tmpfs            396M     0  396M    0% /run/user/1001

-------------------- System load --------------------
Linux 3.10.0-514.26.2.el7.x86_64 (sakura-tokyo-prod) 	2018年11月02日 	_x86_64_	(4 CPU)

00時00分02秒     CPU     %user     %nice   %system   %iowait    %steal     %idle
01時00分02秒     all      0.16      0.01      0.07      0.00      0.02     99.74
02時00分02秒     all      0.11      0.01      0.05      0.00      0.02     99.81
03時00分03秒     all      0.09      0.01      0.05      0.00      0.02     99.84
04時00分02秒     all      0.11      0.01      0.06      0.00      0.03     99.80
05時00分02秒     all      0.12      0.01      0.06      0.00      0.02     99.79
06時00分02秒     all      0.10      0.01      0.05      0.00      0.02     99.82
07時00分02秒     all      0.14      0.01      0.06      0.00      0.02     99.77
08時00分02秒     all      0.14      0.01      0.06      0.00      0.03     99.76
09時00分03秒     all      0.14      0.01      0.07      0.00      0.04     99.75
10時00分02秒     all      0.09      0.01      0.07      0.00      0.04     99.79
11時00分02秒     all      1.50      0.08      0.24      0.00      0.11     98.06
12時00分02秒     all      1.24      0.06      0.21      0.00      0.09     98.39
13時00分02秒     all      0.11      0.01      0.08      0.00      0.04     99.76
14時00分02秒     all      0.14      0.01      0.07      0.00      0.04     99.74
15時00分02秒     all      0.10      0.01      0.07      0.00      0.05     99.78
16時00分02秒     all      0.14      0.01      0.07      0.00      0.05     99.73
17時00分02秒     all      0.10      0.01      0.07      0.00      0.05     99.78
18時00分02秒     all      0.14      0.01      0.08      0.00      0.06     99.71
19時00分03秒     all      0.15      0.01      0.09      0.00      0.04     99.71
20時00分03秒     all      0.13      0.01      0.05      0.00      0.04     99.77
平均値:      all      0.25      0.01      0.08      0.00      0.04     99.61

-------------------- Logged in user --------------------


