==================== 2018-11-07 02:55:01 ====================

-------------------- uptime --------------------
 02:55:01 up 488 days, 15:44,  1 user,  load average: 0.00, 0.01, 0.05

-------------------- System info --------------------
Linux sakura-tokyo-prod 3.10.0-514.26.2.el7.x86_64 #1 SMP Tue Jul 4 15:04:05 UTC 2017 x86_64 x86_64 x86_64 GNU/Linux

-------------------- Storage usage --------------------
ファイルシス   サイズ  使用  残り 使用% マウント位置
/dev/vda4         96G  7.2G   89G    8% /
devtmpfs         2.0G     0  2.0G    0% /dev
tmpfs            2.0G     0  2.0G    0% /dev/shm
tmpfs            2.0G  1.3G  700M   65% /run
tmpfs            2.0G     0  2.0G    0% /sys/fs/cgroup
/dev/vda2        497M  220M  278M   45% /boot
tmpfs            396M     0  396M    0% /run/user/0
tmpfs            396M     0  396M    0% /run/user/1001

-------------------- System load --------------------
Linux 3.10.0-514.26.2.el7.x86_64 (sakura-tokyo-prod) 	2018年11月07日 	_x86_64_	(4 CPU)

00時00分02秒     CPU     %user     %nice   %system   %iowait    %steal     %idle
01時00分02秒     all      0.12      0.01      0.05      0.00      0.02     99.81
02時00分02秒     all      0.09      0.01      0.04      0.00      0.02     99.85
平均値:      all      0.10      0.01      0.05      0.00      0.02     99.83

-------------------- Logged in user --------------------
k305e51a 2018-11-07 00:52

==================== 2018-11-07 05:55:02 ====================

-------------------- uptime --------------------
 05:55:02 up 488 days, 18:44,  0 users,  load average: 0.00, 0.01, 0.05

-------------------- System info --------------------
Linux sakura-tokyo-prod 3.10.0-514.26.2.el7.x86_64 #1 SMP Tue Jul 4 15:04:05 UTC 2017 x86_64 x86_64 x86_64 GNU/Linux

-------------------- Storage usage --------------------
ファイルシス   サイズ  使用  残り 使用% マウント位置
/dev/vda4         96G  7.2G   89G    8% /
devtmpfs         2.0G     0  2.0G    0% /dev
tmpfs            2.0G     0  2.0G    0% /dev/shm
tmpfs            2.0G  1.3G  700M   65% /run
tmpfs            2.0G     0  2.0G    0% /sys/fs/cgroup
/dev/vda2        497M  220M  278M   45% /boot
tmpfs            396M     0  396M    0% /run/user/0
tmpfs            396M     0  396M    0% /run/user/1001

-------------------- System load --------------------
Linux 3.10.0-514.26.2.el7.x86_64 (sakura-tokyo-prod) 	2018年11月07日 	_x86_64_	(4 CPU)

00時00分02秒     CPU     %user     %nice   %system   %iowait    %steal     %idle
01時00分02秒     all      0.12      0.01      0.05      0.00      0.02     99.81
02時00分02秒     all      0.09      0.01      0.04      0.00      0.02     99.85
03時00分02秒     all      0.09      0.01      0.04      0.00      0.02     99.85
04時00分02秒     all      0.09      0.01      0.04      0.00      0.02     99.84
05時00分02秒     all      0.09      0.01      0.05      0.00      0.03     99.82
平均値:      all      0.10      0.01      0.04      0.00      0.02     99.83

-------------------- Logged in user --------------------


==================== 2018-11-07 08:55:01 ====================

-------------------- uptime --------------------
 08:55:01 up 488 days, 21:44,  0 users,  load average: 0.02, 0.03, 0.05

-------------------- System info --------------------
Linux sakura-tokyo-prod 3.10.0-514.26.2.el7.x86_64 #1 SMP Tue Jul 4 15:04:05 UTC 2017 x86_64 x86_64 x86_64 GNU/Linux

-------------------- Storage usage --------------------
ファイルシス   サイズ  使用  残り 使用% マウント位置
/dev/vda4         96G  7.2G   89G    8% /
devtmpfs         2.0G     0  2.0G    0% /dev
tmpfs            2.0G     0  2.0G    0% /dev/shm
tmpfs            2.0G  1.3G  700M   65% /run
tmpfs            2.0G     0  2.0G    0% /sys/fs/cgroup
/dev/vda2        497M  220M  278M   45% /boot
tmpfs            396M     0  396M    0% /run/user/0
tmpfs            396M     0  396M    0% /run/user/1001

-------------------- System load --------------------
Linux 3.10.0-514.26.2.el7.x86_64 (sakura-tokyo-prod) 	2018年11月07日 	_x86_64_	(4 CPU)

00時00分02秒     CPU     %user     %nice   %system   %iowait    %steal     %idle
01時00分02秒     all      0.12      0.01      0.05      0.00      0.02     99.81
02時00分02秒     all      0.09      0.01      0.04      0.00      0.02     99.85
03時00分02秒     all      0.09      0.01      0.04      0.00      0.02     99.85
04時00分02秒     all      0.09      0.01      0.04      0.00      0.02     99.84
05時00分02秒     all      0.09      0.01      0.05      0.00      0.03     99.82
06時00分02秒     all      0.11      0.01      0.05      0.00      0.03     99.80
07時00分02秒     all      0.13      0.01      0.05      0.00      0.04     99.77
08時00分02秒     all      0.09      0.01      0.04      0.00      0.03     99.83
平均値:      all      0.10      0.01      0.05      0.00      0.02     99.82

-------------------- Logged in user --------------------


==================== 2018-11-07 11:55:01 ====================

-------------------- uptime --------------------
 11:55:01 up 489 days, 44 min,  0 users,  load average: 0.00, 0.01, 0.05

-------------------- System info --------------------
Linux sakura-tokyo-prod 3.10.0-514.26.2.el7.x86_64 #1 SMP Tue Jul 4 15:04:05 UTC 2017 x86_64 x86_64 x86_64 GNU/Linux

-------------------- Storage usage --------------------
ファイルシス   サイズ  使用  残り 使用% マウント位置
/dev/vda4         96G  7.2G   89G    8% /
devtmpfs         2.0G     0  2.0G    0% /dev
tmpfs            2.0G     0  2.0G    0% /dev/shm
tmpfs            2.0G  1.3G  700M   65% /run
tmpfs            2.0G     0  2.0G    0% /sys/fs/cgroup
/dev/vda2        497M  220M  278M   45% /boot
tmpfs            396M     0  396M    0% /run/user/0
tmpfs            396M     0  396M    0% /run/user/1001

-------------------- System load --------------------
Linux 3.10.0-514.26.2.el7.x86_64 (sakura-tokyo-prod) 	2018年11月07日 	_x86_64_	(4 CPU)

00時00分02秒     CPU     %user     %nice   %system   %iowait    %steal     %idle
01時00分02秒     all      0.12      0.01      0.05      0.00      0.02     99.81
02時00分02秒     all      0.09      0.01      0.04      0.00      0.02     99.85
03時00分02秒     all      0.09      0.01      0.04      0.00      0.02     99.85
04時00分02秒     all      0.09      0.01      0.04      0.00      0.02     99.84
05時00分02秒     all      0.09      0.01      0.05      0.00      0.03     99.82
06時00分02秒     all      0.11      0.01      0.05      0.00      0.03     99.80
07時00分02秒     all      0.13      0.01      0.05      0.00      0.04     99.77
08時00分02秒     all      0.09      0.01      0.04      0.00      0.03     99.83
09時00分02秒     all      0.09      0.01      0.04      0.00      0.03     99.83
10時00分02秒     all      0.10      0.01      0.05      0.00      0.03     99.82
11時00分02秒     all      0.63      0.04      0.11      0.00      0.06     99.17
平均値:      all      0.15      0.01      0.05      0.00      0.03     99.76

-------------------- Logged in user --------------------


==================== 2018-11-07 14:55:02 ====================

-------------------- uptime --------------------
 14:55:02 up 489 days,  3:44,  0 users,  load average: 0.00, 0.01, 0.05

-------------------- System info --------------------
Linux sakura-tokyo-prod 3.10.0-514.26.2.el7.x86_64 #1 SMP Tue Jul 4 15:04:05 UTC 2017 x86_64 x86_64 x86_64 GNU/Linux

-------------------- Storage usage --------------------
ファイルシス   サイズ  使用  残り 使用% マウント位置
/dev/vda4         96G  7.2G   89G    8% /
devtmpfs         2.0G     0  2.0G    0% /dev
tmpfs            2.0G     0  2.0G    0% /dev/shm
tmpfs            2.0G  1.3G  700M   65% /run
tmpfs            2.0G     0  2.0G    0% /sys/fs/cgroup
/dev/vda2        497M  220M  278M   45% /boot
tmpfs            396M     0  396M    0% /run/user/0
tmpfs            396M     0  396M    0% /run/user/1001

-------------------- System load --------------------
Linux 3.10.0-514.26.2.el7.x86_64 (sakura-tokyo-prod) 	2018年11月07日 	_x86_64_	(4 CPU)

00時00分02秒     CPU     %user     %nice   %system   %iowait    %steal     %idle
01時00分02秒     all      0.12      0.01      0.05      0.00      0.02     99.81
02時00分02秒     all      0.09      0.01      0.04      0.00      0.02     99.85
03時00分02秒     all      0.09      0.01      0.04      0.00      0.02     99.85
04時00分02秒     all      0.09      0.01      0.04      0.00      0.02     99.84
05時00分02秒     all      0.09      0.01      0.05      0.00      0.03     99.82
06時00分02秒     all      0.11      0.01      0.05      0.00      0.03     99.80
07時00分02秒     all      0.13      0.01      0.05      0.00      0.04     99.77
08時00分02秒     all      0.09      0.01      0.04      0.00      0.03     99.83
09時00分02秒     all      0.09      0.01      0.04      0.00      0.03     99.83
10時00分02秒     all      0.10      0.01      0.05      0.00      0.03     99.82
11時00分02秒     all      0.63      0.04      0.11      0.00      0.06     99.17
12時00分02秒     all      0.10      0.01      0.05      0.00      0.04     99.80
13時00分02秒     all      0.12      0.01      0.06      0.00      0.04     99.78
14時00分02秒     all      0.09      0.01      0.06      0.00      0.03     99.81
平均値:      all      0.14      0.01      0.05      0.00      0.03     99.77

-------------------- Logged in user --------------------


==================== 2018-11-07 17:55:01 ====================

-------------------- uptime --------------------
 17:55:01 up 489 days,  6:44,  0 users,  load average: 0.00, 0.01, 0.05

-------------------- System info --------------------
Linux sakura-tokyo-prod 3.10.0-514.26.2.el7.x86_64 #1 SMP Tue Jul 4 15:04:05 UTC 2017 x86_64 x86_64 x86_64 GNU/Linux

-------------------- Storage usage --------------------
ファイルシス   サイズ  使用  残り 使用% マウント位置
/dev/vda4         96G  7.2G   89G    8% /
devtmpfs         2.0G     0  2.0G    0% /dev
tmpfs            2.0G     0  2.0G    0% /dev/shm
tmpfs            2.0G  1.3G  699M   65% /run
tmpfs            2.0G     0  2.0G    0% /sys/fs/cgroup
/dev/vda2        497M  220M  278M   45% /boot
tmpfs            396M     0  396M    0% /run/user/0
tmpfs            396M     0  396M    0% /run/user/1001

-------------------- System load --------------------
Linux 3.10.0-514.26.2.el7.x86_64 (sakura-tokyo-prod) 	2018年11月07日 	_x86_64_	(4 CPU)

00時00分02秒     CPU     %user     %nice   %system   %iowait    %steal     %idle
01時00分02秒     all      0.12      0.01      0.05      0.00      0.02     99.81
02時00分02秒     all      0.09      0.01      0.04      0.00      0.02     99.85
03時00分02秒     all      0.09      0.01      0.04      0.00      0.02     99.85
04時00分02秒     all      0.09      0.01      0.04      0.00      0.02     99.84
05時00分02秒     all      0.09      0.01      0.05      0.00      0.03     99.82
06時00分02秒     all      0.11      0.01      0.05      0.00      0.03     99.80
07時00分02秒     all      0.13      0.01      0.05      0.00      0.04     99.77
08時00分02秒     all      0.09      0.01      0.04      0.00      0.03     99.83
09時00分02秒     all      0.09      0.01      0.04      0.00      0.03     99.83
10時00分02秒     all      0.10      0.01      0.05      0.00      0.03     99.82
11時00分02秒     all      0.63      0.04      0.11      0.00      0.06     99.17
12時00分02秒     all      0.10      0.01      0.05      0.00      0.04     99.80
13時00分02秒     all      0.12      0.01      0.06      0.00      0.04     99.78
14時00分02秒     all      0.09      0.01      0.06      0.00      0.03     99.81
15時00分02秒     all      0.09      0.01      0.05      0.00      0.04     99.82
16時00分03秒     all      0.10      0.01      0.05      0.00      0.04     99.80
17時00分02秒     all      0.09      0.01      0.05      0.00      0.04     99.81
平均値:      all      0.13      0.01      0.05      0.00      0.03     99.78

-------------------- Logged in user --------------------


