==================== 2018-11-08 02:55:01 ====================

-------------------- uptime --------------------
 02:55:01 up 489 days, 15:44,  0 users,  load average: 0.00, 0.01, 0.05

-------------------- System info --------------------
Linux sakura-tokyo-prod 3.10.0-514.26.2.el7.x86_64 #1 SMP Tue Jul 4 15:04:05 UTC 2017 x86_64 x86_64 x86_64 GNU/Linux

-------------------- Storage usage --------------------
ファイルシス   サイズ  使用  残り 使用% マウント位置
/dev/vda4         96G  7.2G   89G    8% /
devtmpfs         2.0G     0  2.0G    0% /dev
tmpfs            2.0G     0  2.0G    0% /dev/shm
tmpfs            2.0G  1.3G  699M   65% /run
tmpfs            2.0G     0  2.0G    0% /sys/fs/cgroup
/dev/vda2        497M  220M  278M   45% /boot
tmpfs            396M     0  396M    0% /run/user/0
tmpfs            396M     0  396M    0% /run/user/1001

-------------------- System load --------------------
Linux 3.10.0-514.26.2.el7.x86_64 (sakura-tokyo-prod) 	2018年11月08日 	_x86_64_	(4 CPU)

00時00分02秒     CPU     %user     %nice   %system   %iowait    %steal     %idle
01時00分02秒     all      0.11      0.01      0.05      0.00      0.02     99.82
02時00分02秒     all      0.09      0.01      0.04      0.00      0.02     99.85
平均値:      all      0.10      0.01      0.05      0.00      0.02     99.83

-------------------- Logged in user --------------------


==================== 2018-11-08 05:55:01 ====================

-------------------- uptime --------------------
 05:55:01 up 489 days, 18:44,  0 users,  load average: 0.00, 0.01, 0.05

-------------------- System info --------------------
Linux sakura-tokyo-prod 3.10.0-514.26.2.el7.x86_64 #1 SMP Tue Jul 4 15:04:05 UTC 2017 x86_64 x86_64 x86_64 GNU/Linux

-------------------- Storage usage --------------------
ファイルシス   サイズ  使用  残り 使用% マウント位置
/dev/vda4         96G  7.2G   89G    8% /
devtmpfs         2.0G     0  2.0G    0% /dev
tmpfs            2.0G     0  2.0G    0% /dev/shm
tmpfs            2.0G  1.3G  699M   65% /run
tmpfs            2.0G     0  2.0G    0% /sys/fs/cgroup
/dev/vda2        497M  220M  278M   45% /boot
tmpfs            396M     0  396M    0% /run/user/0
tmpfs            396M     0  396M    0% /run/user/1001

-------------------- System load --------------------
Linux 3.10.0-514.26.2.el7.x86_64 (sakura-tokyo-prod) 	2018年11月08日 	_x86_64_	(4 CPU)

00時00分02秒     CPU     %user     %nice   %system   %iowait    %steal     %idle
01時00分02秒     all      0.11      0.01      0.05      0.00      0.02     99.82
02時00分02秒     all      0.09      0.01      0.04      0.00      0.02     99.85
03時00分02秒     all      0.09      0.01      0.04      0.00      0.02     99.84
04時00分02秒     all      0.09      0.01      0.05      0.00      0.02     99.83
05時00分02秒     all      0.09      0.01      0.04      0.00      0.02     99.85
平均値:      all      0.09      0.01      0.05      0.00      0.02     99.84

-------------------- Logged in user --------------------


==================== 2018-11-08 08:55:01 ====================

-------------------- uptime --------------------
 08:55:01 up 489 days, 21:44,  0 users,  load average: 0.00, 0.01, 0.05

-------------------- System info --------------------
Linux sakura-tokyo-prod 3.10.0-514.26.2.el7.x86_64 #1 SMP Tue Jul 4 15:04:05 UTC 2017 x86_64 x86_64 x86_64 GNU/Linux

-------------------- Storage usage --------------------
ファイルシス   サイズ  使用  残り 使用% マウント位置
/dev/vda4         96G  7.2G   89G    8% /
devtmpfs         2.0G     0  2.0G    0% /dev
tmpfs            2.0G     0  2.0G    0% /dev/shm
tmpfs            2.0G  1.3G  699M   65% /run
tmpfs            2.0G     0  2.0G    0% /sys/fs/cgroup
/dev/vda2        497M  220M  278M   45% /boot
tmpfs            396M     0  396M    0% /run/user/0
tmpfs            396M     0  396M    0% /run/user/1001

-------------------- System load --------------------
Linux 3.10.0-514.26.2.el7.x86_64 (sakura-tokyo-prod) 	2018年11月08日 	_x86_64_	(4 CPU)

00時00分02秒     CPU     %user     %nice   %system   %iowait    %steal     %idle
01時00分02秒     all      0.11      0.01      0.05      0.00      0.02     99.82
02時00分02秒     all      0.09      0.01      0.04      0.00      0.02     99.85
03時00分02秒     all      0.09      0.01      0.04      0.00      0.02     99.84
04時00分02秒     all      0.09      0.01      0.05      0.00      0.02     99.83
05時00分02秒     all      0.09      0.01      0.04      0.00      0.02     99.85
06時00分03秒     all      0.10      0.01      0.05      0.00      0.02     99.82
07時00分02秒     all      0.12      0.01      0.06      0.00      0.02     99.79
08時00分03秒     all      0.09      0.01      0.05      0.00      0.02     99.82
平均値:      all      0.10      0.01      0.05      0.00      0.02     99.83

-------------------- Logged in user --------------------


==================== 2018-11-08 11:55:01 ====================

-------------------- uptime --------------------
 11:55:01 up 490 days, 44 min,  0 users,  load average: 0.00, 0.01, 0.05

-------------------- System info --------------------
Linux sakura-tokyo-prod 3.10.0-514.26.2.el7.x86_64 #1 SMP Tue Jul 4 15:04:05 UTC 2017 x86_64 x86_64 x86_64 GNU/Linux

-------------------- Storage usage --------------------
ファイルシス   サイズ  使用  残り 使用% マウント位置
/dev/vda4         96G  7.2G   89G    8% /
devtmpfs         2.0G     0  2.0G    0% /dev
tmpfs            2.0G     0  2.0G    0% /dev/shm
tmpfs            2.0G  1.3G  699M   65% /run
tmpfs            2.0G     0  2.0G    0% /sys/fs/cgroup
/dev/vda2        497M  220M  278M   45% /boot
tmpfs            396M     0  396M    0% /run/user/0
tmpfs            396M     0  396M    0% /run/user/1001

-------------------- System load --------------------
Linux 3.10.0-514.26.2.el7.x86_64 (sakura-tokyo-prod) 	2018年11月08日 	_x86_64_	(4 CPU)

00時00分02秒     CPU     %user     %nice   %system   %iowait    %steal     %idle
01時00分02秒     all      0.11      0.01      0.05      0.00      0.02     99.82
02時00分02秒     all      0.09      0.01      0.04      0.00      0.02     99.85
03時00分02秒     all      0.09      0.01      0.04      0.00      0.02     99.84
04時00分02秒     all      0.09      0.01      0.05      0.00      0.02     99.83
05時00分02秒     all      0.09      0.01      0.04      0.00      0.02     99.85
06時00分03秒     all      0.10      0.01      0.05      0.00      0.02     99.82
07時00分02秒     all      0.12      0.01      0.06      0.00      0.02     99.79
08時00分03秒     all      0.09      0.01      0.05      0.00      0.02     99.82
09時00分02秒     all      0.14      0.01      0.07      0.00      0.02     99.76
10時00分02秒     all      0.11      0.01      0.06      0.00      0.03     99.80
11時00分02秒     all      0.09      0.01      0.05      0.00      0.02     99.84
平均値:      all      0.10      0.01      0.05      0.00      0.02     99.82

-------------------- Logged in user --------------------


==================== 2018-11-08 14:55:01 ====================

-------------------- uptime --------------------
 14:55:01 up 490 days,  3:44,  0 users,  load average: 0.01, 0.03, 0.05

-------------------- System info --------------------
Linux sakura-tokyo-prod 3.10.0-514.26.2.el7.x86_64 #1 SMP Tue Jul 4 15:04:05 UTC 2017 x86_64 x86_64 x86_64 GNU/Linux

-------------------- Storage usage --------------------
ファイルシス   サイズ  使用  残り 使用% マウント位置
/dev/vda4         96G  7.2G   89G    8% /
devtmpfs         2.0G     0  2.0G    0% /dev
tmpfs            2.0G     0  2.0G    0% /dev/shm
tmpfs            2.0G  1.3G  699M   65% /run
tmpfs            2.0G     0  2.0G    0% /sys/fs/cgroup
/dev/vda2        497M  220M  278M   45% /boot
tmpfs            396M     0  396M    0% /run/user/0
tmpfs            396M     0  396M    0% /run/user/1001

-------------------- System load --------------------
Linux 3.10.0-514.26.2.el7.x86_64 (sakura-tokyo-prod) 	2018年11月08日 	_x86_64_	(4 CPU)

00時00分02秒     CPU     %user     %nice   %system   %iowait    %steal     %idle
01時00分02秒     all      0.11      0.01      0.05      0.00      0.02     99.82
02時00分02秒     all      0.09      0.01      0.04      0.00      0.02     99.85
03時00分02秒     all      0.09      0.01      0.04      0.00      0.02     99.84
04時00分02秒     all      0.09      0.01      0.05      0.00      0.02     99.83
05時00分02秒     all      0.09      0.01      0.04      0.00      0.02     99.85
06時00分03秒     all      0.10      0.01      0.05      0.00      0.02     99.82
07時00分02秒     all      0.12      0.01      0.06      0.00      0.02     99.79
08時00分03秒     all      0.09      0.01      0.05      0.00      0.02     99.82
09時00分02秒     all      0.14      0.01      0.07      0.00      0.02     99.76
10時00分02秒     all      0.11      0.01      0.06      0.00      0.03     99.80
11時00分02秒     all      0.09      0.01      0.05      0.00      0.02     99.84
12時00分03秒     all      0.10      0.01      0.05      0.00      0.02     99.83
13時00分02秒     all      0.11      0.01      0.05      0.00      0.03     99.80
14時00分03秒     all      0.10      0.01      0.05      0.00      0.03     99.82
平均値:      all      0.10      0.01      0.05      0.00      0.02     99.82

-------------------- Logged in user --------------------


==================== 2018-11-08 17:55:01 ====================

-------------------- uptime --------------------
 17:55:01 up 490 days,  6:44,  0 users,  load average: 0.02, 0.02, 0.05

-------------------- System info --------------------
Linux sakura-tokyo-prod 3.10.0-514.26.2.el7.x86_64 #1 SMP Tue Jul 4 15:04:05 UTC 2017 x86_64 x86_64 x86_64 GNU/Linux

-------------------- Storage usage --------------------
ファイルシス   サイズ  使用  残り 使用% マウント位置
/dev/vda4         96G  7.2G   89G    8% /
devtmpfs         2.0G     0  2.0G    0% /dev
tmpfs            2.0G     0  2.0G    0% /dev/shm
tmpfs            2.0G  1.3G  699M   65% /run
tmpfs            2.0G     0  2.0G    0% /sys/fs/cgroup
/dev/vda2        497M  220M  278M   45% /boot
tmpfs            396M     0  396M    0% /run/user/0
tmpfs            396M     0  396M    0% /run/user/1001

-------------------- System load --------------------
Linux 3.10.0-514.26.2.el7.x86_64 (sakura-tokyo-prod) 	2018年11月08日 	_x86_64_	(4 CPU)

00時00分02秒     CPU     %user     %nice   %system   %iowait    %steal     %idle
01時00分02秒     all      0.11      0.01      0.05      0.00      0.02     99.82
02時00分02秒     all      0.09      0.01      0.04      0.00      0.02     99.85
03時00分02秒     all      0.09      0.01      0.04      0.00      0.02     99.84
04時00分02秒     all      0.09      0.01      0.05      0.00      0.02     99.83
05時00分02秒     all      0.09      0.01      0.04      0.00      0.02     99.85
06時00分03秒     all      0.10      0.01      0.05      0.00      0.02     99.82
07時00分02秒     all      0.12      0.01      0.06      0.00      0.02     99.79
08時00分03秒     all      0.09      0.01      0.05      0.00      0.02     99.82
09時00分02秒     all      0.14      0.01      0.07      0.00      0.02     99.76
10時00分02秒     all      0.11      0.01      0.06      0.00      0.03     99.80
11時00分02秒     all      0.09      0.01      0.05      0.00      0.02     99.84
12時00分03秒     all      0.10      0.01      0.05      0.00      0.02     99.83
13時00分02秒     all      0.11      0.01      0.05      0.00      0.03     99.80
14時00分03秒     all      0.10      0.01      0.05      0.00      0.03     99.82
15時00分02秒     all      0.11      0.01      0.05      0.00      0.03     99.80
16時00分02秒     all      0.11      0.01      0.06      0.00      0.04     99.79
17時00分02秒     all      0.11      0.01      0.06      0.00      0.03     99.79
平均値:      all      0.10      0.01      0.05      0.00      0.02     99.82

-------------------- Logged in user --------------------


==================== 2018-11-08 20:55:01 ====================

-------------------- uptime --------------------
 20:55:01 up 490 days,  9:44,  0 users,  load average: 0.00, 0.01, 0.05

-------------------- System info --------------------
Linux sakura-tokyo-prod 3.10.0-514.26.2.el7.x86_64 #1 SMP Tue Jul 4 15:04:05 UTC 2017 x86_64 x86_64 x86_64 GNU/Linux

-------------------- Storage usage --------------------
ファイルシス   サイズ  使用  残り 使用% マウント位置
/dev/vda4         96G  7.2G   89G    8% /
devtmpfs         2.0G     0  2.0G    0% /dev
tmpfs            2.0G     0  2.0G    0% /dev/shm
tmpfs            2.0G  1.3G  698M   65% /run
tmpfs            2.0G     0  2.0G    0% /sys/fs/cgroup
/dev/vda2        497M  220M  278M   45% /boot
tmpfs            396M     0  396M    0% /run/user/0
tmpfs            396M     0  396M    0% /run/user/1001

-------------------- System load --------------------
Linux 3.10.0-514.26.2.el7.x86_64 (sakura-tokyo-prod) 	2018年11月08日 	_x86_64_	(4 CPU)

00時00分02秒     CPU     %user     %nice   %system   %iowait    %steal     %idle
01時00分02秒     all      0.11      0.01      0.05      0.00      0.02     99.82
02時00分02秒     all      0.09      0.01      0.04      0.00      0.02     99.85
03時00分02秒     all      0.09      0.01      0.04      0.00      0.02     99.84
04時00分02秒     all      0.09      0.01      0.05      0.00      0.02     99.83
05時00分02秒     all      0.09      0.01      0.04      0.00      0.02     99.85
06時00分03秒     all      0.10      0.01      0.05      0.00      0.02     99.82
07時00分02秒     all      0.12      0.01      0.06      0.00      0.02     99.79
08時00分03秒     all      0.09      0.01      0.05      0.00      0.02     99.82
09時00分02秒     all      0.14      0.01      0.07      0.00      0.02     99.76
10時00分02秒     all      0.11      0.01      0.06      0.00      0.03     99.80
11時00分02秒     all      0.09      0.01      0.05      0.00      0.02     99.84
12時00分03秒     all      0.10      0.01      0.05      0.00      0.02     99.83
13時00分02秒     all      0.11      0.01      0.05      0.00      0.03     99.80
14時00分03秒     all      0.10      0.01      0.05      0.00      0.03     99.82
15時00分02秒     all      0.11      0.01      0.05      0.00      0.03     99.80
16時00分02秒     all      0.11      0.01      0.06      0.00      0.04     99.79
17時00分02秒     all      0.11      0.01      0.06      0.00      0.03     99.79
18時00分03秒     all      0.11      0.01      0.06      0.00      0.02     99.79
19時00分02秒     all      0.12      0.01      0.06      0.00      0.02     99.79
20時00分02秒     all      0.10      0.01      0.04      0.00      0.02     99.83
平均値:      all      0.10      0.01      0.05      0.00      0.02     99.81

-------------------- Logged in user --------------------


==================== 2018-11-08 23:55:01 ====================

-------------------- uptime --------------------
 23:55:01 up 490 days, 12:44,  1 user,  load average: 0.06, 0.05, 0.05

-------------------- System info --------------------
Linux sakura-tokyo-prod 3.10.0-514.26.2.el7.x86_64 #1 SMP Tue Jul 4 15:04:05 UTC 2017 x86_64 x86_64 x86_64 GNU/Linux

-------------------- Storage usage --------------------
ファイルシス   サイズ  使用  残り 使用% マウント位置
/dev/vda4         96G  7.2G   89G    8% /
devtmpfs         2.0G     0  2.0G    0% /dev
tmpfs            2.0G     0  2.0G    0% /dev/shm
tmpfs            2.0G  1.3G  698M   65% /run
tmpfs            2.0G     0  2.0G    0% /sys/fs/cgroup
/dev/vda2        497M  220M  278M   45% /boot
tmpfs            396M     0  396M    0% /run/user/0
tmpfs            396M     0  396M    0% /run/user/1001

-------------------- System load --------------------
Linux 3.10.0-514.26.2.el7.x86_64 (sakura-tokyo-prod) 	2018年11月08日 	_x86_64_	(4 CPU)

00時00分02秒     CPU     %user     %nice   %system   %iowait    %steal     %idle
01時00分02秒     all      0.11      0.01      0.05      0.00      0.02     99.82
02時00分02秒     all      0.09      0.01      0.04      0.00      0.02     99.85
03時00分02秒     all      0.09      0.01      0.04      0.00      0.02     99.84
04時00分02秒     all      0.09      0.01      0.05      0.00      0.02     99.83
05時00分02秒     all      0.09      0.01      0.04      0.00      0.02     99.85
06時00分03秒     all      0.10      0.01      0.05      0.00      0.02     99.82
07時00分02秒     all      0.12      0.01      0.06      0.00      0.02     99.79
08時00分03秒     all      0.09      0.01      0.05      0.00      0.02     99.82
09時00分02秒     all      0.14      0.01      0.07      0.00      0.02     99.76
10時00分02秒     all      0.11      0.01      0.06      0.00      0.03     99.80
11時00分02秒     all      0.09      0.01      0.05      0.00      0.02     99.84
12時00分03秒     all      0.10      0.01      0.05      0.00      0.02     99.83
13時00分02秒     all      0.11      0.01      0.05      0.00      0.03     99.80
14時00分03秒     all      0.10      0.01      0.05      0.00      0.03     99.82
15時00分02秒     all      0.11      0.01      0.05      0.00      0.03     99.80
16時00分02秒     all      0.11      0.01      0.06      0.00      0.04     99.79
17時00分02秒     all      0.11      0.01      0.06      0.00      0.03     99.79
18時00分03秒     all      0.11      0.01      0.06      0.00      0.02     99.79
19時00分02秒     all      0.12      0.01      0.06      0.00      0.02     99.79
20時00分02秒     all      0.10      0.01      0.04      0.00      0.02     99.83
21時00分02秒     all      0.11      0.01      0.05      0.00      0.02     99.82
22時00分02秒     all      0.10      0.01      0.05      0.00      0.02     99.83
23時00分02秒     all      0.10      0.01      0.04      0.00      0.02     99.83
平均値:      all      0.10      0.01      0.05      0.00      0.02     99.82

-------------------- Logged in user --------------------
k8854bdd 2018-11-08 23:36

