==================== 2018-11-11 02:55:01 ====================

-------------------- uptime --------------------
 02:55:01 up 492 days, 15:44,  0 users,  load average: 0.00, 0.01, 0.05

-------------------- System info --------------------
Linux sakura-tokyo-prod 3.10.0-514.26.2.el7.x86_64 #1 SMP Tue Jul 4 15:04:05 UTC 2017 x86_64 x86_64 x86_64 GNU/Linux

-------------------- Storage usage --------------------
ファイルシス   サイズ  使用  残り 使用% マウント位置
/dev/vda4         96G  7.2G   89G    8% /
devtmpfs         2.0G     0  2.0G    0% /dev
tmpfs            2.0G     0  2.0G    0% /dev/shm
tmpfs            2.0G  1.3G  696M   65% /run
tmpfs            2.0G     0  2.0G    0% /sys/fs/cgroup
/dev/vda2        497M  220M  278M   45% /boot
tmpfs            396M     0  396M    0% /run/user/0
tmpfs            396M     0  396M    0% /run/user/1001

-------------------- System load --------------------
Linux 3.10.0-514.26.2.el7.x86_64 (sakura-tokyo-prod) 	2018年11月11日 	_x86_64_	(4 CPU)

00時00分03秒     CPU     %user     %nice   %system   %iowait    %steal     %idle
01時00分03秒     all      0.14      0.01      0.06      0.00      0.03     99.77
02時00分02秒     all      0.10      0.01      0.04      0.00      0.04     99.82
平均値:      all      0.12      0.01      0.05      0.00      0.03     99.79

-------------------- Logged in user --------------------


==================== 2018-11-11 05:55:01 ====================

-------------------- uptime --------------------
 05:55:01 up 492 days, 18:44,  0 users,  load average: 0.00, 0.01, 0.05

-------------------- System info --------------------
Linux sakura-tokyo-prod 3.10.0-514.26.2.el7.x86_64 #1 SMP Tue Jul 4 15:04:05 UTC 2017 x86_64 x86_64 x86_64 GNU/Linux

-------------------- Storage usage --------------------
ファイルシス   サイズ  使用  残り 使用% マウント位置
/dev/vda4         96G  7.2G   89G    8% /
devtmpfs         2.0G     0  2.0G    0% /dev
tmpfs            2.0G     0  2.0G    0% /dev/shm
tmpfs            2.0G  1.3G  696M   65% /run
tmpfs            2.0G     0  2.0G    0% /sys/fs/cgroup
/dev/vda2        497M  220M  278M   45% /boot
tmpfs            396M     0  396M    0% /run/user/0
tmpfs            396M     0  396M    0% /run/user/1001

-------------------- System load --------------------
Linux 3.10.0-514.26.2.el7.x86_64 (sakura-tokyo-prod) 	2018年11月11日 	_x86_64_	(4 CPU)

00時00分03秒     CPU     %user     %nice   %system   %iowait    %steal     %idle
01時00分03秒     all      0.14      0.01      0.06      0.00      0.03     99.77
02時00分02秒     all      0.10      0.01      0.04      0.00      0.04     99.82
03時00分02秒     all      0.12      0.01      0.05      0.00      0.04     99.79
04時00分01秒     all      0.33      0.01      0.08      0.00      0.04     99.53
05時00分02秒     all      0.09      0.01      0.04      0.00      0.02     99.84
平均値:      all      0.16      0.01      0.06      0.00      0.03     99.75

-------------------- Logged in user --------------------


