==================== 2018-11-12 02:55:01 ====================

-------------------- uptime --------------------
 02:55:01 up 493 days, 15:44,  1 user,  load average: 0.00, 0.01, 0.05

-------------------- System info --------------------
Linux sakura-tokyo-prod 3.10.0-514.26.2.el7.x86_64 #1 SMP Tue Jul 4 15:04:05 UTC 2017 x86_64 x86_64 x86_64 GNU/Linux

-------------------- Storage usage --------------------
ファイルシス   サイズ  使用  残り 使用% マウント位置
/dev/vda4         96G  7.2G   89G    8% /
devtmpfs         2.0G     0  2.0G    0% /dev
tmpfs            2.0G     0  2.0G    0% /dev/shm
tmpfs            2.0G  1.3G  696M   65% /run
tmpfs            2.0G     0  2.0G    0% /sys/fs/cgroup
/dev/vda2        497M  220M  278M   45% /boot
tmpfs            396M     0  396M    0% /run/user/0
tmpfs            396M     0  396M    0% /run/user/1001

-------------------- System load --------------------
Linux 3.10.0-514.26.2.el7.x86_64 (sakura-tokyo-prod) 	2018年11月12日 	_x86_64_	(4 CPU)

00時00分02秒     CPU     %user     %nice   %system   %iowait    %steal     %idle
01時00分03秒     all      0.12      0.01      0.05      0.00      0.02     99.80
02時00分02秒     all      0.09      0.01      0.04      0.00      0.02     99.84
平均値:      all      0.11      0.01      0.04      0.00      0.02     99.82

-------------------- Logged in user --------------------
k3ec8cbb 2018-11-11 23:03

==================== 2018-11-12 05:55:02 ====================

-------------------- uptime --------------------
 05:55:02 up 493 days, 18:44,  0 users,  load average: 0.00, 0.01, 0.05

-------------------- System info --------------------
Linux sakura-tokyo-prod 3.10.0-514.26.2.el7.x86_64 #1 SMP Tue Jul 4 15:04:05 UTC 2017 x86_64 x86_64 x86_64 GNU/Linux

-------------------- Storage usage --------------------
ファイルシス   サイズ  使用  残り 使用% マウント位置
/dev/vda4         96G  6.3G   90G    7% /
devtmpfs         2.0G     0  2.0G    0% /dev
tmpfs            2.0G     0  2.0G    0% /dev/shm
tmpfs            2.0G  1.3G  688M   66% /run
tmpfs            2.0G     0  2.0G    0% /sys/fs/cgroup
/dev/vda2        497M  220M  278M   45% /boot
tmpfs            396M     0  396M    0% /run/user/0
tmpfs            396M     0  396M    0% /run/user/1001

-------------------- System load --------------------
Linux 3.10.0-514.26.2.el7.x86_64 (sakura-tokyo-prod) 	2018年11月12日 	_x86_64_	(4 CPU)

00時00分02秒     CPU     %user     %nice   %system   %iowait    %steal     %idle
01時00分03秒     all      0.12      0.01      0.05      0.00      0.02     99.80
02時00分02秒     all      0.09      0.01      0.04      0.00      0.02     99.84
03時00分02秒     all      0.09      0.01      0.04      0.00      0.02     99.84
04時00分02秒     all      0.09      0.01      0.04      0.00      0.02     99.84
05時00分02秒     all      0.15      0.03      0.15      0.01      0.02     99.65
平均値:      all      0.11      0.01      0.06      0.00      0.02     99.79

-------------------- Logged in user --------------------


==================== 2018-11-12 08:55:02 ====================

-------------------- uptime --------------------
 08:55:02 up 493 days, 21:44,  0 users,  load average: 0.00, 0.01, 0.05

-------------------- System info --------------------
Linux sakura-tokyo-prod 3.10.0-514.26.2.el7.x86_64 #1 SMP Tue Jul 4 15:04:05 UTC 2017 x86_64 x86_64 x86_64 GNU/Linux

-------------------- Storage usage --------------------
ファイルシス   サイズ  使用  残り 使用% マウント位置
/dev/vda4         96G  6.3G   90G    7% /
devtmpfs         2.0G     0  2.0G    0% /dev
tmpfs            2.0G     0  2.0G    0% /dev/shm
tmpfs            2.0G  1.3G  687M   66% /run
tmpfs            2.0G     0  2.0G    0% /sys/fs/cgroup
/dev/vda2        497M  220M  278M   45% /boot
tmpfs            396M     0  396M    0% /run/user/0
tmpfs            396M     0  396M    0% /run/user/1001

-------------------- System load --------------------
Linux 3.10.0-514.26.2.el7.x86_64 (sakura-tokyo-prod) 	2018年11月12日 	_x86_64_	(4 CPU)

00時00分02秒     CPU     %user     %nice   %system   %iowait    %steal     %idle
01時00分03秒     all      0.12      0.01      0.05      0.00      0.02     99.80
02時00分02秒     all      0.09      0.01      0.04      0.00      0.02     99.84
03時00分02秒     all      0.09      0.01      0.04      0.00      0.02     99.84
04時00分02秒     all      0.09      0.01      0.04      0.00      0.02     99.84
05時00分02秒     all      0.15      0.03      0.15      0.01      0.02     99.65
06時00分02秒     all      0.11      0.01      0.06      0.00      0.03     99.80
07時00分02秒     all      0.11      0.01      0.05      0.00      0.02     99.81
08時00分01秒     all      0.10      0.01      0.04      0.00      0.02     99.83
平均値:      all      0.11      0.01      0.06      0.00      0.02     99.80

-------------------- Logged in user --------------------


==================== 2018-11-12 11:55:01 ====================

-------------------- uptime --------------------
 11:55:01 up 494 days, 44 min,  1 user,  load average: 0.00, 0.01, 0.05

-------------------- System info --------------------
Linux sakura-tokyo-prod 3.10.0-514.26.2.el7.x86_64 #1 SMP Tue Jul 4 15:04:05 UTC 2017 x86_64 x86_64 x86_64 GNU/Linux

-------------------- Storage usage --------------------
ファイルシス   サイズ  使用  残り 使用% マウント位置
/dev/vda4         96G  6.3G   90G    7% /
devtmpfs         2.0G     0  2.0G    0% /dev
tmpfs            2.0G     0  2.0G    0% /dev/shm
tmpfs            2.0G  1.3G  687M   66% /run
tmpfs            2.0G     0  2.0G    0% /sys/fs/cgroup
/dev/vda2        497M  220M  278M   45% /boot
tmpfs            396M     0  396M    0% /run/user/0
tmpfs            396M     0  396M    0% /run/user/1001

-------------------- System load --------------------
Linux 3.10.0-514.26.2.el7.x86_64 (sakura-tokyo-prod) 	2018年11月12日 	_x86_64_	(4 CPU)

00時00分02秒     CPU     %user     %nice   %system   %iowait    %steal     %idle
01時00分03秒     all      0.12      0.01      0.05      0.00      0.02     99.80
02時00分02秒     all      0.09      0.01      0.04      0.00      0.02     99.84
03時00分02秒     all      0.09      0.01      0.04      0.00      0.02     99.84
04時00分02秒     all      0.09      0.01      0.04      0.00      0.02     99.84
05時00分02秒     all      0.15      0.03      0.15      0.01      0.02     99.65
06時00分02秒     all      0.11      0.01      0.06      0.00      0.03     99.80
07時00分02秒     all      0.11      0.01      0.05      0.00      0.02     99.81
08時00分01秒     all      0.10      0.01      0.04      0.00      0.02     99.83
09時00分03秒     all      0.09      0.01      0.05      0.00      0.03     99.83
10時00分02秒     all      0.63      0.04      0.11      0.00      0.04     99.18
11時00分02秒     all      0.10      0.01      0.06      0.00      0.03     99.81
平均値:      all      0.15      0.01      0.06      0.00      0.02     99.75

-------------------- Logged in user --------------------
k566abb7 2018-11-12 11:48

==================== 2018-11-12 14:55:01 ====================

-------------------- uptime --------------------
 14:55:01 up 494 days,  3:44,  1 user,  load average: 0.00, 0.01, 0.05

-------------------- System info --------------------
Linux sakura-tokyo-prod 3.10.0-514.26.2.el7.x86_64 #1 SMP Tue Jul 4 15:04:05 UTC 2017 x86_64 x86_64 x86_64 GNU/Linux

-------------------- Storage usage --------------------
ファイルシス   サイズ  使用  残り 使用% マウント位置
/dev/vda4         96G  6.4G   90G    7% /
devtmpfs         2.0G     0  2.0G    0% /dev
tmpfs            2.0G     0  2.0G    0% /dev/shm
tmpfs            2.0G  1.3G  687M   66% /run
tmpfs            2.0G     0  2.0G    0% /sys/fs/cgroup
/dev/vda2        497M  220M  278M   45% /boot
tmpfs            396M     0  396M    0% /run/user/0
tmpfs            396M     0  396M    0% /run/user/1001

-------------------- System load --------------------
Linux 3.10.0-514.26.2.el7.x86_64 (sakura-tokyo-prod) 	2018年11月12日 	_x86_64_	(4 CPU)

00時00分02秒     CPU     %user     %nice   %system   %iowait    %steal     %idle
01時00分03秒     all      0.12      0.01      0.05      0.00      0.02     99.80
02時00分02秒     all      0.09      0.01      0.04      0.00      0.02     99.84
03時00分02秒     all      0.09      0.01      0.04      0.00      0.02     99.84
04時00分02秒     all      0.09      0.01      0.04      0.00      0.02     99.84
05時00分02秒     all      0.15      0.03      0.15      0.01      0.02     99.65
06時00分02秒     all      0.11      0.01      0.06      0.00      0.03     99.80
07時00分02秒     all      0.11      0.01      0.05      0.00      0.02     99.81
08時00分01秒     all      0.10      0.01      0.04      0.00      0.02     99.83
09時00分03秒     all      0.09      0.01      0.05      0.00      0.03     99.83
10時00分02秒     all      0.63      0.04      0.11      0.00      0.04     99.18
11時00分02秒     all      0.10      0.01      0.06      0.00      0.03     99.81
12時00分02秒     all      0.09      0.01      0.06      0.00      0.03     99.81
13時00分02秒     all      0.33      0.01      0.13      0.05      0.03     99.46
14時00分02秒     all      0.09      0.01      0.04      0.00      0.02     99.84
平均値:      all      0.16      0.01      0.07      0.00      0.03     99.74

-------------------- Logged in user --------------------
k1d05db8 2018-11-12 11:48

==================== 2018-11-12 17:55:01 ====================

-------------------- uptime --------------------
 17:55:01 up 494 days,  6:44,  1 user,  load average: 0.00, 0.01, 0.05

-------------------- System info --------------------
Linux sakura-tokyo-prod 3.10.0-514.26.2.el7.x86_64 #1 SMP Tue Jul 4 15:04:05 UTC 2017 x86_64 x86_64 x86_64 GNU/Linux

-------------------- Storage usage --------------------
ファイルシス   サイズ  使用  残り 使用% マウント位置
/dev/vda4         96G  6.4G   90G    7% /
devtmpfs         2.0G     0  2.0G    0% /dev
tmpfs            2.0G     0  2.0G    0% /dev/shm
tmpfs            2.0G  1.3G  687M   66% /run
tmpfs            2.0G     0  2.0G    0% /sys/fs/cgroup
/dev/vda2        497M  220M  278M   45% /boot
tmpfs            396M     0  396M    0% /run/user/0
tmpfs            396M     0  396M    0% /run/user/1001

-------------------- System load --------------------
Linux 3.10.0-514.26.2.el7.x86_64 (sakura-tokyo-prod) 	2018年11月12日 	_x86_64_	(4 CPU)

00時00分02秒     CPU     %user     %nice   %system   %iowait    %steal     %idle
01時00分03秒     all      0.12      0.01      0.05      0.00      0.02     99.80
02時00分02秒     all      0.09      0.01      0.04      0.00      0.02     99.84
03時00分02秒     all      0.09      0.01      0.04      0.00      0.02     99.84
04時00分02秒     all      0.09      0.01      0.04      0.00      0.02     99.84
05時00分02秒     all      0.15      0.03      0.15      0.01      0.02     99.65
06時00分02秒     all      0.11      0.01      0.06      0.00      0.03     99.80
07時00分02秒     all      0.11      0.01      0.05      0.00      0.02     99.81
08時00分01秒     all      0.10      0.01      0.04      0.00      0.02     99.83
09時00分03秒     all      0.09      0.01      0.05      0.00      0.03     99.83
10時00分02秒     all      0.63      0.04      0.11      0.00      0.04     99.18
11時00分02秒     all      0.10      0.01      0.06      0.00      0.03     99.81
12時00分02秒     all      0.09      0.01      0.06      0.00      0.03     99.81
13時00分02秒     all      0.33      0.01      0.13      0.05      0.03     99.46
14時00分02秒     all      0.09      0.01      0.04      0.00      0.02     99.84
15時00分02秒     all      0.10      0.01      0.05      0.00      0.03     99.82
16時00分02秒     all      0.09      0.01      0.04      0.00      0.03     99.83
17時00分02秒     all      0.10      0.01      0.05      0.00      0.03     99.81
平均値:      all      0.15      0.01      0.06      0.00      0.03     99.75

-------------------- Logged in user --------------------
k9377d6e 2018-11-12 11:48

