==================== 2018-11-13 02:55:01 ====================

-------------------- uptime --------------------
 02:55:01 up 494 days, 15:44,  1 user,  load average: 0.00, 0.01, 0.05

-------------------- System info --------------------
Linux sakura-tokyo-prod 3.10.0-514.26.2.el7.x86_64 #1 SMP Tue Jul 4 15:04:05 UTC 2017 x86_64 x86_64 x86_64 GNU/Linux

-------------------- Storage usage --------------------
ファイルシス   サイズ  使用  残り 使用% マウント位置
/dev/vda4         96G  6.4G   90G    7% /
devtmpfs         2.0G     0  2.0G    0% /dev
tmpfs            2.0G     0  2.0G    0% /dev/shm
tmpfs            2.0G  1.3G  687M   66% /run
tmpfs            2.0G     0  2.0G    0% /sys/fs/cgroup
/dev/vda2        497M  220M  278M   45% /boot
tmpfs            396M     0  396M    0% /run/user/0
tmpfs            396M     0  396M    0% /run/user/1001

-------------------- System load --------------------
Linux 3.10.0-514.26.2.el7.x86_64 (sakura-tokyo-prod) 	2018年11月13日 	_x86_64_	(4 CPU)

00時00分03秒     CPU     %user     %nice   %system   %iowait    %steal     %idle
01時00分02秒     all      0.12      0.01      0.05      0.00      0.02     99.81
02時00分02秒     all      0.11      0.01      0.04      0.00      0.02     99.83
平均値:      all      0.11      0.01      0.05      0.00      0.02     99.82

-------------------- Logged in user --------------------
k54228c5 2018-11-13 00:16

==================== 2018-11-13 05:55:01 ====================

-------------------- uptime --------------------
 05:55:01 up 5 days,  3:31,  2 users,  load average: 0.00, 0.01, 0.05

-------------------- System info --------------------
Linux aws-spot-t3micro 3.10.0-862.14.4.el7.x86_64 #1 SMP Wed Sep 26 15:12:11 UTC 2018 x86_64 x86_64 x86_64 GNU/Linux

-------------------- Storage usage --------------------
ファイルシス   サイズ  使用  残り 使用% マウント位置
/dev/nvme0n1p1    30G  5.0G   26G   17% /
devtmpfs         459M     0  459M    0% /dev
tmpfs            482M     0  482M    0% /dev/shm
tmpfs            482M   31M  452M    7% /run
tmpfs            482M     0  482M    0% /sys/fs/cgroup
tmpfs             97M     0   97M    0% /run/user/1000
tmpfs             97M     0   97M    0% /run/user/1002

-------------------- System load --------------------
Linux 3.10.0-862.14.4.el7.x86_64 (aws-spot-t3micro) 	2018年11月13日 	_x86_64_	(2 CPU)

00時00分01秒     CPU     %user     %nice   %system   %iowait    %steal     %idle
01時00分01秒     all      0.01      0.00      0.01      0.00      0.01     99.96
02時00分01秒     all      0.01      0.00      0.01      0.00      0.01     99.96
03時00分01秒     all      0.01      0.00      0.02      0.00      0.01     99.96
04時00分01秒     all      0.01      0.00      0.02      0.00      0.01     99.96
05時00分01秒     all      0.03      0.00      0.05      0.04      0.01     99.87
平均値:      all      0.02      0.00      0.02      0.01      0.01     99.94

-------------------- Logged in user --------------------
c0f16b 2018-11-13 00:16
c9be72 2018-11-13 04:55

==================== 2018-11-13 08:55:01 ====================

-------------------- uptime --------------------
 08:55:01 up 5 days,  6:31,  0 users,  load average: 0.00, 0.01, 0.05

-------------------- System info --------------------
Linux aws-spot-t3micro 3.10.0-862.14.4.el7.x86_64 #1 SMP Wed Sep 26 15:12:11 UTC 2018 x86_64 x86_64 x86_64 GNU/Linux

-------------------- Storage usage --------------------
ファイルシス   サイズ  使用  残り 使用% マウント位置
/dev/nvme0n1p1    30G  5.0G   26G   17% /
devtmpfs         459M     0  459M    0% /dev
tmpfs            482M     0  482M    0% /dev/shm
tmpfs            482M   31M  452M    7% /run
tmpfs            482M     0  482M    0% /sys/fs/cgroup
tmpfs             97M     0   97M    0% /run/user/1002

-------------------- System load --------------------
Linux 3.10.0-862.14.4.el7.x86_64 (aws-spot-t3micro) 	2018年11月13日 	_x86_64_	(2 CPU)

00時00分01秒     CPU     %user     %nice   %system   %iowait    %steal     %idle
01時00分01秒     all      0.01      0.00      0.01      0.00      0.01     99.96
02時00分01秒     all      0.01      0.00      0.01      0.00      0.01     99.96
03時00分01秒     all      0.01      0.00      0.02      0.00      0.01     99.96
04時00分01秒     all      0.01      0.00      0.02      0.00      0.01     99.96
05時00分01秒     all      0.03      0.00      0.05      0.04      0.01     99.87
06時00分01秒     all      0.07      0.00      0.04      0.03      0.01     99.86
07時00分01秒     all      0.01      0.00      0.02      0.00      0.00     99.96
08時00分01秒     all      0.02      0.00      0.02      0.00      0.01     99.95
平均値:      all      0.02      0.00      0.02      0.01      0.01     99.94

-------------------- Logged in user --------------------


==================== 2018-11-13 11:55:01 ====================

-------------------- uptime --------------------
 11:55:01 up 5 days,  9:31,  0 users,  load average: 0.00, 0.01, 0.05

-------------------- System info --------------------
Linux aws-spot-t3micro 3.10.0-862.14.4.el7.x86_64 #1 SMP Wed Sep 26 15:12:11 UTC 2018 x86_64 x86_64 x86_64 GNU/Linux

-------------------- Storage usage --------------------
ファイルシス   サイズ  使用  残り 使用% マウント位置
/dev/nvme0n1p1    30G  5.0G   26G   17% /
devtmpfs         459M     0  459M    0% /dev
tmpfs            482M     0  482M    0% /dev/shm
tmpfs            482M   31M  452M    7% /run
tmpfs            482M     0  482M    0% /sys/fs/cgroup
tmpfs             97M     0   97M    0% /run/user/1002

-------------------- System load --------------------
Linux 3.10.0-862.14.4.el7.x86_64 (aws-spot-t3micro) 	2018年11月13日 	_x86_64_	(2 CPU)

00時00分01秒     CPU     %user     %nice   %system   %iowait    %steal     %idle
01時00分01秒     all      0.01      0.00      0.01      0.00      0.01     99.96
02時00分01秒     all      0.01      0.00      0.01      0.00      0.01     99.96
03時00分01秒     all      0.01      0.00      0.02      0.00      0.01     99.96
04時00分01秒     all      0.01      0.00      0.02      0.00      0.01     99.96
05時00分01秒     all      0.03      0.00      0.05      0.04      0.01     99.87
06時00分01秒     all      0.07      0.00      0.04      0.03      0.01     99.86
07時00分01秒     all      0.01      0.00      0.02      0.00      0.00     99.96
08時00分01秒     all      0.02      0.00      0.02      0.00      0.01     99.95
09時00分01秒     all      0.01      0.00      0.02      0.00      0.01     99.96
10時00分01秒     all      0.01      0.00      0.02      0.00      0.01     99.96
11時00分01秒     all      0.01      0.00      0.02      0.00      0.01     99.96
平均値:      all      0.02      0.00      0.02      0.01      0.01     99.94

-------------------- Logged in user --------------------


==================== 2018-11-13 14:55:01 ====================

-------------------- uptime --------------------
 14:55:01 up 5 days, 12:31,  1 user,  load average: 0.14, 0.07, 0.05

-------------------- System info --------------------
Linux aws-spot-t3micro 3.10.0-862.14.4.el7.x86_64 #1 SMP Wed Sep 26 15:12:11 UTC 2018 x86_64 x86_64 x86_64 GNU/Linux

-------------------- Storage usage --------------------
ファイルシス   サイズ  使用  残り 使用% マウント位置
/dev/nvme0n1p1    30G  5.0G   26G   17% /
devtmpfs         459M     0  459M    0% /dev
tmpfs            482M     0  482M    0% /dev/shm
tmpfs            482M   31M  452M    7% /run
tmpfs            482M     0  482M    0% /sys/fs/cgroup
tmpfs             97M     0   97M    0% /run/user/1000
tmpfs             97M     0   97M    0% /run/user/1002

-------------------- System load --------------------
Linux 3.10.0-862.14.4.el7.x86_64 (aws-spot-t3micro) 	2018年11月13日 	_x86_64_	(2 CPU)

00時00分01秒     CPU     %user     %nice   %system   %iowait    %steal     %idle
01時00分01秒     all      0.01      0.00      0.01      0.00      0.01     99.96
02時00分01秒     all      0.01      0.00      0.01      0.00      0.01     99.96
03時00分01秒     all      0.01      0.00      0.02      0.00      0.01     99.96
04時00分01秒     all      0.01      0.00      0.02      0.00      0.01     99.96
05時00分01秒     all      0.03      0.00      0.05      0.04      0.01     99.87
06時00分01秒     all      0.07      0.00      0.04      0.03      0.01     99.86
07時00分01秒     all      0.01      0.00      0.02      0.00      0.00     99.96
08時00分01秒     all      0.02      0.00      0.02      0.00      0.01     99.95
09時00分01秒     all      0.01      0.00      0.02      0.00      0.01     99.96
10時00分01秒     all      0.01      0.00      0.02      0.00      0.01     99.96
11時00分01秒     all      0.01      0.00      0.02      0.00      0.01     99.96
12時00分01秒     all      0.02      0.00      0.02      0.01      0.01     99.95
13時00分01秒     all      0.03      0.00      0.02      0.01      0.01     99.94
14時00分01秒     all      0.02      0.00      0.02      0.00      0.01     99.94
平均値:      all      0.02      0.00      0.02      0.01      0.01     99.94

-------------------- Logged in user --------------------
cf18c1 2018-11-13 11:58

==================== 2018-11-13 17:55:01 ====================

-------------------- uptime --------------------
 17:55:01 up 5 days, 15:31,  1 user,  load average: 0.00, 0.01, 0.05

-------------------- System info --------------------
Linux aws-spot-t3micro 3.10.0-862.14.4.el7.x86_64 #1 SMP Wed Sep 26 15:12:11 UTC 2018 x86_64 x86_64 x86_64 GNU/Linux

-------------------- Storage usage --------------------
ファイルシス   サイズ  使用  残り 使用% マウント位置
/dev/nvme0n1p1    30G  5.0G   26G   17% /
devtmpfs         459M     0  459M    0% /dev
tmpfs            482M     0  482M    0% /dev/shm
tmpfs            482M   37M  446M    8% /run
tmpfs            482M     0  482M    0% /sys/fs/cgroup
tmpfs             97M     0   97M    0% /run/user/1000
tmpfs             97M     0   97M    0% /run/user/1002

-------------------- System load --------------------
Linux 3.10.0-862.14.4.el7.x86_64 (aws-spot-t3micro) 	2018年11月13日 	_x86_64_	(2 CPU)

00時00分01秒     CPU     %user     %nice   %system   %iowait    %steal     %idle
01時00分01秒     all      0.01      0.00      0.01      0.00      0.01     99.96
02時00分01秒     all      0.01      0.00      0.01      0.00      0.01     99.96
03時00分01秒     all      0.01      0.00      0.02      0.00      0.01     99.96
04時00分01秒     all      0.01      0.00      0.02      0.00      0.01     99.96
05時00分01秒     all      0.03      0.00      0.05      0.04      0.01     99.87
06時00分01秒     all      0.07      0.00      0.04      0.03      0.01     99.86
07時00分01秒     all      0.01      0.00      0.02      0.00      0.00     99.96
08時00分01秒     all      0.02      0.00      0.02      0.00      0.01     99.95
09時00分01秒     all      0.01      0.00      0.02      0.00      0.01     99.96
10時00分01秒     all      0.01      0.00      0.02      0.00      0.01     99.96
11時00分01秒     all      0.01      0.00      0.02      0.00      0.01     99.96
12時00分01秒     all      0.02      0.00      0.02      0.01      0.01     99.95
13時00分01秒     all      0.03      0.00      0.02      0.01      0.01     99.94
14時00分01秒     all      0.02      0.00      0.02      0.00      0.01     99.94
15時00分01秒     all      0.02      0.00      0.02      0.00      0.01     99.95
16時00分01秒     all      0.02      0.00      0.02      0.00      0.01     99.95
17時00分01秒     all      0.04      0.00      0.04      0.00      0.02     99.90
平均値:      all      0.02      0.00      0.02      0.01      0.01     99.94

-------------------- Logged in user --------------------
cd4514 2018-11-13 11:58

