==================== 2018-11-14 02:55:01 ====================

-------------------- uptime --------------------
 02:55:01 up 6 days, 31 min,  0 users,  load average: 0.00, 0.01, 0.05

-------------------- System info --------------------
Linux aws-spot-t3micro 3.10.0-862.14.4.el7.x86_64 #1 SMP Wed Sep 26 15:12:11 UTC 2018 x86_64 x86_64 x86_64 GNU/Linux

-------------------- Storage usage --------------------
ファイルシス   サイズ  使用  残り 使用% マウント位置
/dev/nvme0n1p1    30G  5.0G   26G   17% /
devtmpfs         459M     0  459M    0% /dev
tmpfs            482M     0  482M    0% /dev/shm
tmpfs            482M   37M  446M    8% /run
tmpfs            482M     0  482M    0% /sys/fs/cgroup
tmpfs             97M     0   97M    0% /run/user/1002

-------------------- System load --------------------
Linux 3.10.0-862.14.4.el7.x86_64 (aws-spot-t3micro) 	2018年11月14日 	_x86_64_	(2 CPU)

00時00分01秒     CPU     %user     %nice   %system   %iowait    %steal     %idle
01時00分01秒     all      0.02      0.00      0.02      0.00      0.01     99.95
02時00分01秒     all      0.02      0.00      0.02      0.00      0.01     99.96
平均値:      all      0.02      0.00      0.02      0.00      0.01     99.95

-------------------- Logged in user --------------------


==================== 2018-11-14 05:55:01 ====================

-------------------- uptime --------------------
 05:55:01 up 6 days,  3:31,  0 users,  load average: 0.00, 0.01, 0.05

-------------------- System info --------------------
Linux aws-spot-t3micro 3.10.0-862.14.4.el7.x86_64 #1 SMP Wed Sep 26 15:12:11 UTC 2018 x86_64 x86_64 x86_64 GNU/Linux

-------------------- Storage usage --------------------
ファイルシス   サイズ  使用  残り 使用% マウント位置
/dev/nvme0n1p1    30G  5.0G   26G   17% /
devtmpfs         459M     0  459M    0% /dev
tmpfs            482M     0  482M    0% /dev/shm
tmpfs            482M   37M  446M    8% /run
tmpfs            482M     0  482M    0% /sys/fs/cgroup
tmpfs             97M     0   97M    0% /run/user/1002

-------------------- System load --------------------
Linux 3.10.0-862.14.4.el7.x86_64 (aws-spot-t3micro) 	2018年11月14日 	_x86_64_	(2 CPU)

00時00分01秒     CPU     %user     %nice   %system   %iowait    %steal     %idle
01時00分01秒     all      0.02      0.00      0.02      0.00      0.01     99.95
02時00分01秒     all      0.02      0.00      0.02      0.00      0.01     99.96
03時00分01秒     all      0.02      0.00      0.02      0.00      0.01     99.95
04時00分01秒     all      0.03      0.00      0.03      0.00      0.01     99.93
05時00分01秒     all      0.02      0.00      0.02      0.00      0.01     99.95
平均値:      all      0.02      0.00      0.02      0.00      0.01     99.95

-------------------- Logged in user --------------------


==================== 2018-11-14 08:55:01 ====================

-------------------- uptime --------------------
 08:55:01 up 6 days,  6:31,  0 users,  load average: 0.00, 0.01, 0.05

-------------------- System info --------------------
Linux aws-spot-t3micro 3.10.0-862.14.4.el7.x86_64 #1 SMP Wed Sep 26 15:12:11 UTC 2018 x86_64 x86_64 x86_64 GNU/Linux

-------------------- Storage usage --------------------
ファイルシス   サイズ  使用  残り 使用% マウント位置
/dev/nvme0n1p1    30G  5.0G   26G   17% /
devtmpfs         459M     0  459M    0% /dev
tmpfs            482M     0  482M    0% /dev/shm
tmpfs            482M   37M  446M    8% /run
tmpfs            482M     0  482M    0% /sys/fs/cgroup
tmpfs             97M     0   97M    0% /run/user/1002

-------------------- System load --------------------
Linux 3.10.0-862.14.4.el7.x86_64 (aws-spot-t3micro) 	2018年11月14日 	_x86_64_	(2 CPU)

00時00分01秒     CPU     %user     %nice   %system   %iowait    %steal     %idle
01時00分01秒     all      0.02      0.00      0.02      0.00      0.01     99.95
02時00分01秒     all      0.02      0.00      0.02      0.00      0.01     99.96
03時00分01秒     all      0.02      0.00      0.02      0.00      0.01     99.95
04時00分01秒     all      0.03      0.00      0.03      0.00      0.01     99.93
05時00分01秒     all      0.02      0.00      0.02      0.00      0.01     99.95
06時00分01秒     all      0.02      0.00      0.02      0.00      0.01     99.96
07時00分01秒     all      0.01      0.00      0.02      0.00      0.01     99.96
08時00分01秒     all      0.02      0.00      0.02      0.00      0.01     99.96
平均値:      all      0.02      0.00      0.02      0.00      0.01     99.95

-------------------- Logged in user --------------------


==================== 2018-11-14 11:55:01 ====================

-------------------- uptime --------------------
 11:55:01 up 6 days,  9:31,  0 users,  load average: 0.00, 0.01, 0.05

-------------------- System info --------------------
Linux aws-spot-t3micro 3.10.0-862.14.4.el7.x86_64 #1 SMP Wed Sep 26 15:12:11 UTC 2018 x86_64 x86_64 x86_64 GNU/Linux

-------------------- Storage usage --------------------
ファイルシス   サイズ  使用  残り 使用% マウント位置
/dev/nvme0n1p1    30G  5.0G   26G   17% /
devtmpfs         459M     0  459M    0% /dev
tmpfs            482M     0  482M    0% /dev/shm
tmpfs            482M   37M  446M    8% /run
tmpfs            482M     0  482M    0% /sys/fs/cgroup
tmpfs             97M     0   97M    0% /run/user/1002

-------------------- System load --------------------
Linux 3.10.0-862.14.4.el7.x86_64 (aws-spot-t3micro) 	2018年11月14日 	_x86_64_	(2 CPU)

00時00分01秒     CPU     %user     %nice   %system   %iowait    %steal     %idle
01時00分01秒     all      0.02      0.00      0.02      0.00      0.01     99.95
02時00分01秒     all      0.02      0.00      0.02      0.00      0.01     99.96
03時00分01秒     all      0.02      0.00      0.02      0.00      0.01     99.95
04時00分01秒     all      0.03      0.00      0.03      0.00      0.01     99.93
05時00分01秒     all      0.02      0.00      0.02      0.00      0.01     99.95
06時00分01秒     all      0.02      0.00      0.02      0.00      0.01     99.96
07時00分01秒     all      0.01      0.00      0.02      0.00      0.01     99.96
08時00分01秒     all      0.02      0.00      0.02      0.00      0.01     99.96
09時00分01秒     all      0.02      0.00      0.02      0.00      0.01     99.95
10時00分01秒     all      0.02      0.00      0.01      0.00      0.01     99.96
11時00分01秒     all      0.02      0.00      0.02      0.00      0.01     99.95
平均値:      all      0.02      0.00      0.02      0.00      0.01     99.95

-------------------- Logged in user --------------------


==================== 2018-11-14 14:55:01 ====================

-------------------- uptime --------------------
 14:55:01 up 6 days, 12:31,  0 users,  load average: 0.00, 0.01, 0.05

-------------------- System info --------------------
Linux aws-spot-t3micro 3.10.0-862.14.4.el7.x86_64 #1 SMP Wed Sep 26 15:12:11 UTC 2018 x86_64 x86_64 x86_64 GNU/Linux

-------------------- Storage usage --------------------
ファイルシス   サイズ  使用  残り 使用% マウント位置
/dev/nvme0n1p1    30G  5.0G   26G   17% /
devtmpfs         459M     0  459M    0% /dev
tmpfs            482M     0  482M    0% /dev/shm
tmpfs            482M   43M  440M    9% /run
tmpfs            482M     0  482M    0% /sys/fs/cgroup
tmpfs             97M     0   97M    0% /run/user/1002

-------------------- System load --------------------
Linux 3.10.0-862.14.4.el7.x86_64 (aws-spot-t3micro) 	2018年11月14日 	_x86_64_	(2 CPU)

00時00分01秒     CPU     %user     %nice   %system   %iowait    %steal     %idle
01時00分01秒     all      0.02      0.00      0.02      0.00      0.01     99.95
02時00分01秒     all      0.02      0.00      0.02      0.00      0.01     99.96
03時00分01秒     all      0.02      0.00      0.02      0.00      0.01     99.95
04時00分01秒     all      0.03      0.00      0.03      0.00      0.01     99.93
05時00分01秒     all      0.02      0.00      0.02      0.00      0.01     99.95
06時00分01秒     all      0.02      0.00      0.02      0.00      0.01     99.96
07時00分01秒     all      0.01      0.00      0.02      0.00      0.01     99.96
08時00分01秒     all      0.02      0.00      0.02      0.00      0.01     99.96
09時00分01秒     all      0.02      0.00      0.02      0.00      0.01     99.95
10時00分01秒     all      0.02      0.00      0.01      0.00      0.01     99.96
11時00分01秒     all      0.02      0.00      0.02      0.00      0.01     99.95
12時00分01秒     all      0.02      0.00      0.02      0.00      0.01     99.95
13時00分01秒     all      0.04      0.00      0.03      0.00      0.02     99.92
14時00分01秒     all      0.02      0.00      0.02      0.00      0.01     99.95
平均値:      all      0.02      0.00      0.02      0.00      0.01     99.95

-------------------- Logged in user --------------------


==================== 2018-11-14 17:55:01 ====================

-------------------- uptime --------------------
 17:55:01 up 6 days, 15:31,  1 user,  load average: 0.00, 0.01, 0.05

-------------------- System info --------------------
Linux aws-spot-t3micro 3.10.0-862.14.4.el7.x86_64 #1 SMP Wed Sep 26 15:12:11 UTC 2018 x86_64 x86_64 x86_64 GNU/Linux

-------------------- Storage usage --------------------
ファイルシス   サイズ  使用  残り 使用% マウント位置
/dev/nvme0n1p1    30G  5.2G   25G   18% /
devtmpfs         459M     0  459M    0% /dev
tmpfs            482M     0  482M    0% /dev/shm
tmpfs            482M   43M  440M    9% /run
tmpfs            482M     0  482M    0% /sys/fs/cgroup
tmpfs             97M     0   97M    0% /run/user/1000
tmpfs             97M     0   97M    0% /run/user/1002

-------------------- System load --------------------
Linux 3.10.0-862.14.4.el7.x86_64 (aws-spot-t3micro) 	2018年11月14日 	_x86_64_	(2 CPU)

00時00分01秒     CPU     %user     %nice   %system   %iowait    %steal     %idle
01時00分01秒     all      0.02      0.00      0.02      0.00      0.01     99.95
02時00分01秒     all      0.02      0.00      0.02      0.00      0.01     99.96
03時00分01秒     all      0.02      0.00      0.02      0.00      0.01     99.95
04時00分01秒     all      0.03      0.00      0.03      0.00      0.01     99.93
05時00分01秒     all      0.02      0.00      0.02      0.00      0.01     99.95
06時00分01秒     all      0.02      0.00      0.02      0.00      0.01     99.96
07時00分01秒     all      0.01      0.00      0.02      0.00      0.01     99.96
08時00分01秒     all      0.02      0.00      0.02      0.00      0.01     99.96
09時00分01秒     all      0.02      0.00      0.02      0.00      0.01     99.95
10時00分01秒     all      0.02      0.00      0.01      0.00      0.01     99.96
11時00分01秒     all      0.02      0.00      0.02      0.00      0.01     99.95
12時00分01秒     all      0.02      0.00      0.02      0.00      0.01     99.95
13時00分01秒     all      0.04      0.00      0.03      0.00      0.02     99.92
14時00分01秒     all      0.02      0.00      0.02      0.00      0.01     99.95
15時00分01秒     all      0.01      0.00      0.02      0.00      0.01     99.95
16時00分01秒     all      0.01      0.00      0.02      0.00      0.01     99.96
17時00分01秒     all      0.01      0.00      0.02      0.00      0.01     99.95
平均値:      all      0.02      0.00      0.02      0.00      0.01     99.95

-------------------- Logged in user --------------------
c7eec6 2018-11-14 17:35

==================== 2018-11-14 20:55:01 ====================

-------------------- uptime --------------------
 20:55:01 up 6 days, 18:31,  0 users,  load average: 0.00, 0.01, 0.05

-------------------- System info --------------------
Linux aws-spot-t3micro 3.10.0-862.14.4.el7.x86_64 #1 SMP Wed Sep 26 15:12:11 UTC 2018 x86_64 x86_64 x86_64 GNU/Linux

-------------------- Storage usage --------------------
ファイルシス   サイズ  使用  残り 使用% マウント位置
/dev/nvme0n1p1    30G  5.2G   25G   18% /
devtmpfs         459M     0  459M    0% /dev
tmpfs            482M     0  482M    0% /dev/shm
tmpfs            482M   43M  440M    9% /run
tmpfs            482M     0  482M    0% /sys/fs/cgroup
tmpfs             97M     0   97M    0% /run/user/1002

-------------------- System load --------------------
Linux 3.10.0-862.14.4.el7.x86_64 (aws-spot-t3micro) 	2018年11月14日 	_x86_64_	(2 CPU)

00時00分01秒     CPU     %user     %nice   %system   %iowait    %steal     %idle
01時00分01秒     all      0.02      0.00      0.02      0.00      0.01     99.95
02時00分01秒     all      0.02      0.00      0.02      0.00      0.01     99.96
03時00分01秒     all      0.02      0.00      0.02      0.00      0.01     99.95
04時00分01秒     all      0.03      0.00      0.03      0.00      0.01     99.93
05時00分01秒     all      0.02      0.00      0.02      0.00      0.01     99.95
06時00分01秒     all      0.02      0.00      0.02      0.00      0.01     99.96
07時00分01秒     all      0.01      0.00      0.02      0.00      0.01     99.96
08時00分01秒     all      0.02      0.00      0.02      0.00      0.01     99.96
09時00分01秒     all      0.02      0.00      0.02      0.00      0.01     99.95
10時00分01秒     all      0.02      0.00      0.01      0.00      0.01     99.96
11時00分01秒     all      0.02      0.00      0.02      0.00      0.01     99.95
12時00分01秒     all      0.02      0.00      0.02      0.00      0.01     99.95
13時00分01秒     all      0.04      0.00      0.03      0.00      0.02     99.92
14時00分01秒     all      0.02      0.00      0.02      0.00      0.01     99.95
15時00分01秒     all      0.01      0.00      0.02      0.00      0.01     99.95
16時00分01秒     all      0.01      0.00      0.02      0.00      0.01     99.96
17時00分01秒     all      0.01      0.00      0.02      0.00      0.01     99.95
18時00分01秒     all      0.67      0.00      0.08      0.10      0.03     99.11
19時00分01秒     all      0.02      0.00      0.02      0.00      0.01     99.95
20時00分01秒     all      0.02      0.00      0.02      0.00      0.01     99.96
平均値:      all      0.05      0.00      0.02      0.01      0.01     99.91

-------------------- Logged in user --------------------


