==================== 2018-11-15 02:55:01 ====================

-------------------- uptime --------------------
 02:55:01 up 7 days, 31 min,  0 users,  load average: 0.00, 0.01, 0.05

-------------------- System info --------------------
Linux aws-spot-t3micro 3.10.0-862.14.4.el7.x86_64 #1 SMP Wed Sep 26 15:12:11 UTC 2018 x86_64 x86_64 x86_64 GNU/Linux

-------------------- Storage usage --------------------
ファイルシス   サイズ  使用  残り 使用% マウント位置
/dev/nvme0n1p1    30G  5.2G   25G   18% /
devtmpfs         459M     0  459M    0% /dev
tmpfs            482M     0  482M    0% /dev/shm
tmpfs            482M   43M  440M    9% /run
tmpfs            482M     0  482M    0% /sys/fs/cgroup
tmpfs             97M     0   97M    0% /run/user/0
tmpfs             97M     0   97M    0% /run/user/1002

-------------------- System load --------------------
Linux 3.10.0-862.14.4.el7.x86_64 (aws-spot-t3micro) 	2018年11月15日 	_x86_64_	(2 CPU)

00時00分01秒     CPU     %user     %nice   %system   %iowait    %steal     %idle
01時00分01秒     all      0.02      0.00      0.02      0.00      0.01     99.95
02時00分01秒     all      0.02      0.00      0.02      0.00      0.01     99.95
平均値:      all      0.02      0.00      0.02      0.00      0.01     99.95

-------------------- Logged in user --------------------


==================== 2018-11-15 05:55:01 ====================

-------------------- uptime --------------------
 05:55:01 up 7 days,  3:31,  0 users,  load average: 0.00, 0.01, 0.05

-------------------- System info --------------------
Linux aws-spot-t3micro 3.10.0-862.14.4.el7.x86_64 #1 SMP Wed Sep 26 15:12:11 UTC 2018 x86_64 x86_64 x86_64 GNU/Linux

-------------------- Storage usage --------------------
ファイルシス   サイズ  使用  残り 使用% マウント位置
/dev/nvme0n1p1    30G  5.2G   25G   18% /
devtmpfs         459M     0  459M    0% /dev
tmpfs            482M     0  482M    0% /dev/shm
tmpfs            482M   43M  440M    9% /run
tmpfs            482M     0  482M    0% /sys/fs/cgroup
tmpfs             97M     0   97M    0% /run/user/1002

-------------------- System load --------------------
Linux 3.10.0-862.14.4.el7.x86_64 (aws-spot-t3micro) 	2018年11月15日 	_x86_64_	(2 CPU)

00時00分01秒     CPU     %user     %nice   %system   %iowait    %steal     %idle
01時00分01秒     all      0.02      0.00      0.02      0.00      0.01     99.95
02時00分01秒     all      0.02      0.00      0.02      0.00      0.01     99.95
03時00分01秒     all      0.03      0.00      0.02      0.00      0.01     99.94
04時00分01秒     all      0.02      0.00      0.02      0.00      0.01     99.95
05時00分01秒     all      0.02      0.00      0.02      0.00      0.01     99.95
平均値:      all      0.02      0.00      0.02      0.00      0.01     99.95

-------------------- Logged in user --------------------


==================== 2018-11-15 08:55:01 ====================

-------------------- uptime --------------------
 08:55:01 up 7 days,  6:31,  0 users,  load average: 0.00, 0.01, 0.05

-------------------- System info --------------------
Linux aws-spot-t3micro 3.10.0-862.14.4.el7.x86_64 #1 SMP Wed Sep 26 15:12:11 UTC 2018 x86_64 x86_64 x86_64 GNU/Linux

-------------------- Storage usage --------------------
ファイルシス   サイズ  使用  残り 使用% マウント位置
/dev/nvme0n1p1    30G  5.2G   25G   18% /
devtmpfs         459M     0  459M    0% /dev
tmpfs            482M     0  482M    0% /dev/shm
tmpfs            482M   43M  440M    9% /run
tmpfs            482M     0  482M    0% /sys/fs/cgroup
tmpfs             97M     0   97M    0% /run/user/1002

-------------------- System load --------------------
Linux 3.10.0-862.14.4.el7.x86_64 (aws-spot-t3micro) 	2018年11月15日 	_x86_64_	(2 CPU)

00時00分01秒     CPU     %user     %nice   %system   %iowait    %steal     %idle
01時00分01秒     all      0.02      0.00      0.02      0.00      0.01     99.95
02時00分01秒     all      0.02      0.00      0.02      0.00      0.01     99.95
03時00分01秒     all      0.03      0.00      0.02      0.00      0.01     99.94
04時00分01秒     all      0.02      0.00      0.02      0.00      0.01     99.95
05時00分01秒     all      0.02      0.00      0.02      0.00      0.01     99.95
06時00分01秒     all      0.02      0.00      0.02      0.00      0.01     99.95
07時00分01秒     all      0.02      0.00      0.02      0.00      0.02     99.95
08時00分01秒     all      0.02      0.00      0.02      0.00      0.01     99.96
平均値:      all      0.02      0.00      0.02      0.00      0.01     99.95

-------------------- Logged in user --------------------


==================== 2018-11-15 11:55:01 ====================

-------------------- uptime --------------------
 11:55:01 up 7 days,  9:31,  1 user,  load average: 0.00, 0.01, 0.05

-------------------- System info --------------------
Linux aws-spot-t3micro 3.10.0-862.14.4.el7.x86_64 #1 SMP Wed Sep 26 15:12:11 UTC 2018 x86_64 x86_64 x86_64 GNU/Linux

-------------------- Storage usage --------------------
ファイルシス   サイズ  使用  残り 使用% マウント位置
/dev/nvme0n1p1    30G  5.2G   25G   18% /
devtmpfs         459M     0  459M    0% /dev
tmpfs            482M     0  482M    0% /dev/shm
tmpfs            482M   43M  440M    9% /run
tmpfs            482M     0  482M    0% /sys/fs/cgroup
tmpfs             97M     0   97M    0% /run/user/1000
tmpfs             97M     0   97M    0% /run/user/1002

-------------------- System load --------------------
Linux 3.10.0-862.14.4.el7.x86_64 (aws-spot-t3micro) 	2018年11月15日 	_x86_64_	(2 CPU)

00時00分01秒     CPU     %user     %nice   %system   %iowait    %steal     %idle
01時00分01秒     all      0.02      0.00      0.02      0.00      0.01     99.95
02時00分01秒     all      0.02      0.00      0.02      0.00      0.01     99.95
03時00分01秒     all      0.03      0.00      0.02      0.00      0.01     99.94
04時00分01秒     all      0.02      0.00      0.02      0.00      0.01     99.95
05時00分01秒     all      0.02      0.00      0.02      0.00      0.01     99.95
06時00分01秒     all      0.02      0.00      0.02      0.00      0.01     99.95
07時00分01秒     all      0.02      0.00      0.02      0.00      0.02     99.95
08時00分01秒     all      0.02      0.00      0.02      0.00      0.01     99.96
09時00分01秒     all      0.02      0.00      0.02      0.00      0.01     99.95
10時00分01秒     all      0.01      0.00      0.02      0.00      0.01     99.96
11時00分01秒     all      0.02      0.00      0.02      0.00      0.01     99.96
平均値:      all      0.02      0.00      0.02      0.00      0.01     99.95

-------------------- Logged in user --------------------
ccceca 2018-11-15 10:50

==================== 2018-11-15 14:55:01 ====================

-------------------- uptime --------------------
 14:55:01 up 7 days, 12:31,  1 user,  load average: 0.00, 0.01, 0.05

-------------------- System info --------------------
Linux aws-spot-t3micro 3.10.0-862.14.4.el7.x86_64 #1 SMP Wed Sep 26 15:12:11 UTC 2018 x86_64 x86_64 x86_64 GNU/Linux

-------------------- Storage usage --------------------
ファイルシス   サイズ  使用  残り 使用% マウント位置
/dev/nvme0n1p1    30G  5.2G   25G   18% /
devtmpfs         459M     0  459M    0% /dev
tmpfs            482M     0  482M    0% /dev/shm
tmpfs            482M   43M  440M    9% /run
tmpfs            482M     0  482M    0% /sys/fs/cgroup
tmpfs             97M     0   97M    0% /run/user/1000
tmpfs             97M     0   97M    0% /run/user/1002

-------------------- System load --------------------
Linux 3.10.0-862.14.4.el7.x86_64 (aws-spot-t3micro) 	2018年11月15日 	_x86_64_	(2 CPU)

00時00分01秒     CPU     %user     %nice   %system   %iowait    %steal     %idle
01時00分01秒     all      0.02      0.00      0.02      0.00      0.01     99.95
02時00分01秒     all      0.02      0.00      0.02      0.00      0.01     99.95
03時00分01秒     all      0.03      0.00      0.02      0.00      0.01     99.94
04時00分01秒     all      0.02      0.00      0.02      0.00      0.01     99.95
05時00分01秒     all      0.02      0.00      0.02      0.00      0.01     99.95
06時00分01秒     all      0.02      0.00      0.02      0.00      0.01     99.95
07時00分01秒     all      0.02      0.00      0.02      0.00      0.02     99.95
08時00分01秒     all      0.02      0.00      0.02      0.00      0.01     99.96
09時00分01秒     all      0.02      0.00      0.02      0.00      0.01     99.95
10時00分01秒     all      0.01      0.00      0.02      0.00      0.01     99.96
11時00分01秒     all      0.02      0.00      0.02      0.00      0.01     99.96
12時00分01秒     all      0.04      0.00      0.02      0.00      0.02     99.92
13時00分01秒     all      0.04      0.00      0.02      0.00      0.02     99.92
14時00分01秒     all      0.04      0.00      0.02      0.00      0.01     99.92
平均値:      all      0.02      0.00      0.02      0.00      0.01     99.94

-------------------- Logged in user --------------------
c4c653 2018-11-15 10:50

==================== 2018-11-15 17:55:01 ====================

-------------------- uptime --------------------
 17:55:01 up 7 days, 15:31,  1 user,  load average: 0.00, 0.01, 0.05

-------------------- System info --------------------
Linux aws-spot-t3micro 3.10.0-862.14.4.el7.x86_64 #1 SMP Wed Sep 26 15:12:11 UTC 2018 x86_64 x86_64 x86_64 GNU/Linux

-------------------- Storage usage --------------------
ファイルシス   サイズ  使用  残り 使用% マウント位置
/dev/nvme0n1p1    30G  5.2G   25G   18% /
devtmpfs         459M     0  459M    0% /dev
tmpfs            482M     0  482M    0% /dev/shm
tmpfs            482M   43M  440M    9% /run
tmpfs            482M     0  482M    0% /sys/fs/cgroup
tmpfs             97M     0   97M    0% /run/user/1000
tmpfs             97M     0   97M    0% /run/user/1002

-------------------- System load --------------------
Linux 3.10.0-862.14.4.el7.x86_64 (aws-spot-t3micro) 	2018年11月15日 	_x86_64_	(2 CPU)

00時00分01秒     CPU     %user     %nice   %system   %iowait    %steal     %idle
01時00分01秒     all      0.02      0.00      0.02      0.00      0.01     99.95
02時00分01秒     all      0.02      0.00      0.02      0.00      0.01     99.95
03時00分01秒     all      0.03      0.00      0.02      0.00      0.01     99.94
04時00分01秒     all      0.02      0.00      0.02      0.00      0.01     99.95
05時00分01秒     all      0.02      0.00      0.02      0.00      0.01     99.95
06時00分01秒     all      0.02      0.00      0.02      0.00      0.01     99.95
07時00分01秒     all      0.02      0.00      0.02      0.00      0.02     99.95
08時00分01秒     all      0.02      0.00      0.02      0.00      0.01     99.96
09時00分01秒     all      0.02      0.00      0.02      0.00      0.01     99.95
10時00分01秒     all      0.01      0.00      0.02      0.00      0.01     99.96
11時00分01秒     all      0.02      0.00      0.02      0.00      0.01     99.96
12時00分01秒     all      0.04      0.00      0.02      0.00      0.02     99.92
13時00分01秒     all      0.04      0.00      0.02      0.00      0.02     99.92
14時00分01秒     all      0.04      0.00      0.02      0.00      0.01     99.92
15時00分01秒     all      0.03      0.00      0.02      0.00      0.02     99.93
16時00分01秒     all      0.03      0.00      0.02      0.00      0.02     99.94
17時00分01秒     all      0.03      0.00      0.02      0.00      0.02     99.93
平均値:      all      0.03      0.00      0.02      0.00      0.01     99.94

-------------------- Logged in user --------------------
c0c8e4 2018-11-15 10:50

==================== 2018-11-15 20:55:01 ====================

-------------------- uptime --------------------
 20:55:01 up 7 days, 18:31,  1 user,  load average: 0.00, 0.01, 0.05

-------------------- System info --------------------
Linux aws-spot-t3micro 3.10.0-862.14.4.el7.x86_64 #1 SMP Wed Sep 26 15:12:11 UTC 2018 x86_64 x86_64 x86_64 GNU/Linux

-------------------- Storage usage --------------------
ファイルシス   サイズ  使用  残り 使用% マウント位置
/dev/nvme0n1p1    30G  5.2G   25G   18% /
devtmpfs         459M     0  459M    0% /dev
tmpfs            482M     0  482M    0% /dev/shm
tmpfs            482M   43M  440M    9% /run
tmpfs            482M     0  482M    0% /sys/fs/cgroup
tmpfs             97M     0   97M    0% /run/user/1000
tmpfs             97M     0   97M    0% /run/user/1002

-------------------- System load --------------------
Linux 3.10.0-862.14.4.el7.x86_64 (aws-spot-t3micro) 	2018年11月15日 	_x86_64_	(2 CPU)

00時00分01秒     CPU     %user     %nice   %system   %iowait    %steal     %idle
01時00分01秒     all      0.02      0.00      0.02      0.00      0.01     99.95
02時00分01秒     all      0.02      0.00      0.02      0.00      0.01     99.95
03時00分01秒     all      0.03      0.00      0.02      0.00      0.01     99.94
04時00分01秒     all      0.02      0.00      0.02      0.00      0.01     99.95
05時00分01秒     all      0.02      0.00      0.02      0.00      0.01     99.95
06時00分01秒     all      0.02      0.00      0.02      0.00      0.01     99.95
07時00分01秒     all      0.02      0.00      0.02      0.00      0.02     99.95
08時00分01秒     all      0.02      0.00      0.02      0.00      0.01     99.96
09時00分01秒     all      0.02      0.00      0.02      0.00      0.01     99.95
10時00分01秒     all      0.01      0.00      0.02      0.00      0.01     99.96
11時00分01秒     all      0.02      0.00      0.02      0.00      0.01     99.96
12時00分01秒     all      0.04      0.00      0.02      0.00      0.02     99.92
13時00分01秒     all      0.04      0.00      0.02      0.00      0.02     99.92
14時00分01秒     all      0.04      0.00      0.02      0.00      0.01     99.92
15時00分01秒     all      0.03      0.00      0.02      0.00      0.02     99.93
16時00分01秒     all      0.03      0.00      0.02      0.00      0.02     99.94
17時00分01秒     all      0.03      0.00      0.02      0.00      0.02     99.93
18時00分01秒     all      0.03      0.00      0.02      0.00      0.01     99.93
19時00分01秒     all      0.03      0.00      0.02      0.00      0.01     99.94
20時00分02秒     all      0.03      0.00      0.02      0.00      0.01     99.94
平均値:      all      0.03      0.00      0.02      0.00      0.01     99.94

-------------------- Logged in user --------------------
cf9f28 2018-11-15 10:50

