==================== 2018-11-26 02:55:01 ====================

-------------------- uptime --------------------
 02:55:01 up 18 days, 31 min,  3 users,  load average: 0.00, 0.01, 0.05

-------------------- System info --------------------
Linux aws-spot-t3micro 3.10.0-862.14.4.el7.x86_64 #1 SMP Wed Sep 26 15:12:11 UTC 2018 x86_64 x86_64 x86_64 GNU/Linux

-------------------- Storage usage --------------------
ファイルシス   サイズ  使用  残り 使用% マウント位置
/dev/nvme0n1p1    30G  5.2G   25G   18% /
devtmpfs         459M     0  459M    0% /dev
tmpfs            482M     0  482M    0% /dev/shm
tmpfs            482M   55M  428M   12% /run
tmpfs            482M     0  482M    0% /sys/fs/cgroup
tmpfs             97M     0   97M    0% /run/user/1000
tmpfs             97M     0   97M    0% /run/user/1002

-------------------- System load --------------------
Linux 3.10.0-862.14.4.el7.x86_64 (aws-spot-t3micro) 	2018年11月26日 	_x86_64_	(2 CPU)

00時00分01秒     CPU     %user     %nice   %system   %iowait    %steal     %idle
01時00分01秒     all      0.03      0.00      0.02      0.00      0.01     99.93
02時00分01秒     all      0.08      0.00      0.04      0.00      0.02     99.86
平均値:      all      0.06      0.00      0.03      0.00      0.02     99.89

-------------------- Logged in user --------------------
c746fb 2018-11-25 00:18
c1394d 2018-11-25 00:24
c331e8 2018-11-26 02:02

==================== 2018-11-26 05:55:01 ====================

-------------------- uptime --------------------
 05:55:01 up 18 days,  3:31,  0 users,  load average: 0.00, 0.01, 0.05

-------------------- System info --------------------
Linux aws-spot-t3micro 3.10.0-862.14.4.el7.x86_64 #1 SMP Wed Sep 26 15:12:11 UTC 2018 x86_64 x86_64 x86_64 GNU/Linux

-------------------- Storage usage --------------------
ファイルシス   サイズ  使用  残り 使用% マウント位置
/dev/nvme0n1p1    30G  5.2G   25G   18% /
devtmpfs         459M     0  459M    0% /dev
tmpfs            482M     0  482M    0% /dev/shm
tmpfs            482M   55M  428M   12% /run
tmpfs            482M     0  482M    0% /sys/fs/cgroup
tmpfs             97M     0   97M    0% /run/user/1002

-------------------- System load --------------------
Linux 3.10.0-862.14.4.el7.x86_64 (aws-spot-t3micro) 	2018年11月26日 	_x86_64_	(2 CPU)

00時00分01秒     CPU     %user     %nice   %system   %iowait    %steal     %idle
01時00分01秒     all      0.03      0.00      0.02      0.00      0.01     99.93
02時00分01秒     all      0.08      0.00      0.04      0.00      0.02     99.86
03時00分01秒     all      0.09      0.00      0.04      0.01      0.02     99.83
04時00分01秒     all      0.04      0.00      0.03      0.00      0.01     99.92
05時00分01秒     all      0.03      0.00      0.02      0.00      0.01     99.94
平均値:      all      0.05      0.00      0.03      0.00      0.02     99.90

-------------------- Logged in user --------------------


==================== 2018-11-26 08:55:01 ====================

-------------------- uptime --------------------
 08:55:01 up 18 days,  6:31,  0 users,  load average: 0.00, 0.01, 0.05

-------------------- System info --------------------
Linux aws-spot-t3micro 3.10.0-862.14.4.el7.x86_64 #1 SMP Wed Sep 26 15:12:11 UTC 2018 x86_64 x86_64 x86_64 GNU/Linux

-------------------- Storage usage --------------------
ファイルシス   サイズ  使用  残り 使用% マウント位置
/dev/nvme0n1p1    30G  5.2G   25G   18% /
devtmpfs         459M     0  459M    0% /dev
tmpfs            482M     0  482M    0% /dev/shm
tmpfs            482M   55M  428M   12% /run
tmpfs            482M     0  482M    0% /sys/fs/cgroup
tmpfs             97M     0   97M    0% /run/user/1002

-------------------- System load --------------------
Linux 3.10.0-862.14.4.el7.x86_64 (aws-spot-t3micro) 	2018年11月26日 	_x86_64_	(2 CPU)

00時00分01秒     CPU     %user     %nice   %system   %iowait    %steal     %idle
01時00分01秒     all      0.03      0.00      0.02      0.00      0.01     99.93
02時00分01秒     all      0.08      0.00      0.04      0.00      0.02     99.86
03時00分01秒     all      0.09      0.00      0.04      0.01      0.02     99.83
04時00分01秒     all      0.04      0.00      0.03      0.00      0.01     99.92
05時00分01秒     all      0.03      0.00      0.02      0.00      0.01     99.94
06時00分01秒     all      0.22      0.00      0.04      0.00      0.02     99.73
07時00分01秒     all      0.26      0.00      0.04      0.00      0.04     99.66
08時00分01秒     all      0.04      0.00      0.02      0.00      0.01     99.93
平均値:      all      0.10      0.00      0.03      0.00      0.02     99.85

-------------------- Logged in user --------------------


==================== 2018-11-26 11:55:01 ====================

-------------------- uptime --------------------
 11:55:01 up 18 days,  9:31,  1 user,  load average: 0.00, 0.01, 0.05

-------------------- System info --------------------
Linux aws-spot-t3micro 3.10.0-862.14.4.el7.x86_64 #1 SMP Wed Sep 26 15:12:11 UTC 2018 x86_64 x86_64 x86_64 GNU/Linux

-------------------- Storage usage --------------------
ファイルシス   サイズ  使用  残り 使用% マウント位置
/dev/nvme0n1p1    30G  5.2G   25G   18% /
devtmpfs         459M     0  459M    0% /dev
tmpfs            482M     0  482M    0% /dev/shm
tmpfs            482M   55M  428M   12% /run
tmpfs            482M     0  482M    0% /sys/fs/cgroup
tmpfs             97M     0   97M    0% /run/user/1000
tmpfs             97M     0   97M    0% /run/user/1002

-------------------- System load --------------------
Linux 3.10.0-862.14.4.el7.x86_64 (aws-spot-t3micro) 	2018年11月26日 	_x86_64_	(2 CPU)

00時00分01秒     CPU     %user     %nice   %system   %iowait    %steal     %idle
01時00分01秒     all      0.03      0.00      0.02      0.00      0.01     99.93
02時00分01秒     all      0.08      0.00      0.04      0.00      0.02     99.86
03時00分01秒     all      0.09      0.00      0.04      0.01      0.02     99.83
04時00分01秒     all      0.04      0.00      0.03      0.00      0.01     99.92
05時00分01秒     all      0.03      0.00      0.02      0.00      0.01     99.94
06時00分01秒     all      0.22      0.00      0.04      0.00      0.02     99.73
07時00分01秒     all      0.26      0.00      0.04      0.00      0.04     99.66
08時00分01秒     all      0.04      0.00      0.02      0.00      0.01     99.93
09時00分01秒     all      0.03      0.00      0.02      0.00      0.01     99.93
10時00分01秒     all      0.04      0.00      0.02      0.00      0.01     99.92
11時00分01秒     all      0.03      0.00      0.02      0.00      0.01     99.93
平均値:      all      0.08      0.00      0.03      0.00      0.02     99.87

-------------------- Logged in user --------------------
ce14e1 2018-11-26 09:57

==================== 2018-11-26 14:55:01 ====================

-------------------- uptime --------------------
 14:55:01 up 18 days, 12:31,  1 user,  load average: 0.00, 0.01, 0.05

-------------------- System info --------------------
Linux aws-spot-t3micro 3.10.0-862.14.4.el7.x86_64 #1 SMP Wed Sep 26 15:12:11 UTC 2018 x86_64 x86_64 x86_64 GNU/Linux

-------------------- Storage usage --------------------
ファイルシス   サイズ  使用  残り 使用% マウント位置
/dev/nvme0n1p1    30G  5.2G   25G   18% /
devtmpfs         459M     0  459M    0% /dev
tmpfs            482M     0  482M    0% /dev/shm
tmpfs            482M   55M  428M   12% /run
tmpfs            482M     0  482M    0% /sys/fs/cgroup
tmpfs             97M     0   97M    0% /run/user/1000
tmpfs             97M     0   97M    0% /run/user/1002

-------------------- System load --------------------
Linux 3.10.0-862.14.4.el7.x86_64 (aws-spot-t3micro) 	2018年11月26日 	_x86_64_	(2 CPU)

00時00分01秒     CPU     %user     %nice   %system   %iowait    %steal     %idle
01時00分01秒     all      0.03      0.00      0.02      0.00      0.01     99.93
02時00分01秒     all      0.08      0.00      0.04      0.00      0.02     99.86
03時00分01秒     all      0.09      0.00      0.04      0.01      0.02     99.83
04時00分01秒     all      0.04      0.00      0.03      0.00      0.01     99.92
05時00分01秒     all      0.03      0.00      0.02      0.00      0.01     99.94
06時00分01秒     all      0.22      0.00      0.04      0.00      0.02     99.73
07時00分01秒     all      0.26      0.00      0.04      0.00      0.04     99.66
08時00分01秒     all      0.04      0.00      0.02      0.00      0.01     99.93
09時00分01秒     all      0.03      0.00      0.02      0.00      0.01     99.93
10時00分01秒     all      0.04      0.00      0.02      0.00      0.01     99.92
11時00分01秒     all      0.03      0.00      0.02      0.00      0.01     99.93
12時00分01秒     all      0.04      0.00      0.03      0.00      0.02     99.91
13時00分01秒     all      0.03      0.00      0.02      0.00      0.01     99.94
14時00分01秒     all      0.04      0.00      0.02      0.00      0.01     99.92
平均値:      all      0.07      0.00      0.03      0.00      0.02     99.88

-------------------- Logged in user --------------------
ca1c9e 2018-11-26 09:57

==================== 2018-11-26 17:55:01 ====================

-------------------- uptime --------------------
 17:55:01 up 18 days, 15:31,  1 user,  load average: 0.00, 0.01, 0.05

-------------------- System info --------------------
Linux aws-spot-t3micro 3.10.0-862.14.4.el7.x86_64 #1 SMP Wed Sep 26 15:12:11 UTC 2018 x86_64 x86_64 x86_64 GNU/Linux

-------------------- Storage usage --------------------
ファイルシス   サイズ  使用  残り 使用% マウント位置
/dev/nvme0n1p1    30G  5.2G   25G   18% /
devtmpfs         459M     0  459M    0% /dev
tmpfs            482M     0  482M    0% /dev/shm
tmpfs            482M   55M  428M   12% /run
tmpfs            482M     0  482M    0% /sys/fs/cgroup
tmpfs             97M     0   97M    0% /run/user/1000
tmpfs             97M     0   97M    0% /run/user/1002

-------------------- System load --------------------
Linux 3.10.0-862.14.4.el7.x86_64 (aws-spot-t3micro) 	2018年11月26日 	_x86_64_	(2 CPU)

00時00分01秒     CPU     %user     %nice   %system   %iowait    %steal     %idle
01時00分01秒     all      0.03      0.00      0.02      0.00      0.01     99.93
02時00分01秒     all      0.08      0.00      0.04      0.00      0.02     99.86
03時00分01秒     all      0.09      0.00      0.04      0.01      0.02     99.83
04時00分01秒     all      0.04      0.00      0.03      0.00      0.01     99.92
05時00分01秒     all      0.03      0.00      0.02      0.00      0.01     99.94
06時00分01秒     all      0.22      0.00      0.04      0.00      0.02     99.73
07時00分01秒     all      0.26      0.00      0.04      0.00      0.04     99.66
08時00分01秒     all      0.04      0.00      0.02      0.00      0.01     99.93
09時00分01秒     all      0.03      0.00      0.02      0.00      0.01     99.93
10時00分01秒     all      0.04      0.00      0.02      0.00      0.01     99.92
11時00分01秒     all      0.03      0.00      0.02      0.00      0.01     99.93
12時00分01秒     all      0.04      0.00      0.03      0.00      0.02     99.91
13時00分01秒     all      0.03      0.00      0.02      0.00      0.01     99.94
14時00分01秒     all      0.04      0.00      0.02      0.00      0.01     99.92
15時00分01秒     all      0.03      0.00      0.02      0.00      0.01     99.93
16時00分01秒     all      0.07      0.00      0.04      0.00      0.02     99.86
17時00分01秒     all      0.05      0.00      0.03      0.00      0.02     99.89
平均値:      all      0.07      0.00      0.03      0.00      0.02     99.88

-------------------- Logged in user --------------------
c57d98 2018-11-26 09:57

==================== 2018-11-26 20:55:01 ====================

-------------------- uptime --------------------
 20:55:01 up 18 days, 18:31,  1 user,  load average: 0.00, 0.01, 0.05

-------------------- System info --------------------
Linux aws-spot-t3micro 3.10.0-862.14.4.el7.x86_64 #1 SMP Wed Sep 26 15:12:11 UTC 2018 x86_64 x86_64 x86_64 GNU/Linux

-------------------- Storage usage --------------------
ファイルシス   サイズ  使用  残り 使用% マウント位置
/dev/nvme0n1p1    30G  5.2G   25G   18% /
devtmpfs         459M     0  459M    0% /dev
tmpfs            482M     0  482M    0% /dev/shm
tmpfs            482M   55M  428M   12% /run
tmpfs            482M     0  482M    0% /sys/fs/cgroup
tmpfs             97M     0   97M    0% /run/user/1000
tmpfs             97M     0   97M    0% /run/user/1002

-------------------- System load --------------------
Linux 3.10.0-862.14.4.el7.x86_64 (aws-spot-t3micro) 	2018年11月26日 	_x86_64_	(2 CPU)

00時00分01秒     CPU     %user     %nice   %system   %iowait    %steal     %idle
01時00分01秒     all      0.03      0.00      0.02      0.00      0.01     99.93
02時00分01秒     all      0.08      0.00      0.04      0.00      0.02     99.86
03時00分01秒     all      0.09      0.00      0.04      0.01      0.02     99.83
04時00分01秒     all      0.04      0.00      0.03      0.00      0.01     99.92
05時00分01秒     all      0.03      0.00      0.02      0.00      0.01     99.94
06時00分01秒     all      0.22      0.00      0.04      0.00      0.02     99.73
07時00分01秒     all      0.26      0.00      0.04      0.00      0.04     99.66
08時00分01秒     all      0.04      0.00      0.02      0.00      0.01     99.93
09時00分01秒     all      0.03      0.00      0.02      0.00      0.01     99.93
10時00分01秒     all      0.04      0.00      0.02      0.00      0.01     99.92
11時00分01秒     all      0.03      0.00      0.02      0.00      0.01     99.93
12時00分01秒     all      0.04      0.00      0.03      0.00      0.02     99.91
13時00分01秒     all      0.03      0.00      0.02      0.00      0.01     99.94
14時00分01秒     all      0.04      0.00      0.02      0.00      0.01     99.92
15時00分01秒     all      0.03      0.00      0.02      0.00      0.01     99.93
16時00分01秒     all      0.07      0.00      0.04      0.00      0.02     99.86
17時00分01秒     all      0.05      0.00      0.03      0.00      0.02     99.89
18時00分01秒     all      0.05      0.00      0.03      0.00      0.02     99.90
19時00分01秒     all      0.06      0.00      0.03      0.00      0.02     99.89
20時00分01秒     all      0.06      0.00      0.03      0.00      0.02     99.88
平均値:      all      0.07      0.00      0.03      0.00      0.02     99.89

-------------------- Logged in user --------------------
c668d4 2018-11-26 09:57

==================== 2018-11-26 23:55:01 ====================

-------------------- uptime --------------------
 23:55:01 up 18 days, 21:31,  1 user,  load average: 0.00, 0.01, 0.05

-------------------- System info --------------------
Linux aws-spot-t3micro 3.10.0-862.14.4.el7.x86_64 #1 SMP Wed Sep 26 15:12:11 UTC 2018 x86_64 x86_64 x86_64 GNU/Linux

-------------------- Storage usage --------------------
ファイルシス   サイズ  使用  残り 使用% マウント位置
/dev/nvme0n1p1    30G  5.2G   25G   18% /
devtmpfs         459M     0  459M    0% /dev
tmpfs            482M     0  482M    0% /dev/shm
tmpfs            482M   55M  428M   12% /run
tmpfs            482M     0  482M    0% /sys/fs/cgroup
tmpfs             97M     0   97M    0% /run/user/1000
tmpfs             97M     0   97M    0% /run/user/1002

-------------------- System load --------------------
Linux 3.10.0-862.14.4.el7.x86_64 (aws-spot-t3micro) 	2018年11月26日 	_x86_64_	(2 CPU)

00時00分01秒     CPU     %user     %nice   %system   %iowait    %steal     %idle
01時00分01秒     all      0.03      0.00      0.02      0.00      0.01     99.93
02時00分01秒     all      0.08      0.00      0.04      0.00      0.02     99.86
03時00分01秒     all      0.09      0.00      0.04      0.01      0.02     99.83
04時00分01秒     all      0.04      0.00      0.03      0.00      0.01     99.92
05時00分01秒     all      0.03      0.00      0.02      0.00      0.01     99.94
06時00分01秒     all      0.22      0.00      0.04      0.00      0.02     99.73
07時00分01秒     all      0.26      0.00      0.04      0.00      0.04     99.66
08時00分01秒     all      0.04      0.00      0.02      0.00      0.01     99.93
09時00分01秒     all      0.03      0.00      0.02      0.00      0.01     99.93
10時00分01秒     all      0.04      0.00      0.02      0.00      0.01     99.92
11時00分01秒     all      0.03      0.00      0.02      0.00      0.01     99.93
12時00分01秒     all      0.04      0.00      0.03      0.00      0.02     99.91
13時00分01秒     all      0.03      0.00      0.02      0.00      0.01     99.94
14時00分01秒     all      0.04      0.00      0.02      0.00      0.01     99.92
15時00分01秒     all      0.03      0.00      0.02      0.00      0.01     99.93
16時00分01秒     all      0.07      0.00      0.04      0.00      0.02     99.86
17時00分01秒     all      0.05      0.00      0.03      0.00      0.02     99.89
18時00分01秒     all      0.05      0.00      0.03      0.00      0.02     99.90
19時00分01秒     all      0.06      0.00      0.03      0.00      0.02     99.89
20時00分01秒     all      0.06      0.00      0.03      0.00      0.02     99.88
21時00分01秒     all      0.06      0.00      0.03      0.00      0.02     99.89
22時00分01秒     all      0.04      0.00      0.03      0.00      0.02     99.92
23時00分01秒     all      0.03      0.00      0.02      0.00      0.01     99.93
平均値:      all      0.06      0.00      0.03      0.00      0.02     99.89

-------------------- Logged in user --------------------
c5f8c9 2018-11-26 09:57

