==================== 2018-11-27 02:55:01 ====================

-------------------- uptime --------------------
 02:55:01 up 19 days, 31 min,  1 user,  load average: 0.00, 0.01, 0.05

-------------------- System info --------------------
Linux aws-spot-t3micro 3.10.0-862.14.4.el7.x86_64 #1 SMP Wed Sep 26 15:12:11 UTC 2018 x86_64 x86_64 x86_64 GNU/Linux

-------------------- Storage usage --------------------
ファイルシス   サイズ  使用  残り 使用% マウント位置
/dev/nvme0n1p1    30G  5.2G   25G   18% /
devtmpfs         459M     0  459M    0% /dev
tmpfs            482M     0  482M    0% /dev/shm
tmpfs            482M   55M  428M   12% /run
tmpfs            482M     0  482M    0% /sys/fs/cgroup
tmpfs             97M     0   97M    0% /run/user/1000
tmpfs             97M     0   97M    0% /run/user/1002

-------------------- System load --------------------
Linux 3.10.0-862.14.4.el7.x86_64 (aws-spot-t3micro) 	2018年11月27日 	_x86_64_	(2 CPU)

00時00分01秒     CPU     %user     %nice   %system   %iowait    %steal     %idle
01時00分01秒     all      0.03      0.00      0.02      0.00      0.01     99.93
02時00分01秒     all      0.03      0.00      0.02      0.00      0.02     99.93
平均値:      all      0.03      0.00      0.02      0.00      0.02     99.93

-------------------- Logged in user --------------------
c07a7f 2018-11-26 09:57

