==================== 2018-11-29 02:55:01 ====================

-------------------- uptime --------------------
 02:55:01 up 21 days, 31 min,  2 users,  load average: 0.00, 0.01, 0.05

-------------------- System info --------------------
Linux aws-spot-t3micro 3.10.0-862.14.4.el7.x86_64 #1 SMP Wed Sep 26 15:12:11 UTC 2018 x86_64 x86_64 x86_64 GNU/Linux

-------------------- Storage usage --------------------
ファイルシス   サイズ  使用  残り 使用% マウント位置
/dev/nvme0n1p1    30G  5.2G   25G   18% /
devtmpfs         459M     0  459M    0% /dev
tmpfs            482M     0  482M    0% /dev/shm
tmpfs            482M   55M  428M   12% /run
tmpfs            482M     0  482M    0% /sys/fs/cgroup
tmpfs             97M     0   97M    0% /run/user/1000
tmpfs             97M     0   97M    0% /run/user/1002

-------------------- System load --------------------
Linux 3.10.0-862.14.4.el7.x86_64 (aws-spot-t3micro) 	2018年11月29日 	_x86_64_	(2 CPU)

00時00分01秒     CPU     %user     %nice   %system   %iowait    %steal     %idle
01時00分01秒     all      0.05      0.00      0.03      0.00      0.02     99.90
02時00分01秒     all      0.09      0.00      0.05      0.00      0.02     99.83
平均値:      all      0.07      0.00      0.04      0.00      0.02     99.86

-------------------- Logged in user --------------------
cff113 2018-11-28 10:34
cceff9 2018-11-29 01:30

==================== 2018-11-29 05:55:01 ====================

-------------------- uptime --------------------
 05:55:01 up 21 days,  3:31,  1 user,  load average: 0.00, 0.01, 0.05

-------------------- System info --------------------
Linux aws-spot-t3micro 3.10.0-862.14.4.el7.x86_64 #1 SMP Wed Sep 26 15:12:11 UTC 2018 x86_64 x86_64 x86_64 GNU/Linux

-------------------- Storage usage --------------------
ファイルシス   サイズ  使用  残り 使用% マウント位置
/dev/nvme0n1p1    30G  5.2G   25G   18% /
devtmpfs         459M     0  459M    0% /dev
tmpfs            482M     0  482M    0% /dev/shm
tmpfs            482M   55M  428M   12% /run
tmpfs            482M     0  482M    0% /sys/fs/cgroup
tmpfs             97M     0   97M    0% /run/user/1000
tmpfs             97M     0   97M    0% /run/user/1002

-------------------- System load --------------------
Linux 3.10.0-862.14.4.el7.x86_64 (aws-spot-t3micro) 	2018年11月29日 	_x86_64_	(2 CPU)

00時00分01秒     CPU     %user     %nice   %system   %iowait    %steal     %idle
01時00分01秒     all      0.05      0.00      0.03      0.00      0.02     99.90
02時00分01秒     all      0.09      0.00      0.05      0.00      0.02     99.83
03時00分01秒     all      0.08      0.00      0.05      0.01      0.03     99.84
04時00分01秒     all      0.07      0.00      0.04      0.01      0.03     99.85
05時00分01秒     all      0.03      0.00      0.02      0.00      0.02     99.93
平均値:      all      0.06      0.00      0.04      0.00      0.02     99.87

-------------------- Logged in user --------------------
c33bf3 2018-11-28 10:34

==================== 2018-11-29 08:55:01 ====================

-------------------- uptime --------------------
 08:55:01 up 21 days,  6:31,  1 user,  load average: 0.00, 0.01, 0.05

-------------------- System info --------------------
Linux aws-spot-t3micro 3.10.0-862.14.4.el7.x86_64 #1 SMP Wed Sep 26 15:12:11 UTC 2018 x86_64 x86_64 x86_64 GNU/Linux

-------------------- Storage usage --------------------
ファイルシス   サイズ  使用  残り 使用% マウント位置
/dev/nvme0n1p1    30G  5.2G   25G   18% /
devtmpfs         459M     0  459M    0% /dev
tmpfs            482M     0  482M    0% /dev/shm
tmpfs            482M   55M  428M   12% /run
tmpfs            482M     0  482M    0% /sys/fs/cgroup
tmpfs             97M     0   97M    0% /run/user/1000
tmpfs             97M     0   97M    0% /run/user/1002

-------------------- System load --------------------
Linux 3.10.0-862.14.4.el7.x86_64 (aws-spot-t3micro) 	2018年11月29日 	_x86_64_	(2 CPU)

00時00分01秒     CPU     %user     %nice   %system   %iowait    %steal     %idle
01時00分01秒     all      0.05      0.00      0.03      0.00      0.02     99.90
02時00分01秒     all      0.09      0.00      0.05      0.00      0.02     99.83
03時00分01秒     all      0.08      0.00      0.05      0.01      0.03     99.84
04時00分01秒     all      0.07      0.00      0.04      0.01      0.03     99.85
05時00分01秒     all      0.03      0.00      0.02      0.00      0.02     99.93
06時00分01秒     all      0.03      0.00      0.03      0.00      0.02     99.92
07時00分01秒     all      0.03      0.00      0.02      0.00      0.02     99.93
08時00分01秒     all      0.03      0.00      0.02      0.00      0.02     99.93
平均値:      all      0.05      0.00      0.03      0.00      0.02     99.89

-------------------- Logged in user --------------------
ccb818 2018-11-28 10:34

==================== 2018-11-29 11:55:01 ====================

-------------------- uptime --------------------
 11:55:01 up 21 days,  9:31,  1 user,  load average: 0.00, 0.01, 0.05

-------------------- System info --------------------
Linux aws-spot-t3micro 3.10.0-862.14.4.el7.x86_64 #1 SMP Wed Sep 26 15:12:11 UTC 2018 x86_64 x86_64 x86_64 GNU/Linux

-------------------- Storage usage --------------------
ファイルシス   サイズ  使用  残り 使用% マウント位置
/dev/nvme0n1p1    30G  5.2G   25G   18% /
devtmpfs         459M     0  459M    0% /dev
tmpfs            482M     0  482M    0% /dev/shm
tmpfs            482M   55M  428M   12% /run
tmpfs            482M     0  482M    0% /sys/fs/cgroup
tmpfs             97M     0   97M    0% /run/user/1000
tmpfs             97M     0   97M    0% /run/user/1002

-------------------- System load --------------------
Linux 3.10.0-862.14.4.el7.x86_64 (aws-spot-t3micro) 	2018年11月29日 	_x86_64_	(2 CPU)

00時00分01秒     CPU     %user     %nice   %system   %iowait    %steal     %idle
01時00分01秒     all      0.05      0.00      0.03      0.00      0.02     99.90
02時00分01秒     all      0.09      0.00      0.05      0.00      0.02     99.83
03時00分01秒     all      0.08      0.00      0.05      0.01      0.03     99.84
04時00分01秒     all      0.07      0.00      0.04      0.01      0.03     99.85
05時00分01秒     all      0.03      0.00      0.02      0.00      0.02     99.93
06時00分01秒     all      0.03      0.00      0.03      0.00      0.02     99.92
07時00分01秒     all      0.03      0.00      0.02      0.00      0.02     99.93
08時00分01秒     all      0.03      0.00      0.02      0.00      0.02     99.93
09時00分01秒     all      0.05      0.00      0.02      0.00      0.02     99.90
10時00分01秒     all      0.03      0.00      0.02      0.00      0.02     99.92
11時00分01秒     all      0.05      0.00      0.03      0.01      0.03     99.89
平均値:      all      0.05      0.00      0.03      0.00      0.02     99.89

-------------------- Logged in user --------------------
c4c41a 2018-11-28 10:34

==================== 2018-11-29 14:55:01 ====================

-------------------- uptime --------------------
 14:55:01 up 21 days, 12:31,  1 user,  load average: 0.00, 0.01, 0.05

-------------------- System info --------------------
Linux aws-spot-t3micro 3.10.0-862.14.4.el7.x86_64 #1 SMP Wed Sep 26 15:12:11 UTC 2018 x86_64 x86_64 x86_64 GNU/Linux

-------------------- Storage usage --------------------
ファイルシス   サイズ  使用  残り 使用% マウント位置
/dev/nvme0n1p1    30G  5.2G   25G   18% /
devtmpfs         459M     0  459M    0% /dev
tmpfs            482M     0  482M    0% /dev/shm
tmpfs            482M   55M  428M   12% /run
tmpfs            482M     0  482M    0% /sys/fs/cgroup
tmpfs             97M     0   97M    0% /run/user/1000
tmpfs             97M     0   97M    0% /run/user/1002

-------------------- System load --------------------
Linux 3.10.0-862.14.4.el7.x86_64 (aws-spot-t3micro) 	2018年11月29日 	_x86_64_	(2 CPU)

00時00分01秒     CPU     %user     %nice   %system   %iowait    %steal     %idle
01時00分01秒     all      0.05      0.00      0.03      0.00      0.02     99.90
02時00分01秒     all      0.09      0.00      0.05      0.00      0.02     99.83
03時00分01秒     all      0.08      0.00      0.05      0.01      0.03     99.84
04時00分01秒     all      0.07      0.00      0.04      0.01      0.03     99.85
05時00分01秒     all      0.03      0.00      0.02      0.00      0.02     99.93
06時00分01秒     all      0.03      0.00      0.03      0.00      0.02     99.92
07時00分01秒     all      0.03      0.00      0.02      0.00      0.02     99.93
08時00分01秒     all      0.03      0.00      0.02      0.00      0.02     99.93
09時00分01秒     all      0.05      0.00      0.02      0.00      0.02     99.90
10時00分01秒     all      0.03      0.00      0.02      0.00      0.02     99.92
11時00分01秒     all      0.05      0.00      0.03      0.01      0.03     99.89
12時00分01秒     all      0.04      0.00      0.02      0.00      0.02     99.92
13時00分01秒     all      0.04      0.00      0.02      0.00      0.02     99.92
14時00分02秒     all      0.03      0.00      0.02      0.00      0.03     99.92
平均値:      all      0.05      0.00      0.03      0.00      0.02     99.90

-------------------- Logged in user --------------------
c67abc 2018-11-28 10:34

==================== 2018-11-29 17:55:01 ====================

-------------------- uptime --------------------
 17:55:01 up 21 days, 15:31,  1 user,  load average: 0.00, 0.01, 0.05

-------------------- System info --------------------
Linux aws-spot-t3micro 3.10.0-862.14.4.el7.x86_64 #1 SMP Wed Sep 26 15:12:11 UTC 2018 x86_64 x86_64 x86_64 GNU/Linux

-------------------- Storage usage --------------------
ファイルシス   サイズ  使用  残り 使用% マウント位置
/dev/nvme0n1p1    30G  5.2G   25G   18% /
devtmpfs         459M     0  459M    0% /dev
tmpfs            482M     0  482M    0% /dev/shm
tmpfs            482M   55M  428M   12% /run
tmpfs            482M     0  482M    0% /sys/fs/cgroup
tmpfs             97M     0   97M    0% /run/user/1000
tmpfs             97M     0   97M    0% /run/user/1002

-------------------- System load --------------------
Linux 3.10.0-862.14.4.el7.x86_64 (aws-spot-t3micro) 	2018年11月29日 	_x86_64_	(2 CPU)

00時00分01秒     CPU     %user     %nice   %system   %iowait    %steal     %idle
01時00分01秒     all      0.05      0.00      0.03      0.00      0.02     99.90
02時00分01秒     all      0.09      0.00      0.05      0.00      0.02     99.83
03時00分01秒     all      0.08      0.00      0.05      0.01      0.03     99.84
04時00分01秒     all      0.07      0.00      0.04      0.01      0.03     99.85
05時00分01秒     all      0.03      0.00      0.02      0.00      0.02     99.93
06時00分01秒     all      0.03      0.00      0.03      0.00      0.02     99.92
07時00分01秒     all      0.03      0.00      0.02      0.00      0.02     99.93
08時00分01秒     all      0.03      0.00      0.02      0.00      0.02     99.93
09時00分01秒     all      0.05      0.00      0.02      0.00      0.02     99.90
10時00分01秒     all      0.03      0.00      0.02      0.00      0.02     99.92
11時00分01秒     all      0.05      0.00      0.03      0.01      0.03     99.89
12時00分01秒     all      0.04      0.00      0.02      0.00      0.02     99.92
13時00分01秒     all      0.04      0.00      0.02      0.00      0.02     99.92
14時00分02秒     all      0.03      0.00      0.02      0.00      0.03     99.92
15時00分01秒     all      0.03      0.00      0.02      0.00      0.03     99.91
16時00分01秒     all      0.04      0.00      0.02      0.00      0.03     99.91
17時00分01秒     all      0.03      0.00      0.02      0.00      0.02     99.92
平均値:      all      0.04      0.00      0.03      0.00      0.02     99.90

-------------------- Logged in user --------------------
cc6d12 2018-11-28 10:34

