==================== 2018-12-01 02:55:01 ====================

-------------------- uptime --------------------
 02:55:01 up 23 days, 31 min,  1 user,  load average: 0.00, 0.01, 0.05

-------------------- System info --------------------
Linux aws-spot-t3micro 3.10.0-862.14.4.el7.x86_64 #1 SMP Wed Sep 26 15:12:11 UTC 2018 x86_64 x86_64 x86_64 GNU/Linux

-------------------- Storage usage --------------------
ファイルシス   サイズ  使用  残り 使用% マウント位置
/dev/nvme0n1p1    30G  5.2G   25G   18% /
devtmpfs         459M     0  459M    0% /dev
tmpfs            482M     0  482M    0% /dev/shm
tmpfs            482M   55M  428M   12% /run
tmpfs            482M     0  482M    0% /sys/fs/cgroup
tmpfs             97M     0   97M    0% /run/user/1000
tmpfs             97M     0   97M    0% /run/user/1002

-------------------- System load --------------------
Linux 3.10.0-862.14.4.el7.x86_64 (aws-spot-t3micro) 	2018年12月01日 	_x86_64_	(2 CPU)

00時00分01秒     CPU     %user     %nice   %system   %iowait    %steal     %idle
01時00分01秒     all      0.03      0.00      0.02      0.00      0.02     99.93
02時00分01秒     all      0.05      0.00      0.03      0.00      0.02     99.89
平均値:      all      0.04      0.00      0.03      0.00      0.02     99.91

-------------------- Logged in user --------------------
cba93b 2018-11-28 10:34

==================== 2018-12-01 05:55:01 ====================

-------------------- uptime --------------------
 05:55:01 up 23 days,  3:31,  1 user,  load average: 0.00, 0.01, 0.05

-------------------- System info --------------------
Linux aws-spot-t3micro 3.10.0-862.14.4.el7.x86_64 #1 SMP Wed Sep 26 15:12:11 UTC 2018 x86_64 x86_64 x86_64 GNU/Linux

-------------------- Storage usage --------------------
ファイルシス   サイズ  使用  残り 使用% マウント位置
/dev/nvme0n1p1    30G  5.2G   25G   18% /
devtmpfs         459M     0  459M    0% /dev
tmpfs            482M     0  482M    0% /dev/shm
tmpfs            482M   55M  428M   12% /run
tmpfs            482M     0  482M    0% /sys/fs/cgroup
tmpfs             97M     0   97M    0% /run/user/1000
tmpfs             97M     0   97M    0% /run/user/1002

-------------------- System load --------------------
Linux 3.10.0-862.14.4.el7.x86_64 (aws-spot-t3micro) 	2018年12月01日 	_x86_64_	(2 CPU)

00時00分01秒     CPU     %user     %nice   %system   %iowait    %steal     %idle
01時00分01秒     all      0.03      0.00      0.02      0.00      0.02     99.93
02時00分01秒     all      0.05      0.00      0.03      0.00      0.02     99.89
03時00分02秒     all      0.03      0.00      0.02      0.00      0.02     99.93
04時00分01秒     all      0.02      0.00      0.02      0.00      0.02     99.94
05時00分01秒     all      0.03      0.00      0.02      0.00      0.02     99.93
平均値:      all      0.03      0.00      0.02      0.00      0.02     99.93

-------------------- Logged in user --------------------
c43815 2018-11-28 10:34

==================== 2018-12-01 08:55:01 ====================

-------------------- uptime --------------------
 08:55:01 up 23 days,  6:31,  1 user,  load average: 0.00, 0.01, 0.05

-------------------- System info --------------------
Linux aws-spot-t3micro 3.10.0-862.14.4.el7.x86_64 #1 SMP Wed Sep 26 15:12:11 UTC 2018 x86_64 x86_64 x86_64 GNU/Linux

-------------------- Storage usage --------------------
ファイルシス   サイズ  使用  残り 使用% マウント位置
/dev/nvme0n1p1    30G  5.2G   25G   18% /
devtmpfs         459M     0  459M    0% /dev
tmpfs            482M     0  482M    0% /dev/shm
tmpfs            482M   55M  428M   12% /run
tmpfs            482M     0  482M    0% /sys/fs/cgroup
tmpfs             97M     0   97M    0% /run/user/1000
tmpfs             97M     0   97M    0% /run/user/1002

-------------------- System load --------------------
Linux 3.10.0-862.14.4.el7.x86_64 (aws-spot-t3micro) 	2018年12月01日 	_x86_64_	(2 CPU)

00時00分01秒     CPU     %user     %nice   %system   %iowait    %steal     %idle
01時00分01秒     all      0.03      0.00      0.02      0.00      0.02     99.93
02時00分01秒     all      0.05      0.00      0.03      0.00      0.02     99.89
03時00分02秒     all      0.03      0.00      0.02      0.00      0.02     99.93
04時00分01秒     all      0.02      0.00      0.02      0.00      0.02     99.94
05時00分01秒     all      0.03      0.00      0.02      0.00      0.02     99.93
06時00分01秒     all      0.03      0.00      0.02      0.00      0.02     99.93
07時00分01秒     all      0.03      0.00      0.02      0.00      0.02     99.93
08時00分01秒     all      0.03      0.00      0.02      0.00      0.02     99.92
平均値:      all      0.03      0.00      0.02      0.00      0.02     99.93

-------------------- Logged in user --------------------
c5b040 2018-11-28 10:34

==================== 2018-12-01 11:55:01 ====================

-------------------- uptime --------------------
 11:55:01 up 23 days,  9:31,  1 user,  load average: 0.00, 0.01, 0.05

-------------------- System info --------------------
Linux aws-spot-t3micro 3.10.0-862.14.4.el7.x86_64 #1 SMP Wed Sep 26 15:12:11 UTC 2018 x86_64 x86_64 x86_64 GNU/Linux

-------------------- Storage usage --------------------
ファイルシス   サイズ  使用  残り 使用% マウント位置
/dev/nvme0n1p1    30G  5.2G   25G   18% /
devtmpfs         459M     0  459M    0% /dev
tmpfs            482M     0  482M    0% /dev/shm
tmpfs            482M   55M  428M   12% /run
tmpfs            482M     0  482M    0% /sys/fs/cgroup
tmpfs             97M     0   97M    0% /run/user/1000
tmpfs             97M     0   97M    0% /run/user/1002

-------------------- System load --------------------
Linux 3.10.0-862.14.4.el7.x86_64 (aws-spot-t3micro) 	2018年12月01日 	_x86_64_	(2 CPU)

00時00分01秒     CPU     %user     %nice   %system   %iowait    %steal     %idle
01時00分01秒     all      0.03      0.00      0.02      0.00      0.02     99.93
02時00分01秒     all      0.05      0.00      0.03      0.00      0.02     99.89
03時00分02秒     all      0.03      0.00      0.02      0.00      0.02     99.93
04時00分01秒     all      0.02      0.00      0.02      0.00      0.02     99.94
05時00分01秒     all      0.03      0.00      0.02      0.00      0.02     99.93
06時00分01秒     all      0.03      0.00      0.02      0.00      0.02     99.93
07時00分01秒     all      0.03      0.00      0.02      0.00      0.02     99.93
08時00分01秒     all      0.03      0.00      0.02      0.00      0.02     99.92
09時00分01秒     all      0.04      0.00      0.02      0.00      0.02     99.92
10時00分01秒     all      0.03      0.00      0.02      0.00      0.02     99.93
11時00分01秒     all      0.03      0.00      0.03      0.00      0.02     99.92
平均値:      all      0.03      0.00      0.02      0.00      0.02     99.92

-------------------- Logged in user --------------------
cc24ef 2018-11-28 10:34

==================== 2018-12-01 14:55:01 ====================

-------------------- uptime --------------------
 14:55:01 up 23 days, 12:31,  1 user,  load average: 0.00, 0.01, 0.05

-------------------- System info --------------------
Linux aws-spot-t3micro 3.10.0-862.14.4.el7.x86_64 #1 SMP Wed Sep 26 15:12:11 UTC 2018 x86_64 x86_64 x86_64 GNU/Linux

-------------------- Storage usage --------------------
ファイルシス   サイズ  使用  残り 使用% マウント位置
/dev/nvme0n1p1    30G  5.2G   25G   18% /
devtmpfs         459M     0  459M    0% /dev
tmpfs            482M     0  482M    0% /dev/shm
tmpfs            482M   55M  428M   12% /run
tmpfs            482M     0  482M    0% /sys/fs/cgroup
tmpfs             97M     0   97M    0% /run/user/1000
tmpfs             97M     0   97M    0% /run/user/1002

-------------------- System load --------------------
Linux 3.10.0-862.14.4.el7.x86_64 (aws-spot-t3micro) 	2018年12月01日 	_x86_64_	(2 CPU)

00時00分01秒     CPU     %user     %nice   %system   %iowait    %steal     %idle
01時00分01秒     all      0.03      0.00      0.02      0.00      0.02     99.93
02時00分01秒     all      0.05      0.00      0.03      0.00      0.02     99.89
03時00分02秒     all      0.03      0.00      0.02      0.00      0.02     99.93
04時00分01秒     all      0.02      0.00      0.02      0.00      0.02     99.94
05時00分01秒     all      0.03      0.00      0.02      0.00      0.02     99.93
06時00分01秒     all      0.03      0.00      0.02      0.00      0.02     99.93
07時00分01秒     all      0.03      0.00      0.02      0.00      0.02     99.93
08時00分01秒     all      0.03      0.00      0.02      0.00      0.02     99.92
09時00分01秒     all      0.04      0.00      0.02      0.00      0.02     99.92
10時00分01秒     all      0.03      0.00      0.02      0.00      0.02     99.93
11時00分01秒     all      0.03      0.00      0.03      0.00      0.02     99.92
12時00分01秒     all      0.03      0.00      0.02      0.00      0.02     99.92
13時00分01秒     all      0.02      0.00      0.02      0.00      0.02     99.94
14時00分01秒     all      0.37      0.00      0.05      0.00      0.04     99.54
平均値:      all      0.06      0.00      0.02      0.00      0.02     99.90

-------------------- Logged in user --------------------
c9580b 2018-11-28 10:34

