==================== 2018-12-06 02:55:01 ====================

-------------------- uptime --------------------
 02:55:01 up 28 days, 31 min,  0 users,  load average: 0.00, 0.01, 0.05

-------------------- System info --------------------
Linux aws-spot-t3micro 3.10.0-862.14.4.el7.x86_64 #1 SMP Wed Sep 26 15:12:11 UTC 2018 x86_64 x86_64 x86_64 GNU/Linux

-------------------- Storage usage --------------------
ファイルシス   サイズ  使用  残り 使用% マウント位置
/dev/nvme0n1p1    30G  5.2G   25G   18% /
devtmpfs         459M     0  459M    0% /dev
tmpfs            482M     0  482M    0% /dev/shm
tmpfs            482M   61M  422M   13% /run
tmpfs            482M     0  482M    0% /sys/fs/cgroup
tmpfs             97M     0   97M    0% /run/user/0
tmpfs             97M     0   97M    0% /run/user/1002

-------------------- System load --------------------
Linux 3.10.0-862.14.4.el7.x86_64 (aws-spot-t3micro) 	2018年12月06日 	_x86_64_	(2 CPU)

00時00分01秒     CPU     %user     %nice   %system   %iowait    %steal     %idle
01時00分01秒     all      0.03      0.00      0.02      0.00      0.02     99.92
02時00分01秒     all      0.03      0.00      0.02      0.00      0.02     99.92
平均値:      all      0.03      0.00      0.02      0.00      0.02     99.92

-------------------- Logged in user --------------------


==================== 2018-12-06 05:55:01 ====================

-------------------- uptime --------------------
 05:55:01 up 28 days,  3:31,  0 users,  load average: 0.00, 0.01, 0.05

-------------------- System info --------------------
Linux aws-spot-t3micro 3.10.0-862.14.4.el7.x86_64 #1 SMP Wed Sep 26 15:12:11 UTC 2018 x86_64 x86_64 x86_64 GNU/Linux

-------------------- Storage usage --------------------
ファイルシス   サイズ  使用  残り 使用% マウント位置
/dev/nvme0n1p1    30G  5.2G   25G   18% /
devtmpfs         459M     0  459M    0% /dev
tmpfs            482M     0  482M    0% /dev/shm
tmpfs            482M   55M  428M   12% /run
tmpfs            482M     0  482M    0% /sys/fs/cgroup
tmpfs             97M     0   97M    0% /run/user/1002

-------------------- System load --------------------
Linux 3.10.0-862.14.4.el7.x86_64 (aws-spot-t3micro) 	2018年12月06日 	_x86_64_	(2 CPU)

00時00分01秒     CPU     %user     %nice   %system   %iowait    %steal     %idle
01時00分01秒     all      0.03      0.00      0.02      0.00      0.02     99.92
02時00分01秒     all      0.03      0.00      0.02      0.00      0.02     99.92
03時00分01秒     all      0.38      0.00      0.05      0.00      0.04     99.53
04時00分01秒     all      0.05      0.00      0.03      0.00      0.02     99.90
05時00分01秒     all      0.03      0.00      0.02      0.00      0.01     99.94
平均値:      all      0.10      0.00      0.03      0.00      0.02     99.84

-------------------- Logged in user --------------------


==================== 2018-12-06 08:55:01 ====================

-------------------- uptime --------------------
 08:55:01 up 28 days,  6:31,  0 users,  load average: 0.00, 0.01, 0.05

-------------------- System info --------------------
Linux aws-spot-t3micro 3.10.0-862.14.4.el7.x86_64 #1 SMP Wed Sep 26 15:12:11 UTC 2018 x86_64 x86_64 x86_64 GNU/Linux

-------------------- Storage usage --------------------
ファイルシス   サイズ  使用  残り 使用% マウント位置
/dev/nvme0n1p1    30G  5.2G   25G   18% /
devtmpfs         459M     0  459M    0% /dev
tmpfs            482M     0  482M    0% /dev/shm
tmpfs            482M   55M  428M   12% /run
tmpfs            482M     0  482M    0% /sys/fs/cgroup
tmpfs             97M     0   97M    0% /run/user/1002

-------------------- System load --------------------
Linux 3.10.0-862.14.4.el7.x86_64 (aws-spot-t3micro) 	2018年12月06日 	_x86_64_	(2 CPU)

00時00分01秒     CPU     %user     %nice   %system   %iowait    %steal     %idle
01時00分01秒     all      0.03      0.00      0.02      0.00      0.02     99.92
02時00分01秒     all      0.03      0.00      0.02      0.00      0.02     99.92
03時00分01秒     all      0.38      0.00      0.05      0.00      0.04     99.53
04時00分01秒     all      0.05      0.00      0.03      0.00      0.02     99.90
05時00分01秒     all      0.03      0.00      0.02      0.00      0.01     99.94
06時00分01秒     all      0.05      0.00      0.02      0.00      0.02     99.91
07時00分01秒     all      0.03      0.00      0.02      0.00      0.02     99.92
08時00分01秒     all      0.04      0.00      0.03      0.00      0.02     99.92
平均値:      all      0.08      0.00      0.03      0.00      0.02     99.87

-------------------- Logged in user --------------------


==================== 2018-12-06 11:55:01 ====================

-------------------- uptime --------------------
 11:55:01 up 28 days,  9:31,  0 users,  load average: 0.00, 0.01, 0.05

-------------------- System info --------------------
Linux aws-spot-t3micro 3.10.0-862.14.4.el7.x86_64 #1 SMP Wed Sep 26 15:12:11 UTC 2018 x86_64 x86_64 x86_64 GNU/Linux

-------------------- Storage usage --------------------
ファイルシス   サイズ  使用  残り 使用% マウント位置
/dev/nvme0n1p1    30G  5.2G   25G   18% /
devtmpfs         459M     0  459M    0% /dev
tmpfs            482M     0  482M    0% /dev/shm
tmpfs            482M   55M  428M   12% /run
tmpfs            482M     0  482M    0% /sys/fs/cgroup
tmpfs             97M     0   97M    0% /run/user/1002

-------------------- System load --------------------
Linux 3.10.0-862.14.4.el7.x86_64 (aws-spot-t3micro) 	2018年12月06日 	_x86_64_	(2 CPU)

00時00分01秒     CPU     %user     %nice   %system   %iowait    %steal     %idle
01時00分01秒     all      0.03      0.00      0.02      0.00      0.02     99.92
02時00分01秒     all      0.03      0.00      0.02      0.00      0.02     99.92
03時00分01秒     all      0.38      0.00      0.05      0.00      0.04     99.53
04時00分01秒     all      0.05      0.00      0.03      0.00      0.02     99.90
05時00分01秒     all      0.03      0.00      0.02      0.00      0.01     99.94
06時00分01秒     all      0.05      0.00      0.02      0.00      0.02     99.91
07時00分01秒     all      0.03      0.00      0.02      0.00      0.02     99.92
08時00分01秒     all      0.04      0.00      0.03      0.00      0.02     99.92
09時00分01秒     all      0.06      0.00      0.03      0.00      0.02     99.89
10時00分01秒     all      0.07      0.00      0.03      0.00      0.02     99.88
11時00分01秒     all      0.10      0.00      0.07      0.00      0.03     99.80
平均値:      all      0.08      0.00      0.03      0.00      0.02     99.87

-------------------- Logged in user --------------------


==================== 2018-12-06 14:55:01 ====================

-------------------- uptime --------------------
 14:55:01 up 28 days, 12:31,  0 users,  load average: 0.00, 0.01, 0.05

-------------------- System info --------------------
Linux aws-spot-t3micro 3.10.0-862.14.4.el7.x86_64 #1 SMP Wed Sep 26 15:12:11 UTC 2018 x86_64 x86_64 x86_64 GNU/Linux

-------------------- Storage usage --------------------
ファイルシス   サイズ  使用  残り 使用% マウント位置
/dev/nvme0n1p1    30G  5.2G   25G   18% /
devtmpfs         459M     0  459M    0% /dev
tmpfs            482M     0  482M    0% /dev/shm
tmpfs            482M   55M  428M   12% /run
tmpfs            482M     0  482M    0% /sys/fs/cgroup
tmpfs             97M     0   97M    0% /run/user/1002

-------------------- System load --------------------
Linux 3.10.0-862.14.4.el7.x86_64 (aws-spot-t3micro) 	2018年12月06日 	_x86_64_	(2 CPU)

00時00分01秒     CPU     %user     %nice   %system   %iowait    %steal     %idle
01時00分01秒     all      0.03      0.00      0.02      0.00      0.02     99.92
02時00分01秒     all      0.03      0.00      0.02      0.00      0.02     99.92
03時00分01秒     all      0.38      0.00      0.05      0.00      0.04     99.53
04時00分01秒     all      0.05      0.00      0.03      0.00      0.02     99.90
05時00分01秒     all      0.03      0.00      0.02      0.00      0.01     99.94
06時00分01秒     all      0.05      0.00      0.02      0.00      0.02     99.91
07時00分01秒     all      0.03      0.00      0.02      0.00      0.02     99.92
08時00分01秒     all      0.04      0.00      0.03      0.00      0.02     99.92
09時00分01秒     all      0.06      0.00      0.03      0.00      0.02     99.89
10時00分01秒     all      0.07      0.00      0.03      0.00      0.02     99.88
11時00分01秒     all      0.10      0.00      0.07      0.00      0.03     99.80
12時00分01秒     all      0.05      0.00      0.03      0.00      0.03     99.90
13時00分01秒     all      0.04      0.00      0.03      0.00      0.02     99.91
14時00分01秒     all      0.05      0.00      0.03      0.00      0.02     99.90
平均値:      all      0.07      0.00      0.03      0.00      0.02     99.87

-------------------- Logged in user --------------------


==================== 2018-12-06 17:55:01 ====================

-------------------- uptime --------------------
 17:55:01 up 28 days, 15:31,  0 users,  load average: 0.00, 0.01, 0.05

-------------------- System info --------------------
Linux aws-spot-t3micro 3.10.0-862.14.4.el7.x86_64 #1 SMP Wed Sep 26 15:12:11 UTC 2018 x86_64 x86_64 x86_64 GNU/Linux

-------------------- Storage usage --------------------
ファイルシス   サイズ  使用  残り 使用% マウント位置
/dev/nvme0n1p1    30G  5.2G   25G   18% /
devtmpfs         459M     0  459M    0% /dev
tmpfs            482M     0  482M    0% /dev/shm
tmpfs            482M   55M  428M   12% /run
tmpfs            482M     0  482M    0% /sys/fs/cgroup
tmpfs             97M     0   97M    0% /run/user/1002

-------------------- System load --------------------
Linux 3.10.0-862.14.4.el7.x86_64 (aws-spot-t3micro) 	2018年12月06日 	_x86_64_	(2 CPU)

00時00分01秒     CPU     %user     %nice   %system   %iowait    %steal     %idle
01時00分01秒     all      0.03      0.00      0.02      0.00      0.02     99.92
02時00分01秒     all      0.03      0.00      0.02      0.00      0.02     99.92
03時00分01秒     all      0.38      0.00      0.05      0.00      0.04     99.53
04時00分01秒     all      0.05      0.00      0.03      0.00      0.02     99.90
05時00分01秒     all      0.03      0.00      0.02      0.00      0.01     99.94
06時00分01秒     all      0.05      0.00      0.02      0.00      0.02     99.91
07時00分01秒     all      0.03      0.00      0.02      0.00      0.02     99.92
08時00分01秒     all      0.04      0.00      0.03      0.00      0.02     99.92
09時00分01秒     all      0.06      0.00      0.03      0.00      0.02     99.89
10時00分01秒     all      0.07      0.00      0.03      0.00      0.02     99.88
11時00分01秒     all      0.10      0.00      0.07      0.00      0.03     99.80
12時00分01秒     all      0.05      0.00      0.03      0.00      0.03     99.90
13時00分01秒     all      0.04      0.00      0.03      0.00      0.02     99.91
14時00分01秒     all      0.05      0.00      0.03      0.00      0.02     99.90
15時00分01秒     all      0.03      0.00      0.02      0.00      0.02     99.93
16時00分02秒     all      0.48      0.00      0.07      0.00      0.05     99.40
17時00分01秒     all      0.04      0.00      0.03      0.00      0.02     99.91
平均値:      all      0.09      0.00      0.03      0.00      0.02     99.85

-------------------- Logged in user --------------------


==================== 2018-12-06 20:55:01 ====================

-------------------- uptime --------------------
 20:55:01 up 28 days, 18:31,  0 users,  load average: 0.00, 0.01, 0.05

-------------------- System info --------------------
Linux aws-spot-t3micro 3.10.0-862.14.4.el7.x86_64 #1 SMP Wed Sep 26 15:12:11 UTC 2018 x86_64 x86_64 x86_64 GNU/Linux

-------------------- Storage usage --------------------
ファイルシス   サイズ  使用  残り 使用% マウント位置
/dev/nvme0n1p1    30G  5.2G   25G   18% /
devtmpfs         459M     0  459M    0% /dev
tmpfs            482M     0  482M    0% /dev/shm
tmpfs            482M   61M  422M   13% /run
tmpfs            482M     0  482M    0% /sys/fs/cgroup
tmpfs             97M     0   97M    0% /run/user/1002

-------------------- System load --------------------
Linux 3.10.0-862.14.4.el7.x86_64 (aws-spot-t3micro) 	2018年12月06日 	_x86_64_	(2 CPU)

00時00分01秒     CPU     %user     %nice   %system   %iowait    %steal     %idle
01時00分01秒     all      0.03      0.00      0.02      0.00      0.02     99.92
02時00分01秒     all      0.03      0.00      0.02      0.00      0.02     99.92
03時00分01秒     all      0.38      0.00      0.05      0.00      0.04     99.53
04時00分01秒     all      0.05      0.00      0.03      0.00      0.02     99.90
05時00分01秒     all      0.03      0.00      0.02      0.00      0.01     99.94
06時00分01秒     all      0.05      0.00      0.02      0.00      0.02     99.91
07時00分01秒     all      0.03      0.00      0.02      0.00      0.02     99.92
08時00分01秒     all      0.04      0.00      0.03      0.00      0.02     99.92
09時00分01秒     all      0.06      0.00      0.03      0.00      0.02     99.89
10時00分01秒     all      0.07      0.00      0.03      0.00      0.02     99.88
11時00分01秒     all      0.10      0.00      0.07      0.00      0.03     99.80
12時00分01秒     all      0.05      0.00      0.03      0.00      0.03     99.90
13時00分01秒     all      0.04      0.00      0.03      0.00      0.02     99.91
14時00分01秒     all      0.05      0.00      0.03      0.00      0.02     99.90
15時00分01秒     all      0.03      0.00      0.02      0.00      0.02     99.93
16時00分02秒     all      0.48      0.00      0.07      0.00      0.05     99.40
17時00分01秒     all      0.04      0.00      0.03      0.00      0.02     99.91
18時00分01秒     all      0.05      0.00      0.03      0.00      0.02     99.90
19時00分01秒     all      0.04      0.00      0.02      0.00      0.02     99.91
20時00分01秒     all      0.03      0.00      0.02      0.00      0.02     99.92
平均値:      all      0.08      0.00      0.03      0.00      0.02     99.86

-------------------- Logged in user --------------------


==================== 2018-12-06 23:55:01 ====================

-------------------- uptime --------------------
 23:55:01 up 28 days, 21:31,  0 users,  load average: 0.00, 0.01, 0.05

-------------------- System info --------------------
Linux aws-spot-t3micro 3.10.0-862.14.4.el7.x86_64 #1 SMP Wed Sep 26 15:12:11 UTC 2018 x86_64 x86_64 x86_64 GNU/Linux

-------------------- Storage usage --------------------
ファイルシス   サイズ  使用  残り 使用% マウント位置
/dev/nvme0n1p1    30G  5.2G   25G   18% /
devtmpfs         459M     0  459M    0% /dev
tmpfs            482M     0  482M    0% /dev/shm
tmpfs            482M   61M  422M   13% /run
tmpfs            482M     0  482M    0% /sys/fs/cgroup
tmpfs             97M     0   97M    0% /run/user/1002

-------------------- System load --------------------
Linux 3.10.0-862.14.4.el7.x86_64 (aws-spot-t3micro) 	2018年12月06日 	_x86_64_	(2 CPU)

00時00分01秒     CPU     %user     %nice   %system   %iowait    %steal     %idle
01時00分01秒     all      0.03      0.00      0.02      0.00      0.02     99.92
02時00分01秒     all      0.03      0.00      0.02      0.00      0.02     99.92
03時00分01秒     all      0.38      0.00      0.05      0.00      0.04     99.53
04時00分01秒     all      0.05      0.00      0.03      0.00      0.02     99.90
05時00分01秒     all      0.03      0.00      0.02      0.00      0.01     99.94
06時00分01秒     all      0.05      0.00      0.02      0.00      0.02     99.91
07時00分01秒     all      0.03      0.00      0.02      0.00      0.02     99.92
08時00分01秒     all      0.04      0.00      0.03      0.00      0.02     99.92
09時00分01秒     all      0.06      0.00      0.03      0.00      0.02     99.89
10時00分01秒     all      0.07      0.00      0.03      0.00      0.02     99.88
11時00分01秒     all      0.10      0.00      0.07      0.00      0.03     99.80
12時00分01秒     all      0.05      0.00      0.03      0.00      0.03     99.90
13時00分01秒     all      0.04      0.00      0.03      0.00      0.02     99.91
14時00分01秒     all      0.05      0.00      0.03      0.00      0.02     99.90
15時00分01秒     all      0.03      0.00      0.02      0.00      0.02     99.93
16時00分02秒     all      0.48      0.00      0.07      0.00      0.05     99.40
17時00分01秒     all      0.04      0.00      0.03      0.00      0.02     99.91
18時00分01秒     all      0.05      0.00      0.03      0.00      0.02     99.90
19時00分01秒     all      0.04      0.00      0.02      0.00      0.02     99.91
20時00分01秒     all      0.03      0.00      0.02      0.00      0.02     99.92
21時00分01秒     all      0.03      0.00      0.02      0.00      0.02     99.93
22時00分01秒     all      0.04      0.00      0.02      0.00      0.02     99.92
23時00分01秒     all      0.05      0.00      0.03      0.00      0.02     99.90
平均値:      all      0.08      0.00      0.03      0.00      0.02     99.87

-------------------- Logged in user --------------------


