==================== 2018-12-08 02:55:01 ====================

-------------------- uptime --------------------
 02:55:01 up 30 days, 31 min,  1 user,  load average: 0.00, 0.01, 0.05

-------------------- System info --------------------
Linux aws-spot-t3micro 3.10.0-862.14.4.el7.x86_64 #1 SMP Wed Sep 26 15:12:11 UTC 2018 x86_64 x86_64 x86_64 GNU/Linux

-------------------- Storage usage --------------------
ファイルシス   サイズ  使用  残り 使用% マウント位置
/dev/nvme0n1p1    30G  5.3G   25G   18% /
devtmpfs         459M     0  459M    0% /dev
tmpfs            482M     0  482M    0% /dev/shm
tmpfs            482M   55M  428M   12% /run
tmpfs            482M     0  482M    0% /sys/fs/cgroup
tmpfs             97M     0   97M    0% /run/user/1000
tmpfs             97M     0   97M    0% /run/user/1002

-------------------- System load --------------------
Linux 3.10.0-862.14.4.el7.x86_64 (aws-spot-t3micro) 	2018年12月08日 	_x86_64_	(2 CPU)

00時00分01秒     CPU     %user     %nice   %system   %iowait    %steal     %idle
01時00分01秒     all      0.02      0.00      0.02      0.00      0.01     99.94
02時00分01秒     all      0.03      0.00      0.03      0.00      0.01     99.92
平均値:      all      0.02      0.00      0.03      0.00      0.01     99.93

-------------------- Logged in user --------------------
cbc430 2018-12-07 16:44

==================== 2018-12-08 05:55:01 ====================

-------------------- uptime --------------------
 05:55:01 up 30 days,  3:31,  1 user,  load average: 0.00, 0.01, 0.05

-------------------- System info --------------------
Linux aws-spot-t3micro 3.10.0-862.14.4.el7.x86_64 #1 SMP Wed Sep 26 15:12:11 UTC 2018 x86_64 x86_64 x86_64 GNU/Linux

-------------------- Storage usage --------------------
ファイルシス   サイズ  使用  残り 使用% マウント位置
/dev/nvme0n1p1    30G  5.3G   25G   18% /
devtmpfs         459M     0  459M    0% /dev
tmpfs            482M     0  482M    0% /dev/shm
tmpfs            482M   55M  428M   12% /run
tmpfs            482M     0  482M    0% /sys/fs/cgroup
tmpfs             97M     0   97M    0% /run/user/1000
tmpfs             97M     0   97M    0% /run/user/1002

-------------------- System load --------------------
Linux 3.10.0-862.14.4.el7.x86_64 (aws-spot-t3micro) 	2018年12月08日 	_x86_64_	(2 CPU)

00時00分01秒     CPU     %user     %nice   %system   %iowait    %steal     %idle
01時00分01秒     all      0.02      0.00      0.02      0.00      0.01     99.94
02時00分01秒     all      0.03      0.00      0.03      0.00      0.01     99.92
03時00分01秒     all      0.02      0.00      0.03      0.00      0.01     99.93
04時00分01秒     all      0.02      0.02      0.08      0.03      0.02     99.83
05時00分01秒     all      0.02      0.00      0.02      0.00      0.01     99.96
平均値:      all      0.02      0.00      0.03      0.01      0.01     99.92

-------------------- Logged in user --------------------
cc58e1 2018-12-07 16:44

==================== 2018-12-08 08:55:01 ====================

-------------------- uptime --------------------
 08:55:01 up 30 days,  6:31,  1 user,  load average: 0.00, 0.01, 0.05

-------------------- System info --------------------
Linux aws-spot-t3micro 3.10.0-862.14.4.el7.x86_64 #1 SMP Wed Sep 26 15:12:11 UTC 2018 x86_64 x86_64 x86_64 GNU/Linux

-------------------- Storage usage --------------------
ファイルシス   サイズ  使用  残り 使用% マウント位置
/dev/nvme0n1p1    30G  5.3G   25G   18% /
devtmpfs         459M     0  459M    0% /dev
tmpfs            482M     0  482M    0% /dev/shm
tmpfs            482M   55M  428M   12% /run
tmpfs            482M     0  482M    0% /sys/fs/cgroup
tmpfs             97M     0   97M    0% /run/user/1000
tmpfs             97M     0   97M    0% /run/user/1002

-------------------- System load --------------------
Linux 3.10.0-862.14.4.el7.x86_64 (aws-spot-t3micro) 	2018年12月08日 	_x86_64_	(2 CPU)

00時00分01秒     CPU     %user     %nice   %system   %iowait    %steal     %idle
01時00分01秒     all      0.02      0.00      0.02      0.00      0.01     99.94
02時00分01秒     all      0.03      0.00      0.03      0.00      0.01     99.92
03時00分01秒     all      0.02      0.00      0.03      0.00      0.01     99.93
04時00分01秒     all      0.02      0.02      0.08      0.03      0.02     99.83
05時00分01秒     all      0.02      0.00      0.02      0.00      0.01     99.96
06時00分01秒     all      0.02      0.00      0.02      0.00      0.01     99.94
07時00分01秒     all      0.04      0.00      0.03      0.04      0.02     99.87
08時00分01秒     all      0.03      0.00      0.02      0.00      0.02     99.94
平均値:      all      0.02      0.00      0.03      0.01      0.01     99.92

-------------------- Logged in user --------------------
c6a544 2018-12-07 16:44

