==================== 2018-12-09 02:55:01 ====================

-------------------- uptime --------------------
 02:55:01 up 31 days, 31 min,  2 users,  load average: 0.00, 0.01, 0.05

-------------------- System info --------------------
Linux aws-spot-t3micro 3.10.0-862.14.4.el7.x86_64 #1 SMP Wed Sep 26 15:12:11 UTC 2018 x86_64 x86_64 x86_64 GNU/Linux

-------------------- Storage usage --------------------
ファイルシス   サイズ  使用  残り 使用% マウント位置
/dev/nvme0n1p1    30G  5.3G   25G   18% /
devtmpfs         459M     0  459M    0% /dev
tmpfs            482M     0  482M    0% /dev/shm
tmpfs            482M   55M  428M   12% /run
tmpfs            482M     0  482M    0% /sys/fs/cgroup
tmpfs             97M     0   97M    0% /run/user/1000
tmpfs             97M     0   97M    0% /run/user/1002

-------------------- System load --------------------
Linux 3.10.0-862.14.4.el7.x86_64 (aws-spot-t3micro) 	2018年12月09日 	_x86_64_	(2 CPU)

00時00分01秒     CPU     %user     %nice   %system   %iowait    %steal     %idle
01時00分01秒     all      0.03      0.00      0.02      0.00      0.02     99.93
02時00分01秒     all      0.04      0.00      0.03      0.00      0.02     99.91
平均値:      all      0.03      0.00      0.02      0.00      0.02     99.92

-------------------- Logged in user --------------------
c3ae31 2018-12-07 16:44
c1f989 2018-12-09 01:09

==================== 2018-12-09 05:55:01 ====================

-------------------- uptime --------------------
 05:55:01 up 31 days,  3:31,  2 users,  load average: 0.00, 0.01, 0.05

-------------------- System info --------------------
Linux aws-spot-t3micro 3.10.0-862.14.4.el7.x86_64 #1 SMP Wed Sep 26 15:12:11 UTC 2018 x86_64 x86_64 x86_64 GNU/Linux

-------------------- Storage usage --------------------
ファイルシス   サイズ  使用  残り 使用% マウント位置
/dev/nvme0n1p1    30G  5.3G   25G   18% /
devtmpfs         459M     0  459M    0% /dev
tmpfs            482M     0  482M    0% /dev/shm
tmpfs            482M   55M  428M   12% /run
tmpfs            482M     0  482M    0% /sys/fs/cgroup
tmpfs             97M     0   97M    0% /run/user/1000
tmpfs             97M     0   97M    0% /run/user/1002
tmpfs             97M     0   97M    0% /run/user/0

-------------------- System load --------------------
Linux 3.10.0-862.14.4.el7.x86_64 (aws-spot-t3micro) 	2018年12月09日 	_x86_64_	(2 CPU)

00時00分01秒     CPU     %user     %nice   %system   %iowait    %steal     %idle
01時00分01秒     all      0.03      0.00      0.02      0.00      0.02     99.93
02時00分01秒     all      0.04      0.00      0.03      0.00      0.02     99.91
03時00分01秒     all      0.05      0.00      0.03      0.00      0.02     99.90
04時00分01秒     all      0.04      0.00      0.02      0.00      0.03     99.91
05時00分01秒     all      0.09      0.00      0.04      0.00      0.02     99.85
平均値:      all      0.05      0.00      0.03      0.00      0.02     99.90

-------------------- Logged in user --------------------
c86362 2018-12-07 16:44
ce15a9 2018-12-09 01:09

==================== 2018-12-09 08:55:01 ====================

-------------------- uptime --------------------
 08:55:01 up 31 days,  6:31,  2 users,  load average: 0.00, 0.01, 0.05

-------------------- System info --------------------
Linux aws-spot-t3micro 3.10.0-862.14.4.el7.x86_64 #1 SMP Wed Sep 26 15:12:11 UTC 2018 x86_64 x86_64 x86_64 GNU/Linux

-------------------- Storage usage --------------------
ファイルシス   サイズ  使用  残り 使用% マウント位置
/dev/nvme0n1p1    30G  5.3G   25G   18% /
devtmpfs         459M     0  459M    0% /dev
tmpfs            482M     0  482M    0% /dev/shm
tmpfs            482M   55M  428M   12% /run
tmpfs            482M     0  482M    0% /sys/fs/cgroup
tmpfs             97M     0   97M    0% /run/user/1000
tmpfs             97M     0   97M    0% /run/user/1002
tmpfs             97M     0   97M    0% /run/user/0

-------------------- System load --------------------
Linux 3.10.0-862.14.4.el7.x86_64 (aws-spot-t3micro) 	2018年12月09日 	_x86_64_	(2 CPU)

00時00分01秒     CPU     %user     %nice   %system   %iowait    %steal     %idle
01時00分01秒     all      0.03      0.00      0.02      0.00      0.02     99.93
02時00分01秒     all      0.04      0.00      0.03      0.00      0.02     99.91
03時00分01秒     all      0.05      0.00      0.03      0.00      0.02     99.90
04時00分01秒     all      0.04      0.00      0.02      0.00      0.03     99.91
05時00分01秒     all      0.09      0.00      0.04      0.00      0.02     99.85
06時00分01秒     all      0.05      0.00      0.04      0.00      0.02     99.89
07時00分01秒     all      0.07      0.00      0.05      0.00      0.03     99.84
08時00分01秒     all      0.17      0.00      0.13      0.00      0.04     99.66
平均値:      all      0.07      0.00      0.05      0.00      0.02     99.86

-------------------- Logged in user --------------------
c885e7 2018-12-07 16:44
ca107a 2018-12-09 01:09

