==================== 2018-12-20 02:55:01 ====================

-------------------- uptime --------------------
 02:55:01 up 42 days, 31 min,  2 users,  load average: 0.04, 0.04, 0.05

-------------------- System info --------------------
Linux aws-spot-t3micro 3.10.0-862.14.4.el7.x86_64 #1 SMP Wed Sep 26 15:12:11 UTC 2018 x86_64 x86_64 x86_64 GNU/Linux

-------------------- Storage usage --------------------
ファイルシス   サイズ  使用  残り 使用% マウント位置
/dev/nvme0n1p1    30G  5.5G   25G   19% /
devtmpfs         459M     0  459M    0% /dev
tmpfs            482M     0  482M    0% /dev/shm
tmpfs            482M   55M  428M   12% /run
tmpfs            482M     0  482M    0% /sys/fs/cgroup
tmpfs             97M     0   97M    0% /run/user/1000
tmpfs             97M     0   97M    0% /run/user/1002
tmpfs             97M     0   97M    0% /run/user/0

-------------------- System load --------------------
Linux 3.10.0-862.14.4.el7.x86_64 (aws-spot-t3micro) 	2018年12月20日 	_x86_64_	(2 CPU)

00時00分01秒     CPU     %user     %nice   %system   %iowait    %steal     %idle
01時00分01秒     all      0.05      0.00      0.04      0.00      0.03     99.88
02時00分01秒     all      0.05      0.00      0.05      0.00      0.03     99.87
平均値:      all      0.05      0.00      0.04      0.00      0.03     99.88

-------------------- Logged in user --------------------
c414e5 2018-12-19 10:19
c95a0f 2018-12-19 14:40

==================== 2018-12-20 05:55:01 ====================

-------------------- uptime --------------------
 05:55:01 up 42 days,  3:31,  2 users,  load average: 0.00, 0.01, 0.05

-------------------- System info --------------------
Linux aws-spot-t3micro 3.10.0-862.14.4.el7.x86_64 #1 SMP Wed Sep 26 15:12:11 UTC 2018 x86_64 x86_64 x86_64 GNU/Linux

-------------------- Storage usage --------------------
ファイルシス   サイズ  使用  残り 使用% マウント位置
/dev/nvme0n1p1    30G  5.5G   25G   19% /
devtmpfs         459M     0  459M    0% /dev
tmpfs            482M     0  482M    0% /dev/shm
tmpfs            482M   55M  428M   12% /run
tmpfs            482M     0  482M    0% /sys/fs/cgroup
tmpfs             97M     0   97M    0% /run/user/1000
tmpfs             97M     0   97M    0% /run/user/1002
tmpfs             97M     0   97M    0% /run/user/0

-------------------- System load --------------------
Linux 3.10.0-862.14.4.el7.x86_64 (aws-spot-t3micro) 	2018年12月20日 	_x86_64_	(2 CPU)

00時00分01秒     CPU     %user     %nice   %system   %iowait    %steal     %idle
01時00分01秒     all      0.05      0.00      0.04      0.00      0.03     99.88
02時00分01秒     all      0.05      0.00      0.05      0.00      0.03     99.87
03時00分01秒     all      0.04      0.00      0.05      0.00      0.03     99.88
04時00分01秒     all      0.07      0.00      0.05      0.00      0.03     99.85
05時00分01秒     all      0.06      0.00      0.05      0.00      0.04     99.85
平均値:      all      0.05      0.00      0.05      0.00      0.03     99.87

-------------------- Logged in user --------------------
cfce1d 2018-12-19 10:19
cd2800 2018-12-19 14:40

==================== 2018-12-20 08:55:01 ====================

-------------------- uptime --------------------
 08:55:01 up 42 days,  6:31,  2 users,  load average: 0.00, 0.01, 0.05

-------------------- System info --------------------
Linux aws-spot-t3micro 3.10.0-862.14.4.el7.x86_64 #1 SMP Wed Sep 26 15:12:11 UTC 2018 x86_64 x86_64 x86_64 GNU/Linux

-------------------- Storage usage --------------------
ファイルシス   サイズ  使用  残り 使用% マウント位置
/dev/nvme0n1p1    30G  5.5G   25G   19% /
devtmpfs         459M     0  459M    0% /dev
tmpfs            482M     0  482M    0% /dev/shm
tmpfs            482M   55M  428M   12% /run
tmpfs            482M     0  482M    0% /sys/fs/cgroup
tmpfs             97M     0   97M    0% /run/user/1000
tmpfs             97M     0   97M    0% /run/user/1002
tmpfs             97M     0   97M    0% /run/user/0

-------------------- System load --------------------
Linux 3.10.0-862.14.4.el7.x86_64 (aws-spot-t3micro) 	2018年12月20日 	_x86_64_	(2 CPU)

00時00分01秒     CPU     %user     %nice   %system   %iowait    %steal     %idle
01時00分01秒     all      0.05      0.00      0.04      0.00      0.03     99.88
02時00分01秒     all      0.05      0.00      0.05      0.00      0.03     99.87
03時00分01秒     all      0.04      0.00      0.05      0.00      0.03     99.88
04時00分01秒     all      0.07      0.00      0.05      0.00      0.03     99.85
05時00分01秒     all      0.06      0.00      0.05      0.00      0.04     99.85
06時00分01秒     all      0.05      0.00      0.04      0.00      0.03     99.88
07時00分01秒     all      0.05      0.00      0.04      0.00      0.03     99.88
08時00分01秒     all      0.05      0.00      0.04      0.00      0.03     99.87
平均値:      all      0.05      0.00      0.05      0.00      0.03     99.87

-------------------- Logged in user --------------------
c5cdd8 2018-12-19 10:19
c62d5f 2018-12-19 14:40

==================== 2018-12-20 11:55:01 ====================

-------------------- uptime --------------------
 11:55:01 up 42 days,  9:31,  2 users,  load average: 0.00, 0.01, 0.05

-------------------- System info --------------------
Linux aws-spot-t3micro 3.10.0-862.14.4.el7.x86_64 #1 SMP Wed Sep 26 15:12:11 UTC 2018 x86_64 x86_64 x86_64 GNU/Linux

-------------------- Storage usage --------------------
ファイルシス   サイズ  使用  残り 使用% マウント位置
/dev/nvme0n1p1    30G  5.5G   25G   19% /
devtmpfs         459M     0  459M    0% /dev
tmpfs            482M     0  482M    0% /dev/shm
tmpfs            482M   55M  428M   12% /run
tmpfs            482M     0  482M    0% /sys/fs/cgroup
tmpfs             97M     0   97M    0% /run/user/1000
tmpfs             97M     0   97M    0% /run/user/1002
tmpfs             97M     0   97M    0% /run/user/0

-------------------- System load --------------------
Linux 3.10.0-862.14.4.el7.x86_64 (aws-spot-t3micro) 	2018年12月20日 	_x86_64_	(2 CPU)

00時00分01秒     CPU     %user     %nice   %system   %iowait    %steal     %idle
01時00分01秒     all      0.05      0.00      0.04      0.00      0.03     99.88
02時00分01秒     all      0.05      0.00      0.05      0.00      0.03     99.87
03時00分01秒     all      0.04      0.00      0.05      0.00      0.03     99.88
04時00分01秒     all      0.07      0.00      0.05      0.00      0.03     99.85
05時00分01秒     all      0.06      0.00      0.05      0.00      0.04     99.85
06時00分01秒     all      0.05      0.00      0.04      0.00      0.03     99.88
07時00分01秒     all      0.05      0.00      0.04      0.00      0.03     99.88
08時00分01秒     all      0.05      0.00      0.04      0.00      0.03     99.87
09時00分01秒     all      0.05      0.00      0.05      0.00      0.04     99.87
10時00分01秒     all      0.08      0.00      0.06      0.09      0.05     99.72
11時00分01秒     all      0.05      0.00      0.04      0.00      0.03     99.87
平均値:      all      0.06      0.00      0.05      0.01      0.03     99.86

-------------------- Logged in user --------------------
c40caf 2018-12-19 10:19
c59198 2018-12-19 14:40

