==================== 2018-01-21 07:09:41 ====================

-------------------- uptime --------------------
 07:09:41 up 198 days, 19:59,  3 users,  load average: 0.00, 0.01, 0.05

-------------------- System info --------------------
Linux sakura-tokyo-prod 3.10.0-514.26.2.el7.x86_64 #1 SMP Tue Jul 4 15:04:05 UTC 2017 x86_64 x86_64 x86_64 GNU/Linux

-------------------- Storage usage --------------------
ファイルシス   サイズ  使用  残り 使用% マウント位置
/dev/vda4         96G  5.0G   91G    6% /
devtmpfs         2.0G     0  2.0G    0% /dev
tmpfs            2.0G     0  2.0G    0% /dev/shm
tmpfs            2.0G  700M  1.3G   36% /run
tmpfs            2.0G     0  2.0G    0% /sys/fs/cgroup
/dev/vda2        497M  215M  283M   44% /boot
tmpfs            396M     0  396M    0% /run/user/0
tmpfs            396M     0  396M    0% /run/user/1001

-------------------- System load --------------------
Linux 3.10.0-514.26.2.el7.x86_64 (sakura-tokyo-prod) 	2018年01月21日 	_x86_64_	(4 CPU)

00時00分02秒     CPU     %user     %nice   %system   %iowait    %steal     %idle
01時00分03秒     all      0.30      0.00      0.07      0.00      0.07     99.56
02時00分02秒     all      0.26      0.00      0.06      0.00      0.06     99.62
03時00分02秒     all      0.28      0.00      0.06      0.00      0.06     99.60
04時00分01秒     all      0.41      0.00      0.10      0.01      0.05     99.42
05時00分01秒     all      0.26      0.00      0.06      0.00      0.06     99.62
06時00分02秒     all      0.29      0.00      0.06      0.00      0.04     99.61
07時00分02秒     all      0.30      0.00      0.08      0.00      0.05     99.57
平均値:      all      0.30      0.00      0.07      0.00      0.05     99.57

-------------------- Logged in user --------------------
ke476f40 2018-01-19 12:42
k81425ad 2018-01-21 06:45
k65ffde5 2018-01-18 23:44

==================== 2018-01-21 07:55:58 ====================

-------------------- uptime --------------------
 07:55:58 up 198 days, 20:45,  3 users,  load average: 0.00, 0.01, 0.05

-------------------- System info --------------------
Linux sakura-tokyo-prod 3.10.0-514.26.2.el7.x86_64 #1 SMP Tue Jul 4 15:04:05 UTC 2017 x86_64 x86_64 x86_64 GNU/Linux

-------------------- Storage usage --------------------
ファイルシス   サイズ  使用  残り 使用% マウント位置
/dev/vda4         96G  5.0G   91G    6% /
devtmpfs         2.0G     0  2.0G    0% /dev
tmpfs            2.0G     0  2.0G    0% /dev/shm
tmpfs            2.0G  700M  1.3G   36% /run
tmpfs            2.0G     0  2.0G    0% /sys/fs/cgroup
/dev/vda2        497M  215M  283M   44% /boot
tmpfs            396M     0  396M    0% /run/user/0
tmpfs            396M     0  396M    0% /run/user/1001

-------------------- System load --------------------
Linux 3.10.0-514.26.2.el7.x86_64 (sakura-tokyo-prod) 	2018年01月21日 	_x86_64_	(4 CPU)

00時00分02秒     CPU     %user     %nice   %system   %iowait    %steal     %idle
01時00分03秒     all      0.30      0.00      0.07      0.00      0.07     99.56
02時00分02秒     all      0.26      0.00      0.06      0.00      0.06     99.62
03時00分02秒     all      0.28      0.00      0.06      0.00      0.06     99.60
04時00分01秒     all      0.41      0.00      0.10      0.01      0.05     99.42
05時00分01秒     all      0.26      0.00      0.06      0.00      0.06     99.62
06時00分02秒     all      0.29      0.00      0.06      0.00      0.04     99.61
07時00分02秒     all      0.30      0.00      0.08      0.00      0.05     99.57
平均値:      all      0.30      0.00      0.07      0.00      0.05     99.57

-------------------- Logged in user --------------------
k7e4dcc0 2018-01-19 12:42
ka6469fd 2018-01-21 06:45
kdcbe68c 2018-01-18 23:44

