==================== 2018-01-22 02:55:01 ====================

-------------------- uptime --------------------
 02:55:01 up 199 days, 15:44,  1 user,  load average: 0.06, 0.03, 0.05

-------------------- System info --------------------
Linux sakura-tokyo-prod 3.10.0-514.26.2.el7.x86_64 #1 SMP Tue Jul 4 15:04:05 UTC 2017 x86_64 x86_64 x86_64 GNU/Linux

-------------------- Storage usage --------------------
ファイルシス   サイズ  使用  残り 使用% マウント位置
/dev/vda4         96G  5.0G   91G    6% /
devtmpfs         2.0G     0  2.0G    0% /dev
tmpfs            2.0G     0  2.0G    0% /dev/shm
tmpfs            2.0G  701M  1.3G   36% /run
tmpfs            2.0G     0  2.0G    0% /sys/fs/cgroup
/dev/vda2        497M  215M  283M   44% /boot
tmpfs            396M     0  396M    0% /run/user/0
tmpfs            396M     0  396M    0% /run/user/1001

-------------------- System load --------------------
Linux 3.10.0-514.26.2.el7.x86_64 (sakura-tokyo-prod) 	2018年01月22日 	_x86_64_	(4 CPU)

00時00分02秒     CPU     %user     %nice   %system   %iowait    %steal     %idle
01時00分01秒     all      0.81      0.00      0.12      0.00      0.07     98.99
02時00分02秒     all      0.84      0.00      0.13      0.00      0.06     98.97
平均値:      all      0.83      0.00      0.12      0.00      0.07     98.98

-------------------- Logged in user --------------------
k7ebf09f 2018-01-19 12:42

==================== 2018-01-22 05:55:01 ====================

-------------------- uptime --------------------
 05:55:01 up 199 days, 18:44,  1 user,  load average: 0.03, 0.04, 0.05

-------------------- System info --------------------
Linux sakura-tokyo-prod 3.10.0-514.26.2.el7.x86_64 #1 SMP Tue Jul 4 15:04:05 UTC 2017 x86_64 x86_64 x86_64 GNU/Linux

-------------------- Storage usage --------------------
ファイルシス   サイズ  使用  残り 使用% マウント位置
/dev/vda4         96G  5.0G   91G    6% /
devtmpfs         2.0G     0  2.0G    0% /dev
tmpfs            2.0G     0  2.0G    0% /dev/shm
tmpfs            2.0G  701M  1.3G   36% /run
tmpfs            2.0G     0  2.0G    0% /sys/fs/cgroup
/dev/vda2        497M  215M  283M   44% /boot
tmpfs            396M     0  396M    0% /run/user/0
tmpfs            396M     0  396M    0% /run/user/1001

-------------------- System load --------------------
Linux 3.10.0-514.26.2.el7.x86_64 (sakura-tokyo-prod) 	2018年01月22日 	_x86_64_	(4 CPU)

00時00分02秒     CPU     %user     %nice   %system   %iowait    %steal     %idle
01時00分01秒     all      0.81      0.00      0.12      0.00      0.07     98.99
02時00分02秒     all      0.84      0.00      0.13      0.00      0.06     98.97
03時00分01秒     all      0.83      0.00      0.12      0.00      0.06     98.98
04時00分02秒     all      0.80      0.00      0.12      0.00      0.07     99.00
05時00分02秒     all      0.37      0.00      0.08      0.00      0.04     99.50
平均値:      all      0.73      0.00      0.11      0.00      0.06     99.09

-------------------- Logged in user --------------------
k4c095e2 2018-01-19 12:42

==================== 2018-01-22 08:55:01 ====================

-------------------- uptime --------------------
 08:55:01 up 199 days, 21:44,  1 user,  load average: 0.02, 0.02, 0.05

-------------------- System info --------------------
Linux sakura-tokyo-prod 3.10.0-514.26.2.el7.x86_64 #1 SMP Tue Jul 4 15:04:05 UTC 2017 x86_64 x86_64 x86_64 GNU/Linux

-------------------- Storage usage --------------------
ファイルシス   サイズ  使用  残り 使用% マウント位置
/dev/vda4         96G  5.0G   91G    6% /
devtmpfs         2.0G     0  2.0G    0% /dev
tmpfs            2.0G     0  2.0G    0% /dev/shm
tmpfs            2.0G  709M  1.3G   36% /run
tmpfs            2.0G     0  2.0G    0% /sys/fs/cgroup
/dev/vda2        497M  215M  283M   44% /boot
tmpfs            396M     0  396M    0% /run/user/0
tmpfs            396M     0  396M    0% /run/user/1001

-------------------- System load --------------------
Linux 3.10.0-514.26.2.el7.x86_64 (sakura-tokyo-prod) 	2018年01月22日 	_x86_64_	(4 CPU)

00時00分02秒     CPU     %user     %nice   %system   %iowait    %steal     %idle
01時00分01秒     all      0.81      0.00      0.12      0.00      0.07     98.99
02時00分02秒     all      0.84      0.00      0.13      0.00      0.06     98.97
03時00分01秒     all      0.83      0.00      0.12      0.00      0.06     98.98
04時00分02秒     all      0.80      0.00      0.12      0.00      0.07     99.00
05時00分02秒     all      0.37      0.00      0.08      0.00      0.04     99.50
06時00分02秒     all      0.78      0.00      0.12      0.00      0.07     99.03
07時00分02秒     all      0.66      0.00      0.11      0.00      0.06     99.17
08時00分01秒     all      0.08      0.00      0.05      0.00      0.05     99.82
平均値:      all      0.65      0.00      0.11      0.00      0.06     99.18

-------------------- Logged in user --------------------
k0242019 2018-01-19 12:42

==================== 2018-01-22 11:55:01 ====================

-------------------- uptime --------------------
 11:55:01 up 200 days, 44 min,  1 user,  load average: 0.00, 0.01, 0.05

-------------------- System info --------------------
Linux sakura-tokyo-prod 3.10.0-514.26.2.el7.x86_64 #1 SMP Tue Jul 4 15:04:05 UTC 2017 x86_64 x86_64 x86_64 GNU/Linux

-------------------- Storage usage --------------------
ファイルシス   サイズ  使用  残り 使用% マウント位置
/dev/vda4         96G  5.0G   91G    6% /
devtmpfs         2.0G     0  2.0G    0% /dev
tmpfs            2.0G     0  2.0G    0% /dev/shm
tmpfs            2.0G  709M  1.3G   36% /run
tmpfs            2.0G     0  2.0G    0% /sys/fs/cgroup
/dev/vda2        497M  215M  283M   44% /boot
tmpfs            396M     0  396M    0% /run/user/0
tmpfs            396M     0  396M    0% /run/user/1001

-------------------- System load --------------------
Linux 3.10.0-514.26.2.el7.x86_64 (sakura-tokyo-prod) 	2018年01月22日 	_x86_64_	(4 CPU)

00時00分02秒     CPU     %user     %nice   %system   %iowait    %steal     %idle
01時00分01秒     all      0.81      0.00      0.12      0.00      0.07     98.99
02時00分02秒     all      0.84      0.00      0.13      0.00      0.06     98.97
03時00分01秒     all      0.83      0.00      0.12      0.00      0.06     98.98
04時00分02秒     all      0.80      0.00      0.12      0.00      0.07     99.00
05時00分02秒     all      0.37      0.00      0.08      0.00      0.04     99.50
06時00分02秒     all      0.78      0.00      0.12      0.00      0.07     99.03
07時00分02秒     all      0.66      0.00      0.11      0.00      0.06     99.17
08時00分01秒     all      0.08      0.00      0.05      0.00      0.05     99.82
09時00分01秒     all      0.09      0.00      0.05      0.00      0.04     99.81
10時00分01秒     all      0.17      0.00      0.06      0.00      0.05     99.72
11時00分01秒     all      0.09      0.00      0.06      0.00      0.05     99.80
平均値:      all      0.50      0.00      0.09      0.00      0.06     99.35

-------------------- Logged in user --------------------
kcaac17b 2018-01-19 12:42

