==================== 2018-01-23 02:55:01 ====================

-------------------- uptime --------------------
 02:55:01 up 200 days, 15:44,  1 user,  load average: 0.05, 0.03, 0.05

-------------------- System info --------------------
Linux sakura-tokyo-prod 3.10.0-514.26.2.el7.x86_64 #1 SMP Tue Jul 4 15:04:05 UTC 2017 x86_64 x86_64 x86_64 GNU/Linux

-------------------- Storage usage --------------------
ファイルシス   サイズ  使用  残り 使用% マウント位置
/dev/vda4         96G  5.0G   91G    6% /
devtmpfs         2.0G     0  2.0G    0% /dev
tmpfs            2.0G     0  2.0G    0% /dev/shm
tmpfs            2.0G  710M  1.3G   36% /run
tmpfs            2.0G     0  2.0G    0% /sys/fs/cgroup
/dev/vda2        497M  215M  283M   44% /boot
tmpfs            396M     0  396M    0% /run/user/0
tmpfs            396M     0  396M    0% /run/user/1001

-------------------- System load --------------------
Linux 3.10.0-514.26.2.el7.x86_64 (sakura-tokyo-prod) 	2018年01月23日 	_x86_64_	(4 CPU)

00時00分02秒     CPU     %user     %nice   %system   %iowait    %steal     %idle
01時00分01秒     all      0.23      0.00      0.06      0.00      0.04     99.67
02時00分02秒     all      0.07      0.00      0.04      0.00      0.03     99.86
平均値:      all      0.15      0.00      0.05      0.00      0.04     99.77

-------------------- Logged in user --------------------
kcdf7e92 2018-01-19 12:42

==================== 2018-01-23 05:55:01 ====================

-------------------- uptime --------------------
 05:55:01 up 200 days, 18:44,  1 user,  load average: 0.00, 0.01, 0.05

-------------------- System info --------------------
Linux sakura-tokyo-prod 3.10.0-514.26.2.el7.x86_64 #1 SMP Tue Jul 4 15:04:05 UTC 2017 x86_64 x86_64 x86_64 GNU/Linux

-------------------- Storage usage --------------------
ファイルシス   サイズ  使用  残り 使用% マウント位置
/dev/vda4         96G  5.0G   91G    6% /
devtmpfs         2.0G     0  2.0G    0% /dev
tmpfs            2.0G     0  2.0G    0% /dev/shm
tmpfs            2.0G  710M  1.3G   36% /run
tmpfs            2.0G     0  2.0G    0% /sys/fs/cgroup
/dev/vda2        497M  215M  283M   44% /boot
tmpfs            396M     0  396M    0% /run/user/0
tmpfs            396M     0  396M    0% /run/user/1001

-------------------- System load --------------------
Linux 3.10.0-514.26.2.el7.x86_64 (sakura-tokyo-prod) 	2018年01月23日 	_x86_64_	(4 CPU)

00時00分02秒     CPU     %user     %nice   %system   %iowait    %steal     %idle
01時00分01秒     all      0.23      0.00      0.06      0.00      0.04     99.67
02時00分02秒     all      0.07      0.00      0.04      0.00      0.03     99.86
03時00分01秒     all      0.07      0.00      0.04      0.00      0.03     99.87
04時00分02秒     all      0.08      0.00      0.05      0.00      0.04     99.83
05時00分01秒     all      0.06      0.00      0.04      0.00      0.04     99.87
平均値:      all      0.10      0.00      0.04      0.00      0.04     99.82

-------------------- Logged in user --------------------
k24ceddd 2018-01-19 12:42

==================== 2018-01-23 08:55:01 ====================

-------------------- uptime --------------------
 08:55:01 up 200 days, 21:44,  1 user,  load average: 0.00, 0.01, 0.05

-------------------- System info --------------------
Linux sakura-tokyo-prod 3.10.0-514.26.2.el7.x86_64 #1 SMP Tue Jul 4 15:04:05 UTC 2017 x86_64 x86_64 x86_64 GNU/Linux

-------------------- Storage usage --------------------
ファイルシス   サイズ  使用  残り 使用% マウント位置
/dev/vda4         96G  5.0G   91G    6% /
devtmpfs         2.0G     0  2.0G    0% /dev
tmpfs            2.0G     0  2.0G    0% /dev/shm
tmpfs            2.0G  710M  1.3G   36% /run
tmpfs            2.0G     0  2.0G    0% /sys/fs/cgroup
/dev/vda2        497M  215M  283M   44% /boot
tmpfs            396M     0  396M    0% /run/user/0
tmpfs            396M     0  396M    0% /run/user/1001

-------------------- System load --------------------
Linux 3.10.0-514.26.2.el7.x86_64 (sakura-tokyo-prod) 	2018年01月23日 	_x86_64_	(4 CPU)

00時00分02秒     CPU     %user     %nice   %system   %iowait    %steal     %idle
01時00分01秒     all      0.23      0.00      0.06      0.00      0.04     99.67
02時00分02秒     all      0.07      0.00      0.04      0.00      0.03     99.86
03時00分01秒     all      0.07      0.00      0.04      0.00      0.03     99.87
04時00分02秒     all      0.08      0.00      0.05      0.00      0.04     99.83
05時00分01秒     all      0.06      0.00      0.04      0.00      0.04     99.87
06時00分01秒     all      0.07      0.00      0.04      0.00      0.05     99.84
07時00分02秒     all      0.07      0.00      0.04      0.00      0.04     99.85
08時00分02秒     all      0.07      0.00      0.04      0.00      0.04     99.85
平均値:      all      0.09      0.00      0.04      0.00      0.04     99.83

-------------------- Logged in user --------------------
kca30d35 2018-01-19 12:42

==================== 2018-01-23 11:55:01 ====================

-------------------- uptime --------------------
 11:55:01 up 201 days, 44 min,  1 user,  load average: 0.00, 0.01, 0.05

-------------------- System info --------------------
Linux sakura-tokyo-prod 3.10.0-514.26.2.el7.x86_64 #1 SMP Tue Jul 4 15:04:05 UTC 2017 x86_64 x86_64 x86_64 GNU/Linux

-------------------- Storage usage --------------------
ファイルシス   サイズ  使用  残り 使用% マウント位置
/dev/vda4         96G  5.0G   91G    6% /
devtmpfs         2.0G     0  2.0G    0% /dev
tmpfs            2.0G     0  2.0G    0% /dev/shm
tmpfs            2.0G  710M  1.3G   36% /run
tmpfs            2.0G     0  2.0G    0% /sys/fs/cgroup
/dev/vda2        497M  215M  283M   44% /boot
tmpfs            396M     0  396M    0% /run/user/0
tmpfs            396M     0  396M    0% /run/user/1001

-------------------- System load --------------------
Linux 3.10.0-514.26.2.el7.x86_64 (sakura-tokyo-prod) 	2018年01月23日 	_x86_64_	(4 CPU)

00時00分02秒     CPU     %user     %nice   %system   %iowait    %steal     %idle
01時00分01秒     all      0.23      0.00      0.06      0.00      0.04     99.67
02時00分02秒     all      0.07      0.00      0.04      0.00      0.03     99.86
03時00分01秒     all      0.07      0.00      0.04      0.00      0.03     99.87
04時00分02秒     all      0.08      0.00      0.05      0.00      0.04     99.83
05時00分01秒     all      0.06      0.00      0.04      0.00      0.04     99.87
06時00分01秒     all      0.07      0.00      0.04      0.00      0.05     99.84
07時00分02秒     all      0.07      0.00      0.04      0.00      0.04     99.85
08時00分02秒     all      0.07      0.00      0.04      0.00      0.04     99.85
09時00分01秒     all      0.08      0.00      0.04      0.00      0.04     99.84
10時00分02秒     all      0.17      0.00      0.05      0.00      0.05     99.73
11時00分01秒     all      0.16      0.00      0.05      0.00      0.05     99.75
平均値:      all      0.10      0.00      0.04      0.00      0.04     99.81

-------------------- Logged in user --------------------
k64b4140 2018-01-19 12:42

==================== 2018-01-23 14:55:01 ====================

-------------------- uptime --------------------
 14:55:01 up 201 days,  3:44,  0 users,  load average: 0.00, 0.01, 0.05

-------------------- System info --------------------
Linux sakura-tokyo-prod 3.10.0-514.26.2.el7.x86_64 #1 SMP Tue Jul 4 15:04:05 UTC 2017 x86_64 x86_64 x86_64 GNU/Linux

-------------------- Storage usage --------------------
ファイルシス   サイズ  使用  残り 使用% マウント位置
/dev/vda4         96G  5.0G   91G    6% /
devtmpfs         2.0G     0  2.0G    0% /dev
tmpfs            2.0G     0  2.0G    0% /dev/shm
tmpfs            2.0G  710M  1.3G   36% /run
tmpfs            2.0G     0  2.0G    0% /sys/fs/cgroup
/dev/vda2        497M  215M  283M   44% /boot
tmpfs            396M     0  396M    0% /run/user/0
tmpfs            396M     0  396M    0% /run/user/1001

-------------------- System load --------------------
Linux 3.10.0-514.26.2.el7.x86_64 (sakura-tokyo-prod) 	2018年01月23日 	_x86_64_	(4 CPU)

00時00分02秒     CPU     %user     %nice   %system   %iowait    %steal     %idle
01時00分01秒     all      0.23      0.00      0.06      0.00      0.04     99.67
02時00分02秒     all      0.07      0.00      0.04      0.00      0.03     99.86
03時00分01秒     all      0.07      0.00      0.04      0.00      0.03     99.87
04時00分02秒     all      0.08      0.00      0.05      0.00      0.04     99.83
05時00分01秒     all      0.06      0.00      0.04      0.00      0.04     99.87
06時00分01秒     all      0.07      0.00      0.04      0.00      0.05     99.84
07時00分02秒     all      0.07      0.00      0.04      0.00      0.04     99.85
08時00分02秒     all      0.07      0.00      0.04      0.00      0.04     99.85
09時00分01秒     all      0.08      0.00      0.04      0.00      0.04     99.84
10時00分02秒     all      0.17      0.00      0.05      0.00      0.05     99.73
11時00分01秒     all      0.16      0.00      0.05      0.00      0.05     99.75
12時00分01秒     all      0.08      0.00      0.04      0.00      0.05     99.83
13時00分02秒     all      0.09      0.00      0.05      0.00      0.06     99.80
14時00分02秒     all      0.08      0.00      0.05      0.00      0.06     99.82
平均値:      all      0.10      0.00      0.04      0.00      0.04     99.81

-------------------- Logged in user --------------------


==================== 2018-01-23 17:55:01 ====================

-------------------- uptime --------------------
 17:55:01 up 201 days,  6:44,  0 users,  load average: 0.00, 0.01, 0.05

-------------------- System info --------------------
Linux sakura-tokyo-prod 3.10.0-514.26.2.el7.x86_64 #1 SMP Tue Jul 4 15:04:05 UTC 2017 x86_64 x86_64 x86_64 GNU/Linux

-------------------- Storage usage --------------------
ファイルシス   サイズ  使用  残り 使用% マウント位置
/dev/vda4         96G  5.0G   91G    6% /
devtmpfs         2.0G     0  2.0G    0% /dev
tmpfs            2.0G     0  2.0G    0% /dev/shm
tmpfs            2.0G  710M  1.3G   36% /run
tmpfs            2.0G     0  2.0G    0% /sys/fs/cgroup
/dev/vda2        497M  215M  283M   44% /boot
tmpfs            396M     0  396M    0% /run/user/0
tmpfs            396M     0  396M    0% /run/user/1001

-------------------- System load --------------------
Linux 3.10.0-514.26.2.el7.x86_64 (sakura-tokyo-prod) 	2018年01月23日 	_x86_64_	(4 CPU)

00時00分02秒     CPU     %user     %nice   %system   %iowait    %steal     %idle
01時00分01秒     all      0.23      0.00      0.06      0.00      0.04     99.67
02時00分02秒     all      0.07      0.00      0.04      0.00      0.03     99.86
03時00分01秒     all      0.07      0.00      0.04      0.00      0.03     99.87
04時00分02秒     all      0.08      0.00      0.05      0.00      0.04     99.83
05時00分01秒     all      0.06      0.00      0.04      0.00      0.04     99.87
06時00分01秒     all      0.07      0.00      0.04      0.00      0.05     99.84
07時00分02秒     all      0.07      0.00      0.04      0.00      0.04     99.85
08時00分02秒     all      0.07      0.00      0.04      0.00      0.04     99.85
09時00分01秒     all      0.08      0.00      0.04      0.00      0.04     99.84
10時00分02秒     all      0.17      0.00      0.05      0.00      0.05     99.73
11時00分01秒     all      0.16      0.00      0.05      0.00      0.05     99.75
12時00分01秒     all      0.08      0.00      0.04      0.00      0.05     99.83
13時00分02秒     all      0.09      0.00      0.05      0.00      0.06     99.80
14時00分02秒     all      0.08      0.00      0.05      0.00      0.06     99.82
15時00分01秒     all      0.11      0.00      0.05      0.00      0.05     99.79
16時00分02秒     all      0.10      0.00      0.04      0.00      0.05     99.81
17時00分02秒     all      0.08      0.00      0.04      0.00      0.05     99.83
平均値:      all      0.10      0.00      0.04      0.00      0.04     99.81

-------------------- Logged in user --------------------


==================== 2018-01-23 20:55:01 ====================

-------------------- uptime --------------------
 20:55:01 up 201 days,  9:44,  0 users,  load average: 0.00, 0.01, 0.05

-------------------- System info --------------------
Linux sakura-tokyo-prod 3.10.0-514.26.2.el7.x86_64 #1 SMP Tue Jul 4 15:04:05 UTC 2017 x86_64 x86_64 x86_64 GNU/Linux

-------------------- Storage usage --------------------
ファイルシス   サイズ  使用  残り 使用% マウント位置
/dev/vda4         96G  5.0G   91G    6% /
devtmpfs         2.0G     0  2.0G    0% /dev
tmpfs            2.0G     0  2.0G    0% /dev/shm
tmpfs            2.0G  711M  1.3G   36% /run
tmpfs            2.0G     0  2.0G    0% /sys/fs/cgroup
/dev/vda2        497M  215M  283M   44% /boot
tmpfs            396M     0  396M    0% /run/user/0
tmpfs            396M     0  396M    0% /run/user/1001

-------------------- System load --------------------
Linux 3.10.0-514.26.2.el7.x86_64 (sakura-tokyo-prod) 	2018年01月23日 	_x86_64_	(4 CPU)

00時00分02秒     CPU     %user     %nice   %system   %iowait    %steal     %idle
01時00分01秒     all      0.23      0.00      0.06      0.00      0.04     99.67
02時00分02秒     all      0.07      0.00      0.04      0.00      0.03     99.86
03時00分01秒     all      0.07      0.00      0.04      0.00      0.03     99.87
04時00分02秒     all      0.08      0.00      0.05      0.00      0.04     99.83
05時00分01秒     all      0.06      0.00      0.04      0.00      0.04     99.87
06時00分01秒     all      0.07      0.00      0.04      0.00      0.05     99.84
07時00分02秒     all      0.07      0.00      0.04      0.00      0.04     99.85
08時00分02秒     all      0.07      0.00      0.04      0.00      0.04     99.85
09時00分01秒     all      0.08      0.00      0.04      0.00      0.04     99.84
10時00分02秒     all      0.17      0.00      0.05      0.00      0.05     99.73
11時00分01秒     all      0.16      0.00      0.05      0.00      0.05     99.75
12時00分01秒     all      0.08      0.00      0.04      0.00      0.05     99.83
13時00分02秒     all      0.09      0.00      0.05      0.00      0.06     99.80
14時00分02秒     all      0.08      0.00      0.05      0.00      0.06     99.82
15時00分01秒     all      0.11      0.00      0.05      0.00      0.05     99.79
16時00分02秒     all      0.10      0.00      0.04      0.00      0.05     99.81
17時00分02秒     all      0.08      0.00      0.04      0.00      0.05     99.83
18時00分01秒     all      0.08      0.00      0.04      0.00      0.04     99.83
19時00分01秒     all      0.09      0.00      0.04      0.00      0.04     99.83
20時00分01秒     all      0.10      0.00      0.04      0.00      0.04     99.81
平均値:      all      0.10      0.00      0.04      0.00      0.04     99.82

-------------------- Logged in user --------------------


==================== 2018-01-23 23:55:02 ====================

-------------------- uptime --------------------
 23:55:02 up 201 days, 12:44,  0 users,  load average: 0.00, 0.01, 0.05

-------------------- System info --------------------
Linux sakura-tokyo-prod 3.10.0-514.26.2.el7.x86_64 #1 SMP Tue Jul 4 15:04:05 UTC 2017 x86_64 x86_64 x86_64 GNU/Linux

-------------------- Storage usage --------------------
ファイルシス   サイズ  使用  残り 使用% マウント位置
/dev/vda4         96G  5.0G   91G    6% /
devtmpfs         2.0G     0  2.0G    0% /dev
tmpfs            2.0G     0  2.0G    0% /dev/shm
tmpfs            2.0G  711M  1.3G   36% /run
tmpfs            2.0G     0  2.0G    0% /sys/fs/cgroup
/dev/vda2        497M  215M  283M   44% /boot
tmpfs            396M     0  396M    0% /run/user/0
tmpfs            396M     0  396M    0% /run/user/1001

-------------------- System load --------------------
Linux 3.10.0-514.26.2.el7.x86_64 (sakura-tokyo-prod) 	2018年01月23日 	_x86_64_	(4 CPU)

00時00分02秒     CPU     %user     %nice   %system   %iowait    %steal     %idle
01時00分01秒     all      0.23      0.00      0.06      0.00      0.04     99.67
02時00分02秒     all      0.07      0.00      0.04      0.00      0.03     99.86
03時00分01秒     all      0.07      0.00      0.04      0.00      0.03     99.87
04時00分02秒     all      0.08      0.00      0.05      0.00      0.04     99.83
05時00分01秒     all      0.06      0.00      0.04      0.00      0.04     99.87
06時00分01秒     all      0.07      0.00      0.04      0.00      0.05     99.84
07時00分02秒     all      0.07      0.00      0.04      0.00      0.04     99.85
08時00分02秒     all      0.07      0.00      0.04      0.00      0.04     99.85
09時00分01秒     all      0.08      0.00      0.04      0.00      0.04     99.84
10時00分02秒     all      0.17      0.00      0.05      0.00      0.05     99.73
11時00分01秒     all      0.16      0.00      0.05      0.00      0.05     99.75
12時00分01秒     all      0.08      0.00      0.04      0.00      0.05     99.83
13時00分02秒     all      0.09      0.00      0.05      0.00      0.06     99.80
14時00分02秒     all      0.08      0.00      0.05      0.00      0.06     99.82
15時00分01秒     all      0.11      0.00      0.05      0.00      0.05     99.79
16時00分02秒     all      0.10      0.00      0.04      0.00      0.05     99.81
17時00分02秒     all      0.08      0.00      0.04      0.00      0.05     99.83
18時00分01秒     all      0.08      0.00      0.04      0.00      0.04     99.83
19時00分01秒     all      0.09      0.00      0.04      0.00      0.04     99.83
20時00分01秒     all      0.10      0.00      0.04      0.00      0.04     99.81
21時00分01秒     all      0.12      0.00      0.05      0.00      0.04     99.79
22時00分02秒     all      0.08      0.00      0.04      0.00      0.04     99.84
23時00分01秒     all      0.13      0.00      0.04      0.00      0.05     99.77
平均値:      all      0.10      0.00      0.04      0.00      0.04     99.81

-------------------- Logged in user --------------------


