==================== 2018-01-24 02:55:01 ====================

-------------------- uptime --------------------
 02:55:01 up 201 days, 15:44,  0 users,  load average: 0.00, 0.01, 0.05

-------------------- System info --------------------
Linux sakura-tokyo-prod 3.10.0-514.26.2.el7.x86_64 #1 SMP Tue Jul 4 15:04:05 UTC 2017 x86_64 x86_64 x86_64 GNU/Linux

-------------------- Storage usage --------------------
ファイルシス   サイズ  使用  残り 使用% マウント位置
/dev/vda4         96G  5.0G   91G    6% /
devtmpfs         2.0G     0  2.0G    0% /dev
tmpfs            2.0G     0  2.0G    0% /dev/shm
tmpfs            2.0G  711M  1.3G   36% /run
tmpfs            2.0G     0  2.0G    0% /sys/fs/cgroup
/dev/vda2        497M  215M  283M   44% /boot
tmpfs            396M     0  396M    0% /run/user/0
tmpfs            396M     0  396M    0% /run/user/1001

-------------------- System load --------------------
Linux 3.10.0-514.26.2.el7.x86_64 (sakura-tokyo-prod) 	2018年01月24日 	_x86_64_	(4 CPU)

00時00分02秒     CPU     %user     %nice   %system   %iowait    %steal     %idle
01時00分02秒     all      0.09      0.00      0.04      0.00      0.04     99.83
02時00分02秒     all      0.07      0.00      0.04      0.00      0.03     99.86
平均値:      all      0.08      0.00      0.04      0.00      0.04     99.84

-------------------- Logged in user --------------------


==================== 2018-01-24 05:55:01 ====================

-------------------- uptime --------------------
 05:55:01 up 201 days, 18:44,  1 user,  load average: 0.00, 0.01, 0.05

-------------------- System info --------------------
Linux sakura-tokyo-prod 3.10.0-514.26.2.el7.x86_64 #1 SMP Tue Jul 4 15:04:05 UTC 2017 x86_64 x86_64 x86_64 GNU/Linux

-------------------- Storage usage --------------------
ファイルシス   サイズ  使用  残り 使用% マウント位置
/dev/vda4         96G  5.0G   91G    6% /
devtmpfs         2.0G     0  2.0G    0% /dev
tmpfs            2.0G     0  2.0G    0% /dev/shm
tmpfs            2.0G  711M  1.3G   36% /run
tmpfs            2.0G     0  2.0G    0% /sys/fs/cgroup
/dev/vda2        497M  215M  283M   44% /boot
tmpfs            396M     0  396M    0% /run/user/0
tmpfs            396M     0  396M    0% /run/user/1001

-------------------- System load --------------------
Linux 3.10.0-514.26.2.el7.x86_64 (sakura-tokyo-prod) 	2018年01月24日 	_x86_64_	(4 CPU)

00時00分02秒     CPU     %user     %nice   %system   %iowait    %steal     %idle
01時00分02秒     all      0.09      0.00      0.04      0.00      0.04     99.83
02時00分02秒     all      0.07      0.00      0.04      0.00      0.03     99.86
03時00分02秒     all      0.07      0.00      0.03      0.00      0.04     99.86
04時00分02秒     all      0.09      0.00      0.05      0.00      0.04     99.82
05時00分02秒     all      0.09      0.00      0.04      0.00      0.03     99.84
平均値:      all      0.08      0.00      0.04      0.00      0.04     99.84

-------------------- Logged in user --------------------
kb9f169a 2018-01-24 03:33

==================== 2018-01-24 08:55:01 ====================

-------------------- uptime --------------------
 08:55:01 up 201 days, 21:44,  1 user,  load average: 0.02, 0.03, 0.05

-------------------- System info --------------------
Linux sakura-tokyo-prod 3.10.0-514.26.2.el7.x86_64 #1 SMP Tue Jul 4 15:04:05 UTC 2017 x86_64 x86_64 x86_64 GNU/Linux

-------------------- Storage usage --------------------
ファイルシス   サイズ  使用  残り 使用% マウント位置
/dev/vda4         96G  5.0G   91G    6% /
devtmpfs         2.0G     0  2.0G    0% /dev
tmpfs            2.0G     0  2.0G    0% /dev/shm
tmpfs            2.0G  711M  1.3G   36% /run
tmpfs            2.0G     0  2.0G    0% /sys/fs/cgroup
/dev/vda2        497M  215M  283M   44% /boot
tmpfs            396M     0  396M    0% /run/user/0
tmpfs            396M     0  396M    0% /run/user/1001

-------------------- System load --------------------
Linux 3.10.0-514.26.2.el7.x86_64 (sakura-tokyo-prod) 	2018年01月24日 	_x86_64_	(4 CPU)

00時00分02秒     CPU     %user     %nice   %system   %iowait    %steal     %idle
01時00分02秒     all      0.09      0.00      0.04      0.00      0.04     99.83
02時00分02秒     all      0.07      0.00      0.04      0.00      0.03     99.86
03時00分02秒     all      0.07      0.00      0.03      0.00      0.04     99.86
04時00分02秒     all      0.09      0.00      0.05      0.00      0.04     99.82
05時00分02秒     all      0.09      0.00      0.04      0.00      0.03     99.84
06時00分01秒     all      0.07      0.00      0.04      0.00      0.03     99.86
07時00分01秒     all      0.08      0.00      0.04      0.00      0.04     99.84
08時00分01秒     all      0.07      0.00      0.04      0.00      0.04     99.85
平均値:      all      0.08      0.00      0.04      0.00      0.04     99.84

-------------------- Logged in user --------------------
kacf4dd8 2018-01-24 03:33

==================== 2018-01-24 11:55:01 ====================

-------------------- uptime --------------------
 11:55:01 up 202 days, 44 min,  1 user,  load average: 0.00, 0.01, 0.05

-------------------- System info --------------------
Linux sakura-tokyo-prod 3.10.0-514.26.2.el7.x86_64 #1 SMP Tue Jul 4 15:04:05 UTC 2017 x86_64 x86_64 x86_64 GNU/Linux

-------------------- Storage usage --------------------
ファイルシス   サイズ  使用  残り 使用% マウント位置
/dev/vda4         96G  5.0G   91G    6% /
devtmpfs         2.0G     0  2.0G    0% /dev
tmpfs            2.0G     0  2.0G    0% /dev/shm
tmpfs            2.0G  711M  1.3G   36% /run
tmpfs            2.0G     0  2.0G    0% /sys/fs/cgroup
/dev/vda2        497M  215M  283M   44% /boot
tmpfs            396M     0  396M    0% /run/user/0
tmpfs            396M     0  396M    0% /run/user/1001

-------------------- System load --------------------
Linux 3.10.0-514.26.2.el7.x86_64 (sakura-tokyo-prod) 	2018年01月24日 	_x86_64_	(4 CPU)

00時00分02秒     CPU     %user     %nice   %system   %iowait    %steal     %idle
01時00分02秒     all      0.09      0.00      0.04      0.00      0.04     99.83
02時00分02秒     all      0.07      0.00      0.04      0.00      0.03     99.86
03時00分02秒     all      0.07      0.00      0.03      0.00      0.04     99.86
04時00分02秒     all      0.09      0.00      0.05      0.00      0.04     99.82
05時00分02秒     all      0.09      0.00      0.04      0.00      0.03     99.84
06時00分01秒     all      0.07      0.00      0.04      0.00      0.03     99.86
07時00分01秒     all      0.08      0.00      0.04      0.00      0.04     99.84
08時00分01秒     all      0.07      0.00      0.04      0.00      0.04     99.85
09時00分01秒     all      0.08      0.00      0.04      0.00      0.04     99.84
10時00分01秒     all      0.10      0.00      0.04      0.00      0.04     99.82
11時00分02秒     all      0.07      0.00      0.04      0.00      0.05     99.84
平均値:      all      0.08      0.00      0.04      0.00      0.04     99.84

-------------------- Logged in user --------------------
k646c2b3 2018-01-24 03:33

==================== 2018-01-24 14:55:01 ====================

-------------------- uptime --------------------
 14:55:01 up 202 days,  3:44,  0 users,  load average: 0.00, 0.01, 0.05

-------------------- System info --------------------
Linux sakura-tokyo-prod 3.10.0-514.26.2.el7.x86_64 #1 SMP Tue Jul 4 15:04:05 UTC 2017 x86_64 x86_64 x86_64 GNU/Linux

-------------------- Storage usage --------------------
ファイルシス   サイズ  使用  残り 使用% マウント位置
/dev/vda4         96G  5.0G   91G    6% /
devtmpfs         2.0G     0  2.0G    0% /dev
tmpfs            2.0G     0  2.0G    0% /dev/shm
tmpfs            2.0G  703M  1.3G   36% /run
tmpfs            2.0G     0  2.0G    0% /sys/fs/cgroup
/dev/vda2        497M  215M  283M   44% /boot
tmpfs            396M     0  396M    0% /run/user/0
tmpfs            396M     0  396M    0% /run/user/1001

-------------------- System load --------------------
Linux 3.10.0-514.26.2.el7.x86_64 (sakura-tokyo-prod) 	2018年01月24日 	_x86_64_	(4 CPU)

00時00分02秒     CPU     %user     %nice   %system   %iowait    %steal     %idle
01時00分02秒     all      0.09      0.00      0.04      0.00      0.04     99.83
02時00分02秒     all      0.07      0.00      0.04      0.00      0.03     99.86
03時00分02秒     all      0.07      0.00      0.03      0.00      0.04     99.86
04時00分02秒     all      0.09      0.00      0.05      0.00      0.04     99.82
05時00分02秒     all      0.09      0.00      0.04      0.00      0.03     99.84
06時00分01秒     all      0.07      0.00      0.04      0.00      0.03     99.86
07時00分01秒     all      0.08      0.00      0.04      0.00      0.04     99.84
08時00分01秒     all      0.07      0.00      0.04      0.00      0.04     99.85
09時00分01秒     all      0.08      0.00      0.04      0.00      0.04     99.84
10時00分01秒     all      0.10      0.00      0.04      0.00      0.04     99.82
11時00分02秒     all      0.07      0.00      0.04      0.00      0.05     99.84
12時00分02秒     all      0.07      0.00      0.04      0.00      0.05     99.84
13時00分02秒     all      0.10      0.00      0.05      0.00      0.08     99.77
14時00分02秒     all      0.07      0.00      0.04      0.00      0.06     99.83
平均値:      all      0.08      0.00      0.04      0.00      0.04     99.83

-------------------- Logged in user --------------------


==================== 2018-01-24 17:55:01 ====================

-------------------- uptime --------------------
 17:55:01 up 202 days,  6:44,  0 users,  load average: 0.00, 0.01, 0.05

-------------------- System info --------------------
Linux sakura-tokyo-prod 3.10.0-514.26.2.el7.x86_64 #1 SMP Tue Jul 4 15:04:05 UTC 2017 x86_64 x86_64 x86_64 GNU/Linux

-------------------- Storage usage --------------------
ファイルシス   サイズ  使用  残り 使用% マウント位置
/dev/vda4         96G  5.0G   91G    6% /
devtmpfs         2.0G     0  2.0G    0% /dev
tmpfs            2.0G     0  2.0G    0% /dev/shm
tmpfs            2.0G  703M  1.3G   36% /run
tmpfs            2.0G     0  2.0G    0% /sys/fs/cgroup
/dev/vda2        497M  215M  283M   44% /boot
tmpfs            396M     0  396M    0% /run/user/0
tmpfs            396M     0  396M    0% /run/user/1001

-------------------- System load --------------------
Linux 3.10.0-514.26.2.el7.x86_64 (sakura-tokyo-prod) 	2018年01月24日 	_x86_64_	(4 CPU)

00時00分02秒     CPU     %user     %nice   %system   %iowait    %steal     %idle
01時00分02秒     all      0.09      0.00      0.04      0.00      0.04     99.83
02時00分02秒     all      0.07      0.00      0.04      0.00      0.03     99.86
03時00分02秒     all      0.07      0.00      0.03      0.00      0.04     99.86
04時00分02秒     all      0.09      0.00      0.05      0.00      0.04     99.82
05時00分02秒     all      0.09      0.00      0.04      0.00      0.03     99.84
06時00分01秒     all      0.07      0.00      0.04      0.00      0.03     99.86
07時00分01秒     all      0.08      0.00      0.04      0.00      0.04     99.84
08時00分01秒     all      0.07      0.00      0.04      0.00      0.04     99.85
09時00分01秒     all      0.08      0.00      0.04      0.00      0.04     99.84
10時00分01秒     all      0.10      0.00      0.04      0.00      0.04     99.82
11時00分02秒     all      0.07      0.00      0.04      0.00      0.05     99.84
12時00分02秒     all      0.07      0.00      0.04      0.00      0.05     99.84
13時00分02秒     all      0.10      0.00      0.05      0.00      0.08     99.77
14時00分02秒     all      0.07      0.00      0.04      0.00      0.06     99.83
15時00分01秒     all      0.08      0.00      0.05      0.00      0.04     99.84
16時00分01秒     all      0.08      0.00      0.04      0.00      0.04     99.84
17時00分01秒     all      0.09      0.00      0.04      0.00      0.04     99.82
平均値:      all      0.08      0.00      0.04      0.00      0.04     99.83

-------------------- Logged in user --------------------


==================== 2018-01-24 20:55:01 ====================

-------------------- uptime --------------------
 20:55:01 up 202 days,  9:44,  0 users,  load average: 0.00, 0.01, 0.05

-------------------- System info --------------------
Linux sakura-tokyo-prod 3.10.0-514.26.2.el7.x86_64 #1 SMP Tue Jul 4 15:04:05 UTC 2017 x86_64 x86_64 x86_64 GNU/Linux

-------------------- Storage usage --------------------
ファイルシス   サイズ  使用  残り 使用% マウント位置
/dev/vda4         96G  5.0G   91G    6% /
devtmpfs         2.0G     0  2.0G    0% /dev
tmpfs            2.0G     0  2.0G    0% /dev/shm
tmpfs            2.0G  703M  1.3G   36% /run
tmpfs            2.0G     0  2.0G    0% /sys/fs/cgroup
/dev/vda2        497M  215M  283M   44% /boot
tmpfs            396M     0  396M    0% /run/user/0
tmpfs            396M     0  396M    0% /run/user/1001

-------------------- System load --------------------
Linux 3.10.0-514.26.2.el7.x86_64 (sakura-tokyo-prod) 	2018年01月24日 	_x86_64_	(4 CPU)

00時00分02秒     CPU     %user     %nice   %system   %iowait    %steal     %idle
01時00分02秒     all      0.09      0.00      0.04      0.00      0.04     99.83
02時00分02秒     all      0.07      0.00      0.04      0.00      0.03     99.86
03時00分02秒     all      0.07      0.00      0.03      0.00      0.04     99.86
04時00分02秒     all      0.09      0.00      0.05      0.00      0.04     99.82
05時00分02秒     all      0.09      0.00      0.04      0.00      0.03     99.84
06時00分01秒     all      0.07      0.00      0.04      0.00      0.03     99.86
07時00分01秒     all      0.08      0.00      0.04      0.00      0.04     99.84
08時00分01秒     all      0.07      0.00      0.04      0.00      0.04     99.85
09時00分01秒     all      0.08      0.00      0.04      0.00      0.04     99.84
10時00分01秒     all      0.10      0.00      0.04      0.00      0.04     99.82
11時00分02秒     all      0.07      0.00      0.04      0.00      0.05     99.84
12時00分02秒     all      0.07      0.00      0.04      0.00      0.05     99.84
13時00分02秒     all      0.10      0.00      0.05      0.00      0.08     99.77
14時00分02秒     all      0.07      0.00      0.04      0.00      0.06     99.83
15時00分01秒     all      0.08      0.00      0.05      0.00      0.04     99.84
16時00分01秒     all      0.08      0.00      0.04      0.00      0.04     99.84
17時00分01秒     all      0.09      0.00      0.04      0.00      0.04     99.82
18時00分02秒     all      0.07      0.00      0.04      0.00      0.04     99.85
19時00分02秒     all      0.08      0.00      0.04      0.00      0.03     99.85
20時00分02秒     all      0.09      0.00      0.04      0.00      0.04     99.83
平均値:      all      0.08      0.00      0.04      0.00      0.04     99.83

-------------------- Logged in user --------------------


==================== 2018-01-24 23:55:01 ====================

-------------------- uptime --------------------
 23:55:01 up 202 days, 12:44,  0 users,  load average: 0.00, 0.01, 0.05

-------------------- System info --------------------
Linux sakura-tokyo-prod 3.10.0-514.26.2.el7.x86_64 #1 SMP Tue Jul 4 15:04:05 UTC 2017 x86_64 x86_64 x86_64 GNU/Linux

-------------------- Storage usage --------------------
ファイルシス   サイズ  使用  残り 使用% マウント位置
/dev/vda4         96G  5.0G   91G    6% /
devtmpfs         2.0G     0  2.0G    0% /dev
tmpfs            2.0G     0  2.0G    0% /dev/shm
tmpfs            2.0G  703M  1.3G   36% /run
tmpfs            2.0G     0  2.0G    0% /sys/fs/cgroup
/dev/vda2        497M  215M  283M   44% /boot
tmpfs            396M     0  396M    0% /run/user/0
tmpfs            396M     0  396M    0% /run/user/1001

-------------------- System load --------------------
Linux 3.10.0-514.26.2.el7.x86_64 (sakura-tokyo-prod) 	2018年01月24日 	_x86_64_	(4 CPU)

00時00分02秒     CPU     %user     %nice   %system   %iowait    %steal     %idle
01時00分02秒     all      0.09      0.00      0.04      0.00      0.04     99.83
02時00分02秒     all      0.07      0.00      0.04      0.00      0.03     99.86
03時00分02秒     all      0.07      0.00      0.03      0.00      0.04     99.86
04時00分02秒     all      0.09      0.00      0.05      0.00      0.04     99.82
05時00分02秒     all      0.09      0.00      0.04      0.00      0.03     99.84
06時00分01秒     all      0.07      0.00      0.04      0.00      0.03     99.86
07時00分01秒     all      0.08      0.00      0.04      0.00      0.04     99.84
08時00分01秒     all      0.07      0.00      0.04      0.00      0.04     99.85
09時00分01秒     all      0.08      0.00      0.04      0.00      0.04     99.84
10時00分01秒     all      0.10      0.00      0.04      0.00      0.04     99.82
11時00分02秒     all      0.07      0.00      0.04      0.00      0.05     99.84
12時00分02秒     all      0.07      0.00      0.04      0.00      0.05     99.84
13時00分02秒     all      0.10      0.00      0.05      0.00      0.08     99.77
14時00分02秒     all      0.07      0.00      0.04      0.00      0.06     99.83
15時00分01秒     all      0.08      0.00      0.05      0.00      0.04     99.84
16時00分01秒     all      0.08      0.00      0.04      0.00      0.04     99.84
17時00分01秒     all      0.09      0.00      0.04      0.00      0.04     99.82
18時00分02秒     all      0.07      0.00      0.04      0.00      0.04     99.85
19時00分02秒     all      0.08      0.00      0.04      0.00      0.03     99.85
20時00分02秒     all      0.09      0.00      0.04      0.00      0.04     99.83
21時00分02秒     all      0.08      0.00      0.04      0.00      0.03     99.85
22時00分01秒     all      0.08      0.00      0.04      0.00      0.03     99.85
23時00分01秒     all      0.12      0.00      0.05      0.00      0.04     99.79
平均値:      all      0.08      0.00      0.04      0.00      0.04     99.83

-------------------- Logged in user --------------------


