==================== 2018-01-25 02:55:01 ====================

-------------------- uptime --------------------
 02:55:01 up 202 days, 15:44,  0 users,  load average: 0.00, 0.01, 0.05

-------------------- System info --------------------
Linux sakura-tokyo-prod 3.10.0-514.26.2.el7.x86_64 #1 SMP Tue Jul 4 15:04:05 UTC 2017 x86_64 x86_64 x86_64 GNU/Linux

-------------------- Storage usage --------------------
ファイルシス   サイズ  使用  残り 使用% マウント位置
/dev/vda4         96G  5.0G   91G    6% /
devtmpfs         2.0G     0  2.0G    0% /dev
tmpfs            2.0G     0  2.0G    0% /dev/shm
tmpfs            2.0G  704M  1.3G   36% /run
tmpfs            2.0G     0  2.0G    0% /sys/fs/cgroup
/dev/vda2        497M  215M  283M   44% /boot
tmpfs            396M     0  396M    0% /run/user/0
tmpfs            396M     0  396M    0% /run/user/1001

-------------------- System load --------------------
Linux 3.10.0-514.26.2.el7.x86_64 (sakura-tokyo-prod) 	2018年01月25日 	_x86_64_	(4 CPU)

00時00分01秒     CPU     %user     %nice   %system   %iowait    %steal     %idle
01時00分02秒     all      0.32      0.00      0.07      0.00      0.06     99.54
02時00分02秒     all      0.51      0.00      0.09      0.00      0.06     99.35
平均値:      all      0.41      0.00      0.08      0.00      0.06     99.45

-------------------- Logged in user --------------------


==================== 2018-01-25 05:55:01 ====================

-------------------- uptime --------------------
 05:55:01 up 202 days, 18:44,  0 users,  load average: 0.00, 0.01, 0.05

-------------------- System info --------------------
Linux sakura-tokyo-prod 3.10.0-514.26.2.el7.x86_64 #1 SMP Tue Jul 4 15:04:05 UTC 2017 x86_64 x86_64 x86_64 GNU/Linux

-------------------- Storage usage --------------------
ファイルシス   サイズ  使用  残り 使用% マウント位置
/dev/vda4         96G  5.0G   91G    6% /
devtmpfs         2.0G     0  2.0G    0% /dev
tmpfs            2.0G     0  2.0G    0% /dev/shm
tmpfs            2.0G  704M  1.3G   36% /run
tmpfs            2.0G     0  2.0G    0% /sys/fs/cgroup
/dev/vda2        497M  215M  283M   44% /boot
tmpfs            396M     0  396M    0% /run/user/0
tmpfs            396M     0  396M    0% /run/user/1001

-------------------- System load --------------------
Linux 3.10.0-514.26.2.el7.x86_64 (sakura-tokyo-prod) 	2018年01月25日 	_x86_64_	(4 CPU)

00時00分01秒     CPU     %user     %nice   %system   %iowait    %steal     %idle
01時00分02秒     all      0.32      0.00      0.07      0.00      0.06     99.54
02時00分02秒     all      0.51      0.00      0.09      0.00      0.06     99.35
03時00分01秒     all      0.07      0.00      0.03      0.00      0.03     99.87
04時00分02秒     all      0.08      0.00      0.04      0.00      0.04     99.85
05時00分02秒     all      0.18      0.00      0.05      0.00      0.05     99.72
平均値:      all      0.23      0.00      0.06      0.00      0.05     99.66

-------------------- Logged in user --------------------


==================== 2018-01-25 08:55:01 ====================

-------------------- uptime --------------------
 08:55:01 up 202 days, 21:44,  0 users,  load average: 0.00, 0.01, 0.05

-------------------- System info --------------------
Linux sakura-tokyo-prod 3.10.0-514.26.2.el7.x86_64 #1 SMP Tue Jul 4 15:04:05 UTC 2017 x86_64 x86_64 x86_64 GNU/Linux

-------------------- Storage usage --------------------
ファイルシス   サイズ  使用  残り 使用% マウント位置
/dev/vda4         96G  5.0G   91G    6% /
devtmpfs         2.0G     0  2.0G    0% /dev
tmpfs            2.0G     0  2.0G    0% /dev/shm
tmpfs            2.0G  704M  1.3G   36% /run
tmpfs            2.0G     0  2.0G    0% /sys/fs/cgroup
/dev/vda2        497M  215M  283M   44% /boot
tmpfs            396M     0  396M    0% /run/user/0
tmpfs            396M     0  396M    0% /run/user/1001

-------------------- System load --------------------
Linux 3.10.0-514.26.2.el7.x86_64 (sakura-tokyo-prod) 	2018年01月25日 	_x86_64_	(4 CPU)

00時00分01秒     CPU     %user     %nice   %system   %iowait    %steal     %idle
01時00分02秒     all      0.32      0.00      0.07      0.00      0.06     99.54
02時00分02秒     all      0.51      0.00      0.09      0.00      0.06     99.35
03時00分01秒     all      0.07      0.00      0.03      0.00      0.03     99.87
04時00分02秒     all      0.08      0.00      0.04      0.00      0.04     99.85
05時00分02秒     all      0.18      0.00      0.05      0.00      0.05     99.72
06時00分02秒     all      0.17      0.00      0.05      0.00      0.05     99.73
07時00分01秒     all      0.08      0.00      0.04      0.00      0.04     99.84
08時00分02秒     all      0.06      0.00      0.03      0.00      0.05     99.86
平均値:      all      0.18      0.00      0.05      0.00      0.05     99.72

-------------------- Logged in user --------------------


==================== 2018-01-25 11:55:01 ====================

-------------------- uptime --------------------
 11:55:01 up 203 days, 44 min,  0 users,  load average: 0.00, 0.01, 0.05

-------------------- System info --------------------
Linux sakura-tokyo-prod 3.10.0-514.26.2.el7.x86_64 #1 SMP Tue Jul 4 15:04:05 UTC 2017 x86_64 x86_64 x86_64 GNU/Linux

-------------------- Storage usage --------------------
ファイルシス   サイズ  使用  残り 使用% マウント位置
/dev/vda4         96G  5.0G   91G    6% /
devtmpfs         2.0G     0  2.0G    0% /dev
tmpfs            2.0G     0  2.0G    0% /dev/shm
tmpfs            2.0G  704M  1.3G   36% /run
tmpfs            2.0G     0  2.0G    0% /sys/fs/cgroup
/dev/vda2        497M  215M  283M   44% /boot
tmpfs            396M     0  396M    0% /run/user/0
tmpfs            396M     0  396M    0% /run/user/1001

-------------------- System load --------------------
Linux 3.10.0-514.26.2.el7.x86_64 (sakura-tokyo-prod) 	2018年01月25日 	_x86_64_	(4 CPU)

00時00分01秒     CPU     %user     %nice   %system   %iowait    %steal     %idle
01時00分02秒     all      0.32      0.00      0.07      0.00      0.06     99.54
02時00分02秒     all      0.51      0.00      0.09      0.00      0.06     99.35
03時00分01秒     all      0.07      0.00      0.03      0.00      0.03     99.87
04時00分02秒     all      0.08      0.00      0.04      0.00      0.04     99.85
05時00分02秒     all      0.18      0.00      0.05      0.00      0.05     99.72
06時00分02秒     all      0.17      0.00      0.05      0.00      0.05     99.73
07時00分01秒     all      0.08      0.00      0.04      0.00      0.04     99.84
08時00分02秒     all      0.06      0.00      0.03      0.00      0.05     99.86
09時00分02秒     all      0.06      0.00      0.03      0.00      0.05     99.86
10時00分01秒     all      0.07      0.00      0.03      0.00      0.05     99.85
11時00分02秒     all      0.07      0.00      0.04      0.00      0.06     99.83
平均値:      all      0.15      0.00      0.05      0.00      0.05     99.75

-------------------- Logged in user --------------------


==================== 2018-01-25 14:55:01 ====================

-------------------- uptime --------------------
 14:55:01 up 203 days,  3:44,  0 users,  load average: 0.00, 0.01, 0.05

-------------------- System info --------------------
Linux sakura-tokyo-prod 3.10.0-514.26.2.el7.x86_64 #1 SMP Tue Jul 4 15:04:05 UTC 2017 x86_64 x86_64 x86_64 GNU/Linux

-------------------- Storage usage --------------------
ファイルシス   サイズ  使用  残り 使用% マウント位置
/dev/vda4         96G  5.0G   91G    6% /
devtmpfs         2.0G     0  2.0G    0% /dev
tmpfs            2.0G     0  2.0G    0% /dev/shm
tmpfs            2.0G  704M  1.3G   36% /run
tmpfs            2.0G     0  2.0G    0% /sys/fs/cgroup
/dev/vda2        497M  215M  283M   44% /boot
tmpfs            396M     0  396M    0% /run/user/0
tmpfs            396M     0  396M    0% /run/user/1001

-------------------- System load --------------------
Linux 3.10.0-514.26.2.el7.x86_64 (sakura-tokyo-prod) 	2018年01月25日 	_x86_64_	(4 CPU)

00時00分01秒     CPU     %user     %nice   %system   %iowait    %steal     %idle
01時00分02秒     all      0.32      0.00      0.07      0.00      0.06     99.54
02時00分02秒     all      0.51      0.00      0.09      0.00      0.06     99.35
03時00分01秒     all      0.07      0.00      0.03      0.00      0.03     99.87
04時00分02秒     all      0.08      0.00      0.04      0.00      0.04     99.85
05時00分02秒     all      0.18      0.00      0.05      0.00      0.05     99.72
06時00分02秒     all      0.17      0.00      0.05      0.00      0.05     99.73
07時00分01秒     all      0.08      0.00      0.04      0.00      0.04     99.84
08時00分02秒     all      0.06      0.00      0.03      0.00      0.05     99.86
09時00分02秒     all      0.06      0.00      0.03      0.00      0.05     99.86
10時00分01秒     all      0.07      0.00      0.03      0.00      0.05     99.85
11時00分02秒     all      0.07      0.00      0.04      0.00      0.06     99.83
12時00分02秒     all      0.09      0.00      0.05      0.00      0.05     99.81
13時00分02秒     all      0.09      0.00      0.05      0.00      0.07     99.79
14時00分02秒     all      0.07      0.00      0.05      0.00      0.05     99.83
平均値:      all      0.14      0.00      0.05      0.00      0.05     99.76

-------------------- Logged in user --------------------


==================== 2018-01-25 17:55:01 ====================

-------------------- uptime --------------------
 17:55:01 up 203 days,  6:44,  0 users,  load average: 0.01, 0.02, 0.05

-------------------- System info --------------------
Linux sakura-tokyo-prod 3.10.0-514.26.2.el7.x86_64 #1 SMP Tue Jul 4 15:04:05 UTC 2017 x86_64 x86_64 x86_64 GNU/Linux

-------------------- Storage usage --------------------
ファイルシス   サイズ  使用  残り 使用% マウント位置
/dev/vda4         96G  5.0G   91G    6% /
devtmpfs         2.0G     0  2.0G    0% /dev
tmpfs            2.0G     0  2.0G    0% /dev/shm
tmpfs            2.0G  704M  1.3G   36% /run
tmpfs            2.0G     0  2.0G    0% /sys/fs/cgroup
/dev/vda2        497M  215M  283M   44% /boot
tmpfs            396M     0  396M    0% /run/user/0
tmpfs            396M     0  396M    0% /run/user/1001

-------------------- System load --------------------
Linux 3.10.0-514.26.2.el7.x86_64 (sakura-tokyo-prod) 	2018年01月25日 	_x86_64_	(4 CPU)

00時00分01秒     CPU     %user     %nice   %system   %iowait    %steal     %idle
01時00分02秒     all      0.32      0.00      0.07      0.00      0.06     99.54
02時00分02秒     all      0.51      0.00      0.09      0.00      0.06     99.35
03時00分01秒     all      0.07      0.00      0.03      0.00      0.03     99.87
04時00分02秒     all      0.08      0.00      0.04      0.00      0.04     99.85
05時00分02秒     all      0.18      0.00      0.05      0.00      0.05     99.72
06時00分02秒     all      0.17      0.00      0.05      0.00      0.05     99.73
07時00分01秒     all      0.08      0.00      0.04      0.00      0.04     99.84
08時00分02秒     all      0.06      0.00      0.03      0.00      0.05     99.86
09時00分02秒     all      0.06      0.00      0.03      0.00      0.05     99.86
10時00分01秒     all      0.07      0.00      0.03      0.00      0.05     99.85
11時00分02秒     all      0.07      0.00      0.04      0.00      0.06     99.83
12時00分02秒     all      0.09      0.00      0.05      0.00      0.05     99.81
13時00分02秒     all      0.09      0.00      0.05      0.00      0.07     99.79
14時00分02秒     all      0.07      0.00      0.05      0.00      0.05     99.83
15時00分02秒     all      0.13      0.00      0.05      0.00      0.04     99.78
16時00分02秒     all      0.07      0.00      0.04      0.00      0.04     99.85
17時00分01秒     all      0.09      0.00      0.04      0.00      0.04     99.84
平均値:      all      0.13      0.00      0.05      0.00      0.05     99.77

-------------------- Logged in user --------------------


==================== 2018-01-25 20:55:01 ====================

-------------------- uptime --------------------
 20:55:01 up 203 days,  9:44,  1 user,  load average: 0.00, 0.01, 0.05

-------------------- System info --------------------
Linux sakura-tokyo-prod 3.10.0-514.26.2.el7.x86_64 #1 SMP Tue Jul 4 15:04:05 UTC 2017 x86_64 x86_64 x86_64 GNU/Linux

-------------------- Storage usage --------------------
ファイルシス   サイズ  使用  残り 使用% マウント位置
/dev/vda4         96G  5.0G   91G    6% /
devtmpfs         2.0G     0  2.0G    0% /dev
tmpfs            2.0G     0  2.0G    0% /dev/shm
tmpfs            2.0G  704M  1.3G   36% /run
tmpfs            2.0G     0  2.0G    0% /sys/fs/cgroup
/dev/vda2        497M  215M  283M   44% /boot
tmpfs            396M     0  396M    0% /run/user/0
tmpfs            396M     0  396M    0% /run/user/1001

-------------------- System load --------------------
Linux 3.10.0-514.26.2.el7.x86_64 (sakura-tokyo-prod) 	2018年01月25日 	_x86_64_	(4 CPU)

00時00分01秒     CPU     %user     %nice   %system   %iowait    %steal     %idle
01時00分02秒     all      0.32      0.00      0.07      0.00      0.06     99.54
02時00分02秒     all      0.51      0.00      0.09      0.00      0.06     99.35
03時00分01秒     all      0.07      0.00      0.03      0.00      0.03     99.87
04時00分02秒     all      0.08      0.00      0.04      0.00      0.04     99.85
05時00分02秒     all      0.18      0.00      0.05      0.00      0.05     99.72
06時00分02秒     all      0.17      0.00      0.05      0.00      0.05     99.73
07時00分01秒     all      0.08      0.00      0.04      0.00      0.04     99.84
08時00分02秒     all      0.06      0.00      0.03      0.00      0.05     99.86
09時00分02秒     all      0.06      0.00      0.03      0.00      0.05     99.86
10時00分01秒     all      0.07      0.00      0.03      0.00      0.05     99.85
11時00分02秒     all      0.07      0.00      0.04      0.00      0.06     99.83
12時00分02秒     all      0.09      0.00      0.05      0.00      0.05     99.81
13時00分02秒     all      0.09      0.00      0.05      0.00      0.07     99.79
14時00分02秒     all      0.07      0.00      0.05      0.00      0.05     99.83
15時00分02秒     all      0.13      0.00      0.05      0.00      0.04     99.78
16時00分02秒     all      0.07      0.00      0.04      0.00      0.04     99.85
17時00分01秒     all      0.09      0.00      0.04      0.00      0.04     99.84
18時00分02秒     all      0.07      0.00      0.04      0.00      0.04     99.86
19時00分02秒     all      0.11      0.00      0.05      0.00      0.04     99.80
20時00分01秒     all      0.11      0.00      0.05      0.00      0.04     99.81
平均値:      all      0.12      0.00      0.05      0.00      0.05     99.78

-------------------- Logged in user --------------------
k2bbd338 2018-01-25 18:39

==================== 2018-01-25 23:55:01 ====================

-------------------- uptime --------------------
 23:55:01 up 203 days, 12:44,  0 users,  load average: 0.03, 0.04, 0.05

-------------------- System info --------------------
Linux sakura-tokyo-prod 3.10.0-514.26.2.el7.x86_64 #1 SMP Tue Jul 4 15:04:05 UTC 2017 x86_64 x86_64 x86_64 GNU/Linux

-------------------- Storage usage --------------------
ファイルシス   サイズ  使用  残り 使用% マウント位置
/dev/vda4         96G  5.0G   91G    6% /
devtmpfs         2.0G     0  2.0G    0% /dev
tmpfs            2.0G     0  2.0G    0% /dev/shm
tmpfs            2.0G  704M  1.3G   36% /run
tmpfs            2.0G     0  2.0G    0% /sys/fs/cgroup
/dev/vda2        497M  215M  283M   44% /boot
tmpfs            396M     0  396M    0% /run/user/0
tmpfs            396M     0  396M    0% /run/user/1001

-------------------- System load --------------------
Linux 3.10.0-514.26.2.el7.x86_64 (sakura-tokyo-prod) 	2018年01月25日 	_x86_64_	(4 CPU)

00時00分01秒     CPU     %user     %nice   %system   %iowait    %steal     %idle
01時00分02秒     all      0.32      0.00      0.07      0.00      0.06     99.54
02時00分02秒     all      0.51      0.00      0.09      0.00      0.06     99.35
03時00分01秒     all      0.07      0.00      0.03      0.00      0.03     99.87
04時00分02秒     all      0.08      0.00      0.04      0.00      0.04     99.85
05時00分02秒     all      0.18      0.00      0.05      0.00      0.05     99.72
06時00分02秒     all      0.17      0.00      0.05      0.00      0.05     99.73
07時00分01秒     all      0.08      0.00      0.04      0.00      0.04     99.84
08時00分02秒     all      0.06      0.00      0.03      0.00      0.05     99.86
09時00分02秒     all      0.06      0.00      0.03      0.00      0.05     99.86
10時00分01秒     all      0.07      0.00      0.03      0.00      0.05     99.85
11時00分02秒     all      0.07      0.00      0.04      0.00      0.06     99.83
12時00分02秒     all      0.09      0.00      0.05      0.00      0.05     99.81
13時00分02秒     all      0.09      0.00      0.05      0.00      0.07     99.79
14時00分02秒     all      0.07      0.00      0.05      0.00      0.05     99.83
15時00分02秒     all      0.13      0.00      0.05      0.00      0.04     99.78
16時00分02秒     all      0.07      0.00      0.04      0.00      0.04     99.85
17時00分01秒     all      0.09      0.00      0.04      0.00      0.04     99.84
18時00分02秒     all      0.07      0.00      0.04      0.00      0.04     99.86
19時00分02秒     all      0.11      0.00      0.05      0.00      0.04     99.80
20時00分01秒     all      0.11      0.00      0.05      0.00      0.04     99.81
21時00分01秒     all      0.09      0.00      0.05      0.00      0.04     99.82
22時00分02秒     all      0.08      0.00      0.04      0.00      0.04     99.84
23時00分01秒     all      0.08      0.00      0.04      0.00      0.03     99.84
平均値:      all      0.12      0.00      0.05      0.00      0.04     99.79

-------------------- Logged in user --------------------


