==================== 2018-01-26 02:55:02 ====================

-------------------- uptime --------------------
 02:55:02 up 203 days, 15:44,  2 users,  load average: 0.00, 0.01, 0.05

-------------------- System info --------------------
Linux sakura-tokyo-prod 3.10.0-514.26.2.el7.x86_64 #1 SMP Tue Jul 4 15:04:05 UTC 2017 x86_64 x86_64 x86_64 GNU/Linux

-------------------- Storage usage --------------------
ファイルシス   サイズ  使用  残り 使用% マウント位置
/dev/vda4         96G  5.0G   91G    6% /
devtmpfs         2.0G     0  2.0G    0% /dev
tmpfs            2.0G     0  2.0G    0% /dev/shm
tmpfs            2.0G  704M  1.3G   36% /run
tmpfs            2.0G     0  2.0G    0% /sys/fs/cgroup
/dev/vda2        497M  215M  283M   44% /boot
tmpfs            396M     0  396M    0% /run/user/0
tmpfs            396M     0  396M    0% /run/user/1001

-------------------- System load --------------------
Linux 3.10.0-514.26.2.el7.x86_64 (sakura-tokyo-prod) 	2018年01月26日 	_x86_64_	(4 CPU)

00時00分02秒     CPU     %user     %nice   %system   %iowait    %steal     %idle
01時00分02秒     all      0.11      0.00      0.07      0.00      0.05     99.77
02時00分02秒     all      0.08      0.00      0.05      0.00      0.05     99.82
平均値:      all      0.09      0.00      0.06      0.00      0.05     99.80

-------------------- Logged in user --------------------
k276d0ac 2018-01-26 00:24
kfdb2028 2018-01-26 02:47

==================== 2018-01-26 05:55:01 ====================

-------------------- uptime --------------------
 05:55:01 up 203 days, 18:44,  0 users,  load average: 0.01, 0.02, 0.05

-------------------- System info --------------------
Linux sakura-tokyo-prod 3.10.0-514.26.2.el7.x86_64 #1 SMP Tue Jul 4 15:04:05 UTC 2017 x86_64 x86_64 x86_64 GNU/Linux

-------------------- Storage usage --------------------
ファイルシス   サイズ  使用  残り 使用% マウント位置
/dev/vda4         96G  5.0G   91G    6% /
devtmpfs         2.0G     0  2.0G    0% /dev
tmpfs            2.0G     0  2.0G    0% /dev/shm
tmpfs            2.0G  704M  1.3G   36% /run
tmpfs            2.0G     0  2.0G    0% /sys/fs/cgroup
/dev/vda2        497M  215M  283M   44% /boot
tmpfs            396M     0  396M    0% /run/user/0
tmpfs            396M     0  396M    0% /run/user/1001

-------------------- System load --------------------
Linux 3.10.0-514.26.2.el7.x86_64 (sakura-tokyo-prod) 	2018年01月26日 	_x86_64_	(4 CPU)

00時00分02秒     CPU     %user     %nice   %system   %iowait    %steal     %idle
01時00分02秒     all      0.11      0.00      0.07      0.00      0.05     99.77
02時00分02秒     all      0.08      0.00      0.05      0.00      0.05     99.82
03時00分02秒     all      0.10      0.00      0.05      0.00      0.05     99.80
04時00分02秒     all      0.06      0.00      0.04      0.00      0.04     99.85
05時00分02秒     all      0.08      0.00      0.04      0.00      0.04     99.84
平均値:      all      0.09      0.00      0.05      0.00      0.05     99.82

-------------------- Logged in user --------------------


==================== 2018-01-26 08:55:01 ====================

-------------------- uptime --------------------
 08:55:01 up 203 days, 21:44,  0 users,  load average: 0.00, 0.02, 0.05

-------------------- System info --------------------
Linux sakura-tokyo-prod 3.10.0-514.26.2.el7.x86_64 #1 SMP Tue Jul 4 15:04:05 UTC 2017 x86_64 x86_64 x86_64 GNU/Linux

-------------------- Storage usage --------------------
ファイルシス   サイズ  使用  残り 使用% マウント位置
/dev/vda4         96G  5.0G   91G    6% /
devtmpfs         2.0G     0  2.0G    0% /dev
tmpfs            2.0G     0  2.0G    0% /dev/shm
tmpfs            2.0G  705M  1.3G   36% /run
tmpfs            2.0G     0  2.0G    0% /sys/fs/cgroup
/dev/vda2        497M  215M  283M   44% /boot
tmpfs            396M     0  396M    0% /run/user/0
tmpfs            396M     0  396M    0% /run/user/1001

-------------------- System load --------------------
Linux 3.10.0-514.26.2.el7.x86_64 (sakura-tokyo-prod) 	2018年01月26日 	_x86_64_	(4 CPU)

00時00分02秒     CPU     %user     %nice   %system   %iowait    %steal     %idle
01時00分02秒     all      0.11      0.00      0.07      0.00      0.05     99.77
02時00分02秒     all      0.08      0.00      0.05      0.00      0.05     99.82
03時00分02秒     all      0.10      0.00      0.05      0.00      0.05     99.80
04時00分02秒     all      0.06      0.00      0.04      0.00      0.04     99.85
05時00分02秒     all      0.08      0.00      0.04      0.00      0.04     99.84
06時00分02秒     all      0.07      0.00      0.04      0.00      0.04     99.84
07時00分02秒     all      0.08      0.00      0.04      0.00      0.05     99.83
08時00分01秒     all      0.07      0.00      0.04      0.00      0.03     99.86
平均値:      all      0.08      0.00      0.05      0.00      0.04     99.83

-------------------- Logged in user --------------------


==================== 2018-01-26 11:55:01 ====================

-------------------- uptime --------------------
 11:55:01 up 204 days, 44 min,  1 user,  load average: 0.00, 0.01, 0.05

-------------------- System info --------------------
Linux sakura-tokyo-prod 3.10.0-514.26.2.el7.x86_64 #1 SMP Tue Jul 4 15:04:05 UTC 2017 x86_64 x86_64 x86_64 GNU/Linux

-------------------- Storage usage --------------------
ファイルシス   サイズ  使用  残り 使用% マウント位置
/dev/vda4         96G  5.0G   91G    6% /
devtmpfs         2.0G     0  2.0G    0% /dev
tmpfs            2.0G     0  2.0G    0% /dev/shm
tmpfs            2.0G  705M  1.3G   36% /run
tmpfs            2.0G     0  2.0G    0% /sys/fs/cgroup
/dev/vda2        497M  215M  283M   44% /boot
tmpfs            396M     0  396M    0% /run/user/0
tmpfs            396M     0  396M    0% /run/user/1001

-------------------- System load --------------------
Linux 3.10.0-514.26.2.el7.x86_64 (sakura-tokyo-prod) 	2018年01月26日 	_x86_64_	(4 CPU)

00時00分02秒     CPU     %user     %nice   %system   %iowait    %steal     %idle
01時00分02秒     all      0.11      0.00      0.07      0.00      0.05     99.77
02時00分02秒     all      0.08      0.00      0.05      0.00      0.05     99.82
03時00分02秒     all      0.10      0.00      0.05      0.00      0.05     99.80
04時00分02秒     all      0.06      0.00      0.04      0.00      0.04     99.85
05時00分02秒     all      0.08      0.00      0.04      0.00      0.04     99.84
06時00分02秒     all      0.07      0.00      0.04      0.00      0.04     99.84
07時00分02秒     all      0.08      0.00      0.04      0.00      0.05     99.83
08時00分01秒     all      0.07      0.00      0.04      0.00      0.03     99.86
09時00分02秒     all      0.07      0.00      0.04      0.00      0.04     99.85
10時00分02秒     all      0.10      0.00      0.05      0.00      0.04     99.81
11時00分01秒     all      0.10      0.00      0.05      0.00      0.03     99.82
平均値:      all      0.08      0.00      0.05      0.00      0.04     99.83

-------------------- Logged in user --------------------
k1ed0408 2018-01-26 09:05

==================== 2018-01-26 14:55:01 ====================

-------------------- uptime --------------------
 14:55:01 up 204 days,  3:44,  1 user,  load average: 0.00, 0.01, 0.05

-------------------- System info --------------------
Linux sakura-tokyo-prod 3.10.0-514.26.2.el7.x86_64 #1 SMP Tue Jul 4 15:04:05 UTC 2017 x86_64 x86_64 x86_64 GNU/Linux

-------------------- Storage usage --------------------
ファイルシス   サイズ  使用  残り 使用% マウント位置
/dev/vda4         96G  5.0G   91G    6% /
devtmpfs         2.0G     0  2.0G    0% /dev
tmpfs            2.0G     0  2.0G    0% /dev/shm
tmpfs            2.0G  705M  1.3G   36% /run
tmpfs            2.0G     0  2.0G    0% /sys/fs/cgroup
/dev/vda2        497M  215M  283M   44% /boot
tmpfs            396M     0  396M    0% /run/user/0
tmpfs            396M     0  396M    0% /run/user/1001

-------------------- System load --------------------
Linux 3.10.0-514.26.2.el7.x86_64 (sakura-tokyo-prod) 	2018年01月26日 	_x86_64_	(4 CPU)

00時00分02秒     CPU     %user     %nice   %system   %iowait    %steal     %idle
01時00分02秒     all      0.11      0.00      0.07      0.00      0.05     99.77
02時00分02秒     all      0.08      0.00      0.05      0.00      0.05     99.82
03時00分02秒     all      0.10      0.00      0.05      0.00      0.05     99.80
04時00分02秒     all      0.06      0.00      0.04      0.00      0.04     99.85
05時00分02秒     all      0.08      0.00      0.04      0.00      0.04     99.84
06時00分02秒     all      0.07      0.00      0.04      0.00      0.04     99.84
07時00分02秒     all      0.08      0.00      0.04      0.00      0.05     99.83
08時00分01秒     all      0.07      0.00      0.04      0.00      0.03     99.86
09時00分02秒     all      0.07      0.00      0.04      0.00      0.04     99.85
10時00分02秒     all      0.10      0.00      0.05      0.00      0.04     99.81
11時00分01秒     all      0.10      0.00      0.05      0.00      0.03     99.82
12時00分01秒     all      0.09      0.00      0.05      0.00      0.04     99.83
13時00分02秒     all      0.08      0.00      0.05      0.00      0.04     99.82
14時00分01秒     all      0.09      0.00      0.04      0.00      0.04     99.83
平均値:      all      0.08      0.00      0.05      0.00      0.04     99.83

-------------------- Logged in user --------------------
k40b8dff 2018-01-26 09:05

==================== 2018-01-26 17:55:01 ====================

-------------------- uptime --------------------
 17:55:01 up 204 days,  6:44,  1 user,  load average: 0.00, 0.01, 0.05

-------------------- System info --------------------
Linux sakura-tokyo-prod 3.10.0-514.26.2.el7.x86_64 #1 SMP Tue Jul 4 15:04:05 UTC 2017 x86_64 x86_64 x86_64 GNU/Linux

-------------------- Storage usage --------------------
ファイルシス   サイズ  使用  残り 使用% マウント位置
/dev/vda4         96G  5.0G   91G    6% /
devtmpfs         2.0G     0  2.0G    0% /dev
tmpfs            2.0G     0  2.0G    0% /dev/shm
tmpfs            2.0G  705M  1.3G   36% /run
tmpfs            2.0G     0  2.0G    0% /sys/fs/cgroup
/dev/vda2        497M  215M  283M   44% /boot
tmpfs            396M     0  396M    0% /run/user/0
tmpfs            396M     0  396M    0% /run/user/1001

-------------------- System load --------------------
Linux 3.10.0-514.26.2.el7.x86_64 (sakura-tokyo-prod) 	2018年01月26日 	_x86_64_	(4 CPU)

00時00分02秒     CPU     %user     %nice   %system   %iowait    %steal     %idle
01時00分02秒     all      0.11      0.00      0.07      0.00      0.05     99.77
02時00分02秒     all      0.08      0.00      0.05      0.00      0.05     99.82
03時00分02秒     all      0.10      0.00      0.05      0.00      0.05     99.80
04時00分02秒     all      0.06      0.00      0.04      0.00      0.04     99.85
05時00分02秒     all      0.08      0.00      0.04      0.00      0.04     99.84
06時00分02秒     all      0.07      0.00      0.04      0.00      0.04     99.84
07時00分02秒     all      0.08      0.00      0.04      0.00      0.05     99.83
08時00分01秒     all      0.07      0.00      0.04      0.00      0.03     99.86
09時00分02秒     all      0.07      0.00      0.04      0.00      0.04     99.85
10時00分02秒     all      0.10      0.00      0.05      0.00      0.04     99.81
11時00分01秒     all      0.10      0.00      0.05      0.00      0.03     99.82
12時00分01秒     all      0.09      0.00      0.05      0.00      0.04     99.83
13時00分02秒     all      0.08      0.00      0.05      0.00      0.04     99.82
14時00分01秒     all      0.09      0.00      0.04      0.00      0.04     99.83
15時00分02秒     all      0.11      0.00      0.05      0.00      0.03     99.82
16時00分01秒     all      0.11      0.00      0.04      0.00      0.03     99.81
17時00分02秒     all      0.07      0.00      0.04      0.00      0.03     99.86
平均値:      all      0.09      0.00      0.05      0.00      0.04     99.83

-------------------- Logged in user --------------------
k5fc9930 2018-01-26 09:05

==================== 2018-01-26 20:55:01 ====================

-------------------- uptime --------------------
 20:55:01 up 204 days,  9:44,  0 users,  load average: 0.00, 0.01, 0.05

-------------------- System info --------------------
Linux sakura-tokyo-prod 3.10.0-514.26.2.el7.x86_64 #1 SMP Tue Jul 4 15:04:05 UTC 2017 x86_64 x86_64 x86_64 GNU/Linux

-------------------- Storage usage --------------------
ファイルシス   サイズ  使用  残り 使用% マウント位置
/dev/vda4         96G  5.0G   91G    6% /
devtmpfs         2.0G     0  2.0G    0% /dev
tmpfs            2.0G     0  2.0G    0% /dev/shm
tmpfs            2.0G  705M  1.3G   36% /run
tmpfs            2.0G     0  2.0G    0% /sys/fs/cgroup
/dev/vda2        497M  215M  283M   44% /boot
tmpfs            396M     0  396M    0% /run/user/0
tmpfs            396M     0  396M    0% /run/user/1001

-------------------- System load --------------------
Linux 3.10.0-514.26.2.el7.x86_64 (sakura-tokyo-prod) 	2018年01月26日 	_x86_64_	(4 CPU)

00時00分02秒     CPU     %user     %nice   %system   %iowait    %steal     %idle
01時00分02秒     all      0.11      0.00      0.07      0.00      0.05     99.77
02時00分02秒     all      0.08      0.00      0.05      0.00      0.05     99.82
03時00分02秒     all      0.10      0.00      0.05      0.00      0.05     99.80
04時00分02秒     all      0.06      0.00      0.04      0.00      0.04     99.85
05時00分02秒     all      0.08      0.00      0.04      0.00      0.04     99.84
06時00分02秒     all      0.07      0.00      0.04      0.00      0.04     99.84
07時00分02秒     all      0.08      0.00      0.04      0.00      0.05     99.83
08時00分01秒     all      0.07      0.00      0.04      0.00      0.03     99.86
09時00分02秒     all      0.07      0.00      0.04      0.00      0.04     99.85
10時00分02秒     all      0.10      0.00      0.05      0.00      0.04     99.81
11時00分01秒     all      0.10      0.00      0.05      0.00      0.03     99.82
12時00分01秒     all      0.09      0.00      0.05      0.00      0.04     99.83
13時00分02秒     all      0.08      0.00      0.05      0.00      0.04     99.82
14時00分01秒     all      0.09      0.00      0.04      0.00      0.04     99.83
15時00分02秒     all      0.11      0.00      0.05      0.00      0.03     99.82
16時00分01秒     all      0.11      0.00      0.04      0.00      0.03     99.81
17時00分02秒     all      0.07      0.00      0.04      0.00      0.03     99.86
18時00分02秒     all      0.08      0.00      0.04      0.00      0.03     99.84
19時00分01秒     all      0.09      0.00      0.05      0.00      0.03     99.84
20時00分01秒     all      0.11      0.00      0.05      0.00      0.03     99.80
平均値:      all      0.09      0.00      0.05      0.00      0.04     99.83

-------------------- Logged in user --------------------


