==================== 2018-01-27 02:55:01 ====================

-------------------- uptime --------------------
 02:55:01 up 204 days, 15:44,  0 users,  load average: 0.01, 0.02, 0.05

-------------------- System info --------------------
Linux sakura-tokyo-prod 3.10.0-514.26.2.el7.x86_64 #1 SMP Tue Jul 4 15:04:05 UTC 2017 x86_64 x86_64 x86_64 GNU/Linux

-------------------- Storage usage --------------------
ファイルシス   サイズ  使用  残り 使用% マウント位置
/dev/vda4         96G  5.0G   91G    6% /
devtmpfs         2.0G     0  2.0G    0% /dev
tmpfs            2.0G     0  2.0G    0% /dev/shm
tmpfs            2.0G  705M  1.3G   36% /run
tmpfs            2.0G     0  2.0G    0% /sys/fs/cgroup
/dev/vda2        497M  215M  283M   44% /boot
tmpfs            396M     0  396M    0% /run/user/0
tmpfs            396M     0  396M    0% /run/user/1001

-------------------- System load --------------------
Linux 3.10.0-514.26.2.el7.x86_64 (sakura-tokyo-prod) 	2018年01月27日 	_x86_64_	(4 CPU)

00時00分02秒     CPU     %user     %nice   %system   %iowait    %steal     %idle
01時00分01秒     all      0.08      0.00      0.04      0.00      0.03     99.85
02時00分02秒     all      0.07      0.00      0.04      0.00      0.02     99.87
平均値:      all      0.08      0.00      0.04      0.00      0.03     99.86

-------------------- Logged in user --------------------


==================== 2018-01-27 05:55:01 ====================

-------------------- uptime --------------------
 05:55:01 up 204 days, 18:44,  0 users,  load average: 0.00, 0.01, 0.05

-------------------- System info --------------------
Linux sakura-tokyo-prod 3.10.0-514.26.2.el7.x86_64 #1 SMP Tue Jul 4 15:04:05 UTC 2017 x86_64 x86_64 x86_64 GNU/Linux

-------------------- Storage usage --------------------
ファイルシス   サイズ  使用  残り 使用% マウント位置
/dev/vda4         96G  5.0G   91G    6% /
devtmpfs         2.0G     0  2.0G    0% /dev
tmpfs            2.0G     0  2.0G    0% /dev/shm
tmpfs            2.0G  705M  1.3G   36% /run
tmpfs            2.0G     0  2.0G    0% /sys/fs/cgroup
/dev/vda2        497M  215M  283M   44% /boot
tmpfs            396M     0  396M    0% /run/user/0
tmpfs            396M     0  396M    0% /run/user/1001

-------------------- System load --------------------
Linux 3.10.0-514.26.2.el7.x86_64 (sakura-tokyo-prod) 	2018年01月27日 	_x86_64_	(4 CPU)

00時00分02秒     CPU     %user     %nice   %system   %iowait    %steal     %idle
01時00分01秒     all      0.08      0.00      0.04      0.00      0.03     99.85
02時00分02秒     all      0.07      0.00      0.04      0.00      0.02     99.87
03時00分01秒     all      0.07      0.00      0.03      0.00      0.03     99.87
04時00分01秒     all      0.07      0.00      0.04      0.00      0.03     99.86
05時00分01秒     all      0.06      0.00      0.04      0.00      0.03     99.88
平均値:      all      0.07      0.00      0.04      0.00      0.03     99.87

-------------------- Logged in user --------------------


