==================== 2018-01-29 02:55:01 ====================

-------------------- uptime --------------------
 02:55:01 up 206 days, 15:44,  0 users,  load average: 0.00, 0.01, 0.05

-------------------- System info --------------------
Linux sakura-tokyo-prod 3.10.0-514.26.2.el7.x86_64 #1 SMP Tue Jul 4 15:04:05 UTC 2017 x86_64 x86_64 x86_64 GNU/Linux

-------------------- Storage usage --------------------
ファイルシス   サイズ  使用  残り 使用% マウント位置
/dev/vda4         96G  5.0G   91G    6% /
devtmpfs         2.0G     0  2.0G    0% /dev
tmpfs            2.0G     0  2.0G    0% /dev/shm
tmpfs            2.0G  707M  1.3G   36% /run
tmpfs            2.0G     0  2.0G    0% /sys/fs/cgroup
/dev/vda2        497M  215M  283M   44% /boot
tmpfs            396M     0  396M    0% /run/user/0
tmpfs            396M     0  396M    0% /run/user/1001

-------------------- System load --------------------
Linux 3.10.0-514.26.2.el7.x86_64 (sakura-tokyo-prod) 	2018年01月29日 	_x86_64_	(4 CPU)

00時00分02秒     CPU     %user     %nice   %system   %iowait    %steal     %idle
01時00分02秒     all      0.43      0.00      0.08      0.00      0.06     99.43
02時00分01秒     all      0.24      0.00      0.06      0.00      0.06     99.65
平均値:      all      0.33      0.00      0.07      0.00      0.06     99.54

-------------------- Logged in user --------------------


==================== 2018-01-29 05:55:01 ====================

-------------------- uptime --------------------
 05:55:01 up 206 days, 18:44,  0 users,  load average: 0.00, 0.01, 0.05

-------------------- System info --------------------
Linux sakura-tokyo-prod 3.10.0-514.26.2.el7.x86_64 #1 SMP Tue Jul 4 15:04:05 UTC 2017 x86_64 x86_64 x86_64 GNU/Linux

-------------------- Storage usage --------------------
ファイルシス   サイズ  使用  残り 使用% マウント位置
/dev/vda4         96G  5.0G   91G    6% /
devtmpfs         2.0G     0  2.0G    0% /dev
tmpfs            2.0G     0  2.0G    0% /dev/shm
tmpfs            2.0G  707M  1.3G   36% /run
tmpfs            2.0G     0  2.0G    0% /sys/fs/cgroup
/dev/vda2        497M  215M  283M   44% /boot
tmpfs            396M     0  396M    0% /run/user/0
tmpfs            396M     0  396M    0% /run/user/1001

-------------------- System load --------------------
Linux 3.10.0-514.26.2.el7.x86_64 (sakura-tokyo-prod) 	2018年01月29日 	_x86_64_	(4 CPU)

00時00分02秒     CPU     %user     %nice   %system   %iowait    %steal     %idle
01時00分02秒     all      0.43      0.00      0.08      0.00      0.06     99.43
02時00分01秒     all      0.24      0.00      0.06      0.00      0.06     99.65
03時00分01秒     all      0.14      0.00      0.04      0.00      0.04     99.78
04時00分02秒     all      0.07      0.00      0.04      0.00      0.04     99.85
05時00分01秒     all      0.07      0.00      0.04      0.00      0.04     99.84
平均値:      all      0.19      0.00      0.05      0.00      0.05     99.71

-------------------- Logged in user --------------------


==================== 2018-01-29 08:55:01 ====================

-------------------- uptime --------------------
 08:55:01 up 206 days, 21:44,  0 users,  load average: 0.00, 0.01, 0.05

-------------------- System info --------------------
Linux sakura-tokyo-prod 3.10.0-514.26.2.el7.x86_64 #1 SMP Tue Jul 4 15:04:05 UTC 2017 x86_64 x86_64 x86_64 GNU/Linux

-------------------- Storage usage --------------------
ファイルシス   サイズ  使用  残り 使用% マウント位置
/dev/vda4         96G  5.0G   91G    6% /
devtmpfs         2.0G     0  2.0G    0% /dev
tmpfs            2.0G     0  2.0G    0% /dev/shm
tmpfs            2.0G  707M  1.3G   36% /run
tmpfs            2.0G     0  2.0G    0% /sys/fs/cgroup
/dev/vda2        497M  215M  283M   44% /boot
tmpfs            396M     0  396M    0% /run/user/0
tmpfs            396M     0  396M    0% /run/user/1001

-------------------- System load --------------------
Linux 3.10.0-514.26.2.el7.x86_64 (sakura-tokyo-prod) 	2018年01月29日 	_x86_64_	(4 CPU)

00時00分02秒     CPU     %user     %nice   %system   %iowait    %steal     %idle
01時00分02秒     all      0.43      0.00      0.08      0.00      0.06     99.43
02時00分01秒     all      0.24      0.00      0.06      0.00      0.06     99.65
03時00分01秒     all      0.14      0.00      0.04      0.00      0.04     99.78
04時00分02秒     all      0.07      0.00      0.04      0.00      0.04     99.85
05時00分01秒     all      0.07      0.00      0.04      0.00      0.04     99.84
06時00分01秒     all      0.06      0.00      0.04      0.00      0.03     99.86
07時00分02秒     all      0.08      0.00      0.04      0.00      0.03     99.84
08時00分01秒     all      0.07      0.00      0.04      0.00      0.03     99.86
平均値:      all      0.14      0.00      0.05      0.00      0.04     99.76

-------------------- Logged in user --------------------


==================== 2018-01-29 11:55:01 ====================

-------------------- uptime --------------------
 11:55:01 up 207 days, 44 min,  1 user,  load average: 0.04, 0.04, 0.05

-------------------- System info --------------------
Linux sakura-tokyo-prod 3.10.0-514.26.2.el7.x86_64 #1 SMP Tue Jul 4 15:04:05 UTC 2017 x86_64 x86_64 x86_64 GNU/Linux

-------------------- Storage usage --------------------
ファイルシス   サイズ  使用  残り 使用% マウント位置
/dev/vda4         96G  5.0G   91G    6% /
devtmpfs         2.0G     0  2.0G    0% /dev
tmpfs            2.0G     0  2.0G    0% /dev/shm
tmpfs            2.0G  707M  1.3G   36% /run
tmpfs            2.0G     0  2.0G    0% /sys/fs/cgroup
/dev/vda2        497M  215M  283M   44% /boot
tmpfs            396M     0  396M    0% /run/user/0
tmpfs            396M     0  396M    0% /run/user/1001

-------------------- System load --------------------
Linux 3.10.0-514.26.2.el7.x86_64 (sakura-tokyo-prod) 	2018年01月29日 	_x86_64_	(4 CPU)

00時00分02秒     CPU     %user     %nice   %system   %iowait    %steal     %idle
01時00分02秒     all      0.43      0.00      0.08      0.00      0.06     99.43
02時00分01秒     all      0.24      0.00      0.06      0.00      0.06     99.65
03時00分01秒     all      0.14      0.00      0.04      0.00      0.04     99.78
04時00分02秒     all      0.07      0.00      0.04      0.00      0.04     99.85
05時00分01秒     all      0.07      0.00      0.04      0.00      0.04     99.84
06時00分01秒     all      0.06      0.00      0.04      0.00      0.03     99.86
07時00分02秒     all      0.08      0.00      0.04      0.00      0.03     99.84
08時00分01秒     all      0.07      0.00      0.04      0.00      0.03     99.86
09時00分02秒     all      0.07      0.00      0.04      0.00      0.03     99.86
10時00分02秒     all      0.65      0.00      0.33      0.02      0.09     98.92
11時00分01秒     all      0.07      0.00      0.04      0.00      0.04     99.86
平均値:      all      0.18      0.00      0.07      0.00      0.04     99.70

-------------------- Logged in user --------------------
k00a47ed 2018-01-29 09:19

==================== 2018-01-29 14:55:01 ====================

-------------------- uptime --------------------
 14:55:01 up 207 days,  3:44,  1 user,  load average: 0.00, 0.01, 0.05

-------------------- System info --------------------
Linux sakura-tokyo-prod 3.10.0-514.26.2.el7.x86_64 #1 SMP Tue Jul 4 15:04:05 UTC 2017 x86_64 x86_64 x86_64 GNU/Linux

-------------------- Storage usage --------------------
ファイルシス   サイズ  使用  残り 使用% マウント位置
/dev/vda4         96G  5.0G   91G    6% /
devtmpfs         2.0G     0  2.0G    0% /dev
tmpfs            2.0G     0  2.0G    0% /dev/shm
tmpfs            2.0G  707M  1.3G   36% /run
tmpfs            2.0G     0  2.0G    0% /sys/fs/cgroup
/dev/vda2        497M  215M  283M   44% /boot
tmpfs            396M     0  396M    0% /run/user/0
tmpfs            396M     0  396M    0% /run/user/1001

-------------------- System load --------------------
Linux 3.10.0-514.26.2.el7.x86_64 (sakura-tokyo-prod) 	2018年01月29日 	_x86_64_	(4 CPU)

00時00分02秒     CPU     %user     %nice   %system   %iowait    %steal     %idle
01時00分02秒     all      0.43      0.00      0.08      0.00      0.06     99.43
02時00分01秒     all      0.24      0.00      0.06      0.00      0.06     99.65
03時00分01秒     all      0.14      0.00      0.04      0.00      0.04     99.78
04時00分02秒     all      0.07      0.00      0.04      0.00      0.04     99.85
05時00分01秒     all      0.07      0.00      0.04      0.00      0.04     99.84
06時00分01秒     all      0.06      0.00      0.04      0.00      0.03     99.86
07時00分02秒     all      0.08      0.00      0.04      0.00      0.03     99.84
08時00分01秒     all      0.07      0.00      0.04      0.00      0.03     99.86
09時00分02秒     all      0.07      0.00      0.04      0.00      0.03     99.86
10時00分02秒     all      0.65      0.00      0.33      0.02      0.09     98.92
11時00分01秒     all      0.07      0.00      0.04      0.00      0.04     99.86
12時00分01秒     all      0.13      0.00      0.06      0.00      0.05     99.75
13時00分02秒     all      0.12      0.00      0.06      0.00      0.06     99.75
14時00分01秒     all      0.08      0.00      0.04      0.00      0.05     99.83
平均値:      all      0.16      0.00      0.07      0.00      0.05     99.72

-------------------- Logged in user --------------------
k132754e 2018-01-29 09:19

==================== 2018-01-29 17:55:01 ====================

-------------------- uptime --------------------
 17:55:01 up 207 days,  6:44,  1 user,  load average: 0.06, 0.03, 0.05

-------------------- System info --------------------
Linux sakura-tokyo-prod 3.10.0-514.26.2.el7.x86_64 #1 SMP Tue Jul 4 15:04:05 UTC 2017 x86_64 x86_64 x86_64 GNU/Linux

-------------------- Storage usage --------------------
ファイルシス   サイズ  使用  残り 使用% マウント位置
/dev/vda4         96G  5.0G   91G    6% /
devtmpfs         2.0G     0  2.0G    0% /dev
tmpfs            2.0G     0  2.0G    0% /dev/shm
tmpfs            2.0G  707M  1.3G   36% /run
tmpfs            2.0G     0  2.0G    0% /sys/fs/cgroup
/dev/vda2        497M  215M  283M   44% /boot
tmpfs            396M     0  396M    0% /run/user/0
tmpfs            396M     0  396M    0% /run/user/1001

-------------------- System load --------------------
Linux 3.10.0-514.26.2.el7.x86_64 (sakura-tokyo-prod) 	2018年01月29日 	_x86_64_	(4 CPU)

00時00分02秒     CPU     %user     %nice   %system   %iowait    %steal     %idle
01時00分02秒     all      0.43      0.00      0.08      0.00      0.06     99.43
02時00分01秒     all      0.24      0.00      0.06      0.00      0.06     99.65
03時00分01秒     all      0.14      0.00      0.04      0.00      0.04     99.78
04時00分02秒     all      0.07      0.00      0.04      0.00      0.04     99.85
05時00分01秒     all      0.07      0.00      0.04      0.00      0.04     99.84
06時00分01秒     all      0.06      0.00      0.04      0.00      0.03     99.86
07時00分02秒     all      0.08      0.00      0.04      0.00      0.03     99.84
08時00分01秒     all      0.07      0.00      0.04      0.00      0.03     99.86
09時00分02秒     all      0.07      0.00      0.04      0.00      0.03     99.86
10時00分02秒     all      0.65      0.00      0.33      0.02      0.09     98.92
11時00分01秒     all      0.07      0.00      0.04      0.00      0.04     99.86
12時00分01秒     all      0.13      0.00      0.06      0.00      0.05     99.75
13時00分02秒     all      0.12      0.00      0.06      0.00      0.06     99.75
14時00分01秒     all      0.08      0.00      0.04      0.00      0.05     99.83
15時00分01秒     all      0.08      0.00      0.04      0.00      0.04     99.83
16時00分02秒     all      0.08      0.00      0.04      0.00      0.05     99.83
17時00分01秒     all      0.08      0.00      0.04      0.00      0.05     99.83
平均値:      all      0.15      0.00      0.06      0.00      0.05     99.74

-------------------- Logged in user --------------------
ka7d4e3b 2018-01-29 09:19

==================== 2018-01-29 20:55:01 ====================

-------------------- uptime --------------------
 20:55:01 up 207 days,  9:44,  1 user,  load average: 0.00, 0.01, 0.05

-------------------- System info --------------------
Linux sakura-tokyo-prod 3.10.0-514.26.2.el7.x86_64 #1 SMP Tue Jul 4 15:04:05 UTC 2017 x86_64 x86_64 x86_64 GNU/Linux

-------------------- Storage usage --------------------
ファイルシス   サイズ  使用  残り 使用% マウント位置
/dev/vda4         96G  5.0G   91G    6% /
devtmpfs         2.0G     0  2.0G    0% /dev
tmpfs            2.0G     0  2.0G    0% /dev/shm
tmpfs            2.0G  715M  1.3G   37% /run
tmpfs            2.0G     0  2.0G    0% /sys/fs/cgroup
/dev/vda2        497M  215M  283M   44% /boot
tmpfs            396M     0  396M    0% /run/user/0
tmpfs            396M     0  396M    0% /run/user/1001

-------------------- System load --------------------
Linux 3.10.0-514.26.2.el7.x86_64 (sakura-tokyo-prod) 	2018年01月29日 	_x86_64_	(4 CPU)

00時00分02秒     CPU     %user     %nice   %system   %iowait    %steal     %idle
01時00分02秒     all      0.43      0.00      0.08      0.00      0.06     99.43
02時00分01秒     all      0.24      0.00      0.06      0.00      0.06     99.65
03時00分01秒     all      0.14      0.00      0.04      0.00      0.04     99.78
04時00分02秒     all      0.07      0.00      0.04      0.00      0.04     99.85
05時00分01秒     all      0.07      0.00      0.04      0.00      0.04     99.84
06時00分01秒     all      0.06      0.00      0.04      0.00      0.03     99.86
07時00分02秒     all      0.08      0.00      0.04      0.00      0.03     99.84
08時00分01秒     all      0.07      0.00      0.04      0.00      0.03     99.86
09時00分02秒     all      0.07      0.00      0.04      0.00      0.03     99.86
10時00分02秒     all      0.65      0.00      0.33      0.02      0.09     98.92
11時00分01秒     all      0.07      0.00      0.04      0.00      0.04     99.86
12時00分01秒     all      0.13      0.00      0.06      0.00      0.05     99.75
13時00分02秒     all      0.12      0.00      0.06      0.00      0.06     99.75
14時00分01秒     all      0.08      0.00      0.04      0.00      0.05     99.83
15時00分01秒     all      0.08      0.00      0.04      0.00      0.04     99.83
16時00分02秒     all      0.08      0.00      0.04      0.00      0.05     99.83
17時00分01秒     all      0.08      0.00      0.04      0.00      0.05     99.83
18時00分02秒     all      0.10      0.00      0.05      0.00      0.04     99.80
19時00分01秒     all      0.14      0.00      0.05      0.00      0.04     99.76
20時00分01秒     all      0.17      0.00      0.09      0.01      0.04     99.70
平均値:      all      0.15      0.00      0.06      0.00      0.05     99.74

-------------------- Logged in user --------------------
k00adcf7 2018-01-29 19:47

