==================== 2018-01-30 02:55:01 ====================

-------------------- uptime --------------------
 02:55:01 up 207 days, 15:44,  0 users,  load average: 0.01, 0.02, 0.05

-------------------- System info --------------------
Linux sakura-tokyo-prod 3.10.0-514.26.2.el7.x86_64 #1 SMP Tue Jul 4 15:04:05 UTC 2017 x86_64 x86_64 x86_64 GNU/Linux

-------------------- Storage usage --------------------
ファイルシス   サイズ  使用  残り 使用% マウント位置
/dev/vda4         96G  5.0G   91G    6% /
devtmpfs         2.0G     0  2.0G    0% /dev
tmpfs            2.0G     0  2.0G    0% /dev/shm
tmpfs            2.0G  716M  1.3G   37% /run
tmpfs            2.0G     0  2.0G    0% /sys/fs/cgroup
/dev/vda2        497M  215M  283M   44% /boot
tmpfs            396M     0  396M    0% /run/user/0
tmpfs            396M     0  396M    0% /run/user/1001

-------------------- System load --------------------
Linux 3.10.0-514.26.2.el7.x86_64 (sakura-tokyo-prod) 	2018年01月30日 	_x86_64_	(4 CPU)

00時00分01秒     CPU     %user     %nice   %system   %iowait    %steal     %idle
01時00分02秒     all      0.08      0.00      0.04      0.00      0.04     99.84
02時00分01秒     all      0.08      0.00      0.03      0.00      0.02     99.86
平均値:      all      0.08      0.00      0.04      0.00      0.03     99.85

-------------------- Logged in user --------------------


==================== 2018-01-30 05:55:01 ====================

-------------------- uptime --------------------
 05:55:01 up 207 days, 18:44,  0 users,  load average: 0.00, 0.01, 0.05

-------------------- System info --------------------
Linux sakura-tokyo-prod 3.10.0-514.26.2.el7.x86_64 #1 SMP Tue Jul 4 15:04:05 UTC 2017 x86_64 x86_64 x86_64 GNU/Linux

-------------------- Storage usage --------------------
ファイルシス   サイズ  使用  残り 使用% マウント位置
/dev/vda4         96G  5.0G   91G    6% /
devtmpfs         2.0G     0  2.0G    0% /dev
tmpfs            2.0G     0  2.0G    0% /dev/shm
tmpfs            2.0G  716M  1.3G   37% /run
tmpfs            2.0G     0  2.0G    0% /sys/fs/cgroup
/dev/vda2        497M  215M  283M   44% /boot
tmpfs            396M     0  396M    0% /run/user/0
tmpfs            396M     0  396M    0% /run/user/1001

-------------------- System load --------------------
Linux 3.10.0-514.26.2.el7.x86_64 (sakura-tokyo-prod) 	2018年01月30日 	_x86_64_	(4 CPU)

00時00分01秒     CPU     %user     %nice   %system   %iowait    %steal     %idle
01時00分02秒     all      0.08      0.00      0.04      0.00      0.04     99.84
02時00分01秒     all      0.08      0.00      0.03      0.00      0.02     99.86
03時00分02秒     all      0.07      0.00      0.03      0.00      0.03     99.86
04時00分02秒     all      0.23      0.01      0.09      0.01      0.04     99.62
05時00分01秒     all      0.26      0.00      0.05      0.00      0.04     99.65
平均値:      all      0.14      0.00      0.05      0.00      0.03     99.77

-------------------- Logged in user --------------------


==================== 2018-01-30 08:55:01 ====================

-------------------- uptime --------------------
 08:55:01 up 207 days, 21:44,  0 users,  load average: 0.00, 0.01, 0.05

-------------------- System info --------------------
Linux sakura-tokyo-prod 3.10.0-514.26.2.el7.x86_64 #1 SMP Tue Jul 4 15:04:05 UTC 2017 x86_64 x86_64 x86_64 GNU/Linux

-------------------- Storage usage --------------------
ファイルシス   サイズ  使用  残り 使用% マウント位置
/dev/vda4         96G  5.0G   91G    6% /
devtmpfs         2.0G     0  2.0G    0% /dev
tmpfs            2.0G     0  2.0G    0% /dev/shm
tmpfs            2.0G  716M  1.3G   37% /run
tmpfs            2.0G     0  2.0G    0% /sys/fs/cgroup
/dev/vda2        497M  215M  283M   44% /boot
tmpfs            396M     0  396M    0% /run/user/0
tmpfs            396M     0  396M    0% /run/user/1001

-------------------- System load --------------------
Linux 3.10.0-514.26.2.el7.x86_64 (sakura-tokyo-prod) 	2018年01月30日 	_x86_64_	(4 CPU)

00時00分01秒     CPU     %user     %nice   %system   %iowait    %steal     %idle
01時00分02秒     all      0.08      0.00      0.04      0.00      0.04     99.84
02時00分01秒     all      0.08      0.00      0.03      0.00      0.02     99.86
03時00分02秒     all      0.07      0.00      0.03      0.00      0.03     99.86
04時00分02秒     all      0.23      0.01      0.09      0.01      0.04     99.62
05時00分01秒     all      0.26      0.00      0.05      0.00      0.04     99.65
06時00分02秒     all      0.33      0.00      0.07      0.00      0.05     99.55
07時00分01秒     all      0.28      0.00      0.07      0.00      0.05     99.59
08時00分01秒     all      0.24      0.00      0.05      0.00      0.04     99.66
平均値:      all      0.20      0.00      0.06      0.00      0.04     99.70

-------------------- Logged in user --------------------


==================== 2018-01-30 11:55:01 ====================

-------------------- uptime --------------------
 11:55:01 up 208 days, 44 min,  1 user,  load average: 0.00, 0.01, 0.05

-------------------- System info --------------------
Linux sakura-tokyo-prod 3.10.0-514.26.2.el7.x86_64 #1 SMP Tue Jul 4 15:04:05 UTC 2017 x86_64 x86_64 x86_64 GNU/Linux

-------------------- Storage usage --------------------
ファイルシス   サイズ  使用  残り 使用% マウント位置
/dev/vda4         96G  5.0G   91G    6% /
devtmpfs         2.0G     0  2.0G    0% /dev
tmpfs            2.0G     0  2.0G    0% /dev/shm
tmpfs            2.0G  716M  1.3G   37% /run
tmpfs            2.0G     0  2.0G    0% /sys/fs/cgroup
/dev/vda2        497M  215M  283M   44% /boot
tmpfs            396M     0  396M    0% /run/user/0
tmpfs            396M     0  396M    0% /run/user/1001

-------------------- System load --------------------
Linux 3.10.0-514.26.2.el7.x86_64 (sakura-tokyo-prod) 	2018年01月30日 	_x86_64_	(4 CPU)

00時00分01秒     CPU     %user     %nice   %system   %iowait    %steal     %idle
01時00分02秒     all      0.08      0.00      0.04      0.00      0.04     99.84
02時00分01秒     all      0.08      0.00      0.03      0.00      0.02     99.86
03時00分02秒     all      0.07      0.00      0.03      0.00      0.03     99.86
04時00分02秒     all      0.23      0.01      0.09      0.01      0.04     99.62
05時00分01秒     all      0.26      0.00      0.05      0.00      0.04     99.65
06時00分02秒     all      0.33      0.00      0.07      0.00      0.05     99.55
07時00分01秒     all      0.28      0.00      0.07      0.00      0.05     99.59
08時00分01秒     all      0.24      0.00      0.05      0.00      0.04     99.66
09時00分01秒     all      0.07      0.00      0.04      0.00      0.03     99.86
10時00分01秒     all      0.07      0.00      0.04      0.00      0.05     99.84
11時00分02秒     all      0.07      0.00      0.04      0.00      0.04     99.86
平均値:      all      0.16      0.00      0.05      0.00      0.04     99.74

-------------------- Logged in user --------------------
kd391247 2018-01-30 09:30

==================== 2018-01-30 14:55:01 ====================

-------------------- uptime --------------------
 14:55:01 up 208 days,  3:44,  0 users,  load average: 0.00, 0.01, 0.05

-------------------- System info --------------------
Linux sakura-tokyo-prod 3.10.0-514.26.2.el7.x86_64 #1 SMP Tue Jul 4 15:04:05 UTC 2017 x86_64 x86_64 x86_64 GNU/Linux

-------------------- Storage usage --------------------
ファイルシス   サイズ  使用  残り 使用% マウント位置
/dev/vda4         96G  5.0G   91G    6% /
devtmpfs         2.0G     0  2.0G    0% /dev
tmpfs            2.0G     0  2.0G    0% /dev/shm
tmpfs            2.0G  716M  1.3G   37% /run
tmpfs            2.0G     0  2.0G    0% /sys/fs/cgroup
/dev/vda2        497M  215M  283M   44% /boot
tmpfs            396M     0  396M    0% /run/user/0
tmpfs            396M     0  396M    0% /run/user/1001

-------------------- System load --------------------
Linux 3.10.0-514.26.2.el7.x86_64 (sakura-tokyo-prod) 	2018年01月30日 	_x86_64_	(4 CPU)

00時00分01秒     CPU     %user     %nice   %system   %iowait    %steal     %idle
01時00分02秒     all      0.08      0.00      0.04      0.00      0.04     99.84
02時00分01秒     all      0.08      0.00      0.03      0.00      0.02     99.86
03時00分02秒     all      0.07      0.00      0.03      0.00      0.03     99.86
04時00分02秒     all      0.23      0.01      0.09      0.01      0.04     99.62
05時00分01秒     all      0.26      0.00      0.05      0.00      0.04     99.65
06時00分02秒     all      0.33      0.00      0.07      0.00      0.05     99.55
07時00分01秒     all      0.28      0.00      0.07      0.00      0.05     99.59
08時00分01秒     all      0.24      0.00      0.05      0.00      0.04     99.66
09時00分01秒     all      0.07      0.00      0.04      0.00      0.03     99.86
10時00分01秒     all      0.07      0.00      0.04      0.00      0.05     99.84
11時00分02秒     all      0.07      0.00      0.04      0.00      0.04     99.86
12時00分02秒     all      0.11      0.00      0.04      0.00      0.04     99.81
13時00分01秒     all      0.08      0.00      0.04      0.00      0.06     99.82
14時00分01秒     all      0.08      0.00      0.04      0.00      0.04     99.84
平均値:      all      0.15      0.00      0.05      0.00      0.04     99.76

-------------------- Logged in user --------------------


==================== 2018-01-30 17:55:01 ====================

-------------------- uptime --------------------
 17:55:01 up 208 days,  6:44,  0 users,  load average: 0.00, 0.01, 0.05

-------------------- System info --------------------
Linux sakura-tokyo-prod 3.10.0-514.26.2.el7.x86_64 #1 SMP Tue Jul 4 15:04:05 UTC 2017 x86_64 x86_64 x86_64 GNU/Linux

-------------------- Storage usage --------------------
ファイルシス   サイズ  使用  残り 使用% マウント位置
/dev/vda4         96G  5.0G   91G    6% /
devtmpfs         2.0G     0  2.0G    0% /dev
tmpfs            2.0G     0  2.0G    0% /dev/shm
tmpfs            2.0G  716M  1.3G   37% /run
tmpfs            2.0G     0  2.0G    0% /sys/fs/cgroup
/dev/vda2        497M  215M  283M   44% /boot
tmpfs            396M     0  396M    0% /run/user/0
tmpfs            396M     0  396M    0% /run/user/1001

-------------------- System load --------------------
Linux 3.10.0-514.26.2.el7.x86_64 (sakura-tokyo-prod) 	2018年01月30日 	_x86_64_	(4 CPU)

00時00分01秒     CPU     %user     %nice   %system   %iowait    %steal     %idle
01時00分02秒     all      0.08      0.00      0.04      0.00      0.04     99.84
02時00分01秒     all      0.08      0.00      0.03      0.00      0.02     99.86
03時00分02秒     all      0.07      0.00      0.03      0.00      0.03     99.86
04時00分02秒     all      0.23      0.01      0.09      0.01      0.04     99.62
05時00分01秒     all      0.26      0.00      0.05      0.00      0.04     99.65
06時00分02秒     all      0.33      0.00      0.07      0.00      0.05     99.55
07時00分01秒     all      0.28      0.00      0.07      0.00      0.05     99.59
08時00分01秒     all      0.24      0.00      0.05      0.00      0.04     99.66
09時00分01秒     all      0.07      0.00      0.04      0.00      0.03     99.86
10時00分01秒     all      0.07      0.00      0.04      0.00      0.05     99.84
11時00分02秒     all      0.07      0.00      0.04      0.00      0.04     99.86
12時00分02秒     all      0.11      0.00      0.04      0.00      0.04     99.81
13時00分01秒     all      0.08      0.00      0.04      0.00      0.06     99.82
14時00分01秒     all      0.08      0.00      0.04      0.00      0.04     99.84
15時00分01秒     all      0.08      0.00      0.04      0.00      0.04     99.83
16時00分01秒     all      0.07      0.00      0.04      0.00      0.03     99.85
17時00分01秒     all      0.07      0.00      0.04      0.00      0.04     99.85
平均値:      all      0.14      0.00      0.05      0.00      0.04     99.78

-------------------- Logged in user --------------------


