==================== 2018-01-31 02:55:01 ====================

-------------------- uptime --------------------
 02:55:01 up 208 days, 15:44,  1 user,  load average: 0.00, 0.01, 0.05

-------------------- System info --------------------
Linux sakura-tokyo-prod 3.10.0-514.26.2.el7.x86_64 #1 SMP Tue Jul 4 15:04:05 UTC 2017 x86_64 x86_64 x86_64 GNU/Linux

-------------------- Storage usage --------------------
ファイルシス   サイズ  使用  残り 使用% マウント位置
/dev/vda4         96G  5.0G   91G    6% /
devtmpfs         2.0G     0  2.0G    0% /dev
tmpfs            2.0G     0  2.0G    0% /dev/shm
tmpfs            2.0G  717M  1.3G   37% /run
tmpfs            2.0G     0  2.0G    0% /sys/fs/cgroup
/dev/vda2        497M  215M  283M   44% /boot
tmpfs            396M     0  396M    0% /run/user/0
tmpfs            396M     0  396M    0% /run/user/1001

-------------------- System load --------------------
Linux 3.10.0-514.26.2.el7.x86_64 (sakura-tokyo-prod) 	2018年01月31日 	_x86_64_	(4 CPU)

00時00分01秒     CPU     %user     %nice   %system   %iowait    %steal     %idle
01時00分02秒     all      0.08      0.00      0.04      0.00      0.04     99.83
02時00分02秒     all      0.07      0.00      0.03      0.00      0.02     99.87
平均値:      all      0.08      0.00      0.04      0.00      0.03     99.85

-------------------- Logged in user --------------------
kd42e52b 2018-01-30 18:01

==================== 2018-01-31 05:55:01 ====================

-------------------- uptime --------------------
 05:55:01 up 208 days, 18:44,  1 user,  load average: 0.00, 0.01, 0.05

-------------------- System info --------------------
Linux sakura-tokyo-prod 3.10.0-514.26.2.el7.x86_64 #1 SMP Tue Jul 4 15:04:05 UTC 2017 x86_64 x86_64 x86_64 GNU/Linux

-------------------- Storage usage --------------------
ファイルシス   サイズ  使用  残り 使用% マウント位置
/dev/vda4         96G  5.0G   91G    6% /
devtmpfs         2.0G     0  2.0G    0% /dev
tmpfs            2.0G     0  2.0G    0% /dev/shm
tmpfs            2.0G  717M  1.3G   37% /run
tmpfs            2.0G     0  2.0G    0% /sys/fs/cgroup
/dev/vda2        497M  215M  283M   44% /boot
tmpfs            396M     0  396M    0% /run/user/0
tmpfs            396M     0  396M    0% /run/user/1001

-------------------- System load --------------------
Linux 3.10.0-514.26.2.el7.x86_64 (sakura-tokyo-prod) 	2018年01月31日 	_x86_64_	(4 CPU)

00時00分01秒     CPU     %user     %nice   %system   %iowait    %steal     %idle
01時00分02秒     all      0.08      0.00      0.04      0.00      0.04     99.83
02時00分02秒     all      0.07      0.00      0.03      0.00      0.02     99.87
03時00分01秒     all      0.07      0.00      0.03      0.00      0.02     99.87
04時00分01秒     all      0.07      0.00      0.04      0.00      0.02     99.87
05時00分01秒     all      0.10      0.00      0.04      0.00      0.02     99.83
平均値:      all      0.08      0.00      0.04      0.00      0.03     99.86

-------------------- Logged in user --------------------
k2f6a7ff 2018-01-30 18:01

==================== 2018-01-31 08:55:01 ====================

-------------------- uptime --------------------
 08:55:01 up 208 days, 21:44,  1 user,  load average: 0.00, 0.01, 0.05

-------------------- System info --------------------
Linux sakura-tokyo-prod 3.10.0-514.26.2.el7.x86_64 #1 SMP Tue Jul 4 15:04:05 UTC 2017 x86_64 x86_64 x86_64 GNU/Linux

-------------------- Storage usage --------------------
ファイルシス   サイズ  使用  残り 使用% マウント位置
/dev/vda4         96G  5.0G   91G    6% /
devtmpfs         2.0G     0  2.0G    0% /dev
tmpfs            2.0G     0  2.0G    0% /dev/shm
tmpfs            2.0G  717M  1.3G   37% /run
tmpfs            2.0G     0  2.0G    0% /sys/fs/cgroup
/dev/vda2        497M  215M  283M   44% /boot
tmpfs            396M     0  396M    0% /run/user/0
tmpfs            396M     0  396M    0% /run/user/1001

-------------------- System load --------------------
Linux 3.10.0-514.26.2.el7.x86_64 (sakura-tokyo-prod) 	2018年01月31日 	_x86_64_	(4 CPU)

00時00分01秒     CPU     %user     %nice   %system   %iowait    %steal     %idle
01時00分02秒     all      0.08      0.00      0.04      0.00      0.04     99.83
02時00分02秒     all      0.07      0.00      0.03      0.00      0.02     99.87
03時00分01秒     all      0.07      0.00      0.03      0.00      0.02     99.87
04時00分01秒     all      0.07      0.00      0.04      0.00      0.02     99.87
05時00分01秒     all      0.10      0.00      0.04      0.00      0.02     99.83
06時00分02秒     all      0.06      0.00      0.03      0.00      0.03     99.88
07時00分01秒     all      0.08      0.00      0.04      0.00      0.03     99.85
08時00分01秒     all      0.06      0.00      0.04      0.00      0.03     99.87
平均値:      all      0.07      0.00      0.04      0.00      0.03     99.86

-------------------- Logged in user --------------------
k74d285c 2018-01-30 18:01

==================== 2018-01-31 11:55:01 ====================

-------------------- uptime --------------------
 11:55:01 up 209 days, 44 min,  1 user,  load average: 0.00, 0.01, 0.05

-------------------- System info --------------------
Linux sakura-tokyo-prod 3.10.0-514.26.2.el7.x86_64 #1 SMP Tue Jul 4 15:04:05 UTC 2017 x86_64 x86_64 x86_64 GNU/Linux

-------------------- Storage usage --------------------
ファイルシス   サイズ  使用  残り 使用% マウント位置
/dev/vda4         96G  5.0G   91G    6% /
devtmpfs         2.0G     0  2.0G    0% /dev
tmpfs            2.0G     0  2.0G    0% /dev/shm
tmpfs            2.0G  717M  1.3G   37% /run
tmpfs            2.0G     0  2.0G    0% /sys/fs/cgroup
/dev/vda2        497M  215M  283M   44% /boot
tmpfs            396M     0  396M    0% /run/user/0
tmpfs            396M     0  396M    0% /run/user/1001

-------------------- System load --------------------
Linux 3.10.0-514.26.2.el7.x86_64 (sakura-tokyo-prod) 	2018年01月31日 	_x86_64_	(4 CPU)

00時00分01秒     CPU     %user     %nice   %system   %iowait    %steal     %idle
01時00分02秒     all      0.08      0.00      0.04      0.00      0.04     99.83
02時00分02秒     all      0.07      0.00      0.03      0.00      0.02     99.87
03時00分01秒     all      0.07      0.00      0.03      0.00      0.02     99.87
04時00分01秒     all      0.07      0.00      0.04      0.00      0.02     99.87
05時00分01秒     all      0.10      0.00      0.04      0.00      0.02     99.83
06時00分02秒     all      0.06      0.00      0.03      0.00      0.03     99.88
07時00分01秒     all      0.08      0.00      0.04      0.00      0.03     99.85
08時00分01秒     all      0.06      0.00      0.04      0.00      0.03     99.87
09時00分02秒     all      0.07      0.00      0.04      0.00      0.03     99.86
10時00分02秒     all      0.07      0.00      0.04      0.00      0.04     99.85
11時00分01秒     all      0.07      0.00      0.04      0.00      0.04     99.85
平均値:      all      0.07      0.00      0.04      0.00      0.03     99.86

-------------------- Logged in user --------------------
kf911e43 2018-01-30 18:01

==================== 2018-01-31 14:55:01 ====================

-------------------- uptime --------------------
 14:55:01 up 209 days,  3:44,  1 user,  load average: 0.00, 0.01, 0.05

-------------------- System info --------------------
Linux sakura-tokyo-prod 3.10.0-514.26.2.el7.x86_64 #1 SMP Tue Jul 4 15:04:05 UTC 2017 x86_64 x86_64 x86_64 GNU/Linux

-------------------- Storage usage --------------------
ファイルシス   サイズ  使用  残り 使用% マウント位置
/dev/vda4         96G  5.0G   91G    6% /
devtmpfs         2.0G     0  2.0G    0% /dev
tmpfs            2.0G     0  2.0G    0% /dev/shm
tmpfs            2.0G  717M  1.3G   37% /run
tmpfs            2.0G     0  2.0G    0% /sys/fs/cgroup
/dev/vda2        497M  215M  283M   44% /boot
tmpfs            396M     0  396M    0% /run/user/0
tmpfs            396M     0  396M    0% /run/user/1001

-------------------- System load --------------------
Linux 3.10.0-514.26.2.el7.x86_64 (sakura-tokyo-prod) 	2018年01月31日 	_x86_64_	(4 CPU)

00時00分01秒     CPU     %user     %nice   %system   %iowait    %steal     %idle
01時00分02秒     all      0.08      0.00      0.04      0.00      0.04     99.83
02時00分02秒     all      0.07      0.00      0.03      0.00      0.02     99.87
03時00分01秒     all      0.07      0.00      0.03      0.00      0.02     99.87
04時00分01秒     all      0.07      0.00      0.04      0.00      0.02     99.87
05時00分01秒     all      0.10      0.00      0.04      0.00      0.02     99.83
06時00分02秒     all      0.06      0.00      0.03      0.00      0.03     99.88
07時00分01秒     all      0.08      0.00      0.04      0.00      0.03     99.85
08時00分01秒     all      0.06      0.00      0.04      0.00      0.03     99.87
09時00分02秒     all      0.07      0.00      0.04      0.00      0.03     99.86
10時00分02秒     all      0.07      0.00      0.04      0.00      0.04     99.85
11時00分01秒     all      0.07      0.00      0.04      0.00      0.04     99.85
12時00分01秒     all      0.09      0.00      0.04      0.00      0.04     99.83
13時00分01秒     all      0.09      0.00      0.05      0.00      0.06     99.80
14時00分01秒     all      0.06      0.00      0.04      0.00      0.04     99.86
平均値:      all      0.07      0.00      0.04      0.00      0.03     99.85

-------------------- Logged in user --------------------
k05e0a39 2018-01-30 18:01

==================== 2018-01-31 17:55:01 ====================

-------------------- uptime --------------------
 17:55:01 up 209 days,  6:44,  1 user,  load average: 0.00, 0.01, 0.05

-------------------- System info --------------------
Linux sakura-tokyo-prod 3.10.0-514.26.2.el7.x86_64 #1 SMP Tue Jul 4 15:04:05 UTC 2017 x86_64 x86_64 x86_64 GNU/Linux

-------------------- Storage usage --------------------
ファイルシス   サイズ  使用  残り 使用% マウント位置
/dev/vda4         96G  5.0G   91G    6% /
devtmpfs         2.0G     0  2.0G    0% /dev
tmpfs            2.0G     0  2.0G    0% /dev/shm
tmpfs            2.0G  717M  1.3G   37% /run
tmpfs            2.0G     0  2.0G    0% /sys/fs/cgroup
/dev/vda2        497M  215M  283M   44% /boot
tmpfs            396M     0  396M    0% /run/user/0
tmpfs            396M     0  396M    0% /run/user/1001

-------------------- System load --------------------
Linux 3.10.0-514.26.2.el7.x86_64 (sakura-tokyo-prod) 	2018年01月31日 	_x86_64_	(4 CPU)

00時00分01秒     CPU     %user     %nice   %system   %iowait    %steal     %idle
01時00分02秒     all      0.08      0.00      0.04      0.00      0.04     99.83
02時00分02秒     all      0.07      0.00      0.03      0.00      0.02     99.87
03時00分01秒     all      0.07      0.00      0.03      0.00      0.02     99.87
04時00分01秒     all      0.07      0.00      0.04      0.00      0.02     99.87
05時00分01秒     all      0.10      0.00      0.04      0.00      0.02     99.83
06時00分02秒     all      0.06      0.00      0.03      0.00      0.03     99.88
07時00分01秒     all      0.08      0.00      0.04      0.00      0.03     99.85
08時00分01秒     all      0.06      0.00      0.04      0.00      0.03     99.87
09時00分02秒     all      0.07      0.00      0.04      0.00      0.03     99.86
10時00分02秒     all      0.07      0.00      0.04      0.00      0.04     99.85
11時00分01秒     all      0.07      0.00      0.04      0.00      0.04     99.85
12時00分01秒     all      0.09      0.00      0.04      0.00      0.04     99.83
13時00分01秒     all      0.09      0.00      0.05      0.00      0.06     99.80
14時00分01秒     all      0.06      0.00      0.04      0.00      0.04     99.86
15時00分01秒     all      0.18      0.00      0.07      0.01      0.04     99.70
16時00分01秒     all      0.11      0.00      0.05      0.00      0.05     99.79
17時00分01秒     all      0.10      0.00      0.05      0.00      0.04     99.80
平均値:      all      0.08      0.00      0.04      0.00      0.03     99.84

-------------------- Logged in user --------------------
k6600b6c 2018-01-30 18:01

==================== 2018-01-31 20:55:01 ====================

-------------------- uptime --------------------
 20:55:01 up 209 days,  9:44,  0 users,  load average: 0.00, 0.01, 0.05

-------------------- System info --------------------
Linux sakura-tokyo-prod 3.10.0-514.26.2.el7.x86_64 #1 SMP Tue Jul 4 15:04:05 UTC 2017 x86_64 x86_64 x86_64 GNU/Linux

-------------------- Storage usage --------------------
ファイルシス   サイズ  使用  残り 使用% マウント位置
/dev/vda4         96G  5.0G   91G    6% /
devtmpfs         2.0G     0  2.0G    0% /dev
tmpfs            2.0G     0  2.0G    0% /dev/shm
tmpfs            2.0G  717M  1.3G   37% /run
tmpfs            2.0G     0  2.0G    0% /sys/fs/cgroup
/dev/vda2        497M  215M  283M   44% /boot
tmpfs            396M     0  396M    0% /run/user/0
tmpfs            396M     0  396M    0% /run/user/1001

-------------------- System load --------------------
Linux 3.10.0-514.26.2.el7.x86_64 (sakura-tokyo-prod) 	2018年01月31日 	_x86_64_	(4 CPU)

00時00分01秒     CPU     %user     %nice   %system   %iowait    %steal     %idle
01時00分02秒     all      0.08      0.00      0.04      0.00      0.04     99.83
02時00分02秒     all      0.07      0.00      0.03      0.00      0.02     99.87
03時00分01秒     all      0.07      0.00      0.03      0.00      0.02     99.87
04時00分01秒     all      0.07      0.00      0.04      0.00      0.02     99.87
05時00分01秒     all      0.10      0.00      0.04      0.00      0.02     99.83
06時00分02秒     all      0.06      0.00      0.03      0.00      0.03     99.88
07時00分01秒     all      0.08      0.00      0.04      0.00      0.03     99.85
08時00分01秒     all      0.06      0.00      0.04      0.00      0.03     99.87
09時00分02秒     all      0.07      0.00      0.04      0.00      0.03     99.86
10時00分02秒     all      0.07      0.00      0.04      0.00      0.04     99.85
11時00分01秒     all      0.07      0.00      0.04      0.00      0.04     99.85
12時00分01秒     all      0.09      0.00      0.04      0.00      0.04     99.83
13時00分01秒     all      0.09      0.00      0.05      0.00      0.06     99.80
14時00分01秒     all      0.06      0.00      0.04      0.00      0.04     99.86
15時00分01秒     all      0.18      0.00      0.07      0.01      0.04     99.70
16時00分01秒     all      0.11      0.00      0.05      0.00      0.05     99.79
17時00分01秒     all      0.10      0.00      0.05      0.00      0.04     99.80
18時00分02秒     all      0.09      0.00      0.05      0.00      0.03     99.82
19時00分02秒     all      0.09      0.00      0.05      0.00      0.04     99.81
20時00分01秒     all      0.08      0.00      0.05      0.00      0.04     99.82
平均値:      all      0.08      0.00      0.04      0.00      0.04     99.83

-------------------- Logged in user --------------------


