==================== 2019-02-14 02:55:02 ====================

-------------------- uptime --------------------
 02:55:02 up 98 days, 31 min,  0 users,  load average: 0.00, 0.01, 0.05

-------------------- System info --------------------
Linux aws-spot-t3micro 3.10.0-862.14.4.el7.x86_64 #1 SMP Wed Sep 26 15:12:11 UTC 2018 x86_64 x86_64 x86_64 GNU/Linux

-------------------- Storage usage --------------------
ファイルシス   サイズ  使用  残り 使用% マウント位置
/dev/nvme0n1p1    30G  5.8G   25G   20% /
devtmpfs         459M     0  459M    0% /dev
tmpfs            482M     0  482M    0% /dev/shm
tmpfs            482M   55M  428M   12% /run
tmpfs            482M     0  482M    0% /sys/fs/cgroup
tmpfs             97M     0   97M    0% /run/user/1002

-------------------- System load --------------------
Linux 3.10.0-862.14.4.el7.x86_64 (aws-spot-t3micro) 	2019年02月14日 	_x86_64_	(2 CPU)

00時00分01秒     CPU     %user     %nice   %system   %iowait    %steal     %idle
01時00分01秒     all      0.07      0.00      0.05      0.00      0.07     99.81
02時00分01秒     all      0.07      0.00      0.05      0.00      0.07     99.81
平均値:      all      0.07      0.00      0.05      0.00      0.07     99.81

-------------------- Logged in user --------------------


==================== 2019-02-14 05:55:02 ====================

-------------------- uptime --------------------
 05:55:02 up 98 days,  3:31,  0 users,  load average: 0.00, 0.01, 0.05

-------------------- System info --------------------
Linux aws-spot-t3micro 3.10.0-862.14.4.el7.x86_64 #1 SMP Wed Sep 26 15:12:11 UTC 2018 x86_64 x86_64 x86_64 GNU/Linux

-------------------- Storage usage --------------------
ファイルシス   サイズ  使用  残り 使用% マウント位置
/dev/nvme0n1p1    30G  5.8G   25G   20% /
devtmpfs         459M     0  459M    0% /dev
tmpfs            482M     0  482M    0% /dev/shm
tmpfs            482M   55M  428M   12% /run
tmpfs            482M     0  482M    0% /sys/fs/cgroup
tmpfs             97M     0   97M    0% /run/user/0
tmpfs             97M     0   97M    0% /run/user/1002

-------------------- System load --------------------
Linux 3.10.0-862.14.4.el7.x86_64 (aws-spot-t3micro) 	2019年02月14日 	_x86_64_	(2 CPU)

00時00分01秒     CPU     %user     %nice   %system   %iowait    %steal     %idle
01時00分01秒     all      0.07      0.00      0.05      0.00      0.07     99.81
02時00分01秒     all      0.07      0.00      0.05      0.00      0.07     99.81
03時00分01秒     all      0.10      0.00      0.06      0.00      0.10     99.74
04時00分01秒     all      0.07      0.00      0.05      0.00      0.06     99.82
05時00分01秒     all      0.07      0.00      0.05      0.00      0.04     99.84
平均値:      all      0.07      0.00      0.05      0.00      0.07     99.80

-------------------- Logged in user --------------------


