==================== 2019-02-16 02:55:01 ====================

-------------------- uptime --------------------
 02:55:01 up 100 days, 31 min,  1 user,  load average: 0.00, 0.01, 0.05

-------------------- System info --------------------
Linux aws-spot-t3micro 3.10.0-862.14.4.el7.x86_64 #1 SMP Wed Sep 26 15:12:11 UTC 2018 x86_64 x86_64 x86_64 GNU/Linux

-------------------- Storage usage --------------------
ファイルシス   サイズ  使用  残り 使用% マウント位置
/dev/nvme0n1p1    30G  5.9G   25G   20% /
devtmpfs         459M     0  459M    0% /dev
tmpfs            482M     0  482M    0% /dev/shm
tmpfs            482M   55M  428M   12% /run
tmpfs            482M     0  482M    0% /sys/fs/cgroup
tmpfs             97M     0   97M    0% /run/user/1000
tmpfs             97M     0   97M    0% /run/user/0
tmpfs             97M     0   97M    0% /run/user/1002

-------------------- System load --------------------
Linux 3.10.0-862.14.4.el7.x86_64 (aws-spot-t3micro) 	2019年02月16日 	_x86_64_	(2 CPU)

00時00分01秒     CPU     %user     %nice   %system   %iowait    %steal     %idle
01時00分01秒     all      0.06      0.00      0.05      0.00      0.03     99.86
02時00分01秒     all      0.09      0.00      0.06      0.00      0.04     99.81
平均値:      all      0.07      0.00      0.05      0.00      0.03     99.84

-------------------- Logged in user --------------------
cc99be 2019-02-14 11:20

==================== 2019-02-16 05:55:01 ====================

-------------------- uptime --------------------
 05:55:01 up 100 days,  3:31,  1 user,  load average: 0.01, 0.02, 0.05

-------------------- System info --------------------
Linux aws-spot-t3micro 3.10.0-862.14.4.el7.x86_64 #1 SMP Wed Sep 26 15:12:11 UTC 2018 x86_64 x86_64 x86_64 GNU/Linux

-------------------- Storage usage --------------------
ファイルシス   サイズ  使用  残り 使用% マウント位置
/dev/nvme0n1p1    30G  5.9G   25G   20% /
devtmpfs         459M     0  459M    0% /dev
tmpfs            482M     0  482M    0% /dev/shm
tmpfs            482M   55M  428M   12% /run
tmpfs            482M     0  482M    0% /sys/fs/cgroup
tmpfs             97M     0   97M    0% /run/user/1000
tmpfs             97M     0   97M    0% /run/user/1002
tmpfs             97M     0   97M    0% /run/user/0

-------------------- System load --------------------
Linux 3.10.0-862.14.4.el7.x86_64 (aws-spot-t3micro) 	2019年02月16日 	_x86_64_	(2 CPU)

00時00分01秒     CPU     %user     %nice   %system   %iowait    %steal     %idle
01時00分01秒     all      0.06      0.00      0.05      0.00      0.03     99.86
02時00分01秒     all      0.09      0.00      0.06      0.00      0.04     99.81
03時00分01秒     all      0.06      0.00      0.05      0.00      0.04     99.86
04時00分01秒     all      0.06      0.00      0.05      0.00      0.03     99.86
05時00分01秒     all      0.06      0.00      0.05      0.00      0.04     99.86
平均値:      all      0.07      0.00      0.05      0.00      0.03     99.85

-------------------- Logged in user --------------------
c4f56a 2019-02-14 11:20

==================== 2019-02-16 08:55:01 ====================

-------------------- uptime --------------------
 08:55:01 up 100 days,  6:31,  1 user,  load average: 0.00, 0.01, 0.05

-------------------- System info --------------------
Linux aws-spot-t3micro 3.10.0-862.14.4.el7.x86_64 #1 SMP Wed Sep 26 15:12:11 UTC 2018 x86_64 x86_64 x86_64 GNU/Linux

-------------------- Storage usage --------------------
ファイルシス   サイズ  使用  残り 使用% マウント位置
/dev/nvme0n1p1    30G  5.9G   25G   20% /
devtmpfs         459M     0  459M    0% /dev
tmpfs            482M     0  482M    0% /dev/shm
tmpfs            482M   55M  428M   12% /run
tmpfs            482M     0  482M    0% /sys/fs/cgroup
tmpfs             97M     0   97M    0% /run/user/1000
tmpfs             97M     0   97M    0% /run/user/0
tmpfs             97M     0   97M    0% /run/user/1002

-------------------- System load --------------------
Linux 3.10.0-862.14.4.el7.x86_64 (aws-spot-t3micro) 	2019年02月16日 	_x86_64_	(2 CPU)

00時00分01秒     CPU     %user     %nice   %system   %iowait    %steal     %idle
01時00分01秒     all      0.06      0.00      0.05      0.00      0.03     99.86
02時00分01秒     all      0.09      0.00      0.06      0.00      0.04     99.81
03時00分01秒     all      0.06      0.00      0.05      0.00      0.04     99.86
04時00分01秒     all      0.06      0.00      0.05      0.00      0.03     99.86
05時00分01秒     all      0.06      0.00      0.05      0.00      0.04     99.86
06時00分01秒     all      0.07      0.00      0.06      0.00      0.03     99.84
07時00分01秒     all      0.06      0.00      0.05      0.00      0.03     99.86
08時00分01秒     all      0.10      0.00      0.05      0.00      0.04     99.81
平均値:      all      0.07      0.00      0.05      0.00      0.03     99.84

-------------------- Logged in user --------------------
c73fa0 2019-02-14 11:20

==================== 2019-02-16 11:55:01 ====================

-------------------- uptime --------------------
 11:55:01 up 100 days,  9:31,  1 user,  load average: 0.00, 0.01, 0.05

-------------------- System info --------------------
Linux aws-spot-t3micro 3.10.0-862.14.4.el7.x86_64 #1 SMP Wed Sep 26 15:12:11 UTC 2018 x86_64 x86_64 x86_64 GNU/Linux

-------------------- Storage usage --------------------
ファイルシス   サイズ  使用  残り 使用% マウント位置
/dev/nvme0n1p1    30G  5.9G   25G   20% /
devtmpfs         459M     0  459M    0% /dev
tmpfs            482M     0  482M    0% /dev/shm
tmpfs            482M   55M  428M   12% /run
tmpfs            482M     0  482M    0% /sys/fs/cgroup
tmpfs             97M     0   97M    0% /run/user/1000
tmpfs             97M     0   97M    0% /run/user/1002
tmpfs             97M     0   97M    0% /run/user/0

-------------------- System load --------------------
Linux 3.10.0-862.14.4.el7.x86_64 (aws-spot-t3micro) 	2019年02月16日 	_x86_64_	(2 CPU)

00時00分01秒     CPU     %user     %nice   %system   %iowait    %steal     %idle
01時00分01秒     all      0.06      0.00      0.05      0.00      0.03     99.86
02時00分01秒     all      0.09      0.00      0.06      0.00      0.04     99.81
03時00分01秒     all      0.06      0.00      0.05      0.00      0.04     99.86
04時00分01秒     all      0.06      0.00      0.05      0.00      0.03     99.86
05時00分01秒     all      0.06      0.00      0.05      0.00      0.04     99.86
06時00分01秒     all      0.07      0.00      0.06      0.00      0.03     99.84
07時00分01秒     all      0.06      0.00      0.05      0.00      0.03     99.86
08時00分01秒     all      0.10      0.00      0.05      0.00      0.04     99.81
09時00分01秒     all      0.07      0.00      0.05      0.00      0.04     99.85
10時00分01秒     all      0.06      0.00      0.05      0.00      0.03     99.85
11時00分01秒     all      0.07      0.00      0.05      0.00      0.03     99.84
平均値:      all      0.07      0.00      0.05      0.00      0.03     99.85

-------------------- Logged in user --------------------
c5b366 2019-02-14 11:20

==================== 2019-02-16 14:55:01 ====================

-------------------- uptime --------------------
 14:55:01 up 100 days, 12:31,  1 user,  load average: 0.00, 0.01, 0.05

-------------------- System info --------------------
Linux aws-spot-t3micro 3.10.0-862.14.4.el7.x86_64 #1 SMP Wed Sep 26 15:12:11 UTC 2018 x86_64 x86_64 x86_64 GNU/Linux

-------------------- Storage usage --------------------
ファイルシス   サイズ  使用  残り 使用% マウント位置
/dev/nvme0n1p1    30G  5.9G   25G   20% /
devtmpfs         459M     0  459M    0% /dev
tmpfs            482M     0  482M    0% /dev/shm
tmpfs            482M   55M  428M   12% /run
tmpfs            482M     0  482M    0% /sys/fs/cgroup
tmpfs             97M     0   97M    0% /run/user/1000
tmpfs             97M     0   97M    0% /run/user/1002

-------------------- System load --------------------
Linux 3.10.0-862.14.4.el7.x86_64 (aws-spot-t3micro) 	2019年02月16日 	_x86_64_	(2 CPU)

00時00分01秒     CPU     %user     %nice   %system   %iowait    %steal     %idle
01時00分01秒     all      0.06      0.00      0.05      0.00      0.03     99.86
02時00分01秒     all      0.09      0.00      0.06      0.00      0.04     99.81
03時00分01秒     all      0.06      0.00      0.05      0.00      0.04     99.86
04時00分01秒     all      0.06      0.00      0.05      0.00      0.03     99.86
05時00分01秒     all      0.06      0.00      0.05      0.00      0.04     99.86
06時00分01秒     all      0.07      0.00      0.06      0.00      0.03     99.84
07時00分01秒     all      0.06      0.00      0.05      0.00      0.03     99.86
08時00分01秒     all      0.10      0.00      0.05      0.00      0.04     99.81
09時00分01秒     all      0.07      0.00      0.05      0.00      0.04     99.85
10時00分01秒     all      0.06      0.00      0.05      0.00      0.03     99.85
11時00分01秒     all      0.07      0.00      0.05      0.00      0.03     99.84
12時00分01秒     all      0.07      0.00      0.05      0.00      0.03     99.85
13時00分01秒     all      0.07      0.00      0.05      0.00      0.04     99.85
14時00分02秒     all      0.06      0.00      0.05      0.00      0.03     99.86
平均値:      all      0.07      0.00      0.05      0.00      0.03     99.85

-------------------- Logged in user --------------------
ce0398 2019-02-14 11:20

