==================== 2019-02-23 02:55:01 ====================

-------------------- uptime --------------------
 02:55:01 up 107 days, 31 min,  1 user,  load average: 0.00, 0.01, 0.05

-------------------- System info --------------------
Linux aws-spot-t3micro 3.10.0-862.14.4.el7.x86_64 #1 SMP Wed Sep 26 15:12:11 UTC 2018 x86_64 x86_64 x86_64 GNU/Linux

-------------------- Storage usage --------------------
ファイルシス   サイズ  使用  残り 使用% マウント位置
/dev/nvme0n1p1    30G  5.9G   25G   20% /
devtmpfs         459M     0  459M    0% /dev
tmpfs            482M     0  482M    0% /dev/shm
tmpfs            482M   55M  428M   12% /run
tmpfs            482M     0  482M    0% /sys/fs/cgroup
tmpfs             97M     0   97M    0% /run/user/1000
tmpfs             97M     0   97M    0% /run/user/1002

-------------------- System load --------------------
Linux 3.10.0-862.14.4.el7.x86_64 (aws-spot-t3micro) 	2019年02月23日 	_x86_64_	(2 CPU)

00時00分01秒     CPU     %user     %nice   %system   %iowait    %steal     %idle
01時00分01秒     all      0.13      0.00      0.05      0.02      0.03     99.77
02時00分02秒     all      0.08      0.00      0.05      0.00      0.05     99.82
平均値:      all      0.10      0.00      0.05      0.01      0.04     99.79

-------------------- Logged in user --------------------
c6229d 2019-02-19 10:34

==================== 2019-02-23 05:55:01 ====================

-------------------- uptime --------------------
 05:55:01 up 107 days,  3:31,  1 user,  load average: 0.12, 0.07, 0.06

-------------------- System info --------------------
Linux aws-spot-t3micro 3.10.0-862.14.4.el7.x86_64 #1 SMP Wed Sep 26 15:12:11 UTC 2018 x86_64 x86_64 x86_64 GNU/Linux

-------------------- Storage usage --------------------
ファイルシス   サイズ  使用  残り 使用% マウント位置
/dev/nvme0n1p1    30G  5.9G   25G   20% /
devtmpfs         459M     0  459M    0% /dev
tmpfs            482M     0  482M    0% /dev/shm
tmpfs            482M   55M  428M   12% /run
tmpfs            482M     0  482M    0% /sys/fs/cgroup
tmpfs             97M     0   97M    0% /run/user/1000
tmpfs             97M     0   97M    0% /run/user/0
tmpfs             97M     0   97M    0% /run/user/1002

-------------------- System load --------------------
Linux 3.10.0-862.14.4.el7.x86_64 (aws-spot-t3micro) 	2019年02月23日 	_x86_64_	(2 CPU)

00時00分01秒     CPU     %user     %nice   %system   %iowait    %steal     %idle
01時00分01秒     all      0.13      0.00      0.05      0.02      0.03     99.77
02時00分02秒     all      0.08      0.00      0.05      0.00      0.05     99.82
03時00分01秒     all      0.08      0.00      0.06      0.00      0.05     99.81
04時00分01秒     all      0.07      0.00      0.05      0.00      0.04     99.84
05時00分01秒     all      0.07      0.00      0.05      0.00      0.03     99.84
平均値:      all      0.08      0.00      0.05      0.01      0.04     99.82

-------------------- Logged in user --------------------
cf86ba 2019-02-19 10:34

==================== 2019-02-23 08:55:01 ====================

-------------------- uptime --------------------
 08:55:01 up 107 days,  6:31,  1 user,  load average: 0.02, 0.02, 0.05

-------------------- System info --------------------
Linux aws-spot-t3micro 3.10.0-862.14.4.el7.x86_64 #1 SMP Wed Sep 26 15:12:11 UTC 2018 x86_64 x86_64 x86_64 GNU/Linux

-------------------- Storage usage --------------------
ファイルシス   サイズ  使用  残り 使用% マウント位置
/dev/nvme0n1p1    30G  5.9G   25G   20% /
devtmpfs         459M     0  459M    0% /dev
tmpfs            482M     0  482M    0% /dev/shm
tmpfs            482M   61M  422M   13% /run
tmpfs            482M     0  482M    0% /sys/fs/cgroup
tmpfs             97M     0   97M    0% /run/user/1000
tmpfs             97M     0   97M    0% /run/user/1002
tmpfs             97M     0   97M    0% /run/user/0

-------------------- System load --------------------
Linux 3.10.0-862.14.4.el7.x86_64 (aws-spot-t3micro) 	2019年02月23日 	_x86_64_	(2 CPU)

00時00分01秒     CPU     %user     %nice   %system   %iowait    %steal     %idle
01時00分01秒     all      0.13      0.00      0.05      0.02      0.03     99.77
02時00分02秒     all      0.08      0.00      0.05      0.00      0.05     99.82
03時00分01秒     all      0.08      0.00      0.06      0.00      0.05     99.81
04時00分01秒     all      0.07      0.00      0.05      0.00      0.04     99.84
05時00分01秒     all      0.07      0.00      0.05      0.00      0.03     99.84
06時00分01秒     all      0.07      0.00      0.05      0.00      0.04     99.84
07時00分02秒     all      0.07      0.00      0.05      0.00      0.04     99.84
08時00分01秒     all      0.07      0.00      0.05      0.00      0.03     99.84
平均値:      all      0.08      0.00      0.05      0.00      0.04     99.83

-------------------- Logged in user --------------------
c7b9b9 2019-02-19 10:34

==================== 2019-02-23 11:55:01 ====================

-------------------- uptime --------------------
 11:55:01 up 107 days,  9:31,  1 user,  load average: 0.00, 0.01, 0.05

-------------------- System info --------------------
Linux aws-spot-t3micro 3.10.0-862.14.4.el7.x86_64 #1 SMP Wed Sep 26 15:12:11 UTC 2018 x86_64 x86_64 x86_64 GNU/Linux

-------------------- Storage usage --------------------
ファイルシス   サイズ  使用  残り 使用% マウント位置
/dev/nvme0n1p1    30G  5.9G   25G   20% /
devtmpfs         459M     0  459M    0% /dev
tmpfs            482M     0  482M    0% /dev/shm
tmpfs            482M   55M  428M   12% /run
tmpfs            482M     0  482M    0% /sys/fs/cgroup
tmpfs             97M     0   97M    0% /run/user/1000
tmpfs             97M     0   97M    0% /run/user/1002
tmpfs             97M     0   97M    0% /run/user/0

-------------------- System load --------------------
Linux 3.10.0-862.14.4.el7.x86_64 (aws-spot-t3micro) 	2019年02月23日 	_x86_64_	(2 CPU)

00時00分01秒     CPU     %user     %nice   %system   %iowait    %steal     %idle
01時00分01秒     all      0.13      0.00      0.05      0.02      0.03     99.77
02時00分02秒     all      0.08      0.00      0.05      0.00      0.05     99.82
03時00分01秒     all      0.08      0.00      0.06      0.00      0.05     99.81
04時00分01秒     all      0.07      0.00      0.05      0.00      0.04     99.84
05時00分01秒     all      0.07      0.00      0.05      0.00      0.03     99.84
06時00分01秒     all      0.07      0.00      0.05      0.00      0.04     99.84
07時00分02秒     all      0.07      0.00      0.05      0.00      0.04     99.84
08時00分01秒     all      0.07      0.00      0.05      0.00      0.03     99.84
09時00分01秒     all      0.07      0.00      0.05      0.00      0.04     99.83
10時00分01秒     all      0.07      0.00      0.05      0.00      0.03     99.85
11時00分01秒     all      0.07      0.00      0.05      0.00      0.04     99.83
平均値:      all      0.08      0.00      0.05      0.00      0.04     99.83

-------------------- Logged in user --------------------
c3914a 2019-02-19 10:34

==================== 2019-02-23 14:55:02 ====================

-------------------- uptime --------------------
 14:55:02 up 107 days, 12:31,  1 user,  load average: 0.01, 0.02, 0.05

-------------------- System info --------------------
Linux aws-spot-t3micro 3.10.0-862.14.4.el7.x86_64 #1 SMP Wed Sep 26 15:12:11 UTC 2018 x86_64 x86_64 x86_64 GNU/Linux

-------------------- Storage usage --------------------
ファイルシス   サイズ  使用  残り 使用% マウント位置
/dev/nvme0n1p1    30G  5.9G   25G   20% /
devtmpfs         459M     0  459M    0% /dev
tmpfs            482M     0  482M    0% /dev/shm
tmpfs            482M   55M  428M   12% /run
tmpfs            482M     0  482M    0% /sys/fs/cgroup
tmpfs             97M     0   97M    0% /run/user/1000
tmpfs             97M     0   97M    0% /run/user/1002
tmpfs             97M     0   97M    0% /run/user/0

-------------------- System load --------------------
Linux 3.10.0-862.14.4.el7.x86_64 (aws-spot-t3micro) 	2019年02月23日 	_x86_64_	(2 CPU)

00時00分01秒     CPU     %user     %nice   %system   %iowait    %steal     %idle
01時00分01秒     all      0.13      0.00      0.05      0.02      0.03     99.77
02時00分02秒     all      0.08      0.00      0.05      0.00      0.05     99.82
03時00分01秒     all      0.08      0.00      0.06      0.00      0.05     99.81
04時00分01秒     all      0.07      0.00      0.05      0.00      0.04     99.84
05時00分01秒     all      0.07      0.00      0.05      0.00      0.03     99.84
06時00分01秒     all      0.07      0.00      0.05      0.00      0.04     99.84
07時00分02秒     all      0.07      0.00      0.05      0.00      0.04     99.84
08時00分01秒     all      0.07      0.00      0.05      0.00      0.03     99.84
09時00分01秒     all      0.07      0.00      0.05      0.00      0.04     99.83
10時00分01秒     all      0.07      0.00      0.05      0.00      0.03     99.85
11時00分01秒     all      0.07      0.00      0.05      0.00      0.04     99.83
12時00分01秒     all      0.07      0.00      0.05      0.00      0.04     99.83
13時00分01秒     all      0.07      0.00      0.05      0.00      0.03     99.85
14時00分01秒     all      0.07      0.00      0.05      0.00      0.04     99.83
平均値:      all      0.08      0.00      0.05      0.00      0.04     99.83

-------------------- Logged in user --------------------
c4060d 2019-02-19 10:34

==================== 2019-02-23 17:55:01 ====================

-------------------- uptime --------------------
 17:55:01 up 107 days, 15:31,  1 user,  load average: 0.00, 0.01, 0.05

-------------------- System info --------------------
Linux aws-spot-t3micro 3.10.0-862.14.4.el7.x86_64 #1 SMP Wed Sep 26 15:12:11 UTC 2018 x86_64 x86_64 x86_64 GNU/Linux

-------------------- Storage usage --------------------
ファイルシス   サイズ  使用  残り 使用% マウント位置
/dev/nvme0n1p1    30G  5.9G   25G   20% /
devtmpfs         459M     0  459M    0% /dev
tmpfs            482M     0  482M    0% /dev/shm
tmpfs            482M   55M  428M   12% /run
tmpfs            482M     0  482M    0% /sys/fs/cgroup
tmpfs             97M     0   97M    0% /run/user/1000
tmpfs             97M     0   97M    0% /run/user/0
tmpfs             97M     0   97M    0% /run/user/1002

-------------------- System load --------------------
Linux 3.10.0-862.14.4.el7.x86_64 (aws-spot-t3micro) 	2019年02月23日 	_x86_64_	(2 CPU)

00時00分01秒     CPU     %user     %nice   %system   %iowait    %steal     %idle
01時00分01秒     all      0.13      0.00      0.05      0.02      0.03     99.77
02時00分02秒     all      0.08      0.00      0.05      0.00      0.05     99.82
03時00分01秒     all      0.08      0.00      0.06      0.00      0.05     99.81
04時00分01秒     all      0.07      0.00      0.05      0.00      0.04     99.84
05時00分01秒     all      0.07      0.00      0.05      0.00      0.03     99.84
06時00分01秒     all      0.07      0.00      0.05      0.00      0.04     99.84
07時00分02秒     all      0.07      0.00      0.05      0.00      0.04     99.84
08時00分01秒     all      0.07      0.00      0.05      0.00      0.03     99.84
09時00分01秒     all      0.07      0.00      0.05      0.00      0.04     99.83
10時00分01秒     all      0.07      0.00      0.05      0.00      0.03     99.85
11時00分01秒     all      0.07      0.00      0.05      0.00      0.04     99.83
12時00分01秒     all      0.07      0.00      0.05      0.00      0.04     99.83
13時00分01秒     all      0.07      0.00      0.05      0.00      0.03     99.85
14時00分01秒     all      0.07      0.00      0.05      0.00      0.04     99.83
15時00分01秒     all      0.10      0.00      0.06      0.00      0.04     99.79
16時00分01秒     all      0.11      0.00      0.06      0.00      0.05     99.78
17時00分01秒     all      0.08      0.00      0.05      0.00      0.03     99.83
平均値:      all      0.08      0.00      0.05      0.00      0.04     99.83

-------------------- Logged in user --------------------
c62d9b 2019-02-19 10:34

==================== 2019-02-23 20:55:01 ====================

-------------------- uptime --------------------
 20:55:01 up 107 days, 18:31,  1 user,  load average: 0.00, 0.01, 0.05

-------------------- System info --------------------
Linux aws-spot-t3micro 3.10.0-862.14.4.el7.x86_64 #1 SMP Wed Sep 26 15:12:11 UTC 2018 x86_64 x86_64 x86_64 GNU/Linux

-------------------- Storage usage --------------------
ファイルシス   サイズ  使用  残り 使用% マウント位置
/dev/nvme0n1p1    30G  5.9G   25G   20% /
devtmpfs         459M     0  459M    0% /dev
tmpfs            482M     0  482M    0% /dev/shm
tmpfs            482M   55M  428M   12% /run
tmpfs            482M     0  482M    0% /sys/fs/cgroup
tmpfs             97M     0   97M    0% /run/user/1000
tmpfs             97M     0   97M    0% /run/user/1002
tmpfs             97M     0   97M    0% /run/user/0

-------------------- System load --------------------
Linux 3.10.0-862.14.4.el7.x86_64 (aws-spot-t3micro) 	2019年02月23日 	_x86_64_	(2 CPU)

00時00分01秒     CPU     %user     %nice   %system   %iowait    %steal     %idle
01時00分01秒     all      0.13      0.00      0.05      0.02      0.03     99.77
02時00分02秒     all      0.08      0.00      0.05      0.00      0.05     99.82
03時00分01秒     all      0.08      0.00      0.06      0.00      0.05     99.81
04時00分01秒     all      0.07      0.00      0.05      0.00      0.04     99.84
05時00分01秒     all      0.07      0.00      0.05      0.00      0.03     99.84
06時00分01秒     all      0.07      0.00      0.05      0.00      0.04     99.84
07時00分02秒     all      0.07      0.00      0.05      0.00      0.04     99.84
08時00分01秒     all      0.07      0.00      0.05      0.00      0.03     99.84
09時00分01秒     all      0.07      0.00      0.05      0.00      0.04     99.83
10時00分01秒     all      0.07      0.00      0.05      0.00      0.03     99.85
11時00分01秒     all      0.07      0.00      0.05      0.00      0.04     99.83
12時00分01秒     all      0.07      0.00      0.05      0.00      0.04     99.83
13時00分01秒     all      0.07      0.00      0.05      0.00      0.03     99.85
14時00分01秒     all      0.07      0.00      0.05      0.00      0.04     99.83
15時00分01秒     all      0.10      0.00      0.06      0.00      0.04     99.79
16時00分01秒     all      0.11      0.00      0.06      0.00      0.05     99.78
17時00分01秒     all      0.08      0.00      0.05      0.00      0.03     99.83
18時00分01秒     all      0.07      0.00      0.05      0.00      0.03     99.85
19時00分01秒     all      0.07      0.00      0.05      0.00      0.03     99.85
20時00分01秒     all      0.09      0.00      0.05      0.00      0.03     99.83
平均値:      all      0.08      0.00      0.05      0.00      0.04     99.83

-------------------- Logged in user --------------------
ca3f3b 2019-02-19 10:34

==================== 2019-02-23 23:55:01 ====================

-------------------- uptime --------------------
 23:55:01 up 107 days, 21:31,  1 user,  load average: 0.00, 0.01, 0.05

-------------------- System info --------------------
Linux aws-spot-t3micro 3.10.0-862.14.4.el7.x86_64 #1 SMP Wed Sep 26 15:12:11 UTC 2018 x86_64 x86_64 x86_64 GNU/Linux

-------------------- Storage usage --------------------
ファイルシス   サイズ  使用  残り 使用% マウント位置
/dev/nvme0n1p1    30G  5.9G   25G   20% /
devtmpfs         459M     0  459M    0% /dev
tmpfs            482M     0  482M    0% /dev/shm
tmpfs            482M   55M  428M   12% /run
tmpfs            482M     0  482M    0% /sys/fs/cgroup
tmpfs             97M     0   97M    0% /run/user/1000
tmpfs             97M     0   97M    0% /run/user/1002
tmpfs             97M     0   97M    0% /run/user/0

-------------------- System load --------------------
Linux 3.10.0-862.14.4.el7.x86_64 (aws-spot-t3micro) 	2019年02月23日 	_x86_64_	(2 CPU)

00時00分01秒     CPU     %user     %nice   %system   %iowait    %steal     %idle
01時00分01秒     all      0.13      0.00      0.05      0.02      0.03     99.77
02時00分02秒     all      0.08      0.00      0.05      0.00      0.05     99.82
03時00分01秒     all      0.08      0.00      0.06      0.00      0.05     99.81
04時00分01秒     all      0.07      0.00      0.05      0.00      0.04     99.84
05時00分01秒     all      0.07      0.00      0.05      0.00      0.03     99.84
06時00分01秒     all      0.07      0.00      0.05      0.00      0.04     99.84
07時00分02秒     all      0.07      0.00      0.05      0.00      0.04     99.84
08時00分01秒     all      0.07      0.00      0.05      0.00      0.03     99.84
09時00分01秒     all      0.07      0.00      0.05      0.00      0.04     99.83
10時00分01秒     all      0.07      0.00      0.05      0.00      0.03     99.85
11時00分01秒     all      0.07      0.00      0.05      0.00      0.04     99.83
12時00分01秒     all      0.07      0.00      0.05      0.00      0.04     99.83
13時00分01秒     all      0.07      0.00      0.05      0.00      0.03     99.85
14時00分01秒     all      0.07      0.00      0.05      0.00      0.04     99.83
15時00分01秒     all      0.10      0.00      0.06      0.00      0.04     99.79
16時00分01秒     all      0.11      0.00      0.06      0.00      0.05     99.78
17時00分01秒     all      0.08      0.00      0.05      0.00      0.03     99.83
18時00分01秒     all      0.07      0.00      0.05      0.00      0.03     99.85
19時00分01秒     all      0.07      0.00      0.05      0.00      0.03     99.85
20時00分01秒     all      0.09      0.00      0.05      0.00      0.03     99.83
21時00分01秒     all      0.07      0.00      0.05      0.00      0.04     99.85
22時00分01秒     all      0.07      0.00      0.04      0.00      0.04     99.84
23時00分01秒     all      0.07      0.00      0.04      0.00      0.03     99.85
平均値:      all      0.08      0.00      0.05      0.00      0.04     99.83

-------------------- Logged in user --------------------
c37ce6 2019-02-19 10:34

