==================== 2019-02-24 02:55:01 ====================

-------------------- uptime --------------------
 02:55:01 up 108 days, 31 min,  1 user,  load average: 0.00, 0.01, 0.05

-------------------- System info --------------------
Linux aws-spot-t3micro 3.10.0-862.14.4.el7.x86_64 #1 SMP Wed Sep 26 15:12:11 UTC 2018 x86_64 x86_64 x86_64 GNU/Linux

-------------------- Storage usage --------------------
ファイルシス   サイズ  使用  残り 使用% マウント位置
/dev/nvme0n1p1    30G  5.9G   25G   20% /
devtmpfs         459M     0  459M    0% /dev
tmpfs            482M     0  482M    0% /dev/shm
tmpfs            482M   55M  428M   12% /run
tmpfs            482M     0  482M    0% /sys/fs/cgroup
tmpfs             97M     0   97M    0% /run/user/1000
tmpfs             97M     0   97M    0% /run/user/0
tmpfs             97M     0   97M    0% /run/user/1002

-------------------- System load --------------------
Linux 3.10.0-862.14.4.el7.x86_64 (aws-spot-t3micro) 	2019年02月24日 	_x86_64_	(2 CPU)

00時00分01秒     CPU     %user     %nice   %system   %iowait    %steal     %idle
01時00分01秒     all      0.24      0.00      0.06      0.00      0.04     99.66
02時00分01秒     all      0.08      0.00      0.05      0.00      0.04     99.83
平均値:      all      0.16      0.00      0.05      0.00      0.04     99.74

-------------------- Logged in user --------------------
c9c1ee 2019-02-19 10:34

==================== 2019-02-24 05:55:01 ====================

-------------------- uptime --------------------
 05:55:01 up 108 days,  3:31,  1 user,  load average: 0.00, 0.01, 0.05

-------------------- System info --------------------
Linux aws-spot-t3micro 3.10.0-862.14.4.el7.x86_64 #1 SMP Wed Sep 26 15:12:11 UTC 2018 x86_64 x86_64 x86_64 GNU/Linux

-------------------- Storage usage --------------------
ファイルシス   サイズ  使用  残り 使用% マウント位置
/dev/nvme0n1p1    30G  5.9G   25G   20% /
devtmpfs         459M     0  459M    0% /dev
tmpfs            482M     0  482M    0% /dev/shm
tmpfs            482M   61M  422M   13% /run
tmpfs            482M     0  482M    0% /sys/fs/cgroup
tmpfs             97M     0   97M    0% /run/user/1000
tmpfs             97M     0   97M    0% /run/user/1002
tmpfs             97M     0   97M    0% /run/user/0

-------------------- System load --------------------
Linux 3.10.0-862.14.4.el7.x86_64 (aws-spot-t3micro) 	2019年02月24日 	_x86_64_	(2 CPU)

00時00分01秒     CPU     %user     %nice   %system   %iowait    %steal     %idle
01時00分01秒     all      0.24      0.00      0.06      0.00      0.04     99.66
02時00分01秒     all      0.08      0.00      0.05      0.00      0.04     99.83
03時00分01秒     all      0.07      0.00      0.05      0.00      0.03     99.85
04時00分01秒     all      0.07      0.00      0.06      0.00      0.04     99.83
05時00分01秒     all      0.08      0.00      0.05      0.00      0.04     99.83
平均値:      all      0.11      0.00      0.05      0.00      0.04     99.80

-------------------- Logged in user --------------------
c41f5c 2019-02-19 10:34

==================== 2019-02-24 08:55:01 ====================

-------------------- uptime --------------------
 08:55:01 up 108 days,  6:31,  1 user,  load average: 0.00, 0.01, 0.05

-------------------- System info --------------------
Linux aws-spot-t3micro 3.10.0-862.14.4.el7.x86_64 #1 SMP Wed Sep 26 15:12:11 UTC 2018 x86_64 x86_64 x86_64 GNU/Linux

-------------------- Storage usage --------------------
ファイルシス   サイズ  使用  残り 使用% マウント位置
/dev/nvme0n1p1    30G  5.9G   25G   20% /
devtmpfs         459M     0  459M    0% /dev
tmpfs            482M     0  482M    0% /dev/shm
tmpfs            482M   55M  428M   12% /run
tmpfs            482M     0  482M    0% /sys/fs/cgroup
tmpfs             97M     0   97M    0% /run/user/1000
tmpfs             97M     0   97M    0% /run/user/0
tmpfs             97M     0   97M    0% /run/user/1002

-------------------- System load --------------------
Linux 3.10.0-862.14.4.el7.x86_64 (aws-spot-t3micro) 	2019年02月24日 	_x86_64_	(2 CPU)

00時00分01秒     CPU     %user     %nice   %system   %iowait    %steal     %idle
01時00分01秒     all      0.24      0.00      0.06      0.00      0.04     99.66
02時00分01秒     all      0.08      0.00      0.05      0.00      0.04     99.83
03時00分01秒     all      0.07      0.00      0.05      0.00      0.03     99.85
04時00分01秒     all      0.07      0.00      0.06      0.00      0.04     99.83
05時00分01秒     all      0.08      0.00      0.05      0.00      0.04     99.83
06時00分01秒     all      0.07      0.00      0.05      0.00      0.03     99.84
07時00分01秒     all      0.07      0.00      0.05      0.00      0.04     99.84
08時00分01秒     all      0.06      0.00      0.05      0.00      0.04     99.85
平均値:      all      0.09      0.00      0.05      0.00      0.04     99.82

-------------------- Logged in user --------------------
c057c5 2019-02-19 10:34

==================== 2019-02-24 11:55:01 ====================

-------------------- uptime --------------------
 11:55:01 up 108 days,  9:31,  1 user,  load average: 0.00, 0.01, 0.05

-------------------- System info --------------------
Linux aws-spot-t3micro 3.10.0-862.14.4.el7.x86_64 #1 SMP Wed Sep 26 15:12:11 UTC 2018 x86_64 x86_64 x86_64 GNU/Linux

-------------------- Storage usage --------------------
ファイルシス   サイズ  使用  残り 使用% マウント位置
/dev/nvme0n1p1    30G  5.9G   25G   20% /
devtmpfs         459M     0  459M    0% /dev
tmpfs            482M     0  482M    0% /dev/shm
tmpfs            482M   61M  422M   13% /run
tmpfs            482M     0  482M    0% /sys/fs/cgroup
tmpfs             97M     0   97M    0% /run/user/1000
tmpfs             97M     0   97M    0% /run/user/1002

-------------------- System load --------------------
Linux 3.10.0-862.14.4.el7.x86_64 (aws-spot-t3micro) 	2019年02月24日 	_x86_64_	(2 CPU)

00時00分01秒     CPU     %user     %nice   %system   %iowait    %steal     %idle
01時00分01秒     all      0.24      0.00      0.06      0.00      0.04     99.66
02時00分01秒     all      0.08      0.00      0.05      0.00      0.04     99.83
03時00分01秒     all      0.07      0.00      0.05      0.00      0.03     99.85
04時00分01秒     all      0.07      0.00      0.06      0.00      0.04     99.83
05時00分01秒     all      0.08      0.00      0.05      0.00      0.04     99.83
06時00分01秒     all      0.07      0.00      0.05      0.00      0.03     99.84
07時00分01秒     all      0.07      0.00      0.05      0.00      0.04     99.84
08時00分01秒     all      0.06      0.00      0.05      0.00      0.04     99.85
09時00分01秒     all      0.07      0.00      0.05      0.00      0.04     99.84
10時00分01秒     all      0.07      0.00      0.05      0.00      0.03     99.85
11時00分01秒     all      0.45      0.00      0.07      0.01      0.06     99.41
平均値:      all      0.12      0.00      0.05      0.00      0.04     99.78

-------------------- Logged in user --------------------
c5d5b1 2019-02-19 10:34

