==================== 2019-02-27 02:55:01 ====================

-------------------- uptime --------------------
 02:55:01 up 111 days, 31 min,  2 users,  load average: 0.01, 0.02, 0.05

-------------------- System info --------------------
Linux aws-spot-t3micro 3.10.0-862.14.4.el7.x86_64 #1 SMP Wed Sep 26 15:12:11 UTC 2018 x86_64 x86_64 x86_64 GNU/Linux

-------------------- Storage usage --------------------
ファイルシス   サイズ  使用  残り 使用% マウント位置
/dev/nvme0n1p1    30G  6.0G   25G   20% /
devtmpfs         459M     0  459M    0% /dev
tmpfs            482M     0  482M    0% /dev/shm
tmpfs            482M   55M  428M   12% /run
tmpfs            482M     0  482M    0% /sys/fs/cgroup
tmpfs             97M     0   97M    0% /run/user/1000
tmpfs             97M     0   97M    0% /run/user/1002
tmpfs             97M     0   97M    0% /run/user/0

-------------------- System load --------------------
Linux 3.10.0-862.14.4.el7.x86_64 (aws-spot-t3micro) 	2019年02月27日 	_x86_64_	(2 CPU)

00時00分01秒     CPU     %user     %nice   %system   %iowait    %steal     %idle
01時00分01秒     all      0.08      0.00      0.06      0.00      0.04     99.82
02時00分01秒     all      0.08      0.00      0.06      0.00      0.06     99.80
平均値:      all      0.08      0.00      0.06      0.00      0.05     99.81

-------------------- Logged in user --------------------
c46737 2019-02-26 15:32
c7e3c4 2019-02-27 01:39

==================== 2019-02-27 05:55:01 ====================

-------------------- uptime --------------------
 05:55:01 up 111 days,  3:31,  2 users,  load average: 0.00, 0.01, 0.05

-------------------- System info --------------------
Linux aws-spot-t3micro 3.10.0-862.14.4.el7.x86_64 #1 SMP Wed Sep 26 15:12:11 UTC 2018 x86_64 x86_64 x86_64 GNU/Linux

-------------------- Storage usage --------------------
ファイルシス   サイズ  使用  残り 使用% マウント位置
/dev/nvme0n1p1    30G  6.0G   25G   20% /
devtmpfs         459M     0  459M    0% /dev
tmpfs            482M     0  482M    0% /dev/shm
tmpfs            482M   55M  428M   12% /run
tmpfs            482M     0  482M    0% /sys/fs/cgroup
tmpfs             97M     0   97M    0% /run/user/1000
tmpfs             97M     0   97M    0% /run/user/1002
tmpfs             97M     0   97M    0% /run/user/0

-------------------- System load --------------------
Linux 3.10.0-862.14.4.el7.x86_64 (aws-spot-t3micro) 	2019年02月27日 	_x86_64_	(2 CPU)

00時00分01秒     CPU     %user     %nice   %system   %iowait    %steal     %idle
01時00分01秒     all      0.08      0.00      0.06      0.00      0.04     99.82
02時00分01秒     all      0.08      0.00      0.06      0.00      0.06     99.80
03時00分01秒     all      0.07      0.00      0.05      0.00      0.04     99.83
04時00分01秒     all      0.06      0.00      0.05      0.00      0.06     99.83
05時00分01秒     all      0.07      0.00      0.05      0.00      0.04     99.84
平均値:      all      0.07      0.00      0.05      0.00      0.05     99.82

-------------------- Logged in user --------------------
c0d414 2019-02-26 15:32
ce84fc 2019-02-27 01:39

==================== 2019-02-27 08:55:01 ====================

-------------------- uptime --------------------
 08:55:01 up 111 days,  6:31,  1 user,  load average: 0.00, 0.01, 0.05

-------------------- System info --------------------
Linux aws-spot-t3micro 3.10.0-862.14.4.el7.x86_64 #1 SMP Wed Sep 26 15:12:11 UTC 2018 x86_64 x86_64 x86_64 GNU/Linux

-------------------- Storage usage --------------------
ファイルシス   サイズ  使用  残り 使用% マウント位置
/dev/nvme0n1p1    30G  6.0G   25G   20% /
devtmpfs         459M     0  459M    0% /dev
tmpfs            482M     0  482M    0% /dev/shm
tmpfs            482M   55M  428M   12% /run
tmpfs            482M     0  482M    0% /sys/fs/cgroup
tmpfs             97M     0   97M    0% /run/user/1000
tmpfs             97M     0   97M    0% /run/user/1002
tmpfs             97M     0   97M    0% /run/user/0

-------------------- System load --------------------
Linux 3.10.0-862.14.4.el7.x86_64 (aws-spot-t3micro) 	2019年02月27日 	_x86_64_	(2 CPU)

00時00分01秒     CPU     %user     %nice   %system   %iowait    %steal     %idle
01時00分01秒     all      0.08      0.00      0.06      0.00      0.04     99.82
02時00分01秒     all      0.08      0.00      0.06      0.00      0.06     99.80
03時00分01秒     all      0.07      0.00      0.05      0.00      0.04     99.83
04時00分01秒     all      0.06      0.00      0.05      0.00      0.06     99.83
05時00分01秒     all      0.07      0.00      0.05      0.00      0.04     99.84
06時00分01秒     all      0.07      0.00      0.05      0.00      0.06     99.82
07時00分01秒     all      0.07      0.00      0.05      0.00      0.05     99.83
08時00分01秒     all      0.09      0.00      0.05      0.00      0.04     99.81
平均値:      all      0.07      0.00      0.05      0.00      0.05     99.82

-------------------- Logged in user --------------------
c17b3f 2019-02-26 15:32

==================== 2019-02-27 11:55:01 ====================

-------------------- uptime --------------------
 11:55:01 up 111 days,  9:31,  1 user,  load average: 0.00, 0.01, 0.05

-------------------- System info --------------------
Linux aws-spot-t3micro 3.10.0-862.14.4.el7.x86_64 #1 SMP Wed Sep 26 15:12:11 UTC 2018 x86_64 x86_64 x86_64 GNU/Linux

-------------------- Storage usage --------------------
ファイルシス   サイズ  使用  残り 使用% マウント位置
/dev/nvme0n1p1    30G  6.0G   25G   20% /
devtmpfs         459M     0  459M    0% /dev
tmpfs            482M     0  482M    0% /dev/shm
tmpfs            482M   55M  428M   12% /run
tmpfs            482M     0  482M    0% /sys/fs/cgroup
tmpfs             97M     0   97M    0% /run/user/1000
tmpfs             97M     0   97M    0% /run/user/0
tmpfs             97M     0   97M    0% /run/user/1002

-------------------- System load --------------------
Linux 3.10.0-862.14.4.el7.x86_64 (aws-spot-t3micro) 	2019年02月27日 	_x86_64_	(2 CPU)

00時00分01秒     CPU     %user     %nice   %system   %iowait    %steal     %idle
01時00分01秒     all      0.08      0.00      0.06      0.00      0.04     99.82
02時00分01秒     all      0.08      0.00      0.06      0.00      0.06     99.80
03時00分01秒     all      0.07      0.00      0.05      0.00      0.04     99.83
04時00分01秒     all      0.06      0.00      0.05      0.00      0.06     99.83
05時00分01秒     all      0.07      0.00      0.05      0.00      0.04     99.84
06時00分01秒     all      0.07      0.00      0.05      0.00      0.06     99.82
07時00分01秒     all      0.07      0.00      0.05      0.00      0.05     99.83
08時00分01秒     all      0.09      0.00      0.05      0.00      0.04     99.81
09時00分01秒     all      0.07      0.00      0.05      0.00      0.05     99.83
10時00分01秒     all      0.07      0.00      0.05      0.00      0.05     99.84
11時00分01秒     all      0.08      0.00      0.05      0.00      0.07     99.80
平均値:      all      0.07      0.00      0.05      0.00      0.05     99.82

-------------------- Logged in user --------------------
c661fa 2019-02-26 15:32

==================== 2019-02-27 14:55:01 ====================

-------------------- uptime --------------------
 14:55:01 up 111 days, 12:31,  1 user,  load average: 0.00, 0.01, 0.05

-------------------- System info --------------------
Linux aws-spot-t3micro 3.10.0-862.14.4.el7.x86_64 #1 SMP Wed Sep 26 15:12:11 UTC 2018 x86_64 x86_64 x86_64 GNU/Linux

-------------------- Storage usage --------------------
ファイルシス   サイズ  使用  残り 使用% マウント位置
/dev/nvme0n1p1    30G  6.0G   25G   20% /
devtmpfs         459M     0  459M    0% /dev
tmpfs            482M     0  482M    0% /dev/shm
tmpfs            482M   55M  428M   12% /run
tmpfs            482M     0  482M    0% /sys/fs/cgroup
tmpfs             97M     0   97M    0% /run/user/1000
tmpfs             97M     0   97M    0% /run/user/0
tmpfs             97M     0   97M    0% /run/user/1002

-------------------- System load --------------------
Linux 3.10.0-862.14.4.el7.x86_64 (aws-spot-t3micro) 	2019年02月27日 	_x86_64_	(2 CPU)

00時00分01秒     CPU     %user     %nice   %system   %iowait    %steal     %idle
01時00分01秒     all      0.08      0.00      0.06      0.00      0.04     99.82
02時00分01秒     all      0.08      0.00      0.06      0.00      0.06     99.80
03時00分01秒     all      0.07      0.00      0.05      0.00      0.04     99.83
04時00分01秒     all      0.06      0.00      0.05      0.00      0.06     99.83
05時00分01秒     all      0.07      0.00      0.05      0.00      0.04     99.84
06時00分01秒     all      0.07      0.00      0.05      0.00      0.06     99.82
07時00分01秒     all      0.07      0.00      0.05      0.00      0.05     99.83
08時00分01秒     all      0.09      0.00      0.05      0.00      0.04     99.81
09時00分01秒     all      0.07      0.00      0.05      0.00      0.05     99.83
10時00分01秒     all      0.07      0.00      0.05      0.00      0.05     99.84
11時00分01秒     all      0.08      0.00      0.05      0.00      0.07     99.80
12時00分01秒     all      0.08      0.00      0.06      0.00      0.05     99.82
13時00分01秒     all      0.07      0.00      0.05      0.00      0.06     99.83
14時00分02秒     all      0.08      0.00      0.05      0.00      0.04     99.82
平均値:      all      0.07      0.00      0.05      0.00      0.05     99.82

-------------------- Logged in user --------------------
cd75fe 2019-02-26 15:32

==================== 2019-02-27 17:55:01 ====================

-------------------- uptime --------------------
 17:55:01 up 111 days, 15:31,  1 user,  load average: 0.00, 0.01, 0.05

-------------------- System info --------------------
Linux aws-spot-t3micro 3.10.0-862.14.4.el7.x86_64 #1 SMP Wed Sep 26 15:12:11 UTC 2018 x86_64 x86_64 x86_64 GNU/Linux

-------------------- Storage usage --------------------
ファイルシス   サイズ  使用  残り 使用% マウント位置
/dev/nvme0n1p1    30G  6.0G   25G   20% /
devtmpfs         459M     0  459M    0% /dev
tmpfs            482M     0  482M    0% /dev/shm
tmpfs            482M   55M  428M   12% /run
tmpfs            482M     0  482M    0% /sys/fs/cgroup
tmpfs             97M     0   97M    0% /run/user/1000
tmpfs             97M     0   97M    0% /run/user/0
tmpfs             97M     0   97M    0% /run/user/1002

-------------------- System load --------------------
Linux 3.10.0-862.14.4.el7.x86_64 (aws-spot-t3micro) 	2019年02月27日 	_x86_64_	(2 CPU)

00時00分01秒     CPU     %user     %nice   %system   %iowait    %steal     %idle
01時00分01秒     all      0.08      0.00      0.06      0.00      0.04     99.82
02時00分01秒     all      0.08      0.00      0.06      0.00      0.06     99.80
03時00分01秒     all      0.07      0.00      0.05      0.00      0.04     99.83
04時00分01秒     all      0.06      0.00      0.05      0.00      0.06     99.83
05時00分01秒     all      0.07      0.00      0.05      0.00      0.04     99.84
06時00分01秒     all      0.07      0.00      0.05      0.00      0.06     99.82
07時00分01秒     all      0.07      0.00      0.05      0.00      0.05     99.83
08時00分01秒     all      0.09      0.00      0.05      0.00      0.04     99.81
09時00分01秒     all      0.07      0.00      0.05      0.00      0.05     99.83
10時00分01秒     all      0.07      0.00      0.05      0.00      0.05     99.84
11時00分01秒     all      0.08      0.00      0.05      0.00      0.07     99.80
12時00分01秒     all      0.08      0.00      0.06      0.00      0.05     99.82
13時00分01秒     all      0.07      0.00      0.05      0.00      0.06     99.83
14時00分02秒     all      0.08      0.00      0.05      0.00      0.04     99.82
15時00分01秒     all      0.08      0.00      0.06      0.00      0.04     99.82
16時00分01秒     all      0.08      0.00      0.05      0.00      0.05     99.81
17時00分01秒     all      0.07      0.00      0.05      0.00      0.05     99.83
平均値:      all      0.07      0.00      0.05      0.00      0.05     99.82

-------------------- Logged in user --------------------
cbcdd9 2019-02-26 15:32

