==================== 2019-02-28 02:55:01 ====================

-------------------- uptime --------------------
 02:55:01 up 112 days, 31 min,  1 user,  load average: 0.00, 0.01, 0.05

-------------------- System info --------------------
Linux aws-spot-t3micro 3.10.0-862.14.4.el7.x86_64 #1 SMP Wed Sep 26 15:12:11 UTC 2018 x86_64 x86_64 x86_64 GNU/Linux

-------------------- Storage usage --------------------
ファイルシス   サイズ  使用  残り 使用% マウント位置
/dev/nvme0n1p1    30G  6.0G   25G   20% /
devtmpfs         459M     0  459M    0% /dev
tmpfs            482M     0  482M    0% /dev/shm
tmpfs            482M   61M  422M   13% /run
tmpfs            482M     0  482M    0% /sys/fs/cgroup
tmpfs             97M     0   97M    0% /run/user/1000
tmpfs             97M     0   97M    0% /run/user/1002
tmpfs             97M     0   97M    0% /run/user/0

-------------------- System load --------------------
Linux 3.10.0-862.14.4.el7.x86_64 (aws-spot-t3micro) 	2019年02月28日 	_x86_64_	(2 CPU)

00時00分01秒     CPU     %user     %nice   %system   %iowait    %steal     %idle
01時00分01秒     all      0.07      0.00      0.05      0.00      0.05     99.83
02時00分01秒     all      0.07      0.00      0.06      0.00      0.04     99.83
平均値:      all      0.07      0.00      0.05      0.00      0.04     99.83

-------------------- Logged in user --------------------
caa470 2019-02-26 15:32

==================== 2019-02-28 05:55:01 ====================

-------------------- uptime --------------------
 05:55:01 up 112 days,  3:31,  1 user,  load average: 0.00, 0.01, 0.05

-------------------- System info --------------------
Linux aws-spot-t3micro 3.10.0-862.14.4.el7.x86_64 #1 SMP Wed Sep 26 15:12:11 UTC 2018 x86_64 x86_64 x86_64 GNU/Linux

-------------------- Storage usage --------------------
ファイルシス   サイズ  使用  残り 使用% マウント位置
/dev/nvme0n1p1    30G  6.0G   25G   20% /
devtmpfs         459M     0  459M    0% /dev
tmpfs            482M     0  482M    0% /dev/shm
tmpfs            482M   55M  428M   12% /run
tmpfs            482M     0  482M    0% /sys/fs/cgroup
tmpfs             97M     0   97M    0% /run/user/1000
tmpfs             97M     0   97M    0% /run/user/1002
tmpfs             97M     0   97M    0% /run/user/0

-------------------- System load --------------------
Linux 3.10.0-862.14.4.el7.x86_64 (aws-spot-t3micro) 	2019年02月28日 	_x86_64_	(2 CPU)

00時00分01秒     CPU     %user     %nice   %system   %iowait    %steal     %idle
01時00分01秒     all      0.07      0.00      0.05      0.00      0.05     99.83
02時00分01秒     all      0.07      0.00      0.06      0.00      0.04     99.83
03時00分01秒     all      0.07      0.00      0.05      0.00      0.03     99.84
04時00分01秒     all      0.07      0.00      0.05      0.00      0.05     99.82
05時00分01秒     all      0.13      0.00      0.11      0.00      0.05     99.70
平均値:      all      0.08      0.00      0.06      0.00      0.04     99.81

-------------------- Logged in user --------------------
cfb96c 2019-02-26 15:32

==================== 2019-02-28 08:55:01 ====================

-------------------- uptime --------------------
 08:55:01 up 112 days,  6:31,  1 user,  load average: 0.00, 0.01, 0.05

-------------------- System info --------------------
Linux aws-spot-t3micro 3.10.0-862.14.4.el7.x86_64 #1 SMP Wed Sep 26 15:12:11 UTC 2018 x86_64 x86_64 x86_64 GNU/Linux

-------------------- Storage usage --------------------
ファイルシス   サイズ  使用  残り 使用% マウント位置
/dev/nvme0n1p1    30G  6.0G   25G   20% /
devtmpfs         459M     0  459M    0% /dev
tmpfs            482M     0  482M    0% /dev/shm
tmpfs            482M   55M  428M   12% /run
tmpfs            482M     0  482M    0% /sys/fs/cgroup
tmpfs             97M     0   97M    0% /run/user/1000
tmpfs             97M     0   97M    0% /run/user/1002
tmpfs             97M     0   97M    0% /run/user/0

-------------------- System load --------------------
Linux 3.10.0-862.14.4.el7.x86_64 (aws-spot-t3micro) 	2019年02月28日 	_x86_64_	(2 CPU)

00時00分01秒     CPU     %user     %nice   %system   %iowait    %steal     %idle
01時00分01秒     all      0.07      0.00      0.05      0.00      0.05     99.83
02時00分01秒     all      0.07      0.00      0.06      0.00      0.04     99.83
03時00分01秒     all      0.07      0.00      0.05      0.00      0.03     99.84
04時00分01秒     all      0.07      0.00      0.05      0.00      0.05     99.82
05時00分01秒     all      0.13      0.00      0.11      0.00      0.05     99.70
06時00分01秒     all      0.20      0.00      0.16      0.00      0.13     99.51
07時00分01秒     all      0.20      0.00      0.17      0.00      0.08     99.54
08時00分01秒     all      0.08      0.00      0.06      0.00      0.07     99.79
平均値:      all      0.11      0.00      0.09      0.00      0.06     99.73

-------------------- Logged in user --------------------
c510f2 2019-02-26 15:32

