==================== 2018-03-01 02:55:02 ====================

-------------------- uptime --------------------
 02:55:02 up 237 days, 15:44,  1 user,  load average: 0.00, 0.02, 0.05

-------------------- System info --------------------
Linux sakura-tokyo-prod 3.10.0-514.26.2.el7.x86_64 #1 SMP Tue Jul 4 15:04:05 UTC 2017 x86_64 x86_64 x86_64 GNU/Linux

-------------------- Storage usage --------------------
ファイルシス   サイズ  使用  残り 使用% マウント位置
/dev/vda4         96G  5.7G   90G    6% /
devtmpfs         2.0G     0  2.0G    0% /dev
tmpfs            2.0G     0  2.0G    0% /dev/shm
tmpfs            2.0G  828M  1.2G   42% /run
tmpfs            2.0G     0  2.0G    0% /sys/fs/cgroup
/dev/vda2        497M  215M  283M   44% /boot
tmpfs            396M     0  396M    0% /run/user/0
tmpfs            396M     0  396M    0% /run/user/1001

-------------------- System load --------------------
Linux 3.10.0-514.26.2.el7.x86_64 (sakura-tokyo-prod) 	2018年03月01日 	_x86_64_	(4 CPU)

00時00分02秒     CPU     %user     %nice   %system   %iowait    %steal     %idle
01時00分01秒     all      0.72      0.00      0.12      0.02      0.05     99.10
02時00分02秒     all      0.58      0.00      0.10      0.01      0.04     99.27
平均値:      all      0.65      0.00      0.11      0.01      0.04     99.19

-------------------- Logged in user --------------------
k80999ca 2018-02-27 23:13

==================== 2018-03-01 05:55:02 ====================

-------------------- uptime --------------------
 05:55:02 up 237 days, 18:44,  1 user,  load average: 0.00, 0.01, 0.05

-------------------- System info --------------------
Linux sakura-tokyo-prod 3.10.0-514.26.2.el7.x86_64 #1 SMP Tue Jul 4 15:04:05 UTC 2017 x86_64 x86_64 x86_64 GNU/Linux

-------------------- Storage usage --------------------
ファイルシス   サイズ  使用  残り 使用% マウント位置
/dev/vda4         96G  5.7G   90G    6% /
devtmpfs         2.0G     0  2.0G    0% /dev
tmpfs            2.0G     0  2.0G    0% /dev/shm
tmpfs            2.0G  828M  1.2G   42% /run
tmpfs            2.0G     0  2.0G    0% /sys/fs/cgroup
/dev/vda2        497M  215M  283M   44% /boot
tmpfs            396M     0  396M    0% /run/user/0
tmpfs            396M     0  396M    0% /run/user/1001

-------------------- System load --------------------
Linux 3.10.0-514.26.2.el7.x86_64 (sakura-tokyo-prod) 	2018年03月01日 	_x86_64_	(4 CPU)

00時00分02秒     CPU     %user     %nice   %system   %iowait    %steal     %idle
01時00分01秒     all      0.72      0.00      0.12      0.02      0.05     99.10
02時00分02秒     all      0.58      0.00      0.10      0.01      0.04     99.27
03時00分02秒     all      0.63      0.00      0.10      0.02      0.04     99.22
04時00分02秒     all      0.47      0.00      0.08      0.01      0.05     99.40
05時00分02秒     all      0.66      0.00      0.11      0.02      0.04     99.18
平均値:      all      0.61      0.00      0.10      0.01      0.04     99.23

-------------------- Logged in user --------------------
kc23679c 2018-02-27 23:13

==================== 2018-03-01 08:55:01 ====================

-------------------- uptime --------------------
 08:55:01 up 237 days, 21:44,  1 user,  load average: 0.03, 0.03, 0.05

-------------------- System info --------------------
Linux sakura-tokyo-prod 3.10.0-514.26.2.el7.x86_64 #1 SMP Tue Jul 4 15:04:05 UTC 2017 x86_64 x86_64 x86_64 GNU/Linux

-------------------- Storage usage --------------------
ファイルシス   サイズ  使用  残り 使用% マウント位置
/dev/vda4         96G  5.8G   90G    6% /
devtmpfs         2.0G     0  2.0G    0% /dev
tmpfs            2.0G     0  2.0G    0% /dev/shm
tmpfs            2.0G  829M  1.2G   42% /run
tmpfs            2.0G     0  2.0G    0% /sys/fs/cgroup
/dev/vda2        497M  215M  283M   44% /boot
tmpfs            396M     0  396M    0% /run/user/0
tmpfs            396M     0  396M    0% /run/user/1001

-------------------- System load --------------------
Linux 3.10.0-514.26.2.el7.x86_64 (sakura-tokyo-prod) 	2018年03月01日 	_x86_64_	(4 CPU)

00時00分02秒     CPU     %user     %nice   %system   %iowait    %steal     %idle
01時00分01秒     all      0.72      0.00      0.12      0.02      0.05     99.10
02時00分02秒     all      0.58      0.00      0.10      0.01      0.04     99.27
03時00分02秒     all      0.63      0.00      0.10      0.02      0.04     99.22
04時00分02秒     all      0.47      0.00      0.08      0.01      0.05     99.40
05時00分02秒     all      0.66      0.00      0.11      0.02      0.04     99.18
06時00分02秒     all      0.63      0.00      0.11      0.01      0.04     99.20
07時00分02秒     all      0.72      0.00      0.12      0.02      0.04     99.10
08時00分02秒     all      0.59      0.00      0.10      0.01      0.04     99.26
平均値:      all      0.63      0.00      0.10      0.01      0.04     99.22

-------------------- Logged in user --------------------
kadd2852 2018-02-27 23:13

==================== 2018-03-01 11:55:02 ====================

-------------------- uptime --------------------
 11:55:02 up 238 days, 44 min,  2 users,  load average: 0.00, 0.01, 0.05

-------------------- System info --------------------
Linux sakura-tokyo-prod 3.10.0-514.26.2.el7.x86_64 #1 SMP Tue Jul 4 15:04:05 UTC 2017 x86_64 x86_64 x86_64 GNU/Linux

-------------------- Storage usage --------------------
ファイルシス   サイズ  使用  残り 使用% マウント位置
/dev/vda4         96G  5.8G   90G    6% /
devtmpfs         2.0G     0  2.0G    0% /dev
tmpfs            2.0G     0  2.0G    0% /dev/shm
tmpfs            2.0G  830M  1.2G   42% /run
tmpfs            2.0G     0  2.0G    0% /sys/fs/cgroup
/dev/vda2        497M  215M  283M   44% /boot
tmpfs            396M     0  396M    0% /run/user/0
tmpfs            396M     0  396M    0% /run/user/1001

-------------------- System load --------------------
Linux 3.10.0-514.26.2.el7.x86_64 (sakura-tokyo-prod) 	2018年03月01日 	_x86_64_	(4 CPU)

00時00分02秒     CPU     %user     %nice   %system   %iowait    %steal     %idle
01時00分01秒     all      0.72      0.00      0.12      0.02      0.05     99.10
02時00分02秒     all      0.58      0.00      0.10      0.01      0.04     99.27
03時00分02秒     all      0.63      0.00      0.10      0.02      0.04     99.22
04時00分02秒     all      0.47      0.00      0.08      0.01      0.05     99.40
05時00分02秒     all      0.66      0.00      0.11      0.02      0.04     99.18
06時00分02秒     all      0.63      0.00      0.11      0.01      0.04     99.20
07時00分02秒     all      0.72      0.00      0.12      0.02      0.04     99.10
08時00分02秒     all      0.59      0.00      0.10      0.01      0.04     99.26
09時00分01秒     all      0.66      0.00      0.11      0.02      0.05     99.17
10時00分02秒     all      0.57      0.00      0.10      0.01      0.04     99.28
11時00分02秒     all      1.08      0.00      0.15      0.02      0.06     98.69
平均値:      all      0.66      0.00      0.11      0.02      0.04     99.17

-------------------- Logged in user --------------------
k85c9b9e 2018-02-27 23:13
k45a3541 2018-03-01 09:36

==================== 2018-03-01 14:55:02 ====================

-------------------- uptime --------------------
 14:55:02 up 238 days,  3:44,  2 users,  load average: 0.08, 0.03, 0.05

-------------------- System info --------------------
Linux sakura-tokyo-prod 3.10.0-514.26.2.el7.x86_64 #1 SMP Tue Jul 4 15:04:05 UTC 2017 x86_64 x86_64 x86_64 GNU/Linux

-------------------- Storage usage --------------------
ファイルシス   サイズ  使用  残り 使用% マウント位置
/dev/vda4         96G  5.7G   90G    6% /
devtmpfs         2.0G     0  2.0G    0% /dev
tmpfs            2.0G     0  2.0G    0% /dev/shm
tmpfs            2.0G  831M  1.2G   43% /run
tmpfs            2.0G     0  2.0G    0% /sys/fs/cgroup
/dev/vda2        497M  215M  283M   44% /boot
tmpfs            396M     0  396M    0% /run/user/0
tmpfs            396M     0  396M    0% /run/user/1001

-------------------- System load --------------------
Linux 3.10.0-514.26.2.el7.x86_64 (sakura-tokyo-prod) 	2018年03月01日 	_x86_64_	(4 CPU)

00時00分02秒     CPU     %user     %nice   %system   %iowait    %steal     %idle
01時00分01秒     all      0.72      0.00      0.12      0.02      0.05     99.10
02時00分02秒     all      0.58      0.00      0.10      0.01      0.04     99.27
03時00分02秒     all      0.63      0.00      0.10      0.02      0.04     99.22
04時00分02秒     all      0.47      0.00      0.08      0.01      0.05     99.40
05時00分02秒     all      0.66      0.00      0.11      0.02      0.04     99.18
06時00分02秒     all      0.63      0.00      0.11      0.01      0.04     99.20
07時00分02秒     all      0.72      0.00      0.12      0.02      0.04     99.10
08時00分02秒     all      0.59      0.00      0.10      0.01      0.04     99.26
09時00分01秒     all      0.66      0.00      0.11      0.02      0.05     99.17
10時00分02秒     all      0.57      0.00      0.10      0.01      0.04     99.28
11時00分02秒     all      1.08      0.00      0.15      0.02      0.06     98.69
12時00分03秒     all      0.70      0.00      0.11      0.01      0.06     99.12
13時00分02秒     all      0.97      0.00      0.15      0.02      0.05     98.81
14時00分02秒     all      0.53      0.00      0.09      0.00      0.05     99.32
平均値:      all      0.68      0.00      0.11      0.01      0.05     99.15

-------------------- Logged in user --------------------
k42ebeea 2018-02-27 23:13
kadc887e 2018-03-01 09:36

