==================== 2018-03-02 02:55:01 ====================

-------------------- uptime --------------------
 02:55:01 up 238 days, 15:44,  2 users,  load average: 0.00, 0.01, 0.05

-------------------- System info --------------------
Linux sakura-tokyo-prod 3.10.0-514.26.2.el7.x86_64 #1 SMP Tue Jul 4 15:04:05 UTC 2017 x86_64 x86_64 x86_64 GNU/Linux

-------------------- Storage usage --------------------
ファイルシス   サイズ  使用  残り 使用% マウント位置
/dev/vda4         96G  5.7G   90G    6% /
devtmpfs         2.0G     0  2.0G    0% /dev
tmpfs            2.0G     0  2.0G    0% /dev/shm
tmpfs            2.0G  843M  1.2G   43% /run
tmpfs            2.0G     0  2.0G    0% /sys/fs/cgroup
/dev/vda2        497M  215M  283M   44% /boot
tmpfs            396M     0  396M    0% /run/user/0
tmpfs            396M     0  396M    0% /run/user/1001

-------------------- System load --------------------
Linux 3.10.0-514.26.2.el7.x86_64 (sakura-tokyo-prod) 	2018年03月02日 	_x86_64_	(4 CPU)

00時00分02秒     CPU     %user     %nice   %system   %iowait    %steal     %idle
01時00分02秒     all      0.76      0.00      0.13      0.01      0.03     99.08
02時00分02秒     all      0.64      0.00      0.11      0.01      0.03     99.21
平均値:      all      0.70      0.00      0.12      0.01      0.03     99.15

-------------------- Logged in user --------------------
k9399157 2018-02-27 23:13
k021be70 2018-03-01 09:36

==================== 2018-03-02 05:55:02 ====================

-------------------- uptime --------------------
 05:55:02 up 238 days, 18:44,  2 users,  load average: 0.08, 0.04, 0.05

-------------------- System info --------------------
Linux sakura-tokyo-prod 3.10.0-514.26.2.el7.x86_64 #1 SMP Tue Jul 4 15:04:05 UTC 2017 x86_64 x86_64 x86_64 GNU/Linux

-------------------- Storage usage --------------------
ファイルシス   サイズ  使用  残り 使用% マウント位置
/dev/vda4         96G  5.7G   90G    6% /
devtmpfs         2.0G     0  2.0G    0% /dev
tmpfs            2.0G     0  2.0G    0% /dev/shm
tmpfs            2.0G  843M  1.2G   43% /run
tmpfs            2.0G     0  2.0G    0% /sys/fs/cgroup
/dev/vda2        497M  215M  283M   44% /boot
tmpfs            396M     0  396M    0% /run/user/0
tmpfs            396M     0  396M    0% /run/user/1001

-------------------- System load --------------------
Linux 3.10.0-514.26.2.el7.x86_64 (sakura-tokyo-prod) 	2018年03月02日 	_x86_64_	(4 CPU)

00時00分02秒     CPU     %user     %nice   %system   %iowait    %steal     %idle
01時00分02秒     all      0.76      0.00      0.13      0.01      0.03     99.08
02時00分02秒     all      0.64      0.00      0.11      0.01      0.03     99.21
03時00分02秒     all      0.66      0.00      0.11      0.01      0.04     99.18
04時00分02秒     all      0.47      0.00      0.08      0.00      0.04     99.40
05時00分02秒     all      0.66      0.00      0.11      0.02      0.04     99.17
平均値:      all      0.64      0.00      0.11      0.01      0.04     99.21

-------------------- Logged in user --------------------
k6f93e83 2018-02-27 23:13
k63443e7 2018-03-01 09:36

==================== 2018-03-02 08:55:01 ====================

-------------------- uptime --------------------
 08:55:01 up 238 days, 21:44,  2 users,  load average: 0.00, 0.01, 0.05

-------------------- System info --------------------
Linux sakura-tokyo-prod 3.10.0-514.26.2.el7.x86_64 #1 SMP Tue Jul 4 15:04:05 UTC 2017 x86_64 x86_64 x86_64 GNU/Linux

-------------------- Storage usage --------------------
ファイルシス   サイズ  使用  残り 使用% マウント位置
/dev/vda4         96G  5.7G   90G    6% /
devtmpfs         2.0G     0  2.0G    0% /dev
tmpfs            2.0G     0  2.0G    0% /dev/shm
tmpfs            2.0G  844M  1.2G   43% /run
tmpfs            2.0G     0  2.0G    0% /sys/fs/cgroup
/dev/vda2        497M  215M  283M   44% /boot
tmpfs            396M     0  396M    0% /run/user/0
tmpfs            396M     0  396M    0% /run/user/1001

-------------------- System load --------------------
Linux 3.10.0-514.26.2.el7.x86_64 (sakura-tokyo-prod) 	2018年03月02日 	_x86_64_	(4 CPU)

00時00分02秒     CPU     %user     %nice   %system   %iowait    %steal     %idle
01時00分02秒     all      0.76      0.00      0.13      0.01      0.03     99.08
02時00分02秒     all      0.64      0.00      0.11      0.01      0.03     99.21
03時00分02秒     all      0.66      0.00      0.11      0.01      0.04     99.18
04時00分02秒     all      0.47      0.00      0.08      0.00      0.04     99.40
05時00分02秒     all      0.66      0.00      0.11      0.02      0.04     99.17
06時00分02秒     all      0.61      0.00      0.10      0.01      0.05     99.23
07時00分02秒     all      0.78      0.00      0.13      0.02      0.05     99.02
08時00分02秒     all      0.64      0.00      0.10      0.02      0.04     99.20
平均値:      all      0.65      0.00      0.11      0.01      0.04     99.19

-------------------- Logged in user --------------------
k77f0965 2018-02-27 23:13
k94490b8 2018-03-01 09:36

==================== 2018-03-02 11:55:02 ====================

-------------------- uptime --------------------
 11:55:02 up 239 days, 44 min,  2 users,  load average: 0.05, 0.03, 0.05

-------------------- System info --------------------
Linux sakura-tokyo-prod 3.10.0-514.26.2.el7.x86_64 #1 SMP Tue Jul 4 15:04:05 UTC 2017 x86_64 x86_64 x86_64 GNU/Linux

-------------------- Storage usage --------------------
ファイルシス   サイズ  使用  残り 使用% マウント位置
/dev/vda4         96G  5.7G   90G    6% /
devtmpfs         2.0G     0  2.0G    0% /dev
tmpfs            2.0G     0  2.0G    0% /dev/shm
tmpfs            2.0G  837M  1.2G   43% /run
tmpfs            2.0G     0  2.0G    0% /sys/fs/cgroup
/dev/vda2        497M  215M  283M   44% /boot
tmpfs            396M     0  396M    0% /run/user/0
tmpfs            396M     0  396M    0% /run/user/1001

-------------------- System load --------------------
Linux 3.10.0-514.26.2.el7.x86_64 (sakura-tokyo-prod) 	2018年03月02日 	_x86_64_	(4 CPU)

00時00分02秒     CPU     %user     %nice   %system   %iowait    %steal     %idle
01時00分02秒     all      0.76      0.00      0.13      0.01      0.03     99.08
02時00分02秒     all      0.64      0.00      0.11      0.01      0.03     99.21
03時00分02秒     all      0.66      0.00      0.11      0.01      0.04     99.18
04時00分02秒     all      0.47      0.00      0.08      0.00      0.04     99.40
05時00分02秒     all      0.66      0.00      0.11      0.02      0.04     99.17
06時00分02秒     all      0.61      0.00      0.10      0.01      0.05     99.23
07時00分02秒     all      0.78      0.00      0.13      0.02      0.05     99.02
08時00分02秒     all      0.64      0.00      0.10      0.02      0.04     99.20
09時00分02秒     all      0.70      0.00      0.11      0.02      0.04     99.13
10時00分02秒     all      0.67      0.00      0.11      0.01      0.05     99.16
11時00分02秒     all      1.19      0.00      0.17      0.04      0.06     98.55
平均値:      all      0.71      0.00      0.11      0.01      0.04     99.12

-------------------- Logged in user --------------------
k530a9ac 2018-02-27 23:13
kf8eda38 2018-03-01 09:36

