==================== 2018-03-05 02:55:02 ====================

-------------------- uptime --------------------
 02:55:02 up 241 days, 15:44,  0 users,  load average: 0.19, 0.09, 0.06

-------------------- System info --------------------
Linux sakura-tokyo-prod 3.10.0-514.26.2.el7.x86_64 #1 SMP Tue Jul 4 15:04:05 UTC 2017 x86_64 x86_64 x86_64 GNU/Linux

-------------------- Storage usage --------------------
ファイルシス   サイズ  使用  残り 使用% マウント位置
/dev/vda4         96G  5.8G   90G    6% /
devtmpfs         2.0G     0  2.0G    0% /dev
tmpfs            2.0G     0  2.0G    0% /dev/shm
tmpfs            2.0G  880M  1.1G   45% /run
tmpfs            2.0G     0  2.0G    0% /sys/fs/cgroup
/dev/vda2        497M  215M  283M   44% /boot
tmpfs            396M     0  396M    0% /run/user/0
tmpfs            396M     0  396M    0% /run/user/1001

-------------------- System load --------------------
Linux 3.10.0-514.26.2.el7.x86_64 (sakura-tokyo-prod) 	2018年03月05日 	_x86_64_	(4 CPU)

00時00分02秒     CPU     %user     %nice   %system   %iowait    %steal     %idle
01時00分02秒     all      0.98      0.00      0.14      0.01      0.05     98.82
02時00分02秒     all      0.58      0.00      0.10      0.00      0.05     99.26
平均値:      all      0.78      0.00      0.12      0.01      0.05     99.04

-------------------- Logged in user --------------------


==================== 2018-03-05 05:55:02 ====================

-------------------- uptime --------------------
 05:55:02 up 241 days, 18:44,  0 users,  load average: 0.00, 0.01, 0.05

-------------------- System info --------------------
Linux sakura-tokyo-prod 3.10.0-514.26.2.el7.x86_64 #1 SMP Tue Jul 4 15:04:05 UTC 2017 x86_64 x86_64 x86_64 GNU/Linux

-------------------- Storage usage --------------------
ファイルシス   サイズ  使用  残り 使用% マウント位置
/dev/vda4         96G  5.8G   90G    6% /
devtmpfs         2.0G     0  2.0G    0% /dev
tmpfs            2.0G     0  2.0G    0% /dev/shm
tmpfs            2.0G  880M  1.1G   45% /run
tmpfs            2.0G     0  2.0G    0% /sys/fs/cgroup
/dev/vda2        497M  215M  283M   44% /boot
tmpfs            396M     0  396M    0% /run/user/0
tmpfs            396M     0  396M    0% /run/user/1001

-------------------- System load --------------------
Linux 3.10.0-514.26.2.el7.x86_64 (sakura-tokyo-prod) 	2018年03月05日 	_x86_64_	(4 CPU)

00時00分02秒     CPU     %user     %nice   %system   %iowait    %steal     %idle
01時00分02秒     all      0.98      0.00      0.14      0.01      0.05     98.82
02時00分02秒     all      0.58      0.00      0.10      0.00      0.05     99.26
03時00分03秒     all      0.81      0.00      0.12      0.01      0.05     99.01
04時00分02秒     all      0.46      0.00      0.08      0.00      0.04     99.42
05時00分02秒     all      0.96      0.00      0.13      0.01      0.04     98.86
平均値:      all      0.76      0.00      0.11      0.01      0.05     99.07

-------------------- Logged in user --------------------


==================== 2018-03-05 08:55:02 ====================

-------------------- uptime --------------------
 08:55:02 up 241 days, 21:44,  0 users,  load average: 0.22, 0.09, 0.07

-------------------- System info --------------------
Linux sakura-tokyo-prod 3.10.0-514.26.2.el7.x86_64 #1 SMP Tue Jul 4 15:04:05 UTC 2017 x86_64 x86_64 x86_64 GNU/Linux

-------------------- Storage usage --------------------
ファイルシス   サイズ  使用  残り 使用% マウント位置
/dev/vda4         96G  5.7G   90G    6% /
devtmpfs         2.0G     0  2.0G    0% /dev
tmpfs            2.0G     0  2.0G    0% /dev/shm
tmpfs            2.0G  857M  1.1G   44% /run
tmpfs            2.0G     0  2.0G    0% /sys/fs/cgroup
/dev/vda2        497M  215M  283M   44% /boot
tmpfs            396M     0  396M    0% /run/user/0
tmpfs            396M     0  396M    0% /run/user/1001

-------------------- System load --------------------
Linux 3.10.0-514.26.2.el7.x86_64 (sakura-tokyo-prod) 	2018年03月05日 	_x86_64_	(4 CPU)

00時00分02秒     CPU     %user     %nice   %system   %iowait    %steal     %idle
01時00分02秒     all      0.98      0.00      0.14      0.01      0.05     98.82
02時00分02秒     all      0.58      0.00      0.10      0.00      0.05     99.26
03時00分03秒     all      0.81      0.00      0.12      0.01      0.05     99.01
04時00分02秒     all      0.46      0.00      0.08      0.00      0.04     99.42
05時00分02秒     all      0.96      0.00      0.13      0.01      0.04     98.86
06時00分02秒     all      0.55      0.00      0.09      0.00      0.04     99.31
07時00分03秒     all      0.99      0.00      0.13      0.01      0.04     98.83
08時00分02秒     all      0.65      0.00      0.10      0.00      0.05     99.20
平均値:      all      0.75      0.00      0.11      0.01      0.05     99.09

-------------------- Logged in user --------------------


==================== 2018-03-05 11:55:01 ====================

-------------------- uptime --------------------
 11:55:01 up 242 days, 44 min,  0 users,  load average: 0.00, 0.01, 0.05

-------------------- System info --------------------
Linux sakura-tokyo-prod 3.10.0-514.26.2.el7.x86_64 #1 SMP Tue Jul 4 15:04:05 UTC 2017 x86_64 x86_64 x86_64 GNU/Linux

-------------------- Storage usage --------------------
ファイルシス   サイズ  使用  残り 使用% マウント位置
/dev/vda4         96G  5.7G   90G    6% /
devtmpfs         2.0G     0  2.0G    0% /dev
tmpfs            2.0G     0  2.0G    0% /dev/shm
tmpfs            2.0G  858M  1.1G   44% /run
tmpfs            2.0G     0  2.0G    0% /sys/fs/cgroup
/dev/vda2        497M  215M  283M   44% /boot
tmpfs            396M     0  396M    0% /run/user/0
tmpfs            396M     0  396M    0% /run/user/1001

-------------------- System load --------------------
Linux 3.10.0-514.26.2.el7.x86_64 (sakura-tokyo-prod) 	2018年03月05日 	_x86_64_	(4 CPU)

00時00分02秒     CPU     %user     %nice   %system   %iowait    %steal     %idle
01時00分02秒     all      0.98      0.00      0.14      0.01      0.05     98.82
02時00分02秒     all      0.58      0.00      0.10      0.00      0.05     99.26
03時00分03秒     all      0.81      0.00      0.12      0.01      0.05     99.01
04時00分02秒     all      0.46      0.00      0.08      0.00      0.04     99.42
05時00分02秒     all      0.96      0.00      0.13      0.01      0.04     98.86
06時00分02秒     all      0.55      0.00      0.09      0.00      0.04     99.31
07時00分03秒     all      0.99      0.00      0.13      0.01      0.04     98.83
08時00分02秒     all      0.65      0.00      0.10      0.00      0.05     99.20
09時00分02秒     all      0.85      0.00      0.12      0.01      0.05     98.96
10時00分02秒     all      0.68      0.00      0.11      0.01      0.05     99.15
11時00分02秒     all      1.09      0.00      0.15      0.01      0.05     98.70
平均値:      all      0.78      0.00      0.12      0.01      0.05     99.05

-------------------- Logged in user --------------------


==================== 2018-03-05 14:55:02 ====================

-------------------- uptime --------------------
 14:55:02 up 242 days,  3:44,  0 users,  load average: 0.14, 0.06, 0.06

-------------------- System info --------------------
Linux sakura-tokyo-prod 3.10.0-514.26.2.el7.x86_64 #1 SMP Tue Jul 4 15:04:05 UTC 2017 x86_64 x86_64 x86_64 GNU/Linux

-------------------- Storage usage --------------------
ファイルシス   サイズ  使用  残り 使用% マウント位置
/dev/vda4         96G  5.7G   90G    6% /
devtmpfs         2.0G     0  2.0G    0% /dev
tmpfs            2.0G     0  2.0G    0% /dev/shm
tmpfs            2.0G  859M  1.1G   44% /run
tmpfs            2.0G     0  2.0G    0% /sys/fs/cgroup
/dev/vda2        497M  215M  283M   44% /boot
tmpfs            396M     0  396M    0% /run/user/0
tmpfs            396M     0  396M    0% /run/user/1001

-------------------- System load --------------------
Linux 3.10.0-514.26.2.el7.x86_64 (sakura-tokyo-prod) 	2018年03月05日 	_x86_64_	(4 CPU)

00時00分02秒     CPU     %user     %nice   %system   %iowait    %steal     %idle
01時00分02秒     all      0.98      0.00      0.14      0.01      0.05     98.82
02時00分02秒     all      0.58      0.00      0.10      0.00      0.05     99.26
03時00分03秒     all      0.81      0.00      0.12      0.01      0.05     99.01
04時00分02秒     all      0.46      0.00      0.08      0.00      0.04     99.42
05時00分02秒     all      0.96      0.00      0.13      0.01      0.04     98.86
06時00分02秒     all      0.55      0.00      0.09      0.00      0.04     99.31
07時00分03秒     all      0.99      0.00      0.13      0.01      0.04     98.83
08時00分02秒     all      0.65      0.00      0.10      0.00      0.05     99.20
09時00分02秒     all      0.85      0.00      0.12      0.01      0.05     98.96
10時00分02秒     all      0.68      0.00      0.11      0.01      0.05     99.15
11時00分02秒     all      1.09      0.00      0.15      0.01      0.05     98.70
12時00分01秒     all      1.09      0.00      0.14      0.01      0.05     98.71
13時00分02秒     all      1.12      0.00      0.16      0.01      0.06     98.64
14時00分02秒     all      0.51      0.00      0.08      0.00      0.04     99.36
平均値:      all      0.81      0.00      0.12      0.01      0.05     99.02

-------------------- Logged in user --------------------


==================== 2018-03-05 17:55:02 ====================

-------------------- uptime --------------------
 17:55:02 up 242 days,  6:44,  0 users,  load average: 0.04, 0.05, 0.05

-------------------- System info --------------------
Linux sakura-tokyo-prod 3.10.0-514.26.2.el7.x86_64 #1 SMP Tue Jul 4 15:04:05 UTC 2017 x86_64 x86_64 x86_64 GNU/Linux

-------------------- Storage usage --------------------
ファイルシス   サイズ  使用  残り 使用% マウント位置
/dev/vda4         96G  5.7G   90G    6% /
devtmpfs         2.0G     0  2.0G    0% /dev
tmpfs            2.0G     0  2.0G    0% /dev/shm
tmpfs            2.0G  860M  1.1G   44% /run
tmpfs            2.0G     0  2.0G    0% /sys/fs/cgroup
/dev/vda2        497M  215M  283M   44% /boot
tmpfs            396M     0  396M    0% /run/user/0
tmpfs            396M     0  396M    0% /run/user/1001

-------------------- System load --------------------
Linux 3.10.0-514.26.2.el7.x86_64 (sakura-tokyo-prod) 	2018年03月05日 	_x86_64_	(4 CPU)

00時00分02秒     CPU     %user     %nice   %system   %iowait    %steal     %idle
01時00分02秒     all      0.98      0.00      0.14      0.01      0.05     98.82
02時00分02秒     all      0.58      0.00      0.10      0.00      0.05     99.26
03時00分03秒     all      0.81      0.00      0.12      0.01      0.05     99.01
04時00分02秒     all      0.46      0.00      0.08      0.00      0.04     99.42
05時00分02秒     all      0.96      0.00      0.13      0.01      0.04     98.86
06時00分02秒     all      0.55      0.00      0.09      0.00      0.04     99.31
07時00分03秒     all      0.99      0.00      0.13      0.01      0.04     98.83
08時00分02秒     all      0.65      0.00      0.10      0.00      0.05     99.20
09時00分02秒     all      0.85      0.00      0.12      0.01      0.05     98.96
10時00分02秒     all      0.68      0.00      0.11      0.01      0.05     99.15
11時00分02秒     all      1.09      0.00      0.15      0.01      0.05     98.70
12時00分01秒     all      1.09      0.00      0.14      0.01      0.05     98.71
13時00分02秒     all      1.12      0.00      0.16      0.01      0.06     98.64
14時00分02秒     all      0.51      0.00      0.08      0.00      0.04     99.36
15時00分03秒     all      0.88      0.00      0.13      0.01      0.04     98.93
16時00分02秒     all      0.74      0.00      0.12      0.01      0.05     99.08
17時00分02秒     all      1.00      0.00      0.15      0.01      0.06     98.78
平均値:      all      0.82      0.00      0.12      0.01      0.05     99.00

-------------------- Logged in user --------------------


==================== 2018-03-05 20:55:01 ====================

-------------------- uptime --------------------
 20:55:01 up 242 days,  9:44,  1 user,  load average: 0.12, 0.06, 0.06

-------------------- System info --------------------
Linux sakura-tokyo-prod 3.10.0-514.26.2.el7.x86_64 #1 SMP Tue Jul 4 15:04:05 UTC 2017 x86_64 x86_64 x86_64 GNU/Linux

-------------------- Storage usage --------------------
ファイルシス   サイズ  使用  残り 使用% マウント位置
/dev/vda4         96G  5.7G   90G    6% /
devtmpfs         2.0G     0  2.0G    0% /dev
tmpfs            2.0G     0  2.0G    0% /dev/shm
tmpfs            2.0G  861M  1.1G   44% /run
tmpfs            2.0G     0  2.0G    0% /sys/fs/cgroup
/dev/vda2        497M  215M  283M   44% /boot
tmpfs            396M     0  396M    0% /run/user/0
tmpfs            396M     0  396M    0% /run/user/1001

-------------------- System load --------------------
Linux 3.10.0-514.26.2.el7.x86_64 (sakura-tokyo-prod) 	2018年03月05日 	_x86_64_	(4 CPU)

00時00分02秒     CPU     %user     %nice   %system   %iowait    %steal     %idle
01時00分02秒     all      0.98      0.00      0.14      0.01      0.05     98.82
02時00分02秒     all      0.58      0.00      0.10      0.00      0.05     99.26
03時00分03秒     all      0.81      0.00      0.12      0.01      0.05     99.01
04時00分02秒     all      0.46      0.00      0.08      0.00      0.04     99.42
05時00分02秒     all      0.96      0.00      0.13      0.01      0.04     98.86
06時00分02秒     all      0.55      0.00      0.09      0.00      0.04     99.31
07時00分03秒     all      0.99      0.00      0.13      0.01      0.04     98.83
08時00分02秒     all      0.65      0.00      0.10      0.00      0.05     99.20
09時00分02秒     all      0.85      0.00      0.12      0.01      0.05     98.96
10時00分02秒     all      0.68      0.00      0.11      0.01      0.05     99.15
11時00分02秒     all      1.09      0.00      0.15      0.01      0.05     98.70
12時00分01秒     all      1.09      0.00      0.14      0.01      0.05     98.71
13時00分02秒     all      1.12      0.00      0.16      0.01      0.06     98.64
14時00分02秒     all      0.51      0.00      0.08      0.00      0.04     99.36
15時00分03秒     all      0.88      0.00      0.13      0.01      0.04     98.93
16時00分02秒     all      0.74      0.00      0.12      0.01      0.05     99.08
17時00分02秒     all      1.00      0.00      0.15      0.01      0.06     98.78
18時00分02秒     all      0.81      0.00      0.13      0.01      0.04     99.01
19時00分02秒     all      0.92      0.00      0.15      0.01      0.04     98.87
20時00分02秒     all      0.57      0.00      0.10      0.00      0.04     99.29
平均値:      all      0.81      0.00      0.12      0.01      0.05     99.01

-------------------- Logged in user --------------------
k07e0f2b 2018-03-05 17:59

