==================== 2018-03-06 02:55:02 ====================

-------------------- uptime --------------------
 02:55:02 up 242 days, 15:44,  1 user,  load average: 0.06, 0.03, 0.05

-------------------- System info --------------------
Linux sakura-tokyo-prod 3.10.0-514.26.2.el7.x86_64 #1 SMP Tue Jul 4 15:04:05 UTC 2017 x86_64 x86_64 x86_64 GNU/Linux

-------------------- Storage usage --------------------
ファイルシス   サイズ  使用  残り 使用% マウント位置
/dev/vda4         96G  5.7G   90G    6% /
devtmpfs         2.0G     0  2.0G    0% /dev
tmpfs            2.0G     0  2.0G    0% /dev/shm
tmpfs            2.0G  863M  1.1G   44% /run
tmpfs            2.0G     0  2.0G    0% /sys/fs/cgroup
/dev/vda2        497M  215M  283M   44% /boot
tmpfs            396M     0  396M    0% /run/user/0
tmpfs            396M     0  396M    0% /run/user/1001

-------------------- System load --------------------
Linux 3.10.0-514.26.2.el7.x86_64 (sakura-tokyo-prod) 	2018年03月06日 	_x86_64_	(4 CPU)

00時00分02秒     CPU     %user     %nice   %system   %iowait    %steal     %idle
01時00分01秒     all      1.13      0.00      0.15      0.02      0.05     98.65
02時00分02秒     all      0.55      0.00      0.09      0.00      0.04     99.32
平均値:      all      0.84      0.00      0.12      0.01      0.04     98.99

-------------------- Logged in user --------------------
k80265b5 2018-03-05 17:59

==================== 2018-03-06 05:55:02 ====================

-------------------- uptime --------------------
 05:55:02 up 242 days, 18:44,  1 user,  load average: 0.00, 0.01, 0.05

-------------------- System info --------------------
Linux sakura-tokyo-prod 3.10.0-514.26.2.el7.x86_64 #1 SMP Tue Jul 4 15:04:05 UTC 2017 x86_64 x86_64 x86_64 GNU/Linux

-------------------- Storage usage --------------------
ファイルシス   サイズ  使用  残り 使用% マウント位置
/dev/vda4         96G  5.7G   90G    6% /
devtmpfs         2.0G     0  2.0G    0% /dev
tmpfs            2.0G     0  2.0G    0% /dev/shm
tmpfs            2.0G  864M  1.1G   44% /run
tmpfs            2.0G     0  2.0G    0% /sys/fs/cgroup
/dev/vda2        497M  215M  283M   44% /boot
tmpfs            396M     0  396M    0% /run/user/0
tmpfs            396M     0  396M    0% /run/user/1001

-------------------- System load --------------------
Linux 3.10.0-514.26.2.el7.x86_64 (sakura-tokyo-prod) 	2018年03月06日 	_x86_64_	(4 CPU)

00時00分02秒     CPU     %user     %nice   %system   %iowait    %steal     %idle
01時00分01秒     all      1.13      0.00      0.15      0.02      0.05     98.65
02時00分02秒     all      0.55      0.00      0.09      0.00      0.04     99.32
03時00分03秒     all      0.88      0.00      0.14      0.01      0.04     98.92
04時00分02秒     all      0.59      0.00      0.09      0.00      0.04     99.27
05時00分02秒     all      1.00      0.00      0.15      0.01      0.04     98.80
平均値:      all      0.83      0.00      0.13      0.01      0.04     98.99

-------------------- Logged in user --------------------
k61b33e9 2018-03-05 17:59

==================== 2018-03-06 08:55:02 ====================

-------------------- uptime --------------------
 08:55:02 up 242 days, 21:44,  1 user,  load average: 0.00, 0.02, 0.05

-------------------- System info --------------------
Linux sakura-tokyo-prod 3.10.0-514.26.2.el7.x86_64 #1 SMP Tue Jul 4 15:04:05 UTC 2017 x86_64 x86_64 x86_64 GNU/Linux

-------------------- Storage usage --------------------
ファイルシス   サイズ  使用  残り 使用% マウント位置
/dev/vda4         96G  5.7G   90G    6% /
devtmpfs         2.0G     0  2.0G    0% /dev
tmpfs            2.0G     0  2.0G    0% /dev/shm
tmpfs            2.0G  864M  1.1G   44% /run
tmpfs            2.0G     0  2.0G    0% /sys/fs/cgroup
/dev/vda2        497M  215M  283M   44% /boot
tmpfs            396M     0  396M    0% /run/user/0
tmpfs            396M     0  396M    0% /run/user/1001

-------------------- System load --------------------
Linux 3.10.0-514.26.2.el7.x86_64 (sakura-tokyo-prod) 	2018年03月06日 	_x86_64_	(4 CPU)

00時00分02秒     CPU     %user     %nice   %system   %iowait    %steal     %idle
01時00分01秒     all      1.13      0.00      0.15      0.02      0.05     98.65
02時00分02秒     all      0.55      0.00      0.09      0.00      0.04     99.32
03時00分03秒     all      0.88      0.00      0.14      0.01      0.04     98.92
04時00分02秒     all      0.59      0.00      0.09      0.00      0.04     99.27
05時00分02秒     all      1.00      0.00      0.15      0.01      0.04     98.80
06時00分02秒     all      0.58      0.00      0.10      0.00      0.04     99.28
07時00分02秒     all      1.08      0.00      0.16      0.01      0.05     98.70
08時00分02秒     all      0.59      0.00      0.10      0.01      0.04     99.26
平均値:      all      0.80      0.00      0.12      0.01      0.04     99.02

-------------------- Logged in user --------------------
k5da10f5 2018-03-05 17:59

==================== 2018-03-06 11:55:02 ====================

-------------------- uptime --------------------
 11:55:02 up 243 days, 44 min,  1 user,  load average: 0.00, 0.01, 0.05

-------------------- System info --------------------
Linux sakura-tokyo-prod 3.10.0-514.26.2.el7.x86_64 #1 SMP Tue Jul 4 15:04:05 UTC 2017 x86_64 x86_64 x86_64 GNU/Linux

-------------------- Storage usage --------------------
ファイルシス   サイズ  使用  残り 使用% マウント位置
/dev/vda4         96G  5.7G   90G    6% /
devtmpfs         2.0G     0  2.0G    0% /dev
tmpfs            2.0G     0  2.0G    0% /dev/shm
tmpfs            2.0G  873M  1.1G   45% /run
tmpfs            2.0G     0  2.0G    0% /sys/fs/cgroup
/dev/vda2        497M  215M  283M   44% /boot
tmpfs            396M     0  396M    0% /run/user/0
tmpfs            396M     0  396M    0% /run/user/1001

-------------------- System load --------------------
Linux 3.10.0-514.26.2.el7.x86_64 (sakura-tokyo-prod) 	2018年03月06日 	_x86_64_	(4 CPU)

00時00分02秒     CPU     %user     %nice   %system   %iowait    %steal     %idle
01時00分01秒     all      1.13      0.00      0.15      0.02      0.05     98.65
02時00分02秒     all      0.55      0.00      0.09      0.00      0.04     99.32
03時00分03秒     all      0.88      0.00      0.14      0.01      0.04     98.92
04時00分02秒     all      0.59      0.00      0.09      0.00      0.04     99.27
05時00分02秒     all      1.00      0.00      0.15      0.01      0.04     98.80
06時00分02秒     all      0.58      0.00      0.10      0.00      0.04     99.28
07時00分02秒     all      1.08      0.00      0.16      0.01      0.05     98.70
08時00分02秒     all      0.59      0.00      0.10      0.01      0.04     99.26
09時00分02秒     all      1.13      0.00      0.16      0.02      0.06     98.63
10時00分02秒     all      0.68      0.00      0.11      0.01      0.05     99.16
11時00分02秒     all      1.16      0.00      0.16      0.01      0.05     98.62
平均値:      all      0.85      0.00      0.13      0.01      0.05     98.96

-------------------- Logged in user --------------------
kfcc6c66 2018-03-05 17:59

==================== 2018-03-06 14:55:02 ====================

-------------------- uptime --------------------
 14:55:02 up 243 days,  3:44,  1 user,  load average: 0.03, 0.03, 0.05

-------------------- System info --------------------
Linux sakura-tokyo-prod 3.10.0-514.26.2.el7.x86_64 #1 SMP Tue Jul 4 15:04:05 UTC 2017 x86_64 x86_64 x86_64 GNU/Linux

-------------------- Storage usage --------------------
ファイルシス   サイズ  使用  残り 使用% マウント位置
/dev/vda4         96G  5.7G   90G    6% /
devtmpfs         2.0G     0  2.0G    0% /dev
tmpfs            2.0G     0  2.0G    0% /dev/shm
tmpfs            2.0G  874M  1.1G   45% /run
tmpfs            2.0G     0  2.0G    0% /sys/fs/cgroup
/dev/vda2        497M  215M  283M   44% /boot
tmpfs            396M     0  396M    0% /run/user/0
tmpfs            396M     0  396M    0% /run/user/1001

-------------------- System load --------------------
Linux 3.10.0-514.26.2.el7.x86_64 (sakura-tokyo-prod) 	2018年03月06日 	_x86_64_	(4 CPU)

00時00分02秒     CPU     %user     %nice   %system   %iowait    %steal     %idle
01時00分01秒     all      1.13      0.00      0.15      0.02      0.05     98.65
02時00分02秒     all      0.55      0.00      0.09      0.00      0.04     99.32
03時00分03秒     all      0.88      0.00      0.14      0.01      0.04     98.92
04時00分02秒     all      0.59      0.00      0.09      0.00      0.04     99.27
05時00分02秒     all      1.00      0.00      0.15      0.01      0.04     98.80
06時00分02秒     all      0.58      0.00      0.10      0.00      0.04     99.28
07時00分02秒     all      1.08      0.00      0.16      0.01      0.05     98.70
08時00分02秒     all      0.59      0.00      0.10      0.01      0.04     99.26
09時00分02秒     all      1.13      0.00      0.16      0.02      0.06     98.63
10時00分02秒     all      0.68      0.00      0.11      0.01      0.05     99.16
11時00分02秒     all      1.16      0.00      0.16      0.01      0.05     98.62
12時00分02秒     all      0.90      0.00      0.12      0.01      0.05     98.92
13時00分02秒     all      1.37      0.00      0.17      0.02      0.05     98.39
14時00分02秒     all      0.53      0.00      0.09      0.00      0.05     99.33
平均値:      all      0.87      0.00      0.13      0.01      0.05     98.95

-------------------- Logged in user --------------------
kb1e3584 2018-03-05 17:59

==================== 2018-03-06 17:55:02 ====================

-------------------- uptime --------------------
 17:55:02 up 243 days,  6:44,  1 user,  load average: 0.00, 0.01, 0.05

-------------------- System info --------------------
Linux sakura-tokyo-prod 3.10.0-514.26.2.el7.x86_64 #1 SMP Tue Jul 4 15:04:05 UTC 2017 x86_64 x86_64 x86_64 GNU/Linux

-------------------- Storage usage --------------------
ファイルシス   サイズ  使用  残り 使用% マウント位置
/dev/vda4         96G  5.7G   90G    6% /
devtmpfs         2.0G     0  2.0G    0% /dev
tmpfs            2.0G     0  2.0G    0% /dev/shm
tmpfs            2.0G  875M  1.1G   45% /run
tmpfs            2.0G     0  2.0G    0% /sys/fs/cgroup
/dev/vda2        497M  215M  283M   44% /boot
tmpfs            396M     0  396M    0% /run/user/0
tmpfs            396M     0  396M    0% /run/user/1001

-------------------- System load --------------------
Linux 3.10.0-514.26.2.el7.x86_64 (sakura-tokyo-prod) 	2018年03月06日 	_x86_64_	(4 CPU)

00時00分02秒     CPU     %user     %nice   %system   %iowait    %steal     %idle
01時00分01秒     all      1.13      0.00      0.15      0.02      0.05     98.65
02時00分02秒     all      0.55      0.00      0.09      0.00      0.04     99.32
03時00分03秒     all      0.88      0.00      0.14      0.01      0.04     98.92
04時00分02秒     all      0.59      0.00      0.09      0.00      0.04     99.27
05時00分02秒     all      1.00      0.00      0.15      0.01      0.04     98.80
06時00分02秒     all      0.58      0.00      0.10      0.00      0.04     99.28
07時00分02秒     all      1.08      0.00      0.16      0.01      0.05     98.70
08時00分02秒     all      0.59      0.00      0.10      0.01      0.04     99.26
09時00分02秒     all      1.13      0.00      0.16      0.02      0.06     98.63
10時00分02秒     all      0.68      0.00      0.11      0.01      0.05     99.16
11時00分02秒     all      1.16      0.00      0.16      0.01      0.05     98.62
12時00分02秒     all      0.90      0.00      0.12      0.01      0.05     98.92
13時00分02秒     all      1.37      0.00      0.17      0.02      0.05     98.39
14時00分02秒     all      0.53      0.00      0.09      0.00      0.05     99.33
15時00分02秒     all      0.93      0.00      0.14      0.01      0.05     98.87
16時00分02秒     all      0.61      0.00      0.10      0.01      0.05     99.23
17時00分02秒     all      1.13      0.00      0.15      0.01      0.05     98.65
平均値:      all      0.87      0.00      0.13      0.01      0.05     98.94

-------------------- Logged in user --------------------
kfd19c0d 2018-03-05 17:59

==================== 2018-03-06 20:55:01 ====================

-------------------- uptime --------------------
 20:55:01 up 243 days,  9:44,  1 user,  load average: 0.01, 0.05, 0.05

-------------------- System info --------------------
Linux sakura-tokyo-prod 3.10.0-514.26.2.el7.x86_64 #1 SMP Tue Jul 4 15:04:05 UTC 2017 x86_64 x86_64 x86_64 GNU/Linux

-------------------- Storage usage --------------------
ファイルシス   サイズ  使用  残り 使用% マウント位置
/dev/vda4         96G  5.7G   90G    6% /
devtmpfs         2.0G     0  2.0G    0% /dev
tmpfs            2.0G     0  2.0G    0% /dev/shm
tmpfs            2.0G  884M  1.1G   45% /run
tmpfs            2.0G     0  2.0G    0% /sys/fs/cgroup
/dev/vda2        497M  215M  283M   44% /boot
tmpfs            396M     0  396M    0% /run/user/0
tmpfs            396M     0  396M    0% /run/user/1001

-------------------- System load --------------------
Linux 3.10.0-514.26.2.el7.x86_64 (sakura-tokyo-prod) 	2018年03月06日 	_x86_64_	(4 CPU)

00時00分02秒     CPU     %user     %nice   %system   %iowait    %steal     %idle
01時00分01秒     all      1.13      0.00      0.15      0.02      0.05     98.65
02時00分02秒     all      0.55      0.00      0.09      0.00      0.04     99.32
03時00分03秒     all      0.88      0.00      0.14      0.01      0.04     98.92
04時00分02秒     all      0.59      0.00      0.09      0.00      0.04     99.27
05時00分02秒     all      1.00      0.00      0.15      0.01      0.04     98.80
06時00分02秒     all      0.58      0.00      0.10      0.00      0.04     99.28
07時00分02秒     all      1.08      0.00      0.16      0.01      0.05     98.70
08時00分02秒     all      0.59      0.00      0.10      0.01      0.04     99.26
09時00分02秒     all      1.13      0.00      0.16      0.02      0.06     98.63
10時00分02秒     all      0.68      0.00      0.11      0.01      0.05     99.16
11時00分02秒     all      1.16      0.00      0.16      0.01      0.05     98.62
12時00分02秒     all      0.90      0.00      0.12      0.01      0.05     98.92
13時00分02秒     all      1.37      0.00      0.17      0.02      0.05     98.39
14時00分02秒     all      0.53      0.00      0.09      0.00      0.05     99.33
15時00分02秒     all      0.93      0.00      0.14      0.01      0.05     98.87
16時00分02秒     all      0.61      0.00      0.10      0.01      0.05     99.23
17時00分02秒     all      1.13      0.00      0.15      0.01      0.05     98.65
18時00分02秒     all      0.68      0.00      0.11      0.01      0.04     99.17
19時00分01秒     all      0.97      0.00      0.13      0.01      0.05     98.84
20時00分02秒     all      0.68      0.00      0.11      0.01      0.04     99.16
平均値:      all      0.86      0.00      0.13      0.01      0.05     98.96

-------------------- Logged in user --------------------
k06a34fd 2018-03-05 17:59

==================== 2018-03-06 23:55:02 ====================

-------------------- uptime --------------------
 23:55:02 up 243 days, 12:44,  1 user,  load average: 0.04, 0.03, 0.05

-------------------- System info --------------------
Linux sakura-tokyo-prod 3.10.0-514.26.2.el7.x86_64 #1 SMP Tue Jul 4 15:04:05 UTC 2017 x86_64 x86_64 x86_64 GNU/Linux

-------------------- Storage usage --------------------
ファイルシス   サイズ  使用  残り 使用% マウント位置
/dev/vda4         96G  5.7G   90G    6% /
devtmpfs         2.0G     0  2.0G    0% /dev
tmpfs            2.0G     0  2.0G    0% /dev/shm
tmpfs            2.0G  885M  1.1G   45% /run
tmpfs            2.0G     0  2.0G    0% /sys/fs/cgroup
/dev/vda2        497M  215M  283M   44% /boot
tmpfs            396M     0  396M    0% /run/user/0
tmpfs            396M     0  396M    0% /run/user/1001

-------------------- System load --------------------
Linux 3.10.0-514.26.2.el7.x86_64 (sakura-tokyo-prod) 	2018年03月06日 	_x86_64_	(4 CPU)

00時00分02秒     CPU     %user     %nice   %system   %iowait    %steal     %idle
01時00分01秒     all      1.13      0.00      0.15      0.02      0.05     98.65
02時00分02秒     all      0.55      0.00      0.09      0.00      0.04     99.32
03時00分03秒     all      0.88      0.00      0.14      0.01      0.04     98.92
04時00分02秒     all      0.59      0.00      0.09      0.00      0.04     99.27
05時00分02秒     all      1.00      0.00      0.15      0.01      0.04     98.80
06時00分02秒     all      0.58      0.00      0.10      0.00      0.04     99.28
07時00分02秒     all      1.08      0.00      0.16      0.01      0.05     98.70
08時00分02秒     all      0.59      0.00      0.10      0.01      0.04     99.26
09時00分02秒     all      1.13      0.00      0.16      0.02      0.06     98.63
10時00分02秒     all      0.68      0.00      0.11      0.01      0.05     99.16
11時00分02秒     all      1.16      0.00      0.16      0.01      0.05     98.62
12時00分02秒     all      0.90      0.00      0.12      0.01      0.05     98.92
13時00分02秒     all      1.37      0.00      0.17      0.02      0.05     98.39
14時00分02秒     all      0.53      0.00      0.09      0.00      0.05     99.33
15時00分02秒     all      0.93      0.00      0.14      0.01      0.05     98.87
16時00分02秒     all      0.61      0.00      0.10      0.01      0.05     99.23
17時00分02秒     all      1.13      0.00      0.15      0.01      0.05     98.65
18時00分02秒     all      0.68      0.00      0.11      0.01      0.04     99.17
19時00分01秒     all      0.97      0.00      0.13      0.01      0.05     98.84
20時00分02秒     all      0.68      0.00      0.11      0.01      0.04     99.16
21時00分02秒     all      0.93      0.00      0.13      0.01      0.05     98.88
22時00分02秒     all      0.65      0.00      0.10      0.01      0.04     99.20
23時00分02秒     all      1.35      0.00      0.17      0.02      0.05     98.41
平均値:      all      0.87      0.00      0.13      0.01      0.05     98.94

-------------------- Logged in user --------------------
k9d03ba5 2018-03-05 17:59

