==================== 2018-03-07 02:55:01 ====================

-------------------- uptime --------------------
 02:55:01 up 243 days, 15:44,  1 user,  load average: 0.20, 0.07, 0.06

-------------------- System info --------------------
Linux sakura-tokyo-prod 3.10.0-514.26.2.el7.x86_64 #1 SMP Tue Jul 4 15:04:05 UTC 2017 x86_64 x86_64 x86_64 GNU/Linux

-------------------- Storage usage --------------------
ファイルシス   サイズ  使用  残り 使用% マウント位置
/dev/vda4         96G  5.7G   90G    6% /
devtmpfs         2.0G     0  2.0G    0% /dev
tmpfs            2.0G     0  2.0G    0% /dev/shm
tmpfs            2.0G  886M  1.1G   45% /run
tmpfs            2.0G     0  2.0G    0% /sys/fs/cgroup
/dev/vda2        497M  215M  283M   44% /boot
tmpfs            396M     0  396M    0% /run/user/0
tmpfs            396M     0  396M    0% /run/user/1001

-------------------- System load --------------------
Linux 3.10.0-514.26.2.el7.x86_64 (sakura-tokyo-prod) 	2018年03月07日 	_x86_64_	(4 CPU)

00時00分03秒     CPU     %user     %nice   %system   %iowait    %steal     %idle
01時00分01秒     all      1.16      0.00      0.15      0.01      0.04     98.63
02時00分02秒     all      0.69      0.00      0.11      0.01      0.04     99.14
平均値:      all      0.93      0.00      0.13      0.01      0.04     98.89

-------------------- Logged in user --------------------
k899ff8f 2018-03-05 17:59

==================== 2018-03-07 05:55:02 ====================

-------------------- uptime --------------------
 05:55:02 up 243 days, 18:44,  1 user,  load average: 0.00, 0.01, 0.05

-------------------- System info --------------------
Linux sakura-tokyo-prod 3.10.0-514.26.2.el7.x86_64 #1 SMP Tue Jul 4 15:04:05 UTC 2017 x86_64 x86_64 x86_64 GNU/Linux

-------------------- Storage usage --------------------
ファイルシス   サイズ  使用  残り 使用% マウント位置
/dev/vda4         96G  5.7G   90G    6% /
devtmpfs         2.0G     0  2.0G    0% /dev
tmpfs            2.0G     0  2.0G    0% /dev/shm
tmpfs            2.0G  887M  1.1G   45% /run
tmpfs            2.0G     0  2.0G    0% /sys/fs/cgroup
/dev/vda2        497M  215M  283M   44% /boot
tmpfs            396M     0  396M    0% /run/user/0
tmpfs            396M     0  396M    0% /run/user/1001

-------------------- System load --------------------
Linux 3.10.0-514.26.2.el7.x86_64 (sakura-tokyo-prod) 	2018年03月07日 	_x86_64_	(4 CPU)

00時00分03秒     CPU     %user     %nice   %system   %iowait    %steal     %idle
01時00分01秒     all      1.16      0.00      0.15      0.01      0.04     98.63
02時00分02秒     all      0.69      0.00      0.11      0.01      0.04     99.14
03時00分03秒     all      0.82      0.00      0.13      0.01      0.05     99.00
04時00分02秒     all      0.54      0.00      0.09      0.01      0.04     99.32
05時00分02秒     all      1.02      0.00      0.14      0.01      0.05     98.79
平均値:      all      0.85      0.00      0.12      0.01      0.04     98.98

-------------------- Logged in user --------------------
k39704d5 2018-03-05 17:59

==================== 2018-03-07 08:55:02 ====================

-------------------- uptime --------------------
 08:55:02 up 243 days, 21:44,  1 user,  load average: 0.01, 0.03, 0.05

-------------------- System info --------------------
Linux sakura-tokyo-prod 3.10.0-514.26.2.el7.x86_64 #1 SMP Tue Jul 4 15:04:05 UTC 2017 x86_64 x86_64 x86_64 GNU/Linux

-------------------- Storage usage --------------------
ファイルシス   サイズ  使用  残り 使用% マウント位置
/dev/vda4         96G  5.7G   90G    6% /
devtmpfs         2.0G     0  2.0G    0% /dev
tmpfs            2.0G     0  2.0G    0% /dev/shm
tmpfs            2.0G  887M  1.1G   45% /run
tmpfs            2.0G     0  2.0G    0% /sys/fs/cgroup
/dev/vda2        497M  215M  283M   44% /boot
tmpfs            396M     0  396M    0% /run/user/0
tmpfs            396M     0  396M    0% /run/user/1001

-------------------- System load --------------------
Linux 3.10.0-514.26.2.el7.x86_64 (sakura-tokyo-prod) 	2018年03月07日 	_x86_64_	(4 CPU)

00時00分03秒     CPU     %user     %nice   %system   %iowait    %steal     %idle
01時00分01秒     all      1.16      0.00      0.15      0.01      0.04     98.63
02時00分02秒     all      0.69      0.00      0.11      0.01      0.04     99.14
03時00分03秒     all      0.82      0.00      0.13      0.01      0.05     99.00
04時00分02秒     all      0.54      0.00      0.09      0.01      0.04     99.32
05時00分02秒     all      1.02      0.00      0.14      0.01      0.05     98.79
06時00分02秒     all      0.57      0.00      0.09      0.00      0.04     99.30
07時00分03秒     all      1.07      0.00      0.14      0.01      0.05     98.72
08時00分02秒     all      0.60      0.00      0.10      0.00      0.05     99.25
平均値:      all      0.81      0.00      0.12      0.01      0.05     99.02

-------------------- Logged in user --------------------
ka981c05 2018-03-05 17:59

==================== 2018-03-07 11:55:01 ====================

-------------------- uptime --------------------
 11:55:01 up 244 days, 44 min,  1 user,  load average: 0.00, 0.01, 0.05

-------------------- System info --------------------
Linux sakura-tokyo-prod 3.10.0-514.26.2.el7.x86_64 #1 SMP Tue Jul 4 15:04:05 UTC 2017 x86_64 x86_64 x86_64 GNU/Linux

-------------------- Storage usage --------------------
ファイルシス   サイズ  使用  残り 使用% マウント位置
/dev/vda4         96G  5.7G   90G    6% /
devtmpfs         2.0G     0  2.0G    0% /dev
tmpfs            2.0G     0  2.0G    0% /dev/shm
tmpfs            2.0G  888M  1.1G   45% /run
tmpfs            2.0G     0  2.0G    0% /sys/fs/cgroup
/dev/vda2        497M  215M  283M   44% /boot
tmpfs            396M     0  396M    0% /run/user/0
tmpfs            396M     0  396M    0% /run/user/1001

-------------------- System load --------------------
Linux 3.10.0-514.26.2.el7.x86_64 (sakura-tokyo-prod) 	2018年03月07日 	_x86_64_	(4 CPU)

00時00分03秒     CPU     %user     %nice   %system   %iowait    %steal     %idle
01時00分01秒     all      1.16      0.00      0.15      0.01      0.04     98.63
02時00分02秒     all      0.69      0.00      0.11      0.01      0.04     99.14
03時00分03秒     all      0.82      0.00      0.13      0.01      0.05     99.00
04時00分02秒     all      0.54      0.00      0.09      0.01      0.04     99.32
05時00分02秒     all      1.02      0.00      0.14      0.01      0.05     98.79
06時00分02秒     all      0.57      0.00      0.09      0.00      0.04     99.30
07時00分03秒     all      1.07      0.00      0.14      0.01      0.05     98.72
08時00分02秒     all      0.60      0.00      0.10      0.00      0.05     99.25
09時00分02秒     all      1.00      0.00      0.14      0.01      0.05     98.80
10時00分02秒     all      0.74      0.00      0.12      0.01      0.05     99.08
11時00分02秒     all      1.46      0.00      0.20      0.02      0.07     98.25
平均値:      all      0.88      0.00      0.13      0.01      0.05     98.93

-------------------- Logged in user --------------------
k9abc333 2018-03-05 17:59

==================== 2018-03-07 14:55:02 ====================

-------------------- uptime --------------------
 14:55:02 up 244 days,  3:44,  1 user,  load average: 0.00, 0.02, 0.05

-------------------- System info --------------------
Linux sakura-tokyo-prod 3.10.0-514.26.2.el7.x86_64 #1 SMP Tue Jul 4 15:04:05 UTC 2017 x86_64 x86_64 x86_64 GNU/Linux

-------------------- Storage usage --------------------
ファイルシス   サイズ  使用  残り 使用% マウント位置
/dev/vda4         96G  5.7G   90G    6% /
devtmpfs         2.0G     0  2.0G    0% /dev
tmpfs            2.0G     0  2.0G    0% /dev/shm
tmpfs            2.0G  889M  1.1G   45% /run
tmpfs            2.0G     0  2.0G    0% /sys/fs/cgroup
/dev/vda2        497M  215M  283M   44% /boot
tmpfs            396M     0  396M    0% /run/user/0
tmpfs            396M     0  396M    0% /run/user/1001

-------------------- System load --------------------
Linux 3.10.0-514.26.2.el7.x86_64 (sakura-tokyo-prod) 	2018年03月07日 	_x86_64_	(4 CPU)

00時00分03秒     CPU     %user     %nice   %system   %iowait    %steal     %idle
01時00分01秒     all      1.16      0.00      0.15      0.01      0.04     98.63
02時00分02秒     all      0.69      0.00      0.11      0.01      0.04     99.14
03時00分03秒     all      0.82      0.00      0.13      0.01      0.05     99.00
04時00分02秒     all      0.54      0.00      0.09      0.01      0.04     99.32
05時00分02秒     all      1.02      0.00      0.14      0.01      0.05     98.79
06時00分02秒     all      0.57      0.00      0.09      0.00      0.04     99.30
07時00分03秒     all      1.07      0.00      0.14      0.01      0.05     98.72
08時00分02秒     all      0.60      0.00      0.10      0.00      0.05     99.25
09時00分02秒     all      1.00      0.00      0.14      0.01      0.05     98.80
10時00分02秒     all      0.74      0.00      0.12      0.01      0.05     99.08
11時00分02秒     all      1.46      0.00      0.20      0.02      0.07     98.25
12時00分02秒     all      0.64      0.00      0.11      0.01      0.04     99.20
13時00分03秒     all      1.29      0.00      0.19      0.01      0.05     98.46
14時00分01秒     all      0.54      0.00      0.10      0.00      0.04     99.32
平均値:      all      0.87      0.00      0.13      0.01      0.05     98.95

-------------------- Logged in user --------------------
kc250a9a 2018-03-05 17:59

==================== 2018-03-07 17:55:01 ====================

-------------------- uptime --------------------
 17:55:01 up 244 days,  6:44,  1 user,  load average: 0.04, 0.04, 0.05

-------------------- System info --------------------
Linux sakura-tokyo-prod 3.10.0-514.26.2.el7.x86_64 #1 SMP Tue Jul 4 15:04:05 UTC 2017 x86_64 x86_64 x86_64 GNU/Linux

-------------------- Storage usage --------------------
ファイルシス   サイズ  使用  残り 使用% マウント位置
/dev/vda4         96G  5.7G   90G    6% /
devtmpfs         2.0G     0  2.0G    0% /dev
tmpfs            2.0G     0  2.0G    0% /dev/shm
tmpfs            2.0G  890M  1.1G   46% /run
tmpfs            2.0G     0  2.0G    0% /sys/fs/cgroup
/dev/vda2        497M  215M  283M   44% /boot
tmpfs            396M     0  396M    0% /run/user/0
tmpfs            396M     0  396M    0% /run/user/1001

-------------------- System load --------------------
Linux 3.10.0-514.26.2.el7.x86_64 (sakura-tokyo-prod) 	2018年03月07日 	_x86_64_	(4 CPU)

00時00分03秒     CPU     %user     %nice   %system   %iowait    %steal     %idle
01時00分01秒     all      1.16      0.00      0.15      0.01      0.04     98.63
02時00分02秒     all      0.69      0.00      0.11      0.01      0.04     99.14
03時00分03秒     all      0.82      0.00      0.13      0.01      0.05     99.00
04時00分02秒     all      0.54      0.00      0.09      0.01      0.04     99.32
05時00分02秒     all      1.02      0.00      0.14      0.01      0.05     98.79
06時00分02秒     all      0.57      0.00      0.09      0.00      0.04     99.30
07時00分03秒     all      1.07      0.00      0.14      0.01      0.05     98.72
08時00分02秒     all      0.60      0.00      0.10      0.00      0.05     99.25
09時00分02秒     all      1.00      0.00      0.14      0.01      0.05     98.80
10時00分02秒     all      0.74      0.00      0.12      0.01      0.05     99.08
11時00分02秒     all      1.46      0.00      0.20      0.02      0.07     98.25
12時00分02秒     all      0.64      0.00      0.11      0.01      0.04     99.20
13時00分03秒     all      1.29      0.00      0.19      0.01      0.05     98.46
14時00分01秒     all      0.54      0.00      0.10      0.00      0.04     99.32
15時00分01秒     all      0.94      0.00      0.14      0.01      0.06     98.85
16時00分01秒     all      0.65      0.00      0.11      0.01      0.05     99.19
17時00分02秒     all      1.00      0.00      0.15      0.02      0.04     98.79
平均値:      all      0.87      0.00      0.13      0.01      0.05     98.95

-------------------- Logged in user --------------------
kcee03f4 2018-03-05 17:59

==================== 2018-03-07 20:55:02 ====================

-------------------- uptime --------------------
 20:55:02 up 244 days,  9:44,  1 user,  load average: 0.07, 0.03, 0.05

-------------------- System info --------------------
Linux sakura-tokyo-prod 3.10.0-514.26.2.el7.x86_64 #1 SMP Tue Jul 4 15:04:05 UTC 2017 x86_64 x86_64 x86_64 GNU/Linux

-------------------- Storage usage --------------------
ファイルシス   サイズ  使用  残り 使用% マウント位置
/dev/vda4         96G  5.7G   90G    6% /
devtmpfs         2.0G     0  2.0G    0% /dev
tmpfs            2.0G     0  2.0G    0% /dev/shm
tmpfs            2.0G  899M  1.1G   46% /run
tmpfs            2.0G     0  2.0G    0% /sys/fs/cgroup
/dev/vda2        497M  215M  283M   44% /boot
tmpfs            396M     0  396M    0% /run/user/0
tmpfs            396M     0  396M    0% /run/user/1001

-------------------- System load --------------------
Linux 3.10.0-514.26.2.el7.x86_64 (sakura-tokyo-prod) 	2018年03月07日 	_x86_64_	(4 CPU)

00時00分03秒     CPU     %user     %nice   %system   %iowait    %steal     %idle
01時00分01秒     all      1.16      0.00      0.15      0.01      0.04     98.63
02時00分02秒     all      0.69      0.00      0.11      0.01      0.04     99.14
03時00分03秒     all      0.82      0.00      0.13      0.01      0.05     99.00
04時00分02秒     all      0.54      0.00      0.09      0.01      0.04     99.32
05時00分02秒     all      1.02      0.00      0.14      0.01      0.05     98.79
06時00分02秒     all      0.57      0.00      0.09      0.00      0.04     99.30
07時00分03秒     all      1.07      0.00      0.14      0.01      0.05     98.72
08時00分02秒     all      0.60      0.00      0.10      0.00      0.05     99.25
09時00分02秒     all      1.00      0.00      0.14      0.01      0.05     98.80
10時00分02秒     all      0.74      0.00      0.12      0.01      0.05     99.08
11時00分02秒     all      1.46      0.00      0.20      0.02      0.07     98.25
12時00分02秒     all      0.64      0.00      0.11      0.01      0.04     99.20
13時00分03秒     all      1.29      0.00      0.19      0.01      0.05     98.46
14時00分01秒     all      0.54      0.00      0.10      0.00      0.04     99.32
15時00分01秒     all      0.94      0.00      0.14      0.01      0.06     98.85
16時00分01秒     all      0.65      0.00      0.11      0.01      0.05     99.19
17時00分02秒     all      1.00      0.00      0.15      0.02      0.04     98.79
18時00分02秒     all      0.60      0.00      0.11      0.01      0.05     99.23
19時00分02秒     all      1.17      0.00      0.17      0.02      0.05     98.59
20時00分02秒     all      0.59      0.00      0.10      0.01      0.05     99.25
平均値:      all      0.85      0.00      0.13      0.01      0.05     98.96

-------------------- Logged in user --------------------
kd3aba65 2018-03-05 17:59

==================== 2018-03-07 23:55:01 ====================

-------------------- uptime --------------------
 23:55:01 up 244 days, 12:44,  1 user,  load average: 0.09, 0.05, 0.05

-------------------- System info --------------------
Linux sakura-tokyo-prod 3.10.0-514.26.2.el7.x86_64 #1 SMP Tue Jul 4 15:04:05 UTC 2017 x86_64 x86_64 x86_64 GNU/Linux

-------------------- Storage usage --------------------
ファイルシス   サイズ  使用  残り 使用% マウント位置
/dev/vda4         96G  5.7G   90G    6% /
devtmpfs         2.0G     0  2.0G    0% /dev
tmpfs            2.0G     0  2.0G    0% /dev/shm
tmpfs            2.0G  900M  1.1G   46% /run
tmpfs            2.0G     0  2.0G    0% /sys/fs/cgroup
/dev/vda2        497M  215M  283M   44% /boot
tmpfs            396M     0  396M    0% /run/user/0
tmpfs            396M     0  396M    0% /run/user/1001

-------------------- System load --------------------
Linux 3.10.0-514.26.2.el7.x86_64 (sakura-tokyo-prod) 	2018年03月07日 	_x86_64_	(4 CPU)

00時00分03秒     CPU     %user     %nice   %system   %iowait    %steal     %idle
01時00分01秒     all      1.16      0.00      0.15      0.01      0.04     98.63
02時00分02秒     all      0.69      0.00      0.11      0.01      0.04     99.14
03時00分03秒     all      0.82      0.00      0.13      0.01      0.05     99.00
04時00分02秒     all      0.54      0.00      0.09      0.01      0.04     99.32
05時00分02秒     all      1.02      0.00      0.14      0.01      0.05     98.79
06時00分02秒     all      0.57      0.00      0.09      0.00      0.04     99.30
07時00分03秒     all      1.07      0.00      0.14      0.01      0.05     98.72
08時00分02秒     all      0.60      0.00      0.10      0.00      0.05     99.25
09時00分02秒     all      1.00      0.00      0.14      0.01      0.05     98.80
10時00分02秒     all      0.74      0.00      0.12      0.01      0.05     99.08
11時00分02秒     all      1.46      0.00      0.20      0.02      0.07     98.25
12時00分02秒     all      0.64      0.00      0.11      0.01      0.04     99.20
13時00分03秒     all      1.29      0.00      0.19      0.01      0.05     98.46
14時00分01秒     all      0.54      0.00      0.10      0.00      0.04     99.32
15時00分01秒     all      0.94      0.00      0.14      0.01      0.06     98.85
16時00分01秒     all      0.65      0.00      0.11      0.01      0.05     99.19
17時00分02秒     all      1.00      0.00      0.15      0.02      0.04     98.79
18時00分02秒     all      0.60      0.00      0.11      0.01      0.05     99.23
19時00分02秒     all      1.17      0.00      0.17      0.02      0.05     98.59
20時00分02秒     all      0.59      0.00      0.10      0.01      0.05     99.25
21時00分02秒     all      1.00      0.00      0.14      0.01      0.05     98.80
22時00分02秒     all      0.67      0.00      0.10      0.01      0.04     99.18
23時00分02秒     all      1.10      0.00      0.14      0.02      0.06     98.68
平均値:      all      0.86      0.00      0.13      0.01      0.05     98.95

-------------------- Logged in user --------------------
k821e920 2018-03-05 17:59

