==================== 2018-03-08 02:55:01 ====================

-------------------- uptime --------------------
 02:55:01 up 244 days, 15:44,  1 user,  load average: 0.00, 0.01, 0.05

-------------------- System info --------------------
Linux sakura-tokyo-prod 3.10.0-514.26.2.el7.x86_64 #1 SMP Tue Jul 4 15:04:05 UTC 2017 x86_64 x86_64 x86_64 GNU/Linux

-------------------- Storage usage --------------------
ファイルシス   サイズ  使用  残り 使用% マウント位置
/dev/vda4         96G  5.7G   90G    6% /
devtmpfs         2.0G     0  2.0G    0% /dev
tmpfs            2.0G     0  2.0G    0% /dev/shm
tmpfs            2.0G  877M  1.1G   45% /run
tmpfs            2.0G     0  2.0G    0% /sys/fs/cgroup
/dev/vda2        497M  215M  283M   44% /boot
tmpfs            396M     0  396M    0% /run/user/0
tmpfs            396M     0  396M    0% /run/user/1001

-------------------- System load --------------------
Linux 3.10.0-514.26.2.el7.x86_64 (sakura-tokyo-prod) 	2018年03月08日 	_x86_64_	(4 CPU)

00時00分02秒     CPU     %user     %nice   %system   %iowait    %steal     %idle
01時00分02秒     all      1.12      0.00      0.16      0.01      0.06     98.66
02時00分03秒     all      0.55      0.00      0.10      0.00      0.05     99.30
平均値:      all      0.83      0.00      0.13      0.01      0.05     98.98

-------------------- Logged in user --------------------
kc180803 2018-03-05 17:59

==================== 2018-03-08 05:55:02 ====================

-------------------- uptime --------------------
 05:55:02 up 244 days, 18:44,  1 user,  load average: 0.00, 0.01, 0.05

-------------------- System info --------------------
Linux sakura-tokyo-prod 3.10.0-514.26.2.el7.x86_64 #1 SMP Tue Jul 4 15:04:05 UTC 2017 x86_64 x86_64 x86_64 GNU/Linux

-------------------- Storage usage --------------------
ファイルシス   サイズ  使用  残り 使用% マウント位置
/dev/vda4         96G  5.7G   90G    6% /
devtmpfs         2.0G     0  2.0G    0% /dev
tmpfs            2.0G     0  2.0G    0% /dev/shm
tmpfs            2.0G  878M  1.1G   45% /run
tmpfs            2.0G     0  2.0G    0% /sys/fs/cgroup
/dev/vda2        497M  215M  283M   44% /boot
tmpfs            396M     0  396M    0% /run/user/0
tmpfs            396M     0  396M    0% /run/user/1001

-------------------- System load --------------------
Linux 3.10.0-514.26.2.el7.x86_64 (sakura-tokyo-prod) 	2018年03月08日 	_x86_64_	(4 CPU)

00時00分02秒     CPU     %user     %nice   %system   %iowait    %steal     %idle
01時00分02秒     all      1.12      0.00      0.16      0.01      0.06     98.66
02時00分03秒     all      0.55      0.00      0.10      0.00      0.05     99.30
03時00分02秒     all      1.09      0.00      0.16      0.02      0.06     98.67
04時00分01秒     all      0.54      0.00      0.10      0.00      0.04     99.31
05時00分02秒     all      1.07      0.00      0.14      0.01      0.05     98.73
平均値:      all      0.87      0.00      0.13      0.01      0.05     98.93

-------------------- Logged in user --------------------
k333ea94 2018-03-05 17:59

==================== 2018-03-08 08:55:01 ====================

-------------------- uptime --------------------
 08:55:01 up 244 days, 21:44,  1 user,  load average: 0.00, 0.01, 0.05

-------------------- System info --------------------
Linux sakura-tokyo-prod 3.10.0-514.26.2.el7.x86_64 #1 SMP Tue Jul 4 15:04:05 UTC 2017 x86_64 x86_64 x86_64 GNU/Linux

-------------------- Storage usage --------------------
ファイルシス   サイズ  使用  残り 使用% マウント位置
/dev/vda4         96G  5.8G   90G    6% /
devtmpfs         2.0G     0  2.0G    0% /dev
tmpfs            2.0G     0  2.0G    0% /dev/shm
tmpfs            2.0G  878M  1.1G   45% /run
tmpfs            2.0G     0  2.0G    0% /sys/fs/cgroup
/dev/vda2        497M  215M  283M   44% /boot
tmpfs            396M     0  396M    0% /run/user/0
tmpfs            396M     0  396M    0% /run/user/1001

-------------------- System load --------------------
Linux 3.10.0-514.26.2.el7.x86_64 (sakura-tokyo-prod) 	2018年03月08日 	_x86_64_	(4 CPU)

00時00分02秒     CPU     %user     %nice   %system   %iowait    %steal     %idle
01時00分02秒     all      1.12      0.00      0.16      0.01      0.06     98.66
02時00分03秒     all      0.55      0.00      0.10      0.00      0.05     99.30
03時00分02秒     all      1.09      0.00      0.16      0.02      0.06     98.67
04時00分01秒     all      0.54      0.00      0.10      0.00      0.04     99.31
05時00分02秒     all      1.07      0.00      0.14      0.01      0.05     98.73
06時00分02秒     all      0.65      0.00      0.10      0.01      0.06     99.18
07時00分02秒     all      1.06      0.00      0.14      0.01      0.07     98.72
08時00分02秒     all      0.55      0.00      0.09      0.01      0.04     99.31
平均値:      all      0.83      0.00      0.12      0.01      0.05     98.99

-------------------- Logged in user --------------------
k6d6981a 2018-03-05 17:59

==================== 2018-03-08 11:55:01 ====================

-------------------- uptime --------------------
 11:55:01 up 245 days, 44 min,  1 user,  load average: 0.00, 0.01, 0.05

-------------------- System info --------------------
Linux sakura-tokyo-prod 3.10.0-514.26.2.el7.x86_64 #1 SMP Tue Jul 4 15:04:05 UTC 2017 x86_64 x86_64 x86_64 GNU/Linux

-------------------- Storage usage --------------------
ファイルシス   サイズ  使用  残り 使用% マウント位置
/dev/vda4         96G  5.8G   90G    6% /
devtmpfs         2.0G     0  2.0G    0% /dev
tmpfs            2.0G     0  2.0G    0% /dev/shm
tmpfs            2.0G  879M  1.1G   45% /run
tmpfs            2.0G     0  2.0G    0% /sys/fs/cgroup
/dev/vda2        497M  215M  283M   44% /boot
tmpfs            396M     0  396M    0% /run/user/0
tmpfs            396M     0  396M    0% /run/user/1001

-------------------- System load --------------------
Linux 3.10.0-514.26.2.el7.x86_64 (sakura-tokyo-prod) 	2018年03月08日 	_x86_64_	(4 CPU)

00時00分02秒     CPU     %user     %nice   %system   %iowait    %steal     %idle
01時00分02秒     all      1.12      0.00      0.16      0.01      0.06     98.66
02時00分03秒     all      0.55      0.00      0.10      0.00      0.05     99.30
03時00分02秒     all      1.09      0.00      0.16      0.02      0.06     98.67
04時00分01秒     all      0.54      0.00      0.10      0.00      0.04     99.31
05時00分02秒     all      1.07      0.00      0.14      0.01      0.05     98.73
06時00分02秒     all      0.65      0.00      0.10      0.01      0.06     99.18
07時00分02秒     all      1.06      0.00      0.14      0.01      0.07     98.72
08時00分02秒     all      0.55      0.00      0.09      0.01      0.04     99.31
09時00分02秒     all      1.14      0.00      0.16      0.01      0.05     98.64
10時00分03秒     all      0.90      0.00      0.13      0.01      0.06     98.90
11時00分02秒     all      0.87      0.00      0.12      0.01      0.05     98.94
平均値:      all      0.87      0.00      0.13      0.01      0.05     98.94

-------------------- Logged in user --------------------
k20f51ec 2018-03-05 17:59

==================== 2018-03-08 14:55:02 ====================

-------------------- uptime --------------------
 14:55:02 up 245 days,  3:44,  1 user,  load average: 0.25, 0.12, 0.08

-------------------- System info --------------------
Linux sakura-tokyo-prod 3.10.0-514.26.2.el7.x86_64 #1 SMP Tue Jul 4 15:04:05 UTC 2017 x86_64 x86_64 x86_64 GNU/Linux

-------------------- Storage usage --------------------
ファイルシス   サイズ  使用  残り 使用% マウント位置
/dev/vda4         96G  5.7G   90G    6% /
devtmpfs         2.0G     0  2.0G    0% /dev
tmpfs            2.0G     0  2.0G    0% /dev/shm
tmpfs            2.0G  880M  1.1G   45% /run
tmpfs            2.0G     0  2.0G    0% /sys/fs/cgroup
/dev/vda2        497M  215M  283M   44% /boot
tmpfs            396M     0  396M    0% /run/user/0
tmpfs            396M     0  396M    0% /run/user/1001

-------------------- System load --------------------
Linux 3.10.0-514.26.2.el7.x86_64 (sakura-tokyo-prod) 	2018年03月08日 	_x86_64_	(4 CPU)

00時00分02秒     CPU     %user     %nice   %system   %iowait    %steal     %idle
01時00分02秒     all      1.12      0.00      0.16      0.01      0.06     98.66
02時00分03秒     all      0.55      0.00      0.10      0.00      0.05     99.30
03時00分02秒     all      1.09      0.00      0.16      0.02      0.06     98.67
04時00分01秒     all      0.54      0.00      0.10      0.00      0.04     99.31
05時00分02秒     all      1.07      0.00      0.14      0.01      0.05     98.73
06時00分02秒     all      0.65      0.00      0.10      0.01      0.06     99.18
07時00分02秒     all      1.06      0.00      0.14      0.01      0.07     98.72
08時00分02秒     all      0.55      0.00      0.09      0.01      0.04     99.31
09時00分02秒     all      1.14      0.00      0.16      0.01      0.05     98.64
10時00分03秒     all      0.90      0.00      0.13      0.01      0.06     98.90
11時00分02秒     all      0.87      0.00      0.12      0.01      0.05     98.94
12時00分02秒     all      0.82      0.00      0.11      0.01      0.05     99.00
13時00分02秒     all      1.12      0.00      0.14      0.01      0.05     98.68
14時00分02秒     all      1.21      0.00      0.16      0.02      0.06     98.55
平均値:      all      0.91      0.00      0.13      0.01      0.05     98.90

-------------------- Logged in user --------------------
k2754d53 2018-03-05 17:59

==================== 2018-03-08 17:55:01 ====================

-------------------- uptime --------------------
 17:55:01 up 245 days,  6:44,  1 user,  load average: 0.00, 0.01, 0.05

-------------------- System info --------------------
Linux sakura-tokyo-prod 3.10.0-514.26.2.el7.x86_64 #1 SMP Tue Jul 4 15:04:05 UTC 2017 x86_64 x86_64 x86_64 GNU/Linux

-------------------- Storage usage --------------------
ファイルシス   サイズ  使用  残り 使用% マウント位置
/dev/vda4         96G  5.7G   90G    6% /
devtmpfs         2.0G     0  2.0G    0% /dev
tmpfs            2.0G     0  2.0G    0% /dev/shm
tmpfs            2.0G  881M  1.1G   45% /run
tmpfs            2.0G     0  2.0G    0% /sys/fs/cgroup
/dev/vda2        497M  215M  283M   44% /boot
tmpfs            396M     0  396M    0% /run/user/0
tmpfs            396M     0  396M    0% /run/user/1001

-------------------- System load --------------------
Linux 3.10.0-514.26.2.el7.x86_64 (sakura-tokyo-prod) 	2018年03月08日 	_x86_64_	(4 CPU)

00時00分02秒     CPU     %user     %nice   %system   %iowait    %steal     %idle
01時00分02秒     all      1.12      0.00      0.16      0.01      0.06     98.66
02時00分03秒     all      0.55      0.00      0.10      0.00      0.05     99.30
03時00分02秒     all      1.09      0.00      0.16      0.02      0.06     98.67
04時00分01秒     all      0.54      0.00      0.10      0.00      0.04     99.31
05時00分02秒     all      1.07      0.00      0.14      0.01      0.05     98.73
06時00分02秒     all      0.65      0.00      0.10      0.01      0.06     99.18
07時00分02秒     all      1.06      0.00      0.14      0.01      0.07     98.72
08時00分02秒     all      0.55      0.00      0.09      0.01      0.04     99.31
09時00分02秒     all      1.14      0.00      0.16      0.01      0.05     98.64
10時00分03秒     all      0.90      0.00      0.13      0.01      0.06     98.90
11時00分02秒     all      0.87      0.00      0.12      0.01      0.05     98.94
12時00分02秒     all      0.82      0.00      0.11      0.01      0.05     99.00
13時00分02秒     all      1.12      0.00      0.14      0.01      0.05     98.68
14時00分02秒     all      1.21      0.00      0.16      0.02      0.06     98.55
15時00分02秒     all      1.03      0.00      0.15      0.01      0.06     98.76
16時00分02秒     all      0.58      0.00      0.10      0.00      0.05     99.27
17時00分01秒     all      1.12      0.00      0.14      0.01      0.06     98.66
平均値:      all      0.91      0.00      0.13      0.01      0.05     98.90

-------------------- Logged in user --------------------
ka6fbefb 2018-03-05 17:59

==================== 2018-03-08 20:55:02 ====================

-------------------- uptime --------------------
 20:55:02 up 245 days,  9:44,  1 user,  load average: 0.03, 0.03, 0.05

-------------------- System info --------------------
Linux sakura-tokyo-prod 3.10.0-514.26.2.el7.x86_64 #1 SMP Tue Jul 4 15:04:05 UTC 2017 x86_64 x86_64 x86_64 GNU/Linux

-------------------- Storage usage --------------------
ファイルシス   サイズ  使用  残り 使用% マウント位置
/dev/vda4         96G  5.7G   90G    6% /
devtmpfs         2.0G     0  2.0G    0% /dev
tmpfs            2.0G     0  2.0G    0% /dev/shm
tmpfs            2.0G  882M  1.1G   45% /run
tmpfs            2.0G     0  2.0G    0% /sys/fs/cgroup
/dev/vda2        497M  215M  283M   44% /boot
tmpfs            396M     0  396M    0% /run/user/0
tmpfs            396M     0  396M    0% /run/user/1001

-------------------- System load --------------------
Linux 3.10.0-514.26.2.el7.x86_64 (sakura-tokyo-prod) 	2018年03月08日 	_x86_64_	(4 CPU)

00時00分02秒     CPU     %user     %nice   %system   %iowait    %steal     %idle
01時00分02秒     all      1.12      0.00      0.16      0.01      0.06     98.66
02時00分03秒     all      0.55      0.00      0.10      0.00      0.05     99.30
03時00分02秒     all      1.09      0.00      0.16      0.02      0.06     98.67
04時00分01秒     all      0.54      0.00      0.10      0.00      0.04     99.31
05時00分02秒     all      1.07      0.00      0.14      0.01      0.05     98.73
06時00分02秒     all      0.65      0.00      0.10      0.01      0.06     99.18
07時00分02秒     all      1.06      0.00      0.14      0.01      0.07     98.72
08時00分02秒     all      0.55      0.00      0.09      0.01      0.04     99.31
09時00分02秒     all      1.14      0.00      0.16      0.01      0.05     98.64
10時00分03秒     all      0.90      0.00      0.13      0.01      0.06     98.90
11時00分02秒     all      0.87      0.00      0.12      0.01      0.05     98.94
12時00分02秒     all      0.82      0.00      0.11      0.01      0.05     99.00
13時00分02秒     all      1.12      0.00      0.14      0.01      0.05     98.68
14時00分02秒     all      1.21      0.00      0.16      0.02      0.06     98.55
15時00分02秒     all      1.03      0.00      0.15      0.01      0.06     98.76
16時00分02秒     all      0.58      0.00      0.10      0.00      0.05     99.27
17時00分01秒     all      1.12      0.00      0.14      0.01      0.06     98.66
18時00分02秒     all      0.61      0.00      0.10      0.01      0.06     99.23
19時00分02秒     all      1.14      0.00      0.16      0.01      0.05     98.63
20時00分02秒     all      0.59      0.00      0.09      0.00      0.04     99.28
平均値:      all      0.89      0.00      0.13      0.01      0.05     98.92

-------------------- Logged in user --------------------
kac23edb 2018-03-05 17:59

