==================== 2018-03-09 02:55:01 ====================

-------------------- uptime --------------------
 02:55:01 up 245 days, 15:44,  1 user,  load average: 0.00, 0.01, 0.05

-------------------- System info --------------------
Linux sakura-tokyo-prod 3.10.0-514.26.2.el7.x86_64 #1 SMP Tue Jul 4 15:04:05 UTC 2017 x86_64 x86_64 x86_64 GNU/Linux

-------------------- Storage usage --------------------
ファイルシス   サイズ  使用  残り 使用% マウント位置
/dev/vda4         96G  5.8G   90G    6% /
devtmpfs         2.0G     0  2.0G    0% /dev
tmpfs            2.0G     0  2.0G    0% /dev/shm
tmpfs            2.0G  883M  1.1G   45% /run
tmpfs            2.0G     0  2.0G    0% /sys/fs/cgroup
/dev/vda2        497M  215M  283M   44% /boot
tmpfs            396M     0  396M    0% /run/user/0
tmpfs            396M     0  396M    0% /run/user/1001

-------------------- System load --------------------
Linux 3.10.0-514.26.2.el7.x86_64 (sakura-tokyo-prod) 	2018年03月09日 	_x86_64_	(4 CPU)

00時00分01秒     CPU     %user     %nice   %system   %iowait    %steal     %idle
01時00分02秒     all      1.34      0.00      0.18      0.02      0.05     98.41
02時00分02秒     all      0.56      0.00      0.10      0.00      0.04     99.30
平均値:      all      0.95      0.00      0.14      0.01      0.04     98.86

-------------------- Logged in user --------------------
k83be40e 2018-03-05 17:59

==================== 2018-03-09 05:55:02 ====================

-------------------- uptime --------------------
 05:55:02 up 245 days, 18:44,  1 user,  load average: 0.00, 0.01, 0.05

-------------------- System info --------------------
Linux sakura-tokyo-prod 3.10.0-514.26.2.el7.x86_64 #1 SMP Tue Jul 4 15:04:05 UTC 2017 x86_64 x86_64 x86_64 GNU/Linux

-------------------- Storage usage --------------------
ファイルシス   サイズ  使用  残り 使用% マウント位置
/dev/vda4         96G  5.8G   90G    6% /
devtmpfs         2.0G     0  2.0G    0% /dev
tmpfs            2.0G     0  2.0G    0% /dev/shm
tmpfs            2.0G  884M  1.1G   45% /run
tmpfs            2.0G     0  2.0G    0% /sys/fs/cgroup
/dev/vda2        497M  215M  283M   44% /boot
tmpfs            396M     0  396M    0% /run/user/0
tmpfs            396M     0  396M    0% /run/user/1001

-------------------- System load --------------------
Linux 3.10.0-514.26.2.el7.x86_64 (sakura-tokyo-prod) 	2018年03月09日 	_x86_64_	(4 CPU)

00時00分01秒     CPU     %user     %nice   %system   %iowait    %steal     %idle
01時00分02秒     all      1.34      0.00      0.18      0.02      0.05     98.41
02時00分02秒     all      0.56      0.00      0.10      0.00      0.04     99.30
03時00分03秒     all      1.06      0.00      0.14      0.01      0.04     98.74
04時00分02秒     all      0.75      0.00      0.11      0.01      0.04     99.09
05時00分02秒     all      1.16      0.00      0.15      0.01      0.05     98.63
平均値:      all      0.97      0.00      0.14      0.01      0.04     98.83

-------------------- Logged in user --------------------
k5c197f0 2018-03-05 17:59

