==================== 2018-03-11 02:55:02 ====================

-------------------- uptime --------------------
 02:55:02 up 247 days, 15:44,  1 user,  load average: 0.01, 0.06, 0.06

-------------------- System info --------------------
Linux sakura-tokyo-prod 3.10.0-514.26.2.el7.x86_64 #1 SMP Tue Jul 4 15:04:05 UTC 2017 x86_64 x86_64 x86_64 GNU/Linux

-------------------- Storage usage --------------------
ファイルシス   サイズ  使用  残り 使用% マウント位置
/dev/vda4         96G  5.8G   90G    6% /
devtmpfs         2.0G     0  2.0G    0% /dev
tmpfs            2.0G     0  2.0G    0% /dev/shm
tmpfs            2.0G  920M  1.1G   47% /run
tmpfs            2.0G     0  2.0G    0% /sys/fs/cgroup
/dev/vda2        497M  215M  283M   44% /boot
tmpfs            396M     0  396M    0% /run/user/0
tmpfs            396M     0  396M    0% /run/user/1001

-------------------- System load --------------------
Linux 3.10.0-514.26.2.el7.x86_64 (sakura-tokyo-prod) 	2018年03月11日 	_x86_64_	(4 CPU)

00時00分03秒     CPU     %user     %nice   %system   %iowait    %steal     %idle
01時00分02秒     all      1.21      0.00      0.16      0.01      0.05     98.56
02時00分02秒     all      1.23      0.00      0.17      0.01      0.05     98.54
平均値:      all      1.22      0.00      0.16      0.01      0.05     98.55

-------------------- Logged in user --------------------
kfaaab93 2018-03-05 17:59

