==================== 2018-03-12 02:55:01 ====================

-------------------- uptime --------------------
 02:55:02 up 248 days, 15:44,  1 user,  load average: 0.07, 0.11, 0.08

-------------------- System info --------------------
Linux sakura-tokyo-prod 3.10.0-514.26.2.el7.x86_64 #1 SMP Tue Jul 4 15:04:05 UTC 2017 x86_64 x86_64 x86_64 GNU/Linux

-------------------- Storage usage --------------------
ファイルシス   サイズ  使用  残り 使用% マウント位置
/dev/vda4         96G  5.8G   90G    6% /
devtmpfs         2.0G     0  2.0G    0% /dev
tmpfs            2.0G     0  2.0G    0% /dev/shm
tmpfs            2.0G  903M  1.1G   46% /run
tmpfs            2.0G     0  2.0G    0% /sys/fs/cgroup
/dev/vda2        497M  215M  283M   44% /boot
tmpfs            396M     0  396M    0% /run/user/0
tmpfs            396M     0  396M    0% /run/user/1001

-------------------- System load --------------------
Linux 3.10.0-514.26.2.el7.x86_64 (sakura-tokyo-prod) 	2018年03月12日 	_x86_64_	(4 CPU)

00時00分03秒     CPU     %user     %nice   %system   %iowait    %steal     %idle
01時00分03秒     all      1.19      0.00      0.15      0.01      0.04     98.61
02時00分02秒     all      1.15      0.00      0.15      0.01      0.04     98.64
平均値:      all      1.17      0.00      0.15      0.01      0.04     98.63

-------------------- Logged in user --------------------
k32436e5 2018-03-05 17:59

==================== 2018-03-12 05:55:01 ====================

-------------------- uptime --------------------
 05:55:01 up 248 days, 18:44,  1 user,  load average: 0.00, 0.01, 0.05

-------------------- System info --------------------
Linux sakura-tokyo-prod 3.10.0-514.26.2.el7.x86_64 #1 SMP Tue Jul 4 15:04:05 UTC 2017 x86_64 x86_64 x86_64 GNU/Linux

-------------------- Storage usage --------------------
ファイルシス   サイズ  使用  残り 使用% マウント位置
/dev/vda4         96G  5.8G   90G    6% /
devtmpfs         2.0G     0  2.0G    0% /dev
tmpfs            2.0G     0  2.0G    0% /dev/shm
tmpfs            2.0G  904M  1.1G   46% /run
tmpfs            2.0G     0  2.0G    0% /sys/fs/cgroup
/dev/vda2        497M  215M  283M   44% /boot
tmpfs            396M     0  396M    0% /run/user/0
tmpfs            396M     0  396M    0% /run/user/1001

-------------------- System load --------------------
Linux 3.10.0-514.26.2.el7.x86_64 (sakura-tokyo-prod) 	2018年03月12日 	_x86_64_	(4 CPU)

00時00分03秒     CPU     %user     %nice   %system   %iowait    %steal     %idle
01時00分03秒     all      1.19      0.00      0.15      0.01      0.04     98.61
02時00分02秒     all      1.15      0.00      0.15      0.01      0.04     98.64
03時00分02秒     all      1.32      0.00      0.16      0.02      0.04     98.47
04時00分03秒     all      0.77      0.00      0.12      0.01      0.05     99.05
05時00分02秒     all      1.24      0.00      0.16      0.01      0.04     98.55
平均値:      all      1.13      0.00      0.15      0.01      0.04     98.67

-------------------- Logged in user --------------------
kbf30157 2018-03-05 17:59

==================== 2018-03-12 08:55:01 ====================

-------------------- uptime --------------------
 08:55:01 up 248 days, 21:44,  1 user,  load average: 0.18, 0.14, 0.09

-------------------- System info --------------------
Linux sakura-tokyo-prod 3.10.0-514.26.2.el7.x86_64 #1 SMP Tue Jul 4 15:04:05 UTC 2017 x86_64 x86_64 x86_64 GNU/Linux

-------------------- Storage usage --------------------
ファイルシス   サイズ  使用  残り 使用% マウント位置
/dev/vda4         96G  5.8G   90G    6% /
devtmpfs         2.0G     0  2.0G    0% /dev
tmpfs            2.0G     0  2.0G    0% /dev/shm
tmpfs            2.0G  904M  1.1G   46% /run
tmpfs            2.0G     0  2.0G    0% /sys/fs/cgroup
/dev/vda2        497M  215M  283M   44% /boot
tmpfs            396M     0  396M    0% /run/user/0
tmpfs            396M     0  396M    0% /run/user/1001

-------------------- System load --------------------
Linux 3.10.0-514.26.2.el7.x86_64 (sakura-tokyo-prod) 	2018年03月12日 	_x86_64_	(4 CPU)

00時00分03秒     CPU     %user     %nice   %system   %iowait    %steal     %idle
01時00分03秒     all      1.19      0.00      0.15      0.01      0.04     98.61
02時00分02秒     all      1.15      0.00      0.15      0.01      0.04     98.64
03時00分02秒     all      1.32      0.00      0.16      0.02      0.04     98.47
04時00分03秒     all      0.77      0.00      0.12      0.01      0.05     99.05
05時00分02秒     all      1.24      0.00      0.16      0.01      0.04     98.55
06時00分02秒     all      0.77      0.00      0.11      0.01      0.03     99.08
07時00分02秒     all      1.14      0.00      0.16      0.01      0.04     98.65
08時00分02秒     all      1.06      0.00      0.14      0.01      0.05     98.75
平均値:      all      1.08      0.00      0.14      0.01      0.04     98.73

-------------------- Logged in user --------------------
kc958c4f 2018-03-05 17:59

==================== 2018-03-12 11:55:02 ====================

-------------------- uptime --------------------
 11:55:02 up 249 days, 44 min,  1 user,  load average: 0.00, 0.01, 0.05

-------------------- System info --------------------
Linux sakura-tokyo-prod 3.10.0-514.26.2.el7.x86_64 #1 SMP Tue Jul 4 15:04:05 UTC 2017 x86_64 x86_64 x86_64 GNU/Linux

-------------------- Storage usage --------------------
ファイルシス   サイズ  使用  残り 使用% マウント位置
/dev/vda4         96G  5.8G   90G    6% /
devtmpfs         2.0G     0  2.0G    0% /dev
tmpfs            2.0G     0  2.0G    0% /dev/shm
tmpfs            2.0G  913M  1.1G   47% /run
tmpfs            2.0G     0  2.0G    0% /sys/fs/cgroup
/dev/vda2        497M  215M  283M   44% /boot
tmpfs            396M     0  396M    0% /run/user/0
tmpfs            396M     0  396M    0% /run/user/1001

-------------------- System load --------------------
Linux 3.10.0-514.26.2.el7.x86_64 (sakura-tokyo-prod) 	2018年03月12日 	_x86_64_	(4 CPU)

00時00分03秒     CPU     %user     %nice   %system   %iowait    %steal     %idle
01時00分03秒     all      1.19      0.00      0.15      0.01      0.04     98.61
02時00分02秒     all      1.15      0.00      0.15      0.01      0.04     98.64
03時00分02秒     all      1.32      0.00      0.16      0.02      0.04     98.47
04時00分03秒     all      0.77      0.00      0.12      0.01      0.05     99.05
05時00分02秒     all      1.24      0.00      0.16      0.01      0.04     98.55
06時00分02秒     all      0.77      0.00      0.11      0.01      0.03     99.08
07時00分02秒     all      1.14      0.00      0.16      0.01      0.04     98.65
08時00分02秒     all      1.06      0.00      0.14      0.01      0.05     98.75
09時00分02秒     all      1.33      0.00      0.17      0.02      0.05     98.43
10時00分02秒     all      0.72      0.00      0.11      0.01      0.05     99.12
11時00分02秒     all      1.17      0.00      0.15      0.01      0.05     98.62
平均値:      all      1.08      0.00      0.14      0.01      0.04     98.73

-------------------- Logged in user --------------------
ke2d3a1a 2018-03-05 17:59

==================== 2018-03-12 14:55:02 ====================

-------------------- uptime --------------------
 14:55:02 up 249 days,  3:44,  1 user,  load average: 0.00, 0.01, 0.05

-------------------- System info --------------------
Linux sakura-tokyo-prod 3.10.0-514.26.2.el7.x86_64 #1 SMP Tue Jul 4 15:04:05 UTC 2017 x86_64 x86_64 x86_64 GNU/Linux

-------------------- Storage usage --------------------
ファイルシス   サイズ  使用  残り 使用% マウント位置
/dev/vda4         96G  5.8G   90G    7% /
devtmpfs         2.0G     0  2.0G    0% /dev
tmpfs            2.0G     0  2.0G    0% /dev/shm
tmpfs            2.0G  914M  1.1G   47% /run
tmpfs            2.0G     0  2.0G    0% /sys/fs/cgroup
/dev/vda2        497M  215M  283M   44% /boot
tmpfs            396M     0  396M    0% /run/user/0
tmpfs            396M     0  396M    0% /run/user/1001

-------------------- System load --------------------
Linux 3.10.0-514.26.2.el7.x86_64 (sakura-tokyo-prod) 	2018年03月12日 	_x86_64_	(4 CPU)

00時00分03秒     CPU     %user     %nice   %system   %iowait    %steal     %idle
01時00分03秒     all      1.19      0.00      0.15      0.01      0.04     98.61
02時00分02秒     all      1.15      0.00      0.15      0.01      0.04     98.64
03時00分02秒     all      1.32      0.00      0.16      0.02      0.04     98.47
04時00分03秒     all      0.77      0.00      0.12      0.01      0.05     99.05
05時00分02秒     all      1.24      0.00      0.16      0.01      0.04     98.55
06時00分02秒     all      0.77      0.00      0.11      0.01      0.03     99.08
07時00分02秒     all      1.14      0.00      0.16      0.01      0.04     98.65
08時00分02秒     all      1.06      0.00      0.14      0.01      0.05     98.75
09時00分02秒     all      1.33      0.00      0.17      0.02      0.05     98.43
10時00分02秒     all      0.72      0.00      0.11      0.01      0.05     99.12
11時00分02秒     all      1.17      0.00      0.15      0.01      0.05     98.62
12時00分02秒     all      1.20      0.00      0.17      0.01      0.05     98.57
13時00分02秒     all      1.20      0.00      0.16      0.01      0.05     98.58
14時00分02秒     all      1.18      0.00      0.16      0.01      0.04     98.60
平均値:      all      1.10      0.00      0.15      0.01      0.04     98.69

-------------------- Logged in user --------------------
k01a4774 2018-03-05 17:59

==================== 2018-03-12 17:55:02 ====================

-------------------- uptime --------------------
 17:55:02 up 249 days,  6:44,  1 user,  load average: 0.06, 0.04, 0.05

-------------------- System info --------------------
Linux sakura-tokyo-prod 3.10.0-514.26.2.el7.x86_64 #1 SMP Tue Jul 4 15:04:05 UTC 2017 x86_64 x86_64 x86_64 GNU/Linux

-------------------- Storage usage --------------------
ファイルシス   サイズ  使用  残り 使用% マウント位置
/dev/vda4         96G  5.8G   90G    7% /
devtmpfs         2.0G     0  2.0G    0% /dev
tmpfs            2.0G     0  2.0G    0% /dev/shm
tmpfs            2.0G  915M  1.1G   47% /run
tmpfs            2.0G     0  2.0G    0% /sys/fs/cgroup
/dev/vda2        497M  215M  283M   44% /boot
tmpfs            396M     0  396M    0% /run/user/0
tmpfs            396M     0  396M    0% /run/user/1001

-------------------- System load --------------------
Linux 3.10.0-514.26.2.el7.x86_64 (sakura-tokyo-prod) 	2018年03月12日 	_x86_64_	(4 CPU)

00時00分03秒     CPU     %user     %nice   %system   %iowait    %steal     %idle
01時00分03秒     all      1.19      0.00      0.15      0.01      0.04     98.61
02時00分02秒     all      1.15      0.00      0.15      0.01      0.04     98.64
03時00分02秒     all      1.32      0.00      0.16      0.02      0.04     98.47
04時00分03秒     all      0.77      0.00      0.12      0.01      0.05     99.05
05時00分02秒     all      1.24      0.00      0.16      0.01      0.04     98.55
06時00分02秒     all      0.77      0.00      0.11      0.01      0.03     99.08
07時00分02秒     all      1.14      0.00      0.16      0.01      0.04     98.65
08時00分02秒     all      1.06      0.00      0.14      0.01      0.05     98.75
09時00分02秒     all      1.33      0.00      0.17      0.02      0.05     98.43
10時00分02秒     all      0.72      0.00      0.11      0.01      0.05     99.12
11時00分02秒     all      1.17      0.00      0.15      0.01      0.05     98.62
12時00分02秒     all      1.20      0.00      0.17      0.01      0.05     98.57
13時00分02秒     all      1.20      0.00      0.16      0.01      0.05     98.58
14時00分02秒     all      1.18      0.00      0.16      0.01      0.04     98.60
15時00分03秒     all      1.16      0.00      0.16      0.01      0.05     98.63
16時00分02秒     all      0.99      0.00      0.15      0.01      0.04     98.81
17時00分02秒     all      1.27      0.00      0.17      0.02      0.05     98.49
平均値:      all      1.11      0.00      0.15      0.01      0.04     98.69

-------------------- Logged in user --------------------
k5c018fe 2018-03-05 17:59

==================== 2018-03-12 20:55:02 ====================

-------------------- uptime --------------------
 20:55:02 up 249 days,  9:44,  1 user,  load average: 0.00, 0.01, 0.05

-------------------- System info --------------------
Linux sakura-tokyo-prod 3.10.0-514.26.2.el7.x86_64 #1 SMP Tue Jul 4 15:04:05 UTC 2017 x86_64 x86_64 x86_64 GNU/Linux

-------------------- Storage usage --------------------
ファイルシス   サイズ  使用  残り 使用% マウント位置
/dev/vda4         96G  5.8G   90G    6% /
devtmpfs         2.0G     0  2.0G    0% /dev
tmpfs            2.0G     0  2.0G    0% /dev/shm
tmpfs            2.0G  924M  1.1G   47% /run
tmpfs            2.0G     0  2.0G    0% /sys/fs/cgroup
/dev/vda2        497M  215M  283M   44% /boot
tmpfs            396M     0  396M    0% /run/user/0
tmpfs            396M     0  396M    0% /run/user/1001

-------------------- System load --------------------
Linux 3.10.0-514.26.2.el7.x86_64 (sakura-tokyo-prod) 	2018年03月12日 	_x86_64_	(4 CPU)

00時00分03秒     CPU     %user     %nice   %system   %iowait    %steal     %idle
01時00分03秒     all      1.19      0.00      0.15      0.01      0.04     98.61
02時00分02秒     all      1.15      0.00      0.15      0.01      0.04     98.64
03時00分02秒     all      1.32      0.00      0.16      0.02      0.04     98.47
04時00分03秒     all      0.77      0.00      0.12      0.01      0.05     99.05
05時00分02秒     all      1.24      0.00      0.16      0.01      0.04     98.55
06時00分02秒     all      0.77      0.00      0.11      0.01      0.03     99.08
07時00分02秒     all      1.14      0.00      0.16      0.01      0.04     98.65
08時00分02秒     all      1.06      0.00      0.14      0.01      0.05     98.75
09時00分02秒     all      1.33      0.00      0.17      0.02      0.05     98.43
10時00分02秒     all      0.72      0.00      0.11      0.01      0.05     99.12
11時00分02秒     all      1.17      0.00      0.15      0.01      0.05     98.62
12時00分02秒     all      1.20      0.00      0.17      0.01      0.05     98.57
13時00分02秒     all      1.20      0.00      0.16      0.01      0.05     98.58
14時00分02秒     all      1.18      0.00      0.16      0.01      0.04     98.60
15時00分03秒     all      1.16      0.00      0.16      0.01      0.05     98.63
16時00分02秒     all      0.99      0.00      0.15      0.01      0.04     98.81
17時00分02秒     all      1.27      0.00      0.17      0.02      0.05     98.49
18時00分02秒     all      1.01      0.00      0.15      0.01      0.05     98.78
19時00分02秒     all      0.89      0.00      0.14      0.01      0.04     98.93
20時00分02秒     all      1.03      0.00      0.14      0.01      0.04     98.78
平均値:      all      1.09      0.00      0.15      0.01      0.04     98.71

-------------------- Logged in user --------------------
k176d88b 2018-03-05 17:59

