==================== 2018-03-13 02:55:02 ====================

-------------------- uptime --------------------
 02:55:02 up 249 days, 15:44,  1 user,  load average: 0.05, 0.08, 0.06

-------------------- System info --------------------
Linux sakura-tokyo-prod 3.10.0-514.26.2.el7.x86_64 #1 SMP Tue Jul 4 15:04:05 UTC 2017 x86_64 x86_64 x86_64 GNU/Linux

-------------------- Storage usage --------------------
ファイルシス   サイズ  使用  残り 使用% マウント位置
/dev/vda4         96G  5.8G   90G    6% /
devtmpfs         2.0G     0  2.0G    0% /dev
tmpfs            2.0G     0  2.0G    0% /dev/shm
tmpfs            2.0G  925M  1.1G   47% /run
tmpfs            2.0G     0  2.0G    0% /sys/fs/cgroup
/dev/vda2        497M  215M  283M   44% /boot
tmpfs            396M     0  396M    0% /run/user/0
tmpfs            396M     0  396M    0% /run/user/1001

-------------------- System load --------------------
Linux 3.10.0-514.26.2.el7.x86_64 (sakura-tokyo-prod) 	2018年03月13日 	_x86_64_	(4 CPU)

00時00分02秒     CPU     %user     %nice   %system   %iowait    %steal     %idle
01時00分02秒     all      1.26      0.00      0.17      0.02      0.05     98.50
02時00分02秒     all      0.68      0.00      0.10      0.01      0.04     99.18
平均値:      all      0.97      0.00      0.14      0.01      0.05     98.84

-------------------- Logged in user --------------------
k71eaa12 2018-03-05 17:59

==================== 2018-03-13 05:55:01 ====================

-------------------- uptime --------------------
 05:55:01 up 249 days, 18:44,  1 user,  load average: 0.01, 0.04, 0.05

-------------------- System info --------------------
Linux sakura-tokyo-prod 3.10.0-514.26.2.el7.x86_64 #1 SMP Tue Jul 4 15:04:05 UTC 2017 x86_64 x86_64 x86_64 GNU/Linux

-------------------- Storage usage --------------------
ファイルシス   サイズ  使用  残り 使用% マウント位置
/dev/vda4         96G  5.8G   90G    6% /
devtmpfs         2.0G     0  2.0G    0% /dev
tmpfs            2.0G     0  2.0G    0% /dev/shm
tmpfs            2.0G  926M  1.1G   47% /run
tmpfs            2.0G     0  2.0G    0% /sys/fs/cgroup
/dev/vda2        497M  215M  283M   44% /boot
tmpfs            396M     0  396M    0% /run/user/0
tmpfs            396M     0  396M    0% /run/user/1001

-------------------- System load --------------------
Linux 3.10.0-514.26.2.el7.x86_64 (sakura-tokyo-prod) 	2018年03月13日 	_x86_64_	(4 CPU)

00時00分02秒     CPU     %user     %nice   %system   %iowait    %steal     %idle
01時00分02秒     all      1.26      0.00      0.17      0.02      0.05     98.50
02時00分02秒     all      0.68      0.00      0.10      0.01      0.04     99.18
03時00分03秒     all      1.23      0.00      0.17      0.01      0.05     98.54
04時00分02秒     all      1.00      0.00      0.14      0.01      0.05     98.79
05時00分02秒     all      1.00      0.00      0.16      0.01      0.04     98.79
平均値:      all      1.03      0.00      0.15      0.01      0.05     98.76

-------------------- Logged in user --------------------
k64803bf 2018-03-05 17:59

==================== 2018-03-13 08:55:02 ====================

-------------------- uptime --------------------
 08:55:02 up 249 days, 21:44,  1 user,  load average: 0.00, 0.02, 0.05

-------------------- System info --------------------
Linux sakura-tokyo-prod 3.10.0-514.26.2.el7.x86_64 #1 SMP Tue Jul 4 15:04:05 UTC 2017 x86_64 x86_64 x86_64 GNU/Linux

-------------------- Storage usage --------------------
ファイルシス   サイズ  使用  残り 使用% マウント位置
/dev/vda4         96G  5.7G   90G    6% /
devtmpfs         2.0G     0  2.0G    0% /dev
tmpfs            2.0G     0  2.0G    0% /dev/shm
tmpfs            2.0G  927M  1.1G   47% /run
tmpfs            2.0G     0  2.0G    0% /sys/fs/cgroup
/dev/vda2        497M  215M  283M   44% /boot
tmpfs            396M     0  396M    0% /run/user/0
tmpfs            396M     0  396M    0% /run/user/1001

-------------------- System load --------------------
Linux 3.10.0-514.26.2.el7.x86_64 (sakura-tokyo-prod) 	2018年03月13日 	_x86_64_	(4 CPU)

00時00分02秒     CPU     %user     %nice   %system   %iowait    %steal     %idle
01時00分02秒     all      1.26      0.00      0.17      0.02      0.05     98.50
02時00分02秒     all      0.68      0.00      0.10      0.01      0.04     99.18
03時00分03秒     all      1.23      0.00      0.17      0.01      0.05     98.54
04時00分02秒     all      1.00      0.00      0.14      0.01      0.05     98.79
05時00分02秒     all      1.00      0.00      0.16      0.01      0.04     98.79
06時00分02秒     all      0.99      0.00      0.15      0.01      0.05     98.81
07時00分02秒     all      1.19      0.00      0.17      0.01      0.05     98.58
08時00分02秒     all      1.04      0.00      0.15      0.01      0.05     98.76
平均値:      all      1.05      0.00      0.15      0.01      0.05     98.74

-------------------- Logged in user --------------------
ke6b6bc6 2018-03-05 17:59

==================== 2018-03-13 11:55:01 ====================

-------------------- uptime --------------------
 11:55:01 up 250 days, 44 min,  1 user,  load average: 0.08, 0.04, 0.05

-------------------- System info --------------------
Linux sakura-tokyo-prod 3.10.0-514.26.2.el7.x86_64 #1 SMP Tue Jul 4 15:04:05 UTC 2017 x86_64 x86_64 x86_64 GNU/Linux

-------------------- Storage usage --------------------
ファイルシス   サイズ  使用  残り 使用% マウント位置
/dev/vda4         96G  5.7G   90G    6% /
devtmpfs         2.0G     0  2.0G    0% /dev
tmpfs            2.0G     0  2.0G    0% /dev/shm
tmpfs            2.0G  928M  1.1G   47% /run
tmpfs            2.0G     0  2.0G    0% /sys/fs/cgroup
/dev/vda2        497M  215M  283M   44% /boot
tmpfs            396M     0  396M    0% /run/user/0
tmpfs            396M     0  396M    0% /run/user/1001

-------------------- System load --------------------
Linux 3.10.0-514.26.2.el7.x86_64 (sakura-tokyo-prod) 	2018年03月13日 	_x86_64_	(4 CPU)

00時00分02秒     CPU     %user     %nice   %system   %iowait    %steal     %idle
01時00分02秒     all      1.26      0.00      0.17      0.02      0.05     98.50
02時00分02秒     all      0.68      0.00      0.10      0.01      0.04     99.18
03時00分03秒     all      1.23      0.00      0.17      0.01      0.05     98.54
04時00分02秒     all      1.00      0.00      0.14      0.01      0.05     98.79
05時00分02秒     all      1.00      0.00      0.16      0.01      0.04     98.79
06時00分02秒     all      0.99      0.00      0.15      0.01      0.05     98.81
07時00分02秒     all      1.19      0.00      0.17      0.01      0.05     98.58
08時00分02秒     all      1.04      0.00      0.15      0.01      0.05     98.76
09時00分03秒     all      1.20      0.00      0.17      0.01      0.04     98.57
10時00分02秒     all      1.06      0.00      0.16      0.01      0.04     98.73
11時00分02秒     all      1.38      0.00      0.20      0.02      0.05     98.36
平均値:      all      1.09      0.00      0.16      0.01      0.05     98.69

-------------------- Logged in user --------------------
k414d4c0 2018-03-05 17:59

==================== 2018-03-13 14:55:02 ====================

-------------------- uptime --------------------
 14:55:02 up 250 days,  3:44,  1 user,  load average: 0.00, 0.01, 0.05

-------------------- System info --------------------
Linux sakura-tokyo-prod 3.10.0-514.26.2.el7.x86_64 #1 SMP Tue Jul 4 15:04:05 UTC 2017 x86_64 x86_64 x86_64 GNU/Linux

-------------------- Storage usage --------------------
ファイルシス   サイズ  使用  残り 使用% マウント位置
/dev/vda4         96G  5.8G   90G    6% /
devtmpfs         2.0G     0  2.0G    0% /dev
tmpfs            2.0G     0  2.0G    0% /dev/shm
tmpfs            2.0G  929M  1.1G   47% /run
tmpfs            2.0G     0  2.0G    0% /sys/fs/cgroup
/dev/vda2        497M  215M  283M   44% /boot
tmpfs            396M     0  396M    0% /run/user/0
tmpfs            396M     0  396M    0% /run/user/1001

-------------------- System load --------------------
Linux 3.10.0-514.26.2.el7.x86_64 (sakura-tokyo-prod) 	2018年03月13日 	_x86_64_	(4 CPU)

00時00分02秒     CPU     %user     %nice   %system   %iowait    %steal     %idle
01時00分02秒     all      1.26      0.00      0.17      0.02      0.05     98.50
02時00分02秒     all      0.68      0.00      0.10      0.01      0.04     99.18
03時00分03秒     all      1.23      0.00      0.17      0.01      0.05     98.54
04時00分02秒     all      1.00      0.00      0.14      0.01      0.05     98.79
05時00分02秒     all      1.00      0.00      0.16      0.01      0.04     98.79
06時00分02秒     all      0.99      0.00      0.15      0.01      0.05     98.81
07時00分02秒     all      1.19      0.00      0.17      0.01      0.05     98.58
08時00分02秒     all      1.04      0.00      0.15      0.01      0.05     98.76
09時00分03秒     all      1.20      0.00      0.17      0.01      0.04     98.57
10時00分02秒     all      1.06      0.00      0.16      0.01      0.04     98.73
11時00分02秒     all      1.38      0.00      0.20      0.02      0.05     98.36
12時00分02秒     all      1.35      0.00      0.19      0.02      0.06     98.39
13時00分02秒     all      1.01      0.00      0.14      0.01      0.05     98.78
14時00分02秒     all      0.94      0.00      0.15      0.01      0.04     98.87
平均値:      all      1.09      0.00      0.16      0.01      0.05     98.69

-------------------- Logged in user --------------------
kb6d7024 2018-03-05 17:59

==================== 2018-03-13 17:55:02 ====================

-------------------- uptime --------------------
 17:55:02 up 250 days,  6:44,  1 user,  load average: 0.03, 0.03, 0.05

-------------------- System info --------------------
Linux sakura-tokyo-prod 3.10.0-514.26.2.el7.x86_64 #1 SMP Tue Jul 4 15:04:05 UTC 2017 x86_64 x86_64 x86_64 GNU/Linux

-------------------- Storage usage --------------------
ファイルシス   サイズ  使用  残り 使用% マウント位置
/dev/vda4         96G  5.8G   90G    6% /
devtmpfs         2.0G     0  2.0G    0% /dev
tmpfs            2.0G     0  2.0G    0% /dev/shm
tmpfs            2.0G  929M  1.1G   48% /run
tmpfs            2.0G     0  2.0G    0% /sys/fs/cgroup
/dev/vda2        497M  215M  283M   44% /boot
tmpfs            396M     0  396M    0% /run/user/0
tmpfs            396M     0  396M    0% /run/user/1001

-------------------- System load --------------------
Linux 3.10.0-514.26.2.el7.x86_64 (sakura-tokyo-prod) 	2018年03月13日 	_x86_64_	(4 CPU)

00時00分02秒     CPU     %user     %nice   %system   %iowait    %steal     %idle
01時00分02秒     all      1.26      0.00      0.17      0.02      0.05     98.50
02時00分02秒     all      0.68      0.00      0.10      0.01      0.04     99.18
03時00分03秒     all      1.23      0.00      0.17      0.01      0.05     98.54
04時00分02秒     all      1.00      0.00      0.14      0.01      0.05     98.79
05時00分02秒     all      1.00      0.00      0.16      0.01      0.04     98.79
06時00分02秒     all      0.99      0.00      0.15      0.01      0.05     98.81
07時00分02秒     all      1.19      0.00      0.17      0.01      0.05     98.58
08時00分02秒     all      1.04      0.00      0.15      0.01      0.05     98.76
09時00分03秒     all      1.20      0.00      0.17      0.01      0.04     98.57
10時00分02秒     all      1.06      0.00      0.16      0.01      0.04     98.73
11時00分02秒     all      1.38      0.00      0.20      0.02      0.05     98.36
12時00分02秒     all      1.35      0.00      0.19      0.02      0.06     98.39
13時00分02秒     all      1.01      0.00      0.14      0.01      0.05     98.78
14時00分02秒     all      0.94      0.00      0.15      0.01      0.04     98.87
15時00分02秒     all      1.24      0.00      0.18      0.01      0.05     98.52
16時00分02秒     all      1.18      0.00      0.18      0.01      0.05     98.58
17時00分02秒     all      1.17      0.00      0.17      0.01      0.05     98.59
平均値:      all      1.11      0.00      0.16      0.01      0.05     98.67

-------------------- Logged in user --------------------
kfaabaf5 2018-03-05 17:59

