==================== 2018-03-15 02:55:01 ====================

-------------------- uptime --------------------
 02:55:01 up 251 days, 15:44,  0 users,  load average: 0.00, 0.01, 0.05

-------------------- System info --------------------
Linux sakura-tokyo-prod 3.10.0-514.26.2.el7.x86_64 #1 SMP Tue Jul 4 15:04:05 UTC 2017 x86_64 x86_64 x86_64 GNU/Linux

-------------------- Storage usage --------------------
ファイルシス   サイズ  使用  残り 使用% マウント位置
/dev/vda4         96G  5.8G   90G    6% /
devtmpfs         2.0G     0  2.0G    0% /dev
tmpfs            2.0G     0  2.0G    0% /dev/shm
tmpfs            2.0G  922M  1.1G   47% /run
tmpfs            2.0G     0  2.0G    0% /sys/fs/cgroup
/dev/vda2        497M  215M  283M   44% /boot
tmpfs            396M     0  396M    0% /run/user/0
tmpfs            396M     0  396M    0% /run/user/1001

-------------------- System load --------------------
Linux 3.10.0-514.26.2.el7.x86_64 (sakura-tokyo-prod) 	2018年03月15日 	_x86_64_	(4 CPU)

00時00分02秒     CPU     %user     %nice   %system   %iowait    %steal     %idle
01時00分02秒     all      1.45      0.00      0.22      0.02      0.04     98.27
02時00分03秒     all      1.25      0.00      0.20      0.02      0.04     98.49
平均値:      all      1.35      0.00      0.21      0.02      0.04     98.38

-------------------- Logged in user --------------------


==================== 2018-03-15 05:55:01 ====================

-------------------- uptime --------------------
 05:55:01 up 251 days, 18:44,  0 users,  load average: 0.00, 0.03, 0.05

-------------------- System info --------------------
Linux sakura-tokyo-prod 3.10.0-514.26.2.el7.x86_64 #1 SMP Tue Jul 4 15:04:05 UTC 2017 x86_64 x86_64 x86_64 GNU/Linux

-------------------- Storage usage --------------------
ファイルシス   サイズ  使用  残り 使用% マウント位置
/dev/vda4         96G  5.8G   90G    6% /
devtmpfs         2.0G     0  2.0G    0% /dev
tmpfs            2.0G     0  2.0G    0% /dev/shm
tmpfs            2.0G  923M  1.1G   47% /run
tmpfs            2.0G     0  2.0G    0% /sys/fs/cgroup
/dev/vda2        497M  215M  283M   44% /boot
tmpfs            396M     0  396M    0% /run/user/0
tmpfs            396M     0  396M    0% /run/user/1001

-------------------- System load --------------------
Linux 3.10.0-514.26.2.el7.x86_64 (sakura-tokyo-prod) 	2018年03月15日 	_x86_64_	(4 CPU)

00時00分02秒     CPU     %user     %nice   %system   %iowait    %steal     %idle
01時00分02秒     all      1.45      0.00      0.22      0.02      0.04     98.27
02時00分03秒     all      1.25      0.00      0.20      0.02      0.04     98.49
03時00分02秒     all      1.03      0.00      0.16      0.01      0.04     98.76
04時00分02秒     all      1.18      0.00      0.18      0.01      0.04     98.58
05時00分03秒     all      1.21      0.00      0.19      0.01      0.04     98.54
平均値:      all      1.22      0.00      0.19      0.02      0.04     98.53

-------------------- Logged in user --------------------


==================== 2018-03-15 08:55:02 ====================

-------------------- uptime --------------------
 08:55:02 up 251 days, 21:44,  0 users,  load average: 0.10, 0.10, 0.09

-------------------- System info --------------------
Linux sakura-tokyo-prod 3.10.0-514.26.2.el7.x86_64 #1 SMP Tue Jul 4 15:04:05 UTC 2017 x86_64 x86_64 x86_64 GNU/Linux

-------------------- Storage usage --------------------
ファイルシス   サイズ  使用  残り 使用% マウント位置
/dev/vda4         96G  5.8G   90G    6% /
devtmpfs         2.0G     0  2.0G    0% /dev
tmpfs            2.0G     0  2.0G    0% /dev/shm
tmpfs            2.0G  924M  1.1G   47% /run
tmpfs            2.0G     0  2.0G    0% /sys/fs/cgroup
/dev/vda2        497M  215M  283M   44% /boot
tmpfs            396M     0  396M    0% /run/user/0
tmpfs            396M     0  396M    0% /run/user/1001

-------------------- System load --------------------
Linux 3.10.0-514.26.2.el7.x86_64 (sakura-tokyo-prod) 	2018年03月15日 	_x86_64_	(4 CPU)

00時00分02秒     CPU     %user     %nice   %system   %iowait    %steal     %idle
01時00分02秒     all      1.45      0.00      0.22      0.02      0.04     98.27
02時00分03秒     all      1.25      0.00      0.20      0.02      0.04     98.49
03時00分02秒     all      1.03      0.00      0.16      0.01      0.04     98.76
04時00分02秒     all      1.18      0.00      0.18      0.01      0.04     98.58
05時00分03秒     all      1.21      0.00      0.19      0.01      0.04     98.54
06時00分02秒     all      1.10      0.00      0.17      0.01      0.04     98.68
07時00分02秒     all      1.90      0.00      0.28      0.02      0.07     97.73
08時00分02秒     all      1.66      0.00      0.22      0.01      0.09     98.02
平均値:      all      1.35      0.00      0.20      0.01      0.05     98.39

-------------------- Logged in user --------------------


