==================== 2018-03-16 02:55:01 ====================

-------------------- uptime --------------------
 02:55:01 up 252 days, 15:44,  0 users,  load average: 0.11, 0.06, 0.05

-------------------- System info --------------------
Linux sakura-tokyo-prod 3.10.0-514.26.2.el7.x86_64 #1 SMP Tue Jul 4 15:04:05 UTC 2017 x86_64 x86_64 x86_64 GNU/Linux

-------------------- Storage usage --------------------
ファイルシス   サイズ  使用  残り 使用% マウント位置
/dev/vda4         96G  5.8G   90G    6% /
devtmpfs         2.0G     0  2.0G    0% /dev
tmpfs            2.0G     0  2.0G    0% /dev/shm
tmpfs            2.0G  929M  1.1G   47% /run
tmpfs            2.0G     0  2.0G    0% /sys/fs/cgroup
/dev/vda2        497M  215M  283M   44% /boot
tmpfs            396M     0  396M    0% /run/user/0
tmpfs            396M     0  396M    0% /run/user/1001

-------------------- System load --------------------
Linux 3.10.0-514.26.2.el7.x86_64 (sakura-tokyo-prod) 	2018年03月16日 	_x86_64_	(4 CPU)

00時00分02秒     CPU     %user     %nice   %system   %iowait    %steal     %idle
01時00分02秒     all      0.68      0.00      0.12      0.01      0.05     99.15
02時00分02秒     all      0.66      0.00      0.10      0.01      0.04     99.19
平均値:      all      0.67      0.00      0.11      0.01      0.05     99.17

-------------------- Logged in user --------------------


==================== 2018-03-16 05:55:01 ====================

-------------------- uptime --------------------
 05:55:01 up 252 days, 18:44,  0 users,  load average: 0.00, 0.03, 0.09

-------------------- System info --------------------
Linux sakura-tokyo-prod 3.10.0-514.26.2.el7.x86_64 #1 SMP Tue Jul 4 15:04:05 UTC 2017 x86_64 x86_64 x86_64 GNU/Linux

-------------------- Storage usage --------------------
ファイルシス   サイズ  使用  残り 使用% マウント位置
/dev/vda4         96G  5.8G   90G    6% /
devtmpfs         2.0G     0  2.0G    0% /dev
tmpfs            2.0G     0  2.0G    0% /dev/shm
tmpfs            2.0G  929M  1.1G   48% /run
tmpfs            2.0G     0  2.0G    0% /sys/fs/cgroup
/dev/vda2        497M  215M  283M   44% /boot
tmpfs            396M     0  396M    0% /run/user/0
tmpfs            396M     0  396M    0% /run/user/1001

-------------------- System load --------------------
Linux 3.10.0-514.26.2.el7.x86_64 (sakura-tokyo-prod) 	2018年03月16日 	_x86_64_	(4 CPU)

00時00分02秒     CPU     %user     %nice   %system   %iowait    %steal     %idle
01時00分02秒     all      0.68      0.00      0.12      0.01      0.05     99.15
02時00分02秒     all      0.66      0.00      0.10      0.01      0.04     99.19
03時00分03秒     all      0.64      0.00      0.10      0.00      0.04     99.21
04時00分03秒     all      0.71      0.00      0.11      0.00      0.05     99.13
05時00分02秒     all      0.39      0.00      0.07      0.00      0.04     99.51
平均値:      all      0.62      0.00      0.10      0.00      0.04     99.24

-------------------- Logged in user --------------------


==================== 2018-03-16 08:55:01 ====================

-------------------- uptime --------------------
 08:55:01 up 252 days, 21:44,  0 users,  load average: 0.00, 0.01, 0.05

-------------------- System info --------------------
Linux sakura-tokyo-prod 3.10.0-514.26.2.el7.x86_64 #1 SMP Tue Jul 4 15:04:05 UTC 2017 x86_64 x86_64 x86_64 GNU/Linux

-------------------- Storage usage --------------------
ファイルシス   サイズ  使用  残り 使用% マウント位置
/dev/vda4         96G  5.8G   90G    6% /
devtmpfs         2.0G     0  2.0G    0% /dev
tmpfs            2.0G     0  2.0G    0% /dev/shm
tmpfs            2.0G  930M  1.1G   48% /run
tmpfs            2.0G     0  2.0G    0% /sys/fs/cgroup
/dev/vda2        497M  215M  283M   44% /boot
tmpfs            396M     0  396M    0% /run/user/0
tmpfs            396M     0  396M    0% /run/user/1001

-------------------- System load --------------------
Linux 3.10.0-514.26.2.el7.x86_64 (sakura-tokyo-prod) 	2018年03月16日 	_x86_64_	(4 CPU)

00時00分02秒     CPU     %user     %nice   %system   %iowait    %steal     %idle
01時00分02秒     all      0.68      0.00      0.12      0.01      0.05     99.15
02時00分02秒     all      0.66      0.00      0.10      0.01      0.04     99.19
03時00分03秒     all      0.64      0.00      0.10      0.00      0.04     99.21
04時00分03秒     all      0.71      0.00      0.11      0.00      0.05     99.13
05時00分02秒     all      0.39      0.00      0.07      0.00      0.04     99.51
06時00分02秒     all      1.95      0.00      0.25      0.03      0.04     97.73
07時00分02秒     all      1.19      0.00      0.17      0.02      0.04     98.57
08時00分02秒     all      1.18      0.00      0.16      0.01      0.04     98.60
平均値:      all      0.92      0.00      0.14      0.01      0.04     98.89

-------------------- Logged in user --------------------


==================== 2018-03-16 11:55:02 ====================

-------------------- uptime --------------------
 11:55:02 up 253 days, 44 min,  0 users,  load average: 0.00, 0.02, 0.05

-------------------- System info --------------------
Linux sakura-tokyo-prod 3.10.0-514.26.2.el7.x86_64 #1 SMP Tue Jul 4 15:04:05 UTC 2017 x86_64 x86_64 x86_64 GNU/Linux

-------------------- Storage usage --------------------
ファイルシス   サイズ  使用  残り 使用% マウント位置
/dev/vda4         96G  5.8G   90G    6% /
devtmpfs         2.0G     0  2.0G    0% /dev
tmpfs            2.0G     0  2.0G    0% /dev/shm
tmpfs            2.0G  931M  1.1G   48% /run
tmpfs            2.0G     0  2.0G    0% /sys/fs/cgroup
/dev/vda2        497M  215M  283M   44% /boot
tmpfs            396M     0  396M    0% /run/user/0
tmpfs            396M     0  396M    0% /run/user/1001

-------------------- System load --------------------
Linux 3.10.0-514.26.2.el7.x86_64 (sakura-tokyo-prod) 	2018年03月16日 	_x86_64_	(4 CPU)

00時00分02秒     CPU     %user     %nice   %system   %iowait    %steal     %idle
01時00分02秒     all      0.68      0.00      0.12      0.01      0.05     99.15
02時00分02秒     all      0.66      0.00      0.10      0.01      0.04     99.19
03時00分03秒     all      0.64      0.00      0.10      0.00      0.04     99.21
04時00分03秒     all      0.71      0.00      0.11      0.00      0.05     99.13
05時00分02秒     all      0.39      0.00      0.07      0.00      0.04     99.51
06時00分02秒     all      1.95      0.00      0.25      0.03      0.04     97.73
07時00分02秒     all      1.19      0.00      0.17      0.02      0.04     98.57
08時00分02秒     all      1.18      0.00      0.16      0.01      0.04     98.60
09時00分02秒     all      0.62      0.00      0.10      0.00      0.04     99.23
10時00分02秒     all      0.87      0.00      0.12      0.01      0.05     98.95
11時00分03秒     all      0.97      0.00      0.15      0.01      0.06     98.81
平均値:      all      0.90      0.00      0.13      0.01      0.05     98.92

-------------------- Logged in user --------------------


==================== 2018-03-16 14:55:01 ====================

-------------------- uptime --------------------
 14:55:01 up 253 days,  3:44,  0 users,  load average: 0.00, 0.01, 0.05

-------------------- System info --------------------
Linux sakura-tokyo-prod 3.10.0-514.26.2.el7.x86_64 #1 SMP Tue Jul 4 15:04:05 UTC 2017 x86_64 x86_64 x86_64 GNU/Linux

-------------------- Storage usage --------------------
ファイルシス   サイズ  使用  残り 使用% マウント位置
/dev/vda4         96G  5.8G   90G    7% /
devtmpfs         2.0G     0  2.0G    0% /dev
tmpfs            2.0G     0  2.0G    0% /dev/shm
tmpfs            2.0G  932M  1.1G   48% /run
tmpfs            2.0G     0  2.0G    0% /sys/fs/cgroup
/dev/vda2        497M  215M  283M   44% /boot
tmpfs            396M     0  396M    0% /run/user/0
tmpfs            396M     0  396M    0% /run/user/1001

-------------------- System load --------------------
Linux 3.10.0-514.26.2.el7.x86_64 (sakura-tokyo-prod) 	2018年03月16日 	_x86_64_	(4 CPU)

00時00分02秒     CPU     %user     %nice   %system   %iowait    %steal     %idle
01時00分02秒     all      0.68      0.00      0.12      0.01      0.05     99.15
02時00分02秒     all      0.66      0.00      0.10      0.01      0.04     99.19
03時00分03秒     all      0.64      0.00      0.10      0.00      0.04     99.21
04時00分03秒     all      0.71      0.00      0.11      0.00      0.05     99.13
05時00分02秒     all      0.39      0.00      0.07      0.00      0.04     99.51
06時00分02秒     all      1.95      0.00      0.25      0.03      0.04     97.73
07時00分02秒     all      1.19      0.00      0.17      0.02      0.04     98.57
08時00分02秒     all      1.18      0.00      0.16      0.01      0.04     98.60
09時00分02秒     all      0.62      0.00      0.10      0.00      0.04     99.23
10時00分02秒     all      0.87      0.00      0.12      0.01      0.05     98.95
11時00分03秒     all      0.97      0.00      0.15      0.01      0.06     98.81
12時00分02秒     all      1.27      0.00      0.19      0.02      0.06     98.47
13時00分03秒     all      1.07      0.00      0.16      0.01      0.06     98.70
14時00分02秒     all      1.12      0.00      0.17      0.01      0.05     98.65
平均値:      all      0.95      0.00      0.14      0.01      0.05     98.85

-------------------- Logged in user --------------------


