==================== 2018-03-17 02:55:01 ====================

-------------------- uptime --------------------
 02:55:01 up 253 days, 15:44,  1 user,  load average: 0.00, 0.01, 0.05

-------------------- System info --------------------
Linux sakura-tokyo-prod 3.10.0-514.26.2.el7.x86_64 #1 SMP Tue Jul 4 15:04:05 UTC 2017 x86_64 x86_64 x86_64 GNU/Linux

-------------------- Storage usage --------------------
ファイルシス   サイズ  使用  残り 使用% マウント位置
/dev/vda4         96G  5.8G   90G    6% /
devtmpfs         2.0G     0  2.0G    0% /dev
tmpfs            2.0G     0  2.0G    0% /dev/shm
tmpfs            2.0G  943M  1.1G   48% /run
tmpfs            2.0G     0  2.0G    0% /sys/fs/cgroup
/dev/vda2        497M  215M  283M   44% /boot
tmpfs            396M     0  396M    0% /run/user/0
tmpfs            396M     0  396M    0% /run/user/1001

-------------------- System load --------------------
Linux 3.10.0-514.26.2.el7.x86_64 (sakura-tokyo-prod) 	2018年03月17日 	_x86_64_	(4 CPU)

00時00分03秒     CPU     %user     %nice   %system   %iowait    %steal     %idle
01時00分02秒     all      0.40      0.00      0.08      0.00      0.04     99.47
02時00分02秒     all      1.17      0.00      0.18      0.01      0.05     98.59
平均値:      all      0.79      0.00      0.13      0.01      0.04     99.03

-------------------- Logged in user --------------------
k792fe5b 2018-03-16 21:56

==================== 2018-03-17 05:55:02 ====================

-------------------- uptime --------------------
 05:55:02 up 253 days, 18:44,  1 user,  load average: 0.07, 0.09, 0.11

-------------------- System info --------------------
Linux sakura-tokyo-prod 3.10.0-514.26.2.el7.x86_64 #1 SMP Tue Jul 4 15:04:05 UTC 2017 x86_64 x86_64 x86_64 GNU/Linux

-------------------- Storage usage --------------------
ファイルシス   サイズ  使用  残り 使用% マウント位置
/dev/vda4         96G  5.8G   90G    6% /
devtmpfs         2.0G     0  2.0G    0% /dev
tmpfs            2.0G     0  2.0G    0% /dev/shm
tmpfs            2.0G  944M  1.1G   48% /run
tmpfs            2.0G     0  2.0G    0% /sys/fs/cgroup
/dev/vda2        497M  215M  283M   44% /boot
tmpfs            396M     0  396M    0% /run/user/0
tmpfs            396M     0  396M    0% /run/user/1001

-------------------- System load --------------------
Linux 3.10.0-514.26.2.el7.x86_64 (sakura-tokyo-prod) 	2018年03月17日 	_x86_64_	(4 CPU)

00時00分03秒     CPU     %user     %nice   %system   %iowait    %steal     %idle
01時00分02秒     all      0.40      0.00      0.08      0.00      0.04     99.47
02時00分02秒     all      1.17      0.00      0.18      0.01      0.05     98.59
03時00分02秒     all      0.64      0.00      0.10      0.01      0.04     99.21
04時00分02秒     all      0.65      0.00      0.10      0.00      0.04     99.21
05時00分02秒     all      0.90      0.00      0.13      0.01      0.03     98.93
平均値:      all      0.75      0.00      0.12      0.01      0.04     99.08

-------------------- Logged in user --------------------
k053ea76 2018-03-16 21:56

==================== 2018-03-17 08:55:02 ====================

-------------------- uptime --------------------
 08:55:02 up 253 days, 21:44,  1 user,  load average: 0.00, 0.01, 0.05

-------------------- System info --------------------
Linux sakura-tokyo-prod 3.10.0-514.26.2.el7.x86_64 #1 SMP Tue Jul 4 15:04:05 UTC 2017 x86_64 x86_64 x86_64 GNU/Linux

-------------------- Storage usage --------------------
ファイルシス   サイズ  使用  残り 使用% マウント位置
/dev/vda4         96G  5.8G   90G    7% /
devtmpfs         2.0G     0  2.0G    0% /dev
tmpfs            2.0G     0  2.0G    0% /dev/shm
tmpfs            2.0G  945M  1.1G   48% /run
tmpfs            2.0G     0  2.0G    0% /sys/fs/cgroup
/dev/vda2        497M  215M  283M   44% /boot
tmpfs            396M     0  396M    0% /run/user/0
tmpfs            396M     0  396M    0% /run/user/1001

-------------------- System load --------------------
Linux 3.10.0-514.26.2.el7.x86_64 (sakura-tokyo-prod) 	2018年03月17日 	_x86_64_	(4 CPU)

00時00分03秒     CPU     %user     %nice   %system   %iowait    %steal     %idle
01時00分02秒     all      0.40      0.00      0.08      0.00      0.04     99.47
02時00分02秒     all      1.17      0.00      0.18      0.01      0.05     98.59
03時00分02秒     all      0.64      0.00      0.10      0.01      0.04     99.21
04時00分02秒     all      0.65      0.00      0.10      0.00      0.04     99.21
05時00分02秒     all      0.90      0.00      0.13      0.01      0.03     98.93
06時00分02秒     all      1.15      0.00      0.17      0.01      0.05     98.61
07時00分03秒     all      0.41      0.00      0.09      0.00      0.04     99.47
08時00分02秒     all      1.17      0.00      0.17      0.02      0.05     98.60
平均値:      all      0.81      0.00      0.13      0.01      0.04     99.01

-------------------- Logged in user --------------------
k36ebd6e 2018-03-16 21:56

