==================== 2018-03-18 02:55:01 ====================

-------------------- uptime --------------------
 02:55:01 up 254 days, 15:44,  1 user,  load average: 0.00, 0.01, 0.05

-------------------- System info --------------------
Linux sakura-tokyo-prod 3.10.0-514.26.2.el7.x86_64 #1 SMP Tue Jul 4 15:04:05 UTC 2017 x86_64 x86_64 x86_64 GNU/Linux

-------------------- Storage usage --------------------
ファイルシス   サイズ  使用  残り 使用% マウント位置
/dev/vda4         96G  5.8G   90G    6% /
devtmpfs         2.0G     0  2.0G    0% /dev
tmpfs            2.0G     0  2.0G    0% /dev/shm
tmpfs            2.0G  958M 1019M   49% /run
tmpfs            2.0G     0  2.0G    0% /sys/fs/cgroup
/dev/vda2        497M  215M  283M   44% /boot
tmpfs            396M     0  396M    0% /run/user/0
tmpfs            396M     0  396M    0% /run/user/1001

-------------------- System load --------------------
Linux 3.10.0-514.26.2.el7.x86_64 (sakura-tokyo-prod) 	2018年03月18日 	_x86_64_	(4 CPU)

00時00分02秒     CPU     %user     %nice   %system   %iowait    %steal     %idle
01時00分03秒     all      0.94      0.00      0.14      0.01      0.03     98.88
02時00分02秒     all      0.91      0.00      0.16      0.01      0.03     98.89
平均値:      all      0.92      0.00      0.15      0.01      0.03     98.88

-------------------- Logged in user --------------------
kd5c67df 2018-03-16 21:56

==================== 2018-03-18 05:55:01 ====================

-------------------- uptime --------------------
 05:55:01 up 254 days, 18:44,  1 user,  load average: 0.00, 0.02, 0.05

-------------------- System info --------------------
Linux sakura-tokyo-prod 3.10.0-514.26.2.el7.x86_64 #1 SMP Tue Jul 4 15:04:05 UTC 2017 x86_64 x86_64 x86_64 GNU/Linux

-------------------- Storage usage --------------------
ファイルシス   サイズ  使用  残り 使用% マウント位置
/dev/vda4         96G  5.8G   90G    6% /
devtmpfs         2.0G     0  2.0G    0% /dev
tmpfs            2.0G     0  2.0G    0% /dev/shm
tmpfs            2.0G  958M 1018M   49% /run
tmpfs            2.0G     0  2.0G    0% /sys/fs/cgroup
/dev/vda2        497M  215M  283M   44% /boot
tmpfs            396M     0  396M    0% /run/user/0
tmpfs            396M     0  396M    0% /run/user/1001

-------------------- System load --------------------
Linux 3.10.0-514.26.2.el7.x86_64 (sakura-tokyo-prod) 	2018年03月18日 	_x86_64_	(4 CPU)

00時00分02秒     CPU     %user     %nice   %system   %iowait    %steal     %idle
01時00分03秒     all      0.94      0.00      0.14      0.01      0.03     98.88
02時00分02秒     all      0.91      0.00      0.16      0.01      0.03     98.89
03時00分02秒     all      0.39      0.00      0.08      0.00      0.02     99.50
04時00分02秒     all      0.93      0.00      0.15      0.01      0.04     98.87
05時00分02秒     all      0.95      0.00      0.16      0.01      0.04     98.83
平均値:      all      0.82      0.00      0.14      0.01      0.03     98.99

-------------------- Logged in user --------------------
k1ce632e 2018-03-16 21:56

