==================== 2018-03-20 02:55:01 ====================

-------------------- uptime --------------------
 02:55:01 up 256 days, 15:44,  2 users,  load average: 0.00, 0.03, 0.05

-------------------- System info --------------------
Linux sakura-tokyo-prod 3.10.0-514.26.2.el7.x86_64 #1 SMP Tue Jul 4 15:04:05 UTC 2017 x86_64 x86_64 x86_64 GNU/Linux

-------------------- Storage usage --------------------
ファイルシス   サイズ  使用  残り 使用% マウント位置
/dev/vda4         96G  5.8G   90G    6% /
devtmpfs         2.0G     0  2.0G    0% /dev
tmpfs            2.0G     0  2.0G    0% /dev/shm
tmpfs            2.0G  955M 1022M   49% /run
tmpfs            2.0G     0  2.0G    0% /sys/fs/cgroup
/dev/vda2        497M  215M  283M   44% /boot
tmpfs            396M     0  396M    0% /run/user/0
tmpfs            396M     0  396M    0% /run/user/1001

-------------------- System load --------------------
Linux 3.10.0-514.26.2.el7.x86_64 (sakura-tokyo-prod) 	2018年03月20日 	_x86_64_	(4 CPU)

00時00分03秒     CPU     %user     %nice   %system   %iowait    %steal     %idle
01時00分02秒     all      0.75      0.00      0.12      0.01      0.04     99.07
02時00分02秒     all      1.54      0.00      0.22      0.02      0.04     98.18
平均値:      all      1.15      0.00      0.17      0.01      0.04     98.62

-------------------- Logged in user --------------------
ke1f1cfe 2018-03-19 19:13
kb159d7d 2018-03-20 02:12

==================== 2018-03-20 05:55:01 ====================

-------------------- uptime --------------------
 05:55:01 up 256 days, 18:44,  1 user,  load average: 0.00, 0.01, 0.05

-------------------- System info --------------------
Linux sakura-tokyo-prod 3.10.0-514.26.2.el7.x86_64 #1 SMP Tue Jul 4 15:04:05 UTC 2017 x86_64 x86_64 x86_64 GNU/Linux

-------------------- Storage usage --------------------
ファイルシス   サイズ  使用  残り 使用% マウント位置
/dev/vda4         96G  5.8G   90G    6% /
devtmpfs         2.0G     0  2.0G    0% /dev
tmpfs            2.0G     0  2.0G    0% /dev/shm
tmpfs            2.0G  955M 1021M   49% /run
tmpfs            2.0G     0  2.0G    0% /sys/fs/cgroup
/dev/vda2        497M  215M  283M   44% /boot
tmpfs            396M     0  396M    0% /run/user/0
tmpfs            396M     0  396M    0% /run/user/1001

-------------------- System load --------------------
Linux 3.10.0-514.26.2.el7.x86_64 (sakura-tokyo-prod) 	2018年03月20日 	_x86_64_	(4 CPU)

00時00分03秒     CPU     %user     %nice   %system   %iowait    %steal     %idle
01時00分02秒     all      0.75      0.00      0.12      0.01      0.04     99.07
02時00分02秒     all      1.54      0.00      0.22      0.02      0.04     98.18
03時00分02秒     all      1.25      0.00      0.18      0.02      0.04     98.50
04時00分02秒     all      0.64      0.00      0.11      0.01      0.05     99.20
05時00分02秒     all      0.85      0.00      0.13      0.01      0.03     98.97
平均値:      all      1.01      0.00      0.15      0.01      0.04     98.78

-------------------- Logged in user --------------------
kea5257d 2018-03-19 19:13

==================== 2018-03-20 08:55:01 ====================

-------------------- uptime --------------------
 08:55:01 up 256 days, 21:44,  1 user,  load average: 0.10, 0.13, 0.11

-------------------- System info --------------------
Linux sakura-tokyo-prod 3.10.0-514.26.2.el7.x86_64 #1 SMP Tue Jul 4 15:04:05 UTC 2017 x86_64 x86_64 x86_64 GNU/Linux

-------------------- Storage usage --------------------
ファイルシス   サイズ  使用  残り 使用% マウント位置
/dev/vda4         96G  5.8G   90G    6% /
devtmpfs         2.0G     0  2.0G    0% /dev
tmpfs            2.0G     0  2.0G    0% /dev/shm
tmpfs            2.0G  964M 1013M   49% /run
tmpfs            2.0G     0  2.0G    0% /sys/fs/cgroup
/dev/vda2        497M  215M  283M   44% /boot
tmpfs            396M     0  396M    0% /run/user/0
tmpfs            396M     0  396M    0% /run/user/1001

-------------------- System load --------------------
Linux 3.10.0-514.26.2.el7.x86_64 (sakura-tokyo-prod) 	2018年03月20日 	_x86_64_	(4 CPU)

00時00分03秒     CPU     %user     %nice   %system   %iowait    %steal     %idle
01時00分02秒     all      0.75      0.00      0.12      0.01      0.04     99.07
02時00分02秒     all      1.54      0.00      0.22      0.02      0.04     98.18
03時00分02秒     all      1.25      0.00      0.18      0.02      0.04     98.50
04時00分02秒     all      0.64      0.00      0.11      0.01      0.05     99.20
05時00分02秒     all      0.85      0.00      0.13      0.01      0.03     98.97
06時00分02秒     all      1.64      0.00      0.22      0.02      0.05     98.08
07時00分01秒     all      0.93      0.00      0.14      0.01      0.04     98.88
08時00分02秒     all      0.58      0.00      0.11      0.01      0.03     99.27
平均値:      all      1.02      0.00      0.15      0.01      0.04     98.77

-------------------- Logged in user --------------------
k04a3266 2018-03-19 19:13

==================== 2018-03-20 11:55:01 ====================

-------------------- uptime --------------------
 11:55:01 up 257 days, 44 min,  1 user,  load average: 0.04, 0.05, 0.05

-------------------- System info --------------------
Linux sakura-tokyo-prod 3.10.0-514.26.2.el7.x86_64 #1 SMP Tue Jul 4 15:04:05 UTC 2017 x86_64 x86_64 x86_64 GNU/Linux

-------------------- Storage usage --------------------
ファイルシス   サイズ  使用  残り 使用% マウント位置
/dev/vda4         96G  5.8G   90G    6% /
devtmpfs         2.0G     0  2.0G    0% /dev
tmpfs            2.0G     0  2.0G    0% /dev/shm
tmpfs            2.0G  965M 1012M   49% /run
tmpfs            2.0G     0  2.0G    0% /sys/fs/cgroup
/dev/vda2        497M  215M  283M   44% /boot
tmpfs            396M     0  396M    0% /run/user/0
tmpfs            396M     0  396M    0% /run/user/1001

-------------------- System load --------------------
Linux 3.10.0-514.26.2.el7.x86_64 (sakura-tokyo-prod) 	2018年03月20日 	_x86_64_	(4 CPU)

00時00分03秒     CPU     %user     %nice   %system   %iowait    %steal     %idle
01時00分02秒     all      0.75      0.00      0.12      0.01      0.04     99.07
02時00分02秒     all      1.54      0.00      0.22      0.02      0.04     98.18
03時00分02秒     all      1.25      0.00      0.18      0.02      0.04     98.50
04時00分02秒     all      0.64      0.00      0.11      0.01      0.05     99.20
05時00分02秒     all      0.85      0.00      0.13      0.01      0.03     98.97
06時00分02秒     all      1.64      0.00      0.22      0.02      0.05     98.08
07時00分01秒     all      0.93      0.00      0.14      0.01      0.04     98.88
08時00分02秒     all      0.58      0.00      0.11      0.01      0.03     99.27
09時00分03秒     all      0.87      0.00      0.13      0.01      0.06     98.93
10時00分02秒     all      0.93      0.00      0.15      0.01      0.06     98.85
11時00分02秒     all      0.44      0.00      0.07      0.00      0.05     99.44
平均値:      all      0.95      0.00      0.14      0.01      0.04     98.85

-------------------- Logged in user --------------------
k689d450 2018-03-19 19:13

==================== 2018-03-20 14:55:02 ====================

-------------------- uptime --------------------
 14:55:02 up 257 days,  3:44,  1 user,  load average: 0.00, 0.01, 0.05

-------------------- System info --------------------
Linux sakura-tokyo-prod 3.10.0-514.26.2.el7.x86_64 #1 SMP Tue Jul 4 15:04:05 UTC 2017 x86_64 x86_64 x86_64 GNU/Linux

-------------------- Storage usage --------------------
ファイルシス   サイズ  使用  残り 使用% マウント位置
/dev/vda4         96G  5.8G   90G    6% /
devtmpfs         2.0G     0  2.0G    0% /dev
tmpfs            2.0G     0  2.0G    0% /dev/shm
tmpfs            2.0G  966M 1011M   49% /run
tmpfs            2.0G     0  2.0G    0% /sys/fs/cgroup
/dev/vda2        497M  215M  283M   44% /boot
tmpfs            396M     0  396M    0% /run/user/0
tmpfs            396M     0  396M    0% /run/user/1001

-------------------- System load --------------------
Linux 3.10.0-514.26.2.el7.x86_64 (sakura-tokyo-prod) 	2018年03月20日 	_x86_64_	(4 CPU)

00時00分03秒     CPU     %user     %nice   %system   %iowait    %steal     %idle
01時00分02秒     all      0.75      0.00      0.12      0.01      0.04     99.07
02時00分02秒     all      1.54      0.00      0.22      0.02      0.04     98.18
03時00分02秒     all      1.25      0.00      0.18      0.02      0.04     98.50
04時00分02秒     all      0.64      0.00      0.11      0.01      0.05     99.20
05時00分02秒     all      0.85      0.00      0.13      0.01      0.03     98.97
06時00分02秒     all      1.64      0.00      0.22      0.02      0.05     98.08
07時00分01秒     all      0.93      0.00      0.14      0.01      0.04     98.88
08時00分02秒     all      0.58      0.00      0.11      0.01      0.03     99.27
09時00分03秒     all      0.87      0.00      0.13      0.01      0.06     98.93
10時00分02秒     all      0.93      0.00      0.15      0.01      0.06     98.85
11時00分02秒     all      0.44      0.00      0.07      0.00      0.05     99.44
12時00分02秒     all      0.76      0.00      0.13      0.01      0.06     99.05
13時00分02秒     all      0.36      0.00      0.07      0.00      0.05     99.51
14時00分02秒     all      0.62      0.00      0.11      0.01      0.05     99.22
平均値:      all      0.87      0.00      0.14      0.01      0.05     98.94

-------------------- Logged in user --------------------
k7f31559 2018-03-19 19:13

==================== 2018-03-20 17:55:01 ====================

-------------------- uptime --------------------
 17:55:01 up 257 days,  6:44,  1 user,  load average: 0.09, 0.05, 0.05

-------------------- System info --------------------
Linux sakura-tokyo-prod 3.10.0-514.26.2.el7.x86_64 #1 SMP Tue Jul 4 15:04:05 UTC 2017 x86_64 x86_64 x86_64 GNU/Linux

-------------------- Storage usage --------------------
ファイルシス   サイズ  使用  残り 使用% マウント位置
/dev/vda4         96G  5.8G   90G    6% /
devtmpfs         2.0G     0  2.0G    0% /dev
tmpfs            2.0G     0  2.0G    0% /dev/shm
tmpfs            2.0G  975M 1002M   50% /run
tmpfs            2.0G     0  2.0G    0% /sys/fs/cgroup
/dev/vda2        497M  215M  283M   44% /boot
tmpfs            396M     0  396M    0% /run/user/0
tmpfs            396M     0  396M    0% /run/user/1001

-------------------- System load --------------------
Linux 3.10.0-514.26.2.el7.x86_64 (sakura-tokyo-prod) 	2018年03月20日 	_x86_64_	(4 CPU)

00時00分03秒     CPU     %user     %nice   %system   %iowait    %steal     %idle
01時00分02秒     all      0.75      0.00      0.12      0.01      0.04     99.07
02時00分02秒     all      1.54      0.00      0.22      0.02      0.04     98.18
03時00分02秒     all      1.25      0.00      0.18      0.02      0.04     98.50
04時00分02秒     all      0.64      0.00      0.11      0.01      0.05     99.20
05時00分02秒     all      0.85      0.00      0.13      0.01      0.03     98.97
06時00分02秒     all      1.64      0.00      0.22      0.02      0.05     98.08
07時00分01秒     all      0.93      0.00      0.14      0.01      0.04     98.88
08時00分02秒     all      0.58      0.00      0.11      0.01      0.03     99.27
09時00分03秒     all      0.87      0.00      0.13      0.01      0.06     98.93
10時00分02秒     all      0.93      0.00      0.15      0.01      0.06     98.85
11時00分02秒     all      0.44      0.00      0.07      0.00      0.05     99.44
12時00分02秒     all      0.76      0.00      0.13      0.01      0.06     99.05
13時00分02秒     all      0.36      0.00      0.07      0.00      0.05     99.51
14時00分02秒     all      0.62      0.00      0.11      0.01      0.05     99.22
15時00分03秒     all      0.37      0.00      0.07      0.00      0.05     99.51
16時00分02秒     all      1.15      0.00      0.17      0.01      0.06     98.61
17時00分02秒     all      0.36      0.00      0.07      0.00      0.05     99.52
平均値:      all      0.83      0.00      0.13      0.01      0.05     98.99

-------------------- Logged in user --------------------
k052251d 2018-03-19 19:13

==================== 2018-03-20 20:55:02 ====================

-------------------- uptime --------------------
 20:55:02 up 257 days,  9:44,  2 users,  load average: 0.00, 0.02, 0.07

-------------------- System info --------------------
Linux sakura-tokyo-prod 3.10.0-514.26.2.el7.x86_64 #1 SMP Tue Jul 4 15:04:05 UTC 2017 x86_64 x86_64 x86_64 GNU/Linux

-------------------- Storage usage --------------------
ファイルシス   サイズ  使用  残り 使用% マウント位置
/dev/vda4         96G  5.8G   90G    6% /
devtmpfs         2.0G     0  2.0G    0% /dev
tmpfs            2.0G     0  2.0G    0% /dev/shm
tmpfs            2.0G  975M 1001M   50% /run
tmpfs            2.0G     0  2.0G    0% /sys/fs/cgroup
/dev/vda2        497M  215M  283M   44% /boot
tmpfs            396M     0  396M    0% /run/user/0
tmpfs            396M     0  396M    0% /run/user/1001

-------------------- System load --------------------
Linux 3.10.0-514.26.2.el7.x86_64 (sakura-tokyo-prod) 	2018年03月20日 	_x86_64_	(4 CPU)

00時00分03秒     CPU     %user     %nice   %system   %iowait    %steal     %idle
01時00分02秒     all      0.75      0.00      0.12      0.01      0.04     99.07
02時00分02秒     all      1.54      0.00      0.22      0.02      0.04     98.18
03時00分02秒     all      1.25      0.00      0.18      0.02      0.04     98.50
04時00分02秒     all      0.64      0.00      0.11      0.01      0.05     99.20
05時00分02秒     all      0.85      0.00      0.13      0.01      0.03     98.97
06時00分02秒     all      1.64      0.00      0.22      0.02      0.05     98.08
07時00分01秒     all      0.93      0.00      0.14      0.01      0.04     98.88
08時00分02秒     all      0.58      0.00      0.11      0.01      0.03     99.27
09時00分03秒     all      0.87      0.00      0.13      0.01      0.06     98.93
10時00分02秒     all      0.93      0.00      0.15      0.01      0.06     98.85
11時00分02秒     all      0.44      0.00      0.07      0.00      0.05     99.44
12時00分02秒     all      0.76      0.00      0.13      0.01      0.06     99.05
13時00分02秒     all      0.36      0.00      0.07      0.00      0.05     99.51
14時00分02秒     all      0.62      0.00      0.11      0.01      0.05     99.22
15時00分03秒     all      0.37      0.00      0.07      0.00      0.05     99.51
16時00分02秒     all      1.15      0.00      0.17      0.01      0.06     98.61
17時00分02秒     all      0.36      0.00      0.07      0.00      0.05     99.52
18時00分02秒     all      0.92      0.00      0.15      0.01      0.04     98.87
19時00分02秒     all      0.36      0.00      0.07      0.01      0.04     99.52
20時00分02秒     all      1.38      0.00      0.20      0.02      0.04     98.35
平均値:      all      0.84      0.00      0.13      0.01      0.05     98.98

-------------------- Logged in user --------------------
kc15fdb6 2018-03-19 19:13
kb13204d 2018-03-20 17:56

==================== 2018-03-20 23:55:01 ====================

-------------------- uptime --------------------
 23:55:01 up 257 days, 12:44,  2 users,  load average: 0.00, 0.01, 0.05

-------------------- System info --------------------
Linux sakura-tokyo-prod 3.10.0-514.26.2.el7.x86_64 #1 SMP Tue Jul 4 15:04:05 UTC 2017 x86_64 x86_64 x86_64 GNU/Linux

-------------------- Storage usage --------------------
ファイルシス   サイズ  使用  残り 使用% マウント位置
/dev/vda4         96G  5.8G   90G    6% /
devtmpfs         2.0G     0  2.0G    0% /dev
tmpfs            2.0G     0  2.0G    0% /dev/shm
tmpfs            2.0G  976M 1001M   50% /run
tmpfs            2.0G     0  2.0G    0% /sys/fs/cgroup
/dev/vda2        497M  215M  283M   44% /boot
tmpfs            396M     0  396M    0% /run/user/0
tmpfs            396M     0  396M    0% /run/user/1001

-------------------- System load --------------------
Linux 3.10.0-514.26.2.el7.x86_64 (sakura-tokyo-prod) 	2018年03月20日 	_x86_64_	(4 CPU)

00時00分03秒     CPU     %user     %nice   %system   %iowait    %steal     %idle
01時00分02秒     all      0.75      0.00      0.12      0.01      0.04     99.07
02時00分02秒     all      1.54      0.00      0.22      0.02      0.04     98.18
03時00分02秒     all      1.25      0.00      0.18      0.02      0.04     98.50
04時00分02秒     all      0.64      0.00      0.11      0.01      0.05     99.20
05時00分02秒     all      0.85      0.00      0.13      0.01      0.03     98.97
06時00分02秒     all      1.64      0.00      0.22      0.02      0.05     98.08
07時00分01秒     all      0.93      0.00      0.14      0.01      0.04     98.88
08時00分02秒     all      0.58      0.00      0.11      0.01      0.03     99.27
09時00分03秒     all      0.87      0.00      0.13      0.01      0.06     98.93
10時00分02秒     all      0.93      0.00      0.15      0.01      0.06     98.85
11時00分02秒     all      0.44      0.00      0.07      0.00      0.05     99.44
12時00分02秒     all      0.76      0.00      0.13      0.01      0.06     99.05
13時00分02秒     all      0.36      0.00      0.07      0.00      0.05     99.51
14時00分02秒     all      0.62      0.00      0.11      0.01      0.05     99.22
15時00分03秒     all      0.37      0.00      0.07      0.00      0.05     99.51
16時00分02秒     all      1.15      0.00      0.17      0.01      0.06     98.61
17時00分02秒     all      0.36      0.00      0.07      0.00      0.05     99.52
18時00分02秒     all      0.92      0.00      0.15      0.01      0.04     98.87
19時00分02秒     all      0.36      0.00      0.07      0.01      0.04     99.52
20時00分02秒     all      1.38      0.00      0.20      0.02      0.04     98.35
21時00分02秒     all      1.13      0.00      0.16      0.01      0.04     98.66
22時00分02秒     all      0.61      0.00      0.11      0.01      0.03     99.24
23時00分02秒     all      0.38      0.00      0.07      0.00      0.03     99.51
平均値:      all      0.82      0.00      0.13      0.01      0.04     99.00

-------------------- Logged in user --------------------
kfa086de 2018-03-19 19:13
kfe468eb 2018-03-20 17:56

