==================== 2018-03-21 02:55:01 ====================

-------------------- uptime --------------------
 02:55:01 up 257 days, 15:44,  2 users,  load average: 0.00, 0.01, 0.05

-------------------- System info --------------------
Linux sakura-tokyo-prod 3.10.0-514.26.2.el7.x86_64 #1 SMP Tue Jul 4 15:04:05 UTC 2017 x86_64 x86_64 x86_64 GNU/Linux

-------------------- Storage usage --------------------
ファイルシス   サイズ  使用  残り 使用% マウント位置
/dev/vda4         96G  5.8G   90G    6% /
devtmpfs         2.0G     0  2.0G    0% /dev
tmpfs            2.0G     0  2.0G    0% /dev/shm
tmpfs            2.0G  977M 1000M   50% /run
tmpfs            2.0G     0  2.0G    0% /sys/fs/cgroup
/dev/vda2        497M  215M  283M   44% /boot
tmpfs            396M     0  396M    0% /run/user/0
tmpfs            396M     0  396M    0% /run/user/1001

-------------------- System load --------------------
Linux 3.10.0-514.26.2.el7.x86_64 (sakura-tokyo-prod) 	2018年03月21日 	_x86_64_	(4 CPU)

00時00分03秒     CPU     %user     %nice   %system   %iowait    %steal     %idle
01時00分02秒     all      0.60      0.00      0.10      0.00      0.03     99.26
02時00分02秒     all      0.59      0.00      0.10      0.00      0.03     99.28
平均値:      all      0.60      0.00      0.10      0.00      0.03     99.27

-------------------- Logged in user --------------------
k6905523 2018-03-19 19:13
k76212d2 2018-03-20 17:56

==================== 2018-03-21 05:55:02 ====================

-------------------- uptime --------------------
 05:55:02 up 257 days, 18:44,  2 users,  load average: 0.03, 0.06, 0.05

-------------------- System info --------------------
Linux sakura-tokyo-prod 3.10.0-514.26.2.el7.x86_64 #1 SMP Tue Jul 4 15:04:05 UTC 2017 x86_64 x86_64 x86_64 GNU/Linux

-------------------- Storage usage --------------------
ファイルシス   サイズ  使用  残り 使用% マウント位置
/dev/vda4         96G  5.8G   90G    6% /
devtmpfs         2.0G     0  2.0G    0% /dev
tmpfs            2.0G     0  2.0G    0% /dev/shm
tmpfs            2.0G  978M  999M   50% /run
tmpfs            2.0G     0  2.0G    0% /sys/fs/cgroup
/dev/vda2        497M  215M  283M   44% /boot
tmpfs            396M     0  396M    0% /run/user/0
tmpfs            396M     0  396M    0% /run/user/1001

-------------------- System load --------------------
Linux 3.10.0-514.26.2.el7.x86_64 (sakura-tokyo-prod) 	2018年03月21日 	_x86_64_	(4 CPU)

00時00分03秒     CPU     %user     %nice   %system   %iowait    %steal     %idle
01時00分02秒     all      0.60      0.00      0.10      0.00      0.03     99.26
02時00分02秒     all      0.59      0.00      0.10      0.00      0.03     99.28
03時00分02秒     all      0.59      0.00      0.10      0.00      0.03     99.28
04時00分02秒     all      0.60      0.00      0.11      0.00      0.04     99.25
05時00分03秒     all      0.35      0.00      0.08      0.00      0.03     99.54
平均値:      all      0.55      0.00      0.10      0.00      0.03     99.32

-------------------- Logged in user --------------------
kf7904d7 2018-03-19 19:13
k98abb61 2018-03-20 17:56

