==================== 2018-03-23 02:55:02 ====================

-------------------- uptime --------------------
 02:55:02 up 259 days, 15:44,  2 users,  load average: 0.00, 0.02, 0.05

-------------------- System info --------------------
Linux sakura-tokyo-prod 3.10.0-514.26.2.el7.x86_64 #1 SMP Tue Jul 4 15:04:05 UTC 2017 x86_64 x86_64 x86_64 GNU/Linux

-------------------- Storage usage --------------------
ファイルシス   サイズ  使用  残り 使用% マウント位置
/dev/vda4         96G  5.8G   90G    6% /
devtmpfs         2.0G     0  2.0G    0% /dev
tmpfs            2.0G     0  2.0G    0% /dev/shm
tmpfs            2.0G  974M 1003M   50% /run
tmpfs            2.0G     0  2.0G    0% /sys/fs/cgroup
/dev/vda2        497M  215M  283M   44% /boot
tmpfs            396M     0  396M    0% /run/user/0
tmpfs            396M     0  396M    0% /run/user/1001

-------------------- System load --------------------
Linux 3.10.0-514.26.2.el7.x86_64 (sakura-tokyo-prod) 	2018年03月23日 	_x86_64_	(4 CPU)

00時00分02秒     CPU     %user     %nice   %system   %iowait    %steal     %idle
01時00分02秒     all      0.35      0.00      0.07      0.00      0.03     99.55
02時00分02秒     all      0.85      0.00      0.12      0.01      0.04     98.97
平均値:      all      0.60      0.00      0.10      0.01      0.03     99.26

-------------------- Logged in user --------------------
k7d18058 2018-03-19 19:13
k061d122 2018-03-20 17:56

==================== 2018-03-23 05:55:02 ====================

-------------------- uptime --------------------
 05:55:02 up 259 days, 18:44,  2 users,  load average: 0.01, 0.06, 0.06

-------------------- System info --------------------
Linux sakura-tokyo-prod 3.10.0-514.26.2.el7.x86_64 #1 SMP Tue Jul 4 15:04:05 UTC 2017 x86_64 x86_64 x86_64 GNU/Linux

-------------------- Storage usage --------------------
ファイルシス   サイズ  使用  残り 使用% マウント位置
/dev/vda4         96G  5.8G   90G    6% /
devtmpfs         2.0G     0  2.0G    0% /dev
tmpfs            2.0G     0  2.0G    0% /dev/shm
tmpfs            2.0G  975M 1002M   50% /run
tmpfs            2.0G     0  2.0G    0% /sys/fs/cgroup
/dev/vda2        497M  215M  283M   44% /boot
tmpfs            396M     0  396M    0% /run/user/0
tmpfs            396M     0  396M    0% /run/user/1001

-------------------- System load --------------------
Linux 3.10.0-514.26.2.el7.x86_64 (sakura-tokyo-prod) 	2018年03月23日 	_x86_64_	(4 CPU)

00時00分02秒     CPU     %user     %nice   %system   %iowait    %steal     %idle
01時00分02秒     all      0.35      0.00      0.07      0.00      0.03     99.55
02時00分02秒     all      0.85      0.00      0.12      0.01      0.04     98.97
03時00分03秒     all      0.35      0.00      0.07      0.00      0.04     99.54
04時00分02秒     all      1.17      0.00      0.18      0.02      0.04     98.59
05時00分01秒     all      0.88      0.00      0.13      0.01      0.04     98.94
平均値:      all      0.72      0.00      0.12      0.01      0.04     99.12

-------------------- Logged in user --------------------
k1904067 2018-03-19 19:13
k52520fb 2018-03-20 17:56

==================== 2018-03-23 08:55:01 ====================

-------------------- uptime --------------------
 08:55:01 up 259 days, 21:44,  2 users,  load average: 0.04, 0.03, 0.05

-------------------- System info --------------------
Linux sakura-tokyo-prod 3.10.0-514.26.2.el7.x86_64 #1 SMP Tue Jul 4 15:04:05 UTC 2017 x86_64 x86_64 x86_64 GNU/Linux

-------------------- Storage usage --------------------
ファイルシス   サイズ  使用  残り 使用% マウント位置
/dev/vda4         96G  5.8G   90G    7% /
devtmpfs         2.0G     0  2.0G    0% /dev
tmpfs            2.0G     0  2.0G    0% /dev/shm
tmpfs            2.0G  976M 1001M   50% /run
tmpfs            2.0G     0  2.0G    0% /sys/fs/cgroup
/dev/vda2        497M  215M  283M   44% /boot
tmpfs            396M     0  396M    0% /run/user/0
tmpfs            396M     0  396M    0% /run/user/1001

-------------------- System load --------------------
Linux 3.10.0-514.26.2.el7.x86_64 (sakura-tokyo-prod) 	2018年03月23日 	_x86_64_	(4 CPU)

00時00分02秒     CPU     %user     %nice   %system   %iowait    %steal     %idle
01時00分02秒     all      0.35      0.00      0.07      0.00      0.03     99.55
02時00分02秒     all      0.85      0.00      0.12      0.01      0.04     98.97
03時00分03秒     all      0.35      0.00      0.07      0.00      0.04     99.54
04時00分02秒     all      1.17      0.00      0.18      0.02      0.04     98.59
05時00分01秒     all      0.88      0.00      0.13      0.01      0.04     98.94
06時00分02秒     all      0.63      0.00      0.10      0.00      0.04     99.23
07時00分03秒     all      0.64      0.00      0.11      0.01      0.05     99.20
08時00分02秒     all      0.63      0.00      0.10      0.01      0.05     99.21
平均値:      all      0.69      0.00      0.11      0.01      0.04     99.15

-------------------- Logged in user --------------------
k347ad62 2018-03-19 19:13
kaaa6c93 2018-03-20 17:56

==================== 2018-03-23 11:55:02 ====================

-------------------- uptime --------------------
 11:55:02 up 260 days, 44 min,  2 users,  load average: 0.00, 0.06, 0.07

-------------------- System info --------------------
Linux sakura-tokyo-prod 3.10.0-514.26.2.el7.x86_64 #1 SMP Tue Jul 4 15:04:05 UTC 2017 x86_64 x86_64 x86_64 GNU/Linux

-------------------- Storage usage --------------------
ファイルシス   サイズ  使用  残り 使用% マウント位置
/dev/vda4         96G  5.8G   90G    7% /
devtmpfs         2.0G     0  2.0G    0% /dev
tmpfs            2.0G     0  2.0G    0% /dev/shm
tmpfs            2.0G  976M 1000M   50% /run
tmpfs            2.0G     0  2.0G    0% /sys/fs/cgroup
/dev/vda2        497M  215M  283M   44% /boot
tmpfs            396M     0  396M    0% /run/user/0
tmpfs            396M     0  396M    0% /run/user/1001

-------------------- System load --------------------
Linux 3.10.0-514.26.2.el7.x86_64 (sakura-tokyo-prod) 	2018年03月23日 	_x86_64_	(4 CPU)

00時00分02秒     CPU     %user     %nice   %system   %iowait    %steal     %idle
01時00分02秒     all      0.35      0.00      0.07      0.00      0.03     99.55
02時00分02秒     all      0.85      0.00      0.12      0.01      0.04     98.97
03時00分03秒     all      0.35      0.00      0.07      0.00      0.04     99.54
04時00分02秒     all      1.17      0.00      0.18      0.02      0.04     98.59
05時00分01秒     all      0.88      0.00      0.13      0.01      0.04     98.94
06時00分02秒     all      0.63      0.00      0.10      0.00      0.04     99.23
07時00分03秒     all      0.64      0.00      0.11      0.01      0.05     99.20
08時00分02秒     all      0.63      0.00      0.10      0.01      0.05     99.21
09時00分03秒     all      0.36      0.00      0.07      0.00      0.04     99.52
10時00分02秒     all      0.63      0.00      0.11      0.01      0.04     99.21
11時00分03秒     all      0.36      0.00      0.07      0.00      0.04     99.53
平均値:      all      0.62      0.00      0.10      0.01      0.04     99.23

-------------------- Logged in user --------------------
k38c42ca 2018-03-19 19:13
kcbbbf2a 2018-03-20 17:56

