==================== 2018-03-24 02:55:02 ====================

-------------------- uptime --------------------
 02:55:02 up 260 days, 15:44,  2 users,  load average: 0.00, 0.01, 0.05

-------------------- System info --------------------
Linux sakura-tokyo-prod 3.10.0-514.26.2.el7.x86_64 #1 SMP Tue Jul 4 15:04:05 UTC 2017 x86_64 x86_64 x86_64 GNU/Linux

-------------------- Storage usage --------------------
ファイルシス   サイズ  使用  残り 使用% マウント位置
/dev/vda4         96G  5.8G   90G    6% /
devtmpfs         2.0G     0  2.0G    0% /dev
tmpfs            2.0G     0  2.0G    0% /dev/shm
tmpfs            2.0G  997M  980M   51% /run
tmpfs            2.0G     0  2.0G    0% /sys/fs/cgroup
/dev/vda2        497M  215M  283M   44% /boot
tmpfs            396M     0  396M    0% /run/user/0
tmpfs            396M     0  396M    0% /run/user/1001

-------------------- System load --------------------
Linux 3.10.0-514.26.2.el7.x86_64 (sakura-tokyo-prod) 	2018年03月24日 	_x86_64_	(4 CPU)

00時00分02秒     CPU     %user     %nice   %system   %iowait    %steal     %idle
01時00分02秒     all      1.21      0.00      0.17      0.01      0.05     98.56
02時00分03秒     all      0.65      0.00      0.10      0.00      0.05     99.19
平均値:      all      0.93      0.00      0.14      0.01      0.05     98.87

-------------------- Logged in user --------------------
kfabe756 2018-03-19 19:13
kca56a2d 2018-03-20 17:56

==================== 2018-03-24 05:55:02 ====================

-------------------- uptime --------------------
 05:55:02 up 260 days, 18:44,  2 users,  load average: 0.09, 0.16, 0.10

-------------------- System info --------------------
Linux sakura-tokyo-prod 3.10.0-514.26.2.el7.x86_64 #1 SMP Tue Jul 4 15:04:05 UTC 2017 x86_64 x86_64 x86_64 GNU/Linux

-------------------- Storage usage --------------------
ファイルシス   サイズ  使用  残り 使用% マウント位置
/dev/vda4         96G  5.8G   90G    6% /
devtmpfs         2.0G     0  2.0G    0% /dev
tmpfs            2.0G     0  2.0G    0% /dev/shm
tmpfs            2.0G  997M  980M   51% /run
tmpfs            2.0G     0  2.0G    0% /sys/fs/cgroup
/dev/vda2        497M  215M  283M   44% /boot
tmpfs            396M     0  396M    0% /run/user/0
tmpfs            396M     0  396M    0% /run/user/1001

-------------------- System load --------------------
Linux 3.10.0-514.26.2.el7.x86_64 (sakura-tokyo-prod) 	2018年03月24日 	_x86_64_	(4 CPU)

00時00分02秒     CPU     %user     %nice   %system   %iowait    %steal     %idle
01時00分02秒     all      1.21      0.00      0.17      0.01      0.05     98.56
02時00分03秒     all      0.65      0.00      0.10      0.00      0.05     99.19
03時00分01秒     all      0.39      0.00      0.07      0.00      0.05     99.49
04時00分02秒     all      0.95      0.00      0.15      0.01      0.05     98.84
05時00分02秒     all      0.40      0.00      0.07      0.00      0.04     99.49
平均値:      all      0.72      0.00      0.11      0.01      0.05     99.11

-------------------- Logged in user --------------------
k1702496 2018-03-19 19:13
k0ac84d4 2018-03-20 17:56

==================== 2018-03-24 08:55:02 ====================

-------------------- uptime --------------------
 08:55:02 up 260 days, 21:44,  2 users,  load average: 0.00, 0.01, 0.05

-------------------- System info --------------------
Linux sakura-tokyo-prod 3.10.0-514.26.2.el7.x86_64 #1 SMP Tue Jul 4 15:04:05 UTC 2017 x86_64 x86_64 x86_64 GNU/Linux

-------------------- Storage usage --------------------
ファイルシス   サイズ  使用  残り 使用% マウント位置
/dev/vda4         96G  5.8G   90G    6% /
devtmpfs         2.0G     0  2.0G    0% /dev
tmpfs            2.0G     0  2.0G    0% /dev/shm
tmpfs            2.0G  998M  979M   51% /run
tmpfs            2.0G     0  2.0G    0% /sys/fs/cgroup
/dev/vda2        497M  215M  283M   44% /boot
tmpfs            396M     0  396M    0% /run/user/0
tmpfs            396M     0  396M    0% /run/user/1001

-------------------- System load --------------------
Linux 3.10.0-514.26.2.el7.x86_64 (sakura-tokyo-prod) 	2018年03月24日 	_x86_64_	(4 CPU)

00時00分02秒     CPU     %user     %nice   %system   %iowait    %steal     %idle
01時00分02秒     all      1.21      0.00      0.17      0.01      0.05     98.56
02時00分03秒     all      0.65      0.00      0.10      0.00      0.05     99.19
03時00分01秒     all      0.39      0.00      0.07      0.00      0.05     99.49
04時00分02秒     all      0.95      0.00      0.15      0.01      0.05     98.84
05時00分02秒     all      0.40      0.00      0.07      0.00      0.04     99.49
06時00分02秒     all      0.67      0.00      0.11      0.00      0.06     99.16
07時00分03秒     all      0.82      0.00      0.13      0.01      0.06     98.98
08時00分02秒     all      1.13      0.00      0.17      0.01      0.05     98.64
平均値:      all      0.78      0.00      0.12      0.01      0.05     99.04

-------------------- Logged in user --------------------
k6e70fa7 2018-03-19 19:13
kcb1be20 2018-03-20 17:56

==================== 2018-03-24 11:55:02 ====================

-------------------- uptime --------------------
 11:55:02 up 261 days, 44 min,  2 users,  load average: 0.10, 0.13, 0.09

-------------------- System info --------------------
Linux sakura-tokyo-prod 3.10.0-514.26.2.el7.x86_64 #1 SMP Tue Jul 4 15:04:05 UTC 2017 x86_64 x86_64 x86_64 GNU/Linux

-------------------- Storage usage --------------------
ファイルシス   サイズ  使用  残り 使用% マウント位置
/dev/vda4         96G  5.8G   90G    6% /
devtmpfs         2.0G     0  2.0G    0% /dev
tmpfs            2.0G     0  2.0G    0% /dev/shm
tmpfs            2.0G  999M  978M   51% /run
tmpfs            2.0G     0  2.0G    0% /sys/fs/cgroup
/dev/vda2        497M  215M  283M   44% /boot
tmpfs            396M     0  396M    0% /run/user/0
tmpfs            396M     0  396M    0% /run/user/1001

-------------------- System load --------------------
Linux 3.10.0-514.26.2.el7.x86_64 (sakura-tokyo-prod) 	2018年03月24日 	_x86_64_	(4 CPU)

00時00分02秒     CPU     %user     %nice   %system   %iowait    %steal     %idle
01時00分02秒     all      1.21      0.00      0.17      0.01      0.05     98.56
02時00分03秒     all      0.65      0.00      0.10      0.00      0.05     99.19
03時00分01秒     all      0.39      0.00      0.07      0.00      0.05     99.49
04時00分02秒     all      0.95      0.00      0.15      0.01      0.05     98.84
05時00分02秒     all      0.40      0.00      0.07      0.00      0.04     99.49
06時00分02秒     all      0.67      0.00      0.11      0.00      0.06     99.16
07時00分03秒     all      0.82      0.00      0.13      0.01      0.06     98.98
08時00分02秒     all      1.13      0.00      0.17      0.01      0.05     98.64
09時00分02秒     all      0.45      0.00      0.08      0.00      0.05     99.43
10時00分02秒     all      0.95      0.00      0.13      0.01      0.05     98.86
11時00分02秒     all      0.38      0.00      0.07      0.00      0.04     99.51
平均値:      all      0.73      0.00      0.11      0.01      0.05     99.10

-------------------- Logged in user --------------------
kb16ba28 2018-03-19 19:13
k5c9b329 2018-03-20 17:56

