==================== 2018-03-25 02:55:01 ====================

-------------------- uptime --------------------
 02:55:01 up 261 days, 15:44,  2 users,  load average: 0.00, 0.02, 0.05

-------------------- System info --------------------
Linux sakura-tokyo-prod 3.10.0-514.26.2.el7.x86_64 #1 SMP Tue Jul 4 15:04:05 UTC 2017 x86_64 x86_64 x86_64 GNU/Linux

-------------------- Storage usage --------------------
ファイルシス   サイズ  使用  残り 使用% マウント位置
/dev/vda4         96G  5.8G   90G    6% /
devtmpfs         2.0G     0  2.0G    0% /dev
tmpfs            2.0G     0  2.0G    0% /dev/shm
tmpfs            2.0G 1003M  974M   51% /run
tmpfs            2.0G     0  2.0G    0% /sys/fs/cgroup
/dev/vda2        497M  215M  283M   44% /boot
tmpfs            396M     0  396M    0% /run/user/0
tmpfs            396M     0  396M    0% /run/user/1001

-------------------- System load --------------------
Linux 3.10.0-514.26.2.el7.x86_64 (sakura-tokyo-prod) 	2018年03月25日 	_x86_64_	(4 CPU)

00時00分02秒     CPU     %user     %nice   %system   %iowait    %steal     %idle
01時00分03秒     all      0.64      0.00      0.11      0.01      0.03     99.21
02時00分01秒     all      0.59      0.00      0.10      0.00      0.04     99.26
平均値:      all      0.62      0.00      0.11      0.00      0.04     99.24

-------------------- Logged in user --------------------
k28ecabe 2018-03-19 19:13
kf50429c 2018-03-20 17:56

==================== 2018-03-25 05:55:01 ====================

-------------------- uptime --------------------
 05:55:01 up 261 days, 18:44,  2 users,  load average: 0.07, 0.09, 0.07

-------------------- System info --------------------
Linux sakura-tokyo-prod 3.10.0-514.26.2.el7.x86_64 #1 SMP Tue Jul 4 15:04:05 UTC 2017 x86_64 x86_64 x86_64 GNU/Linux

-------------------- Storage usage --------------------
ファイルシス   サイズ  使用  残り 使用% マウント位置
/dev/vda4         96G  5.8G   90G    6% /
devtmpfs         2.0G     0  2.0G    0% /dev
tmpfs            2.0G     0  2.0G    0% /dev/shm
tmpfs            2.0G 1012M  965M   52% /run
tmpfs            2.0G     0  2.0G    0% /sys/fs/cgroup
/dev/vda2        497M  215M  283M   44% /boot
tmpfs            396M     0  396M    0% /run/user/0
tmpfs            396M     0  396M    0% /run/user/1001

-------------------- System load --------------------
Linux 3.10.0-514.26.2.el7.x86_64 (sakura-tokyo-prod) 	2018年03月25日 	_x86_64_	(4 CPU)

00時00分02秒     CPU     %user     %nice   %system   %iowait    %steal     %idle
01時00分03秒     all      0.64      0.00      0.11      0.01      0.03     99.21
02時00分01秒     all      0.59      0.00      0.10      0.00      0.04     99.26
03時00分03秒     all      0.35      0.00      0.07      0.00      0.04     99.54
04時00分02秒     all      0.77      0.00      0.13      0.01      0.03     99.05
05時00分02秒     all      0.61      0.00      0.10      0.01      0.03     99.25
平均値:      all      0.59      0.00      0.10      0.01      0.04     99.26

-------------------- Logged in user --------------------
k4d2240a 2018-03-19 19:13
k7166e87 2018-03-20 17:56

==================== 2018-03-25 08:55:01 ====================

-------------------- uptime --------------------
 08:55:01 up 261 days, 21:44,  2 users,  load average: 0.01, 0.06, 0.08

-------------------- System info --------------------
Linux sakura-tokyo-prod 3.10.0-514.26.2.el7.x86_64 #1 SMP Tue Jul 4 15:04:05 UTC 2017 x86_64 x86_64 x86_64 GNU/Linux

-------------------- Storage usage --------------------
ファイルシス   サイズ  使用  残り 使用% マウント位置
/dev/vda4         96G  5.8G   90G    6% /
devtmpfs         2.0G     0  2.0G    0% /dev
tmpfs            2.0G     0  2.0G    0% /dev/shm
tmpfs            2.0G 1013M  964M   52% /run
tmpfs            2.0G     0  2.0G    0% /sys/fs/cgroup
/dev/vda2        497M  215M  283M   44% /boot
tmpfs            396M     0  396M    0% /run/user/0
tmpfs            396M     0  396M    0% /run/user/1001

-------------------- System load --------------------
Linux 3.10.0-514.26.2.el7.x86_64 (sakura-tokyo-prod) 	2018年03月25日 	_x86_64_	(4 CPU)

00時00分02秒     CPU     %user     %nice   %system   %iowait    %steal     %idle
01時00分03秒     all      0.64      0.00      0.11      0.01      0.03     99.21
02時00分01秒     all      0.59      0.00      0.10      0.00      0.04     99.26
03時00分03秒     all      0.35      0.00      0.07      0.00      0.04     99.54
04時00分02秒     all      0.77      0.00      0.13      0.01      0.03     99.05
05時00分02秒     all      0.61      0.00      0.10      0.01      0.03     99.25
06時00分02秒     all      0.60      0.00      0.10      0.00      0.04     99.25
07時00分02秒     all      0.94      0.00      0.14      0.01      0.05     98.85
08時00分03秒     all      0.61      0.00      0.11      0.00      0.04     99.23
平均値:      all      0.64      0.00      0.11      0.01      0.04     99.21

-------------------- Logged in user --------------------
ka12358b 2018-03-19 19:13
kf4f2e46 2018-03-20 17:56

==================== 2018-03-25 11:55:02 ====================

-------------------- uptime --------------------
 11:55:02 up 262 days, 44 min,  2 users,  load average: 0.05, 0.08, 0.07

-------------------- System info --------------------
Linux sakura-tokyo-prod 3.10.0-514.26.2.el7.x86_64 #1 SMP Tue Jul 4 15:04:05 UTC 2017 x86_64 x86_64 x86_64 GNU/Linux

-------------------- Storage usage --------------------
ファイルシス   サイズ  使用  残り 使用% マウント位置
/dev/vda4         96G  5.8G   90G    6% /
devtmpfs         2.0G     0  2.0G    0% /dev
tmpfs            2.0G     0  2.0G    0% /dev/shm
tmpfs            2.0G  989M  988M   51% /run
tmpfs            2.0G     0  2.0G    0% /sys/fs/cgroup
/dev/vda2        497M  215M  283M   44% /boot
tmpfs            396M     0  396M    0% /run/user/0
tmpfs            396M     0  396M    0% /run/user/1001

-------------------- System load --------------------
Linux 3.10.0-514.26.2.el7.x86_64 (sakura-tokyo-prod) 	2018年03月25日 	_x86_64_	(4 CPU)

00時00分02秒     CPU     %user     %nice   %system   %iowait    %steal     %idle
01時00分03秒     all      0.64      0.00      0.11      0.01      0.03     99.21
02時00分01秒     all      0.59      0.00      0.10      0.00      0.04     99.26
03時00分03秒     all      0.35      0.00      0.07      0.00      0.04     99.54
04時00分02秒     all      0.77      0.00      0.13      0.01      0.03     99.05
05時00分02秒     all      0.61      0.00      0.10      0.01      0.03     99.25
06時00分02秒     all      0.60      0.00      0.10      0.00      0.04     99.25
07時00分02秒     all      0.94      0.00      0.14      0.01      0.05     98.85
08時00分03秒     all      0.61      0.00      0.11      0.00      0.04     99.23
09時00分03秒     all      0.88      0.00      0.14      0.01      0.05     98.92
10時00分02秒     all      0.64      0.00      0.12      0.01      0.05     99.19
11時00分02秒     all      0.37      0.00      0.08      0.00      0.05     99.50
平均値:      all      0.64      0.00      0.11      0.01      0.04     99.21

-------------------- Logged in user --------------------
k32dbc77 2018-03-19 19:13
k78feb33 2018-03-20 17:56

==================== 2018-03-25 14:55:02 ====================

-------------------- uptime --------------------
 14:55:02 up 262 days,  3:44,  2 users,  load average: 0.00, 0.01, 0.05

-------------------- System info --------------------
Linux sakura-tokyo-prod 3.10.0-514.26.2.el7.x86_64 #1 SMP Tue Jul 4 15:04:05 UTC 2017 x86_64 x86_64 x86_64 GNU/Linux

-------------------- Storage usage --------------------
ファイルシス   サイズ  使用  残り 使用% マウント位置
/dev/vda4         96G  5.8G   90G    6% /
devtmpfs         2.0G     0  2.0G    0% /dev
tmpfs            2.0G     0  2.0G    0% /dev/shm
tmpfs            2.0G  990M  987M   51% /run
tmpfs            2.0G     0  2.0G    0% /sys/fs/cgroup
/dev/vda2        497M  215M  283M   44% /boot
tmpfs            396M     0  396M    0% /run/user/0
tmpfs            396M     0  396M    0% /run/user/1001

-------------------- System load --------------------
Linux 3.10.0-514.26.2.el7.x86_64 (sakura-tokyo-prod) 	2018年03月25日 	_x86_64_	(4 CPU)

00時00分02秒     CPU     %user     %nice   %system   %iowait    %steal     %idle
01時00分03秒     all      0.64      0.00      0.11      0.01      0.03     99.21
02時00分01秒     all      0.59      0.00      0.10      0.00      0.04     99.26
03時00分03秒     all      0.35      0.00      0.07      0.00      0.04     99.54
04時00分02秒     all      0.77      0.00      0.13      0.01      0.03     99.05
05時00分02秒     all      0.61      0.00      0.10      0.01      0.03     99.25
06時00分02秒     all      0.60      0.00      0.10      0.00      0.04     99.25
07時00分02秒     all      0.94      0.00      0.14      0.01      0.05     98.85
08時00分03秒     all      0.61      0.00      0.11      0.00      0.04     99.23
09時00分03秒     all      0.88      0.00      0.14      0.01      0.05     98.92
10時00分02秒     all      0.64      0.00      0.12      0.01      0.05     99.19
11時00分02秒     all      0.37      0.00      0.08      0.00      0.05     99.50
12時00分02秒     all      0.83      0.00      0.12      0.00      0.06     98.99
13時00分03秒     all      1.51      0.00      0.19      0.00      0.08     98.21
14時00分02秒     all      0.62      0.00      0.11      0.00      0.05     99.22
平均値:      all      0.71      0.00      0.12      0.01      0.05     99.12

-------------------- Logged in user --------------------
kd78ce1e 2018-03-19 19:13
k3f145c7 2018-03-20 17:56

==================== 2018-03-25 17:55:02 ====================

-------------------- uptime --------------------
 17:55:02 up 262 days,  6:44,  2 users,  load average: 0.06, 0.09, 0.07

-------------------- System info --------------------
Linux sakura-tokyo-prod 3.10.0-514.26.2.el7.x86_64 #1 SMP Tue Jul 4 15:04:05 UTC 2017 x86_64 x86_64 x86_64 GNU/Linux

-------------------- Storage usage --------------------
ファイルシス   サイズ  使用  残り 使用% マウント位置
/dev/vda4         96G  5.8G   90G    6% /
devtmpfs         2.0G     0  2.0G    0% /dev
tmpfs            2.0G     0  2.0G    0% /dev/shm
tmpfs            2.0G  991M  986M   51% /run
tmpfs            2.0G     0  2.0G    0% /sys/fs/cgroup
/dev/vda2        497M  215M  283M   44% /boot
tmpfs            396M     0  396M    0% /run/user/0
tmpfs            396M     0  396M    0% /run/user/1001

-------------------- System load --------------------
Linux 3.10.0-514.26.2.el7.x86_64 (sakura-tokyo-prod) 	2018年03月25日 	_x86_64_	(4 CPU)

00時00分02秒     CPU     %user     %nice   %system   %iowait    %steal     %idle
01時00分03秒     all      0.64      0.00      0.11      0.01      0.03     99.21
02時00分01秒     all      0.59      0.00      0.10      0.00      0.04     99.26
03時00分03秒     all      0.35      0.00      0.07      0.00      0.04     99.54
04時00分02秒     all      0.77      0.00      0.13      0.01      0.03     99.05
05時00分02秒     all      0.61      0.00      0.10      0.01      0.03     99.25
06時00分02秒     all      0.60      0.00      0.10      0.00      0.04     99.25
07時00分02秒     all      0.94      0.00      0.14      0.01      0.05     98.85
08時00分03秒     all      0.61      0.00      0.11      0.00      0.04     99.23
09時00分03秒     all      0.88      0.00      0.14      0.01      0.05     98.92
10時00分02秒     all      0.64      0.00      0.12      0.01      0.05     99.19
11時00分02秒     all      0.37      0.00      0.08      0.00      0.05     99.50
12時00分02秒     all      0.83      0.00      0.12      0.00      0.06     98.99
13時00分03秒     all      1.51      0.00      0.19      0.00      0.08     98.21
14時00分02秒     all      0.62      0.00      0.11      0.00      0.05     99.22
15時00分02秒     all      0.37      0.00      0.09      0.00      0.06     99.48
16時00分02秒     all      1.15      0.00      0.18      0.01      0.06     98.60
17時00分03秒     all      0.62      0.00      0.12      0.01      0.06     99.20
平均値:      all      0.71      0.00      0.12      0.01      0.05     99.12

-------------------- Logged in user --------------------
kcfc93cd 2018-03-19 19:13
kf55cc1e 2018-03-20 17:56

==================== 2018-03-25 20:55:01 ====================

-------------------- uptime --------------------
 20:55:01 up 262 days,  9:44,  2 users,  load average: 0.00, 0.03, 0.05

-------------------- System info --------------------
Linux sakura-tokyo-prod 3.10.0-514.26.2.el7.x86_64 #1 SMP Tue Jul 4 15:04:05 UTC 2017 x86_64 x86_64 x86_64 GNU/Linux

-------------------- Storage usage --------------------
ファイルシス   サイズ  使用  残り 使用% マウント位置
/dev/vda4         96G  5.8G   90G    6% /
devtmpfs         2.0G     0  2.0G    0% /dev
tmpfs            2.0G     0  2.0G    0% /dev/shm
tmpfs            2.0G  992M  985M   51% /run
tmpfs            2.0G     0  2.0G    0% /sys/fs/cgroup
/dev/vda2        497M  215M  283M   44% /boot
tmpfs            396M     0  396M    0% /run/user/0
tmpfs            396M     0  396M    0% /run/user/1001

-------------------- System load --------------------
Linux 3.10.0-514.26.2.el7.x86_64 (sakura-tokyo-prod) 	2018年03月25日 	_x86_64_	(4 CPU)

00時00分02秒     CPU     %user     %nice   %system   %iowait    %steal     %idle
01時00分03秒     all      0.64      0.00      0.11      0.01      0.03     99.21
02時00分01秒     all      0.59      0.00      0.10      0.00      0.04     99.26
03時00分03秒     all      0.35      0.00      0.07      0.00      0.04     99.54
04時00分02秒     all      0.77      0.00      0.13      0.01      0.03     99.05
05時00分02秒     all      0.61      0.00      0.10      0.01      0.03     99.25
06時00分02秒     all      0.60      0.00      0.10      0.00      0.04     99.25
07時00分02秒     all      0.94      0.00      0.14      0.01      0.05     98.85
08時00分03秒     all      0.61      0.00      0.11      0.00      0.04     99.23
09時00分03秒     all      0.88      0.00      0.14      0.01      0.05     98.92
10時00分02秒     all      0.64      0.00      0.12      0.01      0.05     99.19
11時00分02秒     all      0.37      0.00      0.08      0.00      0.05     99.50
12時00分02秒     all      0.83      0.00      0.12      0.00      0.06     98.99
13時00分03秒     all      1.51      0.00      0.19      0.00      0.08     98.21
14時00分02秒     all      0.62      0.00      0.11      0.00      0.05     99.22
15時00分02秒     all      0.37      0.00      0.09      0.00      0.06     99.48
16時00分02秒     all      1.15      0.00      0.18      0.01      0.06     98.60
17時00分03秒     all      0.62      0.00      0.12      0.01      0.06     99.20
18時00分02秒     all      0.90      0.00      0.16      0.01      0.06     98.87
19時00分03秒     all      0.37      0.00      0.08      0.00      0.05     99.49
20時00分02秒     all      0.62      0.00      0.10      0.00      0.04     99.23
平均値:      all      0.70      0.00      0.12      0.01      0.05     99.13

-------------------- Logged in user --------------------
k15ca3ac 2018-03-19 19:13
k4f33bb5 2018-03-20 17:56

