==================== 2018-03-26 02:55:02 ====================

-------------------- uptime --------------------
 02:55:02 up 262 days, 15:44,  2 users,  load average: 0.07, 0.03, 0.05

-------------------- System info --------------------
Linux sakura-tokyo-prod 3.10.0-514.26.2.el7.x86_64 #1 SMP Tue Jul 4 15:04:05 UTC 2017 x86_64 x86_64 x86_64 GNU/Linux

-------------------- Storage usage --------------------
ファイルシス   サイズ  使用  残り 使用% マウント位置
/dev/vda4         96G  5.8G   90G    7% /
devtmpfs         2.0G     0  2.0G    0% /dev
tmpfs            2.0G     0  2.0G    0% /dev/shm
tmpfs            2.0G  993M  983M   51% /run
tmpfs            2.0G     0  2.0G    0% /sys/fs/cgroup
/dev/vda2        497M  215M  283M   44% /boot
tmpfs            396M     0  396M    0% /run/user/0
tmpfs            396M     0  396M    0% /run/user/1001

-------------------- System load --------------------
Linux 3.10.0-514.26.2.el7.x86_64 (sakura-tokyo-prod) 	2018年03月26日 	_x86_64_	(4 CPU)

00時00分03秒     CPU     %user     %nice   %system   %iowait    %steal     %idle
01時00分02秒     all      0.38      0.00      0.07      0.00      0.04     99.50
02時00分01秒     all      0.86      0.00      0.12      0.01      0.03     98.97
平均値:      all      0.62      0.00      0.10      0.01      0.04     99.24

-------------------- Logged in user --------------------
kff370a8 2018-03-19 19:13
k6093e68 2018-03-20 17:56

==================== 2018-03-26 05:55:01 ====================

-------------------- uptime --------------------
 05:55:01 up 262 days, 18:44,  2 users,  load average: 0.05, 0.09, 0.12

-------------------- System info --------------------
Linux sakura-tokyo-prod 3.10.0-514.26.2.el7.x86_64 #1 SMP Tue Jul 4 15:04:05 UTC 2017 x86_64 x86_64 x86_64 GNU/Linux

-------------------- Storage usage --------------------
ファイルシス   サイズ  使用  残り 使用% マウント位置
/dev/vda4         96G  5.8G   90G    7% /
devtmpfs         2.0G     0  2.0G    0% /dev
tmpfs            2.0G     0  2.0G    0% /dev/shm
tmpfs            2.0G  994M  983M   51% /run
tmpfs            2.0G     0  2.0G    0% /sys/fs/cgroup
/dev/vda2        497M  215M  283M   44% /boot
tmpfs            396M     0  396M    0% /run/user/0
tmpfs            396M     0  396M    0% /run/user/1001

-------------------- System load --------------------
Linux 3.10.0-514.26.2.el7.x86_64 (sakura-tokyo-prod) 	2018年03月26日 	_x86_64_	(4 CPU)

00時00分03秒     CPU     %user     %nice   %system   %iowait    %steal     %idle
01時00分02秒     all      0.38      0.00      0.07      0.00      0.04     99.50
02時00分01秒     all      0.86      0.00      0.12      0.01      0.03     98.97
03時00分02秒     all      0.61      0.00      0.10      0.00      0.04     99.24
04時00分02秒     all      0.86      0.00      0.13      0.01      0.05     98.94
05時00分02秒     all      0.71      0.00      0.11      0.00      0.05     99.13
平均値:      all      0.68      0.00      0.11      0.01      0.05     99.16

-------------------- Logged in user --------------------
kde921b6 2018-03-19 19:13
kdf4a62e 2018-03-20 17:56

==================== 2018-03-26 08:55:02 ====================

-------------------- uptime --------------------
 08:55:02 up 262 days, 21:44,  2 users,  load average: 0.02, 0.03, 0.05

-------------------- System info --------------------
Linux sakura-tokyo-prod 3.10.0-514.26.2.el7.x86_64 #1 SMP Tue Jul 4 15:04:05 UTC 2017 x86_64 x86_64 x86_64 GNU/Linux

-------------------- Storage usage --------------------
ファイルシス   サイズ  使用  残り 使用% マウント位置
/dev/vda4         96G  5.8G   90G    6% /
devtmpfs         2.0G     0  2.0G    0% /dev
tmpfs            2.0G     0  2.0G    0% /dev/shm
tmpfs            2.0G  995M  982M   51% /run
tmpfs            2.0G     0  2.0G    0% /sys/fs/cgroup
/dev/vda2        497M  215M  283M   44% /boot
tmpfs            396M     0  396M    0% /run/user/0
tmpfs            396M     0  396M    0% /run/user/1001

-------------------- System load --------------------
Linux 3.10.0-514.26.2.el7.x86_64 (sakura-tokyo-prod) 	2018年03月26日 	_x86_64_	(4 CPU)

00時00分03秒     CPU     %user     %nice   %system   %iowait    %steal     %idle
01時00分02秒     all      0.38      0.00      0.07      0.00      0.04     99.50
02時00分01秒     all      0.86      0.00      0.12      0.01      0.03     98.97
03時00分02秒     all      0.61      0.00      0.10      0.00      0.04     99.24
04時00分02秒     all      0.86      0.00      0.13      0.01      0.05     98.94
05時00分02秒     all      0.71      0.00      0.11      0.00      0.05     99.13
06時00分02秒     all      1.43      0.00      0.20      0.01      0.07     98.29
07時00分01秒     all      1.25      0.00      0.17      0.01      0.07     98.50
08時00分02秒     all      1.21      0.00      0.16      0.00      0.08     98.55
平均値:      all      0.91      0.00      0.13      0.01      0.06     98.89

-------------------- Logged in user --------------------
k43f3de2 2018-03-19 19:13
k24d2e06 2018-03-20 17:56

==================== 2018-03-26 11:55:01 ====================

-------------------- uptime --------------------
 11:55:01 up 263 days, 44 min,  2 users,  load average: 0.00, 0.03, 0.05

-------------------- System info --------------------
Linux sakura-tokyo-prod 3.10.0-514.26.2.el7.x86_64 #1 SMP Tue Jul 4 15:04:05 UTC 2017 x86_64 x86_64 x86_64 GNU/Linux

-------------------- Storage usage --------------------
ファイルシス   サイズ  使用  残り 使用% マウント位置
/dev/vda4         96G  5.8G   90G    6% /
devtmpfs         2.0G     0  2.0G    0% /dev
tmpfs            2.0G     0  2.0G    0% /dev/shm
tmpfs            2.0G  996M  981M   51% /run
tmpfs            2.0G     0  2.0G    0% /sys/fs/cgroup
/dev/vda2        497M  215M  283M   44% /boot
tmpfs            396M     0  396M    0% /run/user/0
tmpfs            396M     0  396M    0% /run/user/1001

-------------------- System load --------------------
Linux 3.10.0-514.26.2.el7.x86_64 (sakura-tokyo-prod) 	2018年03月26日 	_x86_64_	(4 CPU)

00時00分03秒     CPU     %user     %nice   %system   %iowait    %steal     %idle
01時00分02秒     all      0.38      0.00      0.07      0.00      0.04     99.50
02時00分01秒     all      0.86      0.00      0.12      0.01      0.03     98.97
03時00分02秒     all      0.61      0.00      0.10      0.00      0.04     99.24
04時00分02秒     all      0.86      0.00      0.13      0.01      0.05     98.94
05時00分02秒     all      0.71      0.00      0.11      0.00      0.05     99.13
06時00分02秒     all      1.43      0.00      0.20      0.01      0.07     98.29
07時00分01秒     all      1.25      0.00      0.17      0.01      0.07     98.50
08時00分02秒     all      1.21      0.00      0.16      0.00      0.08     98.55
09時00分03秒     all      0.46      0.00      0.08      0.00      0.05     99.40
10時00分03秒     all      0.62      0.00      0.11      0.01      0.07     99.20
11時00分02秒     all      0.89      0.00      0.14      0.01      0.06     98.90
平均値:      all      0.84      0.00      0.13      0.01      0.06     98.97

-------------------- Logged in user --------------------
kbd1379f 2018-03-19 19:13
k35d3647 2018-03-20 17:56

