==================== 2018-03-27 02:55:02 ====================

-------------------- uptime --------------------
 02:55:02 up 263 days, 15:44,  2 users,  load average: 0.04, 0.04, 0.05

-------------------- System info --------------------
Linux sakura-tokyo-prod 3.10.0-514.26.2.el7.x86_64 #1 SMP Tue Jul 4 15:04:05 UTC 2017 x86_64 x86_64 x86_64 GNU/Linux

-------------------- Storage usage --------------------
ファイルシス   サイズ  使用  残り 使用% マウント位置
/dev/vda4         96G  5.8G   90G    6% /
devtmpfs         2.0G     0  2.0G    0% /dev
tmpfs            2.0G     0  2.0G    0% /dev/shm
tmpfs            2.0G 1016M  961M   52% /run
tmpfs            2.0G     0  2.0G    0% /sys/fs/cgroup
/dev/vda2        497M  215M  283M   44% /boot
tmpfs            396M     0  396M    0% /run/user/0
tmpfs            396M     0  396M    0% /run/user/1001

-------------------- System load --------------------
Linux 3.10.0-514.26.2.el7.x86_64 (sakura-tokyo-prod) 	2018年03月27日 	_x86_64_	(4 CPU)

00時00分03秒     CPU     %user     %nice   %system   %iowait    %steal     %idle
01時00分02秒     all      1.22      0.00      0.20      0.02      0.04     98.52
02時00分02秒     all      0.63      0.00      0.12      0.01      0.04     99.20
平均値:      all      0.93      0.00      0.16      0.01      0.04     98.86

-------------------- Logged in user --------------------
k4b6972f 2018-03-19 19:13
kea29fbe 2018-03-20 17:56

==================== 2018-03-27 05:55:01 ====================

-------------------- uptime --------------------
 05:55:01 up 263 days, 18:44,  2 users,  load average: 0.01, 0.04, 0.05

-------------------- System info --------------------
Linux sakura-tokyo-prod 3.10.0-514.26.2.el7.x86_64 #1 SMP Tue Jul 4 15:04:05 UTC 2017 x86_64 x86_64 x86_64 GNU/Linux

-------------------- Storage usage --------------------
ファイルシス   サイズ  使用  残り 使用% マウント位置
/dev/vda4         96G  5.8G   90G    6% /
devtmpfs         2.0G     0  2.0G    0% /dev
tmpfs            2.0G     0  2.0G    0% /dev/shm
tmpfs            2.0G 1017M  960M   52% /run
tmpfs            2.0G     0  2.0G    0% /sys/fs/cgroup
/dev/vda2        497M  215M  283M   44% /boot
tmpfs            396M     0  396M    0% /run/user/0
tmpfs            396M     0  396M    0% /run/user/1001

-------------------- System load --------------------
Linux 3.10.0-514.26.2.el7.x86_64 (sakura-tokyo-prod) 	2018年03月27日 	_x86_64_	(4 CPU)

00時00分03秒     CPU     %user     %nice   %system   %iowait    %steal     %idle
01時00分02秒     all      1.22      0.00      0.20      0.02      0.04     98.52
02時00分02秒     all      0.63      0.00      0.12      0.01      0.04     99.20
03時00分03秒     all      0.36      0.00      0.07      0.00      0.05     99.52
04時00分02秒     all      0.61      0.00      0.11      0.00      0.05     99.23
05時00分02秒     all      0.40      0.00      0.08      0.00      0.04     99.47
平均値:      all      0.64      0.00      0.12      0.01      0.04     99.19

-------------------- Logged in user --------------------
k7171b82 2018-03-19 19:13
kf69334a 2018-03-20 17:56

==================== 2018-03-27 08:55:02 ====================

-------------------- uptime --------------------
 08:55:02 up 263 days, 21:44,  2 users,  load average: 0.06, 0.05, 0.05

-------------------- System info --------------------
Linux sakura-tokyo-prod 3.10.0-514.26.2.el7.x86_64 #1 SMP Tue Jul 4 15:04:05 UTC 2017 x86_64 x86_64 x86_64 GNU/Linux

-------------------- Storage usage --------------------
ファイルシス   サイズ  使用  残り 使用% マウント位置
/dev/vda4         96G  5.8G   90G    6% /
devtmpfs         2.0G     0  2.0G    0% /dev
tmpfs            2.0G     0  2.0G    0% /dev/shm
tmpfs            2.0G 1017M  959M   52% /run
tmpfs            2.0G     0  2.0G    0% /sys/fs/cgroup
/dev/vda2        497M  215M  283M   44% /boot
tmpfs            396M     0  396M    0% /run/user/0
tmpfs            396M     0  396M    0% /run/user/1001

-------------------- System load --------------------
Linux 3.10.0-514.26.2.el7.x86_64 (sakura-tokyo-prod) 	2018年03月27日 	_x86_64_	(4 CPU)

00時00分03秒     CPU     %user     %nice   %system   %iowait    %steal     %idle
01時00分02秒     all      1.22      0.00      0.20      0.02      0.04     98.52
02時00分02秒     all      0.63      0.00      0.12      0.01      0.04     99.20
03時00分03秒     all      0.36      0.00      0.07      0.00      0.05     99.52
04時00分02秒     all      0.61      0.00      0.11      0.00      0.05     99.23
05時00分02秒     all      0.40      0.00      0.08      0.00      0.04     99.47
06時00分03秒     all      0.65      0.00      0.11      0.00      0.08     99.15
07時00分02秒     all      0.68      0.00      0.12      0.01      0.06     99.14
08時00分03秒     all      0.41      0.00      0.08      0.00      0.05     99.46
平均値:      all      0.62      0.00      0.11      0.01      0.05     99.21

-------------------- Logged in user --------------------
k172c792 2018-03-19 19:13
k93f55a6 2018-03-20 17:56

