==================== 2018-03-28 02:55:02 ====================

-------------------- uptime --------------------
 02:55:02 up 264 days, 15:44,  0 users,  load average: 0.00, 0.01, 0.05

-------------------- System info --------------------
Linux sakura-tokyo-prod 3.10.0-514.26.2.el7.x86_64 #1 SMP Tue Jul 4 15:04:05 UTC 2017 x86_64 x86_64 x86_64 GNU/Linux

-------------------- Storage usage --------------------
ファイルシス   サイズ  使用  残り 使用% マウント位置
/dev/vda4         96G  5.8G   90G    6% /
devtmpfs         2.0G     0  2.0G    0% /dev
tmpfs            2.0G     0  2.0G    0% /dev/shm
tmpfs            2.0G 1022M  955M   52% /run
tmpfs            2.0G     0  2.0G    0% /sys/fs/cgroup
/dev/vda2        497M  215M  283M   44% /boot
tmpfs            396M     0  396M    0% /run/user/0
tmpfs            396M     0  396M    0% /run/user/1001

-------------------- System load --------------------
Linux 3.10.0-514.26.2.el7.x86_64 (sakura-tokyo-prod) 	2018年03月28日 	_x86_64_	(4 CPU)

00時00分02秒     CPU     %user     %nice   %system   %iowait    %steal     %idle
01時00分03秒     all      0.44      0.00      0.08      0.00      0.04     99.44
02時00分02秒     all      0.68      0.00      0.10      0.00      0.04     99.17
平均値:      all      0.56      0.00      0.09      0.00      0.04     99.30

-------------------- Logged in user --------------------


==================== 2018-03-28 05:55:02 ====================

-------------------- uptime --------------------
 05:55:02 up 264 days, 18:44,  0 users,  load average: 0.00, 0.01, 0.05

-------------------- System info --------------------
Linux sakura-tokyo-prod 3.10.0-514.26.2.el7.x86_64 #1 SMP Tue Jul 4 15:04:05 UTC 2017 x86_64 x86_64 x86_64 GNU/Linux

-------------------- Storage usage --------------------
ファイルシス   サイズ  使用  残り 使用% マウント位置
/dev/vda4         96G  5.8G   90G    6% /
devtmpfs         2.0G     0  2.0G    0% /dev
tmpfs            2.0G     0  2.0G    0% /dev/shm
tmpfs            2.0G  1.1G  946M   53% /run
tmpfs            2.0G     0  2.0G    0% /sys/fs/cgroup
/dev/vda2        497M  215M  283M   44% /boot
tmpfs            396M     0  396M    0% /run/user/0
tmpfs            396M     0  396M    0% /run/user/1001

-------------------- System load --------------------
Linux 3.10.0-514.26.2.el7.x86_64 (sakura-tokyo-prod) 	2018年03月28日 	_x86_64_	(4 CPU)

00時00分02秒     CPU     %user     %nice   %system   %iowait    %steal     %idle
01時00分03秒     all      0.44      0.00      0.08      0.00      0.04     99.44
02時00分02秒     all      0.68      0.00      0.10      0.00      0.04     99.17
03時00分02秒     all      0.41      0.00      0.07      0.00      0.04     99.48
04時00分03秒     all      1.51      0.00      0.22      0.02      0.05     98.20
05時00分02秒     all      0.67      0.00      0.11      0.00      0.05     99.17
平均値:      all      0.74      0.00      0.12      0.01      0.04     99.09

-------------------- Logged in user --------------------


==================== 2018-03-28 08:55:01 ====================

-------------------- uptime --------------------
 08:55:01 up 264 days, 21:44,  0 users,  load average: 0.00, 0.01, 0.05

-------------------- System info --------------------
Linux sakura-tokyo-prod 3.10.0-514.26.2.el7.x86_64 #1 SMP Tue Jul 4 15:04:05 UTC 2017 x86_64 x86_64 x86_64 GNU/Linux

-------------------- Storage usage --------------------
ファイルシス   サイズ  使用  残り 使用% マウント位置
/dev/vda4         96G  5.8G   90G    6% /
devtmpfs         2.0G     0  2.0G    0% /dev
tmpfs            2.0G     0  2.0G    0% /dev/shm
tmpfs            2.0G  1.1G  945M   53% /run
tmpfs            2.0G     0  2.0G    0% /sys/fs/cgroup
/dev/vda2        497M  215M  283M   44% /boot
tmpfs            396M     0  396M    0% /run/user/0
tmpfs            396M     0  396M    0% /run/user/1001

-------------------- System load --------------------
Linux 3.10.0-514.26.2.el7.x86_64 (sakura-tokyo-prod) 	2018年03月28日 	_x86_64_	(4 CPU)

00時00分02秒     CPU     %user     %nice   %system   %iowait    %steal     %idle
01時00分03秒     all      0.44      0.00      0.08      0.00      0.04     99.44
02時00分02秒     all      0.68      0.00      0.10      0.00      0.04     99.17
03時00分02秒     all      0.41      0.00      0.07      0.00      0.04     99.48
04時00分03秒     all      1.51      0.00      0.22      0.02      0.05     98.20
05時00分02秒     all      0.67      0.00      0.11      0.00      0.05     99.17
06時00分03秒     all      0.75      0.00      0.12      0.01      0.06     99.08
07時00分03秒     all      0.69      0.00      0.11      0.01      0.05     99.14
08時00分02秒     all      0.95      0.00      0.13      0.01      0.06     98.85
平均値:      all      0.76      0.00      0.12      0.01      0.05     99.06

-------------------- Logged in user --------------------


==================== 2018-03-28 11:55:02 ====================

-------------------- uptime --------------------
 11:55:02 up 265 days, 44 min,  0 users,  load average: 0.00, 0.01, 0.05

-------------------- System info --------------------
Linux sakura-tokyo-prod 3.10.0-514.26.2.el7.x86_64 #1 SMP Tue Jul 4 15:04:05 UTC 2017 x86_64 x86_64 x86_64 GNU/Linux

-------------------- Storage usage --------------------
ファイルシス   サイズ  使用  残り 使用% マウント位置
/dev/vda4         96G  5.8G   90G    6% /
devtmpfs         2.0G     0  2.0G    0% /dev
tmpfs            2.0G     0  2.0G    0% /dev/shm
tmpfs            2.0G  1.1G  944M   53% /run
tmpfs            2.0G     0  2.0G    0% /sys/fs/cgroup
/dev/vda2        497M  215M  283M   44% /boot
tmpfs            396M     0  396M    0% /run/user/0
tmpfs            396M     0  396M    0% /run/user/1001

-------------------- System load --------------------
Linux 3.10.0-514.26.2.el7.x86_64 (sakura-tokyo-prod) 	2018年03月28日 	_x86_64_	(4 CPU)

00時00分02秒     CPU     %user     %nice   %system   %iowait    %steal     %idle
01時00分03秒     all      0.44      0.00      0.08      0.00      0.04     99.44
02時00分02秒     all      0.68      0.00      0.10      0.00      0.04     99.17
03時00分02秒     all      0.41      0.00      0.07      0.00      0.04     99.48
04時00分03秒     all      1.51      0.00      0.22      0.02      0.05     98.20
05時00分02秒     all      0.67      0.00      0.11      0.00      0.05     99.17
06時00分03秒     all      0.75      0.00      0.12      0.01      0.06     99.08
07時00分03秒     all      0.69      0.00      0.11      0.01      0.05     99.14
08時00分02秒     all      0.95      0.00      0.13      0.01      0.06     98.85
09時00分03秒     all      0.40      0.00      0.07      0.00      0.05     99.48
10時00分02秒     all      0.94      0.00      0.14      0.01      0.06     98.86
11時00分03秒     all      0.43      0.00      0.07      0.00      0.06     99.44
平均値:      all      0.71      0.00      0.11      0.01      0.05     99.12

-------------------- Logged in user --------------------


==================== 2018-03-28 14:55:02 ====================

-------------------- uptime --------------------
 14:55:02 up 265 days,  3:44,  0 users,  load average: 0.05, 0.05, 0.05

-------------------- System info --------------------
Linux sakura-tokyo-prod 3.10.0-514.26.2.el7.x86_64 #1 SMP Tue Jul 4 15:04:05 UTC 2017 x86_64 x86_64 x86_64 GNU/Linux

-------------------- Storage usage --------------------
ファイルシス   サイズ  使用  残り 使用% マウント位置
/dev/vda4         96G  5.8G   90G    6% /
devtmpfs         2.0G     0  2.0G    0% /dev
tmpfs            2.0G     0  2.0G    0% /dev/shm
tmpfs            2.0G 1010M  967M   52% /run
tmpfs            2.0G     0  2.0G    0% /sys/fs/cgroup
/dev/vda2        497M  215M  283M   44% /boot
tmpfs            396M     0  396M    0% /run/user/0
tmpfs            396M     0  396M    0% /run/user/1001

-------------------- System load --------------------
Linux 3.10.0-514.26.2.el7.x86_64 (sakura-tokyo-prod) 	2018年03月28日 	_x86_64_	(4 CPU)

00時00分02秒     CPU     %user     %nice   %system   %iowait    %steal     %idle
01時00分03秒     all      0.44      0.00      0.08      0.00      0.04     99.44
02時00分02秒     all      0.68      0.00      0.10      0.00      0.04     99.17
03時00分02秒     all      0.41      0.00      0.07      0.00      0.04     99.48
04時00分03秒     all      1.51      0.00      0.22      0.02      0.05     98.20
05時00分02秒     all      0.67      0.00      0.11      0.00      0.05     99.17
06時00分03秒     all      0.75      0.00      0.12      0.01      0.06     99.08
07時00分03秒     all      0.69      0.00      0.11      0.01      0.05     99.14
08時00分02秒     all      0.95      0.00      0.13      0.01      0.06     98.85
09時00分03秒     all      0.40      0.00      0.07      0.00      0.05     99.48
10時00分02秒     all      0.94      0.00      0.14      0.01      0.06     98.86
11時00分03秒     all      0.43      0.00      0.07      0.00      0.06     99.44
12時00分02秒     all      0.96      0.00      0.14      0.01      0.05     98.84
13時00分02秒     all      0.70      0.00      0.10      0.00      0.05     99.14
14時00分03秒     all      0.69      0.00      0.11      0.01      0.06     99.13
平均値:      all      0.73      0.00      0.11      0.01      0.05     99.10

-------------------- Logged in user --------------------


==================== 2018-03-28 17:55:01 ====================

-------------------- uptime --------------------
 17:55:01 up 265 days,  6:44,  0 users,  load average: 0.00, 0.01, 0.05

-------------------- System info --------------------
Linux sakura-tokyo-prod 3.10.0-514.26.2.el7.x86_64 #1 SMP Tue Jul 4 15:04:05 UTC 2017 x86_64 x86_64 x86_64 GNU/Linux

-------------------- Storage usage --------------------
ファイルシス   サイズ  使用  残り 使用% マウント位置
/dev/vda4         96G  5.8G   90G    6% /
devtmpfs         2.0G     0  2.0G    0% /dev
tmpfs            2.0G     0  2.0G    0% /dev/shm
tmpfs            2.0G 1010M  967M   52% /run
tmpfs            2.0G     0  2.0G    0% /sys/fs/cgroup
/dev/vda2        497M  215M  283M   44% /boot
tmpfs            396M     0  396M    0% /run/user/0
tmpfs            396M     0  396M    0% /run/user/1001

-------------------- System load --------------------
Linux 3.10.0-514.26.2.el7.x86_64 (sakura-tokyo-prod) 	2018年03月28日 	_x86_64_	(4 CPU)

00時00分02秒     CPU     %user     %nice   %system   %iowait    %steal     %idle
01時00分03秒     all      0.44      0.00      0.08      0.00      0.04     99.44
02時00分02秒     all      0.68      0.00      0.10      0.00      0.04     99.17
03時00分02秒     all      0.41      0.00      0.07      0.00      0.04     99.48
04時00分03秒     all      1.51      0.00      0.22      0.02      0.05     98.20
05時00分02秒     all      0.67      0.00      0.11      0.00      0.05     99.17
06時00分03秒     all      0.75      0.00      0.12      0.01      0.06     99.08
07時00分03秒     all      0.69      0.00      0.11      0.01      0.05     99.14
08時00分02秒     all      0.95      0.00      0.13      0.01      0.06     98.85
09時00分03秒     all      0.40      0.00      0.07      0.00      0.05     99.48
10時00分02秒     all      0.94      0.00      0.14      0.01      0.06     98.86
11時00分03秒     all      0.43      0.00      0.07      0.00      0.06     99.44
12時00分02秒     all      0.96      0.00      0.14      0.01      0.05     98.84
13時00分02秒     all      0.70      0.00      0.10      0.00      0.05     99.14
14時00分03秒     all      0.69      0.00      0.11      0.01      0.06     99.13
15時00分02秒     all      0.68      0.00      0.10      0.00      0.07     99.14
16時00分02秒     all      0.92      0.00      0.15      0.01      0.06     98.87
17時00分02秒     all      0.44      0.00      0.08      0.00      0.06     99.42
平均値:      all      0.72      0.00      0.11      0.01      0.05     99.11

-------------------- Logged in user --------------------


==================== 2018-03-28 20:55:02 ====================

-------------------- uptime --------------------
 20:55:02 up 265 days,  9:44,  0 users,  load average: 0.11, 0.06, 0.05

-------------------- System info --------------------
Linux sakura-tokyo-prod 3.10.0-514.26.2.el7.x86_64 #1 SMP Tue Jul 4 15:04:05 UTC 2017 x86_64 x86_64 x86_64 GNU/Linux

-------------------- Storage usage --------------------
ファイルシス   サイズ  使用  残り 使用% マウント位置
/dev/vda4         96G  5.8G   90G    6% /
devtmpfs         2.0G     0  2.0G    0% /dev
tmpfs            2.0G     0  2.0G    0% /dev/shm
tmpfs            2.0G 1011M  966M   52% /run
tmpfs            2.0G     0  2.0G    0% /sys/fs/cgroup
/dev/vda2        497M  215M  283M   44% /boot
tmpfs            396M     0  396M    0% /run/user/0
tmpfs            396M     0  396M    0% /run/user/1001

-------------------- System load --------------------
Linux 3.10.0-514.26.2.el7.x86_64 (sakura-tokyo-prod) 	2018年03月28日 	_x86_64_	(4 CPU)

00時00分02秒     CPU     %user     %nice   %system   %iowait    %steal     %idle
01時00分03秒     all      0.44      0.00      0.08      0.00      0.04     99.44
02時00分02秒     all      0.68      0.00      0.10      0.00      0.04     99.17
03時00分02秒     all      0.41      0.00      0.07      0.00      0.04     99.48
04時00分03秒     all      1.51      0.00      0.22      0.02      0.05     98.20
05時00分02秒     all      0.67      0.00      0.11      0.00      0.05     99.17
06時00分03秒     all      0.75      0.00      0.12      0.01      0.06     99.08
07時00分03秒     all      0.69      0.00      0.11      0.01      0.05     99.14
08時00分02秒     all      0.95      0.00      0.13      0.01      0.06     98.85
09時00分03秒     all      0.40      0.00      0.07      0.00      0.05     99.48
10時00分02秒     all      0.94      0.00      0.14      0.01      0.06     98.86
11時00分03秒     all      0.43      0.00      0.07      0.00      0.06     99.44
12時00分02秒     all      0.96      0.00      0.14      0.01      0.05     98.84
13時00分02秒     all      0.70      0.00      0.10      0.00      0.05     99.14
14時00分03秒     all      0.69      0.00      0.11      0.01      0.06     99.13
15時00分02秒     all      0.68      0.00      0.10      0.00      0.07     99.14
16時00分02秒     all      0.92      0.00      0.15      0.01      0.06     98.87
17時00分02秒     all      0.44      0.00      0.08      0.00      0.06     99.42
18時00分03秒     all      0.67      0.00      0.10      0.00      0.06     99.16
19時00分02秒     all      0.96      0.00      0.15      0.01      0.05     98.83
20時00分02秒     all      1.20      0.00      0.16      0.01      0.05     98.57
平均値:      all      0.75      0.00      0.12      0.01      0.05     99.07

-------------------- Logged in user --------------------


