==================== 2018-03-29 02:55:01 ====================

-------------------- uptime --------------------
 02:55:01 up 265 days, 15:44,  0 users,  load average: 0.30, 0.14, 0.09

-------------------- System info --------------------
Linux sakura-tokyo-prod 3.10.0-514.26.2.el7.x86_64 #1 SMP Tue Jul 4 15:04:05 UTC 2017 x86_64 x86_64 x86_64 GNU/Linux

-------------------- Storage usage --------------------
ファイルシス   サイズ  使用  残り 使用% マウント位置
/dev/vda4         96G  5.8G   90G    6% /
devtmpfs         2.0G     0  2.0G    0% /dev
tmpfs            2.0G     0  2.0G    0% /dev/shm
tmpfs            2.0G 1013M  964M   52% /run
tmpfs            2.0G     0  2.0G    0% /sys/fs/cgroup
/dev/vda2        497M  215M  283M   44% /boot
tmpfs            396M     0  396M    0% /run/user/0
tmpfs            396M     0  396M    0% /run/user/1001

-------------------- System load --------------------
Linux 3.10.0-514.26.2.el7.x86_64 (sakura-tokyo-prod) 	2018年03月29日 	_x86_64_	(4 CPU)

00時00分03秒     CPU     %user     %nice   %system   %iowait    %steal     %idle
01時00分02秒     all      0.66      0.00      0.11      0.00      0.07     99.16
02時00分02秒     all      0.94      0.00      0.13      0.01      0.06     98.87
平均値:      all      0.80      0.00      0.12      0.01      0.07     99.01

-------------------- Logged in user --------------------


==================== 2018-03-29 05:55:01 ====================

-------------------- uptime --------------------
 05:55:01 up 265 days, 18:44,  0 users,  load average: 0.00, 0.01, 0.05

-------------------- System info --------------------
Linux sakura-tokyo-prod 3.10.0-514.26.2.el7.x86_64 #1 SMP Tue Jul 4 15:04:05 UTC 2017 x86_64 x86_64 x86_64 GNU/Linux

-------------------- Storage usage --------------------
ファイルシス   サイズ  使用  残り 使用% マウント位置
/dev/vda4         96G  5.8G   90G    6% /
devtmpfs         2.0G     0  2.0G    0% /dev
tmpfs            2.0G     0  2.0G    0% /dev/shm
tmpfs            2.0G 1014M  963M   52% /run
tmpfs            2.0G     0  2.0G    0% /sys/fs/cgroup
/dev/vda2        497M  215M  283M   44% /boot
tmpfs            396M     0  396M    0% /run/user/0
tmpfs            396M     0  396M    0% /run/user/1001

-------------------- System load --------------------
Linux 3.10.0-514.26.2.el7.x86_64 (sakura-tokyo-prod) 	2018年03月29日 	_x86_64_	(4 CPU)

00時00分03秒     CPU     %user     %nice   %system   %iowait    %steal     %idle
01時00分02秒     all      0.66      0.00      0.11      0.00      0.07     99.16
02時00分02秒     all      0.94      0.00      0.13      0.01      0.06     98.87
03時00分02秒     all      0.64      0.00      0.10      0.00      0.06     99.19
04時00分02秒     all      0.65      0.00      0.10      0.00      0.07     99.18
05時00分02秒     all      0.66      0.00      0.10      0.01      0.06     99.17
平均値:      all      0.71      0.00      0.11      0.01      0.06     99.11

-------------------- Logged in user --------------------


==================== 2018-03-29 08:55:01 ====================

-------------------- uptime --------------------
 08:55:01 up 265 days, 21:44,  0 users,  load average: 0.00, 0.01, 0.05

-------------------- System info --------------------
Linux sakura-tokyo-prod 3.10.0-514.26.2.el7.x86_64 #1 SMP Tue Jul 4 15:04:05 UTC 2017 x86_64 x86_64 x86_64 GNU/Linux

-------------------- Storage usage --------------------
ファイルシス   サイズ  使用  残り 使用% マウント位置
/dev/vda4         96G  5.8G   90G    6% /
devtmpfs         2.0G     0  2.0G    0% /dev
tmpfs            2.0G     0  2.0G    0% /dev/shm
tmpfs            2.0G 1014M  963M   52% /run
tmpfs            2.0G     0  2.0G    0% /sys/fs/cgroup
/dev/vda2        497M  215M  283M   44% /boot
tmpfs            396M     0  396M    0% /run/user/0
tmpfs            396M     0  396M    0% /run/user/1001

-------------------- System load --------------------
Linux 3.10.0-514.26.2.el7.x86_64 (sakura-tokyo-prod) 	2018年03月29日 	_x86_64_	(4 CPU)

00時00分03秒     CPU     %user     %nice   %system   %iowait    %steal     %idle
01時00分02秒     all      0.66      0.00      0.11      0.00      0.07     99.16
02時00分02秒     all      0.94      0.00      0.13      0.01      0.06     98.87
03時00分02秒     all      0.64      0.00      0.10      0.00      0.06     99.19
04時00分02秒     all      0.65      0.00      0.10      0.00      0.07     99.18
05時00分02秒     all      0.66      0.00      0.10      0.01      0.06     99.17
06時00分02秒     all      0.65      0.00      0.09      0.00      0.07     99.19
07時00分03秒     all      2.33      0.00      0.33      0.04      0.10     97.21
08時00分02秒     all      1.45      0.00      0.22      0.02      0.08     98.23
平均値:      all      1.00      0.00      0.15      0.01      0.07     98.77

-------------------- Logged in user --------------------


==================== 2018-03-29 11:55:02 ====================

-------------------- uptime --------------------
 11:55:02 up 266 days, 44 min,  1 user,  load average: 0.04, 0.06, 0.05

-------------------- System info --------------------
Linux sakura-tokyo-prod 3.10.0-514.26.2.el7.x86_64 #1 SMP Tue Jul 4 15:04:05 UTC 2017 x86_64 x86_64 x86_64 GNU/Linux

-------------------- Storage usage --------------------
ファイルシス   サイズ  使用  残り 使用% マウント位置
/dev/vda4         96G  5.8G   90G    6% /
devtmpfs         2.0G     0  2.0G    0% /dev
tmpfs            2.0G     0  2.0G    0% /dev/shm
tmpfs            2.0G 1015M  962M   52% /run
tmpfs            2.0G     0  2.0G    0% /sys/fs/cgroup
/dev/vda2        497M  215M  283M   44% /boot
tmpfs            396M     0  396M    0% /run/user/0
tmpfs            396M     0  396M    0% /run/user/1001

-------------------- System load --------------------
Linux 3.10.0-514.26.2.el7.x86_64 (sakura-tokyo-prod) 	2018年03月29日 	_x86_64_	(4 CPU)

00時00分03秒     CPU     %user     %nice   %system   %iowait    %steal     %idle
01時00分02秒     all      0.66      0.00      0.11      0.00      0.07     99.16
02時00分02秒     all      0.94      0.00      0.13      0.01      0.06     98.87
03時00分02秒     all      0.64      0.00      0.10      0.00      0.06     99.19
04時00分02秒     all      0.65      0.00      0.10      0.00      0.07     99.18
05時00分02秒     all      0.66      0.00      0.10      0.01      0.06     99.17
06時00分02秒     all      0.65      0.00      0.09      0.00      0.07     99.19
07時00分03秒     all      2.33      0.00      0.33      0.04      0.10     97.21
08時00分02秒     all      1.45      0.00      0.22      0.02      0.08     98.23
09時00分02秒     all      0.68      0.00      0.10      0.01      0.08     99.13
10時00分02秒     all      0.69      0.00      0.11      0.01      0.09     99.10
11時00分02秒     all      0.41      0.00      0.07      0.00      0.07     99.45
平均値:      all      0.89      0.00      0.13      0.01      0.07     98.90

-------------------- Logged in user --------------------
k9fab414 2018-03-29 11:50

==================== 2018-03-29 14:55:02 ====================

-------------------- uptime --------------------
 14:55:02 up 266 days,  3:44,  0 users,  load average: 0.00, 0.01, 0.05

-------------------- System info --------------------
Linux sakura-tokyo-prod 3.10.0-514.26.2.el7.x86_64 #1 SMP Tue Jul 4 15:04:05 UTC 2017 x86_64 x86_64 x86_64 GNU/Linux

-------------------- Storage usage --------------------
ファイルシス   サイズ  使用  残り 使用% マウント位置
/dev/vda4         96G  5.8G   90G    6% /
devtmpfs         2.0G     0  2.0G    0% /dev
tmpfs            2.0G     0  2.0G    0% /dev/shm
tmpfs            2.0G 1016M  961M   52% /run
tmpfs            2.0G     0  2.0G    0% /sys/fs/cgroup
/dev/vda2        497M  215M  283M   44% /boot
tmpfs            396M     0  396M    0% /run/user/0
tmpfs            396M     0  396M    0% /run/user/1001

-------------------- System load --------------------
Linux 3.10.0-514.26.2.el7.x86_64 (sakura-tokyo-prod) 	2018年03月29日 	_x86_64_	(4 CPU)

00時00分03秒     CPU     %user     %nice   %system   %iowait    %steal     %idle
01時00分02秒     all      0.66      0.00      0.11      0.00      0.07     99.16
02時00分02秒     all      0.94      0.00      0.13      0.01      0.06     98.87
03時00分02秒     all      0.64      0.00      0.10      0.00      0.06     99.19
04時00分02秒     all      0.65      0.00      0.10      0.00      0.07     99.18
05時00分02秒     all      0.66      0.00      0.10      0.01      0.06     99.17
06時00分02秒     all      0.65      0.00      0.09      0.00      0.07     99.19
07時00分03秒     all      2.33      0.00      0.33      0.04      0.10     97.21
08時00分02秒     all      1.45      0.00      0.22      0.02      0.08     98.23
09時00分02秒     all      0.68      0.00      0.10      0.01      0.08     99.13
10時00分02秒     all      0.69      0.00      0.11      0.01      0.09     99.10
11時00分02秒     all      0.41      0.00      0.07      0.00      0.07     99.45
12時00分02秒     all      0.65      0.00      0.11      0.01      0.08     99.16
13時00分02秒     all      0.41      0.00      0.08      0.00      0.08     99.43
14時00分02秒     all      0.93      0.00      0.13      0.01      0.08     98.86
平均値:      all      0.84      0.00      0.13      0.01      0.08     98.95

-------------------- Logged in user --------------------


