==================== 2018-03-30 02:55:01 ====================

-------------------- uptime --------------------
 02:55:01 up 266 days, 15:44,  1 user,  load average: 0.00, 0.01, 0.05

-------------------- System info --------------------
Linux sakura-tokyo-prod 3.10.0-514.26.2.el7.x86_64 #1 SMP Tue Jul 4 15:04:05 UTC 2017 x86_64 x86_64 x86_64 GNU/Linux

-------------------- Storage usage --------------------
ファイルシス   サイズ  使用  残り 使用% マウント位置
/dev/vda4         96G  5.8G   90G    6% /
devtmpfs         2.0G     0  2.0G    0% /dev
tmpfs            2.0G     0  2.0G    0% /dev/shm
tmpfs            2.0G  1.1G  942M   53% /run
tmpfs            2.0G     0  2.0G    0% /sys/fs/cgroup
/dev/vda2        497M  215M  283M   44% /boot
tmpfs            396M     0  396M    0% /run/user/0
tmpfs            396M     0  396M    0% /run/user/1001

-------------------- System load --------------------
Linux 3.10.0-514.26.2.el7.x86_64 (sakura-tokyo-prod) 	2018年03月30日 	_x86_64_	(4 CPU)

00時00分03秒     CPU     %user     %nice   %system   %iowait    %steal     %idle
01時00分02秒     all      0.40      0.00      0.08      0.00      0.06     99.47
02時00分03秒     all      0.66      0.00      0.11      0.00      0.06     99.17
平均値:      all      0.53      0.00      0.09      0.00      0.06     99.32

-------------------- Logged in user --------------------
k4c959e0 2018-03-30 01:57

