==================== 2018-08-01 02:55:01 ====================

-------------------- uptime --------------------
 02:55:01 up 390 days, 15:44,  0 users,  load average: 0.37, 0.28, 0.16

-------------------- System info --------------------
Linux sakura-tokyo-prod 3.10.0-514.26.2.el7.x86_64 #1 SMP Tue Jul 4 15:04:05 UTC 2017 x86_64 x86_64 x86_64 GNU/Linux

-------------------- Storage usage --------------------
ファイルシス   サイズ  使用  残り 使用% マウント位置
/dev/vda4         96G  6.8G   89G    8% /
devtmpfs         2.0G     0  2.0G    0% /dev
tmpfs            2.0G     0  2.0G    0% /dev/shm
tmpfs            2.0G  1.2G  776M   61% /run
tmpfs            2.0G     0  2.0G    0% /sys/fs/cgroup
/dev/vda2        497M  217M  280M   44% /boot
tmpfs            396M     0  396M    0% /run/user/0
tmpfs            396M     0  396M    0% /run/user/1001

-------------------- System load --------------------
Linux 3.10.0-514.26.2.el7.x86_64 (sakura-tokyo-prod) 	2018年08月01日 	_x86_64_	(4 CPU)

00時00分02秒     CPU     %user     %nice   %system   %iowait    %steal     %idle
01時00分02秒     all      0.89      0.00      0.18      0.01      0.04     98.88
02時00分02秒     all      0.36      0.00      0.09      0.00      0.04     99.51
平均値:      all      0.62      0.00      0.13      0.01      0.04     99.20

-------------------- Logged in user --------------------


==================== 2018-08-01 05:55:01 ====================

-------------------- uptime --------------------
 05:55:01 up 390 days, 18:44,  0 users,  load average: 0.04, 0.05, 0.05

-------------------- System info --------------------
Linux sakura-tokyo-prod 3.10.0-514.26.2.el7.x86_64 #1 SMP Tue Jul 4 15:04:05 UTC 2017 x86_64 x86_64 x86_64 GNU/Linux

-------------------- Storage usage --------------------
ファイルシス   サイズ  使用  残り 使用% マウント位置
/dev/vda4         96G  6.8G   89G    8% /
devtmpfs         2.0G     0  2.0G    0% /dev
tmpfs            2.0G     0  2.0G    0% /dev/shm
tmpfs            2.0G  1.2G  776M   61% /run
tmpfs            2.0G     0  2.0G    0% /sys/fs/cgroup
/dev/vda2        497M  217M  280M   44% /boot
tmpfs            396M     0  396M    0% /run/user/0
tmpfs            396M     0  396M    0% /run/user/1001

-------------------- System load --------------------
Linux 3.10.0-514.26.2.el7.x86_64 (sakura-tokyo-prod) 	2018年08月01日 	_x86_64_	(4 CPU)

00時00分02秒     CPU     %user     %nice   %system   %iowait    %steal     %idle
01時00分02秒     all      0.89      0.00      0.18      0.01      0.04     98.88
02時00分02秒     all      0.36      0.00      0.09      0.00      0.04     99.51
03時00分02秒     all      2.10      0.00      0.38      0.03      0.04     97.45
04時00分02秒     all      0.35      0.00      0.08      0.01      0.04     99.52
05時00分02秒     all      1.38      0.00      0.27      0.02      0.06     98.27
平均値:      all      1.02      0.00      0.20      0.01      0.04     98.73

-------------------- Logged in user --------------------


==================== 2018-08-01 08:55:01 ====================

-------------------- uptime --------------------
 08:55:01 up 390 days, 21:44,  0 users,  load average: 0.14, 0.13, 0.08

-------------------- System info --------------------
Linux sakura-tokyo-prod 3.10.0-514.26.2.el7.x86_64 #1 SMP Tue Jul 4 15:04:05 UTC 2017 x86_64 x86_64 x86_64 GNU/Linux

-------------------- Storage usage --------------------
ファイルシス   サイズ  使用  残り 使用% マウント位置
/dev/vda4         96G  6.8G   89G    8% /
devtmpfs         2.0G     0  2.0G    0% /dev
tmpfs            2.0G     0  2.0G    0% /dev/shm
tmpfs            2.0G  1.2G  776M   61% /run
tmpfs            2.0G     0  2.0G    0% /sys/fs/cgroup
/dev/vda2        497M  217M  280M   44% /boot
tmpfs            396M     0  396M    0% /run/user/0
tmpfs            396M     0  396M    0% /run/user/1001

-------------------- System load --------------------
Linux 3.10.0-514.26.2.el7.x86_64 (sakura-tokyo-prod) 	2018年08月01日 	_x86_64_	(4 CPU)

00時00分02秒     CPU     %user     %nice   %system   %iowait    %steal     %idle
01時00分02秒     all      0.89      0.00      0.18      0.01      0.04     98.88
02時00分02秒     all      0.36      0.00      0.09      0.00      0.04     99.51
03時00分02秒     all      2.10      0.00      0.38      0.03      0.04     97.45
04時00分02秒     all      0.35      0.00      0.08      0.01      0.04     99.52
05時00分02秒     all      1.38      0.00      0.27      0.02      0.06     98.27
06時00分02秒     all      0.62      0.00      0.13      0.01      0.05     99.18
07時00分02秒     all      0.36      0.00      0.09      0.00      0.05     99.50
08時00分02秒     all      0.34      0.00      0.08      0.00      0.04     99.53
平均値:      all      0.80      0.00      0.16      0.01      0.05     98.98

-------------------- Logged in user --------------------


==================== 2018-08-01 11:55:01 ====================

-------------------- uptime --------------------
 11:55:01 up 391 days, 44 min,  1 user,  load average: 0.00, 0.01, 0.05

-------------------- System info --------------------
Linux sakura-tokyo-prod 3.10.0-514.26.2.el7.x86_64 #1 SMP Tue Jul 4 15:04:05 UTC 2017 x86_64 x86_64 x86_64 GNU/Linux

-------------------- Storage usage --------------------
ファイルシス   サイズ  使用  残り 使用% マウント位置
/dev/vda4         96G  6.8G   89G    8% /
devtmpfs         2.0G     0  2.0G    0% /dev
tmpfs            2.0G     0  2.0G    0% /dev/shm
tmpfs            2.0G  1.2G  776M   61% /run
tmpfs            2.0G     0  2.0G    0% /sys/fs/cgroup
/dev/vda2        497M  217M  280M   44% /boot
tmpfs            396M     0  396M    0% /run/user/0
tmpfs            396M     0  396M    0% /run/user/1001

-------------------- System load --------------------
Linux 3.10.0-514.26.2.el7.x86_64 (sakura-tokyo-prod) 	2018年08月01日 	_x86_64_	(4 CPU)

00時00分02秒     CPU     %user     %nice   %system   %iowait    %steal     %idle
01時00分02秒     all      0.89      0.00      0.18      0.01      0.04     98.88
02時00分02秒     all      0.36      0.00      0.09      0.00      0.04     99.51
03時00分02秒     all      2.10      0.00      0.38      0.03      0.04     97.45
04時00分02秒     all      0.35      0.00      0.08      0.01      0.04     99.52
05時00分02秒     all      1.38      0.00      0.27      0.02      0.06     98.27
06時00分02秒     all      0.62      0.00      0.13      0.01      0.05     99.18
07時00分02秒     all      0.36      0.00      0.09      0.00      0.05     99.50
08時00分02秒     all      0.34      0.00      0.08      0.00      0.04     99.53
09時00分02秒     all      0.89      0.00      0.18      0.01      0.05     98.87
10時00分02秒     all      0.10      0.00      0.05      0.00      0.05     99.81
11時00分02秒     all      0.34      0.00      0.09      0.00      0.05     99.52
平均値:      all      0.70      0.00      0.15      0.01      0.05     99.09

-------------------- Logged in user --------------------
k00a6f27 2018-08-01 09:47

==================== 2018-08-01 14:55:01 ====================

-------------------- uptime --------------------
 14:55:01 up 391 days,  3:44,  1 user,  load average: 0.00, 0.01, 0.05

-------------------- System info --------------------
Linux sakura-tokyo-prod 3.10.0-514.26.2.el7.x86_64 #1 SMP Tue Jul 4 15:04:05 UTC 2017 x86_64 x86_64 x86_64 GNU/Linux

-------------------- Storage usage --------------------
ファイルシス   サイズ  使用  残り 使用% マウント位置
/dev/vda4         96G  6.8G   89G    8% /
devtmpfs         2.0G     0  2.0G    0% /dev
tmpfs            2.0G     0  2.0G    0% /dev/shm
tmpfs            2.0G  1.2G  784M   61% /run
tmpfs            2.0G     0  2.0G    0% /sys/fs/cgroup
/dev/vda2        497M  217M  280M   44% /boot
tmpfs            396M     0  396M    0% /run/user/0
tmpfs            396M     0  396M    0% /run/user/1001

-------------------- System load --------------------
Linux 3.10.0-514.26.2.el7.x86_64 (sakura-tokyo-prod) 	2018年08月01日 	_x86_64_	(4 CPU)

00時00分02秒     CPU     %user     %nice   %system   %iowait    %steal     %idle
01時00分02秒     all      0.89      0.00      0.18      0.01      0.04     98.88
02時00分02秒     all      0.36      0.00      0.09      0.00      0.04     99.51
03時00分02秒     all      2.10      0.00      0.38      0.03      0.04     97.45
04時00分02秒     all      0.35      0.00      0.08      0.01      0.04     99.52
05時00分02秒     all      1.38      0.00      0.27      0.02      0.06     98.27
06時00分02秒     all      0.62      0.00      0.13      0.01      0.05     99.18
07時00分02秒     all      0.36      0.00      0.09      0.00      0.05     99.50
08時00分02秒     all      0.34      0.00      0.08      0.00      0.04     99.53
09時00分02秒     all      0.89      0.00      0.18      0.01      0.05     98.87
10時00分02秒     all      0.10      0.00      0.05      0.00      0.05     99.81
11時00分02秒     all      0.34      0.00      0.09      0.00      0.05     99.52
12時00分02秒     all      0.09      0.00      0.05      0.00      0.05     99.81
13時00分02秒     all      3.12      0.00      0.52      0.04      0.08     96.23
14時00分02秒     all      0.09      0.00      0.04      0.00      0.05     99.82
平均値:      all      0.79      0.00      0.16      0.01      0.05     98.99

-------------------- Logged in user --------------------
kd9f1313 2018-08-01 09:47

