==================== 2018-08-05 02:55:01 ====================

-------------------- uptime --------------------
 02:55:01 up 394 days, 15:44,  1 user,  load average: 0.00, 0.04, 0.05

-------------------- System info --------------------
Linux sakura-tokyo-prod 3.10.0-514.26.2.el7.x86_64 #1 SMP Tue Jul 4 15:04:05 UTC 2017 x86_64 x86_64 x86_64 GNU/Linux

-------------------- Storage usage --------------------
ファイルシス   サイズ  使用  残り 使用% マウント位置
/dev/vda4         96G  6.8G   89G    8% /
devtmpfs         2.0G     0  2.0G    0% /dev
tmpfs            2.0G     0  2.0G    0% /dev/shm
tmpfs            2.0G  1.2G  781M   61% /run
tmpfs            2.0G     0  2.0G    0% /sys/fs/cgroup
/dev/vda2        497M  217M  280M   44% /boot
tmpfs            396M     0  396M    0% /run/user/0
tmpfs            396M     0  396M    0% /run/user/1001

-------------------- System load --------------------
Linux 3.10.0-514.26.2.el7.x86_64 (sakura-tokyo-prod) 	2018年08月05日 	_x86_64_	(4 CPU)

00時00分02秒     CPU     %user     %nice   %system   %iowait    %steal     %idle
01時00分03秒     all      0.12      0.00      0.05      0.00      0.05     99.78
02時00分02秒     all      0.62      0.00      0.13      0.01      0.08     99.16
平均値:      all      0.37      0.00      0.09      0.00      0.07     99.47

-------------------- Logged in user --------------------
k35b24df 2018-08-04 13:58

==================== 2018-08-05 05:55:02 ====================

-------------------- uptime --------------------
 05:55:02 up 394 days, 18:44,  1 user,  load average: 0.09, 0.08, 0.08

-------------------- System info --------------------
Linux sakura-tokyo-prod 3.10.0-514.26.2.el7.x86_64 #1 SMP Tue Jul 4 15:04:05 UTC 2017 x86_64 x86_64 x86_64 GNU/Linux

-------------------- Storage usage --------------------
ファイルシス   サイズ  使用  残り 使用% マウント位置
/dev/vda4         96G  6.8G   89G    8% /
devtmpfs         2.0G     0  2.0G    0% /dev
tmpfs            2.0G     0  2.0G    0% /dev/shm
tmpfs            2.0G  1.2G  781M   61% /run
tmpfs            2.0G     0  2.0G    0% /sys/fs/cgroup
/dev/vda2        497M  217M  280M   44% /boot
tmpfs            396M     0  396M    0% /run/user/0
tmpfs            396M     0  396M    0% /run/user/1001

-------------------- System load --------------------
Linux 3.10.0-514.26.2.el7.x86_64 (sakura-tokyo-prod) 	2018年08月05日 	_x86_64_	(4 CPU)

00時00分02秒     CPU     %user     %nice   %system   %iowait    %steal     %idle
01時00分03秒     all      0.12      0.00      0.05      0.00      0.05     99.78
02時00分02秒     all      0.62      0.00      0.13      0.01      0.08     99.16
03時00分02秒     all      0.35      0.00      0.08      0.00      0.06     99.50
04時00分02秒     all      0.93      0.00      0.18      0.01      0.05     98.82
05時00分02秒     all      0.37      0.00      0.09      0.00      0.05     99.48
平均値:      all      0.48      0.00      0.11      0.01      0.06     99.35

-------------------- Logged in user --------------------
k1e53068 2018-08-04 13:58

==================== 2018-08-05 08:55:01 ====================

-------------------- uptime --------------------
 08:55:01 up 394 days, 21:44,  1 user,  load average: 0.00, 0.01, 0.05

-------------------- System info --------------------
Linux sakura-tokyo-prod 3.10.0-514.26.2.el7.x86_64 #1 SMP Tue Jul 4 15:04:05 UTC 2017 x86_64 x86_64 x86_64 GNU/Linux

-------------------- Storage usage --------------------
ファイルシス   サイズ  使用  残り 使用% マウント位置
/dev/vda4         96G  6.8G   89G    8% /
devtmpfs         2.0G     0  2.0G    0% /dev
tmpfs            2.0G     0  2.0G    0% /dev/shm
tmpfs            2.0G  1.2G  780M   61% /run
tmpfs            2.0G     0  2.0G    0% /sys/fs/cgroup
/dev/vda2        497M  217M  280M   44% /boot
tmpfs            396M     0  396M    0% /run/user/0
tmpfs            396M     0  396M    0% /run/user/1001

-------------------- System load --------------------
Linux 3.10.0-514.26.2.el7.x86_64 (sakura-tokyo-prod) 	2018年08月05日 	_x86_64_	(4 CPU)

00時00分02秒     CPU     %user     %nice   %system   %iowait    %steal     %idle
01時00分03秒     all      0.12      0.00      0.05      0.00      0.05     99.78
02時00分02秒     all      0.62      0.00      0.13      0.01      0.08     99.16
03時00分02秒     all      0.35      0.00      0.08      0.00      0.06     99.50
04時00分02秒     all      0.93      0.00      0.18      0.01      0.05     98.82
05時00分02秒     all      0.37      0.00      0.09      0.00      0.05     99.48
06時00分02秒     all      1.17      0.00      0.22      0.02      0.05     98.55
07時00分02秒     all      0.11      0.00      0.06      0.00      0.03     99.80
08時00分02秒     all      0.35      0.00      0.09      0.00      0.03     99.52
平均値:      all      0.50      0.00      0.11      0.01      0.05     99.33

-------------------- Logged in user --------------------
k4f4af9b 2018-08-04 13:58

==================== 2018-08-05 11:55:01 ====================

-------------------- uptime --------------------
 11:55:01 up 395 days, 44 min,  1 user,  load average: 0.00, 0.01, 0.05

-------------------- System info --------------------
Linux sakura-tokyo-prod 3.10.0-514.26.2.el7.x86_64 #1 SMP Tue Jul 4 15:04:05 UTC 2017 x86_64 x86_64 x86_64 GNU/Linux

-------------------- Storage usage --------------------
ファイルシス   サイズ  使用  残り 使用% マウント位置
/dev/vda4         96G  6.8G   89G    8% /
devtmpfs         2.0G     0  2.0G    0% /dev
tmpfs            2.0G     0  2.0G    0% /dev/shm
tmpfs            2.0G  1.2G  780M   61% /run
tmpfs            2.0G     0  2.0G    0% /sys/fs/cgroup
/dev/vda2        497M  217M  280M   44% /boot
tmpfs            396M     0  396M    0% /run/user/0
tmpfs            396M     0  396M    0% /run/user/1001

-------------------- System load --------------------
Linux 3.10.0-514.26.2.el7.x86_64 (sakura-tokyo-prod) 	2018年08月05日 	_x86_64_	(4 CPU)

00時00分02秒     CPU     %user     %nice   %system   %iowait    %steal     %idle
01時00分03秒     all      0.12      0.00      0.05      0.00      0.05     99.78
02時00分02秒     all      0.62      0.00      0.13      0.01      0.08     99.16
03時00分02秒     all      0.35      0.00      0.08      0.00      0.06     99.50
04時00分02秒     all      0.93      0.00      0.18      0.01      0.05     98.82
05時00分02秒     all      0.37      0.00      0.09      0.00      0.05     99.48
06時00分02秒     all      1.17      0.00      0.22      0.02      0.05     98.55
07時00分02秒     all      0.11      0.00      0.06      0.00      0.03     99.80
08時00分02秒     all      0.35      0.00      0.09      0.00      0.03     99.52
09時00分02秒     all      0.09      0.00      0.05      0.00      0.04     99.82
10時00分02秒     all      0.61      0.00      0.13      0.01      0.04     99.21
11時00分02秒     all      0.64      0.00      0.14      0.01      0.04     99.18
平均値:      all      0.49      0.00      0.11      0.01      0.05     99.35

-------------------- Logged in user --------------------
kec59b2f 2018-08-04 13:58

