==================== 2018-08-06 02:55:01 ====================

-------------------- uptime --------------------
 02:55:01 up 395 days, 15:44,  1 user,  load average: 0.06, 0.21, 0.23

-------------------- System info --------------------
Linux sakura-tokyo-prod 3.10.0-514.26.2.el7.x86_64 #1 SMP Tue Jul 4 15:04:05 UTC 2017 x86_64 x86_64 x86_64 GNU/Linux

-------------------- Storage usage --------------------
ファイルシス   サイズ  使用  残り 使用% マウント位置
/dev/vda4         96G  6.8G   89G    8% /
devtmpfs         2.0G     0  2.0G    0% /dev
tmpfs            2.0G     0  2.0G    0% /dev/shm
tmpfs            2.0G  1.2G  780M   61% /run
tmpfs            2.0G     0  2.0G    0% /sys/fs/cgroup
/dev/vda2        497M  217M  280M   44% /boot
tmpfs            396M     0  396M    0% /run/user/0
tmpfs            396M     0  396M    0% /run/user/1001

-------------------- System load --------------------
Linux 3.10.0-514.26.2.el7.x86_64 (sakura-tokyo-prod) 	2018年08月06日 	_x86_64_	(4 CPU)

00時00分02秒     CPU     %user     %nice   %system   %iowait    %steal     %idle
01時00分02秒     all      7.41      0.00      1.10      0.12      0.09     91.28
02時00分02秒     all      7.56      0.00      1.10      0.12      0.09     91.13
平均値:      all      7.49      0.00      1.10      0.12      0.09     91.21

-------------------- Logged in user --------------------
kf2a9bc9 2018-08-06 02:16

==================== 2018-08-06 05:55:01 ====================

-------------------- uptime --------------------
 05:55:01 up 395 days, 18:44,  1 user,  load average: 0.01, 0.05, 0.05

-------------------- System info --------------------
Linux sakura-tokyo-prod 3.10.0-514.26.2.el7.x86_64 #1 SMP Tue Jul 4 15:04:05 UTC 2017 x86_64 x86_64 x86_64 GNU/Linux

-------------------- Storage usage --------------------
ファイルシス   サイズ  使用  残り 使用% マウント位置
/dev/vda4         96G  6.8G   89G    8% /
devtmpfs         2.0G     0  2.0G    0% /dev
tmpfs            2.0G     0  2.0G    0% /dev/shm
tmpfs            2.0G  1.2G  780M   61% /run
tmpfs            2.0G     0  2.0G    0% /sys/fs/cgroup
/dev/vda2        497M  217M  280M   44% /boot
tmpfs            396M     0  396M    0% /run/user/0
tmpfs            396M     0  396M    0% /run/user/1001

-------------------- System load --------------------
Linux 3.10.0-514.26.2.el7.x86_64 (sakura-tokyo-prod) 	2018年08月06日 	_x86_64_	(4 CPU)

00時00分02秒     CPU     %user     %nice   %system   %iowait    %steal     %idle
01時00分02秒     all      7.41      0.00      1.10      0.12      0.09     91.28
02時00分02秒     all      7.56      0.00      1.10      0.12      0.09     91.13
03時00分03秒     all      7.38      0.00      1.08      0.12      0.11     91.31
04時00分02秒     all      4.30      0.00      0.66      0.07      0.08     94.89
05時00分02秒     all      1.07      0.00      0.21      0.02      0.05     98.65
平均値:      all      5.54      0.00      0.83      0.09      0.08     93.45

-------------------- Logged in user --------------------
ka0e9b31 2018-08-06 02:16

==================== 2018-08-06 08:55:01 ====================

-------------------- uptime --------------------
 08:55:01 up 395 days, 21:44,  1 user,  load average: 0.00, 0.03, 0.05

-------------------- System info --------------------
Linux sakura-tokyo-prod 3.10.0-514.26.2.el7.x86_64 #1 SMP Tue Jul 4 15:04:05 UTC 2017 x86_64 x86_64 x86_64 GNU/Linux

-------------------- Storage usage --------------------
ファイルシス   サイズ  使用  残り 使用% マウント位置
/dev/vda4         96G  6.8G   89G    8% /
devtmpfs         2.0G     0  2.0G    0% /dev
tmpfs            2.0G     0  2.0G    0% /dev/shm
tmpfs            2.0G  1.2G  780M   61% /run
tmpfs            2.0G     0  2.0G    0% /sys/fs/cgroup
/dev/vda2        497M  217M  280M   44% /boot
tmpfs            396M     0  396M    0% /run/user/0
tmpfs            396M     0  396M    0% /run/user/1001

-------------------- System load --------------------
Linux 3.10.0-514.26.2.el7.x86_64 (sakura-tokyo-prod) 	2018年08月06日 	_x86_64_	(4 CPU)

00時00分02秒     CPU     %user     %nice   %system   %iowait    %steal     %idle
01時00分02秒     all      7.41      0.00      1.10      0.12      0.09     91.28
02時00分02秒     all      7.56      0.00      1.10      0.12      0.09     91.13
03時00分03秒     all      7.38      0.00      1.08      0.12      0.11     91.31
04時00分02秒     all      4.30      0.00      0.66      0.07      0.08     94.89
05時00分02秒     all      1.07      0.00      0.21      0.02      0.05     98.65
06時00分03秒     all      0.63      0.00      0.13      0.01      0.05     99.19
07時00分02秒     all      0.40      0.00      0.10      0.01      0.06     99.43
08時00分02秒     all      0.34      0.00      0.08      0.00      0.05     99.52
平均値:      all      3.63      0.00      0.56      0.06      0.07     95.68

-------------------- Logged in user --------------------
ke79343b 2018-08-06 02:16

==================== 2018-08-06 11:55:01 ====================

-------------------- uptime --------------------
 11:55:01 up 396 days, 44 min,  1 user,  load average: 0.01, 0.04, 0.05

-------------------- System info --------------------
Linux sakura-tokyo-prod 3.10.0-514.26.2.el7.x86_64 #1 SMP Tue Jul 4 15:04:05 UTC 2017 x86_64 x86_64 x86_64 GNU/Linux

-------------------- Storage usage --------------------
ファイルシス   サイズ  使用  残り 使用% マウント位置
/dev/vda4         96G  6.8G   89G    8% /
devtmpfs         2.0G     0  2.0G    0% /dev
tmpfs            2.0G     0  2.0G    0% /dev/shm
tmpfs            2.0G  1.2G  780M   61% /run
tmpfs            2.0G     0  2.0G    0% /sys/fs/cgroup
/dev/vda2        497M  217M  280M   44% /boot
tmpfs            396M     0  396M    0% /run/user/0
tmpfs            396M     0  396M    0% /run/user/1001

-------------------- System load --------------------
Linux 3.10.0-514.26.2.el7.x86_64 (sakura-tokyo-prod) 	2018年08月06日 	_x86_64_	(4 CPU)

00時00分02秒     CPU     %user     %nice   %system   %iowait    %steal     %idle
01時00分02秒     all      7.41      0.00      1.10      0.12      0.09     91.28
02時00分02秒     all      7.56      0.00      1.10      0.12      0.09     91.13
03時00分03秒     all      7.38      0.00      1.08      0.12      0.11     91.31
04時00分02秒     all      4.30      0.00      0.66      0.07      0.08     94.89
05時00分02秒     all      1.07      0.00      0.21      0.02      0.05     98.65
06時00分03秒     all      0.63      0.00      0.13      0.01      0.05     99.19
07時00分02秒     all      0.40      0.00      0.10      0.01      0.06     99.43
08時00分02秒     all      0.34      0.00      0.08      0.00      0.05     99.52
09時00分02秒     all      0.35      0.00      0.09      0.01      0.06     99.49
10時00分02秒     all      0.92      0.00      0.18      0.01      0.06     98.82
11時00分02秒     all      0.63      0.00      0.14      0.01      0.07     99.15
平均値:      all      2.82      0.00      0.44      0.04      0.07     96.63

-------------------- Logged in user --------------------
k6723542 2018-08-06 02:16

==================== 2018-08-06 14:55:01 ====================

-------------------- uptime --------------------
 14:55:01 up 396 days,  3:44,  1 user,  load average: 0.00, 0.04, 0.05

-------------------- System info --------------------
Linux sakura-tokyo-prod 3.10.0-514.26.2.el7.x86_64 #1 SMP Tue Jul 4 15:04:05 UTC 2017 x86_64 x86_64 x86_64 GNU/Linux

-------------------- Storage usage --------------------
ファイルシス   サイズ  使用  残り 使用% マウント位置
/dev/vda4         96G  6.8G   89G    8% /
devtmpfs         2.0G     0  2.0G    0% /dev
tmpfs            2.0G     0  2.0G    0% /dev/shm
tmpfs            2.0G  1.2G  771M   61% /run
tmpfs            2.0G     0  2.0G    0% /sys/fs/cgroup
/dev/vda2        497M  217M  280M   44% /boot
tmpfs            396M     0  396M    0% /run/user/0
tmpfs            396M     0  396M    0% /run/user/1001

-------------------- System load --------------------
Linux 3.10.0-514.26.2.el7.x86_64 (sakura-tokyo-prod) 	2018年08月06日 	_x86_64_	(4 CPU)

00時00分02秒     CPU     %user     %nice   %system   %iowait    %steal     %idle
01時00分02秒     all      7.41      0.00      1.10      0.12      0.09     91.28
02時00分02秒     all      7.56      0.00      1.10      0.12      0.09     91.13
03時00分03秒     all      7.38      0.00      1.08      0.12      0.11     91.31
04時00分02秒     all      4.30      0.00      0.66      0.07      0.08     94.89
05時00分02秒     all      1.07      0.00      0.21      0.02      0.05     98.65
06時00分03秒     all      0.63      0.00      0.13      0.01      0.05     99.19
07時00分02秒     all      0.40      0.00      0.10      0.01      0.06     99.43
08時00分02秒     all      0.34      0.00      0.08      0.00      0.05     99.52
09時00分02秒     all      0.35      0.00      0.09      0.01      0.06     99.49
10時00分02秒     all      0.92      0.00      0.18      0.01      0.06     98.82
11時00分02秒     all      0.63      0.00      0.14      0.01      0.07     99.15
12時00分02秒     all      0.13      0.00      0.06      0.00      0.06     99.74
13時00分03秒     all      1.03      0.00      0.19      0.01      0.09     98.68
14時00分02秒     all      0.36      0.00      0.09      0.01      0.06     99.49
平均値:      all      2.32      0.00      0.37      0.04      0.07     97.20

-------------------- Logged in user --------------------
k64e11d7 2018-08-06 02:16

==================== 2018-08-06 17:55:01 ====================

-------------------- uptime --------------------
 17:55:01 up 396 days,  6:44,  1 user,  load average: 0.00, 0.01, 0.05

-------------------- System info --------------------
Linux sakura-tokyo-prod 3.10.0-514.26.2.el7.x86_64 #1 SMP Tue Jul 4 15:04:05 UTC 2017 x86_64 x86_64 x86_64 GNU/Linux

-------------------- Storage usage --------------------
ファイルシス   サイズ  使用  残り 使用% マウント位置
/dev/vda4         96G  6.8G   89G    8% /
devtmpfs         2.0G     0  2.0G    0% /dev
tmpfs            2.0G     0  2.0G    0% /dev/shm
tmpfs            2.0G  1.2G  771M   61% /run
tmpfs            2.0G     0  2.0G    0% /sys/fs/cgroup
/dev/vda2        497M  217M  280M   44% /boot
tmpfs            396M     0  396M    0% /run/user/0
tmpfs            396M     0  396M    0% /run/user/1001

-------------------- System load --------------------
Linux 3.10.0-514.26.2.el7.x86_64 (sakura-tokyo-prod) 	2018年08月06日 	_x86_64_	(4 CPU)

00時00分02秒     CPU     %user     %nice   %system   %iowait    %steal     %idle
01時00分02秒     all      7.41      0.00      1.10      0.12      0.09     91.28
02時00分02秒     all      7.56      0.00      1.10      0.12      0.09     91.13
03時00分03秒     all      7.38      0.00      1.08      0.12      0.11     91.31
04時00分02秒     all      4.30      0.00      0.66      0.07      0.08     94.89
05時00分02秒     all      1.07      0.00      0.21      0.02      0.05     98.65
06時00分03秒     all      0.63      0.00      0.13      0.01      0.05     99.19
07時00分02秒     all      0.40      0.00      0.10      0.01      0.06     99.43
08時00分02秒     all      0.34      0.00      0.08      0.00      0.05     99.52
09時00分02秒     all      0.35      0.00      0.09      0.01      0.06     99.49
10時00分02秒     all      0.92      0.00      0.18      0.01      0.06     98.82
11時00分02秒     all      0.63      0.00      0.14      0.01      0.07     99.15
12時00分02秒     all      0.13      0.00      0.06      0.00      0.06     99.74
13時00分03秒     all      1.03      0.00      0.19      0.01      0.09     98.68
14時00分02秒     all      0.36      0.00      0.09      0.01      0.06     99.49
15時00分02秒     all      0.35      0.00      0.08      0.00      0.05     99.51
16時00分02秒     all      0.91      0.00      0.17      0.01      0.05     98.86
17時00分02秒     all      0.36      0.00      0.09      0.00      0.05     99.50
平均値:      all      2.01      0.00      0.33      0.03      0.07     97.57

-------------------- Logged in user --------------------
k732d5dd 2018-08-06 02:16

==================== 2018-08-06 20:55:01 ====================

-------------------- uptime --------------------
 20:55:01 up 396 days,  9:44,  1 user,  load average: 0.00, 0.06, 0.07

-------------------- System info --------------------
Linux sakura-tokyo-prod 3.10.0-514.26.2.el7.x86_64 #1 SMP Tue Jul 4 15:04:05 UTC 2017 x86_64 x86_64 x86_64 GNU/Linux

-------------------- Storage usage --------------------
ファイルシス   サイズ  使用  残り 使用% マウント位置
/dev/vda4         96G  6.8G   89G    8% /
devtmpfs         2.0G     0  2.0G    0% /dev
tmpfs            2.0G     0  2.0G    0% /dev/shm
tmpfs            2.0G  1.2G  771M   61% /run
tmpfs            2.0G     0  2.0G    0% /sys/fs/cgroup
/dev/vda2        497M  217M  280M   44% /boot
tmpfs            396M     0  396M    0% /run/user/0
tmpfs            396M     0  396M    0% /run/user/1001

-------------------- System load --------------------
Linux 3.10.0-514.26.2.el7.x86_64 (sakura-tokyo-prod) 	2018年08月06日 	_x86_64_	(4 CPU)

00時00分02秒     CPU     %user     %nice   %system   %iowait    %steal     %idle
01時00分02秒     all      7.41      0.00      1.10      0.12      0.09     91.28
02時00分02秒     all      7.56      0.00      1.10      0.12      0.09     91.13
03時00分03秒     all      7.38      0.00      1.08      0.12      0.11     91.31
04時00分02秒     all      4.30      0.00      0.66      0.07      0.08     94.89
05時00分02秒     all      1.07      0.00      0.21      0.02      0.05     98.65
06時00分03秒     all      0.63      0.00      0.13      0.01      0.05     99.19
07時00分02秒     all      0.40      0.00      0.10      0.01      0.06     99.43
08時00分02秒     all      0.34      0.00      0.08      0.00      0.05     99.52
09時00分02秒     all      0.35      0.00      0.09      0.01      0.06     99.49
10時00分02秒     all      0.92      0.00      0.18      0.01      0.06     98.82
11時00分02秒     all      0.63      0.00      0.14      0.01      0.07     99.15
12時00分02秒     all      0.13      0.00      0.06      0.00      0.06     99.74
13時00分03秒     all      1.03      0.00      0.19      0.01      0.09     98.68
14時00分02秒     all      0.36      0.00      0.09      0.01      0.06     99.49
15時00分02秒     all      0.35      0.00      0.08      0.00      0.05     99.51
16時00分02秒     all      0.91      0.00      0.17      0.01      0.05     98.86
17時00分02秒     all      0.36      0.00      0.09      0.00      0.05     99.50
18時00分03秒     all      0.36      0.00      0.09      0.01      0.05     99.51
19時00分02秒     all      1.39      0.00      0.24      0.02      0.05     98.30
20時00分01秒     all      0.62      0.00      0.12      0.01      0.05     99.20
平均値:      all      1.82      0.00      0.30      0.03      0.06     97.78

-------------------- Logged in user --------------------
k1b164f0 2018-08-06 02:16

