==================== 2018-08-07 02:55:01 ====================

-------------------- uptime --------------------
 02:55:01 up 396 days, 15:44,  1 user,  load average: 0.00, 0.05, 0.05

-------------------- System info --------------------
Linux sakura-tokyo-prod 3.10.0-514.26.2.el7.x86_64 #1 SMP Tue Jul 4 15:04:05 UTC 2017 x86_64 x86_64 x86_64 GNU/Linux

-------------------- Storage usage --------------------
ファイルシス   サイズ  使用  残り 使用% マウント位置
/dev/vda4         96G  6.8G   89G    8% /
devtmpfs         2.0G     0  2.0G    0% /dev
tmpfs            2.0G     0  2.0G    0% /dev/shm
tmpfs            2.0G  1.2G  771M   62% /run
tmpfs            2.0G     0  2.0G    0% /sys/fs/cgroup
/dev/vda2        497M  217M  280M   44% /boot
tmpfs            396M     0  396M    0% /run/user/0
tmpfs            396M     0  396M    0% /run/user/1001

-------------------- System load --------------------
Linux 3.10.0-514.26.2.el7.x86_64 (sakura-tokyo-prod) 	2018年08月07日 	_x86_64_	(4 CPU)

00時00分02秒     CPU     %user     %nice   %system   %iowait    %steal     %idle
01時00分02秒     all      0.37      0.00      0.09      0.00      0.04     99.50
02時00分01秒     all      0.34      0.00      0.09      0.00      0.04     99.52
平均値:      all      0.35      0.00      0.09      0.00      0.04     99.51

-------------------- Logged in user --------------------
k9bae345 2018-08-06 02:16

==================== 2018-08-07 05:55:02 ====================

-------------------- uptime --------------------
 05:55:02 up 396 days, 18:44,  1 user,  load average: 0.00, 0.03, 0.05

-------------------- System info --------------------
Linux sakura-tokyo-prod 3.10.0-514.26.2.el7.x86_64 #1 SMP Tue Jul 4 15:04:05 UTC 2017 x86_64 x86_64 x86_64 GNU/Linux

-------------------- Storage usage --------------------
ファイルシス   サイズ  使用  残り 使用% マウント位置
/dev/vda4         96G  6.8G   89G    8% /
devtmpfs         2.0G     0  2.0G    0% /dev
tmpfs            2.0G     0  2.0G    0% /dev/shm
tmpfs            2.0G  1.2G  771M   62% /run
tmpfs            2.0G     0  2.0G    0% /sys/fs/cgroup
/dev/vda2        497M  217M  280M   44% /boot
tmpfs            396M     0  396M    0% /run/user/0
tmpfs            396M     0  396M    0% /run/user/1001

-------------------- System load --------------------
Linux 3.10.0-514.26.2.el7.x86_64 (sakura-tokyo-prod) 	2018年08月07日 	_x86_64_	(4 CPU)

00時00分02秒     CPU     %user     %nice   %system   %iowait    %steal     %idle
01時00分02秒     all      0.37      0.00      0.09      0.00      0.04     99.50
02時00分01秒     all      0.34      0.00      0.09      0.00      0.04     99.52
03時00分02秒     all      0.62      0.00      0.13      0.01      0.04     99.20
04時00分02秒     all      0.37      0.00      0.10      0.00      0.06     99.47
05時00分02秒     all      0.37      0.00      0.10      0.01      0.05     99.47
平均値:      all      0.41      0.00      0.10      0.01      0.05     99.43

-------------------- Logged in user --------------------
k0f4857a 2018-08-06 02:16

==================== 2018-08-07 08:55:01 ====================

-------------------- uptime --------------------
 08:55:01 up 396 days, 21:44,  0 users,  load average: 0.02, 0.19, 0.14

-------------------- System info --------------------
Linux sakura-tokyo-prod 3.10.0-514.26.2.el7.x86_64 #1 SMP Tue Jul 4 15:04:05 UTC 2017 x86_64 x86_64 x86_64 GNU/Linux

-------------------- Storage usage --------------------
ファイルシス   サイズ  使用  残り 使用% マウント位置
/dev/vda4         96G  6.8G   89G    8% /
devtmpfs         2.0G     0  2.0G    0% /dev
tmpfs            2.0G     0  2.0G    0% /dev/shm
tmpfs            2.0G  1.2G  771M   62% /run
tmpfs            2.0G     0  2.0G    0% /sys/fs/cgroup
/dev/vda2        497M  217M  280M   44% /boot
tmpfs            396M     0  396M    0% /run/user/0
tmpfs            396M     0  396M    0% /run/user/1001

-------------------- System load --------------------
Linux 3.10.0-514.26.2.el7.x86_64 (sakura-tokyo-prod) 	2018年08月07日 	_x86_64_	(4 CPU)

00時00分02秒     CPU     %user     %nice   %system   %iowait    %steal     %idle
01時00分02秒     all      0.37      0.00      0.09      0.00      0.04     99.50
02時00分01秒     all      0.34      0.00      0.09      0.00      0.04     99.52
03時00分02秒     all      0.62      0.00      0.13      0.01      0.04     99.20
04時00分02秒     all      0.37      0.00      0.10      0.00      0.06     99.47
05時00分02秒     all      0.37      0.00      0.10      0.01      0.05     99.47
06時00分02秒     all      0.37      0.00      0.09      0.00      0.05     99.49
07時00分02秒     all      0.37      0.00      0.09      0.00      0.06     99.48
08時00分02秒     all      0.37      0.00      0.09      0.01      0.06     99.48
平均値:      all      0.40      0.00      0.10      0.01      0.05     99.45

-------------------- Logged in user --------------------


==================== 2018-08-07 11:55:01 ====================

-------------------- uptime --------------------
 11:55:01 up 397 days, 44 min,  0 users,  load average: 0.00, 0.01, 0.05

-------------------- System info --------------------
Linux sakura-tokyo-prod 3.10.0-514.26.2.el7.x86_64 #1 SMP Tue Jul 4 15:04:05 UTC 2017 x86_64 x86_64 x86_64 GNU/Linux

-------------------- Storage usage --------------------
ファイルシス   サイズ  使用  残り 使用% マウント位置
/dev/vda4         96G  6.8G   89G    8% /
devtmpfs         2.0G     0  2.0G    0% /dev
tmpfs            2.0G     0  2.0G    0% /dev/shm
tmpfs            2.0G  1.2G  771M   62% /run
tmpfs            2.0G     0  2.0G    0% /sys/fs/cgroup
/dev/vda2        497M  217M  280M   44% /boot
tmpfs            396M     0  396M    0% /run/user/0
tmpfs            396M     0  396M    0% /run/user/1001

-------------------- System load --------------------
Linux 3.10.0-514.26.2.el7.x86_64 (sakura-tokyo-prod) 	2018年08月07日 	_x86_64_	(4 CPU)

00時00分02秒     CPU     %user     %nice   %system   %iowait    %steal     %idle
01時00分02秒     all      0.37      0.00      0.09      0.00      0.04     99.50
02時00分01秒     all      0.34      0.00      0.09      0.00      0.04     99.52
03時00分02秒     all      0.62      0.00      0.13      0.01      0.04     99.20
04時00分02秒     all      0.37      0.00      0.10      0.00      0.06     99.47
05時00分02秒     all      0.37      0.00      0.10      0.01      0.05     99.47
06時00分02秒     all      0.37      0.00      0.09      0.00      0.05     99.49
07時00分02秒     all      0.37      0.00      0.09      0.00      0.06     99.48
08時00分02秒     all      0.37      0.00      0.09      0.01      0.06     99.48
09時00分02秒     all      1.18      0.00      0.23      0.02      0.06     98.52
10時00分02秒     all      0.09      0.00      0.04      0.00      0.05     99.81
11時00分02秒     all      0.60      0.00      0.13      0.01      0.05     99.21
平均値:      all      0.46      0.00      0.11      0.01      0.05     99.38

-------------------- Logged in user --------------------


==================== 2018-08-07 14:55:01 ====================

-------------------- uptime --------------------
 14:55:01 up 397 days,  3:44,  0 users,  load average: 0.00, 0.04, 0.05

-------------------- System info --------------------
Linux sakura-tokyo-prod 3.10.0-514.26.2.el7.x86_64 #1 SMP Tue Jul 4 15:04:05 UTC 2017 x86_64 x86_64 x86_64 GNU/Linux

-------------------- Storage usage --------------------
ファイルシス   サイズ  使用  残り 使用% マウント位置
/dev/vda4         96G  6.8G   89G    8% /
devtmpfs         2.0G     0  2.0G    0% /dev
tmpfs            2.0G     0  2.0G    0% /dev/shm
tmpfs            2.0G  1.2G  771M   62% /run
tmpfs            2.0G     0  2.0G    0% /sys/fs/cgroup
/dev/vda2        497M  217M  280M   44% /boot
tmpfs            396M     0  396M    0% /run/user/0
tmpfs            396M     0  396M    0% /run/user/1001

-------------------- System load --------------------
Linux 3.10.0-514.26.2.el7.x86_64 (sakura-tokyo-prod) 	2018年08月07日 	_x86_64_	(4 CPU)

00時00分02秒     CPU     %user     %nice   %system   %iowait    %steal     %idle
01時00分02秒     all      0.37      0.00      0.09      0.00      0.04     99.50
02時00分01秒     all      0.34      0.00      0.09      0.00      0.04     99.52
03時00分02秒     all      0.62      0.00      0.13      0.01      0.04     99.20
04時00分02秒     all      0.37      0.00      0.10      0.00      0.06     99.47
05時00分02秒     all      0.37      0.00      0.10      0.01      0.05     99.47
06時00分02秒     all      0.37      0.00      0.09      0.00      0.05     99.49
07時00分02秒     all      0.37      0.00      0.09      0.00      0.06     99.48
08時00分02秒     all      0.37      0.00      0.09      0.01      0.06     99.48
09時00分02秒     all      1.18      0.00      0.23      0.02      0.06     98.52
10時00分02秒     all      0.09      0.00      0.04      0.00      0.05     99.81
11時00分02秒     all      0.60      0.00      0.13      0.01      0.05     99.21
12時00分02秒     all      0.09      0.00      0.06      0.00      0.06     99.79
13時00分02秒     all      0.63      0.00      0.15      0.01      0.07     99.14
14時00分02秒     all      0.35      0.00      0.10      0.00      0.05     99.49
平均値:      all      0.44      0.00      0.11      0.01      0.05     99.40

-------------------- Logged in user --------------------


==================== 2018-08-07 17:55:01 ====================

-------------------- uptime --------------------
 17:55:01 up 397 days,  6:44,  0 users,  load average: 0.00, 0.01, 0.05

-------------------- System info --------------------
Linux sakura-tokyo-prod 3.10.0-514.26.2.el7.x86_64 #1 SMP Tue Jul 4 15:04:05 UTC 2017 x86_64 x86_64 x86_64 GNU/Linux

-------------------- Storage usage --------------------
ファイルシス   サイズ  使用  残り 使用% マウント位置
/dev/vda4         96G  6.8G   89G    8% /
devtmpfs         2.0G     0  2.0G    0% /dev
tmpfs            2.0G     0  2.0G    0% /dev/shm
tmpfs            2.0G  1.2G  770M   62% /run
tmpfs            2.0G     0  2.0G    0% /sys/fs/cgroup
/dev/vda2        497M  217M  280M   44% /boot
tmpfs            396M     0  396M    0% /run/user/0
tmpfs            396M     0  396M    0% /run/user/1001

-------------------- System load --------------------
Linux 3.10.0-514.26.2.el7.x86_64 (sakura-tokyo-prod) 	2018年08月07日 	_x86_64_	(4 CPU)

00時00分02秒     CPU     %user     %nice   %system   %iowait    %steal     %idle
01時00分02秒     all      0.37      0.00      0.09      0.00      0.04     99.50
02時00分01秒     all      0.34      0.00      0.09      0.00      0.04     99.52
03時00分02秒     all      0.62      0.00      0.13      0.01      0.04     99.20
04時00分02秒     all      0.37      0.00      0.10      0.00      0.06     99.47
05時00分02秒     all      0.37      0.00      0.10      0.01      0.05     99.47
06時00分02秒     all      0.37      0.00      0.09      0.00      0.05     99.49
07時00分02秒     all      0.37      0.00      0.09      0.00      0.06     99.48
08時00分02秒     all      0.37      0.00      0.09      0.01      0.06     99.48
09時00分02秒     all      1.18      0.00      0.23      0.02      0.06     98.52
10時00分02秒     all      0.09      0.00      0.04      0.00      0.05     99.81
11時00分02秒     all      0.60      0.00      0.13      0.01      0.05     99.21
12時00分02秒     all      0.09      0.00      0.06      0.00      0.06     99.79
13時00分02秒     all      0.63      0.00      0.15      0.01      0.07     99.14
14時00分02秒     all      0.35      0.00      0.10      0.00      0.05     99.49
15時00分02秒     all      0.63      0.00      0.14      0.01      0.08     99.15
16時00分02秒     all      0.39      0.00      0.09      0.01      0.06     99.45
17時00分01秒     all      0.67      0.00      0.14      0.01      0.06     99.12
平均値:      all      0.46      0.00      0.11      0.01      0.05     99.37

-------------------- Logged in user --------------------


