==================== 2018-08-13 02:55:01 ====================

-------------------- uptime --------------------
 02:55:01 up 402 days, 15:44,  0 users,  load average: 0.53, 0.35, 0.33

-------------------- System info --------------------
Linux sakura-tokyo-prod 3.10.0-514.26.2.el7.x86_64 #1 SMP Tue Jul 4 15:04:05 UTC 2017 x86_64 x86_64 x86_64 GNU/Linux

-------------------- Storage usage --------------------
ファイルシス   サイズ  使用  残り 使用% マウント位置
/dev/vda4         96G  6.9G   89G    8% /
devtmpfs         2.0G     0  2.0G    0% /dev
tmpfs            2.0G     0  2.0G    0% /dev/shm
tmpfs            2.0G  1.2G  774M   61% /run
tmpfs            2.0G     0  2.0G    0% /sys/fs/cgroup
/dev/vda2        497M  217M  280M   44% /boot
tmpfs            396M     0  396M    0% /run/user/0
tmpfs            396M     0  396M    0% /run/user/1001

-------------------- System load --------------------
Linux 3.10.0-514.26.2.el7.x86_64 (sakura-tokyo-prod) 	2018年08月13日 	_x86_64_	(4 CPU)

00時00分02秒     CPU     %user     %nice   %system   %iowait    %steal     %idle
01時00分02秒     all      7.64      0.00      1.08      0.12      0.13     91.03
02時00分02秒     all      7.65      0.00      1.07      0.11      0.11     91.05
平均値:      all      7.65      0.00      1.08      0.12      0.12     91.04

-------------------- Logged in user --------------------


