==================== 2018-08-14 02:55:01 ====================

-------------------- uptime --------------------
 02:55:01 up 403 days, 15:44,  1 user,  load average: 0.53, 0.30, 0.22

-------------------- System info --------------------
Linux sakura-tokyo-prod 3.10.0-514.26.2.el7.x86_64 #1 SMP Tue Jul 4 15:04:05 UTC 2017 x86_64 x86_64 x86_64 GNU/Linux

-------------------- Storage usage --------------------
ファイルシス   サイズ  使用  残り 使用% マウント位置
/dev/vda4         96G  6.9G   89G    8% /
devtmpfs         2.0G     0  2.0G    0% /dev
tmpfs            2.0G     0  2.0G    0% /dev/shm
tmpfs            2.0G  1.2G  773M   61% /run
tmpfs            2.0G     0  2.0G    0% /sys/fs/cgroup
/dev/vda2        497M  217M  280M   44% /boot
tmpfs            396M     0  396M    0% /run/user/0
tmpfs            396M     0  396M    0% /run/user/1001

-------------------- System load --------------------
Linux 3.10.0-514.26.2.el7.x86_64 (sakura-tokyo-prod) 	2018年08月14日 	_x86_64_	(4 CPU)

00時00分03秒     CPU     %user     %nice   %system   %iowait    %steal     %idle
01時00分03秒     all      0.91      0.00      0.17      0.01      0.07     98.83
02時00分02秒     all      2.92      0.00      0.44      0.04      0.09     96.50
平均値:      all      1.92      0.00      0.30      0.03      0.08     97.67

-------------------- Logged in user --------------------
k04e8e17 2018-08-13 14:00

==================== 2018-08-14 05:55:01 ====================

-------------------- uptime --------------------
 05:55:01 up 403 days, 18:44,  1 user,  load average: 0.00, 0.01, 0.05

-------------------- System info --------------------
Linux sakura-tokyo-prod 3.10.0-514.26.2.el7.x86_64 #1 SMP Tue Jul 4 15:04:05 UTC 2017 x86_64 x86_64 x86_64 GNU/Linux

-------------------- Storage usage --------------------
ファイルシス   サイズ  使用  残り 使用% マウント位置
/dev/vda4         96G  6.9G   89G    8% /
devtmpfs         2.0G     0  2.0G    0% /dev
tmpfs            2.0G     0  2.0G    0% /dev/shm
tmpfs            2.0G  1.2G  773M   61% /run
tmpfs            2.0G     0  2.0G    0% /sys/fs/cgroup
/dev/vda2        497M  217M  280M   44% /boot
tmpfs            396M     0  396M    0% /run/user/0
tmpfs            396M     0  396M    0% /run/user/1001

-------------------- System load --------------------
Linux 3.10.0-514.26.2.el7.x86_64 (sakura-tokyo-prod) 	2018年08月14日 	_x86_64_	(4 CPU)

00時00分03秒     CPU     %user     %nice   %system   %iowait    %steal     %idle
01時00分03秒     all      0.91      0.00      0.17      0.01      0.07     98.83
02時00分02秒     all      2.92      0.00      0.44      0.04      0.09     96.50
03時00分03秒     all      5.89      0.00      0.84      0.09      0.12     93.06
04時00分02秒     all      2.29      0.00      0.37      0.03      0.09     97.23
05時00分02秒     all      0.63      0.00      0.12      0.01      0.06     99.17
平均値:      all      2.53      0.00      0.39      0.04      0.09     96.96

-------------------- Logged in user --------------------
k3a58b8a 2018-08-13 14:00

==================== 2018-08-14 08:55:02 ====================

-------------------- uptime --------------------
 08:55:02 up 403 days, 21:44,  1 user,  load average: 0.00, 0.05, 0.05

-------------------- System info --------------------
Linux sakura-tokyo-prod 3.10.0-514.26.2.el7.x86_64 #1 SMP Tue Jul 4 15:04:05 UTC 2017 x86_64 x86_64 x86_64 GNU/Linux

-------------------- Storage usage --------------------
ファイルシス   サイズ  使用  残り 使用% マウント位置
/dev/vda4         96G  6.9G   89G    8% /
devtmpfs         2.0G     0  2.0G    0% /dev
tmpfs            2.0G     0  2.0G    0% /dev/shm
tmpfs            2.0G  1.2G  773M   61% /run
tmpfs            2.0G     0  2.0G    0% /sys/fs/cgroup
/dev/vda2        497M  217M  280M   44% /boot
tmpfs            396M     0  396M    0% /run/user/0
tmpfs            396M     0  396M    0% /run/user/1001

-------------------- System load --------------------
Linux 3.10.0-514.26.2.el7.x86_64 (sakura-tokyo-prod) 	2018年08月14日 	_x86_64_	(4 CPU)

00時00分03秒     CPU     %user     %nice   %system   %iowait    %steal     %idle
01時00分03秒     all      0.91      0.00      0.17      0.01      0.07     98.83
02時00分02秒     all      2.92      0.00      0.44      0.04      0.09     96.50
03時00分03秒     all      5.89      0.00      0.84      0.09      0.12     93.06
04時00分02秒     all      2.29      0.00      0.37      0.03      0.09     97.23
05時00分02秒     all      0.63      0.00      0.12      0.01      0.06     99.17
06時00分02秒     all      0.64      0.00      0.12      0.01      0.06     99.17
07時00分02秒     all      0.37      0.00      0.08      0.01      0.07     99.47
08時00分02秒     all      0.62      0.00      0.11      0.01      0.07     99.19
平均値:      all      1.78      0.00      0.28      0.03      0.08     97.83

-------------------- Logged in user --------------------
k1662502 2018-08-13 14:00

