==================== 2018-08-17 02:55:01 ====================

-------------------- uptime --------------------
 02:55:01 up 406 days, 15:44,  0 users,  load average: 0.00, 0.01, 0.05

-------------------- System info --------------------
Linux sakura-tokyo-prod 3.10.0-514.26.2.el7.x86_64 #1 SMP Tue Jul 4 15:04:05 UTC 2017 x86_64 x86_64 x86_64 GNU/Linux

-------------------- Storage usage --------------------
ファイルシス   サイズ  使用  残り 使用% マウント位置
/dev/vda4         96G  6.9G   89G    8% /
devtmpfs         2.0G     0  2.0G    0% /dev
tmpfs            2.0G     0  2.0G    0% /dev/shm
tmpfs            2.0G  1.2G  762M   62% /run
tmpfs            2.0G     0  2.0G    0% /sys/fs/cgroup
/dev/vda2        497M  217M  280M   44% /boot
tmpfs            396M     0  396M    0% /run/user/0
tmpfs            396M     0  396M    0% /run/user/1001

-------------------- System load --------------------
Linux 3.10.0-514.26.2.el7.x86_64 (sakura-tokyo-prod) 	2018年08月17日 	_x86_64_	(4 CPU)

00時00分02秒     CPU     %user     %nice   %system   %iowait    %steal     %idle
01時00分02秒     all      0.38      0.00      0.08      0.01      0.05     99.48
02時00分02秒     all      0.09      0.00      0.04      0.00      0.04     99.84
平均値:      all      0.23      0.00      0.06      0.00      0.04     99.66

-------------------- Logged in user --------------------


==================== 2018-08-17 05:55:01 ====================

-------------------- uptime --------------------
 05:55:01 up 406 days, 18:44,  0 users,  load average: 0.00, 0.01, 0.05

-------------------- System info --------------------
Linux sakura-tokyo-prod 3.10.0-514.26.2.el7.x86_64 #1 SMP Tue Jul 4 15:04:05 UTC 2017 x86_64 x86_64 x86_64 GNU/Linux

-------------------- Storage usage --------------------
ファイルシス   サイズ  使用  残り 使用% マウント位置
/dev/vda4         96G  6.9G   89G    8% /
devtmpfs         2.0G     0  2.0G    0% /dev
tmpfs            2.0G     0  2.0G    0% /dev/shm
tmpfs            2.0G  1.2G  762M   62% /run
tmpfs            2.0G     0  2.0G    0% /sys/fs/cgroup
/dev/vda2        497M  217M  280M   44% /boot
tmpfs            396M     0  396M    0% /run/user/0
tmpfs            396M     0  396M    0% /run/user/1001

-------------------- System load --------------------
Linux 3.10.0-514.26.2.el7.x86_64 (sakura-tokyo-prod) 	2018年08月17日 	_x86_64_	(4 CPU)

00時00分02秒     CPU     %user     %nice   %system   %iowait    %steal     %idle
01時00分02秒     all      0.38      0.00      0.08      0.01      0.05     99.48
02時00分02秒     all      0.09      0.00      0.04      0.00      0.04     99.84
03時00分03秒     all      0.61      0.00      0.11      0.01      0.04     99.23
04時00分02秒     all      1.75      0.00      0.29      0.03      0.05     97.88
05時00分02秒     all      0.62      0.00      0.12      0.01      0.05     99.20
平均値:      all      0.69      0.00      0.13      0.01      0.05     99.13

-------------------- Logged in user --------------------


==================== 2018-08-17 08:55:01 ====================

-------------------- uptime --------------------
 08:55:01 up 406 days, 21:44,  0 users,  load average: 0.00, 0.01, 0.05

-------------------- System info --------------------
Linux sakura-tokyo-prod 3.10.0-514.26.2.el7.x86_64 #1 SMP Tue Jul 4 15:04:05 UTC 2017 x86_64 x86_64 x86_64 GNU/Linux

-------------------- Storage usage --------------------
ファイルシス   サイズ  使用  残り 使用% マウント位置
/dev/vda4         96G  6.9G   89G    8% /
devtmpfs         2.0G     0  2.0G    0% /dev
tmpfs            2.0G     0  2.0G    0% /dev/shm
tmpfs            2.0G  1.2G  762M   62% /run
tmpfs            2.0G     0  2.0G    0% /sys/fs/cgroup
/dev/vda2        497M  217M  280M   44% /boot
tmpfs            396M     0  396M    0% /run/user/0
tmpfs            396M     0  396M    0% /run/user/1001

-------------------- System load --------------------
Linux 3.10.0-514.26.2.el7.x86_64 (sakura-tokyo-prod) 	2018年08月17日 	_x86_64_	(4 CPU)

00時00分02秒     CPU     %user     %nice   %system   %iowait    %steal     %idle
01時00分02秒     all      0.38      0.00      0.08      0.01      0.05     99.48
02時00分02秒     all      0.09      0.00      0.04      0.00      0.04     99.84
03時00分03秒     all      0.61      0.00      0.11      0.01      0.04     99.23
04時00分02秒     all      1.75      0.00      0.29      0.03      0.05     97.88
05時00分02秒     all      0.62      0.00      0.12      0.01      0.05     99.20
06時00分02秒     all      0.93      0.00      0.17      0.02      0.06     98.82
07時00分02秒     all      0.73      0.00      0.14      0.01      0.05     99.08
08時00分02秒     all      0.09      0.00      0.04      0.00      0.05     99.82
平均値:      all      0.65      0.00      0.12      0.01      0.05     99.17

-------------------- Logged in user --------------------


==================== 2018-08-17 11:55:01 ====================

-------------------- uptime --------------------
 11:55:01 up 407 days, 44 min,  0 users,  load average: 0.00, 0.01, 0.05

-------------------- System info --------------------
Linux sakura-tokyo-prod 3.10.0-514.26.2.el7.x86_64 #1 SMP Tue Jul 4 15:04:05 UTC 2017 x86_64 x86_64 x86_64 GNU/Linux

-------------------- Storage usage --------------------
ファイルシス   サイズ  使用  残り 使用% マウント位置
/dev/vda4         96G  6.9G   89G    8% /
devtmpfs         2.0G     0  2.0G    0% /dev
tmpfs            2.0G     0  2.0G    0% /dev/shm
tmpfs            2.0G  1.2G  762M   62% /run
tmpfs            2.0G     0  2.0G    0% /sys/fs/cgroup
/dev/vda2        497M  217M  280M   44% /boot
tmpfs            396M     0  396M    0% /run/user/0
tmpfs            396M     0  396M    0% /run/user/1001

-------------------- System load --------------------
Linux 3.10.0-514.26.2.el7.x86_64 (sakura-tokyo-prod) 	2018年08月17日 	_x86_64_	(4 CPU)

00時00分02秒     CPU     %user     %nice   %system   %iowait    %steal     %idle
01時00分02秒     all      0.38      0.00      0.08      0.01      0.05     99.48
02時00分02秒     all      0.09      0.00      0.04      0.00      0.04     99.84
03時00分03秒     all      0.61      0.00      0.11      0.01      0.04     99.23
04時00分02秒     all      1.75      0.00      0.29      0.03      0.05     97.88
05時00分02秒     all      0.62      0.00      0.12      0.01      0.05     99.20
06時00分02秒     all      0.93      0.00      0.17      0.02      0.06     98.82
07時00分02秒     all      0.73      0.00      0.14      0.01      0.05     99.08
08時00分02秒     all      0.09      0.00      0.04      0.00      0.05     99.82
09時00分02秒     all      0.35      0.00      0.08      0.01      0.04     99.53
10時00分02秒     all      0.08      0.00      0.04      0.00      0.04     99.84
11時00分02秒     all      0.35      0.00      0.08      0.00      0.04     99.53
平均値:      all      0.54      0.00      0.11      0.01      0.05     99.30

-------------------- Logged in user --------------------


==================== 2018-08-17 14:55:01 ====================

-------------------- uptime --------------------
 14:55:01 up 407 days,  3:44,  0 users,  load average: 0.00, 0.01, 0.05

-------------------- System info --------------------
Linux sakura-tokyo-prod 3.10.0-514.26.2.el7.x86_64 #1 SMP Tue Jul 4 15:04:05 UTC 2017 x86_64 x86_64 x86_64 GNU/Linux

-------------------- Storage usage --------------------
ファイルシス   サイズ  使用  残り 使用% マウント位置
/dev/vda4         96G  6.9G   89G    8% /
devtmpfs         2.0G     0  2.0G    0% /dev
tmpfs            2.0G     0  2.0G    0% /dev/shm
tmpfs            2.0G  1.2G  762M   62% /run
tmpfs            2.0G     0  2.0G    0% /sys/fs/cgroup
/dev/vda2        497M  217M  280M   44% /boot
tmpfs            396M     0  396M    0% /run/user/0
tmpfs            396M     0  396M    0% /run/user/1001

-------------------- System load --------------------
Linux 3.10.0-514.26.2.el7.x86_64 (sakura-tokyo-prod) 	2018年08月17日 	_x86_64_	(4 CPU)

00時00分02秒     CPU     %user     %nice   %system   %iowait    %steal     %idle
01時00分02秒     all      0.38      0.00      0.08      0.01      0.05     99.48
02時00分02秒     all      0.09      0.00      0.04      0.00      0.04     99.84
03時00分03秒     all      0.61      0.00      0.11      0.01      0.04     99.23
04時00分02秒     all      1.75      0.00      0.29      0.03      0.05     97.88
05時00分02秒     all      0.62      0.00      0.12      0.01      0.05     99.20
06時00分02秒     all      0.93      0.00      0.17      0.02      0.06     98.82
07時00分02秒     all      0.73      0.00      0.14      0.01      0.05     99.08
08時00分02秒     all      0.09      0.00      0.04      0.00      0.05     99.82
09時00分02秒     all      0.35      0.00      0.08      0.01      0.04     99.53
10時00分02秒     all      0.08      0.00      0.04      0.00      0.04     99.84
11時00分02秒     all      0.35      0.00      0.08      0.00      0.04     99.53
12時00分03秒     all      0.91      0.00      0.17      0.01      0.05     98.85
13時00分02秒     all      0.38      0.00      0.09      0.00      0.05     99.47
14時00分02秒     all      0.66      0.00      0.13      0.01      0.05     99.15
平均値:      all      0.57      0.00      0.11      0.01      0.05     99.27

-------------------- Logged in user --------------------


==================== 2018-08-17 17:55:01 ====================

-------------------- uptime --------------------
 17:55:01 up 407 days,  6:44,  0 users,  load average: 0.00, 0.06, 0.11

-------------------- System info --------------------
Linux sakura-tokyo-prod 3.10.0-514.26.2.el7.x86_64 #1 SMP Tue Jul 4 15:04:05 UTC 2017 x86_64 x86_64 x86_64 GNU/Linux

-------------------- Storage usage --------------------
ファイルシス   サイズ  使用  残り 使用% マウント位置
/dev/vda4         96G  6.9G   89G    8% /
devtmpfs         2.0G     0  2.0G    0% /dev
tmpfs            2.0G     0  2.0G    0% /dev/shm
tmpfs            2.0G  1.2G  762M   62% /run
tmpfs            2.0G     0  2.0G    0% /sys/fs/cgroup
/dev/vda2        497M  217M  280M   44% /boot
tmpfs            396M     0  396M    0% /run/user/0
tmpfs            396M     0  396M    0% /run/user/1001

-------------------- System load --------------------
Linux 3.10.0-514.26.2.el7.x86_64 (sakura-tokyo-prod) 	2018年08月17日 	_x86_64_	(4 CPU)

00時00分02秒     CPU     %user     %nice   %system   %iowait    %steal     %idle
01時00分02秒     all      0.38      0.00      0.08      0.01      0.05     99.48
02時00分02秒     all      0.09      0.00      0.04      0.00      0.04     99.84
03時00分03秒     all      0.61      0.00      0.11      0.01      0.04     99.23
04時00分02秒     all      1.75      0.00      0.29      0.03      0.05     97.88
05時00分02秒     all      0.62      0.00      0.12      0.01      0.05     99.20
06時00分02秒     all      0.93      0.00      0.17      0.02      0.06     98.82
07時00分02秒     all      0.73      0.00      0.14      0.01      0.05     99.08
08時00分02秒     all      0.09      0.00      0.04      0.00      0.05     99.82
09時00分02秒     all      0.35      0.00      0.08      0.01      0.04     99.53
10時00分02秒     all      0.08      0.00      0.04      0.00      0.04     99.84
11時00分02秒     all      0.35      0.00      0.08      0.00      0.04     99.53
12時00分03秒     all      0.91      0.00      0.17      0.01      0.05     98.85
13時00分02秒     all      0.38      0.00      0.09      0.00      0.05     99.47
14時00分02秒     all      0.66      0.00      0.13      0.01      0.05     99.15
15時00分02秒     all      0.64      0.00      0.12      0.01      0.05     99.18
16時00分03秒     all      0.35      0.00      0.08      0.00      0.04     99.52
17時00分02秒     all      1.73      0.00      0.24      0.01      0.11     97.91
平均値:      all      0.63      0.00      0.12      0.01      0.05     99.20

-------------------- Logged in user --------------------


==================== 2018-08-17 20:55:02 ====================

-------------------- uptime --------------------
 20:55:02 up 407 days,  9:44,  0 users,  load average: 0.00, 0.01, 0.05

-------------------- System info --------------------
Linux sakura-tokyo-prod 3.10.0-514.26.2.el7.x86_64 #1 SMP Tue Jul 4 15:04:05 UTC 2017 x86_64 x86_64 x86_64 GNU/Linux

-------------------- Storage usage --------------------
ファイルシス   サイズ  使用  残り 使用% マウント位置
/dev/vda4         96G  6.9G   89G    8% /
devtmpfs         2.0G     0  2.0G    0% /dev
tmpfs            2.0G     0  2.0G    0% /dev/shm
tmpfs            2.0G  1.2G  762M   62% /run
tmpfs            2.0G     0  2.0G    0% /sys/fs/cgroup
/dev/vda2        497M  217M  280M   44% /boot
tmpfs            396M     0  396M    0% /run/user/0
tmpfs            396M     0  396M    0% /run/user/1001

-------------------- System load --------------------
Linux 3.10.0-514.26.2.el7.x86_64 (sakura-tokyo-prod) 	2018年08月17日 	_x86_64_	(4 CPU)

00時00分02秒     CPU     %user     %nice   %system   %iowait    %steal     %idle
01時00分02秒     all      0.38      0.00      0.08      0.01      0.05     99.48
02時00分02秒     all      0.09      0.00      0.04      0.00      0.04     99.84
03時00分03秒     all      0.61      0.00      0.11      0.01      0.04     99.23
04時00分02秒     all      1.75      0.00      0.29      0.03      0.05     97.88
05時00分02秒     all      0.62      0.00      0.12      0.01      0.05     99.20
06時00分02秒     all      0.93      0.00      0.17      0.02      0.06     98.82
07時00分02秒     all      0.73      0.00      0.14      0.01      0.05     99.08
08時00分02秒     all      0.09      0.00      0.04      0.00      0.05     99.82
09時00分02秒     all      0.35      0.00      0.08      0.01      0.04     99.53
10時00分02秒     all      0.08      0.00      0.04      0.00      0.04     99.84
11時00分02秒     all      0.35      0.00      0.08      0.00      0.04     99.53
12時00分03秒     all      0.91      0.00      0.17      0.01      0.05     98.85
13時00分02秒     all      0.38      0.00      0.09      0.00      0.05     99.47
14時00分02秒     all      0.66      0.00      0.13      0.01      0.05     99.15
15時00分02秒     all      0.64      0.00      0.12      0.01      0.05     99.18
16時00分03秒     all      0.35      0.00      0.08      0.00      0.04     99.52
17時00分02秒     all      1.73      0.00      0.24      0.01      0.11     97.91
18時00分02秒     all      2.39      0.00      0.30      0.00      0.17     97.14
19時00分02秒     all      2.33      0.00      0.31      0.01      0.16     97.19
20時00分02秒     all      0.09      0.00      0.04      0.00      0.04     99.83
平均値:      all      0.77      0.00      0.13      0.01      0.06     99.03

-------------------- Logged in user --------------------


==================== 2018-08-17 23:55:01 ====================

-------------------- uptime --------------------
 23:55:01 up 407 days, 12:44,  0 users,  load average: 0.01, 0.04, 0.05

-------------------- System info --------------------
Linux sakura-tokyo-prod 3.10.0-514.26.2.el7.x86_64 #1 SMP Tue Jul 4 15:04:05 UTC 2017 x86_64 x86_64 x86_64 GNU/Linux

-------------------- Storage usage --------------------
ファイルシス   サイズ  使用  残り 使用% マウント位置
/dev/vda4         96G  6.9G   89G    8% /
devtmpfs         2.0G     0  2.0G    0% /dev
tmpfs            2.0G     0  2.0G    0% /dev/shm
tmpfs            2.0G  1.2G  762M   62% /run
tmpfs            2.0G     0  2.0G    0% /sys/fs/cgroup
/dev/vda2        497M  217M  280M   44% /boot
tmpfs            396M     0  396M    0% /run/user/0
tmpfs            396M     0  396M    0% /run/user/1001

-------------------- System load --------------------
Linux 3.10.0-514.26.2.el7.x86_64 (sakura-tokyo-prod) 	2018年08月17日 	_x86_64_	(4 CPU)

00時00分02秒     CPU     %user     %nice   %system   %iowait    %steal     %idle
01時00分02秒     all      0.38      0.00      0.08      0.01      0.05     99.48
02時00分02秒     all      0.09      0.00      0.04      0.00      0.04     99.84
03時00分03秒     all      0.61      0.00      0.11      0.01      0.04     99.23
04時00分02秒     all      1.75      0.00      0.29      0.03      0.05     97.88
05時00分02秒     all      0.62      0.00      0.12      0.01      0.05     99.20
06時00分02秒     all      0.93      0.00      0.17      0.02      0.06     98.82
07時00分02秒     all      0.73      0.00      0.14      0.01      0.05     99.08
08時00分02秒     all      0.09      0.00      0.04      0.00      0.05     99.82
09時00分02秒     all      0.35      0.00      0.08      0.01      0.04     99.53
10時00分02秒     all      0.08      0.00      0.04      0.00      0.04     99.84
11時00分02秒     all      0.35      0.00      0.08      0.00      0.04     99.53
12時00分03秒     all      0.91      0.00      0.17      0.01      0.05     98.85
13時00分02秒     all      0.38      0.00      0.09      0.00      0.05     99.47
14時00分02秒     all      0.66      0.00      0.13      0.01      0.05     99.15
15時00分02秒     all      0.64      0.00      0.12      0.01      0.05     99.18
16時00分03秒     all      0.35      0.00      0.08      0.00      0.04     99.52
17時00分02秒     all      1.73      0.00      0.24      0.01      0.11     97.91
18時00分02秒     all      2.39      0.00      0.30      0.00      0.17     97.14
19時00分02秒     all      2.33      0.00      0.31      0.01      0.16     97.19
20時00分02秒     all      0.09      0.00      0.04      0.00      0.04     99.83
21時00分02秒     all      0.37      0.00      0.09      0.00      0.05     99.49
22時00分02秒     all      0.10      0.00      0.04      0.00      0.04     99.81
23時00分02秒     all      0.35      0.00      0.08      0.00      0.05     99.52
平均値:      all      0.71      0.00      0.12      0.01      0.06     99.10

-------------------- Logged in user --------------------


