==================== 2018-08-19 02:55:01 ====================

-------------------- uptime --------------------
 02:55:01 up 408 days, 15:44,  1 user,  load average: 0.21, 0.30, 0.31

-------------------- System info --------------------
Linux sakura-tokyo-prod 3.10.0-514.26.2.el7.x86_64 #1 SMP Tue Jul 4 15:04:05 UTC 2017 x86_64 x86_64 x86_64 GNU/Linux

-------------------- Storage usage --------------------
ファイルシス   サイズ  使用  残り 使用% マウント位置
/dev/vda4         96G  6.9G   89G    8% /
devtmpfs         2.0G     0  2.0G    0% /dev
tmpfs            2.0G     0  2.0G    0% /dev/shm
tmpfs            2.0G  1.2G  769M   62% /run
tmpfs            2.0G     0  2.0G    0% /sys/fs/cgroup
/dev/vda2        497M  217M  280M   44% /boot
tmpfs            396M     0  396M    0% /run/user/0
tmpfs            396M     0  396M    0% /run/user/1001

-------------------- System load --------------------
Linux 3.10.0-514.26.2.el7.x86_64 (sakura-tokyo-prod) 	2018年08月19日 	_x86_64_	(4 CPU)

00時00分03秒     CPU     %user     %nice   %system   %iowait    %steal     %idle
01時00分03秒     all      1.43      0.00      0.25      0.02      0.06     98.23
02時00分02秒     all      8.96      0.00      1.26      0.15      0.19     89.44
平均値:      all      5.19      0.00      0.76      0.09      0.13     93.84

-------------------- Logged in user --------------------
kb0a956a 2018-08-19 00:58

