==================== 2018-08-22 02:55:01 ====================

-------------------- uptime --------------------
 02:55:01 up 411 days, 15:44,  0 users,  load average: 0.00, 0.03, 0.05

-------------------- System info --------------------
Linux sakura-tokyo-prod 3.10.0-514.26.2.el7.x86_64 #1 SMP Tue Jul 4 15:04:05 UTC 2017 x86_64 x86_64 x86_64 GNU/Linux

-------------------- Storage usage --------------------
ファイルシス   サイズ  使用  残り 使用% マウント位置
/dev/vda4         96G  6.9G   89G    8% /
devtmpfs         2.0G     0  2.0G    0% /dev
tmpfs            2.0G     0  2.0G    0% /dev/shm
tmpfs            2.0G  1.2G  766M   62% /run
tmpfs            2.0G     0  2.0G    0% /sys/fs/cgroup
/dev/vda2        497M  219M  279M   44% /boot
tmpfs            396M     0  396M    0% /run/user/0
tmpfs            396M     0  396M    0% /run/user/1001

-------------------- System load --------------------
Linux 3.10.0-514.26.2.el7.x86_64 (sakura-tokyo-prod) 	2018年08月22日 	_x86_64_	(4 CPU)

00時00分02秒     CPU     %user     %nice   %system   %iowait    %steal     %idle
01時00分03秒     all      0.37      0.00      0.09      0.00      0.04     99.49
02時00分03秒     all      0.09      0.00      0.04      0.00      0.04     99.83
平均値:      all      0.23      0.00      0.06      0.00      0.04     99.66

-------------------- Logged in user --------------------


==================== 2018-08-22 05:55:01 ====================

-------------------- uptime --------------------
 05:55:01 up 411 days, 18:44,  0 users,  load average: 0.00, 0.01, 0.05

-------------------- System info --------------------
Linux sakura-tokyo-prod 3.10.0-514.26.2.el7.x86_64 #1 SMP Tue Jul 4 15:04:05 UTC 2017 x86_64 x86_64 x86_64 GNU/Linux

-------------------- Storage usage --------------------
ファイルシス   サイズ  使用  残り 使用% マウント位置
/dev/vda4         96G  6.9G   89G    8% /
devtmpfs         2.0G     0  2.0G    0% /dev
tmpfs            2.0G     0  2.0G    0% /dev/shm
tmpfs            2.0G  1.2G  766M   62% /run
tmpfs            2.0G     0  2.0G    0% /sys/fs/cgroup
/dev/vda2        497M  219M  279M   44% /boot
tmpfs            396M     0  396M    0% /run/user/0
tmpfs            396M     0  396M    0% /run/user/1001

-------------------- System load --------------------
Linux 3.10.0-514.26.2.el7.x86_64 (sakura-tokyo-prod) 	2018年08月22日 	_x86_64_	(4 CPU)

00時00分02秒     CPU     %user     %nice   %system   %iowait    %steal     %idle
01時00分03秒     all      0.37      0.00      0.09      0.00      0.04     99.49
02時00分03秒     all      0.09      0.00      0.04      0.00      0.04     99.83
03時00分02秒     all      0.76      0.00      0.17      0.01      0.04     99.03
04時00分02秒     all      0.08      0.01      0.07      0.01      0.04     99.79
05時00分02秒     all      0.67      0.00      0.13      0.01      0.03     99.15
平均値:      all      0.40      0.00      0.10      0.01      0.04     99.46

-------------------- Logged in user --------------------


