==================== 2018-08-23 02:55:01 ====================

-------------------- uptime --------------------
 02:55:01 up 412 days, 15:44,  0 users,  load average: 0.14, 0.10, 0.08

-------------------- System info --------------------
Linux sakura-tokyo-prod 3.10.0-514.26.2.el7.x86_64 #1 SMP Tue Jul 4 15:04:05 UTC 2017 x86_64 x86_64 x86_64 GNU/Linux

-------------------- Storage usage --------------------
ファイルシス   サイズ  使用  残り 使用% マウント位置
/dev/vda4         96G  6.9G   89G    8% /
devtmpfs         2.0G     0  2.0G    0% /dev
tmpfs            2.0G     0  2.0G    0% /dev/shm
tmpfs            2.0G  1.2G  765M   62% /run
tmpfs            2.0G     0  2.0G    0% /sys/fs/cgroup
/dev/vda2        497M  219M  279M   44% /boot
tmpfs            396M     0  396M    0% /run/user/0
tmpfs            396M     0  396M    0% /run/user/1001

-------------------- System load --------------------
Linux 3.10.0-514.26.2.el7.x86_64 (sakura-tokyo-prod) 	2018年08月23日 	_x86_64_	(4 CPU)

00時00分02秒     CPU     %user     %nice   %system   %iowait    %steal     %idle
01時00分03秒     all      2.33      0.00      0.40      0.04      0.10     97.13
02時00分02秒     all      0.64      0.00      0.13      0.01      0.06     99.16
平均値:      all      1.49      0.00      0.26      0.03      0.08     98.14

-------------------- Logged in user --------------------


==================== 2018-08-23 05:55:02 ====================

-------------------- uptime --------------------
 05:55:02 up 412 days, 18:44,  0 users,  load average: 0.00, 0.01, 0.05

-------------------- System info --------------------
Linux sakura-tokyo-prod 3.10.0-514.26.2.el7.x86_64 #1 SMP Tue Jul 4 15:04:05 UTC 2017 x86_64 x86_64 x86_64 GNU/Linux

-------------------- Storage usage --------------------
ファイルシス   サイズ  使用  残り 使用% マウント位置
/dev/vda4         96G  6.9G   89G    8% /
devtmpfs         2.0G     0  2.0G    0% /dev
tmpfs            2.0G     0  2.0G    0% /dev/shm
tmpfs            2.0G  1.2G  765M   62% /run
tmpfs            2.0G     0  2.0G    0% /sys/fs/cgroup
/dev/vda2        497M  219M  279M   44% /boot
tmpfs            396M     0  396M    0% /run/user/0
tmpfs            396M     0  396M    0% /run/user/1001

-------------------- System load --------------------
Linux 3.10.0-514.26.2.el7.x86_64 (sakura-tokyo-prod) 	2018年08月23日 	_x86_64_	(4 CPU)

00時00分02秒     CPU     %user     %nice   %system   %iowait    %steal     %idle
01時00分03秒     all      2.33      0.00      0.40      0.04      0.10     97.13
02時00分02秒     all      0.64      0.00      0.13      0.01      0.06     99.16
03時00分01秒     all      0.62      0.00      0.13      0.01      0.05     99.19
04時00分02秒     all      1.06      0.00      0.20      0.01      0.08     98.65
05時00分02秒     all      1.97      0.00      0.33      0.03      0.07     97.60
平均値:      all      1.33      0.00      0.24      0.02      0.07     98.34

-------------------- Logged in user --------------------


==================== 2018-08-23 08:55:01 ====================

-------------------- uptime --------------------
 08:55:01 up 412 days, 21:44,  0 users,  load average: 0.05, 0.05, 0.06

-------------------- System info --------------------
Linux sakura-tokyo-prod 3.10.0-514.26.2.el7.x86_64 #1 SMP Tue Jul 4 15:04:05 UTC 2017 x86_64 x86_64 x86_64 GNU/Linux

-------------------- Storage usage --------------------
ファイルシス   サイズ  使用  残り 使用% マウント位置
/dev/vda4         96G  6.9G   89G    8% /
devtmpfs         2.0G     0  2.0G    0% /dev
tmpfs            2.0G     0  2.0G    0% /dev/shm
tmpfs            2.0G  1.2G  765M   62% /run
tmpfs            2.0G     0  2.0G    0% /sys/fs/cgroup
/dev/vda2        497M  219M  279M   44% /boot
tmpfs            396M     0  396M    0% /run/user/0
tmpfs            396M     0  396M    0% /run/user/1001

-------------------- System load --------------------
Linux 3.10.0-514.26.2.el7.x86_64 (sakura-tokyo-prod) 	2018年08月23日 	_x86_64_	(4 CPU)

00時00分02秒     CPU     %user     %nice   %system   %iowait    %steal     %idle
01時00分03秒     all      2.33      0.00      0.40      0.04      0.10     97.13
02時00分02秒     all      0.64      0.00      0.13      0.01      0.06     99.16
03時00分01秒     all      0.62      0.00      0.13      0.01      0.05     99.19
04時00分02秒     all      1.06      0.00      0.20      0.01      0.08     98.65
05時00分02秒     all      1.97      0.00      0.33      0.03      0.07     97.60
06時00分02秒     all      0.08      0.00      0.04      0.00      0.06     99.81
07時00分02秒     all      0.67      0.00      0.13      0.01      0.07     99.11
08時00分02秒     all      0.09      0.00      0.04      0.00      0.06     99.81
平均値:      all      0.94      0.00      0.17      0.01      0.07     98.81

-------------------- Logged in user --------------------


==================== 2018-08-23 11:55:01 ====================

-------------------- uptime --------------------
 11:55:01 up 413 days, 44 min,  0 users,  load average: 0.00, 0.03, 0.05

-------------------- System info --------------------
Linux sakura-tokyo-prod 3.10.0-514.26.2.el7.x86_64 #1 SMP Tue Jul 4 15:04:05 UTC 2017 x86_64 x86_64 x86_64 GNU/Linux

-------------------- Storage usage --------------------
ファイルシス   サイズ  使用  残り 使用% マウント位置
/dev/vda4         96G  6.9G   89G    8% /
devtmpfs         2.0G     0  2.0G    0% /dev
tmpfs            2.0G     0  2.0G    0% /dev/shm
tmpfs            2.0G  1.2G  765M   62% /run
tmpfs            2.0G     0  2.0G    0% /sys/fs/cgroup
/dev/vda2        497M  219M  279M   44% /boot
tmpfs            396M     0  396M    0% /run/user/0
tmpfs            396M     0  396M    0% /run/user/1001

-------------------- System load --------------------
Linux 3.10.0-514.26.2.el7.x86_64 (sakura-tokyo-prod) 	2018年08月23日 	_x86_64_	(4 CPU)

00時00分02秒     CPU     %user     %nice   %system   %iowait    %steal     %idle
01時00分03秒     all      2.33      0.00      0.40      0.04      0.10     97.13
02時00分02秒     all      0.64      0.00      0.13      0.01      0.06     99.16
03時00分01秒     all      0.62      0.00      0.13      0.01      0.05     99.19
04時00分02秒     all      1.06      0.00      0.20      0.01      0.08     98.65
05時00分02秒     all      1.97      0.00      0.33      0.03      0.07     97.60
06時00分02秒     all      0.08      0.00      0.04      0.00      0.06     99.81
07時00分02秒     all      0.67      0.00      0.13      0.01      0.07     99.11
08時00分02秒     all      0.09      0.00      0.04      0.00      0.06     99.81
09時00分02秒     all      0.62      0.00      0.12      0.01      0.06     99.19
10時00分02秒     all      0.66      0.00      0.14      0.01      0.07     99.12
11時00分03秒     all      0.37      0.00      0.09      0.00      0.08     99.45
平均値:      all      0.83      0.00      0.16      0.01      0.07     98.93

-------------------- Logged in user --------------------


==================== 2018-08-23 14:55:01 ====================

-------------------- uptime --------------------
 14:55:01 up 413 days,  3:44,  0 users,  load average: 0.00, 0.03, 0.05

-------------------- System info --------------------
Linux sakura-tokyo-prod 3.10.0-514.26.2.el7.x86_64 #1 SMP Tue Jul 4 15:04:05 UTC 2017 x86_64 x86_64 x86_64 GNU/Linux

-------------------- Storage usage --------------------
ファイルシス   サイズ  使用  残り 使用% マウント位置
/dev/vda4         96G  6.9G   89G    8% /
devtmpfs         2.0G     0  2.0G    0% /dev
tmpfs            2.0G     0  2.0G    0% /dev/shm
tmpfs            2.0G  1.2G  765M   62% /run
tmpfs            2.0G     0  2.0G    0% /sys/fs/cgroup
/dev/vda2        497M  219M  279M   44% /boot
tmpfs            396M     0  396M    0% /run/user/0
tmpfs            396M     0  396M    0% /run/user/1001

-------------------- System load --------------------
Linux 3.10.0-514.26.2.el7.x86_64 (sakura-tokyo-prod) 	2018年08月23日 	_x86_64_	(4 CPU)

00時00分02秒     CPU     %user     %nice   %system   %iowait    %steal     %idle
01時00分03秒     all      2.33      0.00      0.40      0.04      0.10     97.13
02時00分02秒     all      0.64      0.00      0.13      0.01      0.06     99.16
03時00分01秒     all      0.62      0.00      0.13      0.01      0.05     99.19
04時00分02秒     all      1.06      0.00      0.20      0.01      0.08     98.65
05時00分02秒     all      1.97      0.00      0.33      0.03      0.07     97.60
06時00分02秒     all      0.08      0.00      0.04      0.00      0.06     99.81
07時00分02秒     all      0.67      0.00      0.13      0.01      0.07     99.11
08時00分02秒     all      0.09      0.00      0.04      0.00      0.06     99.81
09時00分02秒     all      0.62      0.00      0.12      0.01      0.06     99.19
10時00分02秒     all      0.66      0.00      0.14      0.01      0.07     99.12
11時00分03秒     all      0.37      0.00      0.09      0.00      0.08     99.45
12時00分03秒     all      0.38      0.00      0.10      0.01      0.07     99.44
13時00分02秒     all      0.64      0.00      0.13      0.01      0.07     99.15
14時00分03秒     all      0.10      0.00      0.04      0.00      0.07     99.80
平均値:      all      0.73      0.00      0.14      0.01      0.07     99.04

-------------------- Logged in user --------------------


