==================== 2018-08-27 02:55:01 ====================

-------------------- uptime --------------------
 02:55:01 up 416 days, 15:44,  0 users,  load average: 0.00, 0.01, 0.05

-------------------- System info --------------------
Linux sakura-tokyo-prod 3.10.0-514.26.2.el7.x86_64 #1 SMP Tue Jul 4 15:04:05 UTC 2017 x86_64 x86_64 x86_64 GNU/Linux

-------------------- Storage usage --------------------
ファイルシス   サイズ  使用  残り 使用% マウント位置
/dev/vda4         96G  6.9G   89G    8% /
devtmpfs         2.0G     0  2.0G    0% /dev
tmpfs            2.0G     0  2.0G    0% /dev/shm
tmpfs            2.0G  1.2G  762M   62% /run
tmpfs            2.0G     0  2.0G    0% /sys/fs/cgroup
/dev/vda2        497M  219M  279M   44% /boot
tmpfs            396M     0  396M    0% /run/user/0
tmpfs            396M     0  396M    0% /run/user/1001

-------------------- System load --------------------
Linux 3.10.0-514.26.2.el7.x86_64 (sakura-tokyo-prod) 	2018年08月27日 	_x86_64_	(4 CPU)

00時00分03秒     CPU     %user     %nice   %system   %iowait    %steal     %idle
01時00分03秒     all      0.67      0.00      0.13      0.01      0.06     99.13
02時00分02秒     all      1.19      0.00      0.20      0.02      0.06     98.54
平均値:      all      0.93      0.00      0.17      0.01      0.06     98.84

-------------------- Logged in user --------------------


==================== 2018-08-27 05:55:01 ====================

-------------------- uptime --------------------
 05:55:01 up 416 days, 18:44,  0 users,  load average: 0.00, 0.01, 0.05

-------------------- System info --------------------
Linux sakura-tokyo-prod 3.10.0-514.26.2.el7.x86_64 #1 SMP Tue Jul 4 15:04:05 UTC 2017 x86_64 x86_64 x86_64 GNU/Linux

-------------------- Storage usage --------------------
ファイルシス   サイズ  使用  残り 使用% マウント位置
/dev/vda4         96G  6.9G   89G    8% /
devtmpfs         2.0G     0  2.0G    0% /dev
tmpfs            2.0G     0  2.0G    0% /dev/shm
tmpfs            2.0G  1.2G  762M   62% /run
tmpfs            2.0G     0  2.0G    0% /sys/fs/cgroup
/dev/vda2        497M  219M  279M   44% /boot
tmpfs            396M     0  396M    0% /run/user/0
tmpfs            396M     0  396M    0% /run/user/1001

-------------------- System load --------------------
Linux 3.10.0-514.26.2.el7.x86_64 (sakura-tokyo-prod) 	2018年08月27日 	_x86_64_	(4 CPU)

00時00分03秒     CPU     %user     %nice   %system   %iowait    %steal     %idle
01時00分03秒     all      0.67      0.00      0.13      0.01      0.06     99.13
02時00分02秒     all      1.19      0.00      0.20      0.02      0.06     98.54
03時00分02秒     all      0.36      0.00      0.08      0.00      0.05     99.51
04時00分02秒     all      1.38      0.00      0.26      0.02      0.07     98.27
05時00分02秒     all      0.42      0.00      0.07      0.00      0.08     99.42
平均値:      all      0.80      0.00      0.15      0.01      0.06     98.98

-------------------- Logged in user --------------------


==================== 2018-08-27 08:55:01 ====================

-------------------- uptime --------------------
 08:55:01 up 416 days, 21:44,  0 users,  load average: 0.00, 0.01, 0.05

-------------------- System info --------------------
Linux sakura-tokyo-prod 3.10.0-514.26.2.el7.x86_64 #1 SMP Tue Jul 4 15:04:05 UTC 2017 x86_64 x86_64 x86_64 GNU/Linux

-------------------- Storage usage --------------------
ファイルシス   サイズ  使用  残り 使用% マウント位置
/dev/vda4         96G  6.9G   89G    8% /
devtmpfs         2.0G     0  2.0G    0% /dev
tmpfs            2.0G     0  2.0G    0% /dev/shm
tmpfs            2.0G  1.2G  762M   62% /run
tmpfs            2.0G     0  2.0G    0% /sys/fs/cgroup
/dev/vda2        497M  219M  279M   44% /boot
tmpfs            396M     0  396M    0% /run/user/0
tmpfs            396M     0  396M    0% /run/user/1001

-------------------- System load --------------------
Linux 3.10.0-514.26.2.el7.x86_64 (sakura-tokyo-prod) 	2018年08月27日 	_x86_64_	(4 CPU)

00時00分03秒     CPU     %user     %nice   %system   %iowait    %steal     %idle
01時00分03秒     all      0.67      0.00      0.13      0.01      0.06     99.13
02時00分02秒     all      1.19      0.00      0.20      0.02      0.06     98.54
03時00分02秒     all      0.36      0.00      0.08      0.00      0.05     99.51
04時00分02秒     all      1.38      0.00      0.26      0.02      0.07     98.27
05時00分02秒     all      0.42      0.00      0.07      0.00      0.08     99.42
06時00分02秒     all      0.90      0.00      0.17      0.01      0.06     98.85
07時00分02秒     all      0.41      0.00      0.10      0.01      0.06     99.42
08時00分02秒     all      0.62      0.00      0.13      0.01      0.06     99.18
平均値:      all      0.74      0.00      0.14      0.01      0.06     99.04

-------------------- Logged in user --------------------


==================== 2018-08-27 11:55:01 ====================

-------------------- uptime --------------------
 11:55:01 up 417 days, 44 min,  0 users,  load average: 0.00, 0.01, 0.05

-------------------- System info --------------------
Linux sakura-tokyo-prod 3.10.0-514.26.2.el7.x86_64 #1 SMP Tue Jul 4 15:04:05 UTC 2017 x86_64 x86_64 x86_64 GNU/Linux

-------------------- Storage usage --------------------
ファイルシス   サイズ  使用  残り 使用% マウント位置
/dev/vda4         96G  6.9G   89G    8% /
devtmpfs         2.0G     0  2.0G    0% /dev
tmpfs            2.0G     0  2.0G    0% /dev/shm
tmpfs            2.0G  1.2G  761M   62% /run
tmpfs            2.0G     0  2.0G    0% /sys/fs/cgroup
/dev/vda2        497M  219M  279M   44% /boot
tmpfs            396M     0  396M    0% /run/user/0
tmpfs            396M     0  396M    0% /run/user/1001

-------------------- System load --------------------
Linux 3.10.0-514.26.2.el7.x86_64 (sakura-tokyo-prod) 	2018年08月27日 	_x86_64_	(4 CPU)

00時00分03秒     CPU     %user     %nice   %system   %iowait    %steal     %idle
01時00分03秒     all      0.67      0.00      0.13      0.01      0.06     99.13
02時00分02秒     all      1.19      0.00      0.20      0.02      0.06     98.54
03時00分02秒     all      0.36      0.00      0.08      0.00      0.05     99.51
04時00分02秒     all      1.38      0.00      0.26      0.02      0.07     98.27
05時00分02秒     all      0.42      0.00      0.07      0.00      0.08     99.42
06時00分02秒     all      0.90      0.00      0.17      0.01      0.06     98.85
07時00分02秒     all      0.41      0.00      0.10      0.01      0.06     99.42
08時00分02秒     all      0.62      0.00      0.13      0.01      0.06     99.18
09時00分02秒     all      0.37      0.00      0.08      0.01      0.06     99.49
10時00分02秒     all      0.36      0.00      0.08      0.00      0.05     99.50
11時00分02秒     all      0.09      0.00      0.04      0.00      0.05     99.83
平均値:      all      0.62      0.00      0.12      0.01      0.06     99.19

-------------------- Logged in user --------------------


==================== 2018-08-27 14:55:01 ====================

-------------------- uptime --------------------
 14:55:01 up 417 days,  3:44,  0 users,  load average: 0.00, 0.03, 0.05

-------------------- System info --------------------
Linux sakura-tokyo-prod 3.10.0-514.26.2.el7.x86_64 #1 SMP Tue Jul 4 15:04:05 UTC 2017 x86_64 x86_64 x86_64 GNU/Linux

-------------------- Storage usage --------------------
ファイルシス   サイズ  使用  残り 使用% マウント位置
/dev/vda4         96G  6.9G   89G    8% /
devtmpfs         2.0G     0  2.0G    0% /dev
tmpfs            2.0G     0  2.0G    0% /dev/shm
tmpfs            2.0G  1.2G  761M   62% /run
tmpfs            2.0G     0  2.0G    0% /sys/fs/cgroup
/dev/vda2        497M  219M  279M   44% /boot
tmpfs            396M     0  396M    0% /run/user/0
tmpfs            396M     0  396M    0% /run/user/1001

-------------------- System load --------------------
Linux 3.10.0-514.26.2.el7.x86_64 (sakura-tokyo-prod) 	2018年08月27日 	_x86_64_	(4 CPU)

00時00分03秒     CPU     %user     %nice   %system   %iowait    %steal     %idle
01時00分03秒     all      0.67      0.00      0.13      0.01      0.06     99.13
02時00分02秒     all      1.19      0.00      0.20      0.02      0.06     98.54
03時00分02秒     all      0.36      0.00      0.08      0.00      0.05     99.51
04時00分02秒     all      1.38      0.00      0.26      0.02      0.07     98.27
05時00分02秒     all      0.42      0.00      0.07      0.00      0.08     99.42
06時00分02秒     all      0.90      0.00      0.17      0.01      0.06     98.85
07時00分02秒     all      0.41      0.00      0.10      0.01      0.06     99.42
08時00分02秒     all      0.62      0.00      0.13      0.01      0.06     99.18
09時00分02秒     all      0.37      0.00      0.08      0.01      0.06     99.49
10時00分02秒     all      0.36      0.00      0.08      0.00      0.05     99.50
11時00分02秒     all      0.09      0.00      0.04      0.00      0.05     99.83
12時00分02秒     all      0.65      0.00      0.13      0.01      0.05     99.16
13時00分02秒     all      0.45      0.00      0.10      0.01      0.07     99.38
14時00分02秒     all      0.69      0.00      0.14      0.02      0.06     99.08
平均値:      all      0.61      0.00      0.12      0.01      0.06     99.20

-------------------- Logged in user --------------------


==================== 2018-08-27 17:55:01 ====================

-------------------- uptime --------------------
 17:55:01 up 417 days,  6:44,  0 users,  load average: 0.05, 0.09, 0.08

-------------------- System info --------------------
Linux sakura-tokyo-prod 3.10.0-514.26.2.el7.x86_64 #1 SMP Tue Jul 4 15:04:05 UTC 2017 x86_64 x86_64 x86_64 GNU/Linux

-------------------- Storage usage --------------------
ファイルシス   サイズ  使用  残り 使用% マウント位置
/dev/vda4         96G  6.9G   89G    8% /
devtmpfs         2.0G     0  2.0G    0% /dev
tmpfs            2.0G     0  2.0G    0% /dev/shm
tmpfs            2.0G  1.2G  761M   62% /run
tmpfs            2.0G     0  2.0G    0% /sys/fs/cgroup
/dev/vda2        497M  219M  279M   44% /boot
tmpfs            396M     0  396M    0% /run/user/0
tmpfs            396M     0  396M    0% /run/user/1001

-------------------- System load --------------------
Linux 3.10.0-514.26.2.el7.x86_64 (sakura-tokyo-prod) 	2018年08月27日 	_x86_64_	(4 CPU)

00時00分03秒     CPU     %user     %nice   %system   %iowait    %steal     %idle
01時00分03秒     all      0.67      0.00      0.13      0.01      0.06     99.13
02時00分02秒     all      1.19      0.00      0.20      0.02      0.06     98.54
03時00分02秒     all      0.36      0.00      0.08      0.00      0.05     99.51
04時00分02秒     all      1.38      0.00      0.26      0.02      0.07     98.27
05時00分02秒     all      0.42      0.00      0.07      0.00      0.08     99.42
06時00分02秒     all      0.90      0.00      0.17      0.01      0.06     98.85
07時00分02秒     all      0.41      0.00      0.10      0.01      0.06     99.42
08時00分02秒     all      0.62      0.00      0.13      0.01      0.06     99.18
09時00分02秒     all      0.37      0.00      0.08      0.01      0.06     99.49
10時00分02秒     all      0.36      0.00      0.08      0.00      0.05     99.50
11時00分02秒     all      0.09      0.00      0.04      0.00      0.05     99.83
12時00分02秒     all      0.65      0.00      0.13      0.01      0.05     99.16
13時00分02秒     all      0.45      0.00      0.10      0.01      0.07     99.38
14時00分02秒     all      0.69      0.00      0.14      0.02      0.06     99.08
15時00分02秒     all      0.37      0.01      0.08      0.01      0.07     99.46
16時00分02秒     all      0.63      0.01      0.13      0.01      0.07     99.16
17時00分02秒     all      0.66      0.01      0.14      0.01      0.07     99.11
平均値:      all      0.60      0.00      0.12      0.01      0.06     99.20

-------------------- Logged in user --------------------


==================== 2018-08-27 20:55:01 ====================

-------------------- uptime --------------------
 20:55:01 up 417 days,  9:44,  0 users,  load average: 0.00, 0.04, 0.05

-------------------- System info --------------------
Linux sakura-tokyo-prod 3.10.0-514.26.2.el7.x86_64 #1 SMP Tue Jul 4 15:04:05 UTC 2017 x86_64 x86_64 x86_64 GNU/Linux

-------------------- Storage usage --------------------
ファイルシス   サイズ  使用  残り 使用% マウント位置
/dev/vda4         96G  6.9G   89G    8% /
devtmpfs         2.0G     0  2.0G    0% /dev
tmpfs            2.0G     0  2.0G    0% /dev/shm
tmpfs            2.0G  1.2G  761M   62% /run
tmpfs            2.0G     0  2.0G    0% /sys/fs/cgroup
/dev/vda2        497M  219M  279M   44% /boot
tmpfs            396M     0  396M    0% /run/user/0
tmpfs            396M     0  396M    0% /run/user/1001

-------------------- System load --------------------
Linux 3.10.0-514.26.2.el7.x86_64 (sakura-tokyo-prod) 	2018年08月27日 	_x86_64_	(4 CPU)

00時00分03秒     CPU     %user     %nice   %system   %iowait    %steal     %idle
01時00分03秒     all      0.67      0.00      0.13      0.01      0.06     99.13
02時00分02秒     all      1.19      0.00      0.20      0.02      0.06     98.54
03時00分02秒     all      0.36      0.00      0.08      0.00      0.05     99.51
04時00分02秒     all      1.38      0.00      0.26      0.02      0.07     98.27
05時00分02秒     all      0.42      0.00      0.07      0.00      0.08     99.42
06時00分02秒     all      0.90      0.00      0.17      0.01      0.06     98.85
07時00分02秒     all      0.41      0.00      0.10      0.01      0.06     99.42
08時00分02秒     all      0.62      0.00      0.13      0.01      0.06     99.18
09時00分02秒     all      0.37      0.00      0.08      0.01      0.06     99.49
10時00分02秒     all      0.36      0.00      0.08      0.00      0.05     99.50
11時00分02秒     all      0.09      0.00      0.04      0.00      0.05     99.83
12時00分02秒     all      0.65      0.00      0.13      0.01      0.05     99.16
13時00分02秒     all      0.45      0.00      0.10      0.01      0.07     99.38
14時00分02秒     all      0.69      0.00      0.14      0.02      0.06     99.08
15時00分02秒     all      0.37      0.01      0.08      0.01      0.07     99.46
16時00分02秒     all      0.63      0.01      0.13      0.01      0.07     99.16
17時00分02秒     all      0.66      0.01      0.14      0.01      0.07     99.11
18時00分03秒     all      0.38      0.01      0.09      0.01      0.06     99.47
19時00分02秒     all      0.64      0.01      0.13      0.01      0.06     99.16
20時00分02秒     all      0.66      0.01      0.13      0.01      0.06     99.13
平均値:      all      0.60      0.00      0.12      0.01      0.06     99.21

-------------------- Logged in user --------------------


