==================== 2018-05-01 02:55:02 ====================

-------------------- uptime --------------------
 02:55:02 up 298 days, 15:44,  1 user,  load average: 0.00, 0.03, 0.05

-------------------- System info --------------------
Linux sakura-tokyo-prod 3.10.0-514.26.2.el7.x86_64 #1 SMP Tue Jul 4 15:04:05 UTC 2017 x86_64 x86_64 x86_64 GNU/Linux

-------------------- Storage usage --------------------
ファイルシス   サイズ  使用  残り 使用% マウント位置
/dev/vda4         96G  6.2G   90G    7% /
devtmpfs         2.0G     0  2.0G    0% /dev
tmpfs            2.0G     0  2.0G    0% /dev/shm
tmpfs            2.0G  1.1G  850M   57% /run
tmpfs            2.0G     0  2.0G    0% /sys/fs/cgroup
/dev/vda2        497M  215M  283M   44% /boot
tmpfs            396M     0  396M    0% /run/user/0
tmpfs            396M     0  396M    0% /run/user/1001

-------------------- System load --------------------
Linux 3.10.0-514.26.2.el7.x86_64 (sakura-tokyo-prod) 	2018年05月01日 	_x86_64_	(4 CPU)

00時00分01秒     CPU     %user     %nice   %system   %iowait    %steal     %idle
01時00分01秒     all      1.76      0.00      0.28      0.03      0.06     97.87
02時00分02秒     all      0.99      0.00      0.17      0.02      0.04     98.78
平均値:      all      1.37      0.00      0.23      0.02      0.05     98.32

-------------------- Logged in user --------------------
k82ef217 2018-04-23 22:52

==================== 2018-05-01 05:55:01 ====================

-------------------- uptime --------------------
 05:55:01 up 298 days, 18:44,  1 user,  load average: 0.00, 0.01, 0.05

-------------------- System info --------------------
Linux sakura-tokyo-prod 3.10.0-514.26.2.el7.x86_64 #1 SMP Tue Jul 4 15:04:05 UTC 2017 x86_64 x86_64 x86_64 GNU/Linux

-------------------- Storage usage --------------------
ファイルシス   サイズ  使用  残り 使用% マウント位置
/dev/vda4         96G  6.2G   90G    7% /
devtmpfs         2.0G     0  2.0G    0% /dev
tmpfs            2.0G     0  2.0G    0% /dev/shm
tmpfs            2.0G  1.1G  850M   57% /run
tmpfs            2.0G     0  2.0G    0% /sys/fs/cgroup
/dev/vda2        497M  215M  283M   44% /boot
tmpfs            396M     0  396M    0% /run/user/0
tmpfs            396M     0  396M    0% /run/user/1001

-------------------- System load --------------------
Linux 3.10.0-514.26.2.el7.x86_64 (sakura-tokyo-prod) 	2018年05月01日 	_x86_64_	(4 CPU)

00時00分01秒     CPU     %user     %nice   %system   %iowait    %steal     %idle
01時00分01秒     all      1.76      0.00      0.28      0.03      0.06     97.87
02時00分02秒     all      0.99      0.00      0.17      0.02      0.04     98.78
03時00分02秒     all      1.55      0.00      0.25      0.02      0.05     98.13
04時00分01秒     all      1.15      0.00      0.19      0.02      0.05     98.60
05時00分02秒     all      1.16      0.00      0.20      0.02      0.05     98.57
平均値:      all      1.32      0.00      0.22      0.02      0.05     98.39

-------------------- Logged in user --------------------
k0f0974b 2018-04-23 22:52

==================== 2018-05-01 08:55:01 ====================

-------------------- uptime --------------------
 08:55:01 up 298 days, 21:44,  1 user,  load average: 0.00, 0.01, 0.05

-------------------- System info --------------------
Linux sakura-tokyo-prod 3.10.0-514.26.2.el7.x86_64 #1 SMP Tue Jul 4 15:04:05 UTC 2017 x86_64 x86_64 x86_64 GNU/Linux

-------------------- Storage usage --------------------
ファイルシス   サイズ  使用  残り 使用% マウント位置
/dev/vda4         96G  6.2G   90G    7% /
devtmpfs         2.0G     0  2.0G    0% /dev
tmpfs            2.0G     0  2.0G    0% /dev/shm
tmpfs            2.0G  1.1G  850M   58% /run
tmpfs            2.0G     0  2.0G    0% /sys/fs/cgroup
/dev/vda2        497M  215M  283M   44% /boot
tmpfs            396M     0  396M    0% /run/user/0
tmpfs            396M     0  396M    0% /run/user/1001

-------------------- System load --------------------
Linux 3.10.0-514.26.2.el7.x86_64 (sakura-tokyo-prod) 	2018年05月01日 	_x86_64_	(4 CPU)

00時00分01秒     CPU     %user     %nice   %system   %iowait    %steal     %idle
01時00分01秒     all      1.76      0.00      0.28      0.03      0.06     97.87
02時00分02秒     all      0.99      0.00      0.17      0.02      0.04     98.78
03時00分02秒     all      1.55      0.00      0.25      0.02      0.05     98.13
04時00分01秒     all      1.15      0.00      0.19      0.02      0.05     98.60
05時00分02秒     all      1.16      0.00      0.20      0.02      0.05     98.57
06時00分02秒     all      1.42      0.00      0.23      0.02      0.05     98.28
07時00分02秒     all      0.36      0.00      0.08      0.00      0.04     99.51
08時00分02秒     all      0.37      0.00      0.09      0.01      0.05     99.49
平均値:      all      1.10      0.00      0.18      0.02      0.05     98.65

-------------------- Logged in user --------------------
kc2411a3 2018-04-23 22:52

==================== 2018-05-01 11:55:01 ====================

-------------------- uptime --------------------
 11:55:01 up 299 days, 44 min,  1 user,  load average: 0.00, 0.01, 0.05

-------------------- System info --------------------
Linux sakura-tokyo-prod 3.10.0-514.26.2.el7.x86_64 #1 SMP Tue Jul 4 15:04:05 UTC 2017 x86_64 x86_64 x86_64 GNU/Linux

-------------------- Storage usage --------------------
ファイルシス   サイズ  使用  残り 使用% マウント位置
/dev/vda4         96G  6.2G   90G    7% /
devtmpfs         2.0G     0  2.0G    0% /dev
tmpfs            2.0G     0  2.0G    0% /dev/shm
tmpfs            2.0G  1.1G  850M   58% /run
tmpfs            2.0G     0  2.0G    0% /sys/fs/cgroup
/dev/vda2        497M  215M  283M   44% /boot
tmpfs            396M     0  396M    0% /run/user/0
tmpfs            396M     0  396M    0% /run/user/1001

-------------------- System load --------------------
Linux 3.10.0-514.26.2.el7.x86_64 (sakura-tokyo-prod) 	2018年05月01日 	_x86_64_	(4 CPU)

00時00分01秒     CPU     %user     %nice   %system   %iowait    %steal     %idle
01時00分01秒     all      1.76      0.00      0.28      0.03      0.06     97.87
02時00分02秒     all      0.99      0.00      0.17      0.02      0.04     98.78
03時00分02秒     all      1.55      0.00      0.25      0.02      0.05     98.13
04時00分01秒     all      1.15      0.00      0.19      0.02      0.05     98.60
05時00分02秒     all      1.16      0.00      0.20      0.02      0.05     98.57
06時00分02秒     all      1.42      0.00      0.23      0.02      0.05     98.28
07時00分02秒     all      0.36      0.00      0.08      0.00      0.04     99.51
08時00分02秒     all      0.37      0.00      0.09      0.01      0.05     99.49
09時00分02秒     all      0.35      0.00      0.08      0.00      0.06     99.51
10時00分02秒     all      0.10      0.00      0.04      0.00      0.05     99.81
11時00分02秒     all      0.92      0.00      0.16      0.01      0.06     98.85
平均値:      all      0.92      0.00      0.16      0.02      0.05     98.85

-------------------- Logged in user --------------------
k92103ff 2018-04-23 22:52

==================== 2018-05-01 14:55:01 ====================

-------------------- uptime --------------------
 14:55:01 up 299 days,  3:44,  1 user,  load average: 0.00, 0.01, 0.05

-------------------- System info --------------------
Linux sakura-tokyo-prod 3.10.0-514.26.2.el7.x86_64 #1 SMP Tue Jul 4 15:04:05 UTC 2017 x86_64 x86_64 x86_64 GNU/Linux

-------------------- Storage usage --------------------
ファイルシス   サイズ  使用  残り 使用% マウント位置
/dev/vda4         96G  6.2G   90G    7% /
devtmpfs         2.0G     0  2.0G    0% /dev
tmpfs            2.0G     0  2.0G    0% /dev/shm
tmpfs            2.0G  1.2G  850M   58% /run
tmpfs            2.0G     0  2.0G    0% /sys/fs/cgroup
/dev/vda2        497M  215M  283M   44% /boot
tmpfs            396M     0  396M    0% /run/user/0
tmpfs            396M     0  396M    0% /run/user/1001

-------------------- System load --------------------
Linux 3.10.0-514.26.2.el7.x86_64 (sakura-tokyo-prod) 	2018年05月01日 	_x86_64_	(4 CPU)

00時00分01秒     CPU     %user     %nice   %system   %iowait    %steal     %idle
01時00分01秒     all      1.76      0.00      0.28      0.03      0.06     97.87
02時00分02秒     all      0.99      0.00      0.17      0.02      0.04     98.78
03時00分02秒     all      1.55      0.00      0.25      0.02      0.05     98.13
04時00分01秒     all      1.15      0.00      0.19      0.02      0.05     98.60
05時00分02秒     all      1.16      0.00      0.20      0.02      0.05     98.57
06時00分02秒     all      1.42      0.00      0.23      0.02      0.05     98.28
07時00分02秒     all      0.36      0.00      0.08      0.00      0.04     99.51
08時00分02秒     all      0.37      0.00      0.09      0.01      0.05     99.49
09時00分02秒     all      0.35      0.00      0.08      0.00      0.06     99.51
10時00分02秒     all      0.10      0.00      0.04      0.00      0.05     99.81
11時00分02秒     all      0.92      0.00      0.16      0.01      0.06     98.85
12時00分02秒     all      0.09      0.00      0.04      0.00      0.04     99.82
13時00分02秒     all      0.38      0.00      0.09      0.01      0.05     99.47
14時00分02秒     all      0.09      0.00      0.04      0.00      0.04     99.83
平均値:      all      0.76      0.00      0.14      0.01      0.05     99.04

-------------------- Logged in user --------------------
k0c231eb 2018-04-23 22:52

==================== 2018-05-01 17:55:01 ====================

-------------------- uptime --------------------
 17:55:01 up 299 days,  6:44,  1 user,  load average: 0.00, 0.01, 0.05

-------------------- System info --------------------
Linux sakura-tokyo-prod 3.10.0-514.26.2.el7.x86_64 #1 SMP Tue Jul 4 15:04:05 UTC 2017 x86_64 x86_64 x86_64 GNU/Linux

-------------------- Storage usage --------------------
ファイルシス   サイズ  使用  残り 使用% マウント位置
/dev/vda4         96G  6.2G   90G    7% /
devtmpfs         2.0G     0  2.0G    0% /dev
tmpfs            2.0G     0  2.0G    0% /dev/shm
tmpfs            2.0G  1.2G  850M   58% /run
tmpfs            2.0G     0  2.0G    0% /sys/fs/cgroup
/dev/vda2        497M  215M  283M   44% /boot
tmpfs            396M     0  396M    0% /run/user/0
tmpfs            396M     0  396M    0% /run/user/1001

-------------------- System load --------------------
Linux 3.10.0-514.26.2.el7.x86_64 (sakura-tokyo-prod) 	2018年05月01日 	_x86_64_	(4 CPU)

00時00分01秒     CPU     %user     %nice   %system   %iowait    %steal     %idle
01時00分01秒     all      1.76      0.00      0.28      0.03      0.06     97.87
02時00分02秒     all      0.99      0.00      0.17      0.02      0.04     98.78
03時00分02秒     all      1.55      0.00      0.25      0.02      0.05     98.13
04時00分01秒     all      1.15      0.00      0.19      0.02      0.05     98.60
05時00分02秒     all      1.16      0.00      0.20      0.02      0.05     98.57
06時00分02秒     all      1.42      0.00      0.23      0.02      0.05     98.28
07時00分02秒     all      0.36      0.00      0.08      0.00      0.04     99.51
08時00分02秒     all      0.37      0.00      0.09      0.01      0.05     99.49
09時00分02秒     all      0.35      0.00      0.08      0.00      0.06     99.51
10時00分02秒     all      0.10      0.00      0.04      0.00      0.05     99.81
11時00分02秒     all      0.92      0.00      0.16      0.01      0.06     98.85
12時00分02秒     all      0.09      0.00      0.04      0.00      0.04     99.82
13時00分02秒     all      0.38      0.00      0.09      0.01      0.05     99.47
14時00分02秒     all      0.09      0.00      0.04      0.00      0.04     99.83
15時00分02秒     all      0.87      0.00      0.15      0.01      0.04     98.92
16時00分02秒     all      0.10      0.00      0.04      0.00      0.05     99.80
17時00分02秒     all      0.37      0.00      0.09      0.01      0.06     99.48
平均値:      all      0.71      0.00      0.13      0.01      0.05     99.10

-------------------- Logged in user --------------------
kec0c6ae 2018-04-23 22:52

==================== 2018-05-01 20:55:01 ====================

-------------------- uptime --------------------
 20:55:01 up 299 days,  9:44,  1 user,  load average: 0.47, 0.14, 0.08

-------------------- System info --------------------
Linux sakura-tokyo-prod 3.10.0-514.26.2.el7.x86_64 #1 SMP Tue Jul 4 15:04:05 UTC 2017 x86_64 x86_64 x86_64 GNU/Linux

-------------------- Storage usage --------------------
ファイルシス   サイズ  使用  残り 使用% マウント位置
/dev/vda4         96G  6.2G   90G    7% /
devtmpfs         2.0G     0  2.0G    0% /dev
tmpfs            2.0G     0  2.0G    0% /dev/shm
tmpfs            2.0G  1.2G  850M   58% /run
tmpfs            2.0G     0  2.0G    0% /sys/fs/cgroup
/dev/vda2        497M  215M  283M   44% /boot
tmpfs            396M     0  396M    0% /run/user/0
tmpfs            396M     0  396M    0% /run/user/1001

-------------------- System load --------------------
Linux 3.10.0-514.26.2.el7.x86_64 (sakura-tokyo-prod) 	2018年05月01日 	_x86_64_	(4 CPU)

00時00分01秒     CPU     %user     %nice   %system   %iowait    %steal     %idle
01時00分01秒     all      1.76      0.00      0.28      0.03      0.06     97.87
02時00分02秒     all      0.99      0.00      0.17      0.02      0.04     98.78
03時00分02秒     all      1.55      0.00      0.25      0.02      0.05     98.13
04時00分01秒     all      1.15      0.00      0.19      0.02      0.05     98.60
05時00分02秒     all      1.16      0.00      0.20      0.02      0.05     98.57
06時00分02秒     all      1.42      0.00      0.23      0.02      0.05     98.28
07時00分02秒     all      0.36      0.00      0.08      0.00      0.04     99.51
08時00分02秒     all      0.37      0.00      0.09      0.01      0.05     99.49
09時00分02秒     all      0.35      0.00      0.08      0.00      0.06     99.51
10時00分02秒     all      0.10      0.00      0.04      0.00      0.05     99.81
11時00分02秒     all      0.92      0.00      0.16      0.01      0.06     98.85
12時00分02秒     all      0.09      0.00      0.04      0.00      0.04     99.82
13時00分02秒     all      0.38      0.00      0.09      0.01      0.05     99.47
14時00分02秒     all      0.09      0.00      0.04      0.00      0.04     99.83
15時00分02秒     all      0.87      0.00      0.15      0.01      0.04     98.92
16時00分02秒     all      0.10      0.00      0.04      0.00      0.05     99.80
17時00分02秒     all      0.37      0.00      0.09      0.01      0.06     99.48
18時00分02秒     all      0.10      0.00      0.04      0.00      0.04     99.82
19時00分02秒     all      0.65      0.00      0.12      0.01      0.06     99.16
20時00分02秒     all      0.11      0.00      0.04      0.00      0.05     99.79
平均値:      all      0.64      0.00      0.12      0.01      0.05     99.17

-------------------- Logged in user --------------------
k29f334e 2018-04-23 22:52

