==================== 2018-05-02 02:55:01 ====================

-------------------- uptime --------------------
 02:55:01 up 299 days, 15:44,  1 user,  load average: 0.02, 0.08, 0.12

-------------------- System info --------------------
Linux sakura-tokyo-prod 3.10.0-514.26.2.el7.x86_64 #1 SMP Tue Jul 4 15:04:05 UTC 2017 x86_64 x86_64 x86_64 GNU/Linux

-------------------- Storage usage --------------------
ファイルシス   サイズ  使用  残り 使用% マウント位置
/dev/vda4         96G  6.2G   90G    7% /
devtmpfs         2.0G     0  2.0G    0% /dev
tmpfs            2.0G     0  2.0G    0% /dev/shm
tmpfs            2.0G  1.2G  849M   58% /run
tmpfs            2.0G     0  2.0G    0% /sys/fs/cgroup
/dev/vda2        497M  215M  283M   44% /boot
tmpfs            396M     0  396M    0% /run/user/0
tmpfs            396M     0  396M    0% /run/user/1001

-------------------- System load --------------------
Linux 3.10.0-514.26.2.el7.x86_64 (sakura-tokyo-prod) 	2018年05月02日 	_x86_64_	(4 CPU)

00時00分02秒     CPU     %user     %nice   %system   %iowait    %steal     %idle
01時00分02秒     all      0.64      0.00      0.12      0.01      0.08     99.15
02時00分02秒     all      0.62      0.00      0.12      0.01      0.07     99.18
平均値:      all      0.63      0.00      0.12      0.01      0.08     99.17

-------------------- Logged in user --------------------
kfe349b6 2018-04-23 22:52

==================== 2018-05-02 05:55:01 ====================

-------------------- uptime --------------------
 05:55:01 up 299 days, 18:44,  1 user,  load average: 0.00, 0.01, 0.05

-------------------- System info --------------------
Linux sakura-tokyo-prod 3.10.0-514.26.2.el7.x86_64 #1 SMP Tue Jul 4 15:04:05 UTC 2017 x86_64 x86_64 x86_64 GNU/Linux

-------------------- Storage usage --------------------
ファイルシス   サイズ  使用  残り 使用% マウント位置
/dev/vda4         96G  6.2G   90G    7% /
devtmpfs         2.0G     0  2.0G    0% /dev
tmpfs            2.0G     0  2.0G    0% /dev/shm
tmpfs            2.0G  1.2G  849M   58% /run
tmpfs            2.0G     0  2.0G    0% /sys/fs/cgroup
/dev/vda2        497M  215M  283M   44% /boot
tmpfs            396M     0  396M    0% /run/user/0
tmpfs            396M     0  396M    0% /run/user/1001

-------------------- System load --------------------
Linux 3.10.0-514.26.2.el7.x86_64 (sakura-tokyo-prod) 	2018年05月02日 	_x86_64_	(4 CPU)

00時00分02秒     CPU     %user     %nice   %system   %iowait    %steal     %idle
01時00分02秒     all      0.64      0.00      0.12      0.01      0.08     99.15
02時00分02秒     all      0.62      0.00      0.12      0.01      0.07     99.18
03時00分02秒     all      1.70      0.00      0.29      0.03      0.10     97.89
04時00分02秒     all      0.34      0.00      0.08      0.01      0.07     99.50
05時00分02秒     all      0.36      0.00      0.08      0.00      0.09     99.47
平均値:      all      0.73      0.00      0.14      0.01      0.08     99.04

-------------------- Logged in user --------------------
k99be921 2018-04-23 22:52

==================== 2018-05-02 08:55:01 ====================

-------------------- uptime --------------------
 08:55:01 up 299 days, 21:44,  1 user,  load average: 0.00, 0.01, 0.05

-------------------- System info --------------------
Linux sakura-tokyo-prod 3.10.0-514.26.2.el7.x86_64 #1 SMP Tue Jul 4 15:04:05 UTC 2017 x86_64 x86_64 x86_64 GNU/Linux

-------------------- Storage usage --------------------
ファイルシス   サイズ  使用  残り 使用% マウント位置
/dev/vda4         96G  6.2G   90G    7% /
devtmpfs         2.0G     0  2.0G    0% /dev
tmpfs            2.0G     0  2.0G    0% /dev/shm
tmpfs            2.0G  1.2G  849M   58% /run
tmpfs            2.0G     0  2.0G    0% /sys/fs/cgroup
/dev/vda2        497M  215M  283M   44% /boot
tmpfs            396M     0  396M    0% /run/user/0
tmpfs            396M     0  396M    0% /run/user/1001

-------------------- System load --------------------
Linux 3.10.0-514.26.2.el7.x86_64 (sakura-tokyo-prod) 	2018年05月02日 	_x86_64_	(4 CPU)

00時00分02秒     CPU     %user     %nice   %system   %iowait    %steal     %idle
01時00分02秒     all      0.64      0.00      0.12      0.01      0.08     99.15
02時00分02秒     all      0.62      0.00      0.12      0.01      0.07     99.18
03時00分02秒     all      1.70      0.00      0.29      0.03      0.10     97.89
04時00分02秒     all      0.34      0.00      0.08      0.01      0.07     99.50
05時00分02秒     all      0.36      0.00      0.08      0.00      0.09     99.47
06時00分02秒     all      0.38      0.00      0.08      0.01      0.10     99.44
07時00分02秒     all      0.37      0.00      0.08      0.01      0.09     99.45
08時00分02秒     all      0.09      0.00      0.04      0.00      0.09     99.78
平均値:      all      0.56      0.00      0.11      0.01      0.09     99.23

-------------------- Logged in user --------------------
kedbcb1a 2018-04-23 22:52

