==================== 2018-05-03 02:55:01 ====================

-------------------- uptime --------------------
 02:55:01 up 300 days, 15:44,  1 user,  load average: 0.00, 0.01, 0.05

-------------------- System info --------------------
Linux sakura-tokyo-prod 3.10.0-514.26.2.el7.x86_64 #1 SMP Tue Jul 4 15:04:05 UTC 2017 x86_64 x86_64 x86_64 GNU/Linux

-------------------- Storage usage --------------------
ファイルシス   サイズ  使用  残り 使用% マウント位置
/dev/vda4         96G  6.2G   90G    7% /
devtmpfs         2.0G     0  2.0G    0% /dev
tmpfs            2.0G     0  2.0G    0% /dev/shm
tmpfs            2.0G  1.2G  848M   58% /run
tmpfs            2.0G     0  2.0G    0% /sys/fs/cgroup
/dev/vda2        497M  215M  283M   44% /boot
tmpfs            396M     0  396M    0% /run/user/0
tmpfs            396M     0  396M    0% /run/user/1001

-------------------- System load --------------------
Linux 3.10.0-514.26.2.el7.x86_64 (sakura-tokyo-prod) 	2018年05月03日 	_x86_64_	(4 CPU)

00時00分02秒     CPU     %user     %nice   %system   %iowait    %steal     %idle
01時00分02秒     all      0.11      0.00      0.05      0.00      0.04     99.79
02時00分02秒     all      0.62      0.00      0.12      0.01      0.05     99.21
平均値:      all      0.37      0.00      0.08      0.00      0.05     99.50

-------------------- Logged in user --------------------
k58651e7 2018-04-23 22:52

==================== 2018-05-03 05:55:01 ====================

-------------------- uptime --------------------
 05:55:01 up 300 days, 18:44,  1 user,  load average: 0.00, 0.01, 0.05

-------------------- System info --------------------
Linux sakura-tokyo-prod 3.10.0-514.26.2.el7.x86_64 #1 SMP Tue Jul 4 15:04:05 UTC 2017 x86_64 x86_64 x86_64 GNU/Linux

-------------------- Storage usage --------------------
ファイルシス   サイズ  使用  残り 使用% マウント位置
/dev/vda4         96G  6.2G   90G    7% /
devtmpfs         2.0G     0  2.0G    0% /dev
tmpfs            2.0G     0  2.0G    0% /dev/shm
tmpfs            2.0G  1.2G  848M   58% /run
tmpfs            2.0G     0  2.0G    0% /sys/fs/cgroup
/dev/vda2        497M  215M  283M   44% /boot
tmpfs            396M     0  396M    0% /run/user/0
tmpfs            396M     0  396M    0% /run/user/1001

-------------------- System load --------------------
Linux 3.10.0-514.26.2.el7.x86_64 (sakura-tokyo-prod) 	2018年05月03日 	_x86_64_	(4 CPU)

00時00分02秒     CPU     %user     %nice   %system   %iowait    %steal     %idle
01時00分02秒     all      0.11      0.00      0.05      0.00      0.04     99.79
02時00分02秒     all      0.62      0.00      0.12      0.01      0.05     99.21
03時00分02秒     all      0.39      0.00      0.09      0.01      0.06     99.45
04時00分03秒     all      0.22      0.00      0.06      0.00      0.06     99.65
05時00分02秒     all      0.23      0.00      0.06      0.00      0.05     99.66
平均値:      all      0.31      0.00      0.07      0.00      0.05     99.55

-------------------- Logged in user --------------------
k9a65048 2018-04-23 22:52

==================== 2018-05-03 08:55:01 ====================

-------------------- uptime --------------------
 08:55:01 up 300 days, 21:44,  1 user,  load average: 0.00, 0.01, 0.05

-------------------- System info --------------------
Linux sakura-tokyo-prod 3.10.0-514.26.2.el7.x86_64 #1 SMP Tue Jul 4 15:04:05 UTC 2017 x86_64 x86_64 x86_64 GNU/Linux

-------------------- Storage usage --------------------
ファイルシス   サイズ  使用  残り 使用% マウント位置
/dev/vda4         96G  6.2G   90G    7% /
devtmpfs         2.0G     0  2.0G    0% /dev
tmpfs            2.0G     0  2.0G    0% /dev/shm
tmpfs            2.0G  1.2G  848M   58% /run
tmpfs            2.0G     0  2.0G    0% /sys/fs/cgroup
/dev/vda2        497M  215M  283M   44% /boot
tmpfs            396M     0  396M    0% /run/user/0
tmpfs            396M     0  396M    0% /run/user/1001

-------------------- System load --------------------
Linux 3.10.0-514.26.2.el7.x86_64 (sakura-tokyo-prod) 	2018年05月03日 	_x86_64_	(4 CPU)

00時00分02秒     CPU     %user     %nice   %system   %iowait    %steal     %idle
01時00分02秒     all      0.11      0.00      0.05      0.00      0.04     99.79
02時00分02秒     all      0.62      0.00      0.12      0.01      0.05     99.21
03時00分02秒     all      0.39      0.00      0.09      0.01      0.06     99.45
04時00分03秒     all      0.22      0.00      0.06      0.00      0.06     99.65
05時00分02秒     all      0.23      0.00      0.06      0.00      0.05     99.66
06時00分02秒     all      0.63      0.00      0.12      0.01      0.06     99.19
07時00分02秒     all      0.11      0.00      0.05      0.00      0.05     99.79
08時00分02秒     all      0.32      0.00      0.07      0.01      0.06     99.54
平均値:      all      0.33      0.00      0.08      0.01      0.05     99.54

-------------------- Logged in user --------------------
k879eb86 2018-04-23 22:52

==================== 2018-05-03 11:55:01 ====================

-------------------- uptime --------------------
 11:55:01 up 301 days, 44 min,  1 user,  load average: 0.01, 0.02, 0.05

-------------------- System info --------------------
Linux sakura-tokyo-prod 3.10.0-514.26.2.el7.x86_64 #1 SMP Tue Jul 4 15:04:05 UTC 2017 x86_64 x86_64 x86_64 GNU/Linux

-------------------- Storage usage --------------------
ファイルシス   サイズ  使用  残り 使用% マウント位置
/dev/vda4         96G  6.2G   90G    7% /
devtmpfs         2.0G     0  2.0G    0% /dev
tmpfs            2.0G     0  2.0G    0% /dev/shm
tmpfs            2.0G  1.2G  848M   58% /run
tmpfs            2.0G     0  2.0G    0% /sys/fs/cgroup
/dev/vda2        497M  215M  283M   44% /boot
tmpfs            396M     0  396M    0% /run/user/0
tmpfs            396M     0  396M    0% /run/user/1001

-------------------- System load --------------------
Linux 3.10.0-514.26.2.el7.x86_64 (sakura-tokyo-prod) 	2018年05月03日 	_x86_64_	(4 CPU)

00時00分02秒     CPU     %user     %nice   %system   %iowait    %steal     %idle
01時00分02秒     all      0.11      0.00      0.05      0.00      0.04     99.79
02時00分02秒     all      0.62      0.00      0.12      0.01      0.05     99.21
03時00分02秒     all      0.39      0.00      0.09      0.01      0.06     99.45
04時00分03秒     all      0.22      0.00      0.06      0.00      0.06     99.65
05時00分02秒     all      0.23      0.00      0.06      0.00      0.05     99.66
06時00分02秒     all      0.63      0.00      0.12      0.01      0.06     99.19
07時00分02秒     all      0.11      0.00      0.05      0.00      0.05     99.79
08時00分02秒     all      0.32      0.00      0.07      0.01      0.06     99.54
09時00分03秒     all      0.38      0.00      0.09      0.01      0.06     99.47
10時00分02秒     all      0.35      0.00      0.08      0.01      0.06     99.52
11時00分02秒     all      0.11      0.00      0.04      0.00      0.06     99.79
平均値:      all      0.31      0.00      0.07      0.00      0.06     99.55

-------------------- Logged in user --------------------
k2ffbf42 2018-04-23 22:52

==================== 2018-05-03 14:55:01 ====================

-------------------- uptime --------------------
 14:55:01 up 301 days,  3:44,  1 user,  load average: 0.19, 0.12, 0.08

-------------------- System info --------------------
Linux sakura-tokyo-prod 3.10.0-514.26.2.el7.x86_64 #1 SMP Tue Jul 4 15:04:05 UTC 2017 x86_64 x86_64 x86_64 GNU/Linux

-------------------- Storage usage --------------------
ファイルシス   サイズ  使用  残り 使用% マウント位置
/dev/vda4         96G  6.2G   90G    7% /
devtmpfs         2.0G     0  2.0G    0% /dev
tmpfs            2.0G     0  2.0G    0% /dev/shm
tmpfs            2.0G  1.2G  848M   58% /run
tmpfs            2.0G     0  2.0G    0% /sys/fs/cgroup
/dev/vda2        497M  215M  283M   44% /boot
tmpfs            396M     0  396M    0% /run/user/0
tmpfs            396M     0  396M    0% /run/user/1001

-------------------- System load --------------------
Linux 3.10.0-514.26.2.el7.x86_64 (sakura-tokyo-prod) 	2018年05月03日 	_x86_64_	(4 CPU)

00時00分02秒     CPU     %user     %nice   %system   %iowait    %steal     %idle
01時00分02秒     all      0.11      0.00      0.05      0.00      0.04     99.79
02時00分02秒     all      0.62      0.00      0.12      0.01      0.05     99.21
03時00分02秒     all      0.39      0.00      0.09      0.01      0.06     99.45
04時00分03秒     all      0.22      0.00      0.06      0.00      0.06     99.65
05時00分02秒     all      0.23      0.00      0.06      0.00      0.05     99.66
06時00分02秒     all      0.63      0.00      0.12      0.01      0.06     99.19
07時00分02秒     all      0.11      0.00      0.05      0.00      0.05     99.79
08時00分02秒     all      0.32      0.00      0.07      0.01      0.06     99.54
09時00分03秒     all      0.38      0.00      0.09      0.01      0.06     99.47
10時00分02秒     all      0.35      0.00      0.08      0.01      0.06     99.52
11時00分02秒     all      0.11      0.00      0.04      0.00      0.06     99.79
12時00分02秒     all      0.35      0.00      0.07      0.00      0.05     99.52
13時00分03秒     all      0.38      0.00      0.08      0.01      0.06     99.48
14時00分02秒     all      0.37      0.00      0.08      0.01      0.05     99.50
平均値:      all      0.33      0.00      0.07      0.00      0.05     99.54

-------------------- Logged in user --------------------
k26c4e73 2018-04-23 22:52

==================== 2018-05-03 17:55:01 ====================

-------------------- uptime --------------------
 17:55:01 up 301 days,  6:44,  1 user,  load average: 0.00, 0.01, 0.05

-------------------- System info --------------------
Linux sakura-tokyo-prod 3.10.0-514.26.2.el7.x86_64 #1 SMP Tue Jul 4 15:04:05 UTC 2017 x86_64 x86_64 x86_64 GNU/Linux

-------------------- Storage usage --------------------
ファイルシス   サイズ  使用  残り 使用% マウント位置
/dev/vda4         96G  6.2G   90G    7% /
devtmpfs         2.0G     0  2.0G    0% /dev
tmpfs            2.0G     0  2.0G    0% /dev/shm
tmpfs            2.0G  1.2G  848M   58% /run
tmpfs            2.0G     0  2.0G    0% /sys/fs/cgroup
/dev/vda2        497M  215M  283M   44% /boot
tmpfs            396M     0  396M    0% /run/user/0
tmpfs            396M     0  396M    0% /run/user/1001

-------------------- System load --------------------
Linux 3.10.0-514.26.2.el7.x86_64 (sakura-tokyo-prod) 	2018年05月03日 	_x86_64_	(4 CPU)

00時00分02秒     CPU     %user     %nice   %system   %iowait    %steal     %idle
01時00分02秒     all      0.11      0.00      0.05      0.00      0.04     99.79
02時00分02秒     all      0.62      0.00      0.12      0.01      0.05     99.21
03時00分02秒     all      0.39      0.00      0.09      0.01      0.06     99.45
04時00分03秒     all      0.22      0.00      0.06      0.00      0.06     99.65
05時00分02秒     all      0.23      0.00      0.06      0.00      0.05     99.66
06時00分02秒     all      0.63      0.00      0.12      0.01      0.06     99.19
07時00分02秒     all      0.11      0.00      0.05      0.00      0.05     99.79
08時00分02秒     all      0.32      0.00      0.07      0.01      0.06     99.54
09時00分03秒     all      0.38      0.00      0.09      0.01      0.06     99.47
10時00分02秒     all      0.35      0.00      0.08      0.01      0.06     99.52
11時00分02秒     all      0.11      0.00      0.04      0.00      0.06     99.79
12時00分02秒     all      0.35      0.00      0.07      0.00      0.05     99.52
13時00分03秒     all      0.38      0.00      0.08      0.01      0.06     99.48
14時00分02秒     all      0.37      0.00      0.08      0.01      0.05     99.50
15時00分02秒     all      0.61      0.00      0.11      0.01      0.05     99.23
16時00分02秒     all      0.34      0.00      0.07      0.00      0.03     99.55
17時00分02秒     all      0.08      0.00      0.04      0.00      0.04     99.85
平均値:      all      0.33      0.00      0.07      0.00      0.05     99.54

-------------------- Logged in user --------------------
k8e0350e 2018-04-23 22:52

==================== 2018-05-03 20:55:01 ====================

-------------------- uptime --------------------
 20:55:01 up 301 days,  9:44,  1 user,  load average: 0.00, 0.01, 0.05

-------------------- System info --------------------
Linux sakura-tokyo-prod 3.10.0-514.26.2.el7.x86_64 #1 SMP Tue Jul 4 15:04:05 UTC 2017 x86_64 x86_64 x86_64 GNU/Linux

-------------------- Storage usage --------------------
ファイルシス   サイズ  使用  残り 使用% マウント位置
/dev/vda4         96G  6.2G   90G    7% /
devtmpfs         2.0G     0  2.0G    0% /dev
tmpfs            2.0G     0  2.0G    0% /dev/shm
tmpfs            2.0G  1.2G  848M   58% /run
tmpfs            2.0G     0  2.0G    0% /sys/fs/cgroup
/dev/vda2        497M  215M  283M   44% /boot
tmpfs            396M     0  396M    0% /run/user/0
tmpfs            396M     0  396M    0% /run/user/1001

-------------------- System load --------------------
Linux 3.10.0-514.26.2.el7.x86_64 (sakura-tokyo-prod) 	2018年05月03日 	_x86_64_	(4 CPU)

00時00分02秒     CPU     %user     %nice   %system   %iowait    %steal     %idle
01時00分02秒     all      0.11      0.00      0.05      0.00      0.04     99.79
02時00分02秒     all      0.62      0.00      0.12      0.01      0.05     99.21
03時00分02秒     all      0.39      0.00      0.09      0.01      0.06     99.45
04時00分03秒     all      0.22      0.00      0.06      0.00      0.06     99.65
05時00分02秒     all      0.23      0.00      0.06      0.00      0.05     99.66
06時00分02秒     all      0.63      0.00      0.12      0.01      0.06     99.19
07時00分02秒     all      0.11      0.00      0.05      0.00      0.05     99.79
08時00分02秒     all      0.32      0.00      0.07      0.01      0.06     99.54
09時00分03秒     all      0.38      0.00      0.09      0.01      0.06     99.47
10時00分02秒     all      0.35      0.00      0.08      0.01      0.06     99.52
11時00分02秒     all      0.11      0.00      0.04      0.00      0.06     99.79
12時00分02秒     all      0.35      0.00      0.07      0.00      0.05     99.52
13時00分03秒     all      0.38      0.00      0.08      0.01      0.06     99.48
14時00分02秒     all      0.37      0.00      0.08      0.01      0.05     99.50
15時00分02秒     all      0.61      0.00      0.11      0.01      0.05     99.23
16時00分02秒     all      0.34      0.00      0.07      0.00      0.03     99.55
17時00分02秒     all      0.08      0.00      0.04      0.00      0.04     99.85
18時00分02秒     all      0.60      0.00      0.10      0.01      0.04     99.25
19時00分02秒     all      0.12      0.00      0.05      0.00      0.03     99.80
20時00分02秒     all      0.35      0.00      0.08      0.00      0.03     99.54
平均値:      all      0.33      0.00      0.07      0.00      0.05     99.54

-------------------- Logged in user --------------------
k55429d6 2018-04-23 22:52

==================== 2018-05-03 23:55:01 ====================

-------------------- uptime --------------------
 23:55:01 up 301 days, 12:44,  1 user,  load average: 0.00, 0.03, 0.05

-------------------- System info --------------------
Linux sakura-tokyo-prod 3.10.0-514.26.2.el7.x86_64 #1 SMP Tue Jul 4 15:04:05 UTC 2017 x86_64 x86_64 x86_64 GNU/Linux

-------------------- Storage usage --------------------
ファイルシス   サイズ  使用  残り 使用% マウント位置
/dev/vda4         96G  6.2G   90G    7% /
devtmpfs         2.0G     0  2.0G    0% /dev
tmpfs            2.0G     0  2.0G    0% /dev/shm
tmpfs            2.0G  1.2G  848M   58% /run
tmpfs            2.0G     0  2.0G    0% /sys/fs/cgroup
/dev/vda2        497M  215M  283M   44% /boot
tmpfs            396M     0  396M    0% /run/user/0
tmpfs            396M     0  396M    0% /run/user/1001

-------------------- System load --------------------
Linux 3.10.0-514.26.2.el7.x86_64 (sakura-tokyo-prod) 	2018年05月03日 	_x86_64_	(4 CPU)

00時00分02秒     CPU     %user     %nice   %system   %iowait    %steal     %idle
01時00分02秒     all      0.11      0.00      0.05      0.00      0.04     99.79
02時00分02秒     all      0.62      0.00      0.12      0.01      0.05     99.21
03時00分02秒     all      0.39      0.00      0.09      0.01      0.06     99.45
04時00分03秒     all      0.22      0.00      0.06      0.00      0.06     99.65
05時00分02秒     all      0.23      0.00      0.06      0.00      0.05     99.66
06時00分02秒     all      0.63      0.00      0.12      0.01      0.06     99.19
07時00分02秒     all      0.11      0.00      0.05      0.00      0.05     99.79
08時00分02秒     all      0.32      0.00      0.07      0.01      0.06     99.54
09時00分03秒     all      0.38      0.00      0.09      0.01      0.06     99.47
10時00分02秒     all      0.35      0.00      0.08      0.01      0.06     99.52
11時00分02秒     all      0.11      0.00      0.04      0.00      0.06     99.79
12時00分02秒     all      0.35      0.00      0.07      0.00      0.05     99.52
13時00分03秒     all      0.38      0.00      0.08      0.01      0.06     99.48
14時00分02秒     all      0.37      0.00      0.08      0.01      0.05     99.50
15時00分02秒     all      0.61      0.00      0.11      0.01      0.05     99.23
16時00分02秒     all      0.34      0.00      0.07      0.00      0.03     99.55
17時00分02秒     all      0.08      0.00      0.04      0.00      0.04     99.85
18時00分02秒     all      0.60      0.00      0.10      0.01      0.04     99.25
19時00分02秒     all      0.12      0.00      0.05      0.00      0.03     99.80
20時00分02秒     all      0.35      0.00      0.08      0.00      0.03     99.54
21時00分02秒     all      0.39      0.00      0.08      0.00      0.03     99.49
22時00分02秒     all      0.14      0.00      0.05      0.00      0.04     99.77
23時00分02秒     all      0.58      0.00      0.11      0.01      0.03     99.27
平均値:      all      0.34      0.00      0.08      0.00      0.05     99.54

-------------------- Logged in user --------------------
k6e2aad1 2018-04-23 22:52

