==================== 2018-05-04 02:55:01 ====================

-------------------- uptime --------------------
 02:55:01 up 301 days, 15:44,  1 user,  load average: 0.00, 0.04, 0.05

-------------------- System info --------------------
Linux sakura-tokyo-prod 3.10.0-514.26.2.el7.x86_64 #1 SMP Tue Jul 4 15:04:05 UTC 2017 x86_64 x86_64 x86_64 GNU/Linux

-------------------- Storage usage --------------------
ファイルシス   サイズ  使用  残り 使用% マウント位置
/dev/vda4         96G  6.2G   90G    7% /
devtmpfs         2.0G     0  2.0G    0% /dev
tmpfs            2.0G     0  2.0G    0% /dev/shm
tmpfs            2.0G  1.2G  848M   58% /run
tmpfs            2.0G     0  2.0G    0% /sys/fs/cgroup
/dev/vda2        497M  215M  283M   44% /boot
tmpfs            396M     0  396M    0% /run/user/0
tmpfs            396M     0  396M    0% /run/user/1001

-------------------- System load --------------------
Linux 3.10.0-514.26.2.el7.x86_64 (sakura-tokyo-prod) 	2018年05月04日 	_x86_64_	(4 CPU)

00時00分02秒     CPU     %user     %nice   %system   %iowait    %steal     %idle
01時00分02秒     all      0.53      0.00      0.10      0.01      0.03     99.33
02時00分02秒     all      0.69      0.00      0.13      0.01      0.03     99.14
平均値:      all      0.61      0.00      0.11      0.01      0.03     99.24

-------------------- Logged in user --------------------
kb9fdf52 2018-04-23 22:52

==================== 2018-05-04 05:55:01 ====================

-------------------- uptime --------------------
 05:55:01 up 301 days, 18:44,  1 user,  load average: 0.01, 0.02, 0.05

-------------------- System info --------------------
Linux sakura-tokyo-prod 3.10.0-514.26.2.el7.x86_64 #1 SMP Tue Jul 4 15:04:05 UTC 2017 x86_64 x86_64 x86_64 GNU/Linux

-------------------- Storage usage --------------------
ファイルシス   サイズ  使用  残り 使用% マウント位置
/dev/vda4         96G  6.2G   90G    7% /
devtmpfs         2.0G     0  2.0G    0% /dev
tmpfs            2.0G     0  2.0G    0% /dev/shm
tmpfs            2.0G  1.2G  847M   58% /run
tmpfs            2.0G     0  2.0G    0% /sys/fs/cgroup
/dev/vda2        497M  215M  283M   44% /boot
tmpfs            396M     0  396M    0% /run/user/0
tmpfs            396M     0  396M    0% /run/user/1001

-------------------- System load --------------------
Linux 3.10.0-514.26.2.el7.x86_64 (sakura-tokyo-prod) 	2018年05月04日 	_x86_64_	(4 CPU)

00時00分02秒     CPU     %user     %nice   %system   %iowait    %steal     %idle
01時00分02秒     all      0.53      0.00      0.10      0.01      0.03     99.33
02時00分02秒     all      0.69      0.00      0.13      0.01      0.03     99.14
03時00分02秒     all      0.58      0.00      0.11      0.01      0.03     99.28
04時00分02秒     all      0.27      0.00      0.06      0.00      0.04     99.62
05時00分02秒     all      0.16      0.00      0.05      0.00      0.03     99.75
平均値:      all      0.45      0.00      0.09      0.01      0.03     99.42

-------------------- Logged in user --------------------
k5be98e1 2018-04-23 22:52

==================== 2018-05-04 08:55:01 ====================

-------------------- uptime --------------------
 08:55:01 up 301 days, 21:44,  1 user,  load average: 0.00, 0.01, 0.05

-------------------- System info --------------------
Linux sakura-tokyo-prod 3.10.0-514.26.2.el7.x86_64 #1 SMP Tue Jul 4 15:04:05 UTC 2017 x86_64 x86_64 x86_64 GNU/Linux

-------------------- Storage usage --------------------
ファイルシス   サイズ  使用  残り 使用% マウント位置
/dev/vda4         96G  6.2G   90G    7% /
devtmpfs         2.0G     0  2.0G    0% /dev
tmpfs            2.0G     0  2.0G    0% /dev/shm
tmpfs            2.0G  1.2G  847M   58% /run
tmpfs            2.0G     0  2.0G    0% /sys/fs/cgroup
/dev/vda2        497M  215M  283M   44% /boot
tmpfs            396M     0  396M    0% /run/user/0
tmpfs            396M     0  396M    0% /run/user/1001

-------------------- System load --------------------
Linux 3.10.0-514.26.2.el7.x86_64 (sakura-tokyo-prod) 	2018年05月04日 	_x86_64_	(4 CPU)

00時00分02秒     CPU     %user     %nice   %system   %iowait    %steal     %idle
01時00分02秒     all      0.53      0.00      0.10      0.01      0.03     99.33
02時00分02秒     all      0.69      0.00      0.13      0.01      0.03     99.14
03時00分02秒     all      0.58      0.00      0.11      0.01      0.03     99.28
04時00分02秒     all      0.27      0.00      0.06      0.00      0.04     99.62
05時00分02秒     all      0.16      0.00      0.05      0.00      0.03     99.75
06時00分02秒     all      0.91      0.00      0.16      0.01      0.03     98.88
07時00分02秒     all      0.39      0.00      0.10      0.01      0.03     99.46
08時00分02秒     all      0.34      0.00      0.10      0.01      0.03     99.53
平均値:      all      0.49      0.00      0.10      0.01      0.03     99.37

-------------------- Logged in user --------------------
k6d353cf 2018-04-23 22:52

==================== 2018-05-04 11:55:01 ====================

-------------------- uptime --------------------
 11:55:01 up 302 days, 44 min,  1 user,  load average: 0.00, 0.01, 0.05

-------------------- System info --------------------
Linux sakura-tokyo-prod 3.10.0-514.26.2.el7.x86_64 #1 SMP Tue Jul 4 15:04:05 UTC 2017 x86_64 x86_64 x86_64 GNU/Linux

-------------------- Storage usage --------------------
ファイルシス   サイズ  使用  残り 使用% マウント位置
/dev/vda4         96G  6.2G   90G    7% /
devtmpfs         2.0G     0  2.0G    0% /dev
tmpfs            2.0G     0  2.0G    0% /dev/shm
tmpfs            2.0G  1.2G  847M   58% /run
tmpfs            2.0G     0  2.0G    0% /sys/fs/cgroup
/dev/vda2        497M  215M  283M   44% /boot
tmpfs            396M     0  396M    0% /run/user/0
tmpfs            396M     0  396M    0% /run/user/1001

-------------------- System load --------------------
Linux 3.10.0-514.26.2.el7.x86_64 (sakura-tokyo-prod) 	2018年05月04日 	_x86_64_	(4 CPU)

00時00分02秒     CPU     %user     %nice   %system   %iowait    %steal     %idle
01時00分02秒     all      0.53      0.00      0.10      0.01      0.03     99.33
02時00分02秒     all      0.69      0.00      0.13      0.01      0.03     99.14
03時00分02秒     all      0.58      0.00      0.11      0.01      0.03     99.28
04時00分02秒     all      0.27      0.00      0.06      0.00      0.04     99.62
05時00分02秒     all      0.16      0.00      0.05      0.00      0.03     99.75
06時00分02秒     all      0.91      0.00      0.16      0.01      0.03     98.88
07時00分02秒     all      0.39      0.00      0.10      0.01      0.03     99.46
08時00分02秒     all      0.34      0.00      0.10      0.01      0.03     99.53
09時00分02秒     all      0.12      0.00      0.06      0.00      0.04     99.78
10時00分02秒     all      0.54      0.00      0.13      0.01      0.04     99.29
11時00分02秒     all      0.45      0.00      0.10      0.01      0.04     99.41
平均値:      all      0.45      0.00      0.10      0.01      0.03     99.41

-------------------- Logged in user --------------------
kd05ccc2 2018-04-23 22:52

==================== 2018-05-04 14:55:01 ====================

-------------------- uptime --------------------
 14:55:01 up 302 days,  3:44,  1 user,  load average: 0.07, 0.04, 0.05

-------------------- System info --------------------
Linux sakura-tokyo-prod 3.10.0-514.26.2.el7.x86_64 #1 SMP Tue Jul 4 15:04:05 UTC 2017 x86_64 x86_64 x86_64 GNU/Linux

-------------------- Storage usage --------------------
ファイルシス   サイズ  使用  残り 使用% マウント位置
/dev/vda4         96G  6.2G   90G    7% /
devtmpfs         2.0G     0  2.0G    0% /dev
tmpfs            2.0G     0  2.0G    0% /dev/shm
tmpfs            2.0G  1.2G  847M   58% /run
tmpfs            2.0G     0  2.0G    0% /sys/fs/cgroup
/dev/vda2        497M  215M  283M   44% /boot
tmpfs            396M     0  396M    0% /run/user/0
tmpfs            396M     0  396M    0% /run/user/1001

-------------------- System load --------------------
Linux 3.10.0-514.26.2.el7.x86_64 (sakura-tokyo-prod) 	2018年05月04日 	_x86_64_	(4 CPU)

00時00分02秒     CPU     %user     %nice   %system   %iowait    %steal     %idle
01時00分02秒     all      0.53      0.00      0.10      0.01      0.03     99.33
02時00分02秒     all      0.69      0.00      0.13      0.01      0.03     99.14
03時00分02秒     all      0.58      0.00      0.11      0.01      0.03     99.28
04時00分02秒     all      0.27      0.00      0.06      0.00      0.04     99.62
05時00分02秒     all      0.16      0.00      0.05      0.00      0.03     99.75
06時00分02秒     all      0.91      0.00      0.16      0.01      0.03     98.88
07時00分02秒     all      0.39      0.00      0.10      0.01      0.03     99.46
08時00分02秒     all      0.34      0.00      0.10      0.01      0.03     99.53
09時00分02秒     all      0.12      0.00      0.06      0.00      0.04     99.78
10時00分02秒     all      0.54      0.00      0.13      0.01      0.04     99.29
11時00分02秒     all      0.45      0.00      0.10      0.01      0.04     99.41
12時00分03秒     all      0.35      0.00      0.08      0.00      0.05     99.52
13時00分02秒     all      0.14      0.00      0.05      0.00      0.05     99.75
14時00分02秒     all      0.36      0.00      0.08      0.00      0.04     99.51
平均値:      all      0.42      0.00      0.09      0.01      0.04     99.45

-------------------- Logged in user --------------------
k9f928ca 2018-04-23 22:52

