==================== 2018-05-05 02:55:02 ====================

-------------------- uptime --------------------
 02:55:02 up 302 days, 15:44,  1 user,  load average: 0.00, 0.01, 0.05

-------------------- System info --------------------
Linux sakura-tokyo-prod 3.10.0-514.26.2.el7.x86_64 #1 SMP Tue Jul 4 15:04:05 UTC 2017 x86_64 x86_64 x86_64 GNU/Linux

-------------------- Storage usage --------------------
ファイルシス   サイズ  使用  残り 使用% マウント位置
/dev/vda4         96G  6.2G   90G    7% /
devtmpfs         2.0G     0  2.0G    0% /dev
tmpfs            2.0G     0  2.0G    0% /dev/shm
tmpfs            2.0G  1.2G  847M   58% /run
tmpfs            2.0G     0  2.0G    0% /sys/fs/cgroup
/dev/vda2        497M  215M  283M   44% /boot
tmpfs            396M     0  396M    0% /run/user/0
tmpfs            396M     0  396M    0% /run/user/1001

-------------------- System load --------------------
Linux 3.10.0-514.26.2.el7.x86_64 (sakura-tokyo-prod) 	2018年05月05日 	_x86_64_	(4 CPU)

00時00分02秒     CPU     %user     %nice   %system   %iowait    %steal     %idle
01時00分02秒     all      0.54      0.00      0.12      0.01      0.05     99.28
02時00分02秒     all      0.15      0.00      0.06      0.00      0.05     99.74
平均値:      all      0.35      0.00      0.09      0.01      0.05     99.51

-------------------- Logged in user --------------------
k9ed3eda 2018-04-23 22:52

==================== 2018-05-05 05:55:01 ====================

-------------------- uptime --------------------
 05:55:01 up 302 days, 18:44,  1 user,  load average: 0.00, 0.01, 0.05

-------------------- System info --------------------
Linux sakura-tokyo-prod 3.10.0-514.26.2.el7.x86_64 #1 SMP Tue Jul 4 15:04:05 UTC 2017 x86_64 x86_64 x86_64 GNU/Linux

-------------------- Storage usage --------------------
ファイルシス   サイズ  使用  残り 使用% マウント位置
/dev/vda4         96G  6.2G   90G    7% /
devtmpfs         2.0G     0  2.0G    0% /dev
tmpfs            2.0G     0  2.0G    0% /dev/shm
tmpfs            2.0G  1.2G  847M   58% /run
tmpfs            2.0G     0  2.0G    0% /sys/fs/cgroup
/dev/vda2        497M  215M  283M   44% /boot
tmpfs            396M     0  396M    0% /run/user/0
tmpfs            396M     0  396M    0% /run/user/1001

-------------------- System load --------------------
Linux 3.10.0-514.26.2.el7.x86_64 (sakura-tokyo-prod) 	2018年05月05日 	_x86_64_	(4 CPU)

00時00分02秒     CPU     %user     %nice   %system   %iowait    %steal     %idle
01時00分02秒     all      0.54      0.00      0.12      0.01      0.05     99.28
02時00分02秒     all      0.15      0.00      0.06      0.00      0.05     99.74
03時00分02秒     all      0.32      0.00      0.09      0.01      0.05     99.54
04時00分02秒     all      1.11      0.00      0.19      0.02      0.07     98.61
05時00分02秒     all      0.14      0.00      0.05      0.00      0.04     99.76
平均値:      all      0.45      0.00      0.10      0.01      0.05     99.39

-------------------- Logged in user --------------------
ke31459c 2018-04-23 22:52

==================== 2018-05-05 08:55:01 ====================

-------------------- uptime --------------------
 08:55:01 up 302 days, 21:44,  1 user,  load average: 0.00, 0.01, 0.05

-------------------- System info --------------------
Linux sakura-tokyo-prod 3.10.0-514.26.2.el7.x86_64 #1 SMP Tue Jul 4 15:04:05 UTC 2017 x86_64 x86_64 x86_64 GNU/Linux

-------------------- Storage usage --------------------
ファイルシス   サイズ  使用  残り 使用% マウント位置
/dev/vda4         96G  6.2G   90G    7% /
devtmpfs         2.0G     0  2.0G    0% /dev
tmpfs            2.0G     0  2.0G    0% /dev/shm
tmpfs            2.0G  1.2G  846M   58% /run
tmpfs            2.0G     0  2.0G    0% /sys/fs/cgroup
/dev/vda2        497M  215M  283M   44% /boot
tmpfs            396M     0  396M    0% /run/user/0
tmpfs            396M     0  396M    0% /run/user/1001

-------------------- System load --------------------
Linux 3.10.0-514.26.2.el7.x86_64 (sakura-tokyo-prod) 	2018年05月05日 	_x86_64_	(4 CPU)

00時00分02秒     CPU     %user     %nice   %system   %iowait    %steal     %idle
01時00分02秒     all      0.54      0.00      0.12      0.01      0.05     99.28
02時00分02秒     all      0.15      0.00      0.06      0.00      0.05     99.74
03時00分02秒     all      0.32      0.00      0.09      0.01      0.05     99.54
04時00分02秒     all      1.11      0.00      0.19      0.02      0.07     98.61
05時00分02秒     all      0.14      0.00      0.05      0.00      0.04     99.76
06時00分02秒     all      0.57      0.00      0.12      0.01      0.07     99.23
07時00分02秒     all      0.17      0.00      0.05      0.00      0.06     99.72
08時00分02秒     all      0.88      0.00      0.14      0.02      0.07     98.89
平均値:      all      0.49      0.00      0.10      0.01      0.06     99.35

-------------------- Logged in user --------------------
kc0381ef 2018-04-23 22:52

==================== 2018-05-05 11:55:02 ====================

-------------------- uptime --------------------
 11:55:02 up 303 days, 44 min,  1 user,  load average: 0.00, 0.01, 0.05

-------------------- System info --------------------
Linux sakura-tokyo-prod 3.10.0-514.26.2.el7.x86_64 #1 SMP Tue Jul 4 15:04:05 UTC 2017 x86_64 x86_64 x86_64 GNU/Linux

-------------------- Storage usage --------------------
ファイルシス   サイズ  使用  残り 使用% マウント位置
/dev/vda4         96G  6.2G   90G    7% /
devtmpfs         2.0G     0  2.0G    0% /dev
tmpfs            2.0G     0  2.0G    0% /dev/shm
tmpfs            2.0G  1.2G  846M   58% /run
tmpfs            2.0G     0  2.0G    0% /sys/fs/cgroup
/dev/vda2        497M  215M  283M   44% /boot
tmpfs            396M     0  396M    0% /run/user/0
tmpfs            396M     0  396M    0% /run/user/1001

-------------------- System load --------------------
Linux 3.10.0-514.26.2.el7.x86_64 (sakura-tokyo-prod) 	2018年05月05日 	_x86_64_	(4 CPU)

00時00分02秒     CPU     %user     %nice   %system   %iowait    %steal     %idle
01時00分02秒     all      0.54      0.00      0.12      0.01      0.05     99.28
02時00分02秒     all      0.15      0.00      0.06      0.00      0.05     99.74
03時00分02秒     all      0.32      0.00      0.09      0.01      0.05     99.54
04時00分02秒     all      1.11      0.00      0.19      0.02      0.07     98.61
05時00分02秒     all      0.14      0.00      0.05      0.00      0.04     99.76
06時00分02秒     all      0.57      0.00      0.12      0.01      0.07     99.23
07時00分02秒     all      0.17      0.00      0.05      0.00      0.06     99.72
08時00分02秒     all      0.88      0.00      0.14      0.02      0.07     98.89
09時00分02秒     all      0.94      0.00      0.16      0.02      0.06     98.81
10時00分02秒     all      0.09      0.00      0.04      0.00      0.04     99.83
11時00分02秒     all      0.65      0.00      0.13      0.01      0.05     99.16
平均値:      all      0.51      0.00      0.10      0.01      0.05     99.33

-------------------- Logged in user --------------------
kf1b31dd 2018-04-23 22:52

==================== 2018-05-05 14:55:01 ====================

-------------------- uptime --------------------
 14:55:01 up 303 days,  3:44,  1 user,  load average: 0.00, 0.01, 0.05

-------------------- System info --------------------
Linux sakura-tokyo-prod 3.10.0-514.26.2.el7.x86_64 #1 SMP Tue Jul 4 15:04:05 UTC 2017 x86_64 x86_64 x86_64 GNU/Linux

-------------------- Storage usage --------------------
ファイルシス   サイズ  使用  残り 使用% マウント位置
/dev/vda4         96G  6.2G   90G    7% /
devtmpfs         2.0G     0  2.0G    0% /dev
tmpfs            2.0G     0  2.0G    0% /dev/shm
tmpfs            2.0G  1.2G  846M   58% /run
tmpfs            2.0G     0  2.0G    0% /sys/fs/cgroup
/dev/vda2        497M  215M  283M   44% /boot
tmpfs            396M     0  396M    0% /run/user/0
tmpfs            396M     0  396M    0% /run/user/1001

-------------------- System load --------------------
Linux 3.10.0-514.26.2.el7.x86_64 (sakura-tokyo-prod) 	2018年05月05日 	_x86_64_	(4 CPU)

00時00分02秒     CPU     %user     %nice   %system   %iowait    %steal     %idle
01時00分02秒     all      0.54      0.00      0.12      0.01      0.05     99.28
02時00分02秒     all      0.15      0.00      0.06      0.00      0.05     99.74
03時00分02秒     all      0.32      0.00      0.09      0.01      0.05     99.54
04時00分02秒     all      1.11      0.00      0.19      0.02      0.07     98.61
05時00分02秒     all      0.14      0.00      0.05      0.00      0.04     99.76
06時00分02秒     all      0.57      0.00      0.12      0.01      0.07     99.23
07時00分02秒     all      0.17      0.00      0.05      0.00      0.06     99.72
08時00分02秒     all      0.88      0.00      0.14      0.02      0.07     98.89
09時00分02秒     all      0.94      0.00      0.16      0.02      0.06     98.81
10時00分02秒     all      0.09      0.00      0.04      0.00      0.04     99.83
11時00分02秒     all      0.65      0.00      0.13      0.01      0.05     99.16
12時00分02秒     all      0.10      0.00      0.04      0.00      0.04     99.82
13時00分02秒     all      0.67      0.00      0.13      0.01      0.05     99.14
14時00分01秒     all      0.40      0.00      0.09      0.01      0.05     99.45
平均値:      all      0.48      0.00      0.10      0.01      0.05     99.36

-------------------- Logged in user --------------------
k5cfd0e3 2018-04-23 22:52

