==================== 2018-05-06 02:55:01 ====================

-------------------- uptime --------------------
 02:55:01 up 303 days, 15:44,  1 user,  load average: 0.32, 0.09, 0.07

-------------------- System info --------------------
Linux sakura-tokyo-prod 3.10.0-514.26.2.el7.x86_64 #1 SMP Tue Jul 4 15:04:05 UTC 2017 x86_64 x86_64 x86_64 GNU/Linux

-------------------- Storage usage --------------------
ファイルシス   サイズ  使用  残り 使用% マウント位置
/dev/vda4         96G  6.3G   90G    7% /
devtmpfs         2.0G     0  2.0G    0% /dev
tmpfs            2.0G     0  2.0G    0% /dev/shm
tmpfs            2.0G  1.2G  846M   58% /run
tmpfs            2.0G     0  2.0G    0% /sys/fs/cgroup
/dev/vda2        497M  215M  283M   44% /boot
tmpfs            396M     0  396M    0% /run/user/0
tmpfs            396M     0  396M    0% /run/user/1001

-------------------- System load --------------------
Linux 3.10.0-514.26.2.el7.x86_64 (sakura-tokyo-prod) 	2018年05月06日 	_x86_64_	(4 CPU)

00時00分02秒     CPU     %user     %nice   %system   %iowait    %steal     %idle
01時00分03秒     all      1.50      0.00      0.24      0.02      0.06     98.17
02時00分02秒     all      1.96      0.00      0.29      0.04      0.07     97.64
平均値:      all      1.73      0.00      0.26      0.03      0.07     97.91

-------------------- Logged in user --------------------
kfbc3c27 2018-04-23 22:52

==================== 2018-05-06 05:55:01 ====================

-------------------- uptime --------------------
 05:55:01 up 303 days, 18:44,  1 user,  load average: 0.23, 0.15, 0.13

-------------------- System info --------------------
Linux sakura-tokyo-prod 3.10.0-514.26.2.el7.x86_64 #1 SMP Tue Jul 4 15:04:05 UTC 2017 x86_64 x86_64 x86_64 GNU/Linux

-------------------- Storage usage --------------------
ファイルシス   サイズ  使用  残り 使用% マウント位置
/dev/vda4         96G  6.3G   90G    7% /
devtmpfs         2.0G     0  2.0G    0% /dev
tmpfs            2.0G     0  2.0G    0% /dev/shm
tmpfs            2.0G  1.2G  846M   58% /run
tmpfs            2.0G     0  2.0G    0% /sys/fs/cgroup
/dev/vda2        497M  215M  283M   44% /boot
tmpfs            396M     0  396M    0% /run/user/0
tmpfs            396M     0  396M    0% /run/user/1001

-------------------- System load --------------------
Linux 3.10.0-514.26.2.el7.x86_64 (sakura-tokyo-prod) 	2018年05月06日 	_x86_64_	(4 CPU)

00時00分02秒     CPU     %user     %nice   %system   %iowait    %steal     %idle
01時00分03秒     all      1.50      0.00      0.24      0.02      0.06     98.17
02時00分02秒     all      1.96      0.00      0.29      0.04      0.07     97.64
03時00分02秒     all      1.49      0.00      0.22      0.02      0.06     98.20
04時00分02秒     all      1.68      0.00      0.26      0.03      0.06     97.96
05時00分02秒     all      2.00      0.00      0.30      0.03      0.05     97.61
平均値:      all      1.73      0.00      0.26      0.03      0.06     97.92

-------------------- Logged in user --------------------
ke4d1677 2018-04-23 22:52

==================== 2018-05-06 08:55:01 ====================

-------------------- uptime --------------------
 08:55:01 up 303 days, 21:44,  1 user,  load average: 0.26, 0.11, 0.07

-------------------- System info --------------------
Linux sakura-tokyo-prod 3.10.0-514.26.2.el7.x86_64 #1 SMP Tue Jul 4 15:04:05 UTC 2017 x86_64 x86_64 x86_64 GNU/Linux

-------------------- Storage usage --------------------
ファイルシス   サイズ  使用  残り 使用% マウント位置
/dev/vda4         96G  6.3G   90G    7% /
devtmpfs         2.0G     0  2.0G    0% /dev
tmpfs            2.0G     0  2.0G    0% /dev/shm
tmpfs            2.0G  1.2G  846M   58% /run
tmpfs            2.0G     0  2.0G    0% /sys/fs/cgroup
/dev/vda2        497M  215M  283M   44% /boot
tmpfs            396M     0  396M    0% /run/user/0
tmpfs            396M     0  396M    0% /run/user/1001

-------------------- System load --------------------
Linux 3.10.0-514.26.2.el7.x86_64 (sakura-tokyo-prod) 	2018年05月06日 	_x86_64_	(4 CPU)

00時00分02秒     CPU     %user     %nice   %system   %iowait    %steal     %idle
01時00分03秒     all      1.50      0.00      0.24      0.02      0.06     98.17
02時00分02秒     all      1.96      0.00      0.29      0.04      0.07     97.64
03時00分02秒     all      1.49      0.00      0.22      0.02      0.06     98.20
04時00分02秒     all      1.68      0.00      0.26      0.03      0.06     97.96
05時00分02秒     all      2.00      0.00      0.30      0.03      0.05     97.61
06時00分02秒     all      1.74      0.00      0.26      0.03      0.05     97.91
07時00分01秒     all      1.83      0.00      0.30      0.03      0.06     97.77
08時00分02秒     all      1.82      0.00      0.31      0.03      0.07     97.77
平均値:      all      1.75      0.00      0.27      0.03      0.06     97.88

-------------------- Logged in user --------------------
kf8dd7ac 2018-04-23 22:52

