==================== 2018-05-07 02:55:01 ====================

-------------------- uptime --------------------
 02:55:01 up 304 days, 15:44,  1 user,  load average: 0.00, 0.01, 0.05

-------------------- System info --------------------
Linux sakura-tokyo-prod 3.10.0-514.26.2.el7.x86_64 #1 SMP Tue Jul 4 15:04:05 UTC 2017 x86_64 x86_64 x86_64 GNU/Linux

-------------------- Storage usage --------------------
ファイルシス   サイズ  使用  残り 使用% マウント位置
/dev/vda4         96G  6.3G   90G    7% /
devtmpfs         2.0G     0  2.0G    0% /dev
tmpfs            2.0G     0  2.0G    0% /dev/shm
tmpfs            2.0G  1.2G  837M   58% /run
tmpfs            2.0G     0  2.0G    0% /sys/fs/cgroup
/dev/vda2        497M  215M  283M   44% /boot
tmpfs            396M     0  396M    0% /run/user/0
tmpfs            396M     0  396M    0% /run/user/1001

-------------------- System load --------------------
Linux 3.10.0-514.26.2.el7.x86_64 (sakura-tokyo-prod) 	2018年05月07日 	_x86_64_	(4 CPU)

00時00分02秒     CPU     %user     %nice   %system   %iowait    %steal     %idle
01時00分02秒     all      0.62      0.00      0.12      0.01      0.03     99.22
02時00分02秒     all      0.09      0.00      0.04      0.00      0.03     99.84
平均値:      all      0.35      0.00      0.08      0.00      0.03     99.53

-------------------- Logged in user --------------------
ke929dc3 2018-04-23 22:52

==================== 2018-05-07 05:55:01 ====================

-------------------- uptime --------------------
 05:55:01 up 304 days, 18:44,  1 user,  load average: 0.00, 0.01, 0.05

-------------------- System info --------------------
Linux sakura-tokyo-prod 3.10.0-514.26.2.el7.x86_64 #1 SMP Tue Jul 4 15:04:05 UTC 2017 x86_64 x86_64 x86_64 GNU/Linux

-------------------- Storage usage --------------------
ファイルシス   サイズ  使用  残り 使用% マウント位置
/dev/vda4         96G  6.3G   90G    7% /
devtmpfs         2.0G     0  2.0G    0% /dev
tmpfs            2.0G     0  2.0G    0% /dev/shm
tmpfs            2.0G  1.2G  837M   58% /run
tmpfs            2.0G     0  2.0G    0% /sys/fs/cgroup
/dev/vda2        497M  215M  283M   44% /boot
tmpfs            396M     0  396M    0% /run/user/0
tmpfs            396M     0  396M    0% /run/user/1001

-------------------- System load --------------------
Linux 3.10.0-514.26.2.el7.x86_64 (sakura-tokyo-prod) 	2018年05月07日 	_x86_64_	(4 CPU)

00時00分02秒     CPU     %user     %nice   %system   %iowait    %steal     %idle
01時00分02秒     all      0.62      0.00      0.12      0.01      0.03     99.22
02時00分02秒     all      0.09      0.00      0.04      0.00      0.03     99.84
03時00分02秒     all      0.34      0.00      0.07      0.00      0.04     99.54
04時00分02秒     all      0.60      0.00      0.11      0.01      0.04     99.23
05時00分02秒     all      0.35      0.00      0.08      0.00      0.03     99.53
平均値:      all      0.40      0.00      0.09      0.01      0.04     99.47

-------------------- Logged in user --------------------
kab3ee7b 2018-04-23 22:52

==================== 2018-05-07 08:55:01 ====================

-------------------- uptime --------------------
 08:55:01 up 304 days, 21:44,  1 user,  load average: 0.00, 0.01, 0.05

-------------------- System info --------------------
Linux sakura-tokyo-prod 3.10.0-514.26.2.el7.x86_64 #1 SMP Tue Jul 4 15:04:05 UTC 2017 x86_64 x86_64 x86_64 GNU/Linux

-------------------- Storage usage --------------------
ファイルシス   サイズ  使用  残り 使用% マウント位置
/dev/vda4         96G  6.3G   90G    7% /
devtmpfs         2.0G     0  2.0G    0% /dev
tmpfs            2.0G     0  2.0G    0% /dev/shm
tmpfs            2.0G  1.2G  837M   58% /run
tmpfs            2.0G     0  2.0G    0% /sys/fs/cgroup
/dev/vda2        497M  215M  283M   44% /boot
tmpfs            396M     0  396M    0% /run/user/0
tmpfs            396M     0  396M    0% /run/user/1001

-------------------- System load --------------------
Linux 3.10.0-514.26.2.el7.x86_64 (sakura-tokyo-prod) 	2018年05月07日 	_x86_64_	(4 CPU)

00時00分02秒     CPU     %user     %nice   %system   %iowait    %steal     %idle
01時00分02秒     all      0.62      0.00      0.12      0.01      0.03     99.22
02時00分02秒     all      0.09      0.00      0.04      0.00      0.03     99.84
03時00分02秒     all      0.34      0.00      0.07      0.00      0.04     99.54
04時00分02秒     all      0.60      0.00      0.11      0.01      0.04     99.23
05時00分02秒     all      0.35      0.00      0.08      0.00      0.03     99.53
06時00分02秒     all      0.34      0.00      0.07      0.01      0.03     99.54
07時00分02秒     all      0.61      0.00      0.11      0.01      0.04     99.22
08時00分03秒     all      0.36      0.00      0.08      0.01      0.04     99.51
平均値:      all      0.42      0.00      0.09      0.01      0.04     99.45

-------------------- Logged in user --------------------
k76e2df6 2018-04-23 22:52

==================== 2018-05-07 11:55:01 ====================

-------------------- uptime --------------------
 11:55:01 up 305 days, 44 min,  1 user,  load average: 0.00, 0.01, 0.05

-------------------- System info --------------------
Linux sakura-tokyo-prod 3.10.0-514.26.2.el7.x86_64 #1 SMP Tue Jul 4 15:04:05 UTC 2017 x86_64 x86_64 x86_64 GNU/Linux

-------------------- Storage usage --------------------
ファイルシス   サイズ  使用  残り 使用% マウント位置
/dev/vda4         96G  6.3G   90G    7% /
devtmpfs         2.0G     0  2.0G    0% /dev
tmpfs            2.0G     0  2.0G    0% /dev/shm
tmpfs            2.0G  1.2G  837M   58% /run
tmpfs            2.0G     0  2.0G    0% /sys/fs/cgroup
/dev/vda2        497M  215M  283M   44% /boot
tmpfs            396M     0  396M    0% /run/user/0
tmpfs            396M     0  396M    0% /run/user/1001

-------------------- System load --------------------
Linux 3.10.0-514.26.2.el7.x86_64 (sakura-tokyo-prod) 	2018年05月07日 	_x86_64_	(4 CPU)

00時00分02秒     CPU     %user     %nice   %system   %iowait    %steal     %idle
01時00分02秒     all      0.62      0.00      0.12      0.01      0.03     99.22
02時00分02秒     all      0.09      0.00      0.04      0.00      0.03     99.84
03時00分02秒     all      0.34      0.00      0.07      0.00      0.04     99.54
04時00分02秒     all      0.60      0.00      0.11      0.01      0.04     99.23
05時00分02秒     all      0.35      0.00      0.08      0.00      0.03     99.53
06時00分02秒     all      0.34      0.00      0.07      0.01      0.03     99.54
07時00分02秒     all      0.61      0.00      0.11      0.01      0.04     99.22
08時00分03秒     all      0.36      0.00      0.08      0.01      0.04     99.51
09時00分02秒     all      0.35      0.00      0.08      0.00      0.04     99.53
10時00分02秒     all      0.88      0.00      0.16      0.02      0.03     98.91
11時00分02秒     all      0.35      0.00      0.08      0.00      0.05     99.52
平均値:      all      0.45      0.00      0.09      0.01      0.04     99.42

-------------------- Logged in user --------------------
ka83e3f5 2018-04-23 22:52

==================== 2018-05-07 14:55:01 ====================

-------------------- uptime --------------------
 14:55:01 up 305 days,  3:44,  1 user,  load average: 0.00, 0.02, 0.05

-------------------- System info --------------------
Linux sakura-tokyo-prod 3.10.0-514.26.2.el7.x86_64 #1 SMP Tue Jul 4 15:04:05 UTC 2017 x86_64 x86_64 x86_64 GNU/Linux

-------------------- Storage usage --------------------
ファイルシス   サイズ  使用  残り 使用% マウント位置
/dev/vda4         96G  6.3G   90G    7% /
devtmpfs         2.0G     0  2.0G    0% /dev
tmpfs            2.0G     0  2.0G    0% /dev/shm
tmpfs            2.0G  1.2G  837M   58% /run
tmpfs            2.0G     0  2.0G    0% /sys/fs/cgroup
/dev/vda2        497M  215M  283M   44% /boot
tmpfs            396M     0  396M    0% /run/user/0
tmpfs            396M     0  396M    0% /run/user/1001

-------------------- System load --------------------
Linux 3.10.0-514.26.2.el7.x86_64 (sakura-tokyo-prod) 	2018年05月07日 	_x86_64_	(4 CPU)

00時00分02秒     CPU     %user     %nice   %system   %iowait    %steal     %idle
01時00分02秒     all      0.62      0.00      0.12      0.01      0.03     99.22
02時00分02秒     all      0.09      0.00      0.04      0.00      0.03     99.84
03時00分02秒     all      0.34      0.00      0.07      0.00      0.04     99.54
04時00分02秒     all      0.60      0.00      0.11      0.01      0.04     99.23
05時00分02秒     all      0.35      0.00      0.08      0.00      0.03     99.53
06時00分02秒     all      0.34      0.00      0.07      0.01      0.03     99.54
07時00分02秒     all      0.61      0.00      0.11      0.01      0.04     99.22
08時00分03秒     all      0.36      0.00      0.08      0.01      0.04     99.51
09時00分02秒     all      0.35      0.00      0.08      0.00      0.04     99.53
10時00分02秒     all      0.88      0.00      0.16      0.02      0.03     98.91
11時00分02秒     all      0.35      0.00      0.08      0.00      0.05     99.52
12時00分02秒     all      0.09      0.00      0.04      0.00      0.03     99.83
13時00分02秒     all      0.89      0.00      0.16      0.01      0.05     98.88
14時00分02秒     all      0.34      0.00      0.08      0.01      0.04     99.54
平均値:      all      0.44      0.00      0.09      0.01      0.04     99.42

-------------------- Logged in user --------------------
k189fbe5 2018-04-23 22:52

==================== 2018-05-07 17:55:01 ====================

-------------------- uptime --------------------
 17:55:01 up 305 days,  6:44,  1 user,  load average: 0.00, 0.01, 0.05

-------------------- System info --------------------
Linux sakura-tokyo-prod 3.10.0-514.26.2.el7.x86_64 #1 SMP Tue Jul 4 15:04:05 UTC 2017 x86_64 x86_64 x86_64 GNU/Linux

-------------------- Storage usage --------------------
ファイルシス   サイズ  使用  残り 使用% マウント位置
/dev/vda4         96G  6.3G   90G    7% /
devtmpfs         2.0G     0  2.0G    0% /dev
tmpfs            2.0G     0  2.0G    0% /dev/shm
tmpfs            2.0G  1.2G  836M   58% /run
tmpfs            2.0G     0  2.0G    0% /sys/fs/cgroup
/dev/vda2        497M  215M  283M   44% /boot
tmpfs            396M     0  396M    0% /run/user/0
tmpfs            396M     0  396M    0% /run/user/1001

-------------------- System load --------------------
Linux 3.10.0-514.26.2.el7.x86_64 (sakura-tokyo-prod) 	2018年05月07日 	_x86_64_	(4 CPU)

00時00分02秒     CPU     %user     %nice   %system   %iowait    %steal     %idle
01時00分02秒     all      0.62      0.00      0.12      0.01      0.03     99.22
02時00分02秒     all      0.09      0.00      0.04      0.00      0.03     99.84
03時00分02秒     all      0.34      0.00      0.07      0.00      0.04     99.54
04時00分02秒     all      0.60      0.00      0.11      0.01      0.04     99.23
05時00分02秒     all      0.35      0.00      0.08      0.00      0.03     99.53
06時00分02秒     all      0.34      0.00      0.07      0.01      0.03     99.54
07時00分02秒     all      0.61      0.00      0.11      0.01      0.04     99.22
08時00分03秒     all      0.36      0.00      0.08      0.01      0.04     99.51
09時00分02秒     all      0.35      0.00      0.08      0.00      0.04     99.53
10時00分02秒     all      0.88      0.00      0.16      0.02      0.03     98.91
11時00分02秒     all      0.35      0.00      0.08      0.00      0.05     99.52
12時00分02秒     all      0.09      0.00      0.04      0.00      0.03     99.83
13時00分02秒     all      0.89      0.00      0.16      0.01      0.05     98.88
14時00分02秒     all      0.34      0.00      0.08      0.01      0.04     99.54
15時00分02秒     all      1.12      0.00      0.18      0.02      0.05     98.63
16時00分02秒     all      0.62      0.00      0.12      0.01      0.05     99.19
17時00分02秒     all      0.36      0.00      0.08      0.00      0.05     99.51
平均値:      all      0.49      0.00      0.10      0.01      0.04     99.36

-------------------- Logged in user --------------------
k69b7de8 2018-04-23 22:52

==================== 2018-05-07 20:55:01 ====================

-------------------- uptime --------------------
 20:55:01 up 305 days,  9:44,  1 user,  load average: 0.00, 0.01, 0.05

-------------------- System info --------------------
Linux sakura-tokyo-prod 3.10.0-514.26.2.el7.x86_64 #1 SMP Tue Jul 4 15:04:05 UTC 2017 x86_64 x86_64 x86_64 GNU/Linux

-------------------- Storage usage --------------------
ファイルシス   サイズ  使用  残り 使用% マウント位置
/dev/vda4         96G  6.3G   90G    7% /
devtmpfs         2.0G     0  2.0G    0% /dev
tmpfs            2.0G     0  2.0G    0% /dev/shm
tmpfs            2.0G  1.2G  836M   58% /run
tmpfs            2.0G     0  2.0G    0% /sys/fs/cgroup
/dev/vda2        497M  215M  283M   44% /boot
tmpfs            396M     0  396M    0% /run/user/0
tmpfs            396M     0  396M    0% /run/user/1001

-------------------- System load --------------------
Linux 3.10.0-514.26.2.el7.x86_64 (sakura-tokyo-prod) 	2018年05月07日 	_x86_64_	(4 CPU)

00時00分02秒     CPU     %user     %nice   %system   %iowait    %steal     %idle
01時00分02秒     all      0.62      0.00      0.12      0.01      0.03     99.22
02時00分02秒     all      0.09      0.00      0.04      0.00      0.03     99.84
03時00分02秒     all      0.34      0.00      0.07      0.00      0.04     99.54
04時00分02秒     all      0.60      0.00      0.11      0.01      0.04     99.23
05時00分02秒     all      0.35      0.00      0.08      0.00      0.03     99.53
06時00分02秒     all      0.34      0.00      0.07      0.01      0.03     99.54
07時00分02秒     all      0.61      0.00      0.11      0.01      0.04     99.22
08時00分03秒     all      0.36      0.00      0.08      0.01      0.04     99.51
09時00分02秒     all      0.35      0.00      0.08      0.00      0.04     99.53
10時00分02秒     all      0.88      0.00      0.16      0.02      0.03     98.91
11時00分02秒     all      0.35      0.00      0.08      0.00      0.05     99.52
12時00分02秒     all      0.09      0.00      0.04      0.00      0.03     99.83
13時00分02秒     all      0.89      0.00      0.16      0.01      0.05     98.88
14時00分02秒     all      0.34      0.00      0.08      0.01      0.04     99.54
15時00分02秒     all      1.12      0.00      0.18      0.02      0.05     98.63
16時00分02秒     all      0.62      0.00      0.12      0.01      0.05     99.19
17時00分02秒     all      0.36      0.00      0.08      0.00      0.05     99.51
18時00分01秒     all      0.10      0.00      0.04      0.00      0.04     99.81
19時00分02秒     all      0.62      0.00      0.12      0.01      0.04     99.23
20時00分02秒     all      0.35      0.00      0.08      0.00      0.03     99.54
平均値:      all      0.47      0.00      0.10      0.01      0.04     99.39

-------------------- Logged in user --------------------
kf54c76a 2018-04-23 22:52

==================== 2018-05-07 23:55:01 ====================

-------------------- uptime --------------------
 23:55:01 up 305 days, 12:44,  1 user,  load average: 0.00, 0.01, 0.05

-------------------- System info --------------------
Linux sakura-tokyo-prod 3.10.0-514.26.2.el7.x86_64 #1 SMP Tue Jul 4 15:04:05 UTC 2017 x86_64 x86_64 x86_64 GNU/Linux

-------------------- Storage usage --------------------
ファイルシス   サイズ  使用  残り 使用% マウント位置
/dev/vda4         96G  6.3G   90G    7% /
devtmpfs         2.0G     0  2.0G    0% /dev
tmpfs            2.0G     0  2.0G    0% /dev/shm
tmpfs            2.0G  1.2G  836M   58% /run
tmpfs            2.0G     0  2.0G    0% /sys/fs/cgroup
/dev/vda2        497M  215M  283M   44% /boot
tmpfs            396M     0  396M    0% /run/user/0
tmpfs            396M     0  396M    0% /run/user/1001

-------------------- System load --------------------
Linux 3.10.0-514.26.2.el7.x86_64 (sakura-tokyo-prod) 	2018年05月07日 	_x86_64_	(4 CPU)

00時00分02秒     CPU     %user     %nice   %system   %iowait    %steal     %idle
01時00分02秒     all      0.62      0.00      0.12      0.01      0.03     99.22
02時00分02秒     all      0.09      0.00      0.04      0.00      0.03     99.84
03時00分02秒     all      0.34      0.00      0.07      0.00      0.04     99.54
04時00分02秒     all      0.60      0.00      0.11      0.01      0.04     99.23
05時00分02秒     all      0.35      0.00      0.08      0.00      0.03     99.53
06時00分02秒     all      0.34      0.00      0.07      0.01      0.03     99.54
07時00分02秒     all      0.61      0.00      0.11      0.01      0.04     99.22
08時00分03秒     all      0.36      0.00      0.08      0.01      0.04     99.51
09時00分02秒     all      0.35      0.00      0.08      0.00      0.04     99.53
10時00分02秒     all      0.88      0.00      0.16      0.02      0.03     98.91
11時00分02秒     all      0.35      0.00      0.08      0.00      0.05     99.52
12時00分02秒     all      0.09      0.00      0.04      0.00      0.03     99.83
13時00分02秒     all      0.89      0.00      0.16      0.01      0.05     98.88
14時00分02秒     all      0.34      0.00      0.08      0.01      0.04     99.54
15時00分02秒     all      1.12      0.00      0.18      0.02      0.05     98.63
16時00分02秒     all      0.62      0.00      0.12      0.01      0.05     99.19
17時00分02秒     all      0.36      0.00      0.08      0.00      0.05     99.51
18時00分01秒     all      0.10      0.00      0.04      0.00      0.04     99.81
19時00分02秒     all      0.62      0.00      0.12      0.01      0.04     99.23
20時00分02秒     all      0.35      0.00      0.08      0.00      0.03     99.54
21時00分02秒     all      0.37      0.00      0.09      0.01      0.04     99.50
22時00分02秒     all      0.60      0.00      0.11      0.01      0.03     99.25
23時00分02秒     all      0.88      0.00      0.16      0.01      0.03     98.92
平均値:      all      0.49      0.00      0.10      0.01      0.04     99.37

-------------------- Logged in user --------------------
k8d5ab9e 2018-04-23 22:52

