==================== 2018-05-08 02:55:01 ====================

-------------------- uptime --------------------
 02:55:01 up 305 days, 15:44,  1 user,  load average: 0.00, 0.02, 0.05

-------------------- System info --------------------
Linux sakura-tokyo-prod 3.10.0-514.26.2.el7.x86_64 #1 SMP Tue Jul 4 15:04:05 UTC 2017 x86_64 x86_64 x86_64 GNU/Linux

-------------------- Storage usage --------------------
ファイルシス   サイズ  使用  残り 使用% マウント位置
/dev/vda4         96G  6.3G   90G    7% /
devtmpfs         2.0G     0  2.0G    0% /dev
tmpfs            2.0G     0  2.0G    0% /dev/shm
tmpfs            2.0G  1.2G  836M   58% /run
tmpfs            2.0G     0  2.0G    0% /sys/fs/cgroup
/dev/vda2        497M  215M  283M   44% /boot
tmpfs            396M     0  396M    0% /run/user/0
tmpfs            396M     0  396M    0% /run/user/1001

-------------------- System load --------------------
Linux 3.10.0-514.26.2.el7.x86_64 (sakura-tokyo-prod) 	2018年05月08日 	_x86_64_	(4 CPU)

00時00分03秒     CPU     %user     %nice   %system   %iowait    %steal     %idle
01時00分02秒     all      0.88      0.00      0.17      0.01      0.04     98.89
02時00分01秒     all      0.36      0.00      0.09      0.00      0.02     99.53
平均値:      all      0.62      0.00      0.13      0.01      0.03     99.21

-------------------- Logged in user --------------------
kc61ef9c 2018-04-23 22:52

==================== 2018-05-08 05:55:01 ====================

-------------------- uptime --------------------
 05:55:01 up 305 days, 18:44,  1 user,  load average: 0.00, 0.01, 0.05

-------------------- System info --------------------
Linux sakura-tokyo-prod 3.10.0-514.26.2.el7.x86_64 #1 SMP Tue Jul 4 15:04:05 UTC 2017 x86_64 x86_64 x86_64 GNU/Linux

-------------------- Storage usage --------------------
ファイルシス   サイズ  使用  残り 使用% マウント位置
/dev/vda4         96G  6.3G   90G    7% /
devtmpfs         2.0G     0  2.0G    0% /dev
tmpfs            2.0G     0  2.0G    0% /dev/shm
tmpfs            2.0G  1.2G  836M   58% /run
tmpfs            2.0G     0  2.0G    0% /sys/fs/cgroup
/dev/vda2        497M  215M  283M   44% /boot
tmpfs            396M     0  396M    0% /run/user/0
tmpfs            396M     0  396M    0% /run/user/1001

-------------------- System load --------------------
Linux 3.10.0-514.26.2.el7.x86_64 (sakura-tokyo-prod) 	2018年05月08日 	_x86_64_	(4 CPU)

00時00分03秒     CPU     %user     %nice   %system   %iowait    %steal     %idle
01時00分02秒     all      0.88      0.00      0.17      0.01      0.04     98.89
02時00分01秒     all      0.36      0.00      0.09      0.00      0.02     99.53
03時00分02秒     all      0.87      0.00      0.18      0.01      0.04     98.89
04時00分02秒     all      0.10      0.00      0.04      0.00      0.03     99.83
05時00分02秒     all      0.35      0.00      0.09      0.01      0.03     99.52
平均値:      all      0.51      0.00      0.12      0.01      0.03     99.33

-------------------- Logged in user --------------------
kaa9f9da 2018-04-23 22:52

==================== 2018-05-08 08:55:01 ====================

-------------------- uptime --------------------
 08:55:01 up 305 days, 21:44,  1 user,  load average: 0.08, 0.10, 0.07

-------------------- System info --------------------
Linux sakura-tokyo-prod 3.10.0-514.26.2.el7.x86_64 #1 SMP Tue Jul 4 15:04:05 UTC 2017 x86_64 x86_64 x86_64 GNU/Linux

-------------------- Storage usage --------------------
ファイルシス   サイズ  使用  残り 使用% マウント位置
/dev/vda4         96G  6.3G   90G    7% /
devtmpfs         2.0G     0  2.0G    0% /dev
tmpfs            2.0G     0  2.0G    0% /dev/shm
tmpfs            2.0G  1.2G  836M   58% /run
tmpfs            2.0G     0  2.0G    0% /sys/fs/cgroup
/dev/vda2        497M  215M  283M   44% /boot
tmpfs            396M     0  396M    0% /run/user/0
tmpfs            396M     0  396M    0% /run/user/1001

-------------------- System load --------------------
Linux 3.10.0-514.26.2.el7.x86_64 (sakura-tokyo-prod) 	2018年05月08日 	_x86_64_	(4 CPU)

00時00分03秒     CPU     %user     %nice   %system   %iowait    %steal     %idle
01時00分02秒     all      0.88      0.00      0.17      0.01      0.04     98.89
02時00分01秒     all      0.36      0.00      0.09      0.00      0.02     99.53
03時00分02秒     all      0.87      0.00      0.18      0.01      0.04     98.89
04時00分02秒     all      0.10      0.00      0.04      0.00      0.03     99.83
05時00分02秒     all      0.35      0.00      0.09      0.01      0.03     99.52
06時00分02秒     all      0.60      0.00      0.12      0.01      0.03     99.24
07時00分02秒     all      0.37      0.00      0.10      0.01      0.03     99.50
08時00分02秒     all      0.09      0.00      0.04      0.00      0.03     99.84
平均値:      all      0.45      0.00      0.10      0.01      0.03     99.41

-------------------- Logged in user --------------------
k474b333 2018-04-23 22:52

