==================== 2018-05-09 02:55:01 ====================

-------------------- uptime --------------------
 02:55:01 up 306 days, 15:44,  1 user,  load average: 0.00, 0.01, 0.05

-------------------- System info --------------------
Linux sakura-tokyo-prod 3.10.0-514.26.2.el7.x86_64 #1 SMP Tue Jul 4 15:04:05 UTC 2017 x86_64 x86_64 x86_64 GNU/Linux

-------------------- Storage usage --------------------
ファイルシス   サイズ  使用  残り 使用% マウント位置
/dev/vda4         96G  6.4G   90G    7% /
devtmpfs         2.0G     0  2.0G    0% /dev
tmpfs            2.0G     0  2.0G    0% /dev/shm
tmpfs            2.0G  1.1G  859M   57% /run
tmpfs            2.0G     0  2.0G    0% /sys/fs/cgroup
/dev/vda2        497M  215M  283M   44% /boot
tmpfs            396M     0  396M    0% /run/user/0
tmpfs            396M     0  396M    0% /run/user/1001

-------------------- System load --------------------
Linux 3.10.0-514.26.2.el7.x86_64 (sakura-tokyo-prod) 	2018年05月09日 	_x86_64_	(4 CPU)

00時00分02秒     CPU     %user     %nice   %system   %iowait    %steal     %idle
01時00分02秒     all      1.16      0.00      0.22      0.02      0.03     98.56
02時00分02秒     all      0.63      0.00      0.14      0.01      0.03     99.20
平均値:      all      0.89      0.00      0.18      0.02      0.03     98.88

-------------------- Logged in user --------------------
keb2dff1 2018-04-23 22:52

==================== 2018-05-09 05:55:01 ====================

-------------------- uptime --------------------
 05:55:01 up 306 days, 18:44,  1 user,  load average: 0.00, 0.01, 0.05

-------------------- System info --------------------
Linux sakura-tokyo-prod 3.10.0-514.26.2.el7.x86_64 #1 SMP Tue Jul 4 15:04:05 UTC 2017 x86_64 x86_64 x86_64 GNU/Linux

-------------------- Storage usage --------------------
ファイルシス   サイズ  使用  残り 使用% マウント位置
/dev/vda4         96G  6.4G   90G    7% /
devtmpfs         2.0G     0  2.0G    0% /dev
tmpfs            2.0G     0  2.0G    0% /dev/shm
tmpfs            2.0G  1.1G  859M   57% /run
tmpfs            2.0G     0  2.0G    0% /sys/fs/cgroup
/dev/vda2        497M  215M  283M   44% /boot
tmpfs            396M     0  396M    0% /run/user/0
tmpfs            396M     0  396M    0% /run/user/1001

-------------------- System load --------------------
Linux 3.10.0-514.26.2.el7.x86_64 (sakura-tokyo-prod) 	2018年05月09日 	_x86_64_	(4 CPU)

00時00分02秒     CPU     %user     %nice   %system   %iowait    %steal     %idle
01時00分02秒     all      1.16      0.00      0.22      0.02      0.03     98.56
02時00分02秒     all      0.63      0.00      0.14      0.01      0.03     99.20
03時00分02秒     all      0.64      0.00      0.14      0.01      0.04     99.17
04時00分02秒     all      0.36      0.00      0.09      0.01      0.03     99.52
05時00分02秒     all      0.63      0.00      0.14      0.01      0.05     99.16
平均値:      all      0.68      0.00      0.15      0.01      0.04     99.12

-------------------- Logged in user --------------------
kdf8509b 2018-04-23 22:52

==================== 2018-05-09 08:55:01 ====================

-------------------- uptime --------------------
 08:55:01 up 306 days, 21:44,  1 user,  load average: 0.00, 0.01, 0.05

-------------------- System info --------------------
Linux sakura-tokyo-prod 3.10.0-514.26.2.el7.x86_64 #1 SMP Tue Jul 4 15:04:05 UTC 2017 x86_64 x86_64 x86_64 GNU/Linux

-------------------- Storage usage --------------------
ファイルシス   サイズ  使用  残り 使用% マウント位置
/dev/vda4         96G  6.4G   90G    7% /
devtmpfs         2.0G     0  2.0G    0% /dev
tmpfs            2.0G     0  2.0G    0% /dev/shm
tmpfs            2.0G  1.1G  859M   57% /run
tmpfs            2.0G     0  2.0G    0% /sys/fs/cgroup
/dev/vda2        497M  215M  283M   44% /boot
tmpfs            396M     0  396M    0% /run/user/0
tmpfs            396M     0  396M    0% /run/user/1001

-------------------- System load --------------------
Linux 3.10.0-514.26.2.el7.x86_64 (sakura-tokyo-prod) 	2018年05月09日 	_x86_64_	(4 CPU)

00時00分02秒     CPU     %user     %nice   %system   %iowait    %steal     %idle
01時00分02秒     all      1.16      0.00      0.22      0.02      0.03     98.56
02時00分02秒     all      0.63      0.00      0.14      0.01      0.03     99.20
03時00分02秒     all      0.64      0.00      0.14      0.01      0.04     99.17
04時00分02秒     all      0.36      0.00      0.09      0.01      0.03     99.52
05時00分02秒     all      0.63      0.00      0.14      0.01      0.05     99.16
06時00分03秒     all      0.39      0.00      0.09      0.01      0.04     99.48
07時00分01秒     all      0.36      0.00      0.09      0.00      0.03     99.52
08時00分02秒     all      0.37      0.00      0.10      0.01      0.03     99.49
平均値:      all      0.57      0.00      0.13      0.01      0.03     99.26

-------------------- Logged in user --------------------
k4b9ef86 2018-04-23 22:52

==================== 2018-05-09 11:55:01 ====================

-------------------- uptime --------------------
 11:55:01 up 307 days, 44 min,  1 user,  load average: 0.00, 0.01, 0.05

-------------------- System info --------------------
Linux sakura-tokyo-prod 3.10.0-514.26.2.el7.x86_64 #1 SMP Tue Jul 4 15:04:05 UTC 2017 x86_64 x86_64 x86_64 GNU/Linux

-------------------- Storage usage --------------------
ファイルシス   サイズ  使用  残り 使用% マウント位置
/dev/vda4         96G  6.4G   90G    7% /
devtmpfs         2.0G     0  2.0G    0% /dev
tmpfs            2.0G     0  2.0G    0% /dev/shm
tmpfs            2.0G  1.1G  859M   57% /run
tmpfs            2.0G     0  2.0G    0% /sys/fs/cgroup
/dev/vda2        497M  215M  283M   44% /boot
tmpfs            396M     0  396M    0% /run/user/0
tmpfs            396M     0  396M    0% /run/user/1001

-------------------- System load --------------------
Linux 3.10.0-514.26.2.el7.x86_64 (sakura-tokyo-prod) 	2018年05月09日 	_x86_64_	(4 CPU)

00時00分02秒     CPU     %user     %nice   %system   %iowait    %steal     %idle
01時00分02秒     all      1.16      0.00      0.22      0.02      0.03     98.56
02時00分02秒     all      0.63      0.00      0.14      0.01      0.03     99.20
03時00分02秒     all      0.64      0.00      0.14      0.01      0.04     99.17
04時00分02秒     all      0.36      0.00      0.09      0.01      0.03     99.52
05時00分02秒     all      0.63      0.00      0.14      0.01      0.05     99.16
06時00分03秒     all      0.39      0.00      0.09      0.01      0.04     99.48
07時00分01秒     all      0.36      0.00      0.09      0.00      0.03     99.52
08時00分02秒     all      0.37      0.00      0.10      0.01      0.03     99.49
09時00分01秒     all      0.64      0.00      0.14      0.01      0.04     99.17
10時00分02秒     all      0.61      0.00      0.14      0.01      0.04     99.21
11時00分02秒     all      0.36      0.00      0.10      0.01      0.03     99.50
平均値:      all      0.56      0.00      0.13      0.01      0.03     99.27

-------------------- Logged in user --------------------
k25d01c1 2018-04-23 22:52

==================== 2018-05-09 14:55:01 ====================

-------------------- uptime --------------------
 14:55:01 up 307 days,  3:44,  1 user,  load average: 0.00, 0.01, 0.05

-------------------- System info --------------------
Linux sakura-tokyo-prod 3.10.0-514.26.2.el7.x86_64 #1 SMP Tue Jul 4 15:04:05 UTC 2017 x86_64 x86_64 x86_64 GNU/Linux

-------------------- Storage usage --------------------
ファイルシス   サイズ  使用  残り 使用% マウント位置
/dev/vda4         96G  6.4G   90G    7% /
devtmpfs         2.0G     0  2.0G    0% /dev
tmpfs            2.0G     0  2.0G    0% /dev/shm
tmpfs            2.0G  1.1G  859M   57% /run
tmpfs            2.0G     0  2.0G    0% /sys/fs/cgroup
/dev/vda2        497M  215M  283M   44% /boot
tmpfs            396M     0  396M    0% /run/user/0
tmpfs            396M     0  396M    0% /run/user/1001

-------------------- System load --------------------
Linux 3.10.0-514.26.2.el7.x86_64 (sakura-tokyo-prod) 	2018年05月09日 	_x86_64_	(4 CPU)

00時00分02秒     CPU     %user     %nice   %system   %iowait    %steal     %idle
01時00分02秒     all      1.16      0.00      0.22      0.02      0.03     98.56
02時00分02秒     all      0.63      0.00      0.14      0.01      0.03     99.20
03時00分02秒     all      0.64      0.00      0.14      0.01      0.04     99.17
04時00分02秒     all      0.36      0.00      0.09      0.01      0.03     99.52
05時00分02秒     all      0.63      0.00      0.14      0.01      0.05     99.16
06時00分03秒     all      0.39      0.00      0.09      0.01      0.04     99.48
07時00分01秒     all      0.36      0.00      0.09      0.00      0.03     99.52
08時00分02秒     all      0.37      0.00      0.10      0.01      0.03     99.49
09時00分01秒     all      0.64      0.00      0.14      0.01      0.04     99.17
10時00分02秒     all      0.61      0.00      0.14      0.01      0.04     99.21
11時00分02秒     all      0.36      0.00      0.10      0.01      0.03     99.50
12時00分03秒     all      0.62      0.00      0.12      0.01      0.03     99.21
13時00分02秒     all      0.38      0.00      0.10      0.01      0.04     99.48
14時00分02秒     all      0.11      0.00      0.06      0.00      0.04     99.80
平均値:      all      0.52      0.00      0.12      0.01      0.03     99.32

-------------------- Logged in user --------------------
k5be76b6 2018-04-23 22:52

==================== 2018-05-09 17:55:01 ====================

-------------------- uptime --------------------
 17:55:01 up 307 days,  6:44,  1 user,  load average: 0.00, 0.01, 0.05

-------------------- System info --------------------
Linux sakura-tokyo-prod 3.10.0-514.26.2.el7.x86_64 #1 SMP Tue Jul 4 15:04:05 UTC 2017 x86_64 x86_64 x86_64 GNU/Linux

-------------------- Storage usage --------------------
ファイルシス   サイズ  使用  残り 使用% マウント位置
/dev/vda4         96G  6.4G   90G    7% /
devtmpfs         2.0G     0  2.0G    0% /dev
tmpfs            2.0G     0  2.0G    0% /dev/shm
tmpfs            2.0G  1.1G  859M   57% /run
tmpfs            2.0G     0  2.0G    0% /sys/fs/cgroup
/dev/vda2        497M  215M  283M   44% /boot
tmpfs            396M     0  396M    0% /run/user/0
tmpfs            396M     0  396M    0% /run/user/1001

-------------------- System load --------------------
Linux 3.10.0-514.26.2.el7.x86_64 (sakura-tokyo-prod) 	2018年05月09日 	_x86_64_	(4 CPU)

00時00分02秒     CPU     %user     %nice   %system   %iowait    %steal     %idle
01時00分02秒     all      1.16      0.00      0.22      0.02      0.03     98.56
02時00分02秒     all      0.63      0.00      0.14      0.01      0.03     99.20
03時00分02秒     all      0.64      0.00      0.14      0.01      0.04     99.17
04時00分02秒     all      0.36      0.00      0.09      0.01      0.03     99.52
05時00分02秒     all      0.63      0.00      0.14      0.01      0.05     99.16
06時00分03秒     all      0.39      0.00      0.09      0.01      0.04     99.48
07時00分01秒     all      0.36      0.00      0.09      0.00      0.03     99.52
08時00分02秒     all      0.37      0.00      0.10      0.01      0.03     99.49
09時00分01秒     all      0.64      0.00      0.14      0.01      0.04     99.17
10時00分02秒     all      0.61      0.00      0.14      0.01      0.04     99.21
11時00分02秒     all      0.36      0.00      0.10      0.01      0.03     99.50
12時00分03秒     all      0.62      0.00      0.12      0.01      0.03     99.21
13時00分02秒     all      0.38      0.00      0.10      0.01      0.04     99.48
14時00分02秒     all      0.11      0.00      0.06      0.00      0.04     99.80
15時00分03秒     all      0.63      0.00      0.14      0.01      0.03     99.19
16時00分02秒     all      0.88      0.00      0.18      0.01      0.03     98.90
17時00分02秒     all      0.35      0.00      0.09      0.00      0.04     99.52
平均値:      all      0.54      0.00      0.12      0.01      0.03     99.30

-------------------- Logged in user --------------------
k4e1059c 2018-04-23 22:52

==================== 2018-05-09 20:55:01 ====================

-------------------- uptime --------------------
 20:55:01 up 307 days,  9:44,  1 user,  load average: 0.00, 0.01, 0.05

-------------------- System info --------------------
Linux sakura-tokyo-prod 3.10.0-514.26.2.el7.x86_64 #1 SMP Tue Jul 4 15:04:05 UTC 2017 x86_64 x86_64 x86_64 GNU/Linux

-------------------- Storage usage --------------------
ファイルシス   サイズ  使用  残り 使用% マウント位置
/dev/vda4         96G  6.4G   90G    7% /
devtmpfs         2.0G     0  2.0G    0% /dev
tmpfs            2.0G     0  2.0G    0% /dev/shm
tmpfs            2.0G  1.1G  859M   57% /run
tmpfs            2.0G     0  2.0G    0% /sys/fs/cgroup
/dev/vda2        497M  215M  283M   44% /boot
tmpfs            396M     0  396M    0% /run/user/0
tmpfs            396M     0  396M    0% /run/user/1001

-------------------- System load --------------------
Linux 3.10.0-514.26.2.el7.x86_64 (sakura-tokyo-prod) 	2018年05月09日 	_x86_64_	(4 CPU)

00時00分02秒     CPU     %user     %nice   %system   %iowait    %steal     %idle
01時00分02秒     all      1.16      0.00      0.22      0.02      0.03     98.56
02時00分02秒     all      0.63      0.00      0.14      0.01      0.03     99.20
03時00分02秒     all      0.64      0.00      0.14      0.01      0.04     99.17
04時00分02秒     all      0.36      0.00      0.09      0.01      0.03     99.52
05時00分02秒     all      0.63      0.00      0.14      0.01      0.05     99.16
06時00分03秒     all      0.39      0.00      0.09      0.01      0.04     99.48
07時00分01秒     all      0.36      0.00      0.09      0.00      0.03     99.52
08時00分02秒     all      0.37      0.00      0.10      0.01      0.03     99.49
09時00分01秒     all      0.64      0.00      0.14      0.01      0.04     99.17
10時00分02秒     all      0.61      0.00      0.14      0.01      0.04     99.21
11時00分02秒     all      0.36      0.00      0.10      0.01      0.03     99.50
12時00分03秒     all      0.62      0.00      0.12      0.01      0.03     99.21
13時00分02秒     all      0.38      0.00      0.10      0.01      0.04     99.48
14時00分02秒     all      0.11      0.00      0.06      0.00      0.04     99.80
15時00分03秒     all      0.63      0.00      0.14      0.01      0.03     99.19
16時00分02秒     all      0.88      0.00      0.18      0.01      0.03     98.90
17時00分02秒     all      0.35      0.00      0.09      0.00      0.04     99.52
18時00分02秒     all      0.10      0.00      0.06      0.00      0.04     99.80
19時00分02秒     all      0.92      0.00      0.20      0.02      0.04     98.82
20時00分03秒     all      0.64      0.00      0.14      0.01      0.03     99.17
平均値:      all      0.54      0.00      0.12      0.01      0.04     99.29

-------------------- Logged in user --------------------
ke2e85f9 2018-04-23 22:52

==================== 2018-05-09 23:55:01 ====================

-------------------- uptime --------------------
 23:55:01 up 307 days, 12:44,  1 user,  load average: 0.00, 0.01, 0.05

-------------------- System info --------------------
Linux sakura-tokyo-prod 3.10.0-514.26.2.el7.x86_64 #1 SMP Tue Jul 4 15:04:05 UTC 2017 x86_64 x86_64 x86_64 GNU/Linux

-------------------- Storage usage --------------------
ファイルシス   サイズ  使用  残り 使用% マウント位置
/dev/vda4         96G  6.4G   90G    7% /
devtmpfs         2.0G     0  2.0G    0% /dev
tmpfs            2.0G     0  2.0G    0% /dev/shm
tmpfs            2.0G  1.1G  858M   57% /run
tmpfs            2.0G     0  2.0G    0% /sys/fs/cgroup
/dev/vda2        497M  215M  283M   44% /boot
tmpfs            396M     0  396M    0% /run/user/0
tmpfs            396M     0  396M    0% /run/user/1001

-------------------- System load --------------------
Linux 3.10.0-514.26.2.el7.x86_64 (sakura-tokyo-prod) 	2018年05月09日 	_x86_64_	(4 CPU)

00時00分02秒     CPU     %user     %nice   %system   %iowait    %steal     %idle
01時00分02秒     all      1.16      0.00      0.22      0.02      0.03     98.56
02時00分02秒     all      0.63      0.00      0.14      0.01      0.03     99.20
03時00分02秒     all      0.64      0.00      0.14      0.01      0.04     99.17
04時00分02秒     all      0.36      0.00      0.09      0.01      0.03     99.52
05時00分02秒     all      0.63      0.00      0.14      0.01      0.05     99.16
06時00分03秒     all      0.39      0.00      0.09      0.01      0.04     99.48
07時00分01秒     all      0.36      0.00      0.09      0.00      0.03     99.52
08時00分02秒     all      0.37      0.00      0.10      0.01      0.03     99.49
09時00分01秒     all      0.64      0.00      0.14      0.01      0.04     99.17
10時00分02秒     all      0.61      0.00      0.14      0.01      0.04     99.21
11時00分02秒     all      0.36      0.00      0.10      0.01      0.03     99.50
12時00分03秒     all      0.62      0.00      0.12      0.01      0.03     99.21
13時00分02秒     all      0.38      0.00      0.10      0.01      0.04     99.48
14時00分02秒     all      0.11      0.00      0.06      0.00      0.04     99.80
15時00分03秒     all      0.63      0.00      0.14      0.01      0.03     99.19
16時00分02秒     all      0.88      0.00      0.18      0.01      0.03     98.90
17時00分02秒     all      0.35      0.00      0.09      0.00      0.04     99.52
18時00分02秒     all      0.10      0.00      0.06      0.00      0.04     99.80
19時00分02秒     all      0.92      0.00      0.20      0.02      0.04     98.82
20時00分03秒     all      0.64      0.00      0.14      0.01      0.03     99.17
21時00分02秒     all      0.36      0.00      0.08      0.01      0.03     99.52
22時00分02秒     all      0.09      0.00      0.04      0.00      0.04     99.83
23時00分02秒     all      0.39      0.00      0.10      0.01      0.04     99.47
平均値:      all      0.51      0.00      0.12      0.01      0.04     99.33

-------------------- Logged in user --------------------
kfdf713e 2018-04-23 22:52

