==================== 2018-05-10 02:55:01 ====================

-------------------- uptime --------------------
 02:55:01 up 307 days, 15:44,  0 users,  load average: 0.00, 0.01, 0.05

-------------------- System info --------------------
Linux sakura-tokyo-prod 3.10.0-514.26.2.el7.x86_64 #1 SMP Tue Jul 4 15:04:05 UTC 2017 x86_64 x86_64 x86_64 GNU/Linux

-------------------- Storage usage --------------------
ファイルシス   サイズ  使用  残り 使用% マウント位置
/dev/vda4         96G  6.4G   90G    7% /
devtmpfs         2.0G     0  2.0G    0% /dev
tmpfs            2.0G     0  2.0G    0% /dev/shm
tmpfs            2.0G  1.1G  858M   57% /run
tmpfs            2.0G     0  2.0G    0% /sys/fs/cgroup
/dev/vda2        497M  215M  283M   44% /boot
tmpfs            396M     0  396M    0% /run/user/0
tmpfs            396M     0  396M    0% /run/user/1001

-------------------- System load --------------------
Linux 3.10.0-514.26.2.el7.x86_64 (sakura-tokyo-prod) 	2018年05月10日 	_x86_64_	(4 CPU)

00時00分02秒     CPU     %user     %nice   %system   %iowait    %steal     %idle
01時00分02秒     all      0.39      0.00      0.10      0.01      0.05     99.46
02時00分02秒     all      0.10      0.00      0.04      0.00      0.04     99.82
平均値:      all      0.24      0.00      0.07      0.00      0.04     99.64

-------------------- Logged in user --------------------


==================== 2018-05-10 05:55:02 ====================

-------------------- uptime --------------------
 05:55:02 up 307 days, 18:44,  0 users,  load average: 0.02, 0.05, 0.05

-------------------- System info --------------------
Linux sakura-tokyo-prod 3.10.0-514.26.2.el7.x86_64 #1 SMP Tue Jul 4 15:04:05 UTC 2017 x86_64 x86_64 x86_64 GNU/Linux

-------------------- Storage usage --------------------
ファイルシス   サイズ  使用  残り 使用% マウント位置
/dev/vda4         96G  6.4G   90G    7% /
devtmpfs         2.0G     0  2.0G    0% /dev
tmpfs            2.0G     0  2.0G    0% /dev/shm
tmpfs            2.0G  1.1G  858M   57% /run
tmpfs            2.0G     0  2.0G    0% /sys/fs/cgroup
/dev/vda2        497M  215M  283M   44% /boot
tmpfs            396M     0  396M    0% /run/user/0
tmpfs            396M     0  396M    0% /run/user/1001

-------------------- System load --------------------
Linux 3.10.0-514.26.2.el7.x86_64 (sakura-tokyo-prod) 	2018年05月10日 	_x86_64_	(4 CPU)

00時00分02秒     CPU     %user     %nice   %system   %iowait    %steal     %idle
01時00分02秒     all      0.39      0.00      0.10      0.01      0.05     99.46
02時00分02秒     all      0.10      0.00      0.04      0.00      0.04     99.82
03時00分02秒     all      0.41      0.00      0.09      0.00      0.05     99.44
04時00分02秒     all      0.35      0.00      0.08      0.00      0.05     99.51
05時00分02秒     all      0.63      0.00      0.14      0.01      0.05     99.17
平均値:      all      0.38      0.00      0.09      0.01      0.05     99.48

-------------------- Logged in user --------------------


==================== 2018-05-10 08:55:01 ====================

-------------------- uptime --------------------
 08:55:01 up 307 days, 21:44,  0 users,  load average: 0.00, 0.01, 0.05

-------------------- System info --------------------
Linux sakura-tokyo-prod 3.10.0-514.26.2.el7.x86_64 #1 SMP Tue Jul 4 15:04:05 UTC 2017 x86_64 x86_64 x86_64 GNU/Linux

-------------------- Storage usage --------------------
ファイルシス   サイズ  使用  残り 使用% マウント位置
/dev/vda4         96G  6.4G   90G    7% /
devtmpfs         2.0G     0  2.0G    0% /dev
tmpfs            2.0G     0  2.0G    0% /dev/shm
tmpfs            2.0G  1.1G  858M   57% /run
tmpfs            2.0G     0  2.0G    0% /sys/fs/cgroup
/dev/vda2        497M  215M  283M   44% /boot
tmpfs            396M     0  396M    0% /run/user/0
tmpfs            396M     0  396M    0% /run/user/1001

-------------------- System load --------------------
Linux 3.10.0-514.26.2.el7.x86_64 (sakura-tokyo-prod) 	2018年05月10日 	_x86_64_	(4 CPU)

00時00分02秒     CPU     %user     %nice   %system   %iowait    %steal     %idle
01時00分02秒     all      0.39      0.00      0.10      0.01      0.05     99.46
02時00分02秒     all      0.10      0.00      0.04      0.00      0.04     99.82
03時00分02秒     all      0.41      0.00      0.09      0.00      0.05     99.44
04時00分02秒     all      0.35      0.00      0.08      0.00      0.05     99.51
05時00分02秒     all      0.63      0.00      0.14      0.01      0.05     99.17
06時00分02秒     all      0.71      0.00      0.13      0.01      0.08     99.07
07時00分01秒     all      0.94      0.00      0.17      0.01      0.08     98.81
08時00分02秒     all      0.35      0.00      0.09      0.00      0.04     99.51
平均値:      all      0.49      0.00      0.10      0.01      0.06     99.35

-------------------- Logged in user --------------------


==================== 2018-05-10 11:55:01 ====================

-------------------- uptime --------------------
 11:55:01 up 308 days, 44 min,  0 users,  load average: 0.00, 0.01, 0.05

-------------------- System info --------------------
Linux sakura-tokyo-prod 3.10.0-514.26.2.el7.x86_64 #1 SMP Tue Jul 4 15:04:05 UTC 2017 x86_64 x86_64 x86_64 GNU/Linux

-------------------- Storage usage --------------------
ファイルシス   サイズ  使用  残り 使用% マウント位置
/dev/vda4         96G  6.4G   90G    7% /
devtmpfs         2.0G     0  2.0G    0% /dev
tmpfs            2.0G     0  2.0G    0% /dev/shm
tmpfs            2.0G  1.1G  858M   57% /run
tmpfs            2.0G     0  2.0G    0% /sys/fs/cgroup
/dev/vda2        497M  215M  283M   44% /boot
tmpfs            396M     0  396M    0% /run/user/0
tmpfs            396M     0  396M    0% /run/user/1001

-------------------- System load --------------------
Linux 3.10.0-514.26.2.el7.x86_64 (sakura-tokyo-prod) 	2018年05月10日 	_x86_64_	(4 CPU)

00時00分02秒     CPU     %user     %nice   %system   %iowait    %steal     %idle
01時00分02秒     all      0.39      0.00      0.10      0.01      0.05     99.46
02時00分02秒     all      0.10      0.00      0.04      0.00      0.04     99.82
03時00分02秒     all      0.41      0.00      0.09      0.00      0.05     99.44
04時00分02秒     all      0.35      0.00      0.08      0.00      0.05     99.51
05時00分02秒     all      0.63      0.00      0.14      0.01      0.05     99.17
06時00分02秒     all      0.71      0.00      0.13      0.01      0.08     99.07
07時00分01秒     all      0.94      0.00      0.17      0.01      0.08     98.81
08時00分02秒     all      0.35      0.00      0.09      0.00      0.04     99.51
09時00分02秒     all      0.36      0.00      0.10      0.00      0.05     99.49
10時00分02秒     all      0.38      0.00      0.10      0.00      0.05     99.46
11時00分01秒     all      0.36      0.00      0.10      0.00      0.06     99.48
平均値:      all      0.45      0.00      0.10      0.01      0.05     99.38

-------------------- Logged in user --------------------


==================== 2018-05-10 14:55:01 ====================

-------------------- uptime --------------------
 14:55:01 up 308 days,  3:44,  0 users,  load average: 0.00, 0.04, 0.05

-------------------- System info --------------------
Linux sakura-tokyo-prod 3.10.0-514.26.2.el7.x86_64 #1 SMP Tue Jul 4 15:04:05 UTC 2017 x86_64 x86_64 x86_64 GNU/Linux

-------------------- Storage usage --------------------
ファイルシス   サイズ  使用  残り 使用% マウント位置
/dev/vda4         96G  6.4G   90G    7% /
devtmpfs         2.0G     0  2.0G    0% /dev
tmpfs            2.0G     0  2.0G    0% /dev/shm
tmpfs            2.0G  1.1G  858M   57% /run
tmpfs            2.0G     0  2.0G    0% /sys/fs/cgroup
/dev/vda2        497M  215M  283M   44% /boot
tmpfs            396M     0  396M    0% /run/user/0
tmpfs            396M     0  396M    0% /run/user/1001

-------------------- System load --------------------
Linux 3.10.0-514.26.2.el7.x86_64 (sakura-tokyo-prod) 	2018年05月10日 	_x86_64_	(4 CPU)

00時00分02秒     CPU     %user     %nice   %system   %iowait    %steal     %idle
01時00分02秒     all      0.39      0.00      0.10      0.01      0.05     99.46
02時00分02秒     all      0.10      0.00      0.04      0.00      0.04     99.82
03時00分02秒     all      0.41      0.00      0.09      0.00      0.05     99.44
04時00分02秒     all      0.35      0.00      0.08      0.00      0.05     99.51
05時00分02秒     all      0.63      0.00      0.14      0.01      0.05     99.17
06時00分02秒     all      0.71      0.00      0.13      0.01      0.08     99.07
07時00分01秒     all      0.94      0.00      0.17      0.01      0.08     98.81
08時00分02秒     all      0.35      0.00      0.09      0.00      0.04     99.51
09時00分02秒     all      0.36      0.00      0.10      0.00      0.05     99.49
10時00分02秒     all      0.38      0.00      0.10      0.00      0.05     99.46
11時00分01秒     all      0.36      0.00      0.10      0.00      0.06     99.48
12時00分02秒     all      0.13      0.00      0.07      0.00      0.06     99.75
13時00分02秒     all      0.65      0.00      0.15      0.01      0.07     99.11
14時00分02秒     all      0.37      0.00      0.12      0.01      0.06     99.44
平均値:      all      0.44      0.00      0.11      0.01      0.06     99.39

-------------------- Logged in user --------------------


==================== 2018-05-10 17:55:01 ====================

-------------------- uptime --------------------
 17:55:01 up 308 days,  6:44,  0 users,  load average: 0.00, 0.01, 0.05

-------------------- System info --------------------
Linux sakura-tokyo-prod 3.10.0-514.26.2.el7.x86_64 #1 SMP Tue Jul 4 15:04:05 UTC 2017 x86_64 x86_64 x86_64 GNU/Linux

-------------------- Storage usage --------------------
ファイルシス   サイズ  使用  残り 使用% マウント位置
/dev/vda4         96G  6.4G   90G    7% /
devtmpfs         2.0G     0  2.0G    0% /dev
tmpfs            2.0G     0  2.0G    0% /dev/shm
tmpfs            2.0G  1.1G  858M   57% /run
tmpfs            2.0G     0  2.0G    0% /sys/fs/cgroup
/dev/vda2        497M  215M  283M   44% /boot
tmpfs            396M     0  396M    0% /run/user/0
tmpfs            396M     0  396M    0% /run/user/1001

-------------------- System load --------------------
Linux 3.10.0-514.26.2.el7.x86_64 (sakura-tokyo-prod) 	2018年05月10日 	_x86_64_	(4 CPU)

00時00分02秒     CPU     %user     %nice   %system   %iowait    %steal     %idle
01時00分02秒     all      0.39      0.00      0.10      0.01      0.05     99.46
02時00分02秒     all      0.10      0.00      0.04      0.00      0.04     99.82
03時00分02秒     all      0.41      0.00      0.09      0.00      0.05     99.44
04時00分02秒     all      0.35      0.00      0.08      0.00      0.05     99.51
05時00分02秒     all      0.63      0.00      0.14      0.01      0.05     99.17
06時00分02秒     all      0.71      0.00      0.13      0.01      0.08     99.07
07時00分01秒     all      0.94      0.00      0.17      0.01      0.08     98.81
08時00分02秒     all      0.35      0.00      0.09      0.00      0.04     99.51
09時00分02秒     all      0.36      0.00      0.10      0.00      0.05     99.49
10時00分02秒     all      0.38      0.00      0.10      0.00      0.05     99.46
11時00分01秒     all      0.36      0.00      0.10      0.00      0.06     99.48
12時00分02秒     all      0.13      0.00      0.07      0.00      0.06     99.75
13時00分02秒     all      0.65      0.00      0.15      0.01      0.07     99.11
14時00分02秒     all      0.37      0.00      0.12      0.01      0.06     99.44
15時00分02秒     all      0.62      0.00      0.15      0.01      0.06     99.15
16時00分02秒     all      0.62      0.00      0.13      0.01      0.06     99.18
17時00分02秒     all      0.53      0.00      0.11      0.01      0.05     99.29
平均値:      all      0.47      0.00      0.11      0.01      0.06     99.36

-------------------- Logged in user --------------------


==================== 2018-05-10 20:55:01 ====================

-------------------- uptime --------------------
 20:55:01 up 308 days,  9:44,  1 user,  load average: 0.00, 0.01, 0.05

-------------------- System info --------------------
Linux sakura-tokyo-prod 3.10.0-514.26.2.el7.x86_64 #1 SMP Tue Jul 4 15:04:05 UTC 2017 x86_64 x86_64 x86_64 GNU/Linux

-------------------- Storage usage --------------------
ファイルシス   サイズ  使用  残り 使用% マウント位置
/dev/vda4         96G  6.4G   90G    7% /
devtmpfs         2.0G     0  2.0G    0% /dev
tmpfs            2.0G     0  2.0G    0% /dev/shm
tmpfs            2.0G  1.1G  858M   57% /run
tmpfs            2.0G     0  2.0G    0% /sys/fs/cgroup
/dev/vda2        497M  215M  283M   44% /boot
tmpfs            396M     0  396M    0% /run/user/0
tmpfs            396M     0  396M    0% /run/user/1001

-------------------- System load --------------------
Linux 3.10.0-514.26.2.el7.x86_64 (sakura-tokyo-prod) 	2018年05月10日 	_x86_64_	(4 CPU)

00時00分02秒     CPU     %user     %nice   %system   %iowait    %steal     %idle
01時00分02秒     all      0.39      0.00      0.10      0.01      0.05     99.46
02時00分02秒     all      0.10      0.00      0.04      0.00      0.04     99.82
03時00分02秒     all      0.41      0.00      0.09      0.00      0.05     99.44
04時00分02秒     all      0.35      0.00      0.08      0.00      0.05     99.51
05時00分02秒     all      0.63      0.00      0.14      0.01      0.05     99.17
06時00分02秒     all      0.71      0.00      0.13      0.01      0.08     99.07
07時00分01秒     all      0.94      0.00      0.17      0.01      0.08     98.81
08時00分02秒     all      0.35      0.00      0.09      0.00      0.04     99.51
09時00分02秒     all      0.36      0.00      0.10      0.00      0.05     99.49
10時00分02秒     all      0.38      0.00      0.10      0.00      0.05     99.46
11時00分01秒     all      0.36      0.00      0.10      0.00      0.06     99.48
12時00分02秒     all      0.13      0.00      0.07      0.00      0.06     99.75
13時00分02秒     all      0.65      0.00      0.15      0.01      0.07     99.11
14時00分02秒     all      0.37      0.00      0.12      0.01      0.06     99.44
15時00分02秒     all      0.62      0.00      0.15      0.01      0.06     99.15
16時00分02秒     all      0.62      0.00      0.13      0.01      0.06     99.18
17時00分02秒     all      0.53      0.00      0.11      0.01      0.05     99.29
18時00分02秒     all      0.18      0.00      0.06      0.00      0.05     99.71
19時00分03秒     all      0.36      0.00      0.09      0.00      0.04     99.50
20時00分02秒     all      0.35      0.00      0.09      0.00      0.03     99.53
平均値:      all      0.44      0.00      0.11      0.01      0.05     99.39

-------------------- Logged in user --------------------
k246eb20 2018-05-10 20:18

==================== 2018-05-10 23:55:01 ====================

-------------------- uptime --------------------
 23:55:01 up 308 days, 12:44,  1 user,  load average: 0.03, 0.08, 0.06

-------------------- System info --------------------
Linux sakura-tokyo-prod 3.10.0-514.26.2.el7.x86_64 #1 SMP Tue Jul 4 15:04:05 UTC 2017 x86_64 x86_64 x86_64 GNU/Linux

-------------------- Storage usage --------------------
ファイルシス   サイズ  使用  残り 使用% マウント位置
/dev/vda4         96G  6.4G   90G    7% /
devtmpfs         2.0G     0  2.0G    0% /dev
tmpfs            2.0G     0  2.0G    0% /dev/shm
tmpfs            2.0G  1.1G  858M   57% /run
tmpfs            2.0G     0  2.0G    0% /sys/fs/cgroup
/dev/vda2        497M  215M  283M   44% /boot
tmpfs            396M     0  396M    0% /run/user/0
tmpfs            396M     0  396M    0% /run/user/1001

-------------------- System load --------------------
Linux 3.10.0-514.26.2.el7.x86_64 (sakura-tokyo-prod) 	2018年05月10日 	_x86_64_	(4 CPU)

00時00分02秒     CPU     %user     %nice   %system   %iowait    %steal     %idle
01時00分02秒     all      0.39      0.00      0.10      0.01      0.05     99.46
02時00分02秒     all      0.10      0.00      0.04      0.00      0.04     99.82
03時00分02秒     all      0.41      0.00      0.09      0.00      0.05     99.44
04時00分02秒     all      0.35      0.00      0.08      0.00      0.05     99.51
05時00分02秒     all      0.63      0.00      0.14      0.01      0.05     99.17
06時00分02秒     all      0.71      0.00      0.13      0.01      0.08     99.07
07時00分01秒     all      0.94      0.00      0.17      0.01      0.08     98.81
08時00分02秒     all      0.35      0.00      0.09      0.00      0.04     99.51
09時00分02秒     all      0.36      0.00      0.10      0.00      0.05     99.49
10時00分02秒     all      0.38      0.00      0.10      0.00      0.05     99.46
11時00分01秒     all      0.36      0.00      0.10      0.00      0.06     99.48
12時00分02秒     all      0.13      0.00      0.07      0.00      0.06     99.75
13時00分02秒     all      0.65      0.00      0.15      0.01      0.07     99.11
14時00分02秒     all      0.37      0.00      0.12      0.01      0.06     99.44
15時00分02秒     all      0.62      0.00      0.15      0.01      0.06     99.15
16時00分02秒     all      0.62      0.00      0.13      0.01      0.06     99.18
17時00分02秒     all      0.53      0.00      0.11      0.01      0.05     99.29
18時00分02秒     all      0.18      0.00      0.06      0.00      0.05     99.71
19時00分03秒     all      0.36      0.00      0.09      0.00      0.04     99.50
20時00分02秒     all      0.35      0.00      0.09      0.00      0.03     99.53
21時00分02秒     all      0.62      0.00      0.13      0.01      0.03     99.21
22時00分01秒     all      0.36      0.00      0.08      0.00      0.03     99.52
23時00分02秒     all      0.35      0.00      0.08      0.00      0.03     99.54
平均値:      all      0.44      0.00      0.10      0.01      0.05     99.40

-------------------- Logged in user --------------------
k2c0dd4e 2018-05-10 20:18

