==================== 2018-05-11 02:55:01 ====================

-------------------- uptime --------------------
 02:55:01 up 308 days, 15:44,  1 user,  load average: 0.02, 0.11, 0.10

-------------------- System info --------------------
Linux sakura-tokyo-prod 3.10.0-514.26.2.el7.x86_64 #1 SMP Tue Jul 4 15:04:05 UTC 2017 x86_64 x86_64 x86_64 GNU/Linux

-------------------- Storage usage --------------------
ファイルシス   サイズ  使用  残り 使用% マウント位置
/dev/vda4         96G  6.4G   90G    7% /
devtmpfs         2.0G     0  2.0G    0% /dev
tmpfs            2.0G     0  2.0G    0% /dev/shm
tmpfs            2.0G  1.1G  857M   57% /run
tmpfs            2.0G     0  2.0G    0% /sys/fs/cgroup
/dev/vda2        497M  215M  283M   44% /boot
tmpfs            396M     0  396M    0% /run/user/0
tmpfs            396M     0  396M    0% /run/user/1001

-------------------- System load --------------------
Linux 3.10.0-514.26.2.el7.x86_64 (sakura-tokyo-prod) 	2018年05月11日 	_x86_64_	(4 CPU)

00時00分02秒     CPU     %user     %nice   %system   %iowait    %steal     %idle
01時00分01秒     all      0.62      0.00      0.12      0.01      0.02     99.23
02時00分02秒     all      0.35      0.00      0.07      0.00      0.02     99.56
平均値:      all      0.48      0.00      0.10      0.01      0.02     99.39

-------------------- Logged in user --------------------
kbd6307e 2018-05-10 20:18

==================== 2018-05-11 05:55:01 ====================

-------------------- uptime --------------------
 05:55:01 up 308 days, 18:44,  1 user,  load average: 0.05, 0.03, 0.05

-------------------- System info --------------------
Linux sakura-tokyo-prod 3.10.0-514.26.2.el7.x86_64 #1 SMP Tue Jul 4 15:04:05 UTC 2017 x86_64 x86_64 x86_64 GNU/Linux

-------------------- Storage usage --------------------
ファイルシス   サイズ  使用  残り 使用% マウント位置
/dev/vda4         96G  6.4G   90G    7% /
devtmpfs         2.0G     0  2.0G    0% /dev
tmpfs            2.0G     0  2.0G    0% /dev/shm
tmpfs            2.0G  1.1G  857M   57% /run
tmpfs            2.0G     0  2.0G    0% /sys/fs/cgroup
/dev/vda2        497M  215M  283M   44% /boot
tmpfs            396M     0  396M    0% /run/user/0
tmpfs            396M     0  396M    0% /run/user/1001

-------------------- System load --------------------
Linux 3.10.0-514.26.2.el7.x86_64 (sakura-tokyo-prod) 	2018年05月11日 	_x86_64_	(4 CPU)

00時00分02秒     CPU     %user     %nice   %system   %iowait    %steal     %idle
01時00分01秒     all      0.62      0.00      0.12      0.01      0.02     99.23
02時00分02秒     all      0.35      0.00      0.07      0.00      0.02     99.56
03時00分02秒     all      0.88      0.00      0.17      0.01      0.03     98.91
04時00分02秒     all      0.59      0.00      0.11      0.01      0.04     99.25
05時00分01秒     all      0.41      0.00      0.10      0.01      0.03     99.45
平均値:      all      0.57      0.00      0.12      0.01      0.03     99.28

-------------------- Logged in user --------------------
kb7a49b5 2018-05-10 20:18

==================== 2018-05-11 08:55:01 ====================

-------------------- uptime --------------------
 08:55:01 up 308 days, 21:44,  1 user,  load average: 0.00, 0.02, 0.05

-------------------- System info --------------------
Linux sakura-tokyo-prod 3.10.0-514.26.2.el7.x86_64 #1 SMP Tue Jul 4 15:04:05 UTC 2017 x86_64 x86_64 x86_64 GNU/Linux

-------------------- Storage usage --------------------
ファイルシス   サイズ  使用  残り 使用% マウント位置
/dev/vda4         96G  6.4G   90G    7% /
devtmpfs         2.0G     0  2.0G    0% /dev
tmpfs            2.0G     0  2.0G    0% /dev/shm
tmpfs            2.0G  1.1G  857M   57% /run
tmpfs            2.0G     0  2.0G    0% /sys/fs/cgroup
/dev/vda2        497M  215M  283M   44% /boot
tmpfs            396M     0  396M    0% /run/user/0
tmpfs            396M     0  396M    0% /run/user/1001

-------------------- System load --------------------
Linux 3.10.0-514.26.2.el7.x86_64 (sakura-tokyo-prod) 	2018年05月11日 	_x86_64_	(4 CPU)

00時00分02秒     CPU     %user     %nice   %system   %iowait    %steal     %idle
01時00分01秒     all      0.62      0.00      0.12      0.01      0.02     99.23
02時00分02秒     all      0.35      0.00      0.07      0.00      0.02     99.56
03時00分02秒     all      0.88      0.00      0.17      0.01      0.03     98.91
04時00分02秒     all      0.59      0.00      0.11      0.01      0.04     99.25
05時00分01秒     all      0.41      0.00      0.10      0.01      0.03     99.45
06時00分02秒     all      0.68      0.00      0.14      0.01      0.04     99.13
07時00分02秒     all      0.42      0.00      0.12      0.01      0.04     99.42
08時00分02秒     all      0.72      0.00      0.16      0.01      0.04     99.07
平均値:      all      0.58      0.00      0.12      0.01      0.03     99.25

-------------------- Logged in user --------------------
kd4369e1 2018-05-10 20:18

==================== 2018-05-11 11:55:01 ====================

-------------------- uptime --------------------
 11:55:01 up 309 days, 44 min,  1 user,  load average: 0.00, 0.01, 0.05

-------------------- System info --------------------
Linux sakura-tokyo-prod 3.10.0-514.26.2.el7.x86_64 #1 SMP Tue Jul 4 15:04:05 UTC 2017 x86_64 x86_64 x86_64 GNU/Linux

-------------------- Storage usage --------------------
ファイルシス   サイズ  使用  残り 使用% マウント位置
/dev/vda4         96G  6.4G   90G    7% /
devtmpfs         2.0G     0  2.0G    0% /dev
tmpfs            2.0G     0  2.0G    0% /dev/shm
tmpfs            2.0G  1.1G  857M   57% /run
tmpfs            2.0G     0  2.0G    0% /sys/fs/cgroup
/dev/vda2        497M  215M  283M   44% /boot
tmpfs            396M     0  396M    0% /run/user/0
tmpfs            396M     0  396M    0% /run/user/1001

-------------------- System load --------------------
Linux 3.10.0-514.26.2.el7.x86_64 (sakura-tokyo-prod) 	2018年05月11日 	_x86_64_	(4 CPU)

00時00分02秒     CPU     %user     %nice   %system   %iowait    %steal     %idle
01時00分01秒     all      0.62      0.00      0.12      0.01      0.02     99.23
02時00分02秒     all      0.35      0.00      0.07      0.00      0.02     99.56
03時00分02秒     all      0.88      0.00      0.17      0.01      0.03     98.91
04時00分02秒     all      0.59      0.00      0.11      0.01      0.04     99.25
05時00分01秒     all      0.41      0.00      0.10      0.01      0.03     99.45
06時00分02秒     all      0.68      0.00      0.14      0.01      0.04     99.13
07時00分02秒     all      0.42      0.00      0.12      0.01      0.04     99.42
08時00分02秒     all      0.72      0.00      0.16      0.01      0.04     99.07
09時00分02秒     all      0.45      0.00      0.13      0.01      0.04     99.37
10時00分02秒     all      0.44      0.00      0.12      0.00      0.04     99.40
11時00分02秒     all      0.18      0.00      0.08      0.00      0.04     99.70
平均値:      all      0.52      0.00      0.12      0.01      0.03     99.32

-------------------- Logged in user --------------------
k98b7856 2018-05-10 20:18

==================== 2018-05-11 14:55:01 ====================

-------------------- uptime --------------------
 14:55:01 up 309 days,  3:44,  1 user,  load average: 0.04, 0.04, 0.05

-------------------- System info --------------------
Linux sakura-tokyo-prod 3.10.0-514.26.2.el7.x86_64 #1 SMP Tue Jul 4 15:04:05 UTC 2017 x86_64 x86_64 x86_64 GNU/Linux

-------------------- Storage usage --------------------
ファイルシス   サイズ  使用  残り 使用% マウント位置
/dev/vda4         96G  6.4G   90G    7% /
devtmpfs         2.0G     0  2.0G    0% /dev
tmpfs            2.0G     0  2.0G    0% /dev/shm
tmpfs            2.0G  1.1G  857M   57% /run
tmpfs            2.0G     0  2.0G    0% /sys/fs/cgroup
/dev/vda2        497M  215M  283M   44% /boot
tmpfs            396M     0  396M    0% /run/user/0
tmpfs            396M     0  396M    0% /run/user/1001

-------------------- System load --------------------
Linux 3.10.0-514.26.2.el7.x86_64 (sakura-tokyo-prod) 	2018年05月11日 	_x86_64_	(4 CPU)

00時00分02秒     CPU     %user     %nice   %system   %iowait    %steal     %idle
01時00分01秒     all      0.62      0.00      0.12      0.01      0.02     99.23
02時00分02秒     all      0.35      0.00      0.07      0.00      0.02     99.56
03時00分02秒     all      0.88      0.00      0.17      0.01      0.03     98.91
04時00分02秒     all      0.59      0.00      0.11      0.01      0.04     99.25
05時00分01秒     all      0.41      0.00      0.10      0.01      0.03     99.45
06時00分02秒     all      0.68      0.00      0.14      0.01      0.04     99.13
07時00分02秒     all      0.42      0.00      0.12      0.01      0.04     99.42
08時00分02秒     all      0.72      0.00      0.16      0.01      0.04     99.07
09時00分02秒     all      0.45      0.00      0.13      0.01      0.04     99.37
10時00分02秒     all      0.44      0.00      0.12      0.00      0.04     99.40
11時00分02秒     all      0.18      0.00      0.08      0.00      0.04     99.70
12時00分02秒     all      0.71      0.00      0.17      0.01      0.05     99.06
13時00分02秒     all      0.70      0.00      0.17      0.01      0.06     99.07
14時00分02秒     all      0.62      0.00      0.14      0.01      0.04     99.19
平均値:      all      0.55      0.00      0.13      0.01      0.04     99.27

-------------------- Logged in user --------------------
k19c9f5e 2018-05-10 20:18

==================== 2018-05-11 17:55:01 ====================

-------------------- uptime --------------------
 17:55:01 up 309 days,  6:44,  1 user,  load average: 0.00, 0.03, 0.05

-------------------- System info --------------------
Linux sakura-tokyo-prod 3.10.0-514.26.2.el7.x86_64 #1 SMP Tue Jul 4 15:04:05 UTC 2017 x86_64 x86_64 x86_64 GNU/Linux

-------------------- Storage usage --------------------
ファイルシス   サイズ  使用  残り 使用% マウント位置
/dev/vda4         96G  6.4G   90G    7% /
devtmpfs         2.0G     0  2.0G    0% /dev
tmpfs            2.0G     0  2.0G    0% /dev/shm
tmpfs            2.0G  1.1G  857M   57% /run
tmpfs            2.0G     0  2.0G    0% /sys/fs/cgroup
/dev/vda2        497M  215M  283M   44% /boot
tmpfs            396M     0  396M    0% /run/user/0
tmpfs            396M     0  396M    0% /run/user/1001

-------------------- System load --------------------
Linux 3.10.0-514.26.2.el7.x86_64 (sakura-tokyo-prod) 	2018年05月11日 	_x86_64_	(4 CPU)

00時00分02秒     CPU     %user     %nice   %system   %iowait    %steal     %idle
01時00分01秒     all      0.62      0.00      0.12      0.01      0.02     99.23
02時00分02秒     all      0.35      0.00      0.07      0.00      0.02     99.56
03時00分02秒     all      0.88      0.00      0.17      0.01      0.03     98.91
04時00分02秒     all      0.59      0.00      0.11      0.01      0.04     99.25
05時00分01秒     all      0.41      0.00      0.10      0.01      0.03     99.45
06時00分02秒     all      0.68      0.00      0.14      0.01      0.04     99.13
07時00分02秒     all      0.42      0.00      0.12      0.01      0.04     99.42
08時00分02秒     all      0.72      0.00      0.16      0.01      0.04     99.07
09時00分02秒     all      0.45      0.00      0.13      0.01      0.04     99.37
10時00分02秒     all      0.44      0.00      0.12      0.00      0.04     99.40
11時00分02秒     all      0.18      0.00      0.08      0.00      0.04     99.70
12時00分02秒     all      0.71      0.00      0.17      0.01      0.05     99.06
13時00分02秒     all      0.70      0.00      0.17      0.01      0.06     99.07
14時00分02秒     all      0.62      0.00      0.14      0.01      0.04     99.19
15時00分02秒     all      0.89      0.00      0.18      0.01      0.05     98.86
16時00分02秒     all      1.12      0.00      0.22      0.02      0.05     98.59
17時00分02秒     all      0.41      0.00      0.11      0.01      0.04     99.43
平均値:      all      0.60      0.00      0.14      0.01      0.04     99.22

-------------------- Logged in user --------------------
k8368e17 2018-05-10 20:18

