==================== 2018-05-12 02:55:01 ====================

-------------------- uptime --------------------
 02:55:01 up 309 days, 15:44,  1 user,  load average: 0.00, 0.01, 0.05

-------------------- System info --------------------
Linux sakura-tokyo-prod 3.10.0-514.26.2.el7.x86_64 #1 SMP Tue Jul 4 15:04:05 UTC 2017 x86_64 x86_64 x86_64 GNU/Linux

-------------------- Storage usage --------------------
ファイルシス   サイズ  使用  残り 使用% マウント位置
/dev/vda4         96G  6.4G   90G    7% /
devtmpfs         2.0G     0  2.0G    0% /dev
tmpfs            2.0G     0  2.0G    0% /dev/shm
tmpfs            2.0G  1.1G  856M   57% /run
tmpfs            2.0G     0  2.0G    0% /sys/fs/cgroup
/dev/vda2        497M  215M  283M   44% /boot
tmpfs            396M     0  396M    0% /run/user/0
tmpfs            396M     0  396M    0% /run/user/1001

-------------------- System load --------------------
Linux 3.10.0-514.26.2.el7.x86_64 (sakura-tokyo-prod) 	2018年05月12日 	_x86_64_	(4 CPU)

00時00分02秒     CPU     %user     %nice   %system   %iowait    %steal     %idle
01時00分02秒     all      0.37      0.00      0.09      0.01      0.03     99.51
02時00分02秒     all      0.36      0.00      0.09      0.00      0.03     99.51
平均値:      all      0.37      0.00      0.09      0.01      0.03     99.51

-------------------- Logged in user --------------------
k94f8c64 2018-05-10 20:18

==================== 2018-05-12 05:55:02 ====================

-------------------- uptime --------------------
 05:55:02 up 309 days, 18:44,  1 user,  load average: 0.00, 0.01, 0.05

-------------------- System info --------------------
Linux sakura-tokyo-prod 3.10.0-514.26.2.el7.x86_64 #1 SMP Tue Jul 4 15:04:05 UTC 2017 x86_64 x86_64 x86_64 GNU/Linux

-------------------- Storage usage --------------------
ファイルシス   サイズ  使用  残り 使用% マウント位置
/dev/vda4         96G  6.4G   90G    7% /
devtmpfs         2.0G     0  2.0G    0% /dev
tmpfs            2.0G     0  2.0G    0% /dev/shm
tmpfs            2.0G  1.1G  856M   57% /run
tmpfs            2.0G     0  2.0G    0% /sys/fs/cgroup
/dev/vda2        497M  215M  283M   44% /boot
tmpfs            396M     0  396M    0% /run/user/0
tmpfs            396M     0  396M    0% /run/user/1001

-------------------- System load --------------------
Linux 3.10.0-514.26.2.el7.x86_64 (sakura-tokyo-prod) 	2018年05月12日 	_x86_64_	(4 CPU)

00時00分02秒     CPU     %user     %nice   %system   %iowait    %steal     %idle
01時00分02秒     all      0.37      0.00      0.09      0.01      0.03     99.51
02時00分02秒     all      0.36      0.00      0.09      0.00      0.03     99.51
03時00分02秒     all      0.35      0.00      0.09      0.01      0.03     99.52
04時00分02秒     all      0.63      0.00      0.14      0.01      0.03     99.19
05時00分02秒     all      0.60      0.00      0.12      0.01      0.03     99.24
平均値:      all      0.46      0.00      0.11      0.01      0.03     99.40

-------------------- Logged in user --------------------
k901fa5c 2018-05-10 20:18

==================== 2018-05-12 08:55:01 ====================

-------------------- uptime --------------------
 08:55:01 up 309 days, 21:44,  1 user,  load average: 0.02, 0.09, 0.07

-------------------- System info --------------------
Linux sakura-tokyo-prod 3.10.0-514.26.2.el7.x86_64 #1 SMP Tue Jul 4 15:04:05 UTC 2017 x86_64 x86_64 x86_64 GNU/Linux

-------------------- Storage usage --------------------
ファイルシス   サイズ  使用  残り 使用% マウント位置
/dev/vda4         96G  6.4G   90G    7% /
devtmpfs         2.0G     0  2.0G    0% /dev
tmpfs            2.0G     0  2.0G    0% /dev/shm
tmpfs            2.0G  1.1G  856M   57% /run
tmpfs            2.0G     0  2.0G    0% /sys/fs/cgroup
/dev/vda2        497M  215M  283M   44% /boot
tmpfs            396M     0  396M    0% /run/user/0
tmpfs            396M     0  396M    0% /run/user/1001

-------------------- System load --------------------
Linux 3.10.0-514.26.2.el7.x86_64 (sakura-tokyo-prod) 	2018年05月12日 	_x86_64_	(4 CPU)

00時00分02秒     CPU     %user     %nice   %system   %iowait    %steal     %idle
01時00分02秒     all      0.37      0.00      0.09      0.01      0.03     99.51
02時00分02秒     all      0.36      0.00      0.09      0.00      0.03     99.51
03時00分02秒     all      0.35      0.00      0.09      0.01      0.03     99.52
04時00分02秒     all      0.63      0.00      0.14      0.01      0.03     99.19
05時00分02秒     all      0.60      0.00      0.12      0.01      0.03     99.24
06時00分03秒     all      0.89      0.00      0.18      0.01      0.03     98.88
07時00分02秒     all      0.38      0.00      0.10      0.01      0.03     99.48
08時00分01秒     all      0.85      0.00      0.16      0.01      0.04     98.93
平均値:      all      0.55      0.00      0.12      0.01      0.03     99.29

-------------------- Logged in user --------------------
k917c321 2018-05-10 20:18

==================== 2018-05-12 11:55:01 ====================

-------------------- uptime --------------------
 11:55:01 up 310 days, 44 min,  1 user,  load average: 0.00, 0.01, 0.05

-------------------- System info --------------------
Linux sakura-tokyo-prod 3.10.0-514.26.2.el7.x86_64 #1 SMP Tue Jul 4 15:04:05 UTC 2017 x86_64 x86_64 x86_64 GNU/Linux

-------------------- Storage usage --------------------
ファイルシス   サイズ  使用  残り 使用% マウント位置
/dev/vda4         96G  6.4G   90G    7% /
devtmpfs         2.0G     0  2.0G    0% /dev
tmpfs            2.0G     0  2.0G    0% /dev/shm
tmpfs            2.0G  1.1G  856M   57% /run
tmpfs            2.0G     0  2.0G    0% /sys/fs/cgroup
/dev/vda2        497M  215M  283M   44% /boot
tmpfs            396M     0  396M    0% /run/user/0
tmpfs            396M     0  396M    0% /run/user/1001

-------------------- System load --------------------
Linux 3.10.0-514.26.2.el7.x86_64 (sakura-tokyo-prod) 	2018年05月12日 	_x86_64_	(4 CPU)

00時00分02秒     CPU     %user     %nice   %system   %iowait    %steal     %idle
01時00分02秒     all      0.37      0.00      0.09      0.01      0.03     99.51
02時00分02秒     all      0.36      0.00      0.09      0.00      0.03     99.51
03時00分02秒     all      0.35      0.00      0.09      0.01      0.03     99.52
04時00分02秒     all      0.63      0.00      0.14      0.01      0.03     99.19
05時00分02秒     all      0.60      0.00      0.12      0.01      0.03     99.24
06時00分03秒     all      0.89      0.00      0.18      0.01      0.03     98.88
07時00分02秒     all      0.38      0.00      0.10      0.01      0.03     99.48
08時00分01秒     all      0.85      0.00      0.16      0.01      0.04     98.93
09時00分02秒     all      0.61      0.00      0.13      0.01      0.04     99.21
10時00分02秒     all      1.13      0.00      0.22      0.02      0.04     98.59
11時00分02秒     all      0.60      0.00      0.12      0.01      0.04     99.22
平均値:      all      0.61      0.00      0.13      0.01      0.03     99.21

-------------------- Logged in user --------------------
kc27c0e1 2018-05-10 20:18

==================== 2018-05-12 14:55:02 ====================

-------------------- uptime --------------------
 14:55:02 up 310 days,  3:44,  1 user,  load average: 0.01, 0.06, 0.06

-------------------- System info --------------------
Linux sakura-tokyo-prod 3.10.0-514.26.2.el7.x86_64 #1 SMP Tue Jul 4 15:04:05 UTC 2017 x86_64 x86_64 x86_64 GNU/Linux

-------------------- Storage usage --------------------
ファイルシス   サイズ  使用  残り 使用% マウント位置
/dev/vda4         96G  6.4G   90G    7% /
devtmpfs         2.0G     0  2.0G    0% /dev
tmpfs            2.0G     0  2.0G    0% /dev/shm
tmpfs            2.0G  1.1G  856M   57% /run
tmpfs            2.0G     0  2.0G    0% /sys/fs/cgroup
/dev/vda2        497M  215M  283M   44% /boot
tmpfs            396M     0  396M    0% /run/user/0
tmpfs            396M     0  396M    0% /run/user/1001

-------------------- System load --------------------
Linux 3.10.0-514.26.2.el7.x86_64 (sakura-tokyo-prod) 	2018年05月12日 	_x86_64_	(4 CPU)

00時00分02秒     CPU     %user     %nice   %system   %iowait    %steal     %idle
01時00分02秒     all      0.37      0.00      0.09      0.01      0.03     99.51
02時00分02秒     all      0.36      0.00      0.09      0.00      0.03     99.51
03時00分02秒     all      0.35      0.00      0.09      0.01      0.03     99.52
04時00分02秒     all      0.63      0.00      0.14      0.01      0.03     99.19
05時00分02秒     all      0.60      0.00      0.12      0.01      0.03     99.24
06時00分03秒     all      0.89      0.00      0.18      0.01      0.03     98.88
07時00分02秒     all      0.38      0.00      0.10      0.01      0.03     99.48
08時00分01秒     all      0.85      0.00      0.16      0.01      0.04     98.93
09時00分02秒     all      0.61      0.00      0.13      0.01      0.04     99.21
10時00分02秒     all      1.13      0.00      0.22      0.02      0.04     98.59
11時00分02秒     all      0.60      0.00      0.12      0.01      0.04     99.22
12時00分02秒     all      0.35      0.00      0.08      0.01      0.04     99.52
13時00分02秒     all      0.37      0.00      0.09      0.00      0.04     99.50
14時00分01秒     all      0.36      0.00      0.10      0.01      0.03     99.50
平均値:      all      0.56      0.00      0.12      0.01      0.04     99.27

-------------------- Logged in user --------------------
k2df5282 2018-05-10 20:18

==================== 2018-05-12 17:55:01 ====================

-------------------- uptime --------------------
 17:55:01 up 310 days,  6:44,  1 user,  load average: 0.00, 0.01, 0.05

-------------------- System info --------------------
Linux sakura-tokyo-prod 3.10.0-514.26.2.el7.x86_64 #1 SMP Tue Jul 4 15:04:05 UTC 2017 x86_64 x86_64 x86_64 GNU/Linux

-------------------- Storage usage --------------------
ファイルシス   サイズ  使用  残り 使用% マウント位置
/dev/vda4         96G  6.4G   90G    7% /
devtmpfs         2.0G     0  2.0G    0% /dev
tmpfs            2.0G     0  2.0G    0% /dev/shm
tmpfs            2.0G  1.1G  856M   57% /run
tmpfs            2.0G     0  2.0G    0% /sys/fs/cgroup
/dev/vda2        497M  215M  283M   44% /boot
tmpfs            396M     0  396M    0% /run/user/0
tmpfs            396M     0  396M    0% /run/user/1001

-------------------- System load --------------------
Linux 3.10.0-514.26.2.el7.x86_64 (sakura-tokyo-prod) 	2018年05月12日 	_x86_64_	(4 CPU)

00時00分02秒     CPU     %user     %nice   %system   %iowait    %steal     %idle
01時00分02秒     all      0.37      0.00      0.09      0.01      0.03     99.51
02時00分02秒     all      0.36      0.00      0.09      0.00      0.03     99.51
03時00分02秒     all      0.35      0.00      0.09      0.01      0.03     99.52
04時00分02秒     all      0.63      0.00      0.14      0.01      0.03     99.19
05時00分02秒     all      0.60      0.00      0.12      0.01      0.03     99.24
06時00分03秒     all      0.89      0.00      0.18      0.01      0.03     98.88
07時00分02秒     all      0.38      0.00      0.10      0.01      0.03     99.48
08時00分01秒     all      0.85      0.00      0.16      0.01      0.04     98.93
09時00分02秒     all      0.61      0.00      0.13      0.01      0.04     99.21
10時00分02秒     all      1.13      0.00      0.22      0.02      0.04     98.59
11時00分02秒     all      0.60      0.00      0.12      0.01      0.04     99.22
12時00分02秒     all      0.35      0.00      0.08      0.01      0.04     99.52
13時00分02秒     all      0.37      0.00      0.09      0.00      0.04     99.50
14時00分01秒     all      0.36      0.00      0.10      0.01      0.03     99.50
15時00分02秒     all      0.61      0.00      0.12      0.01      0.03     99.24
16時00分02秒     all      0.35      0.00      0.08      0.01      0.03     99.54
17時00分02秒     all      0.10      0.00      0.04      0.00      0.03     99.83
平均値:      all      0.52      0.00      0.12      0.01      0.03     99.32

-------------------- Logged in user --------------------
k4b0a150 2018-05-10 20:18

==================== 2018-05-12 20:55:01 ====================

-------------------- uptime --------------------
 20:55:01 up 310 days,  9:44,  1 user,  load average: 0.00, 0.01, 0.05

-------------------- System info --------------------
Linux sakura-tokyo-prod 3.10.0-514.26.2.el7.x86_64 #1 SMP Tue Jul 4 15:04:05 UTC 2017 x86_64 x86_64 x86_64 GNU/Linux

-------------------- Storage usage --------------------
ファイルシス   サイズ  使用  残り 使用% マウント位置
/dev/vda4         96G  6.4G   90G    7% /
devtmpfs         2.0G     0  2.0G    0% /dev
tmpfs            2.0G     0  2.0G    0% /dev/shm
tmpfs            2.0G  1.1G  856M   57% /run
tmpfs            2.0G     0  2.0G    0% /sys/fs/cgroup
/dev/vda2        497M  215M  283M   44% /boot
tmpfs            396M     0  396M    0% /run/user/0
tmpfs            396M     0  396M    0% /run/user/1001

-------------------- System load --------------------
Linux 3.10.0-514.26.2.el7.x86_64 (sakura-tokyo-prod) 	2018年05月12日 	_x86_64_	(4 CPU)

00時00分02秒     CPU     %user     %nice   %system   %iowait    %steal     %idle
01時00分02秒     all      0.37      0.00      0.09      0.01      0.03     99.51
02時00分02秒     all      0.36      0.00      0.09      0.00      0.03     99.51
03時00分02秒     all      0.35      0.00      0.09      0.01      0.03     99.52
04時00分02秒     all      0.63      0.00      0.14      0.01      0.03     99.19
05時00分02秒     all      0.60      0.00      0.12      0.01      0.03     99.24
06時00分03秒     all      0.89      0.00      0.18      0.01      0.03     98.88
07時00分02秒     all      0.38      0.00      0.10      0.01      0.03     99.48
08時00分01秒     all      0.85      0.00      0.16      0.01      0.04     98.93
09時00分02秒     all      0.61      0.00      0.13      0.01      0.04     99.21
10時00分02秒     all      1.13      0.00      0.22      0.02      0.04     98.59
11時00分02秒     all      0.60      0.00      0.12      0.01      0.04     99.22
12時00分02秒     all      0.35      0.00      0.08      0.01      0.04     99.52
13時00分02秒     all      0.37      0.00      0.09      0.00      0.04     99.50
14時00分01秒     all      0.36      0.00      0.10      0.01      0.03     99.50
15時00分02秒     all      0.61      0.00      0.12      0.01      0.03     99.24
16時00分02秒     all      0.35      0.00      0.08      0.01      0.03     99.54
17時00分02秒     all      0.10      0.00      0.04      0.00      0.03     99.83
18時00分02秒     all      0.36      0.00      0.09      0.00      0.03     99.51
19時00分02秒     all      0.10      0.00      0.04      0.00      0.02     99.83
20時00分01秒     all      0.83      0.00      0.16      0.01      0.03     98.97
平均値:      all      0.51      0.00      0.11      0.01      0.03     99.34

-------------------- Logged in user --------------------
k48962a0 2018-05-10 20:18

