==================== 2018-05-13 02:55:01 ====================

-------------------- uptime --------------------
 02:55:01 up 310 days, 15:44,  1 user,  load average: 0.00, 0.01, 0.05

-------------------- System info --------------------
Linux sakura-tokyo-prod 3.10.0-514.26.2.el7.x86_64 #1 SMP Tue Jul 4 15:04:05 UTC 2017 x86_64 x86_64 x86_64 GNU/Linux

-------------------- Storage usage --------------------
ファイルシス   サイズ  使用  残り 使用% マウント位置
/dev/vda4         96G  6.4G   90G    7% /
devtmpfs         2.0G     0  2.0G    0% /dev
tmpfs            2.0G     0  2.0G    0% /dev/shm
tmpfs            2.0G  1.1G  856M   57% /run
tmpfs            2.0G     0  2.0G    0% /sys/fs/cgroup
/dev/vda2        497M  215M  283M   44% /boot
tmpfs            396M     0  396M    0% /run/user/0
tmpfs            396M     0  396M    0% /run/user/1001

-------------------- System load --------------------
Linux 3.10.0-514.26.2.el7.x86_64 (sakura-tokyo-prod) 	2018年05月13日 	_x86_64_	(4 CPU)

00時00分01秒     CPU     %user     %nice   %system   %iowait    %steal     %idle
01時00分02秒     all      0.69      0.00      0.21      0.02      0.03     99.04
02時00分02秒     all      0.66      0.00      0.12      0.02      0.04     99.16
平均値:      all      0.67      0.00      0.17      0.02      0.04     99.10

-------------------- Logged in user --------------------
k0e39001 2018-05-10 20:18

==================== 2018-05-13 05:55:01 ====================

-------------------- uptime --------------------
 05:55:01 up 310 days, 18:44,  1 user,  load average: 0.00, 0.01, 0.05

-------------------- System info --------------------
Linux sakura-tokyo-prod 3.10.0-514.26.2.el7.x86_64 #1 SMP Tue Jul 4 15:04:05 UTC 2017 x86_64 x86_64 x86_64 GNU/Linux

-------------------- Storage usage --------------------
ファイルシス   サイズ  使用  残り 使用% マウント位置
/dev/vda4         96G  6.4G   90G    7% /
devtmpfs         2.0G     0  2.0G    0% /dev
tmpfs            2.0G     0  2.0G    0% /dev/shm
tmpfs            2.0G  1.1G  856M   57% /run
tmpfs            2.0G     0  2.0G    0% /sys/fs/cgroup
/dev/vda2        497M  215M  283M   44% /boot
tmpfs            396M     0  396M    0% /run/user/0
tmpfs            396M     0  396M    0% /run/user/1001

-------------------- System load --------------------
Linux 3.10.0-514.26.2.el7.x86_64 (sakura-tokyo-prod) 	2018年05月13日 	_x86_64_	(4 CPU)

00時00分01秒     CPU     %user     %nice   %system   %iowait    %steal     %idle
01時00分02秒     all      0.69      0.00      0.21      0.02      0.03     99.04
02時00分02秒     all      0.66      0.00      0.12      0.02      0.04     99.16
03時00分02秒     all      0.09      0.00      0.03      0.00      0.03     99.85
04時00分02秒     all      0.62      0.00      0.12      0.01      0.03     99.22
05時00分02秒     all      0.34      0.00      0.07      0.01      0.02     99.56
平均値:      all      0.48      0.00      0.11      0.01      0.03     99.37

-------------------- Logged in user --------------------
k8deac74 2018-05-10 20:18

==================== 2018-05-13 08:55:01 ====================

-------------------- uptime --------------------
 08:55:01 up 310 days, 21:44,  1 user,  load average: 0.00, 0.01, 0.05

-------------------- System info --------------------
Linux sakura-tokyo-prod 3.10.0-514.26.2.el7.x86_64 #1 SMP Tue Jul 4 15:04:05 UTC 2017 x86_64 x86_64 x86_64 GNU/Linux

-------------------- Storage usage --------------------
ファイルシス   サイズ  使用  残り 使用% マウント位置
/dev/vda4         96G  6.4G   90G    7% /
devtmpfs         2.0G     0  2.0G    0% /dev
tmpfs            2.0G     0  2.0G    0% /dev/shm
tmpfs            2.0G  1.1G  855M   57% /run
tmpfs            2.0G     0  2.0G    0% /sys/fs/cgroup
/dev/vda2        497M  215M  283M   44% /boot
tmpfs            396M     0  396M    0% /run/user/0
tmpfs            396M     0  396M    0% /run/user/1001

-------------------- System load --------------------
Linux 3.10.0-514.26.2.el7.x86_64 (sakura-tokyo-prod) 	2018年05月13日 	_x86_64_	(4 CPU)

00時00分01秒     CPU     %user     %nice   %system   %iowait    %steal     %idle
01時00分02秒     all      0.69      0.00      0.21      0.02      0.03     99.04
02時00分02秒     all      0.66      0.00      0.12      0.02      0.04     99.16
03時00分02秒     all      0.09      0.00      0.03      0.00      0.03     99.85
04時00分02秒     all      0.62      0.00      0.12      0.01      0.03     99.22
05時00分02秒     all      0.34      0.00      0.07      0.01      0.02     99.56
06時00分02秒     all      0.86      0.00      0.17      0.01      0.03     98.93
07時00分01秒     all      0.35      0.00      0.08      0.01      0.03     99.53
08時00分03秒     all      0.35      0.00      0.07      0.00      0.03     99.54
平均値:      all      0.49      0.00      0.11      0.01      0.03     99.35

-------------------- Logged in user --------------------
k5024c01 2018-05-10 20:18

==================== 2018-05-13 11:55:01 ====================

-------------------- uptime --------------------
 11:55:01 up 311 days, 44 min,  1 user,  load average: 0.00, 0.01, 0.05

-------------------- System info --------------------
Linux sakura-tokyo-prod 3.10.0-514.26.2.el7.x86_64 #1 SMP Tue Jul 4 15:04:05 UTC 2017 x86_64 x86_64 x86_64 GNU/Linux

-------------------- Storage usage --------------------
ファイルシス   サイズ  使用  残り 使用% マウント位置
/dev/vda4         96G  6.4G   90G    7% /
devtmpfs         2.0G     0  2.0G    0% /dev
tmpfs            2.0G     0  2.0G    0% /dev/shm
tmpfs            2.0G  1.1G  855M   57% /run
tmpfs            2.0G     0  2.0G    0% /sys/fs/cgroup
/dev/vda2        497M  215M  283M   44% /boot
tmpfs            396M     0  396M    0% /run/user/0
tmpfs            396M     0  396M    0% /run/user/1001

-------------------- System load --------------------
Linux 3.10.0-514.26.2.el7.x86_64 (sakura-tokyo-prod) 	2018年05月13日 	_x86_64_	(4 CPU)

00時00分01秒     CPU     %user     %nice   %system   %iowait    %steal     %idle
01時00分02秒     all      0.69      0.00      0.21      0.02      0.03     99.04
02時00分02秒     all      0.66      0.00      0.12      0.02      0.04     99.16
03時00分02秒     all      0.09      0.00      0.03      0.00      0.03     99.85
04時00分02秒     all      0.62      0.00      0.12      0.01      0.03     99.22
05時00分02秒     all      0.34      0.00      0.07      0.01      0.02     99.56
06時00分02秒     all      0.86      0.00      0.17      0.01      0.03     98.93
07時00分01秒     all      0.35      0.00      0.08      0.01      0.03     99.53
08時00分03秒     all      0.35      0.00      0.07      0.00      0.03     99.54
09時00分02秒     all      0.34      0.00      0.08      0.01      0.03     99.55
10時00分02秒     all      0.85      0.00      0.15      0.01      0.04     98.94
11時00分02秒     all      0.08      0.00      0.03      0.00      0.03     99.86
平均値:      all      0.48      0.00      0.10      0.01      0.03     99.38

-------------------- Logged in user --------------------
k06f838c 2018-05-10 20:18

==================== 2018-05-13 14:55:01 ====================

-------------------- uptime --------------------
 14:55:01 up 311 days,  3:44,  1 user,  load average: 0.00, 0.01, 0.05

-------------------- System info --------------------
Linux sakura-tokyo-prod 3.10.0-514.26.2.el7.x86_64 #1 SMP Tue Jul 4 15:04:05 UTC 2017 x86_64 x86_64 x86_64 GNU/Linux

-------------------- Storage usage --------------------
ファイルシス   サイズ  使用  残り 使用% マウント位置
/dev/vda4         96G  6.4G   90G    7% /
devtmpfs         2.0G     0  2.0G    0% /dev
tmpfs            2.0G     0  2.0G    0% /dev/shm
tmpfs            2.0G  1.1G  855M   57% /run
tmpfs            2.0G     0  2.0G    0% /sys/fs/cgroup
/dev/vda2        497M  215M  283M   44% /boot
tmpfs            396M     0  396M    0% /run/user/0
tmpfs            396M     0  396M    0% /run/user/1001

-------------------- System load --------------------
Linux 3.10.0-514.26.2.el7.x86_64 (sakura-tokyo-prod) 	2018年05月13日 	_x86_64_	(4 CPU)

00時00分01秒     CPU     %user     %nice   %system   %iowait    %steal     %idle
01時00分02秒     all      0.69      0.00      0.21      0.02      0.03     99.04
02時00分02秒     all      0.66      0.00      0.12      0.02      0.04     99.16
03時00分02秒     all      0.09      0.00      0.03      0.00      0.03     99.85
04時00分02秒     all      0.62      0.00      0.12      0.01      0.03     99.22
05時00分02秒     all      0.34      0.00      0.07      0.01      0.02     99.56
06時00分02秒     all      0.86      0.00      0.17      0.01      0.03     98.93
07時00分01秒     all      0.35      0.00      0.08      0.01      0.03     99.53
08時00分03秒     all      0.35      0.00      0.07      0.00      0.03     99.54
09時00分02秒     all      0.34      0.00      0.08      0.01      0.03     99.55
10時00分02秒     all      0.85      0.00      0.15      0.01      0.04     98.94
11時00分02秒     all      0.08      0.00      0.03      0.00      0.03     99.86
12時00分03秒     all      1.11      0.00      0.19      0.02      0.04     98.64
13時00分02秒     all      0.09      0.00      0.04      0.00      0.03     99.83
14時00分02秒     all      0.34      0.00      0.07      0.00      0.03     99.56
平均値:      all      0.48      0.00      0.10      0.01      0.03     99.37

-------------------- Logged in user --------------------
ke51dca5 2018-05-10 20:18

