==================== 2018-05-14 02:55:01 ====================

-------------------- uptime --------------------
 02:55:01 up 311 days, 15:44,  1 user,  load average: 0.01, 0.02, 0.05

-------------------- System info --------------------
Linux sakura-tokyo-prod 3.10.0-514.26.2.el7.x86_64 #1 SMP Tue Jul 4 15:04:05 UTC 2017 x86_64 x86_64 x86_64 GNU/Linux

-------------------- Storage usage --------------------
ファイルシス   サイズ  使用  残り 使用% マウント位置
/dev/vda4         96G  6.4G   90G    7% /
devtmpfs         2.0G     0  2.0G    0% /dev
tmpfs            2.0G     0  2.0G    0% /dev/shm
tmpfs            2.0G  1.1G  855M   57% /run
tmpfs            2.0G     0  2.0G    0% /sys/fs/cgroup
/dev/vda2        497M  215M  283M   44% /boot
tmpfs            396M     0  396M    0% /run/user/0
tmpfs            396M     0  396M    0% /run/user/1001

-------------------- System load --------------------
Linux 3.10.0-514.26.2.el7.x86_64 (sakura-tokyo-prod) 	2018年05月14日 	_x86_64_	(4 CPU)

00時00分02秒     CPU     %user     %nice   %system   %iowait    %steal     %idle
01時00分02秒     all      0.12      0.00      0.04      0.00      0.02     99.81
02時00分02秒     all      0.34      0.00      0.08      0.00      0.03     99.55
平均値:      all      0.23      0.00      0.06      0.00      0.03     99.68

-------------------- Logged in user --------------------
kac39287 2018-05-10 20:18

==================== 2018-05-14 05:55:01 ====================

-------------------- uptime --------------------
 05:55:01 up 311 days, 18:44,  1 user,  load average: 0.00, 0.01, 0.05

-------------------- System info --------------------
Linux sakura-tokyo-prod 3.10.0-514.26.2.el7.x86_64 #1 SMP Tue Jul 4 15:04:05 UTC 2017 x86_64 x86_64 x86_64 GNU/Linux

-------------------- Storage usage --------------------
ファイルシス   サイズ  使用  残り 使用% マウント位置
/dev/vda4         96G  6.4G   90G    7% /
devtmpfs         2.0G     0  2.0G    0% /dev
tmpfs            2.0G     0  2.0G    0% /dev/shm
tmpfs            2.0G  1.1G  855M   57% /run
tmpfs            2.0G     0  2.0G    0% /sys/fs/cgroup
/dev/vda2        497M  215M  283M   44% /boot
tmpfs            396M     0  396M    0% /run/user/0
tmpfs            396M     0  396M    0% /run/user/1001

-------------------- System load --------------------
Linux 3.10.0-514.26.2.el7.x86_64 (sakura-tokyo-prod) 	2018年05月14日 	_x86_64_	(4 CPU)

00時00分02秒     CPU     %user     %nice   %system   %iowait    %steal     %idle
01時00分02秒     all      0.12      0.00      0.04      0.00      0.02     99.81
02時00分02秒     all      0.34      0.00      0.08      0.00      0.03     99.55
03時00分02秒     all      0.09      0.00      0.03      0.00      0.02     99.86
04時00分03秒     all      0.34      0.00      0.07      0.00      0.02     99.56
05時00分02秒     all      0.36      0.00      0.08      0.01      0.02     99.53
平均値:      all      0.25      0.00      0.06      0.00      0.02     99.66

-------------------- Logged in user --------------------
kb4fb1ae 2018-05-10 20:18

==================== 2018-05-14 08:55:01 ====================

-------------------- uptime --------------------
 08:55:01 up 311 days, 21:44,  1 user,  load average: 0.00, 0.03, 0.05

-------------------- System info --------------------
Linux sakura-tokyo-prod 3.10.0-514.26.2.el7.x86_64 #1 SMP Tue Jul 4 15:04:05 UTC 2017 x86_64 x86_64 x86_64 GNU/Linux

-------------------- Storage usage --------------------
ファイルシス   サイズ  使用  残り 使用% マウント位置
/dev/vda4         96G  6.4G   90G    7% /
devtmpfs         2.0G     0  2.0G    0% /dev
tmpfs            2.0G     0  2.0G    0% /dev/shm
tmpfs            2.0G  1.1G  855M   57% /run
tmpfs            2.0G     0  2.0G    0% /sys/fs/cgroup
/dev/vda2        497M  215M  283M   44% /boot
tmpfs            396M     0  396M    0% /run/user/0
tmpfs            396M     0  396M    0% /run/user/1001

-------------------- System load --------------------
Linux 3.10.0-514.26.2.el7.x86_64 (sakura-tokyo-prod) 	2018年05月14日 	_x86_64_	(4 CPU)

00時00分02秒     CPU     %user     %nice   %system   %iowait    %steal     %idle
01時00分02秒     all      0.12      0.00      0.04      0.00      0.02     99.81
02時00分02秒     all      0.34      0.00      0.08      0.00      0.03     99.55
03時00分02秒     all      0.09      0.00      0.03      0.00      0.02     99.86
04時00分03秒     all      0.34      0.00      0.07      0.00      0.02     99.56
05時00分02秒     all      0.36      0.00      0.08      0.01      0.02     99.53
06時00分02秒     all      0.61      0.00      0.13      0.01      0.03     99.21
07時00分02秒     all      0.96      0.00      0.18      0.02      0.04     98.81
08時00分01秒     all      0.33      0.00      0.07      0.00      0.03     99.56
平均値:      all      0.39      0.00      0.09      0.01      0.03     99.49

-------------------- Logged in user --------------------
k3c842a0 2018-05-10 20:18

==================== 2018-05-14 11:55:01 ====================

-------------------- uptime --------------------
 11:55:01 up 312 days, 44 min,  1 user,  load average: 0.00, 0.01, 0.05

-------------------- System info --------------------
Linux sakura-tokyo-prod 3.10.0-514.26.2.el7.x86_64 #1 SMP Tue Jul 4 15:04:05 UTC 2017 x86_64 x86_64 x86_64 GNU/Linux

-------------------- Storage usage --------------------
ファイルシス   サイズ  使用  残り 使用% マウント位置
/dev/vda4         96G  6.5G   90G    7% /
devtmpfs         2.0G     0  2.0G    0% /dev
tmpfs            2.0G     0  2.0G    0% /dev/shm
tmpfs            2.0G  1.2G  846M   58% /run
tmpfs            2.0G     0  2.0G    0% /sys/fs/cgroup
/dev/vda2        497M  216M  282M   44% /boot
tmpfs            396M     0  396M    0% /run/user/0
tmpfs            396M     0  396M    0% /run/user/1001

-------------------- System load --------------------
Linux 3.10.0-514.26.2.el7.x86_64 (sakura-tokyo-prod) 	2018年05月14日 	_x86_64_	(4 CPU)

00時00分02秒     CPU     %user     %nice   %system   %iowait    %steal     %idle
01時00分02秒     all      0.12      0.00      0.04      0.00      0.02     99.81
02時00分02秒     all      0.34      0.00      0.08      0.00      0.03     99.55
03時00分02秒     all      0.09      0.00      0.03      0.00      0.02     99.86
04時00分03秒     all      0.34      0.00      0.07      0.00      0.02     99.56
05時00分02秒     all      0.36      0.00      0.08      0.01      0.02     99.53
06時00分02秒     all      0.61      0.00      0.13      0.01      0.03     99.21
07時00分02秒     all      0.96      0.00      0.18      0.02      0.04     98.81
08時00分01秒     all      0.33      0.00      0.07      0.00      0.03     99.56
09時00分02秒     all      0.36      0.00      0.08      0.00      0.03     99.52
10時00分02秒     all      1.70      0.00      0.60      0.07      0.11     97.52
11時00分02秒     all      0.38      0.00      0.09      0.01      0.04     99.49
平均値:      all      0.51      0.00      0.13      0.01      0.04     99.31

-------------------- Logged in user --------------------
kdf7d68e 2018-05-10 20:18

==================== 2018-05-14 14:55:01 ====================

-------------------- uptime --------------------
 14:55:01 up 312 days,  3:44,  0 users,  load average: 0.00, 0.02, 0.05

-------------------- System info --------------------
Linux sakura-tokyo-prod 3.10.0-514.26.2.el7.x86_64 #1 SMP Tue Jul 4 15:04:05 UTC 2017 x86_64 x86_64 x86_64 GNU/Linux

-------------------- Storage usage --------------------
ファイルシス   サイズ  使用  残り 使用% マウント位置
/dev/vda4         96G  6.5G   90G    7% /
devtmpfs         2.0G     0  2.0G    0% /dev
tmpfs            2.0G     0  2.0G    0% /dev/shm
tmpfs            2.0G  1.2G  846M   58% /run
tmpfs            2.0G     0  2.0G    0% /sys/fs/cgroup
/dev/vda2        497M  216M  282M   44% /boot
tmpfs            396M     0  396M    0% /run/user/0
tmpfs            396M     0  396M    0% /run/user/1001

-------------------- System load --------------------
Linux 3.10.0-514.26.2.el7.x86_64 (sakura-tokyo-prod) 	2018年05月14日 	_x86_64_	(4 CPU)

00時00分02秒     CPU     %user     %nice   %system   %iowait    %steal     %idle
01時00分02秒     all      0.12      0.00      0.04      0.00      0.02     99.81
02時00分02秒     all      0.34      0.00      0.08      0.00      0.03     99.55
03時00分02秒     all      0.09      0.00      0.03      0.00      0.02     99.86
04時00分03秒     all      0.34      0.00      0.07      0.00      0.02     99.56
05時00分02秒     all      0.36      0.00      0.08      0.01      0.02     99.53
06時00分02秒     all      0.61      0.00      0.13      0.01      0.03     99.21
07時00分02秒     all      0.96      0.00      0.18      0.02      0.04     98.81
08時00分01秒     all      0.33      0.00      0.07      0.00      0.03     99.56
09時00分02秒     all      0.36      0.00      0.08      0.00      0.03     99.52
10時00分02秒     all      1.70      0.00      0.60      0.07      0.11     97.52
11時00分02秒     all      0.38      0.00      0.09      0.01      0.04     99.49
12時00分02秒     all      0.67      0.00      0.13      0.01      0.05     99.15
13時00分02秒     all      0.43      0.00      0.11      0.01      0.05     99.40
14時00分02秒     all      0.10      0.00      0.04      0.00      0.04     99.82
平均値:      all      0.48      0.00      0.12      0.01      0.04     99.34

-------------------- Logged in user --------------------


==================== 2018-05-14 17:55:01 ====================

-------------------- uptime --------------------
 17:55:01 up 312 days,  6:44,  0 users,  load average: 0.00, 0.01, 0.05

-------------------- System info --------------------
Linux sakura-tokyo-prod 3.10.0-514.26.2.el7.x86_64 #1 SMP Tue Jul 4 15:04:05 UTC 2017 x86_64 x86_64 x86_64 GNU/Linux

-------------------- Storage usage --------------------
ファイルシス   サイズ  使用  残り 使用% マウント位置
/dev/vda4         96G  6.5G   90G    7% /
devtmpfs         2.0G     0  2.0G    0% /dev
tmpfs            2.0G     0  2.0G    0% /dev/shm
tmpfs            2.0G  1.2G  846M   58% /run
tmpfs            2.0G     0  2.0G    0% /sys/fs/cgroup
/dev/vda2        497M  216M  282M   44% /boot
tmpfs            396M     0  396M    0% /run/user/0
tmpfs            396M     0  396M    0% /run/user/1001

-------------------- System load --------------------
Linux 3.10.0-514.26.2.el7.x86_64 (sakura-tokyo-prod) 	2018年05月14日 	_x86_64_	(4 CPU)

00時00分02秒     CPU     %user     %nice   %system   %iowait    %steal     %idle
01時00分02秒     all      0.12      0.00      0.04      0.00      0.02     99.81
02時00分02秒     all      0.34      0.00      0.08      0.00      0.03     99.55
03時00分02秒     all      0.09      0.00      0.03      0.00      0.02     99.86
04時00分03秒     all      0.34      0.00      0.07      0.00      0.02     99.56
05時00分02秒     all      0.36      0.00      0.08      0.01      0.02     99.53
06時00分02秒     all      0.61      0.00      0.13      0.01      0.03     99.21
07時00分02秒     all      0.96      0.00      0.18      0.02      0.04     98.81
08時00分01秒     all      0.33      0.00      0.07      0.00      0.03     99.56
09時00分02秒     all      0.36      0.00      0.08      0.00      0.03     99.52
10時00分02秒     all      1.70      0.00      0.60      0.07      0.11     97.52
11時00分02秒     all      0.38      0.00      0.09      0.01      0.04     99.49
12時00分02秒     all      0.67      0.00      0.13      0.01      0.05     99.15
13時00分02秒     all      0.43      0.00      0.11      0.01      0.05     99.40
14時00分02秒     all      0.10      0.00      0.04      0.00      0.04     99.82
15時00分02秒     all      0.61      0.00      0.12      0.01      0.04     99.22
16時00分02秒     all      0.09      0.00      0.04      0.00      0.05     99.82
17時00分02秒     all      0.36      0.00      0.08      0.01      0.04     99.51
平均値:      all      0.46      0.00      0.12      0.01      0.04     99.37

-------------------- Logged in user --------------------


