==================== 2018-05-17 02:55:01 ====================

-------------------- uptime --------------------
 02:55:01 up 314 days, 15:44,  0 users,  load average: 0.00, 0.03, 0.05

-------------------- System info --------------------
Linux sakura-tokyo-prod 3.10.0-514.26.2.el7.x86_64 #1 SMP Tue Jul 4 15:04:05 UTC 2017 x86_64 x86_64 x86_64 GNU/Linux

-------------------- Storage usage --------------------
ファイルシス   サイズ  使用  残り 使用% マウント位置
/dev/vda4         96G  6.5G   90G    7% /
devtmpfs         2.0G     0  2.0G    0% /dev
tmpfs            2.0G     0  2.0G    0% /dev/shm
tmpfs            2.0G  1.1G  852M   57% /run
tmpfs            2.0G     0  2.0G    0% /sys/fs/cgroup
/dev/vda2        497M  216M  282M   44% /boot
tmpfs            396M     0  396M    0% /run/user/0
tmpfs            396M     0  396M    0% /run/user/1001

-------------------- System load --------------------
Linux 3.10.0-514.26.2.el7.x86_64 (sakura-tokyo-prod) 	2018年05月17日 	_x86_64_	(4 CPU)

00時00分02秒     CPU     %user     %nice   %system   %iowait    %steal     %idle
01時00分02秒     all      1.97      0.00      0.21      0.00      0.12     97.70
02時00分03秒     all      1.81      0.00      0.18      0.00      0.10     97.90
平均値:      all      1.89      0.00      0.19      0.00      0.11     97.80

-------------------- Logged in user --------------------


==================== 2018-05-17 05:55:01 ====================

-------------------- uptime --------------------
 05:55:01 up 314 days, 18:44,  0 users,  load average: 0.07, 0.08, 0.12

-------------------- System info --------------------
Linux sakura-tokyo-prod 3.10.0-514.26.2.el7.x86_64 #1 SMP Tue Jul 4 15:04:05 UTC 2017 x86_64 x86_64 x86_64 GNU/Linux

-------------------- Storage usage --------------------
ファイルシス   サイズ  使用  残り 使用% マウント位置
/dev/vda4         96G  6.5G   90G    7% /
devtmpfs         2.0G     0  2.0G    0% /dev
tmpfs            2.0G     0  2.0G    0% /dev/shm
tmpfs            2.0G  1.1G  852M   57% /run
tmpfs            2.0G     0  2.0G    0% /sys/fs/cgroup
/dev/vda2        497M  216M  282M   44% /boot
tmpfs            396M     0  396M    0% /run/user/0
tmpfs            396M     0  396M    0% /run/user/1001

-------------------- System load --------------------
Linux 3.10.0-514.26.2.el7.x86_64 (sakura-tokyo-prod) 	2018年05月17日 	_x86_64_	(4 CPU)

00時00分02秒     CPU     %user     %nice   %system   %iowait    %steal     %idle
01時00分02秒     all      1.97      0.00      0.21      0.00      0.12     97.70
02時00分03秒     all      1.81      0.00      0.18      0.00      0.10     97.90
03時00分01秒     all      1.78      0.00      0.18      0.00      0.10     97.94
04時00分01秒     all      1.79      0.00      0.18      0.00      0.09     97.94
05時00分02秒     all      1.81      0.00      0.19      0.00      0.10     97.90
平均値:      all      1.83      0.00      0.19      0.00      0.10     97.88

-------------------- Logged in user --------------------


==================== 2018-05-17 08:55:01 ====================

-------------------- uptime --------------------
 08:55:01 up 314 days, 21:44,  0 users,  load average: 0.00, 0.01, 0.05

-------------------- System info --------------------
Linux sakura-tokyo-prod 3.10.0-514.26.2.el7.x86_64 #1 SMP Tue Jul 4 15:04:05 UTC 2017 x86_64 x86_64 x86_64 GNU/Linux

-------------------- Storage usage --------------------
ファイルシス   サイズ  使用  残り 使用% マウント位置
/dev/vda4         96G  6.5G   90G    7% /
devtmpfs         2.0G     0  2.0G    0% /dev
tmpfs            2.0G     0  2.0G    0% /dev/shm
tmpfs            2.0G  1.1G  852M   57% /run
tmpfs            2.0G     0  2.0G    0% /sys/fs/cgroup
/dev/vda2        497M  216M  282M   44% /boot
tmpfs            396M     0  396M    0% /run/user/0
tmpfs            396M     0  396M    0% /run/user/1001

-------------------- System load --------------------
Linux 3.10.0-514.26.2.el7.x86_64 (sakura-tokyo-prod) 	2018年05月17日 	_x86_64_	(4 CPU)

00時00分02秒     CPU     %user     %nice   %system   %iowait    %steal     %idle
01時00分02秒     all      1.97      0.00      0.21      0.00      0.12     97.70
02時00分03秒     all      1.81      0.00      0.18      0.00      0.10     97.90
03時00分01秒     all      1.78      0.00      0.18      0.00      0.10     97.94
04時00分01秒     all      1.79      0.00      0.18      0.00      0.09     97.94
05時00分02秒     all      1.81      0.00      0.19      0.00      0.10     97.90
06時00分02秒     all      1.80      0.00      0.19      0.00      0.10     97.91
07時00分02秒     all      1.84      0.00      0.19      0.00      0.11     97.85
08時00分02秒     all      0.12      0.00      0.04      0.00      0.04     99.80
平均値:      all      1.62      0.00      0.17      0.00      0.10     98.12

-------------------- Logged in user --------------------


