==================== 2018-05-18 02:55:01 ====================

-------------------- uptime --------------------
 02:55:01 up 315 days, 15:44,  1 user,  load average: 0.00, 0.01, 0.05

-------------------- System info --------------------
Linux sakura-tokyo-prod 3.10.0-514.26.2.el7.x86_64 #1 SMP Tue Jul 4 15:04:05 UTC 2017 x86_64 x86_64 x86_64 GNU/Linux

-------------------- Storage usage --------------------
ファイルシス   サイズ  使用  残り 使用% マウント位置
/dev/vda4         96G  6.5G   90G    7% /
devtmpfs         2.0G     0  2.0G    0% /dev
tmpfs            2.0G     0  2.0G    0% /dev/shm
tmpfs            2.0G  1.1G  851M   57% /run
tmpfs            2.0G     0  2.0G    0% /sys/fs/cgroup
/dev/vda2        497M  216M  282M   44% /boot
tmpfs            396M     0  396M    0% /run/user/0
tmpfs            396M     0  396M    0% /run/user/1001

-------------------- System load --------------------
Linux 3.10.0-514.26.2.el7.x86_64 (sakura-tokyo-prod) 	2018年05月18日 	_x86_64_	(4 CPU)

00時00分02秒     CPU     %user     %nice   %system   %iowait    %steal     %idle
01時00分01秒     all      0.11      0.00      0.05      0.01      0.03     99.80
02時00分02秒     all      0.12      0.00      0.04      0.00      0.03     99.81
平均値:      all      0.12      0.00      0.04      0.00      0.03     99.80

-------------------- Logged in user --------------------
kbf0c6df 2018-05-17 17:57

==================== 2018-05-18 05:55:01 ====================

-------------------- uptime --------------------
 05:55:01 up 315 days, 18:44,  1 user,  load average: 0.00, 0.01, 0.05

-------------------- System info --------------------
Linux sakura-tokyo-prod 3.10.0-514.26.2.el7.x86_64 #1 SMP Tue Jul 4 15:04:05 UTC 2017 x86_64 x86_64 x86_64 GNU/Linux

-------------------- Storage usage --------------------
ファイルシス   サイズ  使用  残り 使用% マウント位置
/dev/vda4         96G  6.5G   90G    7% /
devtmpfs         2.0G     0  2.0G    0% /dev
tmpfs            2.0G     0  2.0G    0% /dev/shm
tmpfs            2.0G  1.1G  851M   57% /run
tmpfs            2.0G     0  2.0G    0% /sys/fs/cgroup
/dev/vda2        497M  216M  282M   44% /boot
tmpfs            396M     0  396M    0% /run/user/0
tmpfs            396M     0  396M    0% /run/user/1001

-------------------- System load --------------------
Linux 3.10.0-514.26.2.el7.x86_64 (sakura-tokyo-prod) 	2018年05月18日 	_x86_64_	(4 CPU)

00時00分02秒     CPU     %user     %nice   %system   %iowait    %steal     %idle
01時00分01秒     all      0.11      0.00      0.05      0.01      0.03     99.80
02時00分02秒     all      0.12      0.00      0.04      0.00      0.03     99.81
03時00分02秒     all      0.13      0.00      0.04      0.00      0.03     99.79
04時00分02秒     all      0.09      0.00      0.04      0.00      0.03     99.84
05時00分02秒     all      0.16      0.00      0.06      0.00      0.03     99.74
平均値:      all      0.12      0.00      0.05      0.00      0.03     99.80

-------------------- Logged in user --------------------
kb693853 2018-05-17 17:57

==================== 2018-05-18 08:55:01 ====================

-------------------- uptime --------------------
 08:55:01 up 315 days, 21:44,  1 user,  load average: 0.00, 0.01, 0.05

-------------------- System info --------------------
Linux sakura-tokyo-prod 3.10.0-514.26.2.el7.x86_64 #1 SMP Tue Jul 4 15:04:05 UTC 2017 x86_64 x86_64 x86_64 GNU/Linux

-------------------- Storage usage --------------------
ファイルシス   サイズ  使用  残り 使用% マウント位置
/dev/vda4         96G  6.5G   90G    7% /
devtmpfs         2.0G     0  2.0G    0% /dev
tmpfs            2.0G     0  2.0G    0% /dev/shm
tmpfs            2.0G  1.1G  851M   57% /run
tmpfs            2.0G     0  2.0G    0% /sys/fs/cgroup
/dev/vda2        497M  216M  282M   44% /boot
tmpfs            396M     0  396M    0% /run/user/0
tmpfs            396M     0  396M    0% /run/user/1001

-------------------- System load --------------------
Linux 3.10.0-514.26.2.el7.x86_64 (sakura-tokyo-prod) 	2018年05月18日 	_x86_64_	(4 CPU)

00時00分02秒     CPU     %user     %nice   %system   %iowait    %steal     %idle
01時00分01秒     all      0.11      0.00      0.05      0.01      0.03     99.80
02時00分02秒     all      0.12      0.00      0.04      0.00      0.03     99.81
03時00分02秒     all      0.13      0.00      0.04      0.00      0.03     99.79
04時00分02秒     all      0.09      0.00      0.04      0.00      0.03     99.84
05時00分02秒     all      0.16      0.00      0.06      0.00      0.03     99.74
06時00分02秒     all      0.12      0.00      0.04      0.00      0.03     99.81
07時00分02秒     all      0.14      0.00      0.05      0.00      0.04     99.77
08時00分02秒     all      0.09      0.00      0.04      0.00      0.03     99.84
平均値:      all      0.12      0.00      0.05      0.00      0.03     99.80

-------------------- Logged in user --------------------
kdf84b23 2018-05-17 17:57

==================== 2018-05-18 11:55:01 ====================

-------------------- uptime --------------------
 11:55:01 up 316 days, 44 min,  1 user,  load average: 0.00, 0.01, 0.05

-------------------- System info --------------------
Linux sakura-tokyo-prod 3.10.0-514.26.2.el7.x86_64 #1 SMP Tue Jul 4 15:04:05 UTC 2017 x86_64 x86_64 x86_64 GNU/Linux

-------------------- Storage usage --------------------
ファイルシス   サイズ  使用  残り 使用% マウント位置
/dev/vda4         96G  6.5G   90G    7% /
devtmpfs         2.0G     0  2.0G    0% /dev
tmpfs            2.0G     0  2.0G    0% /dev/shm
tmpfs            2.0G  1.1G  851M   57% /run
tmpfs            2.0G     0  2.0G    0% /sys/fs/cgroup
/dev/vda2        497M  216M  282M   44% /boot
tmpfs            396M     0  396M    0% /run/user/0
tmpfs            396M     0  396M    0% /run/user/1001

-------------------- System load --------------------
Linux 3.10.0-514.26.2.el7.x86_64 (sakura-tokyo-prod) 	2018年05月18日 	_x86_64_	(4 CPU)

00時00分02秒     CPU     %user     %nice   %system   %iowait    %steal     %idle
01時00分01秒     all      0.11      0.00      0.05      0.01      0.03     99.80
02時00分02秒     all      0.12      0.00      0.04      0.00      0.03     99.81
03時00分02秒     all      0.13      0.00      0.04      0.00      0.03     99.79
04時00分02秒     all      0.09      0.00      0.04      0.00      0.03     99.84
05時00分02秒     all      0.16      0.00      0.06      0.00      0.03     99.74
06時00分02秒     all      0.12      0.00      0.04      0.00      0.03     99.81
07時00分02秒     all      0.14      0.00      0.05      0.00      0.04     99.77
08時00分02秒     all      0.09      0.00      0.04      0.00      0.03     99.84
09時00分02秒     all      0.08      0.00      0.04      0.00      0.04     99.84
10時00分02秒     all      0.11      0.00      0.05      0.00      0.04     99.79
11時00分02秒     all      0.10      0.00      0.05      0.00      0.05     99.79
平均値:      all      0.12      0.00      0.05      0.00      0.04     99.80

-------------------- Logged in user --------------------
k13e9583 2018-05-17 17:57

==================== 2018-05-18 14:55:01 ====================

-------------------- uptime --------------------
 14:55:01 up 316 days,  3:44,  0 users,  load average: 0.00, 0.01, 0.05

-------------------- System info --------------------
Linux sakura-tokyo-prod 3.10.0-514.26.2.el7.x86_64 #1 SMP Tue Jul 4 15:04:05 UTC 2017 x86_64 x86_64 x86_64 GNU/Linux

-------------------- Storage usage --------------------
ファイルシス   サイズ  使用  残り 使用% マウント位置
/dev/vda4         96G  6.5G   90G    7% /
devtmpfs         2.0G     0  2.0G    0% /dev
tmpfs            2.0G     0  2.0G    0% /dev/shm
tmpfs            2.0G  1.1G  851M   57% /run
tmpfs            2.0G     0  2.0G    0% /sys/fs/cgroup
/dev/vda2        497M  216M  282M   44% /boot
tmpfs            396M     0  396M    0% /run/user/0
tmpfs            396M     0  396M    0% /run/user/1001

-------------------- System load --------------------
Linux 3.10.0-514.26.2.el7.x86_64 (sakura-tokyo-prod) 	2018年05月18日 	_x86_64_	(4 CPU)

00時00分02秒     CPU     %user     %nice   %system   %iowait    %steal     %idle
01時00分01秒     all      0.11      0.00      0.05      0.01      0.03     99.80
02時00分02秒     all      0.12      0.00      0.04      0.00      0.03     99.81
03時00分02秒     all      0.13      0.00      0.04      0.00      0.03     99.79
04時00分02秒     all      0.09      0.00      0.04      0.00      0.03     99.84
05時00分02秒     all      0.16      0.00      0.06      0.00      0.03     99.74
06時00分02秒     all      0.12      0.00      0.04      0.00      0.03     99.81
07時00分02秒     all      0.14      0.00      0.05      0.00      0.04     99.77
08時00分02秒     all      0.09      0.00      0.04      0.00      0.03     99.84
09時00分02秒     all      0.08      0.00      0.04      0.00      0.04     99.84
10時00分02秒     all      0.11      0.00      0.05      0.00      0.04     99.79
11時00分02秒     all      0.10      0.00      0.05      0.00      0.05     99.79
12時00分02秒     all      0.09      0.00      0.04      0.00      0.05     99.82
13時00分02秒     all      0.10      0.00      0.05      0.00      0.05     99.80
14時00分02秒     all      0.09      0.00      0.05      0.00      0.06     99.80
平均値:      all      0.11      0.00      0.05      0.00      0.04     99.80

-------------------- Logged in user --------------------


==================== 2018-05-18 17:55:01 ====================

-------------------- uptime --------------------
 17:55:01 up 316 days,  6:44,  1 user,  load average: 0.00, 0.01, 0.05

-------------------- System info --------------------
Linux sakura-tokyo-prod 3.10.0-514.26.2.el7.x86_64 #1 SMP Tue Jul 4 15:04:05 UTC 2017 x86_64 x86_64 x86_64 GNU/Linux

-------------------- Storage usage --------------------
ファイルシス   サイズ  使用  残り 使用% マウント位置
/dev/vda4         96G  6.5G   90G    7% /
devtmpfs         2.0G     0  2.0G    0% /dev
tmpfs            2.0G     0  2.0G    0% /dev/shm
tmpfs            2.0G  1.1G  851M   57% /run
tmpfs            2.0G     0  2.0G    0% /sys/fs/cgroup
/dev/vda2        497M  216M  282M   44% /boot
tmpfs            396M     0  396M    0% /run/user/0
tmpfs            396M     0  396M    0% /run/user/1001

-------------------- System load --------------------
Linux 3.10.0-514.26.2.el7.x86_64 (sakura-tokyo-prod) 	2018年05月18日 	_x86_64_	(4 CPU)

00時00分02秒     CPU     %user     %nice   %system   %iowait    %steal     %idle
01時00分01秒     all      0.11      0.00      0.05      0.01      0.03     99.80
02時00分02秒     all      0.12      0.00      0.04      0.00      0.03     99.81
03時00分02秒     all      0.13      0.00      0.04      0.00      0.03     99.79
04時00分02秒     all      0.09      0.00      0.04      0.00      0.03     99.84
05時00分02秒     all      0.16      0.00      0.06      0.00      0.03     99.74
06時00分02秒     all      0.12      0.00      0.04      0.00      0.03     99.81
07時00分02秒     all      0.14      0.00      0.05      0.00      0.04     99.77
08時00分02秒     all      0.09      0.00      0.04      0.00      0.03     99.84
09時00分02秒     all      0.08      0.00      0.04      0.00      0.04     99.84
10時00分02秒     all      0.11      0.00      0.05      0.00      0.04     99.79
11時00分02秒     all      0.10      0.00      0.05      0.00      0.05     99.79
12時00分02秒     all      0.09      0.00      0.04      0.00      0.05     99.82
13時00分02秒     all      0.10      0.00      0.05      0.00      0.05     99.80
14時00分02秒     all      0.09      0.00      0.05      0.00      0.06     99.80
15時00分02秒     all      0.10      0.00      0.05      0.00      0.08     99.78
16時00分02秒     all      0.09      0.00      0.04      0.00      0.04     99.83
17時00分02秒     all      0.09      0.00      0.04      0.00      0.04     99.83
平均値:      all      0.11      0.00      0.05      0.00      0.04     99.80

-------------------- Logged in user --------------------
k2b1e0f0 2018-05-18 16:36

