==================== 2018-05-19 02:55:01 ====================

-------------------- uptime --------------------
 02:55:01 up 316 days, 15:44,  0 users,  load average: 0.00, 0.01, 0.05

-------------------- System info --------------------
Linux sakura-tokyo-prod 3.10.0-514.26.2.el7.x86_64 #1 SMP Tue Jul 4 15:04:05 UTC 2017 x86_64 x86_64 x86_64 GNU/Linux

-------------------- Storage usage --------------------
ファイルシス   サイズ  使用  残り 使用% マウント位置
/dev/vda4         96G  6.5G   90G    7% /
devtmpfs         2.0G     0  2.0G    0% /dev
tmpfs            2.0G     0  2.0G    0% /dev/shm
tmpfs            2.0G  1.1G  850M   57% /run
tmpfs            2.0G     0  2.0G    0% /sys/fs/cgroup
/dev/vda2        497M  216M  282M   44% /boot
tmpfs            396M     0  396M    0% /run/user/0
tmpfs            396M     0  396M    0% /run/user/1001

-------------------- System load --------------------
Linux 3.10.0-514.26.2.el7.x86_64 (sakura-tokyo-prod) 	2018年05月19日 	_x86_64_	(4 CPU)

00時00分03秒     CPU     %user     %nice   %system   %iowait    %steal     %idle
01時00分02秒     all      0.12      0.00      0.05      0.00      0.04     99.78
02時00分02秒     all      0.16      0.00      0.05      0.00      0.05     99.74
平均値:      all      0.14      0.00      0.05      0.00      0.04     99.76

-------------------- Logged in user --------------------


==================== 2018-05-19 05:55:01 ====================

-------------------- uptime --------------------
 05:55:01 up 316 days, 18:44,  0 users,  load average: 0.01, 0.04, 0.05

-------------------- System info --------------------
Linux sakura-tokyo-prod 3.10.0-514.26.2.el7.x86_64 #1 SMP Tue Jul 4 15:04:05 UTC 2017 x86_64 x86_64 x86_64 GNU/Linux

-------------------- Storage usage --------------------
ファイルシス   サイズ  使用  残り 使用% マウント位置
/dev/vda4         96G  6.5G   90G    7% /
devtmpfs         2.0G     0  2.0G    0% /dev
tmpfs            2.0G     0  2.0G    0% /dev/shm
tmpfs            2.0G  1.1G  850M   57% /run
tmpfs            2.0G     0  2.0G    0% /sys/fs/cgroup
/dev/vda2        497M  216M  282M   44% /boot
tmpfs            396M     0  396M    0% /run/user/0
tmpfs            396M     0  396M    0% /run/user/1001

-------------------- System load --------------------
Linux 3.10.0-514.26.2.el7.x86_64 (sakura-tokyo-prod) 	2018年05月19日 	_x86_64_	(4 CPU)

00時00分03秒     CPU     %user     %nice   %system   %iowait    %steal     %idle
01時00分02秒     all      0.12      0.00      0.05      0.00      0.04     99.78
02時00分02秒     all      0.16      0.00      0.05      0.00      0.05     99.74
03時00分03秒     all      0.11      0.00      0.05      0.00      0.05     99.79
04時00分02秒     all      0.08      0.00      0.04      0.00      0.04     99.83
05時00分02秒     all      0.09      0.00      0.04      0.00      0.04     99.82
平均値:      all      0.11      0.00      0.05      0.00      0.04     99.79

-------------------- Logged in user --------------------


==================== 2018-05-19 08:55:01 ====================

-------------------- uptime --------------------
 08:55:01 up 316 days, 21:44,  0 users,  load average: 0.00, 0.01, 0.05

-------------------- System info --------------------
Linux sakura-tokyo-prod 3.10.0-514.26.2.el7.x86_64 #1 SMP Tue Jul 4 15:04:05 UTC 2017 x86_64 x86_64 x86_64 GNU/Linux

-------------------- Storage usage --------------------
ファイルシス   サイズ  使用  残り 使用% マウント位置
/dev/vda4         96G  6.5G   90G    7% /
devtmpfs         2.0G     0  2.0G    0% /dev
tmpfs            2.0G     0  2.0G    0% /dev/shm
tmpfs            2.0G  1.1G  850M   58% /run
tmpfs            2.0G     0  2.0G    0% /sys/fs/cgroup
/dev/vda2        497M  216M  282M   44% /boot
tmpfs            396M     0  396M    0% /run/user/0
tmpfs            396M     0  396M    0% /run/user/1001

-------------------- System load --------------------
Linux 3.10.0-514.26.2.el7.x86_64 (sakura-tokyo-prod) 	2018年05月19日 	_x86_64_	(4 CPU)

00時00分03秒     CPU     %user     %nice   %system   %iowait    %steal     %idle
01時00分02秒     all      0.12      0.00      0.05      0.00      0.04     99.78
02時00分02秒     all      0.16      0.00      0.05      0.00      0.05     99.74
03時00分03秒     all      0.11      0.00      0.05      0.00      0.05     99.79
04時00分02秒     all      0.08      0.00      0.04      0.00      0.04     99.83
05時00分02秒     all      0.09      0.00      0.04      0.00      0.04     99.82
06時00分02秒     all      0.19      0.00      0.07      0.00      0.06     99.68
07時00分02秒     all      0.22      0.00      0.08      0.01      0.05     99.64
08時00分02秒     all      0.18      0.00      0.06      0.00      0.05     99.70
平均値:      all      0.15      0.00      0.05      0.00      0.05     99.75

-------------------- Logged in user --------------------


