==================== 2018-05-21 02:55:01 ====================

-------------------- uptime --------------------
 02:55:01 up 318 days, 15:44,  0 users,  load average: 0.00, 0.01, 0.05

-------------------- System info --------------------
Linux sakura-tokyo-prod 3.10.0-514.26.2.el7.x86_64 #1 SMP Tue Jul 4 15:04:05 UTC 2017 x86_64 x86_64 x86_64 GNU/Linux

-------------------- Storage usage --------------------
ファイルシス   サイズ  使用  残り 使用% マウント位置
/dev/vda4         96G  6.5G   90G    7% /
devtmpfs         2.0G     0  2.0G    0% /dev
tmpfs            2.0G     0  2.0G    0% /dev/shm
tmpfs            2.0G  1.2G  841M   58% /run
tmpfs            2.0G     0  2.0G    0% /sys/fs/cgroup
/dev/vda2        497M  216M  282M   44% /boot
tmpfs            396M     0  396M    0% /run/user/0
tmpfs            396M     0  396M    0% /run/user/1001

-------------------- System load --------------------
Linux 3.10.0-514.26.2.el7.x86_64 (sakura-tokyo-prod) 	2018年05月21日 	_x86_64_	(4 CPU)

00時00分02秒     CPU     %user     %nice   %system   %iowait    %steal     %idle
01時00分02秒     all      0.12      0.00      0.04      0.00      0.04     99.80
02時00分02秒     all      0.10      0.00      0.04      0.00      0.03     99.83
平均値:      all      0.11      0.00      0.04      0.00      0.03     99.81

-------------------- Logged in user --------------------


==================== 2018-05-21 05:55:01 ====================

-------------------- uptime --------------------
 05:55:01 up 318 days, 18:44,  0 users,  load average: 0.00, 0.01, 0.05

-------------------- System info --------------------
Linux sakura-tokyo-prod 3.10.0-514.26.2.el7.x86_64 #1 SMP Tue Jul 4 15:04:05 UTC 2017 x86_64 x86_64 x86_64 GNU/Linux

-------------------- Storage usage --------------------
ファイルシス   サイズ  使用  残り 使用% マウント位置
/dev/vda4         96G  6.5G   90G    7% /
devtmpfs         2.0G     0  2.0G    0% /dev
tmpfs            2.0G     0  2.0G    0% /dev/shm
tmpfs            2.0G  1.2G  840M   58% /run
tmpfs            2.0G     0  2.0G    0% /sys/fs/cgroup
/dev/vda2        497M  216M  282M   44% /boot
tmpfs            396M     0  396M    0% /run/user/0
tmpfs            396M     0  396M    0% /run/user/1001

-------------------- System load --------------------
Linux 3.10.0-514.26.2.el7.x86_64 (sakura-tokyo-prod) 	2018年05月21日 	_x86_64_	(4 CPU)

00時00分02秒     CPU     %user     %nice   %system   %iowait    %steal     %idle
01時00分02秒     all      0.12      0.00      0.04      0.00      0.04     99.80
02時00分02秒     all      0.10      0.00      0.04      0.00      0.03     99.83
03時00分02秒     all      0.09      0.00      0.03      0.00      0.03     99.84
04時00分02秒     all      0.09      0.00      0.04      0.00      0.05     99.82
05時00分02秒     all      0.08      0.00      0.03      0.00      0.04     99.85
平均値:      all      0.10      0.00      0.04      0.00      0.04     99.83

-------------------- Logged in user --------------------


==================== 2018-05-21 08:55:01 ====================

-------------------- uptime --------------------
 08:55:01 up 318 days, 21:44,  0 users,  load average: 0.03, 0.04, 0.05

-------------------- System info --------------------
Linux sakura-tokyo-prod 3.10.0-514.26.2.el7.x86_64 #1 SMP Tue Jul 4 15:04:05 UTC 2017 x86_64 x86_64 x86_64 GNU/Linux

-------------------- Storage usage --------------------
ファイルシス   サイズ  使用  残り 使用% マウント位置
/dev/vda4         96G  6.5G   90G    7% /
devtmpfs         2.0G     0  2.0G    0% /dev
tmpfs            2.0G     0  2.0G    0% /dev/shm
tmpfs            2.0G  1.2G  840M   58% /run
tmpfs            2.0G     0  2.0G    0% /sys/fs/cgroup
/dev/vda2        497M  216M  282M   44% /boot
tmpfs            396M     0  396M    0% /run/user/0
tmpfs            396M     0  396M    0% /run/user/1001

-------------------- System load --------------------
Linux 3.10.0-514.26.2.el7.x86_64 (sakura-tokyo-prod) 	2018年05月21日 	_x86_64_	(4 CPU)

00時00分02秒     CPU     %user     %nice   %system   %iowait    %steal     %idle
01時00分02秒     all      0.12      0.00      0.04      0.00      0.04     99.80
02時00分02秒     all      0.10      0.00      0.04      0.00      0.03     99.83
03時00分02秒     all      0.09      0.00      0.03      0.00      0.03     99.84
04時00分02秒     all      0.09      0.00      0.04      0.00      0.05     99.82
05時00分02秒     all      0.08      0.00      0.03      0.00      0.04     99.85
06時00分02秒     all      0.13      0.00      0.04      0.00      0.04     99.79
07時00分02秒     all      0.34      0.00      0.07      0.00      0.05     99.54
08時00分02秒     all      0.11      0.00      0.04      0.00      0.04     99.81
平均値:      all      0.13      0.00      0.04      0.00      0.04     99.79

-------------------- Logged in user --------------------


==================== 2018-05-21 11:55:01 ====================

-------------------- uptime --------------------
 11:55:01 up 319 days, 44 min,  1 user,  load average: 0.00, 0.01, 0.05

-------------------- System info --------------------
Linux sakura-tokyo-prod 3.10.0-514.26.2.el7.x86_64 #1 SMP Tue Jul 4 15:04:05 UTC 2017 x86_64 x86_64 x86_64 GNU/Linux

-------------------- Storage usage --------------------
ファイルシス   サイズ  使用  残り 使用% マウント位置
/dev/vda4         96G  6.5G   90G    7% /
devtmpfs         2.0G     0  2.0G    0% /dev
tmpfs            2.0G     0  2.0G    0% /dev/shm
tmpfs            2.0G  1.2G  840M   58% /run
tmpfs            2.0G     0  2.0G    0% /sys/fs/cgroup
/dev/vda2        497M  216M  282M   44% /boot
tmpfs            396M     0  396M    0% /run/user/0
tmpfs            396M     0  396M    0% /run/user/1001

-------------------- System load --------------------
Linux 3.10.0-514.26.2.el7.x86_64 (sakura-tokyo-prod) 	2018年05月21日 	_x86_64_	(4 CPU)

00時00分02秒     CPU     %user     %nice   %system   %iowait    %steal     %idle
01時00分02秒     all      0.12      0.00      0.04      0.00      0.04     99.80
02時00分02秒     all      0.10      0.00      0.04      0.00      0.03     99.83
03時00分02秒     all      0.09      0.00      0.03      0.00      0.03     99.84
04時00分02秒     all      0.09      0.00      0.04      0.00      0.05     99.82
05時00分02秒     all      0.08      0.00      0.03      0.00      0.04     99.85
06時00分02秒     all      0.13      0.00      0.04      0.00      0.04     99.79
07時00分02秒     all      0.34      0.00      0.07      0.00      0.05     99.54
08時00分02秒     all      0.11      0.00      0.04      0.00      0.04     99.81
09時00分02秒     all      0.10      0.00      0.04      0.00      0.04     99.82
10時00分02秒     all      0.13      0.00      0.05      0.00      0.04     99.79
11時00分02秒     all      0.09      0.00      0.05      0.00      0.04     99.82
平均値:      all      0.12      0.00      0.04      0.00      0.04     99.79

-------------------- Logged in user --------------------
k58e3438 2018-05-21 10:54

==================== 2018-05-21 14:55:01 ====================

-------------------- uptime --------------------
 14:55:01 up 319 days,  3:44,  1 user,  load average: 0.00, 0.01, 0.05

-------------------- System info --------------------
Linux sakura-tokyo-prod 3.10.0-514.26.2.el7.x86_64 #1 SMP Tue Jul 4 15:04:05 UTC 2017 x86_64 x86_64 x86_64 GNU/Linux

-------------------- Storage usage --------------------
ファイルシス   サイズ  使用  残り 使用% マウント位置
/dev/vda4         96G  6.5G   90G    7% /
devtmpfs         2.0G     0  2.0G    0% /dev
tmpfs            2.0G     0  2.0G    0% /dev/shm
tmpfs            2.0G  1.2G  840M   58% /run
tmpfs            2.0G     0  2.0G    0% /sys/fs/cgroup
/dev/vda2        497M  216M  282M   44% /boot
tmpfs            396M     0  396M    0% /run/user/0
tmpfs            396M     0  396M    0% /run/user/1001

-------------------- System load --------------------
Linux 3.10.0-514.26.2.el7.x86_64 (sakura-tokyo-prod) 	2018年05月21日 	_x86_64_	(4 CPU)

00時00分02秒     CPU     %user     %nice   %system   %iowait    %steal     %idle
01時00分02秒     all      0.12      0.00      0.04      0.00      0.04     99.80
02時00分02秒     all      0.10      0.00      0.04      0.00      0.03     99.83
03時00分02秒     all      0.09      0.00      0.03      0.00      0.03     99.84
04時00分02秒     all      0.09      0.00      0.04      0.00      0.05     99.82
05時00分02秒     all      0.08      0.00      0.03      0.00      0.04     99.85
06時00分02秒     all      0.13      0.00      0.04      0.00      0.04     99.79
07時00分02秒     all      0.34      0.00      0.07      0.00      0.05     99.54
08時00分02秒     all      0.11      0.00      0.04      0.00      0.04     99.81
09時00分02秒     all      0.10      0.00      0.04      0.00      0.04     99.82
10時00分02秒     all      0.13      0.00      0.05      0.00      0.04     99.79
11時00分02秒     all      0.09      0.00      0.05      0.00      0.04     99.82
12時00分02秒     all      0.09      0.00      0.05      0.00      0.04     99.82
13時00分02秒     all      0.14      0.00      0.05      0.00      0.05     99.77
14時00分02秒     all      0.19      0.00      0.05      0.00      0.04     99.71
平均値:      all      0.13      0.00      0.04      0.00      0.04     99.79

-------------------- Logged in user --------------------
k478b26a 2018-05-21 10:54

==================== 2018-05-21 17:55:02 ====================

-------------------- uptime --------------------
 17:55:02 up 319 days,  6:44,  1 user,  load average: 0.03, 0.02, 0.05

-------------------- System info --------------------
Linux sakura-tokyo-prod 3.10.0-514.26.2.el7.x86_64 #1 SMP Tue Jul 4 15:04:05 UTC 2017 x86_64 x86_64 x86_64 GNU/Linux

-------------------- Storage usage --------------------
ファイルシス   サイズ  使用  残り 使用% マウント位置
/dev/vda4         96G  6.5G   90G    7% /
devtmpfs         2.0G     0  2.0G    0% /dev
tmpfs            2.0G     0  2.0G    0% /dev/shm
tmpfs            2.0G  1.2G  840M   58% /run
tmpfs            2.0G     0  2.0G    0% /sys/fs/cgroup
/dev/vda2        497M  216M  282M   44% /boot
tmpfs            396M     0  396M    0% /run/user/0
tmpfs            396M     0  396M    0% /run/user/1001

-------------------- System load --------------------
Linux 3.10.0-514.26.2.el7.x86_64 (sakura-tokyo-prod) 	2018年05月21日 	_x86_64_	(4 CPU)

00時00分02秒     CPU     %user     %nice   %system   %iowait    %steal     %idle
01時00分02秒     all      0.12      0.00      0.04      0.00      0.04     99.80
02時00分02秒     all      0.10      0.00      0.04      0.00      0.03     99.83
03時00分02秒     all      0.09      0.00      0.03      0.00      0.03     99.84
04時00分02秒     all      0.09      0.00      0.04      0.00      0.05     99.82
05時00分02秒     all      0.08      0.00      0.03      0.00      0.04     99.85
06時00分02秒     all      0.13      0.00      0.04      0.00      0.04     99.79
07時00分02秒     all      0.34      0.00      0.07      0.00      0.05     99.54
08時00分02秒     all      0.11      0.00      0.04      0.00      0.04     99.81
09時00分02秒     all      0.10      0.00      0.04      0.00      0.04     99.82
10時00分02秒     all      0.13      0.00      0.05      0.00      0.04     99.79
11時00分02秒     all      0.09      0.00      0.05      0.00      0.04     99.82
12時00分02秒     all      0.09      0.00      0.05      0.00      0.04     99.82
13時00分02秒     all      0.14      0.00      0.05      0.00      0.05     99.77
14時00分02秒     all      0.19      0.00      0.05      0.00      0.04     99.71
15時00分02秒     all      0.15      0.00      0.05      0.00      0.05     99.76
16時00分02秒     all      0.15      0.00      0.05      0.00      0.04     99.76
17時00分02秒     all      0.17      0.00      0.07      0.00      0.04     99.72
平均値:      all      0.13      0.00      0.05      0.00      0.04     99.78

-------------------- Logged in user --------------------
kf55588c 2018-05-21 10:54

==================== 2018-05-21 20:55:01 ====================

-------------------- uptime --------------------
 20:55:01 up 319 days,  9:44,  0 users,  load average: 0.00, 0.01, 0.05

-------------------- System info --------------------
Linux sakura-tokyo-prod 3.10.0-514.26.2.el7.x86_64 #1 SMP Tue Jul 4 15:04:05 UTC 2017 x86_64 x86_64 x86_64 GNU/Linux

-------------------- Storage usage --------------------
ファイルシス   サイズ  使用  残り 使用% マウント位置
/dev/vda4         96G  6.5G   90G    7% /
devtmpfs         2.0G     0  2.0G    0% /dev
tmpfs            2.0G     0  2.0G    0% /dev/shm
tmpfs            2.0G  1.2G  840M   58% /run
tmpfs            2.0G     0  2.0G    0% /sys/fs/cgroup
/dev/vda2        497M  216M  282M   44% /boot
tmpfs            396M     0  396M    0% /run/user/0
tmpfs            396M     0  396M    0% /run/user/1001

-------------------- System load --------------------
Linux 3.10.0-514.26.2.el7.x86_64 (sakura-tokyo-prod) 	2018年05月21日 	_x86_64_	(4 CPU)

00時00分02秒     CPU     %user     %nice   %system   %iowait    %steal     %idle
01時00分02秒     all      0.12      0.00      0.04      0.00      0.04     99.80
02時00分02秒     all      0.10      0.00      0.04      0.00      0.03     99.83
03時00分02秒     all      0.09      0.00      0.03      0.00      0.03     99.84
04時00分02秒     all      0.09      0.00      0.04      0.00      0.05     99.82
05時00分02秒     all      0.08      0.00      0.03      0.00      0.04     99.85
06時00分02秒     all      0.13      0.00      0.04      0.00      0.04     99.79
07時00分02秒     all      0.34      0.00      0.07      0.00      0.05     99.54
08時00分02秒     all      0.11      0.00      0.04      0.00      0.04     99.81
09時00分02秒     all      0.10      0.00      0.04      0.00      0.04     99.82
10時00分02秒     all      0.13      0.00      0.05      0.00      0.04     99.79
11時00分02秒     all      0.09      0.00      0.05      0.00      0.04     99.82
12時00分02秒     all      0.09      0.00      0.05      0.00      0.04     99.82
13時00分02秒     all      0.14      0.00      0.05      0.00      0.05     99.77
14時00分02秒     all      0.19      0.00      0.05      0.00      0.04     99.71
15時00分02秒     all      0.15      0.00      0.05      0.00      0.05     99.76
16時00分02秒     all      0.15      0.00      0.05      0.00      0.04     99.76
17時00分02秒     all      0.17      0.00      0.07      0.00      0.04     99.72
18時00分02秒     all      0.60      0.00      0.14      0.01      0.04     99.20
19時00分02秒     all      0.34      0.00      0.09      0.01      0.04     99.53
20時00分02秒     all      0.21      0.00      0.06      0.00      0.03     99.69
平均値:      all      0.17      0.00      0.05      0.00      0.04     99.73

-------------------- Logged in user --------------------


