==================== 2018-05-22 02:55:01 ====================

-------------------- uptime --------------------
 02:55:01 up 319 days, 15:44,  1 user,  load average: 0.00, 0.01, 0.05

-------------------- System info --------------------
Linux sakura-tokyo-prod 3.10.0-514.26.2.el7.x86_64 #1 SMP Tue Jul 4 15:04:05 UTC 2017 x86_64 x86_64 x86_64 GNU/Linux

-------------------- Storage usage --------------------
ファイルシス   サイズ  使用  残り 使用% マウント位置
/dev/vda4         96G  6.4G   90G    7% /
devtmpfs         2.0G     0  2.0G    0% /dev
tmpfs            2.0G     0  2.0G    0% /dev/shm
tmpfs            2.0G  1.2G  840M   58% /run
tmpfs            2.0G     0  2.0G    0% /sys/fs/cgroup
/dev/vda2        497M  216M  282M   44% /boot
tmpfs            396M     0  396M    0% /run/user/0
tmpfs            396M     0  396M    0% /run/user/1001

-------------------- System load --------------------
Linux 3.10.0-514.26.2.el7.x86_64 (sakura-tokyo-prod) 	2018年05月22日 	_x86_64_	(4 CPU)

00時00分02秒     CPU     %user     %nice   %system   %iowait    %steal     %idle
01時00分02秒     all      0.11      0.00      0.04      0.00      0.03     99.82
02時00分02秒     all      0.40      0.00      0.08      0.00      0.04     99.48
平均値:      all      0.26      0.00      0.06      0.00      0.03     99.65

-------------------- Logged in user --------------------
k296ad80 2018-05-21 23:04

==================== 2018-05-22 05:55:01 ====================

-------------------- uptime --------------------
 05:55:01 up 319 days, 18:44,  1 user,  load average: 0.00, 0.01, 0.05

-------------------- System info --------------------
Linux sakura-tokyo-prod 3.10.0-514.26.2.el7.x86_64 #1 SMP Tue Jul 4 15:04:05 UTC 2017 x86_64 x86_64 x86_64 GNU/Linux

-------------------- Storage usage --------------------
ファイルシス   サイズ  使用  残り 使用% マウント位置
/dev/vda4         96G  6.4G   90G    7% /
devtmpfs         2.0G     0  2.0G    0% /dev
tmpfs            2.0G     0  2.0G    0% /dev/shm
tmpfs            2.0G  1.2G  840M   58% /run
tmpfs            2.0G     0  2.0G    0% /sys/fs/cgroup
/dev/vda2        497M  216M  282M   44% /boot
tmpfs            396M     0  396M    0% /run/user/0
tmpfs            396M     0  396M    0% /run/user/1001

-------------------- System load --------------------
Linux 3.10.0-514.26.2.el7.x86_64 (sakura-tokyo-prod) 	2018年05月22日 	_x86_64_	(4 CPU)

00時00分02秒     CPU     %user     %nice   %system   %iowait    %steal     %idle
01時00分02秒     all      0.11      0.00      0.04      0.00      0.03     99.82
02時00分02秒     all      0.40      0.00      0.08      0.00      0.04     99.48
03時00分02秒     all      0.36      0.00      0.07      0.00      0.03     99.53
04時00分02秒     all      0.62      0.00      0.11      0.01      0.04     99.22
05時00分02秒     all      0.35      0.00      0.07      0.00      0.04     99.53
平均値:      all      0.37      0.00      0.08      0.00      0.04     99.51

-------------------- Logged in user --------------------
k3f16f0e 2018-05-21 23:04

==================== 2018-05-22 08:55:01 ====================

-------------------- uptime --------------------
 08:55:01 up 319 days, 21:44,  0 users,  load average: 0.00, 0.01, 0.05

-------------------- System info --------------------
Linux sakura-tokyo-prod 3.10.0-514.26.2.el7.x86_64 #1 SMP Tue Jul 4 15:04:05 UTC 2017 x86_64 x86_64 x86_64 GNU/Linux

-------------------- Storage usage --------------------
ファイルシス   サイズ  使用  残り 使用% マウント位置
/dev/vda4         96G  6.4G   90G    7% /
devtmpfs         2.0G     0  2.0G    0% /dev
tmpfs            2.0G     0  2.0G    0% /dev/shm
tmpfs            2.0G  1.2G  839M   58% /run
tmpfs            2.0G     0  2.0G    0% /sys/fs/cgroup
/dev/vda2        497M  216M  282M   44% /boot
tmpfs            396M     0  396M    0% /run/user/0
tmpfs            396M     0  396M    0% /run/user/1001

-------------------- System load --------------------
Linux 3.10.0-514.26.2.el7.x86_64 (sakura-tokyo-prod) 	2018年05月22日 	_x86_64_	(4 CPU)

00時00分02秒     CPU     %user     %nice   %system   %iowait    %steal     %idle
01時00分02秒     all      0.11      0.00      0.04      0.00      0.03     99.82
02時00分02秒     all      0.40      0.00      0.08      0.00      0.04     99.48
03時00分02秒     all      0.36      0.00      0.07      0.00      0.03     99.53
04時00分02秒     all      0.62      0.00      0.11      0.01      0.04     99.22
05時00分02秒     all      0.35      0.00      0.07      0.00      0.04     99.53
06時00分01秒     all      0.61      0.00      0.11      0.01      0.05     99.23
07時00分02秒     all      0.10      0.00      0.04      0.00      0.04     99.81
08時00分02秒     all      0.33      0.00      0.07      0.00      0.05     99.55
平均値:      all      0.36      0.00      0.07      0.00      0.04     99.52

-------------------- Logged in user --------------------


==================== 2018-05-22 11:55:01 ====================

-------------------- uptime --------------------
 11:55:01 up 320 days, 44 min,  1 user,  load average: 0.00, 0.01, 0.05

-------------------- System info --------------------
Linux sakura-tokyo-prod 3.10.0-514.26.2.el7.x86_64 #1 SMP Tue Jul 4 15:04:05 UTC 2017 x86_64 x86_64 x86_64 GNU/Linux

-------------------- Storage usage --------------------
ファイルシス   サイズ  使用  残り 使用% マウント位置
/dev/vda4         96G  6.4G   90G    7% /
devtmpfs         2.0G     0  2.0G    0% /dev
tmpfs            2.0G     0  2.0G    0% /dev/shm
tmpfs            2.0G  1.2G  839M   58% /run
tmpfs            2.0G     0  2.0G    0% /sys/fs/cgroup
/dev/vda2        497M  216M  282M   44% /boot
tmpfs            396M     0  396M    0% /run/user/0
tmpfs            396M     0  396M    0% /run/user/1001

-------------------- System load --------------------
Linux 3.10.0-514.26.2.el7.x86_64 (sakura-tokyo-prod) 	2018年05月22日 	_x86_64_	(4 CPU)

00時00分02秒     CPU     %user     %nice   %system   %iowait    %steal     %idle
01時00分02秒     all      0.11      0.00      0.04      0.00      0.03     99.82
02時00分02秒     all      0.40      0.00      0.08      0.00      0.04     99.48
03時00分02秒     all      0.36      0.00      0.07      0.00      0.03     99.53
04時00分02秒     all      0.62      0.00      0.11      0.01      0.04     99.22
05時00分02秒     all      0.35      0.00      0.07      0.00      0.04     99.53
06時00分01秒     all      0.61      0.00      0.11      0.01      0.05     99.23
07時00分02秒     all      0.10      0.00      0.04      0.00      0.04     99.81
08時00分02秒     all      0.33      0.00      0.07      0.00      0.05     99.55
09時00分02秒     all      0.33      0.00      0.07      0.00      0.04     99.56
10時00分02秒     all      0.39      0.00      0.08      0.00      0.04     99.49
11時00分02秒     all      0.54      0.00      0.08      0.00      0.06     99.31
平均値:      all      0.38      0.00      0.07      0.00      0.04     99.50

-------------------- Logged in user --------------------
k698f622 2018-05-22 09:18

==================== 2018-05-22 14:55:01 ====================

-------------------- uptime --------------------
 14:55:01 up 320 days,  3:44,  1 user,  load average: 0.00, 0.01, 0.05

-------------------- System info --------------------
Linux sakura-tokyo-prod 3.10.0-514.26.2.el7.x86_64 #1 SMP Tue Jul 4 15:04:05 UTC 2017 x86_64 x86_64 x86_64 GNU/Linux

-------------------- Storage usage --------------------
ファイルシス   サイズ  使用  残り 使用% マウント位置
/dev/vda4         96G  6.4G   90G    7% /
devtmpfs         2.0G     0  2.0G    0% /dev
tmpfs            2.0G     0  2.0G    0% /dev/shm
tmpfs            2.0G  1.2G  839M   58% /run
tmpfs            2.0G     0  2.0G    0% /sys/fs/cgroup
/dev/vda2        497M  216M  282M   44% /boot
tmpfs            396M     0  396M    0% /run/user/0
tmpfs            396M     0  396M    0% /run/user/1001

-------------------- System load --------------------
Linux 3.10.0-514.26.2.el7.x86_64 (sakura-tokyo-prod) 	2018年05月22日 	_x86_64_	(4 CPU)

00時00分02秒     CPU     %user     %nice   %system   %iowait    %steal     %idle
01時00分02秒     all      0.11      0.00      0.04      0.00      0.03     99.82
02時00分02秒     all      0.40      0.00      0.08      0.00      0.04     99.48
03時00分02秒     all      0.36      0.00      0.07      0.00      0.03     99.53
04時00分02秒     all      0.62      0.00      0.11      0.01      0.04     99.22
05時00分02秒     all      0.35      0.00      0.07      0.00      0.04     99.53
06時00分01秒     all      0.61      0.00      0.11      0.01      0.05     99.23
07時00分02秒     all      0.10      0.00      0.04      0.00      0.04     99.81
08時00分02秒     all      0.33      0.00      0.07      0.00      0.05     99.55
09時00分02秒     all      0.33      0.00      0.07      0.00      0.04     99.56
10時00分02秒     all      0.39      0.00      0.08      0.00      0.04     99.49
11時00分02秒     all      0.54      0.00      0.08      0.00      0.06     99.31
12時00分02秒     all      0.61      0.00      0.12      0.01      0.05     99.22
13時00分02秒     all      1.10      0.00      0.41      0.25      0.06     98.18
14時00分02秒     all      0.73      0.00      0.11      0.03      0.04     99.10
平均値:      all      0.47      0.00      0.10      0.02      0.04     99.36

-------------------- Logged in user --------------------
kbec4d41 2018-05-22 09:18

==================== 2018-05-22 17:55:02 ====================

-------------------- uptime --------------------
 17:55:02 up 320 days,  6:44,  1 user,  load average: 0.00, 0.02, 0.05

-------------------- System info --------------------
Linux sakura-tokyo-prod 3.10.0-514.26.2.el7.x86_64 #1 SMP Tue Jul 4 15:04:05 UTC 2017 x86_64 x86_64 x86_64 GNU/Linux

-------------------- Storage usage --------------------
ファイルシス   サイズ  使用  残り 使用% マウント位置
/dev/vda4         96G  6.4G   90G    7% /
devtmpfs         2.0G     0  2.0G    0% /dev
tmpfs            2.0G     0  2.0G    0% /dev/shm
tmpfs            2.0G  1.2G  839M   58% /run
tmpfs            2.0G     0  2.0G    0% /sys/fs/cgroup
/dev/vda2        497M  216M  282M   44% /boot
tmpfs            396M     0  396M    0% /run/user/0
tmpfs            396M     0  396M    0% /run/user/1001

-------------------- System load --------------------
Linux 3.10.0-514.26.2.el7.x86_64 (sakura-tokyo-prod) 	2018年05月22日 	_x86_64_	(4 CPU)

00時00分02秒     CPU     %user     %nice   %system   %iowait    %steal     %idle
01時00分02秒     all      0.11      0.00      0.04      0.00      0.03     99.82
02時00分02秒     all      0.40      0.00      0.08      0.00      0.04     99.48
03時00分02秒     all      0.36      0.00      0.07      0.00      0.03     99.53
04時00分02秒     all      0.62      0.00      0.11      0.01      0.04     99.22
05時00分02秒     all      0.35      0.00      0.07      0.00      0.04     99.53
06時00分01秒     all      0.61      0.00      0.11      0.01      0.05     99.23
07時00分02秒     all      0.10      0.00      0.04      0.00      0.04     99.81
08時00分02秒     all      0.33      0.00      0.07      0.00      0.05     99.55
09時00分02秒     all      0.33      0.00      0.07      0.00      0.04     99.56
10時00分02秒     all      0.39      0.00      0.08      0.00      0.04     99.49
11時00分02秒     all      0.54      0.00      0.08      0.00      0.06     99.31
12時00分02秒     all      0.61      0.00      0.12      0.01      0.05     99.22
13時00分02秒     all      1.10      0.00      0.41      0.25      0.06     98.18
14時00分02秒     all      0.73      0.00      0.11      0.03      0.04     99.10
15時00分02秒     all      0.19      0.00      0.05      0.01      0.05     99.72
16時00分02秒     all      0.72      0.00      0.12      0.01      0.06     99.09
17時00分02秒     all      0.08      0.00      0.03      0.00      0.03     99.86
平均値:      all      0.45      0.00      0.10      0.02      0.04     99.39

-------------------- Logged in user --------------------
k83b7fb2 2018-05-22 09:18

