==================== 2018-05-24 02:55:01 ====================

-------------------- uptime --------------------
 02:55:01 up 321 days, 15:44,  1 user,  load average: 0.00, 0.01, 0.05

-------------------- System info --------------------
Linux sakura-tokyo-prod 3.10.0-514.26.2.el7.x86_64 #1 SMP Tue Jul 4 15:04:05 UTC 2017 x86_64 x86_64 x86_64 GNU/Linux

-------------------- Storage usage --------------------
ファイルシス   サイズ  使用  残り 使用% マウント位置
/dev/vda4         96G  6.4G   90G    7% /
devtmpfs         2.0G     0  2.0G    0% /dev
tmpfs            2.0G     0  2.0G    0% /dev/shm
tmpfs            2.0G  1.2G  838M   58% /run
tmpfs            2.0G     0  2.0G    0% /sys/fs/cgroup
/dev/vda2        497M  216M  282M   44% /boot
tmpfs            396M     0  396M    0% /run/user/0
tmpfs            396M     0  396M    0% /run/user/1001

-------------------- System load --------------------
Linux 3.10.0-514.26.2.el7.x86_64 (sakura-tokyo-prod) 	2018年05月24日 	_x86_64_	(4 CPU)

00時00分02秒     CPU     %user     %nice   %system   %iowait    %steal     %idle
01時00分02秒     all      0.36      0.00      0.07      0.00      0.02     99.54
02時00分02秒     all      0.60      0.00      0.10      0.01      0.02     99.26
平均値:      all      0.48      0.00      0.09      0.01      0.02     99.40

-------------------- Logged in user --------------------
ke542963 2018-05-22 09:18

==================== 2018-05-24 05:55:01 ====================

-------------------- uptime --------------------
 05:55:01 up 321 days, 18:44,  1 user,  load average: 0.00, 0.01, 0.05

-------------------- System info --------------------
Linux sakura-tokyo-prod 3.10.0-514.26.2.el7.x86_64 #1 SMP Tue Jul 4 15:04:05 UTC 2017 x86_64 x86_64 x86_64 GNU/Linux

-------------------- Storage usage --------------------
ファイルシス   サイズ  使用  残り 使用% マウント位置
/dev/vda4         96G  6.4G   90G    7% /
devtmpfs         2.0G     0  2.0G    0% /dev
tmpfs            2.0G     0  2.0G    0% /dev/shm
tmpfs            2.0G  1.2G  838M   58% /run
tmpfs            2.0G     0  2.0G    0% /sys/fs/cgroup
/dev/vda2        497M  216M  282M   44% /boot
tmpfs            396M     0  396M    0% /run/user/0
tmpfs            396M     0  396M    0% /run/user/1001

-------------------- System load --------------------
Linux 3.10.0-514.26.2.el7.x86_64 (sakura-tokyo-prod) 	2018年05月24日 	_x86_64_	(4 CPU)

00時00分02秒     CPU     %user     %nice   %system   %iowait    %steal     %idle
01時00分02秒     all      0.36      0.00      0.07      0.00      0.02     99.54
02時00分02秒     all      0.60      0.00      0.10      0.01      0.02     99.26
03時00分02秒     all      0.07      0.00      0.03      0.00      0.03     99.87
04時00分02秒     all      2.21      0.00      0.31      0.03      0.04     97.41
05時00分02秒     all      0.07      0.00      0.03      0.00      0.02     99.88
平均値:      all      0.66      0.00      0.11      0.01      0.03     99.19

-------------------- Logged in user --------------------
kfba7a08 2018-05-22 09:18

