==================== 2018-05-27 02:55:01 ====================

-------------------- uptime --------------------
 02:55:01 up 324 days, 15:44,  1 user,  load average: 0.02, 0.07, 0.06

-------------------- System info --------------------
Linux sakura-tokyo-prod 3.10.0-514.26.2.el7.x86_64 #1 SMP Tue Jul 4 15:04:05 UTC 2017 x86_64 x86_64 x86_64 GNU/Linux

-------------------- Storage usage --------------------
ファイルシス   サイズ  使用  残り 使用% マウント位置
/dev/vda4         96G  6.7G   89G    7% /
devtmpfs         2.0G     0  2.0G    0% /dev
tmpfs            2.0G     0  2.0G    0% /dev/shm
tmpfs            2.0G  1.2G  843M   58% /run
tmpfs            2.0G     0  2.0G    0% /sys/fs/cgroup
/dev/vda2        497M  217M  280M   44% /boot
tmpfs            396M     0  396M    0% /run/user/0
tmpfs            396M     0  396M    0% /run/user/1001

-------------------- System load --------------------
Linux 3.10.0-514.26.2.el7.x86_64 (sakura-tokyo-prod) 	2018年05月27日 	_x86_64_	(4 CPU)

00時00分02秒     CPU     %user     %nice   %system   %iowait    %steal     %idle
01時00分02秒     all      0.62      0.00      0.12      0.01      0.03     99.21
02時00分02秒     all      0.92      0.00      0.15      0.01      0.03     98.89
平均値:      all      0.77      0.00      0.14      0.01      0.03     99.05

-------------------- Logged in user --------------------
ka54f5b9 2018-05-22 09:18

==================== 2018-05-27 05:55:01 ====================

-------------------- uptime --------------------
 05:55:01 up 324 days, 18:44,  1 user,  load average: 0.00, 0.01, 0.05

-------------------- System info --------------------
Linux sakura-tokyo-prod 3.10.0-514.26.2.el7.x86_64 #1 SMP Tue Jul 4 15:04:05 UTC 2017 x86_64 x86_64 x86_64 GNU/Linux

-------------------- Storage usage --------------------
ファイルシス   サイズ  使用  残り 使用% マウント位置
/dev/vda4         96G  6.7G   89G    7% /
devtmpfs         2.0G     0  2.0G    0% /dev
tmpfs            2.0G     0  2.0G    0% /dev/shm
tmpfs            2.0G  1.2G  843M   58% /run
tmpfs            2.0G     0  2.0G    0% /sys/fs/cgroup
/dev/vda2        497M  217M  280M   44% /boot
tmpfs            396M     0  396M    0% /run/user/0
tmpfs            396M     0  396M    0% /run/user/1001

-------------------- System load --------------------
Linux 3.10.0-514.26.2.el7.x86_64 (sakura-tokyo-prod) 	2018年05月27日 	_x86_64_	(4 CPU)

00時00分02秒     CPU     %user     %nice   %system   %iowait    %steal     %idle
01時00分02秒     all      0.62      0.00      0.12      0.01      0.03     99.21
02時00分02秒     all      0.92      0.00      0.15      0.01      0.03     98.89
03時00分02秒     all      0.35      0.00      0.08      0.00      0.03     99.54
04時00分02秒     all      0.11      0.00      0.05      0.00      0.03     99.81
05時00分02秒     all      0.89      0.00      0.14      0.01      0.03     98.93
平均値:      all      0.58      0.00      0.11      0.01      0.03     99.28

-------------------- Logged in user --------------------
k4e1866f 2018-05-22 09:18

==================== 2018-05-27 08:55:01 ====================

-------------------- uptime --------------------
 08:55:01 up 324 days, 21:44,  1 user,  load average: 0.02, 0.08, 0.06

-------------------- System info --------------------
Linux sakura-tokyo-prod 3.10.0-514.26.2.el7.x86_64 #1 SMP Tue Jul 4 15:04:05 UTC 2017 x86_64 x86_64 x86_64 GNU/Linux

-------------------- Storage usage --------------------
ファイルシス   サイズ  使用  残り 使用% マウント位置
/dev/vda4         96G  6.7G   89G    7% /
devtmpfs         2.0G     0  2.0G    0% /dev
tmpfs            2.0G     0  2.0G    0% /dev/shm
tmpfs            2.0G  1.2G  843M   58% /run
tmpfs            2.0G     0  2.0G    0% /sys/fs/cgroup
/dev/vda2        497M  217M  280M   44% /boot
tmpfs            396M     0  396M    0% /run/user/0
tmpfs            396M     0  396M    0% /run/user/1001

-------------------- System load --------------------
Linux 3.10.0-514.26.2.el7.x86_64 (sakura-tokyo-prod) 	2018年05月27日 	_x86_64_	(4 CPU)

00時00分02秒     CPU     %user     %nice   %system   %iowait    %steal     %idle
01時00分02秒     all      0.62      0.00      0.12      0.01      0.03     99.21
02時00分02秒     all      0.92      0.00      0.15      0.01      0.03     98.89
03時00分02秒     all      0.35      0.00      0.08      0.00      0.03     99.54
04時00分02秒     all      0.11      0.00      0.05      0.00      0.03     99.81
05時00分02秒     all      0.89      0.00      0.14      0.01      0.03     98.93
06時00分02秒     all      0.63      0.00      0.10      0.01      0.03     99.23
07時00分02秒     all      1.08      0.00      0.17      0.01      0.03     98.71
08時00分02秒     all      0.30      0.00      0.06      0.00      0.03     99.61
平均値:      all      0.61      0.00      0.11      0.01      0.03     99.24

-------------------- Logged in user --------------------
kc948e83 2018-05-22 09:18

==================== 2018-05-27 11:55:01 ====================

-------------------- uptime --------------------
 11:55:01 up 325 days, 44 min,  1 user,  load average: 0.00, 0.02, 0.05

-------------------- System info --------------------
Linux sakura-tokyo-prod 3.10.0-514.26.2.el7.x86_64 #1 SMP Tue Jul 4 15:04:05 UTC 2017 x86_64 x86_64 x86_64 GNU/Linux

-------------------- Storage usage --------------------
ファイルシス   サイズ  使用  残り 使用% マウント位置
/dev/vda4         96G  6.7G   89G    7% /
devtmpfs         2.0G     0  2.0G    0% /dev
tmpfs            2.0G     0  2.0G    0% /dev/shm
tmpfs            2.0G  1.2G  843M   58% /run
tmpfs            2.0G     0  2.0G    0% /sys/fs/cgroup
/dev/vda2        497M  217M  280M   44% /boot
tmpfs            396M     0  396M    0% /run/user/0
tmpfs            396M     0  396M    0% /run/user/1001

-------------------- System load --------------------
Linux 3.10.0-514.26.2.el7.x86_64 (sakura-tokyo-prod) 	2018年05月27日 	_x86_64_	(4 CPU)

00時00分02秒     CPU     %user     %nice   %system   %iowait    %steal     %idle
01時00分02秒     all      0.62      0.00      0.12      0.01      0.03     99.21
02時00分02秒     all      0.92      0.00      0.15      0.01      0.03     98.89
03時00分02秒     all      0.35      0.00      0.08      0.00      0.03     99.54
04時00分02秒     all      0.11      0.00      0.05      0.00      0.03     99.81
05時00分02秒     all      0.89      0.00      0.14      0.01      0.03     98.93
06時00分02秒     all      0.63      0.00      0.10      0.01      0.03     99.23
07時00分02秒     all      1.08      0.00      0.17      0.01      0.03     98.71
08時00分02秒     all      0.30      0.00      0.06      0.00      0.03     99.61
09時00分02秒     all      0.89      0.00      0.13      0.01      0.04     98.93
10時00分02秒     all      0.09      0.00      0.04      0.00      0.03     99.83
11時00分02秒     all      0.34      0.00      0.07      0.00      0.03     99.56
平均値:      all      0.56      0.00      0.10      0.01      0.03     99.30

-------------------- Logged in user --------------------
k656b1a7 2018-05-22 09:18

==================== 2018-05-27 14:55:01 ====================

-------------------- uptime --------------------
 14:55:01 up 325 days,  3:44,  1 user,  load average: 0.05, 0.09, 0.07

-------------------- System info --------------------
Linux sakura-tokyo-prod 3.10.0-514.26.2.el7.x86_64 #1 SMP Tue Jul 4 15:04:05 UTC 2017 x86_64 x86_64 x86_64 GNU/Linux

-------------------- Storage usage --------------------
ファイルシス   サイズ  使用  残り 使用% マウント位置
/dev/vda4         96G  6.6G   89G    7% /
devtmpfs         2.0G     0  2.0G    0% /dev
tmpfs            2.0G     0  2.0G    0% /dev/shm
tmpfs            2.0G  1.2G  843M   58% /run
tmpfs            2.0G     0  2.0G    0% /sys/fs/cgroup
/dev/vda2        497M  217M  280M   44% /boot
tmpfs            396M     0  396M    0% /run/user/0
tmpfs            396M     0  396M    0% /run/user/1001

-------------------- System load --------------------
Linux 3.10.0-514.26.2.el7.x86_64 (sakura-tokyo-prod) 	2018年05月27日 	_x86_64_	(4 CPU)

00時00分02秒     CPU     %user     %nice   %system   %iowait    %steal     %idle
01時00分02秒     all      0.62      0.00      0.12      0.01      0.03     99.21
02時00分02秒     all      0.92      0.00      0.15      0.01      0.03     98.89
03時00分02秒     all      0.35      0.00      0.08      0.00      0.03     99.54
04時00分02秒     all      0.11      0.00      0.05      0.00      0.03     99.81
05時00分02秒     all      0.89      0.00      0.14      0.01      0.03     98.93
06時00分02秒     all      0.63      0.00      0.10      0.01      0.03     99.23
07時00分02秒     all      1.08      0.00      0.17      0.01      0.03     98.71
08時00分02秒     all      0.30      0.00      0.06      0.00      0.03     99.61
09時00分02秒     all      0.89      0.00      0.13      0.01      0.04     98.93
10時00分02秒     all      0.09      0.00      0.04      0.00      0.03     99.83
11時00分02秒     all      0.34      0.00      0.07      0.00      0.03     99.56
12時00分02秒     all      0.60      0.00      0.11      0.01      0.03     99.25
13時00分02秒     all      0.36      0.00      0.08      0.00      0.03     99.53
14時00分02秒     all      0.61      0.00      0.11      0.01      0.03     99.24
平均値:      all      0.55      0.00      0.10      0.01      0.03     99.31

-------------------- Logged in user --------------------
kcc2eac7 2018-05-22 09:18

