==================== 2018-05-28 02:55:01 ====================

-------------------- uptime --------------------
 02:55:01 up 325 days, 15:44,  2 users,  load average: 0.03, 0.06, 0.06

-------------------- System info --------------------
Linux sakura-tokyo-prod 3.10.0-514.26.2.el7.x86_64 #1 SMP Tue Jul 4 15:04:05 UTC 2017 x86_64 x86_64 x86_64 GNU/Linux

-------------------- Storage usage --------------------
ファイルシス   サイズ  使用  残り 使用% マウント位置
/dev/vda4         96G  6.7G   89G    7% /
devtmpfs         2.0G     0  2.0G    0% /dev
tmpfs            2.0G     0  2.0G    0% /dev/shm
tmpfs            2.0G  1.2G  842M   58% /run
tmpfs            2.0G     0  2.0G    0% /sys/fs/cgroup
/dev/vda2        497M  217M  280M   44% /boot
tmpfs            396M     0  396M    0% /run/user/0
tmpfs            396M     0  396M    0% /run/user/1001

-------------------- System load --------------------
Linux 3.10.0-514.26.2.el7.x86_64 (sakura-tokyo-prod) 	2018年05月28日 	_x86_64_	(4 CPU)

00時00分02秒     CPU     %user     %nice   %system   %iowait    %steal     %idle
01時00分02秒     all      9.76      0.00      1.36      0.15      0.08     88.64
02時00分02秒     all      0.85      0.00      0.15      0.01      0.03     98.96
平均値:      all      5.30      0.00      0.75      0.08      0.06     93.81

-------------------- Logged in user --------------------
k0ef8d01 2018-05-22 09:18
k7064d13 2018-05-27 22:43

==================== 2018-05-28 05:55:01 ====================

-------------------- uptime --------------------
 05:55:01 up 325 days, 18:44,  2 users,  load average: 0.00, 0.01, 0.05

-------------------- System info --------------------
Linux sakura-tokyo-prod 3.10.0-514.26.2.el7.x86_64 #1 SMP Tue Jul 4 15:04:05 UTC 2017 x86_64 x86_64 x86_64 GNU/Linux

-------------------- Storage usage --------------------
ファイルシス   サイズ  使用  残り 使用% マウント位置
/dev/vda4         96G  6.7G   89G    7% /
devtmpfs         2.0G     0  2.0G    0% /dev
tmpfs            2.0G     0  2.0G    0% /dev/shm
tmpfs            2.0G  1.2G  842M   58% /run
tmpfs            2.0G     0  2.0G    0% /sys/fs/cgroup
/dev/vda2        497M  217M  280M   44% /boot
tmpfs            396M     0  396M    0% /run/user/0
tmpfs            396M     0  396M    0% /run/user/1001

-------------------- System load --------------------
Linux 3.10.0-514.26.2.el7.x86_64 (sakura-tokyo-prod) 	2018年05月28日 	_x86_64_	(4 CPU)

00時00分02秒     CPU     %user     %nice   %system   %iowait    %steal     %idle
01時00分02秒     all      9.76      0.00      1.36      0.15      0.08     88.64
02時00分02秒     all      0.85      0.00      0.15      0.01      0.03     98.96
03時00分02秒     all      0.59      0.00      0.11      0.01      0.02     99.27
04時00分02秒     all      0.34      0.00      0.07      0.00      0.03     99.56
05時00分02秒     all      0.38      0.00      0.08      0.00      0.03     99.51
平均値:      all      2.38      0.00      0.35      0.04      0.04     97.19

-------------------- Logged in user --------------------
k58f0cec 2018-05-22 09:18
k69437db 2018-05-27 22:43

==================== 2018-05-28 08:55:01 ====================

-------------------- uptime --------------------
 08:55:01 up 325 days, 21:44,  1 user,  load average: 0.01, 0.05, 0.05

-------------------- System info --------------------
Linux sakura-tokyo-prod 3.10.0-514.26.2.el7.x86_64 #1 SMP Tue Jul 4 15:04:05 UTC 2017 x86_64 x86_64 x86_64 GNU/Linux

-------------------- Storage usage --------------------
ファイルシス   サイズ  使用  残り 使用% マウント位置
/dev/vda4         96G  6.7G   89G    7% /
devtmpfs         2.0G     0  2.0G    0% /dev
tmpfs            2.0G     0  2.0G    0% /dev/shm
tmpfs            2.0G  1.2G  842M   58% /run
tmpfs            2.0G     0  2.0G    0% /sys/fs/cgroup
/dev/vda2        497M  217M  280M   44% /boot
tmpfs            396M     0  396M    0% /run/user/0
tmpfs            396M     0  396M    0% /run/user/1001

-------------------- System load --------------------
Linux 3.10.0-514.26.2.el7.x86_64 (sakura-tokyo-prod) 	2018年05月28日 	_x86_64_	(4 CPU)

00時00分02秒     CPU     %user     %nice   %system   %iowait    %steal     %idle
01時00分02秒     all      9.76      0.00      1.36      0.15      0.08     88.64
02時00分02秒     all      0.85      0.00      0.15      0.01      0.03     98.96
03時00分02秒     all      0.59      0.00      0.11      0.01      0.02     99.27
04時00分02秒     all      0.34      0.00      0.07      0.00      0.03     99.56
05時00分02秒     all      0.38      0.00      0.08      0.00      0.03     99.51
06時00分01秒     all      0.34      0.00      0.07      0.01      0.03     99.55
07時00分02秒     all      0.35      0.00      0.08      0.01      0.03     99.53
08時00分01秒     all      0.07      0.00      0.04      0.00      0.03     99.86
平均値:      all      1.58      0.00      0.24      0.02      0.04     98.11

-------------------- Logged in user --------------------
k8c652dc 2018-05-22 09:18

==================== 2018-05-28 11:55:01 ====================

-------------------- uptime --------------------
 11:55:01 up 326 days, 44 min,  1 user,  load average: 0.00, 0.01, 0.05

-------------------- System info --------------------
Linux sakura-tokyo-prod 3.10.0-514.26.2.el7.x86_64 #1 SMP Tue Jul 4 15:04:05 UTC 2017 x86_64 x86_64 x86_64 GNU/Linux

-------------------- Storage usage --------------------
ファイルシス   サイズ  使用  残り 使用% マウント位置
/dev/vda4         96G  6.7G   89G    7% /
devtmpfs         2.0G     0  2.0G    0% /dev
tmpfs            2.0G     0  2.0G    0% /dev/shm
tmpfs            2.0G  1.2G  842M   58% /run
tmpfs            2.0G     0  2.0G    0% /sys/fs/cgroup
/dev/vda2        497M  217M  280M   44% /boot
tmpfs            396M     0  396M    0% /run/user/0
tmpfs            396M     0  396M    0% /run/user/1001

-------------------- System load --------------------
Linux 3.10.0-514.26.2.el7.x86_64 (sakura-tokyo-prod) 	2018年05月28日 	_x86_64_	(4 CPU)

00時00分02秒     CPU     %user     %nice   %system   %iowait    %steal     %idle
01時00分02秒     all      9.76      0.00      1.36      0.15      0.08     88.64
02時00分02秒     all      0.85      0.00      0.15      0.01      0.03     98.96
03時00分02秒     all      0.59      0.00      0.11      0.01      0.02     99.27
04時00分02秒     all      0.34      0.00      0.07      0.00      0.03     99.56
05時00分02秒     all      0.38      0.00      0.08      0.00      0.03     99.51
06時00分01秒     all      0.34      0.00      0.07      0.01      0.03     99.55
07時00分02秒     all      0.35      0.00      0.08      0.01      0.03     99.53
08時00分01秒     all      0.07      0.00      0.04      0.00      0.03     99.86
09時00分02秒     all      0.33      0.00      0.07      0.00      0.04     99.55
10時00分01秒     all      0.09      0.00      0.05      0.00      0.03     99.83
11時00分02秒     all      0.60      0.00      0.12      0.01      0.05     99.23
平均値:      all      1.24      0.00      0.20      0.02      0.04     98.50

-------------------- Logged in user --------------------
k30de672 2018-05-22 09:18

==================== 2018-05-28 14:55:01 ====================

-------------------- uptime --------------------
 14:55:01 up 326 days,  3:44,  1 user,  load average: 0.02, 0.05, 0.05

-------------------- System info --------------------
Linux sakura-tokyo-prod 3.10.0-514.26.2.el7.x86_64 #1 SMP Tue Jul 4 15:04:05 UTC 2017 x86_64 x86_64 x86_64 GNU/Linux

-------------------- Storage usage --------------------
ファイルシス   サイズ  使用  残り 使用% マウント位置
/dev/vda4         96G  6.7G   89G    7% /
devtmpfs         2.0G     0  2.0G    0% /dev
tmpfs            2.0G     0  2.0G    0% /dev/shm
tmpfs            2.0G  1.2G  842M   58% /run
tmpfs            2.0G     0  2.0G    0% /sys/fs/cgroup
/dev/vda2        497M  217M  280M   44% /boot
tmpfs            396M     0  396M    0% /run/user/0
tmpfs            396M     0  396M    0% /run/user/1001

-------------------- System load --------------------
Linux 3.10.0-514.26.2.el7.x86_64 (sakura-tokyo-prod) 	2018年05月28日 	_x86_64_	(4 CPU)

00時00分02秒     CPU     %user     %nice   %system   %iowait    %steal     %idle
01時00分02秒     all      9.76      0.00      1.36      0.15      0.08     88.64
02時00分02秒     all      0.85      0.00      0.15      0.01      0.03     98.96
03時00分02秒     all      0.59      0.00      0.11      0.01      0.02     99.27
04時00分02秒     all      0.34      0.00      0.07      0.00      0.03     99.56
05時00分02秒     all      0.38      0.00      0.08      0.00      0.03     99.51
06時00分01秒     all      0.34      0.00      0.07      0.01      0.03     99.55
07時00分02秒     all      0.35      0.00      0.08      0.01      0.03     99.53
08時00分01秒     all      0.07      0.00      0.04      0.00      0.03     99.86
09時00分02秒     all      0.33      0.00      0.07      0.00      0.04     99.55
10時00分01秒     all      0.09      0.00      0.05      0.00      0.03     99.83
11時00分02秒     all      0.60      0.00      0.12      0.01      0.05     99.23
12時00分01秒     all      0.08      0.00      0.05      0.00      0.03     99.83
13時00分02秒     all      0.35      0.00      0.08      0.00      0.03     99.54
14時00分02秒     all      0.61      0.00      0.10      0.01      0.04     99.23
平均値:      all      1.05      0.00      0.17      0.02      0.04     98.72

-------------------- Logged in user --------------------
k62af183 2018-05-22 09:18

==================== 2018-05-28 17:55:01 ====================

-------------------- uptime --------------------
 17:55:01 up 326 days,  6:44,  1 user,  load average: 0.05, 0.07, 0.06

-------------------- System info --------------------
Linux sakura-tokyo-prod 3.10.0-514.26.2.el7.x86_64 #1 SMP Tue Jul 4 15:04:05 UTC 2017 x86_64 x86_64 x86_64 GNU/Linux

-------------------- Storage usage --------------------
ファイルシス   サイズ  使用  残り 使用% マウント位置
/dev/vda4         96G  6.7G   89G    7% /
devtmpfs         2.0G     0  2.0G    0% /dev
tmpfs            2.0G     0  2.0G    0% /dev/shm
tmpfs            2.0G  1.2G  842M   58% /run
tmpfs            2.0G     0  2.0G    0% /sys/fs/cgroup
/dev/vda2        497M  217M  280M   44% /boot
tmpfs            396M     0  396M    0% /run/user/0
tmpfs            396M     0  396M    0% /run/user/1001

-------------------- System load --------------------
Linux 3.10.0-514.26.2.el7.x86_64 (sakura-tokyo-prod) 	2018年05月28日 	_x86_64_	(4 CPU)

00時00分02秒     CPU     %user     %nice   %system   %iowait    %steal     %idle
01時00分02秒     all      9.76      0.00      1.36      0.15      0.08     88.64
02時00分02秒     all      0.85      0.00      0.15      0.01      0.03     98.96
03時00分02秒     all      0.59      0.00      0.11      0.01      0.02     99.27
04時00分02秒     all      0.34      0.00      0.07      0.00      0.03     99.56
05時00分02秒     all      0.38      0.00      0.08      0.00      0.03     99.51
06時00分01秒     all      0.34      0.00      0.07      0.01      0.03     99.55
07時00分02秒     all      0.35      0.00      0.08      0.01      0.03     99.53
08時00分01秒     all      0.07      0.00      0.04      0.00      0.03     99.86
09時00分02秒     all      0.33      0.00      0.07      0.00      0.04     99.55
10時00分01秒     all      0.09      0.00      0.05      0.00      0.03     99.83
11時00分02秒     all      0.60      0.00      0.12      0.01      0.05     99.23
12時00分01秒     all      0.08      0.00      0.05      0.00      0.03     99.83
13時00分02秒     all      0.35      0.00      0.08      0.00      0.03     99.54
14時00分02秒     all      0.61      0.00      0.10      0.01      0.04     99.23
15時00分02秒     all      0.35      0.00      0.08      0.01      0.03     99.54
16時00分02秒     all      0.08      0.00      0.03      0.00      0.04     99.84
17時00分02秒     all      0.60      0.00      0.11      0.00      0.05     99.24
平均値:      all      0.93      0.00      0.15      0.01      0.04     98.87

-------------------- Logged in user --------------------
k20e2540 2018-05-22 09:18

