==================== 2018-05-29 02:55:01 ====================

-------------------- uptime --------------------
 02:55:01 up 326 days, 15:44,  1 user,  load average: 0.24, 0.23, 0.13

-------------------- System info --------------------
Linux sakura-tokyo-prod 3.10.0-514.26.2.el7.x86_64 #1 SMP Tue Jul 4 15:04:05 UTC 2017 x86_64 x86_64 x86_64 GNU/Linux

-------------------- Storage usage --------------------
ファイルシス   サイズ  使用  残り 使用% マウント位置
/dev/vda4         96G  6.7G   89G    7% /
devtmpfs         2.0G     0  2.0G    0% /dev
tmpfs            2.0G     0  2.0G    0% /dev/shm
tmpfs            2.0G  1.2G  841M   58% /run
tmpfs            2.0G     0  2.0G    0% /sys/fs/cgroup
/dev/vda2        497M  217M  280M   44% /boot
tmpfs            396M     0  396M    0% /run/user/0
tmpfs            396M     0  396M    0% /run/user/1001

-------------------- System load --------------------
Linux 3.10.0-514.26.2.el7.x86_64 (sakura-tokyo-prod) 	2018年05月29日 	_x86_64_	(4 CPU)

00時00分02秒     CPU     %user     %nice   %system   %iowait    %steal     %idle
01時00分02秒     all      8.11      0.00      1.10      0.12      0.05     90.62
02時00分02秒     all      0.60      0.00      0.12      0.01      0.02     99.25
平均値:      all      4.35      0.00      0.61      0.06      0.04     94.94

-------------------- Logged in user --------------------
kace28d1 2018-05-22 09:18

==================== 2018-05-29 05:55:01 ====================

-------------------- uptime --------------------
 05:55:01 up 326 days, 18:44,  1 user,  load average: 0.00, 0.05, 0.06

-------------------- System info --------------------
Linux sakura-tokyo-prod 3.10.0-514.26.2.el7.x86_64 #1 SMP Tue Jul 4 15:04:05 UTC 2017 x86_64 x86_64 x86_64 GNU/Linux

-------------------- Storage usage --------------------
ファイルシス   サイズ  使用  残り 使用% マウント位置
/dev/vda4         96G  6.7G   89G    7% /
devtmpfs         2.0G     0  2.0G    0% /dev
tmpfs            2.0G     0  2.0G    0% /dev/shm
tmpfs            2.0G  1.2G  841M   58% /run
tmpfs            2.0G     0  2.0G    0% /sys/fs/cgroup
/dev/vda2        497M  217M  280M   44% /boot
tmpfs            396M     0  396M    0% /run/user/0
tmpfs            396M     0  396M    0% /run/user/1001

-------------------- System load --------------------
Linux 3.10.0-514.26.2.el7.x86_64 (sakura-tokyo-prod) 	2018年05月29日 	_x86_64_	(4 CPU)

00時00分02秒     CPU     %user     %nice   %system   %iowait    %steal     %idle
01時00分02秒     all      8.11      0.00      1.10      0.12      0.05     90.62
02時00分02秒     all      0.60      0.00      0.12      0.01      0.02     99.25
03時00分02秒     all      0.89      0.00      0.15      0.01      0.03     98.92
04時00分02秒     all      0.08      0.00      0.04      0.00      0.02     99.86
05時00分02秒     all      0.34      0.00      0.07      0.01      0.02     99.56
平均値:      all      2.00      0.00      0.30      0.03      0.03     97.64

-------------------- Logged in user --------------------
k5678d84 2018-05-22 09:18

==================== 2018-05-29 08:55:02 ====================

-------------------- uptime --------------------
 08:55:02 up 326 days, 21:44,  1 user,  load average: 0.02, 0.06, 0.06

-------------------- System info --------------------
Linux sakura-tokyo-prod 3.10.0-514.26.2.el7.x86_64 #1 SMP Tue Jul 4 15:04:05 UTC 2017 x86_64 x86_64 x86_64 GNU/Linux

-------------------- Storage usage --------------------
ファイルシス   サイズ  使用  残り 使用% マウント位置
/dev/vda4         96G  6.7G   89G    7% /
devtmpfs         2.0G     0  2.0G    0% /dev
tmpfs            2.0G     0  2.0G    0% /dev/shm
tmpfs            2.0G  1.2G  841M   58% /run
tmpfs            2.0G     0  2.0G    0% /sys/fs/cgroup
/dev/vda2        497M  217M  280M   44% /boot
tmpfs            396M     0  396M    0% /run/user/0
tmpfs            396M     0  396M    0% /run/user/1001

-------------------- System load --------------------
Linux 3.10.0-514.26.2.el7.x86_64 (sakura-tokyo-prod) 	2018年05月29日 	_x86_64_	(4 CPU)

00時00分02秒     CPU     %user     %nice   %system   %iowait    %steal     %idle
01時00分02秒     all      8.11      0.00      1.10      0.12      0.05     90.62
02時00分02秒     all      0.60      0.00      0.12      0.01      0.02     99.25
03時00分02秒     all      0.89      0.00      0.15      0.01      0.03     98.92
04時00分02秒     all      0.08      0.00      0.04      0.00      0.02     99.86
05時00分02秒     all      0.34      0.00      0.07      0.01      0.02     99.56
06時00分02秒     all      0.61      0.00      0.11      0.01      0.03     99.24
07時00分02秒     all      1.03      0.00      0.18      0.02      0.04     98.74
08時00分02秒     all      0.35      0.00      0.07      0.01      0.02     99.54
平均値:      all      1.50      0.00      0.23      0.02      0.03     98.22

-------------------- Logged in user --------------------
k79bed7c 2018-05-22 09:18

==================== 2018-05-29 11:55:01 ====================

-------------------- uptime --------------------
 11:55:01 up 327 days, 44 min,  1 user,  load average: 0.20, 0.24, 0.14

-------------------- System info --------------------
Linux sakura-tokyo-prod 3.10.0-514.26.2.el7.x86_64 #1 SMP Tue Jul 4 15:04:05 UTC 2017 x86_64 x86_64 x86_64 GNU/Linux

-------------------- Storage usage --------------------
ファイルシス   サイズ  使用  残り 使用% マウント位置
/dev/vda4         96G  6.7G   89G    7% /
devtmpfs         2.0G     0  2.0G    0% /dev
tmpfs            2.0G     0  2.0G    0% /dev/shm
tmpfs            2.0G  1.2G  841M   58% /run
tmpfs            2.0G     0  2.0G    0% /sys/fs/cgroup
/dev/vda2        497M  217M  280M   44% /boot
tmpfs            396M     0  396M    0% /run/user/0
tmpfs            396M     0  396M    0% /run/user/1001

-------------------- System load --------------------
Linux 3.10.0-514.26.2.el7.x86_64 (sakura-tokyo-prod) 	2018年05月29日 	_x86_64_	(4 CPU)

00時00分02秒     CPU     %user     %nice   %system   %iowait    %steal     %idle
01時00分02秒     all      8.11      0.00      1.10      0.12      0.05     90.62
02時00分02秒     all      0.60      0.00      0.12      0.01      0.02     99.25
03時00分02秒     all      0.89      0.00      0.15      0.01      0.03     98.92
04時00分02秒     all      0.08      0.00      0.04      0.00      0.02     99.86
05時00分02秒     all      0.34      0.00      0.07      0.01      0.02     99.56
06時00分02秒     all      0.61      0.00      0.11      0.01      0.03     99.24
07時00分02秒     all      1.03      0.00      0.18      0.02      0.04     98.74
08時00分02秒     all      0.35      0.00      0.07      0.01      0.02     99.54
09時00分02秒     all      1.46      0.00      0.22      0.02      0.04     98.26
10時00分02秒     all      0.34      0.00      0.07      0.00      0.04     99.55
11時00分02秒     all      0.33      0.00      0.07      0.00      0.03     99.56
平均値:      all      1.28      0.00      0.20      0.02      0.03     98.47

-------------------- Logged in user --------------------
k9839eb1 2018-05-22 09:18

==================== 2018-05-29 14:55:01 ====================

-------------------- uptime --------------------
 14:55:01 up 327 days,  3:44,  0 users,  load average: 0.00, 0.04, 0.05

-------------------- System info --------------------
Linux sakura-tokyo-prod 3.10.0-514.26.2.el7.x86_64 #1 SMP Tue Jul 4 15:04:05 UTC 2017 x86_64 x86_64 x86_64 GNU/Linux

-------------------- Storage usage --------------------
ファイルシス   サイズ  使用  残り 使用% マウント位置
/dev/vda4         96G  6.7G   89G    7% /
devtmpfs         2.0G     0  2.0G    0% /dev
tmpfs            2.0G     0  2.0G    0% /dev/shm
tmpfs            2.0G  1.2G  841M   58% /run
tmpfs            2.0G     0  2.0G    0% /sys/fs/cgroup
/dev/vda2        497M  217M  280M   44% /boot
tmpfs            396M     0  396M    0% /run/user/0
tmpfs            396M     0  396M    0% /run/user/1001

-------------------- System load --------------------
Linux 3.10.0-514.26.2.el7.x86_64 (sakura-tokyo-prod) 	2018年05月29日 	_x86_64_	(4 CPU)

00時00分02秒     CPU     %user     %nice   %system   %iowait    %steal     %idle
01時00分02秒     all      8.11      0.00      1.10      0.12      0.05     90.62
02時00分02秒     all      0.60      0.00      0.12      0.01      0.02     99.25
03時00分02秒     all      0.89      0.00      0.15      0.01      0.03     98.92
04時00分02秒     all      0.08      0.00      0.04      0.00      0.02     99.86
05時00分02秒     all      0.34      0.00      0.07      0.01      0.02     99.56
06時00分02秒     all      0.61      0.00      0.11      0.01      0.03     99.24
07時00分02秒     all      1.03      0.00      0.18      0.02      0.04     98.74
08時00分02秒     all      0.35      0.00      0.07      0.01      0.02     99.54
09時00分02秒     all      1.46      0.00      0.22      0.02      0.04     98.26
10時00分02秒     all      0.34      0.00      0.07      0.00      0.04     99.55
11時00分02秒     all      0.33      0.00      0.07      0.00      0.03     99.56
12時00分02秒     all      0.53      0.00      0.11      0.01      0.04     99.32
13時00分02秒     all      0.61      0.00      0.12      0.01      0.05     99.21
14時00分02秒     all      0.09      0.00      0.04      0.00      0.04     99.83
平均値:      all      1.10      0.00      0.18      0.02      0.03     98.68

-------------------- Logged in user --------------------


==================== 2018-05-29 17:55:01 ====================

-------------------- uptime --------------------
 17:55:01 up 327 days,  6:44,  1 user,  load average: 0.13, 0.31, 0.24

-------------------- System info --------------------
Linux sakura-tokyo-prod 3.10.0-514.26.2.el7.x86_64 #1 SMP Tue Jul 4 15:04:05 UTC 2017 x86_64 x86_64 x86_64 GNU/Linux

-------------------- Storage usage --------------------
ファイルシス   サイズ  使用  残り 使用% マウント位置
/dev/vda4         96G  6.7G   89G    7% /
devtmpfs         2.0G     0  2.0G    0% /dev
tmpfs            2.0G     0  2.0G    0% /dev/shm
tmpfs            2.0G  1.2G  833M   58% /run
tmpfs            2.0G     0  2.0G    0% /sys/fs/cgroup
/dev/vda2        497M  217M  280M   44% /boot
tmpfs            396M     0  396M    0% /run/user/0
tmpfs            396M     0  396M    0% /run/user/1001

-------------------- System load --------------------
Linux 3.10.0-514.26.2.el7.x86_64 (sakura-tokyo-prod) 	2018年05月29日 	_x86_64_	(4 CPU)

00時00分02秒     CPU     %user     %nice   %system   %iowait    %steal     %idle
01時00分02秒     all      8.11      0.00      1.10      0.12      0.05     90.62
02時00分02秒     all      0.60      0.00      0.12      0.01      0.02     99.25
03時00分02秒     all      0.89      0.00      0.15      0.01      0.03     98.92
04時00分02秒     all      0.08      0.00      0.04      0.00      0.02     99.86
05時00分02秒     all      0.34      0.00      0.07      0.01      0.02     99.56
06時00分02秒     all      0.61      0.00      0.11      0.01      0.03     99.24
07時00分02秒     all      1.03      0.00      0.18      0.02      0.04     98.74
08時00分02秒     all      0.35      0.00      0.07      0.01      0.02     99.54
09時00分02秒     all      1.46      0.00      0.22      0.02      0.04     98.26
10時00分02秒     all      0.34      0.00      0.07      0.00      0.04     99.55
11時00分02秒     all      0.33      0.00      0.07      0.00      0.03     99.56
12時00分02秒     all      0.53      0.00      0.11      0.01      0.04     99.32
13時00分02秒     all      0.61      0.00      0.12      0.01      0.05     99.21
14時00分02秒     all      0.09      0.00      0.04      0.00      0.04     99.83
15時00分02秒     all      0.34      0.00      0.08      0.00      0.04     99.54
16時00分02秒     all      0.34      0.00      0.07      0.00      0.04     99.54
17時00分02秒     all      0.60      0.00      0.12      0.01      0.04     99.23
平均値:      all      0.98      0.00      0.16      0.01      0.03     98.81

-------------------- Logged in user --------------------
k3fbd3dc 2018-05-29 17:35

==================== 2018-05-29 20:55:01 ====================

-------------------- uptime --------------------
 20:55:01 up 327 days,  9:44,  0 users,  load average: 0.06, 0.10, 0.13

-------------------- System info --------------------
Linux sakura-tokyo-prod 3.10.0-514.26.2.el7.x86_64 #1 SMP Tue Jul 4 15:04:05 UTC 2017 x86_64 x86_64 x86_64 GNU/Linux

-------------------- Storage usage --------------------
ファイルシス   サイズ  使用  残り 使用% マウント位置
/dev/vda4         96G  6.7G   89G    7% /
devtmpfs         2.0G     0  2.0G    0% /dev
tmpfs            2.0G     0  2.0G    0% /dev/shm
tmpfs            2.0G  1.2G  833M   58% /run
tmpfs            2.0G     0  2.0G    0% /sys/fs/cgroup
/dev/vda2        497M  217M  280M   44% /boot
tmpfs            396M     0  396M    0% /run/user/0
tmpfs            396M     0  396M    0% /run/user/1001

-------------------- System load --------------------
Linux 3.10.0-514.26.2.el7.x86_64 (sakura-tokyo-prod) 	2018年05月29日 	_x86_64_	(4 CPU)

00時00分02秒     CPU     %user     %nice   %system   %iowait    %steal     %idle
01時00分02秒     all      8.11      0.00      1.10      0.12      0.05     90.62
02時00分02秒     all      0.60      0.00      0.12      0.01      0.02     99.25
03時00分02秒     all      0.89      0.00      0.15      0.01      0.03     98.92
04時00分02秒     all      0.08      0.00      0.04      0.00      0.02     99.86
05時00分02秒     all      0.34      0.00      0.07      0.01      0.02     99.56
06時00分02秒     all      0.61      0.00      0.11      0.01      0.03     99.24
07時00分02秒     all      1.03      0.00      0.18      0.02      0.04     98.74
08時00分02秒     all      0.35      0.00      0.07      0.01      0.02     99.54
09時00分02秒     all      1.46      0.00      0.22      0.02      0.04     98.26
10時00分02秒     all      0.34      0.00      0.07      0.00      0.04     99.55
11時00分02秒     all      0.33      0.00      0.07      0.00      0.03     99.56
12時00分02秒     all      0.53      0.00      0.11      0.01      0.04     99.32
13時00分02秒     all      0.61      0.00      0.12      0.01      0.05     99.21
14時00分02秒     all      0.09      0.00      0.04      0.00      0.04     99.83
15時00分02秒     all      0.34      0.00      0.08      0.00      0.04     99.54
16時00分02秒     all      0.34      0.00      0.07      0.00      0.04     99.54
17時00分02秒     all      0.60      0.00      0.12      0.01      0.04     99.23
18時00分02秒     all      3.91      0.00      0.55      0.06      0.07     95.41
19時00分02秒     all      6.18      0.00      0.89      0.10      0.10     92.74
20時00分02秒     all     12.31      0.00      1.70      0.18      0.12     85.68
平均値:      all      1.95      0.00      0.29      0.03      0.04     97.68

-------------------- Logged in user --------------------


==================== 2018-05-29 23:55:01 ====================

-------------------- uptime --------------------
 23:55:01 up 327 days, 12:44,  0 users,  load average: 0.00, 0.01, 0.05

-------------------- System info --------------------
Linux sakura-tokyo-prod 3.10.0-514.26.2.el7.x86_64 #1 SMP Tue Jul 4 15:04:05 UTC 2017 x86_64 x86_64 x86_64 GNU/Linux

-------------------- Storage usage --------------------
ファイルシス   サイズ  使用  残り 使用% マウント位置
/dev/vda4         96G  6.7G   89G    7% /
devtmpfs         2.0G     0  2.0G    0% /dev
tmpfs            2.0G     0  2.0G    0% /dev/shm
tmpfs            2.0G  1.2G  833M   58% /run
tmpfs            2.0G     0  2.0G    0% /sys/fs/cgroup
/dev/vda2        497M  217M  280M   44% /boot
tmpfs            396M     0  396M    0% /run/user/0
tmpfs            396M     0  396M    0% /run/user/1001

-------------------- System load --------------------
Linux 3.10.0-514.26.2.el7.x86_64 (sakura-tokyo-prod) 	2018年05月29日 	_x86_64_	(4 CPU)

00時00分02秒     CPU     %user     %nice   %system   %iowait    %steal     %idle
01時00分02秒     all      8.11      0.00      1.10      0.12      0.05     90.62
02時00分02秒     all      0.60      0.00      0.12      0.01      0.02     99.25
03時00分02秒     all      0.89      0.00      0.15      0.01      0.03     98.92
04時00分02秒     all      0.08      0.00      0.04      0.00      0.02     99.86
05時00分02秒     all      0.34      0.00      0.07      0.01      0.02     99.56
06時00分02秒     all      0.61      0.00      0.11      0.01      0.03     99.24
07時00分02秒     all      1.03      0.00      0.18      0.02      0.04     98.74
08時00分02秒     all      0.35      0.00      0.07      0.01      0.02     99.54
09時00分02秒     all      1.46      0.00      0.22      0.02      0.04     98.26
10時00分02秒     all      0.34      0.00      0.07      0.00      0.04     99.55
11時00分02秒     all      0.33      0.00      0.07      0.00      0.03     99.56
12時00分02秒     all      0.53      0.00      0.11      0.01      0.04     99.32
13時00分02秒     all      0.61      0.00      0.12      0.01      0.05     99.21
14時00分02秒     all      0.09      0.00      0.04      0.00      0.04     99.83
15時00分02秒     all      0.34      0.00      0.08      0.00      0.04     99.54
16時00分02秒     all      0.34      0.00      0.07      0.00      0.04     99.54
17時00分02秒     all      0.60      0.00      0.12      0.01      0.04     99.23
18時00分02秒     all      3.91      0.00      0.55      0.06      0.07     95.41
19時00分02秒     all      6.18      0.00      0.89      0.10      0.10     92.74
20時00分02秒     all     12.31      0.00      1.70      0.18      0.12     85.68
21時00分02秒     all      6.26      0.00      0.88      0.09      0.07     92.70
22時00分02秒     all      1.36      0.00      0.21      0.02      0.04     98.37
23時00分01秒     all      0.58      0.00      0.10      0.01      0.04     99.27
平均値:      all      2.05      0.00      0.31      0.03      0.04     97.57

-------------------- Logged in user --------------------


