==================== 2018-05-31 02:55:01 ====================

-------------------- uptime --------------------
 02:55:01 up 328 days, 15:44,  0 users,  load average: 0.23, 0.31, 0.31

-------------------- System info --------------------
Linux sakura-tokyo-prod 3.10.0-514.26.2.el7.x86_64 #1 SMP Tue Jul 4 15:04:05 UTC 2017 x86_64 x86_64 x86_64 GNU/Linux

-------------------- Storage usage --------------------
ファイルシス   サイズ  使用  残り 使用% マウント位置
/dev/vda4         96G  6.7G   89G    7% /
devtmpfs         2.0G     0  2.0G    0% /dev
tmpfs            2.0G     0  2.0G    0% /dev/shm
tmpfs            2.0G  1.2G  832M   58% /run
tmpfs            2.0G     0  2.0G    0% /sys/fs/cgroup
/dev/vda2        497M  217M  280M   44% /boot
tmpfs            396M     0  396M    0% /run/user/0
tmpfs            396M     0  396M    0% /run/user/1001

-------------------- System load --------------------
Linux 3.10.0-514.26.2.el7.x86_64 (sakura-tokyo-prod) 	2018年05月31日 	_x86_64_	(4 CPU)

00時00分02秒     CPU     %user     %nice   %system   %iowait    %steal     %idle
01時00分02秒     all      7.66      0.00      1.03      0.12      0.07     91.12
02時00分02秒     all      7.65      0.00      1.01      0.11      0.06     91.18
平均値:      all      7.65      0.00      1.02      0.11      0.07     91.15

-------------------- Logged in user --------------------


==================== 2018-05-31 05:55:02 ====================

-------------------- uptime --------------------
 05:55:02 up 328 days, 18:44,  0 users,  load average: 0.20, 0.28, 0.31

-------------------- System info --------------------
Linux sakura-tokyo-prod 3.10.0-514.26.2.el7.x86_64 #1 SMP Tue Jul 4 15:04:05 UTC 2017 x86_64 x86_64 x86_64 GNU/Linux

-------------------- Storage usage --------------------
ファイルシス   サイズ  使用  残り 使用% マウント位置
/dev/vda4         96G  6.7G   89G    7% /
devtmpfs         2.0G     0  2.0G    0% /dev
tmpfs            2.0G     0  2.0G    0% /dev/shm
tmpfs            2.0G  1.2G  839M   58% /run
tmpfs            2.0G     0  2.0G    0% /sys/fs/cgroup
/dev/vda2        497M  217M  280M   44% /boot
tmpfs            396M     0  396M    0% /run/user/0
tmpfs            396M     0  396M    0% /run/user/1001

-------------------- System load --------------------
Linux 3.10.0-514.26.2.el7.x86_64 (sakura-tokyo-prod) 	2018年05月31日 	_x86_64_	(4 CPU)

00時00分02秒     CPU     %user     %nice   %system   %iowait    %steal     %idle
01時00分02秒     all      7.66      0.00      1.03      0.12      0.07     91.12
02時00分02秒     all      7.65      0.00      1.01      0.11      0.06     91.18
03時00分02秒     all      7.56      0.00      1.01      0.11      0.05     91.26
04時00分02秒     all      7.62      0.00      0.98      0.11      0.07     91.22
05時00分02秒     all      7.72      0.00      1.02      0.12      0.07     91.08
平均値:      all      7.64      0.00      1.01      0.11      0.06     91.17

-------------------- Logged in user --------------------


==================== 2018-05-31 08:55:01 ====================

-------------------- uptime --------------------
 08:55:01 up 328 days, 21:44,  0 users,  load average: 0.05, 0.04, 0.05

-------------------- System info --------------------
Linux sakura-tokyo-prod 3.10.0-514.26.2.el7.x86_64 #1 SMP Tue Jul 4 15:04:05 UTC 2017 x86_64 x86_64 x86_64 GNU/Linux

-------------------- Storage usage --------------------
ファイルシス   サイズ  使用  残り 使用% マウント位置
/dev/vda4         96G  6.7G   89G    7% /
devtmpfs         2.0G     0  2.0G    0% /dev
tmpfs            2.0G     0  2.0G    0% /dev/shm
tmpfs            2.0G  1.2G  839M   58% /run
tmpfs            2.0G     0  2.0G    0% /sys/fs/cgroup
/dev/vda2        497M  217M  280M   44% /boot
tmpfs            396M     0  396M    0% /run/user/0
tmpfs            396M     0  396M    0% /run/user/1001

-------------------- System load --------------------
Linux 3.10.0-514.26.2.el7.x86_64 (sakura-tokyo-prod) 	2018年05月31日 	_x86_64_	(4 CPU)

00時00分02秒     CPU     %user     %nice   %system   %iowait    %steal     %idle
01時00分02秒     all      7.66      0.00      1.03      0.12      0.07     91.12
02時00分02秒     all      7.65      0.00      1.01      0.11      0.06     91.18
03時00分02秒     all      7.56      0.00      1.01      0.11      0.05     91.26
04時00分02秒     all      7.62      0.00      0.98      0.11      0.07     91.22
05時00分02秒     all      7.72      0.00      1.02      0.12      0.07     91.08
06時00分02秒     all      7.70      0.00      1.02      0.12      0.06     91.11
07時00分02秒     all      7.66      0.00      1.00      0.11      0.05     91.18
08時00分02秒     all      7.50      0.00      0.99      0.12      0.07     91.31
平均値:      all      7.63      0.00      1.01      0.11      0.06     91.18

-------------------- Logged in user --------------------


==================== 2018-05-31 11:55:01 ====================

-------------------- uptime --------------------
 11:55:01 up 329 days, 44 min,  1 user,  load average: 0.00, 0.01, 0.05

-------------------- System info --------------------
Linux sakura-tokyo-prod 3.10.0-514.26.2.el7.x86_64 #1 SMP Tue Jul 4 15:04:05 UTC 2017 x86_64 x86_64 x86_64 GNU/Linux

-------------------- Storage usage --------------------
ファイルシス   サイズ  使用  残り 使用% マウント位置
/dev/vda4         96G  6.7G   89G    7% /
devtmpfs         2.0G     0  2.0G    0% /dev
tmpfs            2.0G     0  2.0G    0% /dev/shm
tmpfs            2.0G  1.2G  839M   58% /run
tmpfs            2.0G     0  2.0G    0% /sys/fs/cgroup
/dev/vda2        497M  217M  280M   44% /boot
tmpfs            396M     0  396M    0% /run/user/0
tmpfs            396M     0  396M    0% /run/user/1001

-------------------- System load --------------------
Linux 3.10.0-514.26.2.el7.x86_64 (sakura-tokyo-prod) 	2018年05月31日 	_x86_64_	(4 CPU)

00時00分02秒     CPU     %user     %nice   %system   %iowait    %steal     %idle
01時00分02秒     all      7.66      0.00      1.03      0.12      0.07     91.12
02時00分02秒     all      7.65      0.00      1.01      0.11      0.06     91.18
03時00分02秒     all      7.56      0.00      1.01      0.11      0.05     91.26
04時00分02秒     all      7.62      0.00      0.98      0.11      0.07     91.22
05時00分02秒     all      7.72      0.00      1.02      0.12      0.07     91.08
06時00分02秒     all      7.70      0.00      1.02      0.12      0.06     91.11
07時00分02秒     all      7.66      0.00      1.00      0.11      0.05     91.18
08時00分02秒     all      7.50      0.00      0.99      0.12      0.07     91.31
09時00分01秒     all      2.55      0.00      0.35      0.04      0.04     97.03
10時00分02秒     all      0.60      0.00      0.12      0.01      0.04     99.23
11時00分02秒     all      0.84      0.00      0.14      0.01      0.04     98.97
平均値:      all      5.91      0.00      0.79      0.09      0.06     93.16

-------------------- Logged in user --------------------
kfc46373 2018-05-31 09:07

==================== 2018-05-31 14:55:01 ====================

-------------------- uptime --------------------
 14:55:01 up 329 days,  3:44,  1 user,  load average: 0.00, 0.01, 0.05

-------------------- System info --------------------
Linux sakura-tokyo-prod 3.10.0-514.26.2.el7.x86_64 #1 SMP Tue Jul 4 15:04:05 UTC 2017 x86_64 x86_64 x86_64 GNU/Linux

-------------------- Storage usage --------------------
ファイルシス   サイズ  使用  残り 使用% マウント位置
/dev/vda4         96G  6.7G   89G    7% /
devtmpfs         2.0G     0  2.0G    0% /dev
tmpfs            2.0G     0  2.0G    0% /dev/shm
tmpfs            2.0G  1.2G  839M   58% /run
tmpfs            2.0G     0  2.0G    0% /sys/fs/cgroup
/dev/vda2        497M  217M  280M   44% /boot
tmpfs            396M     0  396M    0% /run/user/0
tmpfs            396M     0  396M    0% /run/user/1001

-------------------- System load --------------------
Linux 3.10.0-514.26.2.el7.x86_64 (sakura-tokyo-prod) 	2018年05月31日 	_x86_64_	(4 CPU)

00時00分02秒     CPU     %user     %nice   %system   %iowait    %steal     %idle
01時00分02秒     all      7.66      0.00      1.03      0.12      0.07     91.12
02時00分02秒     all      7.65      0.00      1.01      0.11      0.06     91.18
03時00分02秒     all      7.56      0.00      1.01      0.11      0.05     91.26
04時00分02秒     all      7.62      0.00      0.98      0.11      0.07     91.22
05時00分02秒     all      7.72      0.00      1.02      0.12      0.07     91.08
06時00分02秒     all      7.70      0.00      1.02      0.12      0.06     91.11
07時00分02秒     all      7.66      0.00      1.00      0.11      0.05     91.18
08時00分02秒     all      7.50      0.00      0.99      0.12      0.07     91.31
09時00分01秒     all      2.55      0.00      0.35      0.04      0.04     97.03
10時00分02秒     all      0.60      0.00      0.12      0.01      0.04     99.23
11時00分02秒     all      0.84      0.00      0.14      0.01      0.04     98.97
12時00分02秒     all      0.08      0.00      0.03      0.00      0.03     99.86
13時00分02秒     all      0.39      0.00      0.09      0.00      0.04     99.49
14時00分02秒     all      0.61      0.00      0.11      0.01      0.04     99.23
平均値:      all      4.72      0.00      0.64      0.07      0.05     94.52

-------------------- Logged in user --------------------
kdf1514d 2018-05-31 09:07

==================== 2018-05-31 17:55:01 ====================

-------------------- uptime --------------------
 17:55:01 up 329 days,  6:44,  1 user,  load average: 0.00, 0.05, 0.06

-------------------- System info --------------------
Linux sakura-tokyo-prod 3.10.0-514.26.2.el7.x86_64 #1 SMP Tue Jul 4 15:04:05 UTC 2017 x86_64 x86_64 x86_64 GNU/Linux

-------------------- Storage usage --------------------
ファイルシス   サイズ  使用  残り 使用% マウント位置
/dev/vda4         96G  6.7G   89G    7% /
devtmpfs         2.0G     0  2.0G    0% /dev
tmpfs            2.0G     0  2.0G    0% /dev/shm
tmpfs            2.0G  1.2G  839M   58% /run
tmpfs            2.0G     0  2.0G    0% /sys/fs/cgroup
/dev/vda2        497M  217M  280M   44% /boot
tmpfs            396M     0  396M    0% /run/user/0
tmpfs            396M     0  396M    0% /run/user/1001

-------------------- System load --------------------
Linux 3.10.0-514.26.2.el7.x86_64 (sakura-tokyo-prod) 	2018年05月31日 	_x86_64_	(4 CPU)

00時00分02秒     CPU     %user     %nice   %system   %iowait    %steal     %idle
01時00分02秒     all      7.66      0.00      1.03      0.12      0.07     91.12
02時00分02秒     all      7.65      0.00      1.01      0.11      0.06     91.18
03時00分02秒     all      7.56      0.00      1.01      0.11      0.05     91.26
04時00分02秒     all      7.62      0.00      0.98      0.11      0.07     91.22
05時00分02秒     all      7.72      0.00      1.02      0.12      0.07     91.08
06時00分02秒     all      7.70      0.00      1.02      0.12      0.06     91.11
07時00分02秒     all      7.66      0.00      1.00      0.11      0.05     91.18
08時00分02秒     all      7.50      0.00      0.99      0.12      0.07     91.31
09時00分01秒     all      2.55      0.00      0.35      0.04      0.04     97.03
10時00分02秒     all      0.60      0.00      0.12      0.01      0.04     99.23
11時00分02秒     all      0.84      0.00      0.14      0.01      0.04     98.97
12時00分02秒     all      0.08      0.00      0.03      0.00      0.03     99.86
13時00分02秒     all      0.39      0.00      0.09      0.00      0.04     99.49
14時00分02秒     all      0.61      0.00      0.11      0.01      0.04     99.23
15時00分02秒     all      0.35      0.00      0.08      0.00      0.04     99.53
16時00分02秒     all      0.60      0.00      0.12      0.01      0.04     99.23
17時00分02秒     all      0.59      0.00      0.11      0.01      0.04     99.24
平均値:      all      3.98      0.00      0.54      0.06      0.05     95.37

-------------------- Logged in user --------------------
k0c53f93 2018-05-31 09:07

