==================== 2018-04-01 02:55:02 ====================

-------------------- uptime --------------------
 02:55:02 up 268 days, 15:44,  0 users,  load average: 0.00, 0.01, 0.05

-------------------- System info --------------------
Linux sakura-tokyo-prod 3.10.0-514.26.2.el7.x86_64 #1 SMP Tue Jul 4 15:04:05 UTC 2017 x86_64 x86_64 x86_64 GNU/Linux

-------------------- Storage usage --------------------
ファイルシス   サイズ  使用  残り 使用% マウント位置
/dev/vda4         96G  5.8G   90G    6% /
devtmpfs         2.0G     0  2.0G    0% /dev
tmpfs            2.0G     0  2.0G    0% /dev/shm
tmpfs            2.0G  1.1G  945M   53% /run
tmpfs            2.0G     0  2.0G    0% /sys/fs/cgroup
/dev/vda2        497M  215M  283M   44% /boot
tmpfs            396M     0  396M    0% /run/user/0
tmpfs            396M     0  396M    0% /run/user/1001

-------------------- System load --------------------
Linux 3.10.0-514.26.2.el7.x86_64 (sakura-tokyo-prod) 	2018年04月01日 	_x86_64_	(4 CPU)

00時00分03秒     CPU     %user     %nice   %system   %iowait    %steal     %idle
01時00分04秒     all      0.94      0.00      0.15      0.01      0.05     98.85
02時00分02秒     all      1.19      0.00      0.17      0.01      0.05     98.58
平均値:      all      1.06      0.00      0.16      0.01      0.05     98.72

-------------------- Logged in user --------------------


==================== 2018-04-01 05:55:02 ====================

-------------------- uptime --------------------
 05:55:02 up 268 days, 18:44,  0 users,  load average: 0.00, 0.01, 0.05

-------------------- System info --------------------
Linux sakura-tokyo-prod 3.10.0-514.26.2.el7.x86_64 #1 SMP Tue Jul 4 15:04:05 UTC 2017 x86_64 x86_64 x86_64 GNU/Linux

-------------------- Storage usage --------------------
ファイルシス   サイズ  使用  残り 使用% マウント位置
/dev/vda4         96G  5.8G   90G    6% /
devtmpfs         2.0G     0  2.0G    0% /dev
tmpfs            2.0G     0  2.0G    0% /dev/shm
tmpfs            2.0G  1.1G  944M   53% /run
tmpfs            2.0G     0  2.0G    0% /sys/fs/cgroup
/dev/vda2        497M  215M  283M   44% /boot
tmpfs            396M     0  396M    0% /run/user/0
tmpfs            396M     0  396M    0% /run/user/1001

-------------------- System load --------------------
Linux 3.10.0-514.26.2.el7.x86_64 (sakura-tokyo-prod) 	2018年04月01日 	_x86_64_	(4 CPU)

00時00分03秒     CPU     %user     %nice   %system   %iowait    %steal     %idle
01時00分04秒     all      0.94      0.00      0.15      0.01      0.05     98.85
02時00分02秒     all      1.19      0.00      0.17      0.01      0.05     98.58
03時00分03秒     all      1.22      0.00      0.19      0.01      0.07     98.51
04時00分02秒     all      1.78      0.00      0.26      0.03      0.09     97.83
05時00分02秒     all      0.97      0.00      0.15      0.01      0.07     98.80
平均値:      all      1.22      0.00      0.18      0.02      0.07     98.52

-------------------- Logged in user --------------------


==================== 2018-04-01 08:55:02 ====================

-------------------- uptime --------------------
 08:55:02 up 268 days, 21:44,  0 users,  load average: 0.01, 0.03, 0.05

-------------------- System info --------------------
Linux sakura-tokyo-prod 3.10.0-514.26.2.el7.x86_64 #1 SMP Tue Jul 4 15:04:05 UTC 2017 x86_64 x86_64 x86_64 GNU/Linux

-------------------- Storage usage --------------------
ファイルシス   サイズ  使用  残り 使用% マウント位置
/dev/vda4         96G  5.8G   90G    6% /
devtmpfs         2.0G     0  2.0G    0% /dev
tmpfs            2.0G     0  2.0G    0% /dev/shm
tmpfs            2.0G  1.1G  943M   53% /run
tmpfs            2.0G     0  2.0G    0% /sys/fs/cgroup
/dev/vda2        497M  215M  283M   44% /boot
tmpfs            396M     0  396M    0% /run/user/0
tmpfs            396M     0  396M    0% /run/user/1001

-------------------- System load --------------------
Linux 3.10.0-514.26.2.el7.x86_64 (sakura-tokyo-prod) 	2018年04月01日 	_x86_64_	(4 CPU)

00時00分03秒     CPU     %user     %nice   %system   %iowait    %steal     %idle
01時00分04秒     all      0.94      0.00      0.15      0.01      0.05     98.85
02時00分02秒     all      1.19      0.00      0.17      0.01      0.05     98.58
03時00分03秒     all      1.22      0.00      0.19      0.01      0.07     98.51
04時00分02秒     all      1.78      0.00      0.26      0.03      0.09     97.83
05時00分02秒     all      0.97      0.00      0.15      0.01      0.07     98.80
06時00分02秒     all      0.77      0.00      0.13      0.01      0.06     99.03
07時00分02秒     all      1.83      0.00      0.25      0.02      0.10     97.80
08時00分02秒     all      0.89      0.00      0.13      0.01      0.05     98.92
平均値:      all      1.20      0.00      0.18      0.01      0.07     98.54

-------------------- Logged in user --------------------


==================== 2018-04-01 11:55:02 ====================

-------------------- uptime --------------------
 11:55:02 up 269 days, 44 min,  0 users,  load average: 0.00, 0.01, 0.05

-------------------- System info --------------------
Linux sakura-tokyo-prod 3.10.0-514.26.2.el7.x86_64 #1 SMP Tue Jul 4 15:04:05 UTC 2017 x86_64 x86_64 x86_64 GNU/Linux

-------------------- Storage usage --------------------
ファイルシス   サイズ  使用  残り 使用% マウント位置
/dev/vda4         96G  5.8G   90G    6% /
devtmpfs         2.0G     0  2.0G    0% /dev
tmpfs            2.0G     0  2.0G    0% /dev/shm
tmpfs            2.0G  1.1G  942M   53% /run
tmpfs            2.0G     0  2.0G    0% /sys/fs/cgroup
/dev/vda2        497M  215M  283M   44% /boot
tmpfs            396M     0  396M    0% /run/user/0
tmpfs            396M     0  396M    0% /run/user/1001

-------------------- System load --------------------
Linux 3.10.0-514.26.2.el7.x86_64 (sakura-tokyo-prod) 	2018年04月01日 	_x86_64_	(4 CPU)

00時00分03秒     CPU     %user     %nice   %system   %iowait    %steal     %idle
01時00分04秒     all      0.94      0.00      0.15      0.01      0.05     98.85
02時00分02秒     all      1.19      0.00      0.17      0.01      0.05     98.58
03時00分03秒     all      1.22      0.00      0.19      0.01      0.07     98.51
04時00分02秒     all      1.78      0.00      0.26      0.03      0.09     97.83
05時00分02秒     all      0.97      0.00      0.15      0.01      0.07     98.80
06時00分02秒     all      0.77      0.00      0.13      0.01      0.06     99.03
07時00分02秒     all      1.83      0.00      0.25      0.02      0.10     97.80
08時00分02秒     all      0.89      0.00      0.13      0.01      0.05     98.92
09時00分03秒     all      0.67      0.00      0.10      0.01      0.06     99.16
10時00分02秒     all      0.93      0.00      0.15      0.01      0.06     98.85
11時00分03秒     all      0.39      0.00      0.07      0.00      0.06     99.47
平均値:      all      1.05      0.00      0.16      0.01      0.07     98.71

-------------------- Logged in user --------------------


==================== 2018-04-01 14:55:02 ====================

-------------------- uptime --------------------
 14:55:02 up 269 days,  3:44,  0 users,  load average: 0.00, 0.01, 0.05

-------------------- System info --------------------
Linux sakura-tokyo-prod 3.10.0-514.26.2.el7.x86_64 #1 SMP Tue Jul 4 15:04:05 UTC 2017 x86_64 x86_64 x86_64 GNU/Linux

-------------------- Storage usage --------------------
ファイルシス   サイズ  使用  残り 使用% マウント位置
/dev/vda4         96G  5.8G   90G    6% /
devtmpfs         2.0G     0  2.0G    0% /dev
tmpfs            2.0G     0  2.0G    0% /dev/shm
tmpfs            2.0G  1.1G  941M   53% /run
tmpfs            2.0G     0  2.0G    0% /sys/fs/cgroup
/dev/vda2        497M  215M  283M   44% /boot
tmpfs            396M     0  396M    0% /run/user/0
tmpfs            396M     0  396M    0% /run/user/1001

-------------------- System load --------------------
Linux 3.10.0-514.26.2.el7.x86_64 (sakura-tokyo-prod) 	2018年04月01日 	_x86_64_	(4 CPU)

00時00分03秒     CPU     %user     %nice   %system   %iowait    %steal     %idle
01時00分04秒     all      0.94      0.00      0.15      0.01      0.05     98.85
02時00分02秒     all      1.19      0.00      0.17      0.01      0.05     98.58
03時00分03秒     all      1.22      0.00      0.19      0.01      0.07     98.51
04時00分02秒     all      1.78      0.00      0.26      0.03      0.09     97.83
05時00分02秒     all      0.97      0.00      0.15      0.01      0.07     98.80
06時00分02秒     all      0.77      0.00      0.13      0.01      0.06     99.03
07時00分02秒     all      1.83      0.00      0.25      0.02      0.10     97.80
08時00分02秒     all      0.89      0.00      0.13      0.01      0.05     98.92
09時00分03秒     all      0.67      0.00      0.10      0.01      0.06     99.16
10時00分02秒     all      0.93      0.00      0.15      0.01      0.06     98.85
11時00分03秒     all      0.39      0.00      0.07      0.00      0.06     99.47
12時00分02秒     all      0.70      0.00      0.11      0.01      0.07     99.12
13時00分03秒     all      0.72      0.00      0.11      0.00      0.07     99.09
14時00分02秒     all      0.70      0.00      0.11      0.00      0.08     99.11
平均値:      all      0.98      0.00      0.15      0.01      0.07     98.80

-------------------- Logged in user --------------------


==================== 2018-04-01 17:55:02 ====================

-------------------- uptime --------------------
 17:55:02 up 269 days,  6:44,  0 users,  load average: 0.00, 0.01, 0.05

-------------------- System info --------------------
Linux sakura-tokyo-prod 3.10.0-514.26.2.el7.x86_64 #1 SMP Tue Jul 4 15:04:05 UTC 2017 x86_64 x86_64 x86_64 GNU/Linux

-------------------- Storage usage --------------------
ファイルシス   サイズ  使用  残り 使用% マウント位置
/dev/vda4         96G  5.8G   90G    6% /
devtmpfs         2.0G     0  2.0G    0% /dev
tmpfs            2.0G     0  2.0G    0% /dev/shm
tmpfs            2.0G  1.1G  941M   53% /run
tmpfs            2.0G     0  2.0G    0% /sys/fs/cgroup
/dev/vda2        497M  215M  283M   44% /boot
tmpfs            396M     0  396M    0% /run/user/0
tmpfs            396M     0  396M    0% /run/user/1001

-------------------- System load --------------------
Linux 3.10.0-514.26.2.el7.x86_64 (sakura-tokyo-prod) 	2018年04月01日 	_x86_64_	(4 CPU)

00時00分03秒     CPU     %user     %nice   %system   %iowait    %steal     %idle
01時00分04秒     all      0.94      0.00      0.15      0.01      0.05     98.85
02時00分02秒     all      1.19      0.00      0.17      0.01      0.05     98.58
03時00分03秒     all      1.22      0.00      0.19      0.01      0.07     98.51
04時00分02秒     all      1.78      0.00      0.26      0.03      0.09     97.83
05時00分02秒     all      0.97      0.00      0.15      0.01      0.07     98.80
06時00分02秒     all      0.77      0.00      0.13      0.01      0.06     99.03
07時00分02秒     all      1.83      0.00      0.25      0.02      0.10     97.80
08時00分02秒     all      0.89      0.00      0.13      0.01      0.05     98.92
09時00分03秒     all      0.67      0.00      0.10      0.01      0.06     99.16
10時00分02秒     all      0.93      0.00      0.15      0.01      0.06     98.85
11時00分03秒     all      0.39      0.00      0.07      0.00      0.06     99.47
12時00分02秒     all      0.70      0.00      0.11      0.01      0.07     99.12
13時00分03秒     all      0.72      0.00      0.11      0.00      0.07     99.09
14時00分02秒     all      0.70      0.00      0.11      0.00      0.08     99.11
15時00分02秒     all      0.46      0.00      0.08      0.00      0.08     99.38
16時00分03秒     all      1.26      0.00      0.17      0.01      0.09     98.48
17時00分03秒     all      0.56      0.00      0.09      0.00      0.09     99.26
平均値:      all      0.94      0.00      0.14      0.01      0.07     98.84

-------------------- Logged in user --------------------


==================== 2018-04-01 20:55:01 ====================

-------------------- uptime --------------------
 20:55:01 up 269 days,  9:44,  0 users,  load average: 0.00, 0.04, 0.05

-------------------- System info --------------------
Linux sakura-tokyo-prod 3.10.0-514.26.2.el7.x86_64 #1 SMP Tue Jul 4 15:04:05 UTC 2017 x86_64 x86_64 x86_64 GNU/Linux

-------------------- Storage usage --------------------
ファイルシス   サイズ  使用  残り 使用% マウント位置
/dev/vda4         96G  5.8G   90G    7% /
devtmpfs         2.0G     0  2.0G    0% /dev
tmpfs            2.0G     0  2.0G    0% /dev/shm
tmpfs            2.0G  1.1G  940M   53% /run
tmpfs            2.0G     0  2.0G    0% /sys/fs/cgroup
/dev/vda2        497M  215M  283M   44% /boot
tmpfs            396M     0  396M    0% /run/user/0
tmpfs            396M     0  396M    0% /run/user/1001

-------------------- System load --------------------
Linux 3.10.0-514.26.2.el7.x86_64 (sakura-tokyo-prod) 	2018年04月01日 	_x86_64_	(4 CPU)

00時00分03秒     CPU     %user     %nice   %system   %iowait    %steal     %idle
01時00分04秒     all      0.94      0.00      0.15      0.01      0.05     98.85
02時00分02秒     all      1.19      0.00      0.17      0.01      0.05     98.58
03時00分03秒     all      1.22      0.00      0.19      0.01      0.07     98.51
04時00分02秒     all      1.78      0.00      0.26      0.03      0.09     97.83
05時00分02秒     all      0.97      0.00      0.15      0.01      0.07     98.80
06時00分02秒     all      0.77      0.00      0.13      0.01      0.06     99.03
07時00分02秒     all      1.83      0.00      0.25      0.02      0.10     97.80
08時00分02秒     all      0.89      0.00      0.13      0.01      0.05     98.92
09時00分03秒     all      0.67      0.00      0.10      0.01      0.06     99.16
10時00分02秒     all      0.93      0.00      0.15      0.01      0.06     98.85
11時00分03秒     all      0.39      0.00      0.07      0.00      0.06     99.47
12時00分02秒     all      0.70      0.00      0.11      0.01      0.07     99.12
13時00分03秒     all      0.72      0.00      0.11      0.00      0.07     99.09
14時00分02秒     all      0.70      0.00      0.11      0.00      0.08     99.11
15時00分02秒     all      0.46      0.00      0.08      0.00      0.08     99.38
16時00分03秒     all      1.26      0.00      0.17      0.01      0.09     98.48
17時00分03秒     all      0.56      0.00      0.09      0.00      0.09     99.26
18時00分02秒     all      1.06      0.00      0.15      0.01      0.11     98.68
19時00分02秒     all      0.53      0.00      0.09      0.00      0.06     99.31
20時00分02秒     all      1.31      0.00      0.17      0.01      0.08     98.43
平均値:      all      0.94      0.00      0.14      0.01      0.07     98.83

-------------------- Logged in user --------------------


==================== 2018-04-01 23:55:02 ====================

-------------------- uptime --------------------
 23:55:02 up 269 days, 12:44,  0 users,  load average: 0.01, 0.02, 0.05

-------------------- System info --------------------
Linux sakura-tokyo-prod 3.10.0-514.26.2.el7.x86_64 #1 SMP Tue Jul 4 15:04:05 UTC 2017 x86_64 x86_64 x86_64 GNU/Linux

-------------------- Storage usage --------------------
ファイルシス   サイズ  使用  残り 使用% マウント位置
/dev/vda4         96G  5.8G   90G    7% /
devtmpfs         2.0G     0  2.0G    0% /dev
tmpfs            2.0G     0  2.0G    0% /dev/shm
tmpfs            2.0G  1.1G  931M   53% /run
tmpfs            2.0G     0  2.0G    0% /sys/fs/cgroup
/dev/vda2        497M  215M  283M   44% /boot
tmpfs            396M     0  396M    0% /run/user/0
tmpfs            396M     0  396M    0% /run/user/1001

-------------------- System load --------------------
Linux 3.10.0-514.26.2.el7.x86_64 (sakura-tokyo-prod) 	2018年04月01日 	_x86_64_	(4 CPU)

00時00分03秒     CPU     %user     %nice   %system   %iowait    %steal     %idle
01時00分04秒     all      0.94      0.00      0.15      0.01      0.05     98.85
02時00分02秒     all      1.19      0.00      0.17      0.01      0.05     98.58
03時00分03秒     all      1.22      0.00      0.19      0.01      0.07     98.51
04時00分02秒     all      1.78      0.00      0.26      0.03      0.09     97.83
05時00分02秒     all      0.97      0.00      0.15      0.01      0.07     98.80
06時00分02秒     all      0.77      0.00      0.13      0.01      0.06     99.03
07時00分02秒     all      1.83      0.00      0.25      0.02      0.10     97.80
08時00分02秒     all      0.89      0.00      0.13      0.01      0.05     98.92
09時00分03秒     all      0.67      0.00      0.10      0.01      0.06     99.16
10時00分02秒     all      0.93      0.00      0.15      0.01      0.06     98.85
11時00分03秒     all      0.39      0.00      0.07      0.00      0.06     99.47
12時00分02秒     all      0.70      0.00      0.11      0.01      0.07     99.12
13時00分03秒     all      0.72      0.00      0.11      0.00      0.07     99.09
14時00分02秒     all      0.70      0.00      0.11      0.00      0.08     99.11
15時00分02秒     all      0.46      0.00      0.08      0.00      0.08     99.38
16時00分03秒     all      1.26      0.00      0.17      0.01      0.09     98.48
17時00分03秒     all      0.56      0.00      0.09      0.00      0.09     99.26
18時00分02秒     all      1.06      0.00      0.15      0.01      0.11     98.68
19時00分02秒     all      0.53      0.00      0.09      0.00      0.06     99.31
20時00分02秒     all      1.31      0.00      0.17      0.01      0.08     98.43
21時00分02秒     all      1.02      0.00      0.14      0.01      0.07     98.77
22時00分02秒     all      1.34      0.00      0.17      0.01      0.07     98.40
23時00分03秒     all      0.80      0.00      0.11      0.00      0.07     99.02
平均値:      all      0.96      0.00      0.14      0.01      0.07     98.82

-------------------- Logged in user --------------------


