==================== 2018-04-03 02:55:02 ====================

-------------------- uptime --------------------
 02:55:02 up 270 days, 15:44,  0 users,  load average: 0.10, 0.13, 0.09

-------------------- System info --------------------
Linux sakura-tokyo-prod 3.10.0-514.26.2.el7.x86_64 #1 SMP Tue Jul 4 15:04:05 UTC 2017 x86_64 x86_64 x86_64 GNU/Linux

-------------------- Storage usage --------------------
ファイルシス   サイズ  使用  残り 使用% マウント位置
/dev/vda4         96G  5.8G   90G    6% /
devtmpfs         2.0G     0  2.0G    0% /dev
tmpfs            2.0G     0  2.0G    0% /dev/shm
tmpfs            2.0G  1.1G  932M   53% /run
tmpfs            2.0G     0  2.0G    0% /sys/fs/cgroup
/dev/vda2        497M  215M  283M   44% /boot
tmpfs            396M     0  396M    0% /run/user/0
tmpfs            396M     0  396M    0% /run/user/1001

-------------------- System load --------------------
Linux 3.10.0-514.26.2.el7.x86_64 (sakura-tokyo-prod) 	2018年04月03日 	_x86_64_	(4 CPU)

00時00分03秒     CPU     %user     %nice   %system   %iowait    %steal     %idle
01時00分03秒     all      0.67      0.00      0.10      0.01      0.07     99.16
02時00分02秒     all      0.93      0.00      0.14      0.01      0.06     98.86
平均値:      all      0.80      0.00      0.12      0.01      0.06     99.01

-------------------- Logged in user --------------------


==================== 2018-04-03 05:55:02 ====================

-------------------- uptime --------------------
 05:55:02 up 270 days, 18:44,  0 users,  load average: 0.00, 0.01, 0.05

-------------------- System info --------------------
Linux sakura-tokyo-prod 3.10.0-514.26.2.el7.x86_64 #1 SMP Tue Jul 4 15:04:05 UTC 2017 x86_64 x86_64 x86_64 GNU/Linux

-------------------- Storage usage --------------------
ファイルシス   サイズ  使用  残り 使用% マウント位置
/dev/vda4         96G  5.8G   90G    6% /
devtmpfs         2.0G     0  2.0G    0% /dev
tmpfs            2.0G     0  2.0G    0% /dev/shm
tmpfs            2.0G  1.1G  931M   53% /run
tmpfs            2.0G     0  2.0G    0% /sys/fs/cgroup
/dev/vda2        497M  215M  283M   44% /boot
tmpfs            396M     0  396M    0% /run/user/0
tmpfs            396M     0  396M    0% /run/user/1001

-------------------- System load --------------------
Linux 3.10.0-514.26.2.el7.x86_64 (sakura-tokyo-prod) 	2018年04月03日 	_x86_64_	(4 CPU)

00時00分03秒     CPU     %user     %nice   %system   %iowait    %steal     %idle
01時00分03秒     all      0.67      0.00      0.10      0.01      0.07     99.16
02時00分02秒     all      0.93      0.00      0.14      0.01      0.06     98.86
03時00分03秒     all      0.94      0.00      0.13      0.01      0.07     98.85
04時00分03秒     all      0.92      0.00      0.13      0.01      0.07     98.87
05時00分02秒     all      0.41      0.00      0.07      0.00      0.06     99.46
平均値:      all      0.77      0.00      0.11      0.01      0.07     99.04

-------------------- Logged in user --------------------


==================== 2018-04-03 08:55:02 ====================

-------------------- uptime --------------------
 08:55:02 up 270 days, 21:44,  0 users,  load average: 0.09, 0.04, 0.05

-------------------- System info --------------------
Linux sakura-tokyo-prod 3.10.0-514.26.2.el7.x86_64 #1 SMP Tue Jul 4 15:04:05 UTC 2017 x86_64 x86_64 x86_64 GNU/Linux

-------------------- Storage usage --------------------
ファイルシス   サイズ  使用  残り 使用% マウント位置
/dev/vda4         96G  5.8G   90G    6% /
devtmpfs         2.0G     0  2.0G    0% /dev
tmpfs            2.0G     0  2.0G    0% /dev/shm
tmpfs            2.0G  1.1G  922M   54% /run
tmpfs            2.0G     0  2.0G    0% /sys/fs/cgroup
/dev/vda2        497M  215M  283M   44% /boot
tmpfs            396M     0  396M    0% /run/user/0
tmpfs            396M     0  396M    0% /run/user/1001

-------------------- System load --------------------
Linux 3.10.0-514.26.2.el7.x86_64 (sakura-tokyo-prod) 	2018年04月03日 	_x86_64_	(4 CPU)

00時00分03秒     CPU     %user     %nice   %system   %iowait    %steal     %idle
01時00分03秒     all      0.67      0.00      0.10      0.01      0.07     99.16
02時00分02秒     all      0.93      0.00      0.14      0.01      0.06     98.86
03時00分03秒     all      0.94      0.00      0.13      0.01      0.07     98.85
04時00分03秒     all      0.92      0.00      0.13      0.01      0.07     98.87
05時00分02秒     all      0.41      0.00      0.07      0.00      0.06     99.46
06時00分02秒     all      1.18      0.00      0.16      0.01      0.09     98.56
07時00分03秒     all      0.78      0.00      0.12      0.00      0.08     99.01
08時00分02秒     all      0.72      0.00      0.11      0.00      0.08     99.09
平均値:      all      0.82      0.00      0.12      0.01      0.07     98.98

-------------------- Logged in user --------------------


