==================== 2018-04-04 02:55:02 ====================

-------------------- uptime --------------------
 02:55:02 up 271 days, 15:44,  1 user,  load average: 0.00, 0.01, 0.05

-------------------- System info --------------------
Linux sakura-tokyo-prod 3.10.0-514.26.2.el7.x86_64 #1 SMP Tue Jul 4 15:04:05 UTC 2017 x86_64 x86_64 x86_64 GNU/Linux

-------------------- Storage usage --------------------
ファイルシス   サイズ  使用  残り 使用% マウント位置
/dev/vda4         96G  5.8G   90G    7% /
devtmpfs         2.0G     0  2.0G    0% /dev
tmpfs            2.0G     0  2.0G    0% /dev/shm
tmpfs            2.0G  1.1G  909M   55% /run
tmpfs            2.0G     0  2.0G    0% /sys/fs/cgroup
/dev/vda2        497M  215M  283M   44% /boot
tmpfs            396M     0  396M    0% /run/user/0
tmpfs            396M     0  396M    0% /run/user/1001

-------------------- System load --------------------
Linux 3.10.0-514.26.2.el7.x86_64 (sakura-tokyo-prod) 	2018年04月04日 	_x86_64_	(4 CPU)

00時00分02秒     CPU     %user     %nice   %system   %iowait    %steal     %idle
01時00分03秒     all      0.93      0.00      0.14      0.01      0.11     98.81
02時00分03秒     all      1.11      0.00      0.17      0.02      0.10     98.60
平均値:      all      1.02      0.00      0.16      0.01      0.10     98.71

-------------------- Logged in user --------------------
k173231b 2018-04-03 10:23

==================== 2018-04-04 05:55:02 ====================

-------------------- uptime --------------------
 05:55:02 up 271 days, 18:44,  1 user,  load average: 0.12, 0.08, 0.08

-------------------- System info --------------------
Linux sakura-tokyo-prod 3.10.0-514.26.2.el7.x86_64 #1 SMP Tue Jul 4 15:04:05 UTC 2017 x86_64 x86_64 x86_64 GNU/Linux

-------------------- Storage usage --------------------
ファイルシス   サイズ  使用  残り 使用% マウント位置
/dev/vda4         96G  5.8G   90G    7% /
devtmpfs         2.0G     0  2.0G    0% /dev
tmpfs            2.0G     0  2.0G    0% /dev/shm
tmpfs            2.0G  1.1G  908M   55% /run
tmpfs            2.0G     0  2.0G    0% /sys/fs/cgroup
/dev/vda2        497M  215M  283M   44% /boot
tmpfs            396M     0  396M    0% /run/user/0
tmpfs            396M     0  396M    0% /run/user/1001

-------------------- System load --------------------
Linux 3.10.0-514.26.2.el7.x86_64 (sakura-tokyo-prod) 	2018年04月04日 	_x86_64_	(4 CPU)

00時00分02秒     CPU     %user     %nice   %system   %iowait    %steal     %idle
01時00分03秒     all      0.93      0.00      0.14      0.01      0.11     98.81
02時00分03秒     all      1.11      0.00      0.17      0.02      0.10     98.60
03時00分03秒     all      0.43      0.00      0.08      0.00      0.10     99.39
04時00分02秒     all      0.67      0.00      0.11      0.01      0.10     99.12
05時00分02秒     all      0.65      0.00      0.10      0.01      0.09     99.14
平均値:      all      0.76      0.00      0.12      0.01      0.10     99.01

-------------------- Logged in user --------------------
ke7631b4 2018-04-03 10:23

==================== 2018-04-04 08:55:02 ====================

-------------------- uptime --------------------
 08:55:02 up 271 days, 21:44,  1 user,  load average: 0.00, 0.01, 0.05

-------------------- System info --------------------
Linux sakura-tokyo-prod 3.10.0-514.26.2.el7.x86_64 #1 SMP Tue Jul 4 15:04:05 UTC 2017 x86_64 x86_64 x86_64 GNU/Linux

-------------------- Storage usage --------------------
ファイルシス   サイズ  使用  残り 使用% マウント位置
/dev/vda4         96G  5.8G   90G    7% /
devtmpfs         2.0G     0  2.0G    0% /dev
tmpfs            2.0G     0  2.0G    0% /dev/shm
tmpfs            2.0G  1.1G  908M   55% /run
tmpfs            2.0G     0  2.0G    0% /sys/fs/cgroup
/dev/vda2        497M  215M  283M   44% /boot
tmpfs            396M     0  396M    0% /run/user/0
tmpfs            396M     0  396M    0% /run/user/1001

-------------------- System load --------------------
Linux 3.10.0-514.26.2.el7.x86_64 (sakura-tokyo-prod) 	2018年04月04日 	_x86_64_	(4 CPU)

00時00分02秒     CPU     %user     %nice   %system   %iowait    %steal     %idle
01時00分03秒     all      0.93      0.00      0.14      0.01      0.11     98.81
02時00分03秒     all      1.11      0.00      0.17      0.02      0.10     98.60
03時00分03秒     all      0.43      0.00      0.08      0.00      0.10     99.39
04時00分02秒     all      0.67      0.00      0.11      0.01      0.10     99.12
05時00分02秒     all      0.65      0.00      0.10      0.01      0.09     99.14
06時00分03秒     all      0.94      0.00      0.17      0.01      0.11     98.78
07時00分01秒     all      1.21      0.00      0.19      0.02      0.12     98.46
08時00分03秒     all      1.13      0.00      0.16      0.01      0.14     98.57
平均値:      all      0.88      0.00      0.14      0.01      0.11     98.86

-------------------- Logged in user --------------------
k81d7075 2018-04-03 10:23

==================== 2018-04-04 11:55:02 ====================

-------------------- uptime --------------------
 11:55:02 up 272 days, 44 min,  1 user,  load average: 0.00, 0.02, 0.05

-------------------- System info --------------------
Linux sakura-tokyo-prod 3.10.0-514.26.2.el7.x86_64 #1 SMP Tue Jul 4 15:04:05 UTC 2017 x86_64 x86_64 x86_64 GNU/Linux

-------------------- Storage usage --------------------
ファイルシス   サイズ  使用  残り 使用% マウント位置
/dev/vda4         96G  5.8G   90G    7% /
devtmpfs         2.0G     0  2.0G    0% /dev
tmpfs            2.0G     0  2.0G    0% /dev/shm
tmpfs            2.0G  1.1G  907M   55% /run
tmpfs            2.0G     0  2.0G    0% /sys/fs/cgroup
/dev/vda2        497M  215M  283M   44% /boot
tmpfs            396M     0  396M    0% /run/user/0
tmpfs            396M     0  396M    0% /run/user/1001

-------------------- System load --------------------
Linux 3.10.0-514.26.2.el7.x86_64 (sakura-tokyo-prod) 	2018年04月04日 	_x86_64_	(4 CPU)

00時00分02秒     CPU     %user     %nice   %system   %iowait    %steal     %idle
01時00分03秒     all      0.93      0.00      0.14      0.01      0.11     98.81
02時00分03秒     all      1.11      0.00      0.17      0.02      0.10     98.60
03時00分03秒     all      0.43      0.00      0.08      0.00      0.10     99.39
04時00分02秒     all      0.67      0.00      0.11      0.01      0.10     99.12
05時00分02秒     all      0.65      0.00      0.10      0.01      0.09     99.14
06時00分03秒     all      0.94      0.00      0.17      0.01      0.11     98.78
07時00分01秒     all      1.21      0.00      0.19      0.02      0.12     98.46
08時00分03秒     all      1.13      0.00      0.16      0.01      0.14     98.57
09時00分03秒     all      0.42      0.00      0.08      0.00      0.10     99.40
10時00分03秒     all      0.95      0.00      0.15      0.01      0.12     98.77
11時00分03秒     all      0.71      0.00      0.12      0.01      0.11     99.05
平均値:      all      0.83      0.00      0.13      0.01      0.11     98.92

-------------------- Logged in user --------------------
kd5fcf34 2018-04-03 10:23

==================== 2018-04-04 14:55:02 ====================

-------------------- uptime --------------------
 14:55:02 up 272 days,  3:44,  1 user,  load average: 0.06, 0.10, 0.08

-------------------- System info --------------------
Linux sakura-tokyo-prod 3.10.0-514.26.2.el7.x86_64 #1 SMP Tue Jul 4 15:04:05 UTC 2017 x86_64 x86_64 x86_64 GNU/Linux

-------------------- Storage usage --------------------
ファイルシス   サイズ  使用  残り 使用% マウント位置
/dev/vda4         96G  5.9G   90G    7% /
devtmpfs         2.0G     0  2.0G    0% /dev
tmpfs            2.0G     0  2.0G    0% /dev/shm
tmpfs            2.0G  1.1G  906M   55% /run
tmpfs            2.0G     0  2.0G    0% /sys/fs/cgroup
/dev/vda2        497M  215M  283M   44% /boot
tmpfs            396M     0  396M    0% /run/user/0
tmpfs            396M     0  396M    0% /run/user/1001

-------------------- System load --------------------
Linux 3.10.0-514.26.2.el7.x86_64 (sakura-tokyo-prod) 	2018年04月04日 	_x86_64_	(4 CPU)

00時00分02秒     CPU     %user     %nice   %system   %iowait    %steal     %idle
01時00分03秒     all      0.93      0.00      0.14      0.01      0.11     98.81
02時00分03秒     all      1.11      0.00      0.17      0.02      0.10     98.60
03時00分03秒     all      0.43      0.00      0.08      0.00      0.10     99.39
04時00分02秒     all      0.67      0.00      0.11      0.01      0.10     99.12
05時00分02秒     all      0.65      0.00      0.10      0.01      0.09     99.14
06時00分03秒     all      0.94      0.00      0.17      0.01      0.11     98.78
07時00分01秒     all      1.21      0.00      0.19      0.02      0.12     98.46
08時00分03秒     all      1.13      0.00      0.16      0.01      0.14     98.57
09時00分03秒     all      0.42      0.00      0.08      0.00      0.10     99.40
10時00分03秒     all      0.95      0.00      0.15      0.01      0.12     98.77
11時00分03秒     all      0.71      0.00      0.12      0.01      0.11     99.05
12時00分02秒     all      1.20      0.00      0.17      0.01      0.11     98.50
13時00分03秒     all      0.97      0.00      0.14      0.01      0.14     98.74
14時00分02秒     all      0.94      0.00      0.14      0.01      0.13     98.78
平均値:      all      0.88      0.00      0.14      0.01      0.11     98.86

-------------------- Logged in user --------------------
k478165d 2018-04-03 10:23

