==================== 2018-04-05 02:55:02 ====================

-------------------- uptime --------------------
 02:55:02 up 272 days, 15:44,  0 users,  load average: 0.05, 0.07, 0.05

-------------------- System info --------------------
Linux sakura-tokyo-prod 3.10.0-514.26.2.el7.x86_64 #1 SMP Tue Jul 4 15:04:05 UTC 2017 x86_64 x86_64 x86_64 GNU/Linux

-------------------- Storage usage --------------------
ファイルシス   サイズ  使用  残り 使用% マウント位置
/dev/vda4         96G  5.9G   90G    7% /
devtmpfs         2.0G     0  2.0G    0% /dev
tmpfs            2.0G     0  2.0G    0% /dev/shm
tmpfs            2.0G  1.1G  895M   55% /run
tmpfs            2.0G     0  2.0G    0% /sys/fs/cgroup
/dev/vda2        497M  215M  283M   44% /boot
tmpfs            396M     0  396M    0% /run/user/0
tmpfs            396M     0  396M    0% /run/user/1001

-------------------- System load --------------------
Linux 3.10.0-514.26.2.el7.x86_64 (sakura-tokyo-prod) 	2018年04月05日 	_x86_64_	(4 CPU)

00時00分03秒     CPU     %user     %nice   %system   %iowait    %steal     %idle
01時00分02秒     all      0.69      0.00      0.12      0.01      0.11     99.08
02時00分02秒     all      0.70      0.00      0.12      0.01      0.11     99.07
平均値:      all      0.70      0.00      0.12      0.01      0.11     99.07

-------------------- Logged in user --------------------


==================== 2018-04-05 05:55:02 ====================

-------------------- uptime --------------------
 05:55:02 up 272 days, 18:44,  0 users,  load average: 0.00, 0.01, 0.05

-------------------- System info --------------------
Linux sakura-tokyo-prod 3.10.0-514.26.2.el7.x86_64 #1 SMP Tue Jul 4 15:04:05 UTC 2017 x86_64 x86_64 x86_64 GNU/Linux

-------------------- Storage usage --------------------
ファイルシス   サイズ  使用  残り 使用% マウント位置
/dev/vda4         96G  5.9G   90G    7% /
devtmpfs         2.0G     0  2.0G    0% /dev
tmpfs            2.0G     0  2.0G    0% /dev/shm
tmpfs            2.0G  1.1G  918M   54% /run
tmpfs            2.0G     0  2.0G    0% /sys/fs/cgroup
/dev/vda2        497M  215M  283M   44% /boot
tmpfs            396M     0  396M    0% /run/user/0
tmpfs            396M     0  396M    0% /run/user/1001

-------------------- System load --------------------
Linux 3.10.0-514.26.2.el7.x86_64 (sakura-tokyo-prod) 	2018年04月05日 	_x86_64_	(4 CPU)

00時00分03秒     CPU     %user     %nice   %system   %iowait    %steal     %idle
01時00分02秒     all      0.69      0.00      0.12      0.01      0.11     99.08
02時00分02秒     all      0.70      0.00      0.12      0.01      0.11     99.07
03時00分03秒     all      0.44      0.00      0.08      0.00      0.10     99.38
04時00分03秒     all      0.98      0.00      0.14      0.01      0.11     98.75
05時00分02秒     all      0.48      0.00      0.09      0.00      0.10     99.34
平均値:      all      0.66      0.00      0.11      0.00      0.10     99.12

-------------------- Logged in user --------------------


