==================== 2018-04-06 02:55:02 ====================

-------------------- uptime --------------------
 02:55:02 up 273 days, 15:44,  0 users,  load average: 0.00, 0.01, 0.05

-------------------- System info --------------------
Linux sakura-tokyo-prod 3.10.0-514.26.2.el7.x86_64 #1 SMP Tue Jul 4 15:04:05 UTC 2017 x86_64 x86_64 x86_64 GNU/Linux

-------------------- Storage usage --------------------
ファイルシス   サイズ  使用  残り 使用% マウント位置
/dev/vda4         96G  6.0G   90G    7% /
devtmpfs         2.0G     0  2.0G    0% /dev
tmpfs            2.0G     0  2.0G    0% /dev/shm
tmpfs            2.0G  1.1G  912M   54% /run
tmpfs            2.0G     0  2.0G    0% /sys/fs/cgroup
/dev/vda2        497M  215M  283M   44% /boot
tmpfs            396M     0  396M    0% /run/user/0
tmpfs            396M     0  396M    0% /run/user/1001

-------------------- System load --------------------
Linux 3.10.0-514.26.2.el7.x86_64 (sakura-tokyo-prod) 	2018年04月06日 	_x86_64_	(4 CPU)

00時00分03秒     CPU     %user     %nice   %system   %iowait    %steal     %idle
01時00分03秒     all      0.56      0.00      0.10      0.00      0.10     99.24
02時00分03秒     all      1.26      0.00      0.18      0.02      0.10     98.44
平均値:      all      0.91      0.00      0.14      0.01      0.10     98.84

-------------------- Logged in user --------------------


==================== 2018-04-06 05:55:02 ====================

-------------------- uptime --------------------
 05:55:02 up 273 days, 18:44,  0 users,  load average: 0.16, 0.06, 0.06

-------------------- System info --------------------
Linux sakura-tokyo-prod 3.10.0-514.26.2.el7.x86_64 #1 SMP Tue Jul 4 15:04:05 UTC 2017 x86_64 x86_64 x86_64 GNU/Linux

-------------------- Storage usage --------------------
ファイルシス   サイズ  使用  残り 使用% マウント位置
/dev/vda4         96G  6.0G   90G    7% /
devtmpfs         2.0G     0  2.0G    0% /dev
tmpfs            2.0G     0  2.0G    0% /dev/shm
tmpfs            2.0G  1.1G  912M   54% /run
tmpfs            2.0G     0  2.0G    0% /sys/fs/cgroup
/dev/vda2        497M  215M  283M   44% /boot
tmpfs            396M     0  396M    0% /run/user/0
tmpfs            396M     0  396M    0% /run/user/1001

-------------------- System load --------------------
Linux 3.10.0-514.26.2.el7.x86_64 (sakura-tokyo-prod) 	2018年04月06日 	_x86_64_	(4 CPU)

00時00分03秒     CPU     %user     %nice   %system   %iowait    %steal     %idle
01時00分03秒     all      0.56      0.00      0.10      0.00      0.10     99.24
02時00分03秒     all      1.26      0.00      0.18      0.02      0.10     98.44
03時00分03秒     all      0.43      0.00      0.08      0.00      0.08     99.40
04時00分03秒     all      0.72      0.00      0.12      0.01      0.10     99.05
05時00分02秒     all      0.45      0.00      0.07      0.00      0.10     99.38
平均値:      all      0.69      0.00      0.11      0.01      0.10     99.10

-------------------- Logged in user --------------------


==================== 2018-04-06 08:55:02 ====================

-------------------- uptime --------------------
 08:55:02 up 273 days, 21:44,  0 users,  load average: 0.00, 0.01, 0.05

-------------------- System info --------------------
Linux sakura-tokyo-prod 3.10.0-514.26.2.el7.x86_64 #1 SMP Tue Jul 4 15:04:05 UTC 2017 x86_64 x86_64 x86_64 GNU/Linux

-------------------- Storage usage --------------------
ファイルシス   サイズ  使用  残り 使用% マウント位置
/dev/vda4         96G  6.0G   90G    7% /
devtmpfs         2.0G     0  2.0G    0% /dev
tmpfs            2.0G     0  2.0G    0% /dev/shm
tmpfs            2.0G  1.1G  903M   55% /run
tmpfs            2.0G     0  2.0G    0% /sys/fs/cgroup
/dev/vda2        497M  215M  283M   44% /boot
tmpfs            396M     0  396M    0% /run/user/0
tmpfs            396M     0  396M    0% /run/user/1001

-------------------- System load --------------------
Linux 3.10.0-514.26.2.el7.x86_64 (sakura-tokyo-prod) 	2018年04月06日 	_x86_64_	(4 CPU)

00時00分03秒     CPU     %user     %nice   %system   %iowait    %steal     %idle
01時00分03秒     all      0.56      0.00      0.10      0.00      0.10     99.24
02時00分03秒     all      1.26      0.00      0.18      0.02      0.10     98.44
03時00分03秒     all      0.43      0.00      0.08      0.00      0.08     99.40
04時00分03秒     all      0.72      0.00      0.12      0.01      0.10     99.05
05時00分02秒     all      0.45      0.00      0.07      0.00      0.10     99.38
06時00分02秒     all      1.38      0.00      0.18      0.02      0.11     98.32
07時00分03秒     all      0.88      0.00      0.15      0.01      0.10     98.87
08時00分02秒     all      0.77      0.00      0.13      0.01      0.12     98.98
平均値:      all      0.81      0.00      0.12      0.01      0.10     98.96

-------------------- Logged in user --------------------


==================== 2018-04-06 11:55:02 ====================

-------------------- uptime --------------------
 11:55:02 up 274 days, 44 min,  1 user,  load average: 0.00, 0.03, 0.05

-------------------- System info --------------------
Linux sakura-tokyo-prod 3.10.0-514.26.2.el7.x86_64 #1 SMP Tue Jul 4 15:04:05 UTC 2017 x86_64 x86_64 x86_64 GNU/Linux

-------------------- Storage usage --------------------
ファイルシス   サイズ  使用  残り 使用% マウント位置
/dev/vda4         96G  6.0G   90G    7% /
devtmpfs         2.0G     0  2.0G    0% /dev
tmpfs            2.0G     0  2.0G    0% /dev/shm
tmpfs            2.0G  1.1G  902M   55% /run
tmpfs            2.0G     0  2.0G    0% /sys/fs/cgroup
/dev/vda2        497M  215M  283M   44% /boot
tmpfs            396M     0  396M    0% /run/user/0
tmpfs            396M     0  396M    0% /run/user/1001

-------------------- System load --------------------
Linux 3.10.0-514.26.2.el7.x86_64 (sakura-tokyo-prod) 	2018年04月06日 	_x86_64_	(4 CPU)

00時00分03秒     CPU     %user     %nice   %system   %iowait    %steal     %idle
01時00分03秒     all      0.56      0.00      0.10      0.00      0.10     99.24
02時00分03秒     all      1.26      0.00      0.18      0.02      0.10     98.44
03時00分03秒     all      0.43      0.00      0.08      0.00      0.08     99.40
04時00分03秒     all      0.72      0.00      0.12      0.01      0.10     99.05
05時00分02秒     all      0.45      0.00      0.07      0.00      0.10     99.38
06時00分02秒     all      1.38      0.00      0.18      0.02      0.11     98.32
07時00分03秒     all      0.88      0.00      0.15      0.01      0.10     98.87
08時00分02秒     all      0.77      0.00      0.13      0.01      0.12     98.98
09時00分02秒     all      0.83      0.00      0.13      0.01      0.13     98.90
10時00分02秒     all      1.05      0.00      0.17      0.01      0.11     98.66
11時00分03秒     all      0.83      0.00      0.13      0.00      0.12     98.92
平均値:      all      0.83      0.00      0.13      0.01      0.11     98.92

-------------------- Logged in user --------------------
kb26bc7a 2018-04-06 09:17

==================== 2018-04-06 14:55:02 ====================

-------------------- uptime --------------------
 14:55:02 up 274 days,  3:44,  1 user,  load average: 0.22, 0.06, 0.06

-------------------- System info --------------------
Linux sakura-tokyo-prod 3.10.0-514.26.2.el7.x86_64 #1 SMP Tue Jul 4 15:04:05 UTC 2017 x86_64 x86_64 x86_64 GNU/Linux

-------------------- Storage usage --------------------
ファイルシス   サイズ  使用  残り 使用% マウント位置
/dev/vda4         96G  6.1G   90G    7% /
devtmpfs         2.0G     0  2.0G    0% /dev
tmpfs            2.0G     0  2.0G    0% /dev/shm
tmpfs            2.0G  1.1G  901M   55% /run
tmpfs            2.0G     0  2.0G    0% /sys/fs/cgroup
/dev/vda2        497M  215M  283M   44% /boot
tmpfs            396M     0  396M    0% /run/user/0
tmpfs            396M     0  396M    0% /run/user/1001

-------------------- System load --------------------
Linux 3.10.0-514.26.2.el7.x86_64 (sakura-tokyo-prod) 	2018年04月06日 	_x86_64_	(4 CPU)

00時00分03秒     CPU     %user     %nice   %system   %iowait    %steal     %idle
01時00分03秒     all      0.56      0.00      0.10      0.00      0.10     99.24
02時00分03秒     all      1.26      0.00      0.18      0.02      0.10     98.44
03時00分03秒     all      0.43      0.00      0.08      0.00      0.08     99.40
04時00分03秒     all      0.72      0.00      0.12      0.01      0.10     99.05
05時00分02秒     all      0.45      0.00      0.07      0.00      0.10     99.38
06時00分02秒     all      1.38      0.00      0.18      0.02      0.11     98.32
07時00分03秒     all      0.88      0.00      0.15      0.01      0.10     98.87
08時00分02秒     all      0.77      0.00      0.13      0.01      0.12     98.98
09時00分02秒     all      0.83      0.00      0.13      0.01      0.13     98.90
10時00分02秒     all      1.05      0.00      0.17      0.01      0.11     98.66
11時00分03秒     all      0.83      0.00      0.13      0.00      0.12     98.92
12時00分02秒     all      1.11      0.00      0.18      0.01      0.13     98.56
13時00分03秒     all      0.57      0.00      0.11      0.00      0.12     99.20
14時00分03秒     all      0.79      0.00      0.13      0.01      0.11     98.97
平均値:      all      0.83      0.00      0.13      0.01      0.11     98.92

-------------------- Logged in user --------------------
kc6e1763 2018-04-06 09:17

==================== 2018-04-06 17:55:02 ====================

-------------------- uptime --------------------
 17:55:02 up 274 days,  6:44,  0 users,  load average: 0.00, 0.01, 0.05

-------------------- System info --------------------
Linux sakura-tokyo-prod 3.10.0-514.26.2.el7.x86_64 #1 SMP Tue Jul 4 15:04:05 UTC 2017 x86_64 x86_64 x86_64 GNU/Linux

-------------------- Storage usage --------------------
ファイルシス   サイズ  使用  残り 使用% マウント位置
/dev/vda4         96G  6.0G   90G    7% /
devtmpfs         2.0G     0  2.0G    0% /dev
tmpfs            2.0G     0  2.0G    0% /dev/shm
tmpfs            2.0G  1.1G  892M   55% /run
tmpfs            2.0G     0  2.0G    0% /sys/fs/cgroup
/dev/vda2        497M  215M  283M   44% /boot
tmpfs            396M     0  396M    0% /run/user/0
tmpfs            396M     0  396M    0% /run/user/1001

-------------------- System load --------------------
Linux 3.10.0-514.26.2.el7.x86_64 (sakura-tokyo-prod) 	2018年04月06日 	_x86_64_	(4 CPU)

00時00分03秒     CPU     %user     %nice   %system   %iowait    %steal     %idle
01時00分03秒     all      0.56      0.00      0.10      0.00      0.10     99.24
02時00分03秒     all      1.26      0.00      0.18      0.02      0.10     98.44
03時00分03秒     all      0.43      0.00      0.08      0.00      0.08     99.40
04時00分03秒     all      0.72      0.00      0.12      0.01      0.10     99.05
05時00分02秒     all      0.45      0.00      0.07      0.00      0.10     99.38
06時00分02秒     all      1.38      0.00      0.18      0.02      0.11     98.32
07時00分03秒     all      0.88      0.00      0.15      0.01      0.10     98.87
08時00分02秒     all      0.77      0.00      0.13      0.01      0.12     98.98
09時00分02秒     all      0.83      0.00      0.13      0.01      0.13     98.90
10時00分02秒     all      1.05      0.00      0.17      0.01      0.11     98.66
11時00分03秒     all      0.83      0.00      0.13      0.00      0.12     98.92
12時00分02秒     all      1.11      0.00      0.18      0.01      0.13     98.56
13時00分03秒     all      0.57      0.00      0.11      0.00      0.12     99.20
14時00分03秒     all      0.79      0.00      0.13      0.01      0.11     98.97
15時00分03秒     all      0.81      0.00      0.13      0.01      0.12     98.94
16時00分03秒     all      0.73      0.00      0.12      0.01      0.11     99.04
17時00分03秒     all      0.69      0.00      0.11      0.01      0.10     99.10
平均値:      all      0.82      0.00      0.13      0.01      0.11     98.94

-------------------- Logged in user --------------------


==================== 2018-04-06 20:55:01 ====================

-------------------- uptime --------------------
 20:55:01 up 274 days,  9:44,  0 users,  load average: 0.01, 0.04, 0.05

-------------------- System info --------------------
Linux sakura-tokyo-prod 3.10.0-514.26.2.el7.x86_64 #1 SMP Tue Jul 4 15:04:05 UTC 2017 x86_64 x86_64 x86_64 GNU/Linux

-------------------- Storage usage --------------------
ファイルシス   サイズ  使用  残り 使用% マウント位置
/dev/vda4         96G  6.0G   90G    7% /
devtmpfs         2.0G     0  2.0G    0% /dev
tmpfs            2.0G     0  2.0G    0% /dev/shm
tmpfs            2.0G  1.1G  892M   55% /run
tmpfs            2.0G     0  2.0G    0% /sys/fs/cgroup
/dev/vda2        497M  215M  283M   44% /boot
tmpfs            396M     0  396M    0% /run/user/0
tmpfs            396M     0  396M    0% /run/user/1001

-------------------- System load --------------------
Linux 3.10.0-514.26.2.el7.x86_64 (sakura-tokyo-prod) 	2018年04月06日 	_x86_64_	(4 CPU)

00時00分03秒     CPU     %user     %nice   %system   %iowait    %steal     %idle
01時00分03秒     all      0.56      0.00      0.10      0.00      0.10     99.24
02時00分03秒     all      1.26      0.00      0.18      0.02      0.10     98.44
03時00分03秒     all      0.43      0.00      0.08      0.00      0.08     99.40
04時00分03秒     all      0.72      0.00      0.12      0.01      0.10     99.05
05時00分02秒     all      0.45      0.00      0.07      0.00      0.10     99.38
06時00分02秒     all      1.38      0.00      0.18      0.02      0.11     98.32
07時00分03秒     all      0.88      0.00      0.15      0.01      0.10     98.87
08時00分02秒     all      0.77      0.00      0.13      0.01      0.12     98.98
09時00分02秒     all      0.83      0.00      0.13      0.01      0.13     98.90
10時00分02秒     all      1.05      0.00      0.17      0.01      0.11     98.66
11時00分03秒     all      0.83      0.00      0.13      0.00      0.12     98.92
12時00分02秒     all      1.11      0.00      0.18      0.01      0.13     98.56
13時00分03秒     all      0.57      0.00      0.11      0.00      0.12     99.20
14時00分03秒     all      0.79      0.00      0.13      0.01      0.11     98.97
15時00分03秒     all      0.81      0.00      0.13      0.01      0.12     98.94
16時00分03秒     all      0.73      0.00      0.12      0.01      0.11     99.04
17時00分03秒     all      0.69      0.00      0.11      0.01      0.10     99.10
18時00分03秒     all      0.71      0.00      0.11      0.00      0.11     99.07
19時00分02秒     all      0.71      0.00      0.13      0.01      0.10     99.05
20時00分03秒     all      0.95      0.00      0.14      0.01      0.09     98.82
平均値:      all      0.81      0.00      0.13      0.01      0.11     98.95

-------------------- Logged in user --------------------


==================== 2018-04-06 23:55:01 ====================

-------------------- uptime --------------------
 23:55:01 up 274 days, 12:44,  1 user,  load average: 0.00, 0.01, 0.05

-------------------- System info --------------------
Linux sakura-tokyo-prod 3.10.0-514.26.2.el7.x86_64 #1 SMP Tue Jul 4 15:04:05 UTC 2017 x86_64 x86_64 x86_64 GNU/Linux

-------------------- Storage usage --------------------
ファイルシス   サイズ  使用  残り 使用% マウント位置
/dev/vda4         96G  6.0G   90G    7% /
devtmpfs         2.0G     0  2.0G    0% /dev
tmpfs            2.0G     0  2.0G    0% /dev/shm
tmpfs            2.0G  1.1G  891M   55% /run
tmpfs            2.0G     0  2.0G    0% /sys/fs/cgroup
/dev/vda2        497M  215M  283M   44% /boot
tmpfs            396M     0  396M    0% /run/user/0
tmpfs            396M     0  396M    0% /run/user/1001

-------------------- System load --------------------
Linux 3.10.0-514.26.2.el7.x86_64 (sakura-tokyo-prod) 	2018年04月06日 	_x86_64_	(4 CPU)

00時00分03秒     CPU     %user     %nice   %system   %iowait    %steal     %idle
01時00分03秒     all      0.56      0.00      0.10      0.00      0.10     99.24
02時00分03秒     all      1.26      0.00      0.18      0.02      0.10     98.44
03時00分03秒     all      0.43      0.00      0.08      0.00      0.08     99.40
04時00分03秒     all      0.72      0.00      0.12      0.01      0.10     99.05
05時00分02秒     all      0.45      0.00      0.07      0.00      0.10     99.38
06時00分02秒     all      1.38      0.00      0.18      0.02      0.11     98.32
07時00分03秒     all      0.88      0.00      0.15      0.01      0.10     98.87
08時00分02秒     all      0.77      0.00      0.13      0.01      0.12     98.98
09時00分02秒     all      0.83      0.00      0.13      0.01      0.13     98.90
10時00分02秒     all      1.05      0.00      0.17      0.01      0.11     98.66
11時00分03秒     all      0.83      0.00      0.13      0.00      0.12     98.92
12時00分02秒     all      1.11      0.00      0.18      0.01      0.13     98.56
13時00分03秒     all      0.57      0.00      0.11      0.00      0.12     99.20
14時00分03秒     all      0.79      0.00      0.13      0.01      0.11     98.97
15時00分03秒     all      0.81      0.00      0.13      0.01      0.12     98.94
16時00分03秒     all      0.73      0.00      0.12      0.01      0.11     99.04
17時00分03秒     all      0.69      0.00      0.11      0.01      0.10     99.10
18時00分03秒     all      0.71      0.00      0.11      0.00      0.11     99.07
19時00分02秒     all      0.71      0.00      0.13      0.01      0.10     99.05
20時00分03秒     all      0.95      0.00      0.14      0.01      0.09     98.82
21時00分02秒     all      0.42      0.00      0.07      0.00      0.10     99.41
22時00分02秒     all      0.94      0.00      0.13      0.01      0.11     98.81
23時00分02秒     all      0.42      0.00      0.07      0.00      0.09     99.41
平均値:      all      0.78      0.00      0.12      0.01      0.11     98.98

-------------------- Logged in user --------------------
k5714bc4 2018-04-06 22:42

