==================== 2018-04-07 02:55:01 ====================

-------------------- uptime --------------------
 02:55:01 up 274 days, 15:44,  1 user,  load average: 0.01, 0.05, 0.05

-------------------- System info --------------------
Linux sakura-tokyo-prod 3.10.0-514.26.2.el7.x86_64 #1 SMP Tue Jul 4 15:04:05 UTC 2017 x86_64 x86_64 x86_64 GNU/Linux

-------------------- Storage usage --------------------
ファイルシス   サイズ  使用  残り 使用% マウント位置
/dev/vda4         96G  6.0G   90G    7% /
devtmpfs         2.0G     0  2.0G    0% /dev
tmpfs            2.0G     0  2.0G    0% /dev/shm
tmpfs            2.0G  1.1G  890M   55% /run
tmpfs            2.0G     0  2.0G    0% /sys/fs/cgroup
/dev/vda2        497M  215M  283M   44% /boot
tmpfs            396M     0  396M    0% /run/user/0
tmpfs            396M     0  396M    0% /run/user/1001

-------------------- System load --------------------
Linux 3.10.0-514.26.2.el7.x86_64 (sakura-tokyo-prod) 	2018年04月07日 	_x86_64_	(4 CPU)

00時00分03秒     CPU     %user     %nice   %system   %iowait    %steal     %idle
01時00分03秒     all      0.51      0.00      0.10      0.01      0.10     99.28
02時00分02秒     all      1.23      0.00      0.19      0.02      0.10     98.47
平均値:      all      0.87      0.00      0.14      0.01      0.10     98.87

-------------------- Logged in user --------------------
k40b192c 2018-04-06 22:42

==================== 2018-04-07 05:55:02 ====================

-------------------- uptime --------------------
 05:55:02 up 274 days, 18:44,  1 user,  load average: 0.00, 0.01, 0.05

-------------------- System info --------------------
Linux sakura-tokyo-prod 3.10.0-514.26.2.el7.x86_64 #1 SMP Tue Jul 4 15:04:05 UTC 2017 x86_64 x86_64 x86_64 GNU/Linux

-------------------- Storage usage --------------------
ファイルシス   サイズ  使用  残り 使用% マウント位置
/dev/vda4         96G  6.1G   90G    7% /
devtmpfs         2.0G     0  2.0G    0% /dev
tmpfs            2.0G     0  2.0G    0% /dev/shm
tmpfs            2.0G  1.1G  889M   56% /run
tmpfs            2.0G     0  2.0G    0% /sys/fs/cgroup
/dev/vda2        497M  215M  283M   44% /boot
tmpfs            396M     0  396M    0% /run/user/0
tmpfs            396M     0  396M    0% /run/user/1001

-------------------- System load --------------------
Linux 3.10.0-514.26.2.el7.x86_64 (sakura-tokyo-prod) 	2018年04月07日 	_x86_64_	(4 CPU)

00時00分03秒     CPU     %user     %nice   %system   %iowait    %steal     %idle
01時00分03秒     all      0.51      0.00      0.10      0.01      0.10     99.28
02時00分02秒     all      1.23      0.00      0.19      0.02      0.10     98.47
03時00分01秒     all      0.69      0.00      0.11      0.01      0.09     99.10
04時00分01秒     all      0.93      0.00      0.14      0.01      0.10     98.82
05時00分03秒     all      1.21      0.00      0.29      0.51      0.14     97.86
平均値:      all      0.91      0.00      0.17      0.11      0.11     98.70

-------------------- Logged in user --------------------
k1772da6 2018-04-06 22:42

==================== 2018-04-07 08:55:02 ====================

-------------------- uptime --------------------
 08:55:02 up 274 days, 21:44,  0 users,  load average: 0.00, 0.01, 0.05

-------------------- System info --------------------
Linux sakura-tokyo-prod 3.10.0-514.26.2.el7.x86_64 #1 SMP Tue Jul 4 15:04:05 UTC 2017 x86_64 x86_64 x86_64 GNU/Linux

-------------------- Storage usage --------------------
ファイルシス   サイズ  使用  残り 使用% マウント位置
/dev/vda4         96G  6.1G   90G    7% /
devtmpfs         2.0G     0  2.0G    0% /dev
tmpfs            2.0G     0  2.0G    0% /dev/shm
tmpfs            2.0G  1.1G  888M   56% /run
tmpfs            2.0G     0  2.0G    0% /sys/fs/cgroup
/dev/vda2        497M  215M  283M   44% /boot
tmpfs            396M     0  396M    0% /run/user/0
tmpfs            396M     0  396M    0% /run/user/1001

-------------------- System load --------------------
Linux 3.10.0-514.26.2.el7.x86_64 (sakura-tokyo-prod) 	2018年04月07日 	_x86_64_	(4 CPU)

00時00分03秒     CPU     %user     %nice   %system   %iowait    %steal     %idle
01時00分03秒     all      0.51      0.00      0.10      0.01      0.10     99.28
02時00分02秒     all      1.23      0.00      0.19      0.02      0.10     98.47
03時00分01秒     all      0.69      0.00      0.11      0.01      0.09     99.10
04時00分01秒     all      0.93      0.00      0.14      0.01      0.10     98.82
05時00分03秒     all      1.21      0.00      0.29      0.51      0.14     97.86
06時00分03秒     all      0.96      0.00      0.15      0.02      0.12     98.76
07時00分02秒     all      0.71      0.00      0.12      0.01      0.10     99.06
08時00分03秒     all      1.25      0.00      0.19      0.02      0.11     98.43
平均値:      all      0.94      0.00      0.16      0.07      0.11     98.72

-------------------- Logged in user --------------------


==================== 2018-04-07 11:55:01 ====================

-------------------- uptime --------------------
 11:55:01 up 275 days, 44 min,  0 users,  load average: 0.00, 0.01, 0.05

-------------------- System info --------------------
Linux sakura-tokyo-prod 3.10.0-514.26.2.el7.x86_64 #1 SMP Tue Jul 4 15:04:05 UTC 2017 x86_64 x86_64 x86_64 GNU/Linux

-------------------- Storage usage --------------------
ファイルシス   サイズ  使用  残り 使用% マウント位置
/dev/vda4         96G  6.1G   90G    7% /
devtmpfs         2.0G     0  2.0G    0% /dev
tmpfs            2.0G     0  2.0G    0% /dev/shm
tmpfs            2.0G  1.1G  887M   56% /run
tmpfs            2.0G     0  2.0G    0% /sys/fs/cgroup
/dev/vda2        497M  215M  283M   44% /boot
tmpfs            396M     0  396M    0% /run/user/0
tmpfs            396M     0  396M    0% /run/user/1001

-------------------- System load --------------------
Linux 3.10.0-514.26.2.el7.x86_64 (sakura-tokyo-prod) 	2018年04月07日 	_x86_64_	(4 CPU)

00時00分03秒     CPU     %user     %nice   %system   %iowait    %steal     %idle
01時00分03秒     all      0.51      0.00      0.10      0.01      0.10     99.28
02時00分02秒     all      1.23      0.00      0.19      0.02      0.10     98.47
03時00分01秒     all      0.69      0.00      0.11      0.01      0.09     99.10
04時00分01秒     all      0.93      0.00      0.14      0.01      0.10     98.82
05時00分03秒     all      1.21      0.00      0.29      0.51      0.14     97.86
06時00分03秒     all      0.96      0.00      0.15      0.02      0.12     98.76
07時00分02秒     all      0.71      0.00      0.12      0.01      0.10     99.06
08時00分03秒     all      1.25      0.00      0.19      0.02      0.11     98.43
09時00分02秒     all      0.76      0.00      0.11      0.01      0.12     99.00
10時00分02秒     all      1.07      0.00      0.18      0.01      0.14     98.61
11時00分03秒     all      0.78      0.00      0.13      0.01      0.11     98.98
平均値:      all      0.92      0.00      0.15      0.06      0.11     98.76

-------------------- Logged in user --------------------


==================== 2018-04-07 14:55:02 ====================

-------------------- uptime --------------------
 14:55:02 up 275 days,  3:44,  0 users,  load average: 0.00, 0.01, 0.05

-------------------- System info --------------------
Linux sakura-tokyo-prod 3.10.0-514.26.2.el7.x86_64 #1 SMP Tue Jul 4 15:04:05 UTC 2017 x86_64 x86_64 x86_64 GNU/Linux

-------------------- Storage usage --------------------
ファイルシス   サイズ  使用  残り 使用% マウント位置
/dev/vda4         96G  6.1G   90G    7% /
devtmpfs         2.0G     0  2.0G    0% /dev
tmpfs            2.0G     0  2.0G    0% /dev/shm
tmpfs            2.0G  1.1G  887M   56% /run
tmpfs            2.0G     0  2.0G    0% /sys/fs/cgroup
/dev/vda2        497M  215M  283M   44% /boot
tmpfs            396M     0  396M    0% /run/user/0
tmpfs            396M     0  396M    0% /run/user/1001

-------------------- System load --------------------
Linux 3.10.0-514.26.2.el7.x86_64 (sakura-tokyo-prod) 	2018年04月07日 	_x86_64_	(4 CPU)

00時00分03秒     CPU     %user     %nice   %system   %iowait    %steal     %idle
01時00分03秒     all      0.51      0.00      0.10      0.01      0.10     99.28
02時00分02秒     all      1.23      0.00      0.19      0.02      0.10     98.47
03時00分01秒     all      0.69      0.00      0.11      0.01      0.09     99.10
04時00分01秒     all      0.93      0.00      0.14      0.01      0.10     98.82
05時00分03秒     all      1.21      0.00      0.29      0.51      0.14     97.86
06時00分03秒     all      0.96      0.00      0.15      0.02      0.12     98.76
07時00分02秒     all      0.71      0.00      0.12      0.01      0.10     99.06
08時00分03秒     all      1.25      0.00      0.19      0.02      0.11     98.43
09時00分02秒     all      0.76      0.00      0.11      0.01      0.12     99.00
10時00分02秒     all      1.07      0.00      0.18      0.01      0.14     98.61
11時00分03秒     all      0.78      0.00      0.13      0.01      0.11     98.98
12時00分03秒     all      0.78      0.00      0.13      0.00      0.11     98.97
13時00分02秒     all      0.80      0.00      0.13      0.00      0.12     98.94
14時00分02秒     all      1.04      0.00      0.16      0.01      0.13     98.66
平均値:      all      0.91      0.00      0.15      0.04      0.11     98.78

-------------------- Logged in user --------------------


