==================== 2018-04-08 02:55:02 ====================

-------------------- uptime --------------------
 02:55:02 up 275 days, 15:44,  0 users,  load average: 0.01, 0.05, 0.05

-------------------- System info --------------------
Linux sakura-tokyo-prod 3.10.0-514.26.2.el7.x86_64 #1 SMP Tue Jul 4 15:04:05 UTC 2017 x86_64 x86_64 x86_64 GNU/Linux

-------------------- Storage usage --------------------
ファイルシス   サイズ  使用  残り 使用% マウント位置
/dev/vda4         96G  6.1G   90G    7% /
devtmpfs         2.0G     0  2.0G    0% /dev
tmpfs            2.0G     0  2.0G    0% /dev/shm
tmpfs            2.0G  1.1G  875M   56% /run
tmpfs            2.0G     0  2.0G    0% /sys/fs/cgroup
/dev/vda2        497M  215M  283M   44% /boot
tmpfs            396M     0  396M    0% /run/user/0
tmpfs            396M     0  396M    0% /run/user/1001

-------------------- System load --------------------
Linux 3.10.0-514.26.2.el7.x86_64 (sakura-tokyo-prod) 	2018年04月08日 	_x86_64_	(4 CPU)

00時00分03秒     CPU     %user     %nice   %system   %iowait    %steal     %idle
01時00分04秒     all      1.29      0.00      0.21      0.02      0.16     98.33
02時00分03秒     all      0.71      0.00      0.11      0.00      0.12     99.05
平均値:      all      1.00      0.00      0.16      0.01      0.14     98.69

-------------------- Logged in user --------------------


==================== 2018-04-08 05:55:02 ====================

-------------------- uptime --------------------
 05:55:02 up 275 days, 18:44,  0 users,  load average: 0.00, 0.05, 0.11

-------------------- System info --------------------
Linux sakura-tokyo-prod 3.10.0-514.26.2.el7.x86_64 #1 SMP Tue Jul 4 15:04:05 UTC 2017 x86_64 x86_64 x86_64 GNU/Linux

-------------------- Storage usage --------------------
ファイルシス   サイズ  使用  残り 使用% マウント位置
/dev/vda4         96G  6.1G   90G    7% /
devtmpfs         2.0G     0  2.0G    0% /dev
tmpfs            2.0G     0  2.0G    0% /dev/shm
tmpfs            2.0G  1.1G  883M   56% /run
tmpfs            2.0G     0  2.0G    0% /sys/fs/cgroup
/dev/vda2        497M  215M  283M   44% /boot
tmpfs            396M     0  396M    0% /run/user/0
tmpfs            396M     0  396M    0% /run/user/1001

-------------------- System load --------------------
Linux 3.10.0-514.26.2.el7.x86_64 (sakura-tokyo-prod) 	2018年04月08日 	_x86_64_	(4 CPU)

00時00分03秒     CPU     %user     %nice   %system   %iowait    %steal     %idle
01時00分04秒     all      1.29      0.00      0.21      0.02      0.16     98.33
02時00分03秒     all      0.71      0.00      0.11      0.00      0.12     99.05
03時00分02秒     all      1.22      0.00      0.17      0.01      0.12     98.48
04時00分03秒     all      1.24      0.00      0.19      0.02      0.13     98.43
05時00分03秒     all      0.96      0.00      0.15      0.01      0.11     98.78
平均値:      all      1.08      0.00      0.17      0.01      0.13     98.61

-------------------- Logged in user --------------------


==================== 2018-04-08 08:55:02 ====================

-------------------- uptime --------------------
 08:55:02 up 275 days, 21:44,  0 users,  load average: 0.00, 0.01, 0.05

-------------------- System info --------------------
Linux sakura-tokyo-prod 3.10.0-514.26.2.el7.x86_64 #1 SMP Tue Jul 4 15:04:05 UTC 2017 x86_64 x86_64 x86_64 GNU/Linux

-------------------- Storage usage --------------------
ファイルシス   サイズ  使用  残り 使用% マウント位置
/dev/vda4         96G  6.1G   90G    7% /
devtmpfs         2.0G     0  2.0G    0% /dev
tmpfs            2.0G     0  2.0G    0% /dev/shm
tmpfs            2.0G  1.1G  882M   56% /run
tmpfs            2.0G     0  2.0G    0% /sys/fs/cgroup
/dev/vda2        497M  215M  283M   44% /boot
tmpfs            396M     0  396M    0% /run/user/0
tmpfs            396M     0  396M    0% /run/user/1001

-------------------- System load --------------------
Linux 3.10.0-514.26.2.el7.x86_64 (sakura-tokyo-prod) 	2018年04月08日 	_x86_64_	(4 CPU)

00時00分03秒     CPU     %user     %nice   %system   %iowait    %steal     %idle
01時00分04秒     all      1.29      0.00      0.21      0.02      0.16     98.33
02時00分03秒     all      0.71      0.00      0.11      0.00      0.12     99.05
03時00分02秒     all      1.22      0.00      0.17      0.01      0.12     98.48
04時00分03秒     all      1.24      0.00      0.19      0.02      0.13     98.43
05時00分03秒     all      0.96      0.00      0.15      0.01      0.11     98.78
06時00分03秒     all      2.14      0.00      0.30      0.03      0.16     97.37
07時00分03秒     all      1.24      0.00      0.17      0.01      0.13     98.44
08時00分03秒     all      0.97      0.00      0.14      0.01      0.13     98.75
平均値:      all      1.22      0.00      0.18      0.01      0.13     98.45

-------------------- Logged in user --------------------


==================== 2018-04-08 11:55:01 ====================

-------------------- uptime --------------------
 11:55:01 up 276 days, 44 min,  0 users,  load average: 0.03, 0.04, 0.05

-------------------- System info --------------------
Linux sakura-tokyo-prod 3.10.0-514.26.2.el7.x86_64 #1 SMP Tue Jul 4 15:04:05 UTC 2017 x86_64 x86_64 x86_64 GNU/Linux

-------------------- Storage usage --------------------
ファイルシス   サイズ  使用  残り 使用% マウント位置
/dev/vda4         96G  6.1G   90G    7% /
devtmpfs         2.0G     0  2.0G    0% /dev
tmpfs            2.0G     0  2.0G    0% /dev/shm
tmpfs            2.0G  1.1G  881M   56% /run
tmpfs            2.0G     0  2.0G    0% /sys/fs/cgroup
/dev/vda2        497M  215M  283M   44% /boot
tmpfs            396M     0  396M    0% /run/user/0
tmpfs            396M     0  396M    0% /run/user/1001

-------------------- System load --------------------
Linux 3.10.0-514.26.2.el7.x86_64 (sakura-tokyo-prod) 	2018年04月08日 	_x86_64_	(4 CPU)

00時00分03秒     CPU     %user     %nice   %system   %iowait    %steal     %idle
01時00分04秒     all      1.29      0.00      0.21      0.02      0.16     98.33
02時00分03秒     all      0.71      0.00      0.11      0.00      0.12     99.05
03時00分02秒     all      1.22      0.00      0.17      0.01      0.12     98.48
04時00分03秒     all      1.24      0.00      0.19      0.02      0.13     98.43
05時00分03秒     all      0.96      0.00      0.15      0.01      0.11     98.78
06時00分03秒     all      2.14      0.00      0.30      0.03      0.16     97.37
07時00分03秒     all      1.24      0.00      0.17      0.01      0.13     98.44
08時00分03秒     all      0.97      0.00      0.14      0.01      0.13     98.75
09時00分02秒     all      0.46      0.00      0.08      0.00      0.12     99.33
10時00分03秒     all      0.99      0.00      0.14      0.01      0.12     98.74
11時00分03秒     all      0.55      0.00      0.10      0.00      0.14     99.21
平均値:      all      1.07      0.00      0.16      0.01      0.13     98.63

-------------------- Logged in user --------------------


==================== 2018-04-08 14:55:02 ====================

-------------------- uptime --------------------
 14:55:02 up 276 days,  3:44,  0 users,  load average: 0.05, 0.05, 0.05

-------------------- System info --------------------
Linux sakura-tokyo-prod 3.10.0-514.26.2.el7.x86_64 #1 SMP Tue Jul 4 15:04:05 UTC 2017 x86_64 x86_64 x86_64 GNU/Linux

-------------------- Storage usage --------------------
ファイルシス   サイズ  使用  残り 使用% マウント位置
/dev/vda4         96G  6.1G   90G    7% /
devtmpfs         2.0G     0  2.0G    0% /dev
tmpfs            2.0G     0  2.0G    0% /dev/shm
tmpfs            2.0G  1.1G  880M   56% /run
tmpfs            2.0G     0  2.0G    0% /sys/fs/cgroup
/dev/vda2        497M  215M  283M   44% /boot
tmpfs            396M     0  396M    0% /run/user/0
tmpfs            396M     0  396M    0% /run/user/1001

-------------------- System load --------------------
Linux 3.10.0-514.26.2.el7.x86_64 (sakura-tokyo-prod) 	2018年04月08日 	_x86_64_	(4 CPU)

00時00分03秒     CPU     %user     %nice   %system   %iowait    %steal     %idle
01時00分04秒     all      1.29      0.00      0.21      0.02      0.16     98.33
02時00分03秒     all      0.71      0.00      0.11      0.00      0.12     99.05
03時00分02秒     all      1.22      0.00      0.17      0.01      0.12     98.48
04時00分03秒     all      1.24      0.00      0.19      0.02      0.13     98.43
05時00分03秒     all      0.96      0.00      0.15      0.01      0.11     98.78
06時00分03秒     all      2.14      0.00      0.30      0.03      0.16     97.37
07時00分03秒     all      1.24      0.00      0.17      0.01      0.13     98.44
08時00分03秒     all      0.97      0.00      0.14      0.01      0.13     98.75
09時00分02秒     all      0.46      0.00      0.08      0.00      0.12     99.33
10時00分03秒     all      0.99      0.00      0.14      0.01      0.12     98.74
11時00分03秒     all      0.55      0.00      0.10      0.00      0.14     99.21
12時00分02秒     all      0.80      0.00      0.12      0.01      0.12     98.96
13時00分02秒     all      0.99      0.00      0.13      0.01      0.12     98.75
14時00分03秒     all      0.75      0.00      0.11      0.00      0.12     99.01
平均値:      all      1.02      0.00      0.15      0.01      0.13     98.69

-------------------- Logged in user --------------------


==================== 2018-04-08 17:55:02 ====================

-------------------- uptime --------------------
 17:55:02 up 276 days,  6:44,  0 users,  load average: 0.00, 0.01, 0.05

-------------------- System info --------------------
Linux sakura-tokyo-prod 3.10.0-514.26.2.el7.x86_64 #1 SMP Tue Jul 4 15:04:05 UTC 2017 x86_64 x86_64 x86_64 GNU/Linux

-------------------- Storage usage --------------------
ファイルシス   サイズ  使用  残り 使用% マウント位置
/dev/vda4         96G  6.1G   90G    7% /
devtmpfs         2.0G     0  2.0G    0% /dev
tmpfs            2.0G     0  2.0G    0% /dev/shm
tmpfs            2.0G  1.1G  879M   56% /run
tmpfs            2.0G     0  2.0G    0% /sys/fs/cgroup
/dev/vda2        497M  215M  283M   44% /boot
tmpfs            396M     0  396M    0% /run/user/0
tmpfs            396M     0  396M    0% /run/user/1001

-------------------- System load --------------------
Linux 3.10.0-514.26.2.el7.x86_64 (sakura-tokyo-prod) 	2018年04月08日 	_x86_64_	(4 CPU)

00時00分03秒     CPU     %user     %nice   %system   %iowait    %steal     %idle
01時00分04秒     all      1.29      0.00      0.21      0.02      0.16     98.33
02時00分03秒     all      0.71      0.00      0.11      0.00      0.12     99.05
03時00分02秒     all      1.22      0.00      0.17      0.01      0.12     98.48
04時00分03秒     all      1.24      0.00      0.19      0.02      0.13     98.43
05時00分03秒     all      0.96      0.00      0.15      0.01      0.11     98.78
06時00分03秒     all      2.14      0.00      0.30      0.03      0.16     97.37
07時00分03秒     all      1.24      0.00      0.17      0.01      0.13     98.44
08時00分03秒     all      0.97      0.00      0.14      0.01      0.13     98.75
09時00分02秒     all      0.46      0.00      0.08      0.00      0.12     99.33
10時00分03秒     all      0.99      0.00      0.14      0.01      0.12     98.74
11時00分03秒     all      0.55      0.00      0.10      0.00      0.14     99.21
12時00分02秒     all      0.80      0.00      0.12      0.01      0.12     98.96
13時00分02秒     all      0.99      0.00      0.13      0.01      0.12     98.75
14時00分03秒     all      0.75      0.00      0.11      0.00      0.12     99.01
15時00分02秒     all      0.72      0.00      0.11      0.00      0.11     99.05
16時00分03秒     all      0.97      0.00      0.13      0.01      0.10     98.79
17時00分03秒     all      1.00      0.00      0.15      0.01      0.12     98.72
平均値:      all      1.00      0.00      0.15      0.01      0.13     98.72

-------------------- Logged in user --------------------


==================== 2018-04-08 20:55:02 ====================

-------------------- uptime --------------------
 20:55:02 up 276 days,  9:44,  0 users,  load average: 0.24, 0.09, 0.06

-------------------- System info --------------------
Linux sakura-tokyo-prod 3.10.0-514.26.2.el7.x86_64 #1 SMP Tue Jul 4 15:04:05 UTC 2017 x86_64 x86_64 x86_64 GNU/Linux

-------------------- Storage usage --------------------
ファイルシス   サイズ  使用  残り 使用% マウント位置
/dev/vda4         96G  6.1G   90G    7% /
devtmpfs         2.0G     0  2.0G    0% /dev
tmpfs            2.0G     0  2.0G    0% /dev/shm
tmpfs            2.0G  1.1G  879M   56% /run
tmpfs            2.0G     0  2.0G    0% /sys/fs/cgroup
/dev/vda2        497M  215M  283M   44% /boot
tmpfs            396M     0  396M    0% /run/user/0
tmpfs            396M     0  396M    0% /run/user/1001

-------------------- System load --------------------
Linux 3.10.0-514.26.2.el7.x86_64 (sakura-tokyo-prod) 	2018年04月08日 	_x86_64_	(4 CPU)

00時00分03秒     CPU     %user     %nice   %system   %iowait    %steal     %idle
01時00分04秒     all      1.29      0.00      0.21      0.02      0.16     98.33
02時00分03秒     all      0.71      0.00      0.11      0.00      0.12     99.05
03時00分02秒     all      1.22      0.00      0.17      0.01      0.12     98.48
04時00分03秒     all      1.24      0.00      0.19      0.02      0.13     98.43
05時00分03秒     all      0.96      0.00      0.15      0.01      0.11     98.78
06時00分03秒     all      2.14      0.00      0.30      0.03      0.16     97.37
07時00分03秒     all      1.24      0.00      0.17      0.01      0.13     98.44
08時00分03秒     all      0.97      0.00      0.14      0.01      0.13     98.75
09時00分02秒     all      0.46      0.00      0.08      0.00      0.12     99.33
10時00分03秒     all      0.99      0.00      0.14      0.01      0.12     98.74
11時00分03秒     all      0.55      0.00      0.10      0.00      0.14     99.21
12時00分02秒     all      0.80      0.00      0.12      0.01      0.12     98.96
13時00分02秒     all      0.99      0.00      0.13      0.01      0.12     98.75
14時00分03秒     all      0.75      0.00      0.11      0.00      0.12     99.01
15時00分02秒     all      0.72      0.00      0.11      0.00      0.11     99.05
16時00分03秒     all      0.97      0.00      0.13      0.01      0.10     98.79
17時00分03秒     all      1.00      0.00      0.15      0.01      0.12     98.72
18時00分02秒     all      1.26      0.00      0.18      0.02      0.16     98.39
19時00分02秒     all      0.75      0.00      0.12      0.01      0.11     99.02
20時00分03秒     all      1.00      0.00      0.15      0.01      0.10     98.74
平均値:      all      1.00      0.00      0.15      0.01      0.12     98.72

-------------------- Logged in user --------------------


==================== 2018-04-08 23:55:02 ====================

-------------------- uptime --------------------
 23:55:02 up 276 days, 12:44,  0 users,  load average: 0.00, 0.03, 0.05

-------------------- System info --------------------
Linux sakura-tokyo-prod 3.10.0-514.26.2.el7.x86_64 #1 SMP Tue Jul 4 15:04:05 UTC 2017 x86_64 x86_64 x86_64 GNU/Linux

-------------------- Storage usage --------------------
ファイルシス   サイズ  使用  残り 使用% マウント位置
/dev/vda4         96G  6.1G   90G    7% /
devtmpfs         2.0G     0  2.0G    0% /dev
tmpfs            2.0G     0  2.0G    0% /dev/shm
tmpfs            2.0G  1.1G  878M   56% /run
tmpfs            2.0G     0  2.0G    0% /sys/fs/cgroup
/dev/vda2        497M  215M  283M   44% /boot
tmpfs            396M     0  396M    0% /run/user/0
tmpfs            396M     0  396M    0% /run/user/1001

-------------------- System load --------------------
Linux 3.10.0-514.26.2.el7.x86_64 (sakura-tokyo-prod) 	2018年04月08日 	_x86_64_	(4 CPU)

00時00分03秒     CPU     %user     %nice   %system   %iowait    %steal     %idle
01時00分04秒     all      1.29      0.00      0.21      0.02      0.16     98.33
02時00分03秒     all      0.71      0.00      0.11      0.00      0.12     99.05
03時00分02秒     all      1.22      0.00      0.17      0.01      0.12     98.48
04時00分03秒     all      1.24      0.00      0.19      0.02      0.13     98.43
05時00分03秒     all      0.96      0.00      0.15      0.01      0.11     98.78
06時00分03秒     all      2.14      0.00      0.30      0.03      0.16     97.37
07時00分03秒     all      1.24      0.00      0.17      0.01      0.13     98.44
08時00分03秒     all      0.97      0.00      0.14      0.01      0.13     98.75
09時00分02秒     all      0.46      0.00      0.08      0.00      0.12     99.33
10時00分03秒     all      0.99      0.00      0.14      0.01      0.12     98.74
11時00分03秒     all      0.55      0.00      0.10      0.00      0.14     99.21
12時00分02秒     all      0.80      0.00      0.12      0.01      0.12     98.96
13時00分02秒     all      0.99      0.00      0.13      0.01      0.12     98.75
14時00分03秒     all      0.75      0.00      0.11      0.00      0.12     99.01
15時00分02秒     all      0.72      0.00      0.11      0.00      0.11     99.05
16時00分03秒     all      0.97      0.00      0.13      0.01      0.10     98.79
17時00分03秒     all      1.00      0.00      0.15      0.01      0.12     98.72
18時00分02秒     all      1.26      0.00      0.18      0.02      0.16     98.39
19時00分02秒     all      0.75      0.00      0.12      0.01      0.11     99.02
20時00分03秒     all      1.00      0.00      0.15      0.01      0.10     98.74
21時00分03秒     all      0.74      0.00      0.12      0.01      0.11     99.04
22時00分02秒     all      1.22      0.00      0.17      0.01      0.10     98.50
23時00分03秒     all      0.98      0.00      0.14      0.01      0.10     98.76
平均値:      all      1.00      0.00      0.15      0.01      0.12     98.72

-------------------- Logged in user --------------------


