==================== 2018-04-10 02:55:02 ====================

-------------------- uptime --------------------
 02:55:02 up 277 days, 15:44,  0 users,  load average: 0.13, 0.12, 0.08

-------------------- System info --------------------
Linux sakura-tokyo-prod 3.10.0-514.26.2.el7.x86_64 #1 SMP Tue Jul 4 15:04:05 UTC 2017 x86_64 x86_64 x86_64 GNU/Linux

-------------------- Storage usage --------------------
ファイルシス   サイズ  使用  残り 使用% マウント位置
/dev/vda4         96G  6.1G   90G    7% /
devtmpfs         2.0G     0  2.0G    0% /dev
tmpfs            2.0G     0  2.0G    0% /dev/shm
tmpfs            2.0G  1.1G  886M   56% /run
tmpfs            2.0G     0  2.0G    0% /sys/fs/cgroup
/dev/vda2        497M  215M  283M   44% /boot
tmpfs            396M     0  396M    0% /run/user/0
tmpfs            396M     0  396M    0% /run/user/1001

-------------------- System load --------------------
Linux 3.10.0-514.26.2.el7.x86_64 (sakura-tokyo-prod) 	2018年04月10日 	_x86_64_	(4 CPU)

00時00分03秒     CPU     %user     %nice   %system   %iowait    %steal     %idle
01時00分03秒     all      1.23      0.00      0.20      0.01      0.12     98.43
02時00分03秒     all      1.22      0.00      0.18      0.01      0.10     98.49
平均値:      all      1.23      0.00      0.19      0.01      0.11     98.46

-------------------- Logged in user --------------------


==================== 2018-04-10 05:55:02 ====================

-------------------- uptime --------------------
 05:55:02 up 277 days, 18:44,  0 users,  load average: 0.34, 0.21, 0.12

-------------------- System info --------------------
Linux sakura-tokyo-prod 3.10.0-514.26.2.el7.x86_64 #1 SMP Tue Jul 4 15:04:05 UTC 2017 x86_64 x86_64 x86_64 GNU/Linux

-------------------- Storage usage --------------------
ファイルシス   サイズ  使用  残り 使用% マウント位置
/dev/vda4         96G  6.1G   90G    7% /
devtmpfs         2.0G     0  2.0G    0% /dev
tmpfs            2.0G     0  2.0G    0% /dev/shm
tmpfs            2.0G  1.1G  886M   56% /run
tmpfs            2.0G     0  2.0G    0% /sys/fs/cgroup
/dev/vda2        497M  215M  283M   44% /boot
tmpfs            396M     0  396M    0% /run/user/0
tmpfs            396M     0  396M    0% /run/user/1001

-------------------- System load --------------------
Linux 3.10.0-514.26.2.el7.x86_64 (sakura-tokyo-prod) 	2018年04月10日 	_x86_64_	(4 CPU)

00時00分03秒     CPU     %user     %nice   %system   %iowait    %steal     %idle
01時00分03秒     all      1.23      0.00      0.20      0.01      0.12     98.43
02時00分03秒     all      1.22      0.00      0.18      0.01      0.10     98.49
03時00分02秒     all      1.00      0.00      0.17      0.01      0.12     98.70
04時00分02秒     all      2.27      0.00      0.32      0.03      0.16     97.22
05時00分03秒     all      0.97      0.00      0.14      0.01      0.11     98.77
平均値:      all      1.34      0.00      0.20      0.02      0.12     98.32

-------------------- Logged in user --------------------


==================== 2018-04-10 08:55:02 ====================

-------------------- uptime --------------------
 08:55:02 up 277 days, 21:44,  0 users,  load average: 0.00, 0.01, 0.05

-------------------- System info --------------------
Linux sakura-tokyo-prod 3.10.0-514.26.2.el7.x86_64 #1 SMP Tue Jul 4 15:04:05 UTC 2017 x86_64 x86_64 x86_64 GNU/Linux

-------------------- Storage usage --------------------
ファイルシス   サイズ  使用  残り 使用% マウント位置
/dev/vda4         96G  6.1G   90G    7% /
devtmpfs         2.0G     0  2.0G    0% /dev
tmpfs            2.0G     0  2.0G    0% /dev/shm
tmpfs            2.0G  1.1G  885M   56% /run
tmpfs            2.0G     0  2.0G    0% /sys/fs/cgroup
/dev/vda2        497M  215M  283M   44% /boot
tmpfs            396M     0  396M    0% /run/user/0
tmpfs            396M     0  396M    0% /run/user/1001

-------------------- System load --------------------
Linux 3.10.0-514.26.2.el7.x86_64 (sakura-tokyo-prod) 	2018年04月10日 	_x86_64_	(4 CPU)

00時00分03秒     CPU     %user     %nice   %system   %iowait    %steal     %idle
01時00分03秒     all      1.23      0.00      0.20      0.01      0.12     98.43
02時00分03秒     all      1.22      0.00      0.18      0.01      0.10     98.49
03時00分02秒     all      1.00      0.00      0.17      0.01      0.12     98.70
04時00分02秒     all      2.27      0.00      0.32      0.03      0.16     97.22
05時00分03秒     all      0.97      0.00      0.14      0.01      0.11     98.77
06時00分02秒     all      2.03      0.00      0.29      0.03      0.14     97.52
07時00分03秒     all      1.52      0.00      0.23      0.02      0.15     98.07
08時00分03秒     all      0.97      0.00      0.14      0.01      0.13     98.75
平均値:      all      1.40      0.00      0.21      0.02      0.13     98.24

-------------------- Logged in user --------------------


==================== 2018-04-10 11:55:01 ====================

-------------------- uptime --------------------
 11:55:01 up 278 days, 44 min,  1 user,  load average: 0.09, 0.05, 0.05

-------------------- System info --------------------
Linux sakura-tokyo-prod 3.10.0-514.26.2.el7.x86_64 #1 SMP Tue Jul 4 15:04:05 UTC 2017 x86_64 x86_64 x86_64 GNU/Linux

-------------------- Storage usage --------------------
ファイルシス   サイズ  使用  残り 使用% マウント位置
/dev/vda4         96G  6.1G   90G    7% /
devtmpfs         2.0G     0  2.0G    0% /dev
tmpfs            2.0G     0  2.0G    0% /dev/shm
tmpfs            2.0G  1.1G  885M   56% /run
tmpfs            2.0G     0  2.0G    0% /sys/fs/cgroup
/dev/vda2        497M  215M  283M   44% /boot
tmpfs            396M     0  396M    0% /run/user/0
tmpfs            396M     0  396M    0% /run/user/1001

-------------------- System load --------------------
Linux 3.10.0-514.26.2.el7.x86_64 (sakura-tokyo-prod) 	2018年04月10日 	_x86_64_	(4 CPU)

00時00分03秒     CPU     %user     %nice   %system   %iowait    %steal     %idle
01時00分03秒     all      1.23      0.00      0.20      0.01      0.12     98.43
02時00分03秒     all      1.22      0.00      0.18      0.01      0.10     98.49
03時00分02秒     all      1.00      0.00      0.17      0.01      0.12     98.70
04時00分02秒     all      2.27      0.00      0.32      0.03      0.16     97.22
05時00分03秒     all      0.97      0.00      0.14      0.01      0.11     98.77
06時00分02秒     all      2.03      0.00      0.29      0.03      0.14     97.52
07時00分03秒     all      1.52      0.00      0.23      0.02      0.15     98.07
08時00分03秒     all      0.97      0.00      0.14      0.01      0.13     98.75
09時00分02秒     all      0.72      0.00      0.12      0.00      0.15     99.01
10時00分02秒     all      0.51      0.00      0.11      0.01      0.14     99.24
11時00分02秒     all      0.94      0.00      0.18      0.02      0.16     98.71
平均値:      all      1.22      0.00      0.19      0.01      0.13     98.45

-------------------- Logged in user --------------------
kd6523ed 2018-04-10 08:59

==================== 2018-04-10 14:55:01 ====================

-------------------- uptime --------------------
 14:55:01 up 278 days,  3:44,  1 user,  load average: 0.00, 0.01, 0.05

-------------------- System info --------------------
Linux sakura-tokyo-prod 3.10.0-514.26.2.el7.x86_64 #1 SMP Tue Jul 4 15:04:05 UTC 2017 x86_64 x86_64 x86_64 GNU/Linux

-------------------- Storage usage --------------------
ファイルシス   サイズ  使用  残り 使用% マウント位置
/dev/vda4         96G  6.1G   90G    7% /
devtmpfs         2.0G     0  2.0G    0% /dev
tmpfs            2.0G     0  2.0G    0% /dev/shm
tmpfs            2.0G  1.1G  885M   56% /run
tmpfs            2.0G     0  2.0G    0% /sys/fs/cgroup
/dev/vda2        497M  215M  283M   44% /boot
tmpfs            396M     0  396M    0% /run/user/0
tmpfs            396M     0  396M    0% /run/user/1001

-------------------- System load --------------------
Linux 3.10.0-514.26.2.el7.x86_64 (sakura-tokyo-prod) 	2018年04月10日 	_x86_64_	(4 CPU)

00時00分03秒     CPU     %user     %nice   %system   %iowait    %steal     %idle
01時00分03秒     all      1.23      0.00      0.20      0.01      0.12     98.43
02時00分03秒     all      1.22      0.00      0.18      0.01      0.10     98.49
03時00分02秒     all      1.00      0.00      0.17      0.01      0.12     98.70
04時00分02秒     all      2.27      0.00      0.32      0.03      0.16     97.22
05時00分03秒     all      0.97      0.00      0.14      0.01      0.11     98.77
06時00分02秒     all      2.03      0.00      0.29      0.03      0.14     97.52
07時00分03秒     all      1.52      0.00      0.23      0.02      0.15     98.07
08時00分03秒     all      0.97      0.00      0.14      0.01      0.13     98.75
09時00分02秒     all      0.72      0.00      0.12      0.00      0.15     99.01
10時00分02秒     all      0.51      0.00      0.11      0.01      0.14     99.24
11時00分02秒     all      0.94      0.00      0.18      0.02      0.16     98.71
12時00分01秒     all      0.69      0.00      0.15      0.01      0.16     98.99
13時00分02秒     all      0.62      0.00      0.13      0.01      0.16     99.08
14時00分02秒     all      0.81      0.00      0.15      0.01      0.14     98.89
平均値:      all      1.11      0.00      0.18      0.01      0.14     98.56

-------------------- Logged in user --------------------
k8804a2f 2018-04-10 08:59

==================== 2018-04-10 17:55:01 ====================

-------------------- uptime --------------------
 17:55:01 up 278 days,  6:44,  1 user,  load average: 0.00, 0.01, 0.05

-------------------- System info --------------------
Linux sakura-tokyo-prod 3.10.0-514.26.2.el7.x86_64 #1 SMP Tue Jul 4 15:04:05 UTC 2017 x86_64 x86_64 x86_64 GNU/Linux

-------------------- Storage usage --------------------
ファイルシス   サイズ  使用  残り 使用% マウント位置
/dev/vda4         96G  6.1G   90G    7% /
devtmpfs         2.0G     0  2.0G    0% /dev
tmpfs            2.0G     0  2.0G    0% /dev/shm
tmpfs            2.0G  1.1G  884M   56% /run
tmpfs            2.0G     0  2.0G    0% /sys/fs/cgroup
/dev/vda2        497M  215M  283M   44% /boot
tmpfs            396M     0  396M    0% /run/user/0
tmpfs            396M     0  396M    0% /run/user/1001

-------------------- System load --------------------
Linux 3.10.0-514.26.2.el7.x86_64 (sakura-tokyo-prod) 	2018年04月10日 	_x86_64_	(4 CPU)

00時00分03秒     CPU     %user     %nice   %system   %iowait    %steal     %idle
01時00分03秒     all      1.23      0.00      0.20      0.01      0.12     98.43
02時00分03秒     all      1.22      0.00      0.18      0.01      0.10     98.49
03時00分02秒     all      1.00      0.00      0.17      0.01      0.12     98.70
04時00分02秒     all      2.27      0.00      0.32      0.03      0.16     97.22
05時00分03秒     all      0.97      0.00      0.14      0.01      0.11     98.77
06時00分02秒     all      2.03      0.00      0.29      0.03      0.14     97.52
07時00分03秒     all      1.52      0.00      0.23      0.02      0.15     98.07
08時00分03秒     all      0.97      0.00      0.14      0.01      0.13     98.75
09時00分02秒     all      0.72      0.00      0.12      0.00      0.15     99.01
10時00分02秒     all      0.51      0.00      0.11      0.01      0.14     99.24
11時00分02秒     all      0.94      0.00      0.18      0.02      0.16     98.71
12時00分01秒     all      0.69      0.00      0.15      0.01      0.16     98.99
13時00分02秒     all      0.62      0.00      0.13      0.01      0.16     99.08
14時00分02秒     all      0.81      0.00      0.15      0.01      0.14     98.89
15時00分02秒     all      0.44      0.00      0.09      0.00      0.14     99.33
16時00分02秒     all      0.69      0.00      0.13      0.01      0.14     99.04
17時00分02秒     all      0.16      0.00      0.06      0.00      0.13     99.64
平均値:      all      0.99      0.00      0.16      0.01      0.14     98.70

-------------------- Logged in user --------------------
k8a5c3e9 2018-04-10 08:59

==================== 2018-04-10 20:55:01 ====================

-------------------- uptime --------------------
 20:55:01 up 278 days,  9:44,  1 user,  load average: 0.00, 0.01, 0.05

-------------------- System info --------------------
Linux sakura-tokyo-prod 3.10.0-514.26.2.el7.x86_64 #1 SMP Tue Jul 4 15:04:05 UTC 2017 x86_64 x86_64 x86_64 GNU/Linux

-------------------- Storage usage --------------------
ファイルシス   サイズ  使用  残り 使用% マウント位置
/dev/vda4         96G  6.1G   90G    7% /
devtmpfs         2.0G     0  2.0G    0% /dev
tmpfs            2.0G     0  2.0G    0% /dev/shm
tmpfs            2.0G  1.1G  884M   56% /run
tmpfs            2.0G     0  2.0G    0% /sys/fs/cgroup
/dev/vda2        497M  215M  283M   44% /boot
tmpfs            396M     0  396M    0% /run/user/0
tmpfs            396M     0  396M    0% /run/user/1001

-------------------- System load --------------------
Linux 3.10.0-514.26.2.el7.x86_64 (sakura-tokyo-prod) 	2018年04月10日 	_x86_64_	(4 CPU)

00時00分03秒     CPU     %user     %nice   %system   %iowait    %steal     %idle
01時00分03秒     all      1.23      0.00      0.20      0.01      0.12     98.43
02時00分03秒     all      1.22      0.00      0.18      0.01      0.10     98.49
03時00分02秒     all      1.00      0.00      0.17      0.01      0.12     98.70
04時00分02秒     all      2.27      0.00      0.32      0.03      0.16     97.22
05時00分03秒     all      0.97      0.00      0.14      0.01      0.11     98.77
06時00分02秒     all      2.03      0.00      0.29      0.03      0.14     97.52
07時00分03秒     all      1.52      0.00      0.23      0.02      0.15     98.07
08時00分03秒     all      0.97      0.00      0.14      0.01      0.13     98.75
09時00分02秒     all      0.72      0.00      0.12      0.00      0.15     99.01
10時00分02秒     all      0.51      0.00      0.11      0.01      0.14     99.24
11時00分02秒     all      0.94      0.00      0.18      0.02      0.16     98.71
12時00分01秒     all      0.69      0.00      0.15      0.01      0.16     98.99
13時00分02秒     all      0.62      0.00      0.13      0.01      0.16     99.08
14時00分02秒     all      0.81      0.00      0.15      0.01      0.14     98.89
15時00分02秒     all      0.44      0.00      0.09      0.00      0.14     99.33
16時00分02秒     all      0.69      0.00      0.13      0.01      0.14     99.04
17時00分02秒     all      0.16      0.00      0.06      0.00      0.13     99.64
18時00分02秒     all      0.59      0.00      0.10      0.01      0.12     99.19
19時00分02秒     all      0.09      0.00      0.04      0.00      0.11     99.76
20時00分02秒     all      0.34      0.00      0.07      0.01      0.10     99.48
平均値:      all      0.89      0.00      0.15      0.01      0.13     98.82

-------------------- Logged in user --------------------
kcbc7124 2018-04-10 08:59

==================== 2018-04-10 23:55:01 ====================

-------------------- uptime --------------------
 23:55:01 up 278 days, 12:44,  1 user,  load average: 0.05, 0.03, 0.05

-------------------- System info --------------------
Linux sakura-tokyo-prod 3.10.0-514.26.2.el7.x86_64 #1 SMP Tue Jul 4 15:04:05 UTC 2017 x86_64 x86_64 x86_64 GNU/Linux

-------------------- Storage usage --------------------
ファイルシス   サイズ  使用  残り 使用% マウント位置
/dev/vda4         96G  6.1G   90G    7% /
devtmpfs         2.0G     0  2.0G    0% /dev
tmpfs            2.0G     0  2.0G    0% /dev/shm
tmpfs            2.0G  1.1G  884M   56% /run
tmpfs            2.0G     0  2.0G    0% /sys/fs/cgroup
/dev/vda2        497M  215M  283M   44% /boot
tmpfs            396M     0  396M    0% /run/user/0
tmpfs            396M     0  396M    0% /run/user/1001

-------------------- System load --------------------
Linux 3.10.0-514.26.2.el7.x86_64 (sakura-tokyo-prod) 	2018年04月10日 	_x86_64_	(4 CPU)

00時00分03秒     CPU     %user     %nice   %system   %iowait    %steal     %idle
01時00分03秒     all      1.23      0.00      0.20      0.01      0.12     98.43
02時00分03秒     all      1.22      0.00      0.18      0.01      0.10     98.49
03時00分02秒     all      1.00      0.00      0.17      0.01      0.12     98.70
04時00分02秒     all      2.27      0.00      0.32      0.03      0.16     97.22
05時00分03秒     all      0.97      0.00      0.14      0.01      0.11     98.77
06時00分02秒     all      2.03      0.00      0.29      0.03      0.14     97.52
07時00分03秒     all      1.52      0.00      0.23      0.02      0.15     98.07
08時00分03秒     all      0.97      0.00      0.14      0.01      0.13     98.75
09時00分02秒     all      0.72      0.00      0.12      0.00      0.15     99.01
10時00分02秒     all      0.51      0.00      0.11      0.01      0.14     99.24
11時00分02秒     all      0.94      0.00      0.18      0.02      0.16     98.71
12時00分01秒     all      0.69      0.00      0.15      0.01      0.16     98.99
13時00分02秒     all      0.62      0.00      0.13      0.01      0.16     99.08
14時00分02秒     all      0.81      0.00      0.15      0.01      0.14     98.89
15時00分02秒     all      0.44      0.00      0.09      0.00      0.14     99.33
16時00分02秒     all      0.69      0.00      0.13      0.01      0.14     99.04
17時00分02秒     all      0.16      0.00      0.06      0.00      0.13     99.64
18時00分02秒     all      0.59      0.00      0.10      0.01      0.12     99.19
19時00分02秒     all      0.09      0.00      0.04      0.00      0.11     99.76
20時00分02秒     all      0.34      0.00      0.07      0.01      0.10     99.48
21時00分01秒     all      0.34      0.00      0.07      0.01      0.10     99.48
22時00分02秒     all      0.34      0.00      0.07      0.00      0.10     99.48
23時00分02秒     all      0.09      0.00      0.04      0.00      0.09     99.78
平均値:      all      0.81      0.00      0.14      0.01      0.13     98.92

-------------------- Logged in user --------------------
k5ab8a9f 2018-04-10 08:59

