==================== 2018-04-11 02:55:01 ====================

-------------------- uptime --------------------
 02:55:01 up 278 days, 15:44,  1 user,  load average: 0.05, 0.03, 0.05

-------------------- System info --------------------
Linux sakura-tokyo-prod 3.10.0-514.26.2.el7.x86_64 #1 SMP Tue Jul 4 15:04:05 UTC 2017 x86_64 x86_64 x86_64 GNU/Linux

-------------------- Storage usage --------------------
ファイルシス   サイズ  使用  残り 使用% マウント位置
/dev/vda4         96G  6.1G   90G    7% /
devtmpfs         2.0G     0  2.0G    0% /dev
tmpfs            2.0G     0  2.0G    0% /dev/shm
tmpfs            2.0G  1.1G  884M   56% /run
tmpfs            2.0G     0  2.0G    0% /sys/fs/cgroup
/dev/vda2        497M  215M  283M   44% /boot
tmpfs            396M     0  396M    0% /run/user/0
tmpfs            396M     0  396M    0% /run/user/1001

-------------------- System load --------------------
Linux 3.10.0-514.26.2.el7.x86_64 (sakura-tokyo-prod) 	2018年04月11日 	_x86_64_	(4 CPU)

00時00分02秒     CPU     %user     %nice   %system   %iowait    %steal     %idle
01時00分02秒     all      0.63      0.00      0.11      0.01      0.10     99.15
02時00分02秒     all      0.35      0.00      0.07      0.00      0.10     99.48
平均値:      all      0.49      0.00      0.09      0.01      0.10     99.31

-------------------- Logged in user --------------------
kf7e8344 2018-04-10 08:59

==================== 2018-04-11 05:55:01 ====================

-------------------- uptime --------------------
 05:55:01 up 278 days, 18:44,  1 user,  load average: 0.33, 0.15, 0.09

-------------------- System info --------------------
Linux sakura-tokyo-prod 3.10.0-514.26.2.el7.x86_64 #1 SMP Tue Jul 4 15:04:05 UTC 2017 x86_64 x86_64 x86_64 GNU/Linux

-------------------- Storage usage --------------------
ファイルシス   サイズ  使用  残り 使用% マウント位置
/dev/vda4         96G  6.1G   90G    7% /
devtmpfs         2.0G     0  2.0G    0% /dev
tmpfs            2.0G     0  2.0G    0% /dev/shm
tmpfs            2.0G  1.1G  884M   56% /run
tmpfs            2.0G     0  2.0G    0% /sys/fs/cgroup
/dev/vda2        497M  215M  283M   44% /boot
tmpfs            396M     0  396M    0% /run/user/0
tmpfs            396M     0  396M    0% /run/user/1001

-------------------- System load --------------------
Linux 3.10.0-514.26.2.el7.x86_64 (sakura-tokyo-prod) 	2018年04月11日 	_x86_64_	(4 CPU)

00時00分02秒     CPU     %user     %nice   %system   %iowait    %steal     %idle
01時00分02秒     all      0.63      0.00      0.11      0.01      0.10     99.15
02時00分02秒     all      0.35      0.00      0.07      0.00      0.10     99.48
03時00分02秒     all      0.60      0.00      0.10      0.01      0.11     99.18
04時00分02秒     all      0.34      0.00      0.07      0.00      0.10     99.48
05時00分02秒     all      0.10      0.00      0.04      0.00      0.09     99.77
平均値:      all      0.40      0.00      0.08      0.01      0.10     99.41

-------------------- Logged in user --------------------
k7110177 2018-04-10 08:59

