==================== 2018-04-13 02:55:01 ====================

-------------------- uptime --------------------
 02:55:01 up 280 days, 15:44,  1 user,  load average: 0.00, 0.01, 0.05

-------------------- System info --------------------
Linux sakura-tokyo-prod 3.10.0-514.26.2.el7.x86_64 #1 SMP Tue Jul 4 15:04:05 UTC 2017 x86_64 x86_64 x86_64 GNU/Linux

-------------------- Storage usage --------------------
ファイルシス   サイズ  使用  残り 使用% マウント位置
/dev/vda4         96G  6.1G   90G    7% /
devtmpfs         2.0G     0  2.0G    0% /dev
tmpfs            2.0G     0  2.0G    0% /dev/shm
tmpfs            2.0G  1.1G  874M   56% /run
tmpfs            2.0G     0  2.0G    0% /sys/fs/cgroup
/dev/vda2        497M  215M  283M   44% /boot
tmpfs            396M     0  396M    0% /run/user/0
tmpfs            396M     0  396M    0% /run/user/1001

-------------------- System load --------------------
Linux 3.10.0-514.26.2.el7.x86_64 (sakura-tokyo-prod) 	2018年04月13日 	_x86_64_	(4 CPU)

00時00分02秒     CPU     %user     %nice   %system   %iowait    %steal     %idle
01時00分02秒     all      0.90      0.00      0.14      0.01      0.08     98.86
02時00分02秒     all      0.34      0.00      0.07      0.01      0.07     99.52
平均値:      all      0.62      0.00      0.11      0.01      0.07     99.19

-------------------- Logged in user --------------------
ka26f635 2018-04-12 10:29

==================== 2018-04-13 05:55:02 ====================

-------------------- uptime --------------------
 05:55:02 up 280 days, 18:44,  1 user,  load average: 0.07, 0.08, 0.07

-------------------- System info --------------------
Linux sakura-tokyo-prod 3.10.0-514.26.2.el7.x86_64 #1 SMP Tue Jul 4 15:04:05 UTC 2017 x86_64 x86_64 x86_64 GNU/Linux

-------------------- Storage usage --------------------
ファイルシス   サイズ  使用  残り 使用% マウント位置
/dev/vda4         96G  6.1G   90G    7% /
devtmpfs         2.0G     0  2.0G    0% /dev
tmpfs            2.0G     0  2.0G    0% /dev/shm
tmpfs            2.0G  1.1G  874M   56% /run
tmpfs            2.0G     0  2.0G    0% /sys/fs/cgroup
/dev/vda2        497M  215M  283M   44% /boot
tmpfs            396M     0  396M    0% /run/user/0
tmpfs            396M     0  396M    0% /run/user/1001

-------------------- System load --------------------
Linux 3.10.0-514.26.2.el7.x86_64 (sakura-tokyo-prod) 	2018年04月13日 	_x86_64_	(4 CPU)

00時00分02秒     CPU     %user     %nice   %system   %iowait    %steal     %idle
01時00分02秒     all      0.90      0.00      0.14      0.01      0.08     98.86
02時00分02秒     all      0.34      0.00      0.07      0.01      0.07     99.52
03時00分02秒     all      0.08      0.00      0.04      0.00      0.05     99.83
04時00分02秒     all      0.61      0.00      0.12      0.01      0.08     99.18
05時00分02秒     all      0.08      0.00      0.04      0.00      0.06     99.82
平均値:      all      0.40      0.00      0.08      0.01      0.07     99.44

-------------------- Logged in user --------------------
kae736c2 2018-04-12 10:29

==================== 2018-04-13 08:55:01 ====================

-------------------- uptime --------------------
 08:55:01 up 280 days, 21:44,  1 user,  load average: 0.00, 0.01, 0.05

-------------------- System info --------------------
Linux sakura-tokyo-prod 3.10.0-514.26.2.el7.x86_64 #1 SMP Tue Jul 4 15:04:05 UTC 2017 x86_64 x86_64 x86_64 GNU/Linux

-------------------- Storage usage --------------------
ファイルシス   サイズ  使用  残り 使用% マウント位置
/dev/vda4         96G  6.1G   90G    7% /
devtmpfs         2.0G     0  2.0G    0% /dev
tmpfs            2.0G     0  2.0G    0% /dev/shm
tmpfs            2.0G  1.1G  874M   56% /run
tmpfs            2.0G     0  2.0G    0% /sys/fs/cgroup
/dev/vda2        497M  215M  283M   44% /boot
tmpfs            396M     0  396M    0% /run/user/0
tmpfs            396M     0  396M    0% /run/user/1001

-------------------- System load --------------------
Linux 3.10.0-514.26.2.el7.x86_64 (sakura-tokyo-prod) 	2018年04月13日 	_x86_64_	(4 CPU)

00時00分02秒     CPU     %user     %nice   %system   %iowait    %steal     %idle
01時00分02秒     all      0.90      0.00      0.14      0.01      0.08     98.86
02時00分02秒     all      0.34      0.00      0.07      0.01      0.07     99.52
03時00分02秒     all      0.08      0.00      0.04      0.00      0.05     99.83
04時00分02秒     all      0.61      0.00      0.12      0.01      0.08     99.18
05時00分02秒     all      0.08      0.00      0.04      0.00      0.06     99.82
06時00分02秒     all      0.61      0.00      0.10      0.01      0.07     99.21
07時00分02秒     all      0.65      0.00      0.12      0.01      0.08     99.14
08時00分01秒     all      0.88      0.00      0.14      0.01      0.07     98.89
平均値:      all      0.52      0.00      0.10      0.01      0.07     99.31

-------------------- Logged in user --------------------
k102a31a 2018-04-12 10:29

==================== 2018-04-13 11:55:01 ====================

-------------------- uptime --------------------
 11:55:01 up 281 days, 44 min,  1 user,  load average: 0.00, 0.04, 0.06

-------------------- System info --------------------
Linux sakura-tokyo-prod 3.10.0-514.26.2.el7.x86_64 #1 SMP Tue Jul 4 15:04:05 UTC 2017 x86_64 x86_64 x86_64 GNU/Linux

-------------------- Storage usage --------------------
ファイルシス   サイズ  使用  残り 使用% マウント位置
/dev/vda4         96G  6.1G   90G    7% /
devtmpfs         2.0G     0  2.0G    0% /dev
tmpfs            2.0G     0  2.0G    0% /dev/shm
tmpfs            2.0G  1.1G  874M   56% /run
tmpfs            2.0G     0  2.0G    0% /sys/fs/cgroup
/dev/vda2        497M  215M  283M   44% /boot
tmpfs            396M     0  396M    0% /run/user/0
tmpfs            396M     0  396M    0% /run/user/1001

-------------------- System load --------------------
Linux 3.10.0-514.26.2.el7.x86_64 (sakura-tokyo-prod) 	2018年04月13日 	_x86_64_	(4 CPU)

00時00分02秒     CPU     %user     %nice   %system   %iowait    %steal     %idle
01時00分02秒     all      0.90      0.00      0.14      0.01      0.08     98.86
02時00分02秒     all      0.34      0.00      0.07      0.01      0.07     99.52
03時00分02秒     all      0.08      0.00      0.04      0.00      0.05     99.83
04時00分02秒     all      0.61      0.00      0.12      0.01      0.08     99.18
05時00分02秒     all      0.08      0.00      0.04      0.00      0.06     99.82
06時00分02秒     all      0.61      0.00      0.10      0.01      0.07     99.21
07時00分02秒     all      0.65      0.00      0.12      0.01      0.08     99.14
08時00分01秒     all      0.88      0.00      0.14      0.01      0.07     98.89
09時00分02秒     all      0.89      0.00      0.15      0.01      0.08     98.87
10時00分02秒     all      0.34      0.00      0.07      0.00      0.07     99.51
11時00分02秒     all      0.36      0.00      0.07      0.00      0.08     99.49
平均値:      all      0.52      0.00      0.10      0.01      0.07     99.30

-------------------- Logged in user --------------------
k976c058 2018-04-12 10:29

==================== 2018-04-13 14:55:01 ====================

-------------------- uptime --------------------
 14:55:01 up 281 days,  3:44,  1 user,  load average: 0.00, 0.01, 0.05

-------------------- System info --------------------
Linux sakura-tokyo-prod 3.10.0-514.26.2.el7.x86_64 #1 SMP Tue Jul 4 15:04:05 UTC 2017 x86_64 x86_64 x86_64 GNU/Linux

-------------------- Storage usage --------------------
ファイルシス   サイズ  使用  残り 使用% マウント位置
/dev/vda4         96G  6.1G   90G    7% /
devtmpfs         2.0G     0  2.0G    0% /dev
tmpfs            2.0G     0  2.0G    0% /dev/shm
tmpfs            2.0G  1.1G  874M   56% /run
tmpfs            2.0G     0  2.0G    0% /sys/fs/cgroup
/dev/vda2        497M  215M  283M   44% /boot
tmpfs            396M     0  396M    0% /run/user/0
tmpfs            396M     0  396M    0% /run/user/1001

-------------------- System load --------------------
Linux 3.10.0-514.26.2.el7.x86_64 (sakura-tokyo-prod) 	2018年04月13日 	_x86_64_	(4 CPU)

00時00分02秒     CPU     %user     %nice   %system   %iowait    %steal     %idle
01時00分02秒     all      0.90      0.00      0.14      0.01      0.08     98.86
02時00分02秒     all      0.34      0.00      0.07      0.01      0.07     99.52
03時00分02秒     all      0.08      0.00      0.04      0.00      0.05     99.83
04時00分02秒     all      0.61      0.00      0.12      0.01      0.08     99.18
05時00分02秒     all      0.08      0.00      0.04      0.00      0.06     99.82
06時00分02秒     all      0.61      0.00      0.10      0.01      0.07     99.21
07時00分02秒     all      0.65      0.00      0.12      0.01      0.08     99.14
08時00分01秒     all      0.88      0.00      0.14      0.01      0.07     98.89
09時00分02秒     all      0.89      0.00      0.15      0.01      0.08     98.87
10時00分02秒     all      0.34      0.00      0.07      0.00      0.07     99.51
11時00分02秒     all      0.36      0.00      0.07      0.00      0.08     99.49
12時00分02秒     all      0.87      0.00      0.14      0.01      0.09     98.88
13時00分02秒     all      0.18      0.00      0.06      0.00      0.10     99.66
14時00分02秒     all      0.61      0.00      0.12      0.01      0.09     99.17
平均値:      all      0.53      0.00      0.10      0.01      0.08     99.29

-------------------- Logged in user --------------------
k9f338d4 2018-04-12 10:29

==================== 2018-04-13 17:55:01 ====================

-------------------- uptime --------------------
 17:55:01 up 281 days,  6:44,  1 user,  load average: 0.00, 0.01, 0.05

-------------------- System info --------------------
Linux sakura-tokyo-prod 3.10.0-514.26.2.el7.x86_64 #1 SMP Tue Jul 4 15:04:05 UTC 2017 x86_64 x86_64 x86_64 GNU/Linux

-------------------- Storage usage --------------------
ファイルシス   サイズ  使用  残り 使用% マウント位置
/dev/vda4         96G  6.1G   90G    7% /
devtmpfs         2.0G     0  2.0G    0% /dev
tmpfs            2.0G     0  2.0G    0% /dev/shm
tmpfs            2.0G  1.1G  874M   56% /run
tmpfs            2.0G     0  2.0G    0% /sys/fs/cgroup
/dev/vda2        497M  215M  283M   44% /boot
tmpfs            396M     0  396M    0% /run/user/0
tmpfs            396M     0  396M    0% /run/user/1001

-------------------- System load --------------------
Linux 3.10.0-514.26.2.el7.x86_64 (sakura-tokyo-prod) 	2018年04月13日 	_x86_64_	(4 CPU)

00時00分02秒     CPU     %user     %nice   %system   %iowait    %steal     %idle
01時00分02秒     all      0.90      0.00      0.14      0.01      0.08     98.86
02時00分02秒     all      0.34      0.00      0.07      0.01      0.07     99.52
03時00分02秒     all      0.08      0.00      0.04      0.00      0.05     99.83
04時00分02秒     all      0.61      0.00      0.12      0.01      0.08     99.18
05時00分02秒     all      0.08      0.00      0.04      0.00      0.06     99.82
06時00分02秒     all      0.61      0.00      0.10      0.01      0.07     99.21
07時00分02秒     all      0.65      0.00      0.12      0.01      0.08     99.14
08時00分01秒     all      0.88      0.00      0.14      0.01      0.07     98.89
09時00分02秒     all      0.89      0.00      0.15      0.01      0.08     98.87
10時00分02秒     all      0.34      0.00      0.07      0.00      0.07     99.51
11時00分02秒     all      0.36      0.00      0.07      0.00      0.08     99.49
12時00分02秒     all      0.87      0.00      0.14      0.01      0.09     98.88
13時00分02秒     all      0.18      0.00      0.06      0.00      0.10     99.66
14時00分02秒     all      0.61      0.00      0.12      0.01      0.09     99.17
15時00分02秒     all      0.09      0.00      0.04      0.00      0.07     99.79
16時00分02秒     all      0.85      0.00      0.12      0.01      0.08     98.94
17時00分02秒     all      0.61      0.00      0.10      0.01      0.07     99.21
平均値:      all      0.53      0.00      0.10      0.01      0.08     99.29

-------------------- Logged in user --------------------
k15b234b 2018-04-12 10:29

==================== 2018-04-13 20:55:01 ====================

-------------------- uptime --------------------
 20:55:01 up 281 days,  9:44,  1 user,  load average: 0.00, 0.01, 0.05

-------------------- System info --------------------
Linux sakura-tokyo-prod 3.10.0-514.26.2.el7.x86_64 #1 SMP Tue Jul 4 15:04:05 UTC 2017 x86_64 x86_64 x86_64 GNU/Linux

-------------------- Storage usage --------------------
ファイルシス   サイズ  使用  残り 使用% マウント位置
/dev/vda4         96G  6.1G   90G    7% /
devtmpfs         2.0G     0  2.0G    0% /dev
tmpfs            2.0G     0  2.0G    0% /dev/shm
tmpfs            2.0G  1.1G  874M   56% /run
tmpfs            2.0G     0  2.0G    0% /sys/fs/cgroup
/dev/vda2        497M  215M  283M   44% /boot
tmpfs            396M     0  396M    0% /run/user/0
tmpfs            396M     0  396M    0% /run/user/1001

-------------------- System load --------------------
Linux 3.10.0-514.26.2.el7.x86_64 (sakura-tokyo-prod) 	2018年04月13日 	_x86_64_	(4 CPU)

00時00分02秒     CPU     %user     %nice   %system   %iowait    %steal     %idle
01時00分02秒     all      0.90      0.00      0.14      0.01      0.08     98.86
02時00分02秒     all      0.34      0.00      0.07      0.01      0.07     99.52
03時00分02秒     all      0.08      0.00      0.04      0.00      0.05     99.83
04時00分02秒     all      0.61      0.00      0.12      0.01      0.08     99.18
05時00分02秒     all      0.08      0.00      0.04      0.00      0.06     99.82
06時00分02秒     all      0.61      0.00      0.10      0.01      0.07     99.21
07時00分02秒     all      0.65      0.00      0.12      0.01      0.08     99.14
08時00分01秒     all      0.88      0.00      0.14      0.01      0.07     98.89
09時00分02秒     all      0.89      0.00      0.15      0.01      0.08     98.87
10時00分02秒     all      0.34      0.00      0.07      0.00      0.07     99.51
11時00分02秒     all      0.36      0.00      0.07      0.00      0.08     99.49
12時00分02秒     all      0.87      0.00      0.14      0.01      0.09     98.88
13時00分02秒     all      0.18      0.00      0.06      0.00      0.10     99.66
14時00分02秒     all      0.61      0.00      0.12      0.01      0.09     99.17
15時00分02秒     all      0.09      0.00      0.04      0.00      0.07     99.79
16時00分02秒     all      0.85      0.00      0.12      0.01      0.08     98.94
17時00分02秒     all      0.61      0.00      0.10      0.01      0.07     99.21
18時00分02秒     all      0.89      0.00      0.14      0.01      0.09     98.87
19時00分03秒     all      0.10      0.00      0.05      0.00      0.07     99.79
20時00分02秒     all      0.33      0.00      0.07      0.00      0.05     99.54
平均値:      all      0.51      0.00      0.10      0.01      0.08     99.31

-------------------- Logged in user --------------------
kfd68460 2018-04-12 10:29

