==================== 2018-04-14 02:55:01 ====================

-------------------- uptime --------------------
 02:55:01 up 281 days, 15:44,  1 user,  load average: 0.00, 0.01, 0.05

-------------------- System info --------------------
Linux sakura-tokyo-prod 3.10.0-514.26.2.el7.x86_64 #1 SMP Tue Jul 4 15:04:05 UTC 2017 x86_64 x86_64 x86_64 GNU/Linux

-------------------- Storage usage --------------------
ファイルシス   サイズ  使用  残り 使用% マウント位置
/dev/vda4         96G  6.1G   90G    7% /
devtmpfs         2.0G     0  2.0G    0% /dev
tmpfs            2.0G     0  2.0G    0% /dev/shm
tmpfs            2.0G  1.1G  865M   57% /run
tmpfs            2.0G     0  2.0G    0% /sys/fs/cgroup
/dev/vda2        497M  215M  283M   44% /boot
tmpfs            396M     0  396M    0% /run/user/0
tmpfs            396M     0  396M    0% /run/user/1001

-------------------- System load --------------------
Linux 3.10.0-514.26.2.el7.x86_64 (sakura-tokyo-prod) 	2018年04月14日 	_x86_64_	(4 CPU)

00時00分02秒     CPU     %user     %nice   %system   %iowait    %steal     %idle
01時00分02秒     all      0.10      0.00      0.05      0.00      0.06     99.79
02時00分02秒     all      0.34      0.00      0.07      0.01      0.07     99.51
平均値:      all      0.22      0.00      0.06      0.00      0.06     99.65

-------------------- Logged in user --------------------
kb5b063f 2018-04-12 10:29

==================== 2018-04-14 05:55:01 ====================

-------------------- uptime --------------------
 05:55:01 up 281 days, 18:44,  1 user,  load average: 0.00, 0.01, 0.05

-------------------- System info --------------------
Linux sakura-tokyo-prod 3.10.0-514.26.2.el7.x86_64 #1 SMP Tue Jul 4 15:04:05 UTC 2017 x86_64 x86_64 x86_64 GNU/Linux

-------------------- Storage usage --------------------
ファイルシス   サイズ  使用  残り 使用% マウント位置
/dev/vda4         96G  6.1G   90G    7% /
devtmpfs         2.0G     0  2.0G    0% /dev
tmpfs            2.0G     0  2.0G    0% /dev/shm
tmpfs            2.0G  1.1G  865M   57% /run
tmpfs            2.0G     0  2.0G    0% /sys/fs/cgroup
/dev/vda2        497M  215M  283M   44% /boot
tmpfs            396M     0  396M    0% /run/user/0
tmpfs            396M     0  396M    0% /run/user/1001

-------------------- System load --------------------
Linux 3.10.0-514.26.2.el7.x86_64 (sakura-tokyo-prod) 	2018年04月14日 	_x86_64_	(4 CPU)

00時00分02秒     CPU     %user     %nice   %system   %iowait    %steal     %idle
01時00分02秒     all      0.10      0.00      0.05      0.00      0.06     99.79
02時00分02秒     all      0.34      0.00      0.07      0.01      0.07     99.51
03時00分02秒     all      0.35      0.00      0.07      0.01      0.07     99.50
04時00分02秒     all      1.14      0.00      0.16      0.02      0.08     98.60
05時00分01秒     all      0.08      0.00      0.04      0.00      0.06     99.82
平均値:      all      0.40      0.00      0.08      0.01      0.07     99.45

-------------------- Logged in user --------------------
k468ca68 2018-04-12 10:29

==================== 2018-04-14 08:55:01 ====================

-------------------- uptime --------------------
 08:55:01 up 281 days, 21:44,  1 user,  load average: 0.00, 0.01, 0.05

-------------------- System info --------------------
Linux sakura-tokyo-prod 3.10.0-514.26.2.el7.x86_64 #1 SMP Tue Jul 4 15:04:05 UTC 2017 x86_64 x86_64 x86_64 GNU/Linux

-------------------- Storage usage --------------------
ファイルシス   サイズ  使用  残り 使用% マウント位置
/dev/vda4         96G  6.1G   90G    7% /
devtmpfs         2.0G     0  2.0G    0% /dev
tmpfs            2.0G     0  2.0G    0% /dev/shm
tmpfs            2.0G  1.1G  865M   57% /run
tmpfs            2.0G     0  2.0G    0% /sys/fs/cgroup
/dev/vda2        497M  215M  283M   44% /boot
tmpfs            396M     0  396M    0% /run/user/0
tmpfs            396M     0  396M    0% /run/user/1001

-------------------- System load --------------------
Linux 3.10.0-514.26.2.el7.x86_64 (sakura-tokyo-prod) 	2018年04月14日 	_x86_64_	(4 CPU)

00時00分02秒     CPU     %user     %nice   %system   %iowait    %steal     %idle
01時00分02秒     all      0.10      0.00      0.05      0.00      0.06     99.79
02時00分02秒     all      0.34      0.00      0.07      0.01      0.07     99.51
03時00分02秒     all      0.35      0.00      0.07      0.01      0.07     99.50
04時00分02秒     all      1.14      0.00      0.16      0.02      0.08     98.60
05時00分01秒     all      0.08      0.00      0.04      0.00      0.06     99.82
06時00分02秒     all      0.64      0.00      0.11      0.01      0.09     99.15
07時00分02秒     all      0.37      0.00      0.09      0.01      0.08     99.45
08時00分02秒     all      0.66      0.00      0.12      0.01      0.08     99.13
平均値:      all      0.46      0.00      0.09      0.01      0.07     99.37

-------------------- Logged in user --------------------
k7ccaee6 2018-04-12 10:29

==================== 2018-04-14 11:55:01 ====================

-------------------- uptime --------------------
 11:55:01 up 282 days, 44 min,  1 user,  load average: 0.00, 0.01, 0.05

-------------------- System info --------------------
Linux sakura-tokyo-prod 3.10.0-514.26.2.el7.x86_64 #1 SMP Tue Jul 4 15:04:05 UTC 2017 x86_64 x86_64 x86_64 GNU/Linux

-------------------- Storage usage --------------------
ファイルシス   サイズ  使用  残り 使用% マウント位置
/dev/vda4         96G  6.1G   90G    7% /
devtmpfs         2.0G     0  2.0G    0% /dev
tmpfs            2.0G     0  2.0G    0% /dev/shm
tmpfs            2.0G  1.1G  865M   57% /run
tmpfs            2.0G     0  2.0G    0% /sys/fs/cgroup
/dev/vda2        497M  215M  283M   44% /boot
tmpfs            396M     0  396M    0% /run/user/0
tmpfs            396M     0  396M    0% /run/user/1001

-------------------- System load --------------------
Linux 3.10.0-514.26.2.el7.x86_64 (sakura-tokyo-prod) 	2018年04月14日 	_x86_64_	(4 CPU)

00時00分02秒     CPU     %user     %nice   %system   %iowait    %steal     %idle
01時00分02秒     all      0.10      0.00      0.05      0.00      0.06     99.79
02時00分02秒     all      0.34      0.00      0.07      0.01      0.07     99.51
03時00分02秒     all      0.35      0.00      0.07      0.01      0.07     99.50
04時00分02秒     all      1.14      0.00      0.16      0.02      0.08     98.60
05時00分01秒     all      0.08      0.00      0.04      0.00      0.06     99.82
06時00分02秒     all      0.64      0.00      0.11      0.01      0.09     99.15
07時00分02秒     all      0.37      0.00      0.09      0.01      0.08     99.45
08時00分02秒     all      0.66      0.00      0.12      0.01      0.08     99.13
09時00分02秒     all      0.36      0.00      0.08      0.01      0.08     99.47
10時00分01秒     all      0.66      0.00      0.13      0.01      0.09     99.10
11時00分02秒     all      0.09      0.00      0.05      0.00      0.09     99.77
平均値:      all      0.44      0.00      0.09      0.01      0.08     99.39

-------------------- Logged in user --------------------
k7433edf 2018-04-12 10:29

==================== 2018-04-14 14:55:02 ====================

-------------------- uptime --------------------
 14:55:02 up 282 days,  3:44,  1 user,  load average: 0.00, 0.01, 0.05

-------------------- System info --------------------
Linux sakura-tokyo-prod 3.10.0-514.26.2.el7.x86_64 #1 SMP Tue Jul 4 15:04:05 UTC 2017 x86_64 x86_64 x86_64 GNU/Linux

-------------------- Storage usage --------------------
ファイルシス   サイズ  使用  残り 使用% マウント位置
/dev/vda4         96G  6.1G   90G    7% /
devtmpfs         2.0G     0  2.0G    0% /dev
tmpfs            2.0G     0  2.0G    0% /dev/shm
tmpfs            2.0G  1.1G  865M   57% /run
tmpfs            2.0G     0  2.0G    0% /sys/fs/cgroup
/dev/vda2        497M  215M  283M   44% /boot
tmpfs            396M     0  396M    0% /run/user/0
tmpfs            396M     0  396M    0% /run/user/1001

-------------------- System load --------------------
Linux 3.10.0-514.26.2.el7.x86_64 (sakura-tokyo-prod) 	2018年04月14日 	_x86_64_	(4 CPU)

00時00分02秒     CPU     %user     %nice   %system   %iowait    %steal     %idle
01時00分02秒     all      0.10      0.00      0.05      0.00      0.06     99.79
02時00分02秒     all      0.34      0.00      0.07      0.01      0.07     99.51
03時00分02秒     all      0.35      0.00      0.07      0.01      0.07     99.50
04時00分02秒     all      1.14      0.00      0.16      0.02      0.08     98.60
05時00分01秒     all      0.08      0.00      0.04      0.00      0.06     99.82
06時00分02秒     all      0.64      0.00      0.11      0.01      0.09     99.15
07時00分02秒     all      0.37      0.00      0.09      0.01      0.08     99.45
08時00分02秒     all      0.66      0.00      0.12      0.01      0.08     99.13
09時00分02秒     all      0.36      0.00      0.08      0.01      0.08     99.47
10時00分01秒     all      0.66      0.00      0.13      0.01      0.09     99.10
11時00分02秒     all      0.09      0.00      0.05      0.00      0.09     99.77
12時00分02秒     all      0.62      0.00      0.13      0.01      0.09     99.16
13時00分02秒     all      0.36      0.00      0.08      0.01      0.08     99.47
14時00分02秒     all      0.35      0.00      0.08      0.01      0.08     99.49
平均値:      all      0.44      0.00      0.09      0.01      0.08     99.39

-------------------- Logged in user --------------------
ka01ccb9 2018-04-12 10:29

==================== 2018-04-14 17:55:01 ====================

-------------------- uptime --------------------
 17:55:01 up 282 days,  6:44,  1 user,  load average: 0.00, 0.01, 0.05

-------------------- System info --------------------
Linux sakura-tokyo-prod 3.10.0-514.26.2.el7.x86_64 #1 SMP Tue Jul 4 15:04:05 UTC 2017 x86_64 x86_64 x86_64 GNU/Linux

-------------------- Storage usage --------------------
ファイルシス   サイズ  使用  残り 使用% マウント位置
/dev/vda4         96G  6.1G   90G    7% /
devtmpfs         2.0G     0  2.0G    0% /dev
tmpfs            2.0G     0  2.0G    0% /dev/shm
tmpfs            2.0G  1.1G  865M   57% /run
tmpfs            2.0G     0  2.0G    0% /sys/fs/cgroup
/dev/vda2        497M  215M  283M   44% /boot
tmpfs            396M     0  396M    0% /run/user/0
tmpfs            396M     0  396M    0% /run/user/1001

-------------------- System load --------------------
Linux 3.10.0-514.26.2.el7.x86_64 (sakura-tokyo-prod) 	2018年04月14日 	_x86_64_	(4 CPU)

00時00分02秒     CPU     %user     %nice   %system   %iowait    %steal     %idle
01時00分02秒     all      0.10      0.00      0.05      0.00      0.06     99.79
02時00分02秒     all      0.34      0.00      0.07      0.01      0.07     99.51
03時00分02秒     all      0.35      0.00      0.07      0.01      0.07     99.50
04時00分02秒     all      1.14      0.00      0.16      0.02      0.08     98.60
05時00分01秒     all      0.08      0.00      0.04      0.00      0.06     99.82
06時00分02秒     all      0.64      0.00      0.11      0.01      0.09     99.15
07時00分02秒     all      0.37      0.00      0.09      0.01      0.08     99.45
08時00分02秒     all      0.66      0.00      0.12      0.01      0.08     99.13
09時00分02秒     all      0.36      0.00      0.08      0.01      0.08     99.47
10時00分01秒     all      0.66      0.00      0.13      0.01      0.09     99.10
11時00分02秒     all      0.09      0.00      0.05      0.00      0.09     99.77
12時00分02秒     all      0.62      0.00      0.13      0.01      0.09     99.16
13時00分02秒     all      0.36      0.00      0.08      0.01      0.08     99.47
14時00分02秒     all      0.35      0.00      0.08      0.01      0.08     99.49
15時00分02秒     all      0.34      0.00      0.07      0.01      0.07     99.52
16時00分02秒     all      0.34      0.00      0.07      0.00      0.06     99.52
17時00分02秒     all      0.08      0.00      0.04      0.00      0.06     99.83
平均値:      all      0.40      0.00      0.09      0.01      0.08     99.43

-------------------- Logged in user --------------------
k4a12939 2018-04-12 10:29

==================== 2018-04-14 20:55:01 ====================

-------------------- uptime --------------------
 20:55:01 up 282 days,  9:44,  1 user,  load average: 0.00, 0.01, 0.05

-------------------- System info --------------------
Linux sakura-tokyo-prod 3.10.0-514.26.2.el7.x86_64 #1 SMP Tue Jul 4 15:04:05 UTC 2017 x86_64 x86_64 x86_64 GNU/Linux

-------------------- Storage usage --------------------
ファイルシス   サイズ  使用  残り 使用% マウント位置
/dev/vda4         96G  6.1G   90G    7% /
devtmpfs         2.0G     0  2.0G    0% /dev
tmpfs            2.0G     0  2.0G    0% /dev/shm
tmpfs            2.0G  1.1G  865M   57% /run
tmpfs            2.0G     0  2.0G    0% /sys/fs/cgroup
/dev/vda2        497M  215M  283M   44% /boot
tmpfs            396M     0  396M    0% /run/user/0
tmpfs            396M     0  396M    0% /run/user/1001

-------------------- System load --------------------
Linux 3.10.0-514.26.2.el7.x86_64 (sakura-tokyo-prod) 	2018年04月14日 	_x86_64_	(4 CPU)

00時00分02秒     CPU     %user     %nice   %system   %iowait    %steal     %idle
01時00分02秒     all      0.10      0.00      0.05      0.00      0.06     99.79
02時00分02秒     all      0.34      0.00      0.07      0.01      0.07     99.51
03時00分02秒     all      0.35      0.00      0.07      0.01      0.07     99.50
04時00分02秒     all      1.14      0.00      0.16      0.02      0.08     98.60
05時00分01秒     all      0.08      0.00      0.04      0.00      0.06     99.82
06時00分02秒     all      0.64      0.00      0.11      0.01      0.09     99.15
07時00分02秒     all      0.37      0.00      0.09      0.01      0.08     99.45
08時00分02秒     all      0.66      0.00      0.12      0.01      0.08     99.13
09時00分02秒     all      0.36      0.00      0.08      0.01      0.08     99.47
10時00分01秒     all      0.66      0.00      0.13      0.01      0.09     99.10
11時00分02秒     all      0.09      0.00      0.05      0.00      0.09     99.77
12時00分02秒     all      0.62      0.00      0.13      0.01      0.09     99.16
13時00分02秒     all      0.36      0.00      0.08      0.01      0.08     99.47
14時00分02秒     all      0.35      0.00      0.08      0.01      0.08     99.49
15時00分02秒     all      0.34      0.00      0.07      0.01      0.07     99.52
16時00分02秒     all      0.34      0.00      0.07      0.00      0.06     99.52
17時00分02秒     all      0.08      0.00      0.04      0.00      0.06     99.83
18時00分02秒     all      0.63      0.00      0.11      0.01      0.07     99.18
19時00分02秒     all      0.23      0.00      0.07      0.00      0.07     99.64
20時00分02秒     all      0.66      0.00      0.12      0.01      0.10     99.12
平均値:      all      0.42      0.00      0.09      0.01      0.08     99.41

-------------------- Logged in user --------------------
k4b02761 2018-04-12 10:29

==================== 2018-04-14 23:55:01 ====================

-------------------- uptime --------------------
 23:55:01 up 282 days, 12:44,  1 user,  load average: 0.00, 0.01, 0.05

-------------------- System info --------------------
Linux sakura-tokyo-prod 3.10.0-514.26.2.el7.x86_64 #1 SMP Tue Jul 4 15:04:05 UTC 2017 x86_64 x86_64 x86_64 GNU/Linux

-------------------- Storage usage --------------------
ファイルシス   サイズ  使用  残り 使用% マウント位置
/dev/vda4         96G  6.1G   90G    7% /
devtmpfs         2.0G     0  2.0G    0% /dev
tmpfs            2.0G     0  2.0G    0% /dev/shm
tmpfs            2.0G  1.1G  865M   57% /run
tmpfs            2.0G     0  2.0G    0% /sys/fs/cgroup
/dev/vda2        497M  215M  283M   44% /boot
tmpfs            396M     0  396M    0% /run/user/0
tmpfs            396M     0  396M    0% /run/user/1001

-------------------- System load --------------------
Linux 3.10.0-514.26.2.el7.x86_64 (sakura-tokyo-prod) 	2018年04月14日 	_x86_64_	(4 CPU)

00時00分02秒     CPU     %user     %nice   %system   %iowait    %steal     %idle
01時00分02秒     all      0.10      0.00      0.05      0.00      0.06     99.79
02時00分02秒     all      0.34      0.00      0.07      0.01      0.07     99.51
03時00分02秒     all      0.35      0.00      0.07      0.01      0.07     99.50
04時00分02秒     all      1.14      0.00      0.16      0.02      0.08     98.60
05時00分01秒     all      0.08      0.00      0.04      0.00      0.06     99.82
06時00分02秒     all      0.64      0.00      0.11      0.01      0.09     99.15
07時00分02秒     all      0.37      0.00      0.09      0.01      0.08     99.45
08時00分02秒     all      0.66      0.00      0.12      0.01      0.08     99.13
09時00分02秒     all      0.36      0.00      0.08      0.01      0.08     99.47
10時00分01秒     all      0.66      0.00      0.13      0.01      0.09     99.10
11時00分02秒     all      0.09      0.00      0.05      0.00      0.09     99.77
12時00分02秒     all      0.62      0.00      0.13      0.01      0.09     99.16
13時00分02秒     all      0.36      0.00      0.08      0.01      0.08     99.47
14時00分02秒     all      0.35      0.00      0.08      0.01      0.08     99.49
15時00分02秒     all      0.34      0.00      0.07      0.01      0.07     99.52
16時00分02秒     all      0.34      0.00      0.07      0.00      0.06     99.52
17時00分02秒     all      0.08      0.00      0.04      0.00      0.06     99.83
18時00分02秒     all      0.63      0.00      0.11      0.01      0.07     99.18
19時00分02秒     all      0.23      0.00      0.07      0.00      0.07     99.64
20時00分02秒     all      0.66      0.00      0.12      0.01      0.10     99.12
21時00分02秒     all      0.34      0.00      0.07      0.01      0.06     99.53
22時00分02秒     all      0.90      0.00      0.14      0.02      0.05     98.89
23時00分02秒     all      0.08      0.00      0.04      0.00      0.05     99.82
平均値:      all      0.42      0.00      0.09      0.01      0.07     99.41

-------------------- Logged in user --------------------
k6911c34 2018-04-12 10:29

