==================== 2018-04-15 02:55:01 ====================

-------------------- uptime --------------------
 02:55:01 up 282 days, 15:44,  1 user,  load average: 0.00, 0.01, 0.05

-------------------- System info --------------------
Linux sakura-tokyo-prod 3.10.0-514.26.2.el7.x86_64 #1 SMP Tue Jul 4 15:04:05 UTC 2017 x86_64 x86_64 x86_64 GNU/Linux

-------------------- Storage usage --------------------
ファイルシス   サイズ  使用  残り 使用% マウント位置
/dev/vda4         96G  6.1G   90G    7% /
devtmpfs         2.0G     0  2.0G    0% /dev
tmpfs            2.0G     0  2.0G    0% /dev/shm
tmpfs            2.0G  1.1G  864M   57% /run
tmpfs            2.0G     0  2.0G    0% /sys/fs/cgroup
/dev/vda2        497M  215M  283M   44% /boot
tmpfs            396M     0  396M    0% /run/user/0
tmpfs            396M     0  396M    0% /run/user/1001

-------------------- System load --------------------
Linux 3.10.0-514.26.2.el7.x86_64 (sakura-tokyo-prod) 	2018年04月15日 	_x86_64_	(4 CPU)

00時00分02秒     CPU     %user     %nice   %system   %iowait    %steal     %idle
01時00分03秒     all      0.36      0.00      0.07      0.01      0.06     99.50
02時00分02秒     all      0.35      0.00      0.07      0.01      0.05     99.52
平均値:      all      0.35      0.00      0.07      0.01      0.06     99.51

-------------------- Logged in user --------------------
k40a59d9 2018-04-12 10:29

==================== 2018-04-15 05:55:01 ====================

-------------------- uptime --------------------
 05:55:01 up 282 days, 18:44,  1 user,  load average: 0.01, 0.03, 0.05

-------------------- System info --------------------
Linux sakura-tokyo-prod 3.10.0-514.26.2.el7.x86_64 #1 SMP Tue Jul 4 15:04:05 UTC 2017 x86_64 x86_64 x86_64 GNU/Linux

-------------------- Storage usage --------------------
ファイルシス   サイズ  使用  残り 使用% マウント位置
/dev/vda4         96G  6.1G   90G    7% /
devtmpfs         2.0G     0  2.0G    0% /dev
tmpfs            2.0G     0  2.0G    0% /dev/shm
tmpfs            2.0G  1.1G  864M   57% /run
tmpfs            2.0G     0  2.0G    0% /sys/fs/cgroup
/dev/vda2        497M  215M  283M   44% /boot
tmpfs            396M     0  396M    0% /run/user/0
tmpfs            396M     0  396M    0% /run/user/1001

-------------------- System load --------------------
Linux 3.10.0-514.26.2.el7.x86_64 (sakura-tokyo-prod) 	2018年04月15日 	_x86_64_	(4 CPU)

00時00分02秒     CPU     %user     %nice   %system   %iowait    %steal     %idle
01時00分03秒     all      0.36      0.00      0.07      0.01      0.06     99.50
02時00分02秒     all      0.35      0.00      0.07      0.01      0.05     99.52
03時00分02秒     all      0.61      0.00      0.11      0.01      0.04     99.23
04時00分02秒     all      0.36      0.00      0.08      0.01      0.04     99.51
05時00分02秒     all      0.10      0.00      0.05      0.00      0.05     99.81
平均値:      all      0.36      0.00      0.07      0.01      0.05     99.51

-------------------- Logged in user --------------------
kb47ec7b 2018-04-12 10:29

==================== 2018-04-15 08:55:01 ====================

-------------------- uptime --------------------
 08:55:01 up 282 days, 21:44,  1 user,  load average: 0.00, 0.01, 0.05

-------------------- System info --------------------
Linux sakura-tokyo-prod 3.10.0-514.26.2.el7.x86_64 #1 SMP Tue Jul 4 15:04:05 UTC 2017 x86_64 x86_64 x86_64 GNU/Linux

-------------------- Storage usage --------------------
ファイルシス   サイズ  使用  残り 使用% マウント位置
/dev/vda4         96G  6.1G   90G    7% /
devtmpfs         2.0G     0  2.0G    0% /dev
tmpfs            2.0G     0  2.0G    0% /dev/shm
tmpfs            2.0G  1.1G  864M   57% /run
tmpfs            2.0G     0  2.0G    0% /sys/fs/cgroup
/dev/vda2        497M  215M  283M   44% /boot
tmpfs            396M     0  396M    0% /run/user/0
tmpfs            396M     0  396M    0% /run/user/1001

-------------------- System load --------------------
Linux 3.10.0-514.26.2.el7.x86_64 (sakura-tokyo-prod) 	2018年04月15日 	_x86_64_	(4 CPU)

00時00分02秒     CPU     %user     %nice   %system   %iowait    %steal     %idle
01時00分03秒     all      0.36      0.00      0.07      0.01      0.06     99.50
02時00分02秒     all      0.35      0.00      0.07      0.01      0.05     99.52
03時00分02秒     all      0.61      0.00      0.11      0.01      0.04     99.23
04時00分02秒     all      0.36      0.00      0.08      0.01      0.04     99.51
05時00分02秒     all      0.10      0.00      0.05      0.00      0.05     99.81
06時00分02秒     all      0.69      0.00      0.13      0.01      0.06     99.11
07時00分01秒     all      0.10      0.00      0.04      0.00      0.04     99.81
08時00分02秒     all      0.59      0.00      0.10      0.01      0.05     99.26
平均値:      all      0.40      0.00      0.08      0.01      0.05     99.47

-------------------- Logged in user --------------------
kf732140 2018-04-12 10:29

==================== 2018-04-15 11:55:01 ====================

-------------------- uptime --------------------
 11:55:01 up 283 days, 44 min,  1 user,  load average: 0.00, 0.01, 0.05

-------------------- System info --------------------
Linux sakura-tokyo-prod 3.10.0-514.26.2.el7.x86_64 #1 SMP Tue Jul 4 15:04:05 UTC 2017 x86_64 x86_64 x86_64 GNU/Linux

-------------------- Storage usage --------------------
ファイルシス   サイズ  使用  残り 使用% マウント位置
/dev/vda4         96G  6.1G   90G    7% /
devtmpfs         2.0G     0  2.0G    0% /dev
tmpfs            2.0G     0  2.0G    0% /dev/shm
tmpfs            2.0G  1.1G  864M   57% /run
tmpfs            2.0G     0  2.0G    0% /sys/fs/cgroup
/dev/vda2        497M  215M  283M   44% /boot
tmpfs            396M     0  396M    0% /run/user/0
tmpfs            396M     0  396M    0% /run/user/1001

-------------------- System load --------------------
Linux 3.10.0-514.26.2.el7.x86_64 (sakura-tokyo-prod) 	2018年04月15日 	_x86_64_	(4 CPU)

00時00分02秒     CPU     %user     %nice   %system   %iowait    %steal     %idle
01時00分03秒     all      0.36      0.00      0.07      0.01      0.06     99.50
02時00分02秒     all      0.35      0.00      0.07      0.01      0.05     99.52
03時00分02秒     all      0.61      0.00      0.11      0.01      0.04     99.23
04時00分02秒     all      0.36      0.00      0.08      0.01      0.04     99.51
05時00分02秒     all      0.10      0.00      0.05      0.00      0.05     99.81
06時00分02秒     all      0.69      0.00      0.13      0.01      0.06     99.11
07時00分01秒     all      0.10      0.00      0.04      0.00      0.04     99.81
08時00分02秒     all      0.59      0.00      0.10      0.01      0.05     99.26
09時00分02秒     all      0.09      0.00      0.04      0.00      0.04     99.83
10時00分02秒     all      0.34      0.00      0.07      0.00      0.04     99.55
11時00分02秒     all      0.61      0.00      0.10      0.01      0.03     99.26
平均値:      all      0.38      0.00      0.08      0.01      0.05     99.49

-------------------- Logged in user --------------------
k9ee263e 2018-04-12 10:29

==================== 2018-04-15 14:55:02 ====================

-------------------- uptime --------------------
 14:55:02 up 283 days,  3:44,  1 user,  load average: 0.00, 0.01, 0.05

-------------------- System info --------------------
Linux sakura-tokyo-prod 3.10.0-514.26.2.el7.x86_64 #1 SMP Tue Jul 4 15:04:05 UTC 2017 x86_64 x86_64 x86_64 GNU/Linux

-------------------- Storage usage --------------------
ファイルシス   サイズ  使用  残り 使用% マウント位置
/dev/vda4         96G  6.1G   90G    7% /
devtmpfs         2.0G     0  2.0G    0% /dev
tmpfs            2.0G     0  2.0G    0% /dev/shm
tmpfs            2.0G  1.1G  864M   57% /run
tmpfs            2.0G     0  2.0G    0% /sys/fs/cgroup
/dev/vda2        497M  215M  283M   44% /boot
tmpfs            396M     0  396M    0% /run/user/0
tmpfs            396M     0  396M    0% /run/user/1001

-------------------- System load --------------------
Linux 3.10.0-514.26.2.el7.x86_64 (sakura-tokyo-prod) 	2018年04月15日 	_x86_64_	(4 CPU)

00時00分02秒     CPU     %user     %nice   %system   %iowait    %steal     %idle
01時00分03秒     all      0.36      0.00      0.07      0.01      0.06     99.50
02時00分02秒     all      0.35      0.00      0.07      0.01      0.05     99.52
03時00分02秒     all      0.61      0.00      0.11      0.01      0.04     99.23
04時00分02秒     all      0.36      0.00      0.08      0.01      0.04     99.51
05時00分02秒     all      0.10      0.00      0.05      0.00      0.05     99.81
06時00分02秒     all      0.69      0.00      0.13      0.01      0.06     99.11
07時00分01秒     all      0.10      0.00      0.04      0.00      0.04     99.81
08時00分02秒     all      0.59      0.00      0.10      0.01      0.05     99.26
09時00分02秒     all      0.09      0.00      0.04      0.00      0.04     99.83
10時00分02秒     all      0.34      0.00      0.07      0.00      0.04     99.55
11時00分02秒     all      0.61      0.00      0.10      0.01      0.03     99.26
12時00分02秒     all      0.59      0.00      0.10      0.01      0.03     99.27
13時00分01秒     all      0.10      0.00      0.04      0.00      0.03     99.83
14時00分02秒     all      0.34      0.00      0.07      0.01      0.04     99.55
平均値:      all      0.37      0.00      0.08      0.01      0.04     99.50

-------------------- Logged in user --------------------
keec5fa5 2018-04-12 10:29

==================== 2018-04-15 17:55:01 ====================

-------------------- uptime --------------------
 17:55:01 up 283 days,  6:44,  1 user,  load average: 0.00, 0.01, 0.05

-------------------- System info --------------------
Linux sakura-tokyo-prod 3.10.0-514.26.2.el7.x86_64 #1 SMP Tue Jul 4 15:04:05 UTC 2017 x86_64 x86_64 x86_64 GNU/Linux

-------------------- Storage usage --------------------
ファイルシス   サイズ  使用  残り 使用% マウント位置
/dev/vda4         96G  6.1G   90G    7% /
devtmpfs         2.0G     0  2.0G    0% /dev
tmpfs            2.0G     0  2.0G    0% /dev/shm
tmpfs            2.0G  1.1G  864M   57% /run
tmpfs            2.0G     0  2.0G    0% /sys/fs/cgroup
/dev/vda2        497M  215M  283M   44% /boot
tmpfs            396M     0  396M    0% /run/user/0
tmpfs            396M     0  396M    0% /run/user/1001

-------------------- System load --------------------
Linux 3.10.0-514.26.2.el7.x86_64 (sakura-tokyo-prod) 	2018年04月15日 	_x86_64_	(4 CPU)

00時00分02秒     CPU     %user     %nice   %system   %iowait    %steal     %idle
01時00分03秒     all      0.36      0.00      0.07      0.01      0.06     99.50
02時00分02秒     all      0.35      0.00      0.07      0.01      0.05     99.52
03時00分02秒     all      0.61      0.00      0.11      0.01      0.04     99.23
04時00分02秒     all      0.36      0.00      0.08      0.01      0.04     99.51
05時00分02秒     all      0.10      0.00      0.05      0.00      0.05     99.81
06時00分02秒     all      0.69      0.00      0.13      0.01      0.06     99.11
07時00分01秒     all      0.10      0.00      0.04      0.00      0.04     99.81
08時00分02秒     all      0.59      0.00      0.10      0.01      0.05     99.26
09時00分02秒     all      0.09      0.00      0.04      0.00      0.04     99.83
10時00分02秒     all      0.34      0.00      0.07      0.00      0.04     99.55
11時00分02秒     all      0.61      0.00      0.10      0.01      0.03     99.26
12時00分02秒     all      0.59      0.00      0.10      0.01      0.03     99.27
13時00分01秒     all      0.10      0.00      0.04      0.00      0.03     99.83
14時00分02秒     all      0.34      0.00      0.07      0.01      0.04     99.55
15時00分02秒     all      0.35      0.00      0.07      0.00      0.04     99.53
16時00分02秒     all      0.59      0.00      0.10      0.01      0.04     99.27
17時00分02秒     all      0.35      0.00      0.07      0.00      0.04     99.53
平均値:      all      0.38      0.00      0.08      0.01      0.04     99.49

-------------------- Logged in user --------------------
kd8e88fa 2018-04-12 10:29

==================== 2018-04-15 20:55:01 ====================

-------------------- uptime --------------------
 20:55:01 up 283 days,  9:44,  1 user,  load average: 0.01, 0.02, 0.05

-------------------- System info --------------------
Linux sakura-tokyo-prod 3.10.0-514.26.2.el7.x86_64 #1 SMP Tue Jul 4 15:04:05 UTC 2017 x86_64 x86_64 x86_64 GNU/Linux

-------------------- Storage usage --------------------
ファイルシス   サイズ  使用  残り 使用% マウント位置
/dev/vda4         96G  6.1G   90G    7% /
devtmpfs         2.0G     0  2.0G    0% /dev
tmpfs            2.0G     0  2.0G    0% /dev/shm
tmpfs            2.0G  1.1G  864M   57% /run
tmpfs            2.0G     0  2.0G    0% /sys/fs/cgroup
/dev/vda2        497M  215M  283M   44% /boot
tmpfs            396M     0  396M    0% /run/user/0
tmpfs            396M     0  396M    0% /run/user/1001

-------------------- System load --------------------
Linux 3.10.0-514.26.2.el7.x86_64 (sakura-tokyo-prod) 	2018年04月15日 	_x86_64_	(4 CPU)

00時00分02秒     CPU     %user     %nice   %system   %iowait    %steal     %idle
01時00分03秒     all      0.36      0.00      0.07      0.01      0.06     99.50
02時00分02秒     all      0.35      0.00      0.07      0.01      0.05     99.52
03時00分02秒     all      0.61      0.00      0.11      0.01      0.04     99.23
04時00分02秒     all      0.36      0.00      0.08      0.01      0.04     99.51
05時00分02秒     all      0.10      0.00      0.05      0.00      0.05     99.81
06時00分02秒     all      0.69      0.00      0.13      0.01      0.06     99.11
07時00分01秒     all      0.10      0.00      0.04      0.00      0.04     99.81
08時00分02秒     all      0.59      0.00      0.10      0.01      0.05     99.26
09時00分02秒     all      0.09      0.00      0.04      0.00      0.04     99.83
10時00分02秒     all      0.34      0.00      0.07      0.00      0.04     99.55
11時00分02秒     all      0.61      0.00      0.10      0.01      0.03     99.26
12時00分02秒     all      0.59      0.00      0.10      0.01      0.03     99.27
13時00分01秒     all      0.10      0.00      0.04      0.00      0.03     99.83
14時00分02秒     all      0.34      0.00      0.07      0.01      0.04     99.55
15時00分02秒     all      0.35      0.00      0.07      0.00      0.04     99.53
16時00分02秒     all      0.59      0.00      0.10      0.01      0.04     99.27
17時00分02秒     all      0.35      0.00      0.07      0.00      0.04     99.53
18時00分02秒     all      0.36      0.00      0.08      0.01      0.04     99.52
19時00分01秒     all      0.61      0.00      0.10      0.01      0.03     99.25
20時00分01秒     all      0.61      0.00      0.09      0.01      0.04     99.25
平均値:      all      0.41      0.00      0.08      0.01      0.04     99.47

-------------------- Logged in user --------------------
k577ba3b 2018-04-12 10:29

