==================== 2018-04-16 02:55:01 ====================

-------------------- uptime --------------------
 02:55:01 up 283 days, 15:44,  1 user,  load average: 0.00, 0.01, 0.05

-------------------- System info --------------------
Linux sakura-tokyo-prod 3.10.0-514.26.2.el7.x86_64 #1 SMP Tue Jul 4 15:04:05 UTC 2017 x86_64 x86_64 x86_64 GNU/Linux

-------------------- Storage usage --------------------
ファイルシス   サイズ  使用  残り 使用% マウント位置
/dev/vda4         96G  6.1G   90G    7% /
devtmpfs         2.0G     0  2.0G    0% /dev
tmpfs            2.0G     0  2.0G    0% /dev/shm
tmpfs            2.0G  1.1G  864M   57% /run
tmpfs            2.0G     0  2.0G    0% /sys/fs/cgroup
/dev/vda2        497M  215M  283M   44% /boot
tmpfs            396M     0  396M    0% /run/user/0
tmpfs            396M     0  396M    0% /run/user/1001

-------------------- System load --------------------
Linux 3.10.0-514.26.2.el7.x86_64 (sakura-tokyo-prod) 	2018年04月16日 	_x86_64_	(4 CPU)

00時00分02秒     CPU     %user     %nice   %system   %iowait    %steal     %idle
01時00分02秒     all      0.09      0.00      0.04      0.00      0.03     99.83
02時00分02秒     all      0.36      0.00      0.08      0.01      0.03     99.53
平均値:      all      0.23      0.00      0.06      0.00      0.03     99.68

-------------------- Logged in user --------------------
k3a3662a 2018-04-12 10:29

==================== 2018-04-16 05:55:01 ====================

-------------------- uptime --------------------
 05:55:01 up 283 days, 18:44,  1 user,  load average: 0.00, 0.01, 0.05

-------------------- System info --------------------
Linux sakura-tokyo-prod 3.10.0-514.26.2.el7.x86_64 #1 SMP Tue Jul 4 15:04:05 UTC 2017 x86_64 x86_64 x86_64 GNU/Linux

-------------------- Storage usage --------------------
ファイルシス   サイズ  使用  残り 使用% マウント位置
/dev/vda4         96G  6.1G   90G    7% /
devtmpfs         2.0G     0  2.0G    0% /dev
tmpfs            2.0G     0  2.0G    0% /dev/shm
tmpfs            2.0G  1.1G  864M   57% /run
tmpfs            2.0G     0  2.0G    0% /sys/fs/cgroup
/dev/vda2        497M  215M  283M   44% /boot
tmpfs            396M     0  396M    0% /run/user/0
tmpfs            396M     0  396M    0% /run/user/1001

-------------------- System load --------------------
Linux 3.10.0-514.26.2.el7.x86_64 (sakura-tokyo-prod) 	2018年04月16日 	_x86_64_	(4 CPU)

00時00分02秒     CPU     %user     %nice   %system   %iowait    %steal     %idle
01時00分02秒     all      0.09      0.00      0.04      0.00      0.03     99.83
02時00分02秒     all      0.36      0.00      0.08      0.01      0.03     99.53
03時00分02秒     all      0.08      0.00      0.04      0.00      0.03     99.86
04時00分02秒     all      0.61      0.00      0.11      0.01      0.04     99.24
05時00分02秒     all      0.87      0.00      0.15      0.01      0.03     98.94
平均値:      all      0.40      0.00      0.08      0.01      0.03     99.48

-------------------- Logged in user --------------------
ka9ecba9 2018-04-12 10:29

==================== 2018-04-16 08:55:01 ====================

-------------------- uptime --------------------
 08:55:01 up 283 days, 21:44,  1 user,  load average: 0.00, 0.01, 0.05

-------------------- System info --------------------
Linux sakura-tokyo-prod 3.10.0-514.26.2.el7.x86_64 #1 SMP Tue Jul 4 15:04:05 UTC 2017 x86_64 x86_64 x86_64 GNU/Linux

-------------------- Storage usage --------------------
ファイルシス   サイズ  使用  残り 使用% マウント位置
/dev/vda4         96G  6.1G   90G    7% /
devtmpfs         2.0G     0  2.0G    0% /dev
tmpfs            2.0G     0  2.0G    0% /dev/shm
tmpfs            2.0G  1.1G  863M   57% /run
tmpfs            2.0G     0  2.0G    0% /sys/fs/cgroup
/dev/vda2        497M  215M  283M   44% /boot
tmpfs            396M     0  396M    0% /run/user/0
tmpfs            396M     0  396M    0% /run/user/1001

-------------------- System load --------------------
Linux 3.10.0-514.26.2.el7.x86_64 (sakura-tokyo-prod) 	2018年04月16日 	_x86_64_	(4 CPU)

00時00分02秒     CPU     %user     %nice   %system   %iowait    %steal     %idle
01時00分02秒     all      0.09      0.00      0.04      0.00      0.03     99.83
02時00分02秒     all      0.36      0.00      0.08      0.01      0.03     99.53
03時00分02秒     all      0.08      0.00      0.04      0.00      0.03     99.86
04時00分02秒     all      0.61      0.00      0.11      0.01      0.04     99.24
05時00分02秒     all      0.87      0.00      0.15      0.01      0.03     98.94
06時00分02秒     all      1.11      0.00      0.16      0.02      0.03     98.68
07時00分02秒     all      0.09      0.00      0.04      0.00      0.03     99.83
08時00分02秒     all      0.59      0.00      0.10      0.01      0.04     99.26
平均値:      all      0.48      0.00      0.09      0.01      0.03     99.40

-------------------- Logged in user --------------------
kce3615c 2018-04-12 10:29

==================== 2018-04-16 11:55:01 ====================

-------------------- uptime --------------------
 11:55:01 up 284 days, 44 min,  1 user,  load average: 0.00, 0.01, 0.05

-------------------- System info --------------------
Linux sakura-tokyo-prod 3.10.0-514.26.2.el7.x86_64 #1 SMP Tue Jul 4 15:04:05 UTC 2017 x86_64 x86_64 x86_64 GNU/Linux

-------------------- Storage usage --------------------
ファイルシス   サイズ  使用  残り 使用% マウント位置
/dev/vda4         96G  6.1G   90G    7% /
devtmpfs         2.0G     0  2.0G    0% /dev
tmpfs            2.0G     0  2.0G    0% /dev/shm
tmpfs            2.0G  1.1G  863M   57% /run
tmpfs            2.0G     0  2.0G    0% /sys/fs/cgroup
/dev/vda2        497M  215M  283M   44% /boot
tmpfs            396M     0  396M    0% /run/user/0
tmpfs            396M     0  396M    0% /run/user/1001

-------------------- System load --------------------
Linux 3.10.0-514.26.2.el7.x86_64 (sakura-tokyo-prod) 	2018年04月16日 	_x86_64_	(4 CPU)

00時00分02秒     CPU     %user     %nice   %system   %iowait    %steal     %idle
01時00分02秒     all      0.09      0.00      0.04      0.00      0.03     99.83
02時00分02秒     all      0.36      0.00      0.08      0.01      0.03     99.53
03時00分02秒     all      0.08      0.00      0.04      0.00      0.03     99.86
04時00分02秒     all      0.61      0.00      0.11      0.01      0.04     99.24
05時00分02秒     all      0.87      0.00      0.15      0.01      0.03     98.94
06時00分02秒     all      1.11      0.00      0.16      0.02      0.03     98.68
07時00分02秒     all      0.09      0.00      0.04      0.00      0.03     99.83
08時00分02秒     all      0.59      0.00      0.10      0.01      0.04     99.26
09時00分02秒     all      0.08      0.00      0.04      0.00      0.03     99.85
10時00分02秒     all      0.34      0.00      0.07      0.00      0.03     99.55
11時00分02秒     all      0.07      0.00      0.04      0.00      0.03     99.87
平均値:      all      0.39      0.00      0.08      0.01      0.03     99.49

-------------------- Logged in user --------------------
k163ccd1 2018-04-12 10:29

==================== 2018-04-16 14:55:02 ====================

-------------------- uptime --------------------
 14:55:02 up 284 days,  3:44,  1 user,  load average: 0.00, 0.01, 0.05

-------------------- System info --------------------
Linux sakura-tokyo-prod 3.10.0-514.26.2.el7.x86_64 #1 SMP Tue Jul 4 15:04:05 UTC 2017 x86_64 x86_64 x86_64 GNU/Linux

-------------------- Storage usage --------------------
ファイルシス   サイズ  使用  残り 使用% マウント位置
/dev/vda4         96G  6.1G   90G    7% /
devtmpfs         2.0G     0  2.0G    0% /dev
tmpfs            2.0G     0  2.0G    0% /dev/shm
tmpfs            2.0G  1.1G  863M   57% /run
tmpfs            2.0G     0  2.0G    0% /sys/fs/cgroup
/dev/vda2        497M  215M  283M   44% /boot
tmpfs            396M     0  396M    0% /run/user/0
tmpfs            396M     0  396M    0% /run/user/1001

-------------------- System load --------------------
Linux 3.10.0-514.26.2.el7.x86_64 (sakura-tokyo-prod) 	2018年04月16日 	_x86_64_	(4 CPU)

00時00分02秒     CPU     %user     %nice   %system   %iowait    %steal     %idle
01時00分02秒     all      0.09      0.00      0.04      0.00      0.03     99.83
02時00分02秒     all      0.36      0.00      0.08      0.01      0.03     99.53
03時00分02秒     all      0.08      0.00      0.04      0.00      0.03     99.86
04時00分02秒     all      0.61      0.00      0.11      0.01      0.04     99.24
05時00分02秒     all      0.87      0.00      0.15      0.01      0.03     98.94
06時00分02秒     all      1.11      0.00      0.16      0.02      0.03     98.68
07時00分02秒     all      0.09      0.00      0.04      0.00      0.03     99.83
08時00分02秒     all      0.59      0.00      0.10      0.01      0.04     99.26
09時00分02秒     all      0.08      0.00      0.04      0.00      0.03     99.85
10時00分02秒     all      0.34      0.00      0.07      0.00      0.03     99.55
11時00分02秒     all      0.07      0.00      0.04      0.00      0.03     99.87
12時00分02秒     all      0.87      0.00      0.14      0.01      0.03     98.96
13時00分02秒     all      0.36      0.00      0.07      0.00      0.04     99.53
14時00分01秒     all      0.35      0.00      0.08      0.01      0.04     99.53
平均値:      all      0.42      0.00      0.08      0.01      0.03     99.46

-------------------- Logged in user --------------------
k83222fe 2018-04-12 10:29

