==================== 2018-04-17 02:55:01 ====================

-------------------- uptime --------------------
 02:55:01 up 284 days, 15:44,  1 user,  load average: 0.01, 0.03, 0.05

-------------------- System info --------------------
Linux sakura-tokyo-prod 3.10.0-514.26.2.el7.x86_64 #1 SMP Tue Jul 4 15:04:05 UTC 2017 x86_64 x86_64 x86_64 GNU/Linux

-------------------- Storage usage --------------------
ファイルシス   サイズ  使用  残り 使用% マウント位置
/dev/vda4         96G  6.1G   90G    7% /
devtmpfs         2.0G     0  2.0G    0% /dev
tmpfs            2.0G     0  2.0G    0% /dev/shm
tmpfs            2.0G  1.1G  863M   57% /run
tmpfs            2.0G     0  2.0G    0% /sys/fs/cgroup
/dev/vda2        497M  215M  283M   44% /boot
tmpfs            396M     0  396M    0% /run/user/0
tmpfs            396M     0  396M    0% /run/user/1001

-------------------- System load --------------------
Linux 3.10.0-514.26.2.el7.x86_64 (sakura-tokyo-prod) 	2018年04月17日 	_x86_64_	(4 CPU)

00時00分02秒     CPU     %user     %nice   %system   %iowait    %steal     %idle
01時00分02秒     all      0.10      0.00      0.06      0.00      0.03     99.81
02時00分02秒     all      0.66      0.00      0.12      0.01      0.04     99.17
平均値:      all      0.38      0.00      0.09      0.01      0.03     99.49

-------------------- Logged in user --------------------
k9b2c5ba 2018-04-12 10:29

==================== 2018-04-17 05:55:01 ====================

-------------------- uptime --------------------
 05:55:01 up 284 days, 18:44,  1 user,  load average: 0.00, 0.01, 0.05

-------------------- System info --------------------
Linux sakura-tokyo-prod 3.10.0-514.26.2.el7.x86_64 #1 SMP Tue Jul 4 15:04:05 UTC 2017 x86_64 x86_64 x86_64 GNU/Linux

-------------------- Storage usage --------------------
ファイルシス   サイズ  使用  残り 使用% マウント位置
/dev/vda4         96G  6.1G   90G    7% /
devtmpfs         2.0G     0  2.0G    0% /dev
tmpfs            2.0G     0  2.0G    0% /dev/shm
tmpfs            2.0G  1.1G  863M   57% /run
tmpfs            2.0G     0  2.0G    0% /sys/fs/cgroup
/dev/vda2        497M  215M  283M   44% /boot
tmpfs            396M     0  396M    0% /run/user/0
tmpfs            396M     0  396M    0% /run/user/1001

-------------------- System load --------------------
Linux 3.10.0-514.26.2.el7.x86_64 (sakura-tokyo-prod) 	2018年04月17日 	_x86_64_	(4 CPU)

00時00分02秒     CPU     %user     %nice   %system   %iowait    %steal     %idle
01時00分02秒     all      0.10      0.00      0.06      0.00      0.03     99.81
02時00分02秒     all      0.66      0.00      0.12      0.01      0.04     99.17
03時00分02秒     all      0.08      0.00      0.04      0.00      0.03     99.85
04時00分02秒     all      0.33      0.00      0.07      0.00      0.03     99.56
05時00分02秒     all      0.07      0.00      0.03      0.00      0.02     99.87
平均値:      all      0.25      0.00      0.06      0.00      0.03     99.66

-------------------- Logged in user --------------------
k00f45a8 2018-04-12 10:29

==================== 2018-04-17 08:55:01 ====================

-------------------- uptime --------------------
 08:55:01 up 284 days, 21:44,  1 user,  load average: 0.00, 0.01, 0.05

-------------------- System info --------------------
Linux sakura-tokyo-prod 3.10.0-514.26.2.el7.x86_64 #1 SMP Tue Jul 4 15:04:05 UTC 2017 x86_64 x86_64 x86_64 GNU/Linux

-------------------- Storage usage --------------------
ファイルシス   サイズ  使用  残り 使用% マウント位置
/dev/vda4         96G  6.1G   90G    7% /
devtmpfs         2.0G     0  2.0G    0% /dev
tmpfs            2.0G     0  2.0G    0% /dev/shm
tmpfs            2.0G  1.1G  863M   57% /run
tmpfs            2.0G     0  2.0G    0% /sys/fs/cgroup
/dev/vda2        497M  215M  283M   44% /boot
tmpfs            396M     0  396M    0% /run/user/0
tmpfs            396M     0  396M    0% /run/user/1001

-------------------- System load --------------------
Linux 3.10.0-514.26.2.el7.x86_64 (sakura-tokyo-prod) 	2018年04月17日 	_x86_64_	(4 CPU)

00時00分02秒     CPU     %user     %nice   %system   %iowait    %steal     %idle
01時00分02秒     all      0.10      0.00      0.06      0.00      0.03     99.81
02時00分02秒     all      0.66      0.00      0.12      0.01      0.04     99.17
03時00分02秒     all      0.08      0.00      0.04      0.00      0.03     99.85
04時00分02秒     all      0.33      0.00      0.07      0.00      0.03     99.56
05時00分02秒     all      0.07      0.00      0.03      0.00      0.02     99.87
06時00分02秒     all      1.13      0.00      0.17      0.02      0.03     98.65
07時00分02秒     all      0.34      0.00      0.07      0.00      0.03     99.54
08時00分02秒     all      0.89      0.00      0.15      0.01      0.04     98.91
平均値:      all      0.45      0.00      0.09      0.01      0.03     99.42

-------------------- Logged in user --------------------
kfa2c69e 2018-04-12 10:29

==================== 2018-04-17 11:55:01 ====================

-------------------- uptime --------------------
 11:55:01 up 285 days, 44 min,  1 user,  load average: 0.00, 0.01, 0.05

-------------------- System info --------------------
Linux sakura-tokyo-prod 3.10.0-514.26.2.el7.x86_64 #1 SMP Tue Jul 4 15:04:05 UTC 2017 x86_64 x86_64 x86_64 GNU/Linux

-------------------- Storage usage --------------------
ファイルシス   サイズ  使用  残り 使用% マウント位置
/dev/vda4         96G  6.1G   90G    7% /
devtmpfs         2.0G     0  2.0G    0% /dev
tmpfs            2.0G     0  2.0G    0% /dev/shm
tmpfs            2.0G  1.1G  862M   57% /run
tmpfs            2.0G     0  2.0G    0% /sys/fs/cgroup
/dev/vda2        497M  215M  283M   44% /boot
tmpfs            396M     0  396M    0% /run/user/0
tmpfs            396M     0  396M    0% /run/user/1001

-------------------- System load --------------------
Linux 3.10.0-514.26.2.el7.x86_64 (sakura-tokyo-prod) 	2018年04月17日 	_x86_64_	(4 CPU)

00時00分02秒     CPU     %user     %nice   %system   %iowait    %steal     %idle
01時00分02秒     all      0.10      0.00      0.06      0.00      0.03     99.81
02時00分02秒     all      0.66      0.00      0.12      0.01      0.04     99.17
03時00分02秒     all      0.08      0.00      0.04      0.00      0.03     99.85
04時00分02秒     all      0.33      0.00      0.07      0.00      0.03     99.56
05時00分02秒     all      0.07      0.00      0.03      0.00      0.02     99.87
06時00分02秒     all      1.13      0.00      0.17      0.02      0.03     98.65
07時00分02秒     all      0.34      0.00      0.07      0.00      0.03     99.54
08時00分02秒     all      0.89      0.00      0.15      0.01      0.04     98.91
09時00分02秒     all      0.59      0.00      0.11      0.01      0.04     99.25
10時00分02秒     all      0.34      0.00      0.08      0.00      0.03     99.54
11時00分02秒     all      0.87      0.00      0.16      0.01      0.05     98.92
平均値:      all      0.49      0.00      0.10      0.01      0.03     99.37

-------------------- Logged in user --------------------
k76b389a 2018-04-12 10:29

==================== 2018-04-17 14:55:01 ====================

-------------------- uptime --------------------
 14:55:01 up 285 days,  3:44,  1 user,  load average: 0.00, 0.01, 0.05

-------------------- System info --------------------
Linux sakura-tokyo-prod 3.10.0-514.26.2.el7.x86_64 #1 SMP Tue Jul 4 15:04:05 UTC 2017 x86_64 x86_64 x86_64 GNU/Linux

-------------------- Storage usage --------------------
ファイルシス   サイズ  使用  残り 使用% マウント位置
/dev/vda4         96G  6.1G   90G    7% /
devtmpfs         2.0G     0  2.0G    0% /dev
tmpfs            2.0G     0  2.0G    0% /dev/shm
tmpfs            2.0G  1.1G  862M   57% /run
tmpfs            2.0G     0  2.0G    0% /sys/fs/cgroup
/dev/vda2        497M  215M  283M   44% /boot
tmpfs            396M     0  396M    0% /run/user/0
tmpfs            396M     0  396M    0% /run/user/1001

-------------------- System load --------------------
Linux 3.10.0-514.26.2.el7.x86_64 (sakura-tokyo-prod) 	2018年04月17日 	_x86_64_	(4 CPU)

00時00分02秒     CPU     %user     %nice   %system   %iowait    %steal     %idle
01時00分02秒     all      0.10      0.00      0.06      0.00      0.03     99.81
02時00分02秒     all      0.66      0.00      0.12      0.01      0.04     99.17
03時00分02秒     all      0.08      0.00      0.04      0.00      0.03     99.85
04時00分02秒     all      0.33      0.00      0.07      0.00      0.03     99.56
05時00分02秒     all      0.07      0.00      0.03      0.00      0.02     99.87
06時00分02秒     all      1.13      0.00      0.17      0.02      0.03     98.65
07時00分02秒     all      0.34      0.00      0.07      0.00      0.03     99.54
08時00分02秒     all      0.89      0.00      0.15      0.01      0.04     98.91
09時00分02秒     all      0.59      0.00      0.11      0.01      0.04     99.25
10時00分02秒     all      0.34      0.00      0.08      0.00      0.03     99.54
11時00分02秒     all      0.87      0.00      0.16      0.01      0.05     98.92
12時00分02秒     all      0.63      0.00      0.13      0.01      0.05     99.18
13時00分02秒     all      0.37      0.00      0.10      0.01      0.06     99.47
14時00分02秒     all      0.59      0.00      0.12      0.01      0.06     99.22
平均値:      all      0.50      0.00      0.10      0.01      0.04     99.35

-------------------- Logged in user --------------------
ke4f82b9 2018-04-12 10:29

==================== 2018-04-17 17:55:01 ====================

-------------------- uptime --------------------
 17:55:01 up 285 days,  6:44,  1 user,  load average: 0.10, 0.10, 0.07

-------------------- System info --------------------
Linux sakura-tokyo-prod 3.10.0-514.26.2.el7.x86_64 #1 SMP Tue Jul 4 15:04:05 UTC 2017 x86_64 x86_64 x86_64 GNU/Linux

-------------------- Storage usage --------------------
ファイルシス   サイズ  使用  残り 使用% マウント位置
/dev/vda4         96G  6.1G   90G    7% /
devtmpfs         2.0G     0  2.0G    0% /dev
tmpfs            2.0G     0  2.0G    0% /dev/shm
tmpfs            2.0G  1.1G  862M   57% /run
tmpfs            2.0G     0  2.0G    0% /sys/fs/cgroup
/dev/vda2        497M  215M  283M   44% /boot
tmpfs            396M     0  396M    0% /run/user/0
tmpfs            396M     0  396M    0% /run/user/1001

-------------------- System load --------------------
Linux 3.10.0-514.26.2.el7.x86_64 (sakura-tokyo-prod) 	2018年04月17日 	_x86_64_	(4 CPU)

00時00分02秒     CPU     %user     %nice   %system   %iowait    %steal     %idle
01時00分02秒     all      0.10      0.00      0.06      0.00      0.03     99.81
02時00分02秒     all      0.66      0.00      0.12      0.01      0.04     99.17
03時00分02秒     all      0.08      0.00      0.04      0.00      0.03     99.85
04時00分02秒     all      0.33      0.00      0.07      0.00      0.03     99.56
05時00分02秒     all      0.07      0.00      0.03      0.00      0.02     99.87
06時00分02秒     all      1.13      0.00      0.17      0.02      0.03     98.65
07時00分02秒     all      0.34      0.00      0.07      0.00      0.03     99.54
08時00分02秒     all      0.89      0.00      0.15      0.01      0.04     98.91
09時00分02秒     all      0.59      0.00      0.11      0.01      0.04     99.25
10時00分02秒     all      0.34      0.00      0.08      0.00      0.03     99.54
11時00分02秒     all      0.87      0.00      0.16      0.01      0.05     98.92
12時00分02秒     all      0.63      0.00      0.13      0.01      0.05     99.18
13時00分02秒     all      0.37      0.00      0.10      0.01      0.06     99.47
14時00分02秒     all      0.59      0.00      0.12      0.01      0.06     99.22
15時00分02秒     all      1.39      0.00      0.23      0.02      0.06     98.30
16時00分01秒     all      0.84      0.00      0.14      0.01      0.05     98.95
17時00分02秒     all      0.34      0.00      0.08      0.00      0.05     99.53
平均値:      all      0.56      0.00      0.11      0.01      0.04     99.28

-------------------- Logged in user --------------------
k644d1ff 2018-04-12 10:29

