==================== 2018-04-20 02:55:01 ====================

-------------------- uptime --------------------
 02:55:01 up 287 days, 15:44,  1 user,  load average: 0.00, 0.01, 0.05

-------------------- System info --------------------
Linux sakura-tokyo-prod 3.10.0-514.26.2.el7.x86_64 #1 SMP Tue Jul 4 15:04:05 UTC 2017 x86_64 x86_64 x86_64 GNU/Linux

-------------------- Storage usage --------------------
ファイルシス   サイズ  使用  残り 使用% マウント位置
/dev/vda4         96G  6.1G   90G    7% /
devtmpfs         2.0G     0  2.0G    0% /dev
tmpfs            2.0G     0  2.0G    0% /dev/shm
tmpfs            2.0G  1.1G  860M   57% /run
tmpfs            2.0G     0  2.0G    0% /sys/fs/cgroup
/dev/vda2        497M  215M  283M   44% /boot
tmpfs            396M     0  396M    0% /run/user/0
tmpfs            396M     0  396M    0% /run/user/1001

-------------------- System load --------------------
Linux 3.10.0-514.26.2.el7.x86_64 (sakura-tokyo-prod) 	2018年04月20日 	_x86_64_	(4 CPU)

00時00分02秒     CPU     %user     %nice   %system   %iowait    %steal     %idle
01時00分02秒     all      0.63      0.00      0.13      0.01      0.05     99.18
02時00分02秒     all      0.34      0.00      0.07      0.01      0.04     99.54
平均値:      all      0.49      0.00      0.10      0.01      0.04     99.36

-------------------- Logged in user --------------------
kbfc4544 2018-04-17 20:59

==================== 2018-04-20 05:55:01 ====================

-------------------- uptime --------------------
 05:55:01 up 287 days, 18:44,  1 user,  load average: 0.00, 0.04, 0.05

-------------------- System info --------------------
Linux sakura-tokyo-prod 3.10.0-514.26.2.el7.x86_64 #1 SMP Tue Jul 4 15:04:05 UTC 2017 x86_64 x86_64 x86_64 GNU/Linux

-------------------- Storage usage --------------------
ファイルシス   サイズ  使用  残り 使用% マウント位置
/dev/vda4         96G  6.1G   90G    7% /
devtmpfs         2.0G     0  2.0G    0% /dev
tmpfs            2.0G     0  2.0G    0% /dev/shm
tmpfs            2.0G  1.1G  860M   57% /run
tmpfs            2.0G     0  2.0G    0% /sys/fs/cgroup
/dev/vda2        497M  215M  283M   44% /boot
tmpfs            396M     0  396M    0% /run/user/0
tmpfs            396M     0  396M    0% /run/user/1001

-------------------- System load --------------------
Linux 3.10.0-514.26.2.el7.x86_64 (sakura-tokyo-prod) 	2018年04月20日 	_x86_64_	(4 CPU)

00時00分02秒     CPU     %user     %nice   %system   %iowait    %steal     %idle
01時00分02秒     all      0.63      0.00      0.13      0.01      0.05     99.18
02時00分02秒     all      0.34      0.00      0.07      0.01      0.04     99.54
03時00分02秒     all      0.89      0.00      0.16      0.02      0.05     98.88
04時00分02秒     all      0.37      0.00      0.09      0.01      0.05     99.50
05時00分02秒     all      0.35      0.00      0.08      0.01      0.05     99.51
平均値:      all      0.52      0.00      0.11      0.01      0.05     99.32

-------------------- Logged in user --------------------
k3b0c0d1 2018-04-17 20:59

==================== 2018-04-20 08:55:02 ====================

-------------------- uptime --------------------
 08:55:02 up 287 days, 21:44,  1 user,  load average: 0.00, 0.01, 0.05

-------------------- System info --------------------
Linux sakura-tokyo-prod 3.10.0-514.26.2.el7.x86_64 #1 SMP Tue Jul 4 15:04:05 UTC 2017 x86_64 x86_64 x86_64 GNU/Linux

-------------------- Storage usage --------------------
ファイルシス   サイズ  使用  残り 使用% マウント位置
/dev/vda4         96G  6.1G   90G    7% /
devtmpfs         2.0G     0  2.0G    0% /dev
tmpfs            2.0G     0  2.0G    0% /dev/shm
tmpfs            2.0G  1.1G  860M   57% /run
tmpfs            2.0G     0  2.0G    0% /sys/fs/cgroup
/dev/vda2        497M  215M  283M   44% /boot
tmpfs            396M     0  396M    0% /run/user/0
tmpfs            396M     0  396M    0% /run/user/1001

-------------------- System load --------------------
Linux 3.10.0-514.26.2.el7.x86_64 (sakura-tokyo-prod) 	2018年04月20日 	_x86_64_	(4 CPU)

00時00分02秒     CPU     %user     %nice   %system   %iowait    %steal     %idle
01時00分02秒     all      0.63      0.00      0.13      0.01      0.05     99.18
02時00分02秒     all      0.34      0.00      0.07      0.01      0.04     99.54
03時00分02秒     all      0.89      0.00      0.16      0.02      0.05     98.88
04時00分02秒     all      0.37      0.00      0.09      0.01      0.05     99.50
05時00分02秒     all      0.35      0.00      0.08      0.01      0.05     99.51
06時00分02秒     all      0.89      0.00      0.16      0.02      0.05     98.88
07時00分02秒     all      0.62      0.00      0.12      0.01      0.05     99.19
08時00分02秒     all      0.36      0.00      0.08      0.00      0.05     99.51
平均値:      all      0.56      0.00      0.11      0.01      0.05     99.27

-------------------- Logged in user --------------------
k89b49de 2018-04-17 20:59

==================== 2018-04-20 11:55:02 ====================

-------------------- uptime --------------------
 11:55:02 up 288 days, 44 min,  1 user,  load average: 0.00, 0.01, 0.05

-------------------- System info --------------------
Linux sakura-tokyo-prod 3.10.0-514.26.2.el7.x86_64 #1 SMP Tue Jul 4 15:04:05 UTC 2017 x86_64 x86_64 x86_64 GNU/Linux

-------------------- Storage usage --------------------
ファイルシス   サイズ  使用  残り 使用% マウント位置
/dev/vda4         96G  6.1G   90G    7% /
devtmpfs         2.0G     0  2.0G    0% /dev
tmpfs            2.0G     0  2.0G    0% /dev/shm
tmpfs            2.0G  1.1G  860M   57% /run
tmpfs            2.0G     0  2.0G    0% /sys/fs/cgroup
/dev/vda2        497M  215M  283M   44% /boot
tmpfs            396M     0  396M    0% /run/user/0
tmpfs            396M     0  396M    0% /run/user/1001

-------------------- System load --------------------
Linux 3.10.0-514.26.2.el7.x86_64 (sakura-tokyo-prod) 	2018年04月20日 	_x86_64_	(4 CPU)

00時00分02秒     CPU     %user     %nice   %system   %iowait    %steal     %idle
01時00分02秒     all      0.63      0.00      0.13      0.01      0.05     99.18
02時00分02秒     all      0.34      0.00      0.07      0.01      0.04     99.54
03時00分02秒     all      0.89      0.00      0.16      0.02      0.05     98.88
04時00分02秒     all      0.37      0.00      0.09      0.01      0.05     99.50
05時00分02秒     all      0.35      0.00      0.08      0.01      0.05     99.51
06時00分02秒     all      0.89      0.00      0.16      0.02      0.05     98.88
07時00分02秒     all      0.62      0.00      0.12      0.01      0.05     99.19
08時00分02秒     all      0.36      0.00      0.08      0.00      0.05     99.51
09時00分02秒     all      0.88      0.00      0.16      0.02      0.06     98.89
10時00分02秒     all      0.36      0.00      0.08      0.01      0.05     99.50
11時00分02秒     all      0.62      0.00      0.12      0.01      0.05     99.20
平均値:      all      0.57      0.00      0.11      0.01      0.05     99.25

-------------------- Logged in user --------------------
k338b7ee 2018-04-17 20:59

==================== 2018-04-20 14:55:01 ====================

-------------------- uptime --------------------
 14:55:01 up 288 days,  3:44,  1 user,  load average: 0.00, 0.01, 0.05

-------------------- System info --------------------
Linux sakura-tokyo-prod 3.10.0-514.26.2.el7.x86_64 #1 SMP Tue Jul 4 15:04:05 UTC 2017 x86_64 x86_64 x86_64 GNU/Linux

-------------------- Storage usage --------------------
ファイルシス   サイズ  使用  残り 使用% マウント位置
/dev/vda4         96G  6.1G   90G    7% /
devtmpfs         2.0G     0  2.0G    0% /dev
tmpfs            2.0G     0  2.0G    0% /dev/shm
tmpfs            2.0G  1.1G  860M   57% /run
tmpfs            2.0G     0  2.0G    0% /sys/fs/cgroup
/dev/vda2        497M  215M  283M   44% /boot
tmpfs            396M     0  396M    0% /run/user/0
tmpfs            396M     0  396M    0% /run/user/1001

-------------------- System load --------------------
Linux 3.10.0-514.26.2.el7.x86_64 (sakura-tokyo-prod) 	2018年04月20日 	_x86_64_	(4 CPU)

00時00分02秒     CPU     %user     %nice   %system   %iowait    %steal     %idle
01時00分02秒     all      0.63      0.00      0.13      0.01      0.05     99.18
02時00分02秒     all      0.34      0.00      0.07      0.01      0.04     99.54
03時00分02秒     all      0.89      0.00      0.16      0.02      0.05     98.88
04時00分02秒     all      0.37      0.00      0.09      0.01      0.05     99.50
05時00分02秒     all      0.35      0.00      0.08      0.01      0.05     99.51
06時00分02秒     all      0.89      0.00      0.16      0.02      0.05     98.88
07時00分02秒     all      0.62      0.00      0.12      0.01      0.05     99.19
08時00分02秒     all      0.36      0.00      0.08      0.00      0.05     99.51
09時00分02秒     all      0.88      0.00      0.16      0.02      0.06     98.89
10時00分02秒     all      0.36      0.00      0.08      0.01      0.05     99.50
11時00分02秒     all      0.62      0.00      0.12      0.01      0.05     99.20
12時00分02秒     all      0.36      0.00      0.08      0.01      0.05     99.51
13時00分02秒     all      0.64      0.00      0.12      0.01      0.06     99.17
14時00分02秒     all      0.36      0.00      0.08      0.01      0.05     99.50
平均値:      all      0.55      0.00      0.11      0.01      0.05     99.28

-------------------- Logged in user --------------------
k076bd0a 2018-04-17 20:59

==================== 2018-04-20 17:55:01 ====================

-------------------- uptime --------------------
 17:55:01 up 288 days,  6:44,  1 user,  load average: 0.00, 0.01, 0.05

-------------------- System info --------------------
Linux sakura-tokyo-prod 3.10.0-514.26.2.el7.x86_64 #1 SMP Tue Jul 4 15:04:05 UTC 2017 x86_64 x86_64 x86_64 GNU/Linux

-------------------- Storage usage --------------------
ファイルシス   サイズ  使用  残り 使用% マウント位置
/dev/vda4         96G  6.1G   90G    7% /
devtmpfs         2.0G     0  2.0G    0% /dev
tmpfs            2.0G     0  2.0G    0% /dev/shm
tmpfs            2.0G  1.1G  859M   57% /run
tmpfs            2.0G     0  2.0G    0% /sys/fs/cgroup
/dev/vda2        497M  215M  283M   44% /boot
tmpfs            396M     0  396M    0% /run/user/0
tmpfs            396M     0  396M    0% /run/user/1001

-------------------- System load --------------------
Linux 3.10.0-514.26.2.el7.x86_64 (sakura-tokyo-prod) 	2018年04月20日 	_x86_64_	(4 CPU)

00時00分02秒     CPU     %user     %nice   %system   %iowait    %steal     %idle
01時00分02秒     all      0.63      0.00      0.13      0.01      0.05     99.18
02時00分02秒     all      0.34      0.00      0.07      0.01      0.04     99.54
03時00分02秒     all      0.89      0.00      0.16      0.02      0.05     98.88
04時00分02秒     all      0.37      0.00      0.09      0.01      0.05     99.50
05時00分02秒     all      0.35      0.00      0.08      0.01      0.05     99.51
06時00分02秒     all      0.89      0.00      0.16      0.02      0.05     98.88
07時00分02秒     all      0.62      0.00      0.12      0.01      0.05     99.19
08時00分02秒     all      0.36      0.00      0.08      0.00      0.05     99.51
09時00分02秒     all      0.88      0.00      0.16      0.02      0.06     98.89
10時00分02秒     all      0.36      0.00      0.08      0.01      0.05     99.50
11時00分02秒     all      0.62      0.00      0.12      0.01      0.05     99.20
12時00分02秒     all      0.36      0.00      0.08      0.01      0.05     99.51
13時00分02秒     all      0.64      0.00      0.12      0.01      0.06     99.17
14時00分02秒     all      0.36      0.00      0.08      0.01      0.05     99.50
15時00分02秒     all      0.61      0.00      0.11      0.02      0.05     99.21
16時00分02秒     all      0.62      0.00      0.11      0.01      0.05     99.20
17時00分02秒     all      0.34      0.00      0.07      0.01      0.05     99.53
平均値:      all      0.54      0.00      0.11      0.01      0.05     99.29

-------------------- Logged in user --------------------
k9f4e365 2018-04-17 20:59

