==================== 2018-04-21 02:55:01 ====================

-------------------- uptime --------------------
 02:55:01 up 288 days, 15:44,  1 user,  load average: 0.00, 0.01, 0.05

-------------------- System info --------------------
Linux sakura-tokyo-prod 3.10.0-514.26.2.el7.x86_64 #1 SMP Tue Jul 4 15:04:05 UTC 2017 x86_64 x86_64 x86_64 GNU/Linux

-------------------- Storage usage --------------------
ファイルシス   サイズ  使用  残り 使用% マウント位置
/dev/vda4         96G  6.1G   90G    7% /
devtmpfs         2.0G     0  2.0G    0% /dev
tmpfs            2.0G     0  2.0G    0% /dev/shm
tmpfs            2.0G  1.1G  851M   57% /run
tmpfs            2.0G     0  2.0G    0% /sys/fs/cgroup
/dev/vda2        497M  215M  283M   44% /boot
tmpfs            396M     0  396M    0% /run/user/0
tmpfs            396M     0  396M    0% /run/user/1001

-------------------- System load --------------------
Linux 3.10.0-514.26.2.el7.x86_64 (sakura-tokyo-prod) 	2018年04月21日 	_x86_64_	(4 CPU)

00時00分02秒     CPU     %user     %nice   %system   %iowait    %steal     %idle
01時00分02秒     all      0.64      0.00      0.12      0.01      0.06     99.17
02時00分02秒     all      0.37      0.00      0.09      0.01      0.05     99.49
平均値:      all      0.51      0.00      0.10      0.01      0.05     99.33

-------------------- Logged in user --------------------
k8d80cc5 2018-04-17 20:59

==================== 2018-04-21 05:55:01 ====================

-------------------- uptime --------------------
 05:55:01 up 288 days, 18:44,  1 user,  load average: 0.00, 0.01, 0.05

-------------------- System info --------------------
Linux sakura-tokyo-prod 3.10.0-514.26.2.el7.x86_64 #1 SMP Tue Jul 4 15:04:05 UTC 2017 x86_64 x86_64 x86_64 GNU/Linux

-------------------- Storage usage --------------------
ファイルシス   サイズ  使用  残り 使用% マウント位置
/dev/vda4         96G  6.1G   90G    7% /
devtmpfs         2.0G     0  2.0G    0% /dev
tmpfs            2.0G     0  2.0G    0% /dev/shm
tmpfs            2.0G  1.1G  851M   57% /run
tmpfs            2.0G     0  2.0G    0% /sys/fs/cgroup
/dev/vda2        497M  215M  283M   44% /boot
tmpfs            396M     0  396M    0% /run/user/0
tmpfs            396M     0  396M    0% /run/user/1001

-------------------- System load --------------------
Linux 3.10.0-514.26.2.el7.x86_64 (sakura-tokyo-prod) 	2018年04月21日 	_x86_64_	(4 CPU)

00時00分02秒     CPU     %user     %nice   %system   %iowait    %steal     %idle
01時00分02秒     all      0.64      0.00      0.12      0.01      0.06     99.17
02時00分02秒     all      0.37      0.00      0.09      0.01      0.05     99.49
03時00分02秒     all      0.89      0.00      0.15      0.02      0.06     98.89
04時00分02秒     all      0.63      0.00      0.12      0.01      0.05     99.18
05時00分02秒     all      0.63      0.00      0.12      0.01      0.05     99.19
平均値:      all      0.63      0.00      0.12      0.01      0.05     99.18

-------------------- Logged in user --------------------
kabe75ca 2018-04-17 20:59

==================== 2018-04-21 08:55:01 ====================

-------------------- uptime --------------------
 08:55:01 up 288 days, 21:44,  1 user,  load average: 0.01, 0.07, 0.07

-------------------- System info --------------------
Linux sakura-tokyo-prod 3.10.0-514.26.2.el7.x86_64 #1 SMP Tue Jul 4 15:04:05 UTC 2017 x86_64 x86_64 x86_64 GNU/Linux

-------------------- Storage usage --------------------
ファイルシス   サイズ  使用  残り 使用% マウント位置
/dev/vda4         96G  6.1G   90G    7% /
devtmpfs         2.0G     0  2.0G    0% /dev
tmpfs            2.0G     0  2.0G    0% /dev/shm
tmpfs            2.0G  1.1G  851M   57% /run
tmpfs            2.0G     0  2.0G    0% /sys/fs/cgroup
/dev/vda2        497M  215M  283M   44% /boot
tmpfs            396M     0  396M    0% /run/user/0
tmpfs            396M     0  396M    0% /run/user/1001

-------------------- System load --------------------
Linux 3.10.0-514.26.2.el7.x86_64 (sakura-tokyo-prod) 	2018年04月21日 	_x86_64_	(4 CPU)

00時00分02秒     CPU     %user     %nice   %system   %iowait    %steal     %idle
01時00分02秒     all      0.64      0.00      0.12      0.01      0.06     99.17
02時00分02秒     all      0.37      0.00      0.09      0.01      0.05     99.49
03時00分02秒     all      0.89      0.00      0.15      0.02      0.06     98.89
04時00分02秒     all      0.63      0.00      0.12      0.01      0.05     99.18
05時00分02秒     all      0.63      0.00      0.12      0.01      0.05     99.19
06時00分02秒     all      0.37      0.00      0.08      0.01      0.05     99.50
07時00分02秒     all      0.66      0.00      0.13      0.01      0.06     99.14
08時00分02秒     all      0.35      0.00      0.08      0.01      0.06     99.51
平均値:      all      0.57      0.00      0.11      0.01      0.05     99.26

-------------------- Logged in user --------------------
k78c7461 2018-04-17 20:59

==================== 2018-04-21 11:55:01 ====================

-------------------- uptime --------------------
 11:55:01 up 289 days, 44 min,  1 user,  load average: 0.01, 0.07, 0.07

-------------------- System info --------------------
Linux sakura-tokyo-prod 3.10.0-514.26.2.el7.x86_64 #1 SMP Tue Jul 4 15:04:05 UTC 2017 x86_64 x86_64 x86_64 GNU/Linux

-------------------- Storage usage --------------------
ファイルシス   サイズ  使用  残り 使用% マウント位置
/dev/vda4         96G  6.1G   90G    7% /
devtmpfs         2.0G     0  2.0G    0% /dev
tmpfs            2.0G     0  2.0G    0% /dev/shm
tmpfs            2.0G  1.1G  851M   57% /run
tmpfs            2.0G     0  2.0G    0% /sys/fs/cgroup
/dev/vda2        497M  215M  283M   44% /boot
tmpfs            396M     0  396M    0% /run/user/0
tmpfs            396M     0  396M    0% /run/user/1001

-------------------- System load --------------------
Linux 3.10.0-514.26.2.el7.x86_64 (sakura-tokyo-prod) 	2018年04月21日 	_x86_64_	(4 CPU)

00時00分02秒     CPU     %user     %nice   %system   %iowait    %steal     %idle
01時00分02秒     all      0.64      0.00      0.12      0.01      0.06     99.17
02時00分02秒     all      0.37      0.00      0.09      0.01      0.05     99.49
03時00分02秒     all      0.89      0.00      0.15      0.02      0.06     98.89
04時00分02秒     all      0.63      0.00      0.12      0.01      0.05     99.18
05時00分02秒     all      0.63      0.00      0.12      0.01      0.05     99.19
06時00分02秒     all      0.37      0.00      0.08      0.01      0.05     99.50
07時00分02秒     all      0.66      0.00      0.13      0.01      0.06     99.14
08時00分02秒     all      0.35      0.00      0.08      0.01      0.06     99.51
09時00分02秒     all      0.89      0.00      0.16      0.01      0.05     98.88
10時00分02秒     all      0.35      0.00      0.09      0.01      0.06     99.49
11時00分02秒     all      0.38      0.00      0.09      0.01      0.06     99.46
平均値:      all      0.56      0.00      0.11      0.01      0.06     99.26

-------------------- Logged in user --------------------
kf756300 2018-04-17 20:59

==================== 2018-04-21 14:55:01 ====================

-------------------- uptime --------------------
 14:55:01 up 289 days,  3:44,  1 user,  load average: 0.00, 0.01, 0.05

-------------------- System info --------------------
Linux sakura-tokyo-prod 3.10.0-514.26.2.el7.x86_64 #1 SMP Tue Jul 4 15:04:05 UTC 2017 x86_64 x86_64 x86_64 GNU/Linux

-------------------- Storage usage --------------------
ファイルシス   サイズ  使用  残り 使用% マウント位置
/dev/vda4         96G  6.1G   90G    7% /
devtmpfs         2.0G     0  2.0G    0% /dev
tmpfs            2.0G     0  2.0G    0% /dev/shm
tmpfs            2.0G  1.1G  851M   57% /run
tmpfs            2.0G     0  2.0G    0% /sys/fs/cgroup
/dev/vda2        497M  215M  283M   44% /boot
tmpfs            396M     0  396M    0% /run/user/0
tmpfs            396M     0  396M    0% /run/user/1001

-------------------- System load --------------------
Linux 3.10.0-514.26.2.el7.x86_64 (sakura-tokyo-prod) 	2018年04月21日 	_x86_64_	(4 CPU)

00時00分02秒     CPU     %user     %nice   %system   %iowait    %steal     %idle
01時00分02秒     all      0.64      0.00      0.12      0.01      0.06     99.17
02時00分02秒     all      0.37      0.00      0.09      0.01      0.05     99.49
03時00分02秒     all      0.89      0.00      0.15      0.02      0.06     98.89
04時00分02秒     all      0.63      0.00      0.12      0.01      0.05     99.18
05時00分02秒     all      0.63      0.00      0.12      0.01      0.05     99.19
06時00分02秒     all      0.37      0.00      0.08      0.01      0.05     99.50
07時00分02秒     all      0.66      0.00      0.13      0.01      0.06     99.14
08時00分02秒     all      0.35      0.00      0.08      0.01      0.06     99.51
09時00分02秒     all      0.89      0.00      0.16      0.01      0.05     98.88
10時00分02秒     all      0.35      0.00      0.09      0.01      0.06     99.49
11時00分02秒     all      0.38      0.00      0.09      0.01      0.06     99.46
12時00分02秒     all      0.35      0.00      0.09      0.01      0.06     99.50
13時00分02秒     all      0.37      0.00      0.09      0.01      0.06     99.47
14時00分02秒     all      0.09      0.00      0.04      0.00      0.05     99.82
平均値:      all      0.50      0.00      0.10      0.01      0.06     99.34

-------------------- Logged in user --------------------
kd4822e5 2018-04-17 20:59

==================== 2018-04-21 17:55:01 ====================

-------------------- uptime --------------------
 17:55:01 up 289 days,  6:44,  0 users,  load average: 0.00, 0.01, 0.05

-------------------- System info --------------------
Linux sakura-tokyo-prod 3.10.0-514.26.2.el7.x86_64 #1 SMP Tue Jul 4 15:04:05 UTC 2017 x86_64 x86_64 x86_64 GNU/Linux

-------------------- Storage usage --------------------
ファイルシス   サイズ  使用  残り 使用% マウント位置
/dev/vda4         96G  6.1G   90G    7% /
devtmpfs         2.0G     0  2.0G    0% /dev
tmpfs            2.0G     0  2.0G    0% /dev/shm
tmpfs            2.0G  1.1G  851M   57% /run
tmpfs            2.0G     0  2.0G    0% /sys/fs/cgroup
/dev/vda2        497M  215M  283M   44% /boot
tmpfs            396M     0  396M    0% /run/user/0
tmpfs            396M     0  396M    0% /run/user/1001

-------------------- System load --------------------
Linux 3.10.0-514.26.2.el7.x86_64 (sakura-tokyo-prod) 	2018年04月21日 	_x86_64_	(4 CPU)

00時00分02秒     CPU     %user     %nice   %system   %iowait    %steal     %idle
01時00分02秒     all      0.64      0.00      0.12      0.01      0.06     99.17
02時00分02秒     all      0.37      0.00      0.09      0.01      0.05     99.49
03時00分02秒     all      0.89      0.00      0.15      0.02      0.06     98.89
04時00分02秒     all      0.63      0.00      0.12      0.01      0.05     99.18
05時00分02秒     all      0.63      0.00      0.12      0.01      0.05     99.19
06時00分02秒     all      0.37      0.00      0.08      0.01      0.05     99.50
07時00分02秒     all      0.66      0.00      0.13      0.01      0.06     99.14
08時00分02秒     all      0.35      0.00      0.08      0.01      0.06     99.51
09時00分02秒     all      0.89      0.00      0.16      0.01      0.05     98.88
10時00分02秒     all      0.35      0.00      0.09      0.01      0.06     99.49
11時00分02秒     all      0.38      0.00      0.09      0.01      0.06     99.46
12時00分02秒     all      0.35      0.00      0.09      0.01      0.06     99.50
13時00分02秒     all      0.37      0.00      0.09      0.01      0.06     99.47
14時00分02秒     all      0.09      0.00      0.04      0.00      0.05     99.82
15時00分02秒     all      0.89      0.00      0.15      0.01      0.05     98.91
16時00分02秒     all      0.09      0.00      0.04      0.00      0.04     99.83
17時00分01秒     all      0.62      0.00      0.11      0.01      0.04     99.22
平均値:      all      0.50      0.00      0.10      0.01      0.05     99.33

-------------------- Logged in user --------------------


