==================== 2018-04-24 02:55:01 ====================

-------------------- uptime --------------------
 02:55:01 up 291 days, 15:44,  1 user,  load average: 0.00, 0.01, 0.05

-------------------- System info --------------------
Linux sakura-tokyo-prod 3.10.0-514.26.2.el7.x86_64 #1 SMP Tue Jul 4 15:04:05 UTC 2017 x86_64 x86_64 x86_64 GNU/Linux

-------------------- Storage usage --------------------
ファイルシス   サイズ  使用  残り 使用% マウント位置
/dev/vda4         96G  6.1G   90G    7% /
devtmpfs         2.0G     0  2.0G    0% /dev
tmpfs            2.0G     0  2.0G    0% /dev/shm
tmpfs            2.0G  1.1G  873M   56% /run
tmpfs            2.0G     0  2.0G    0% /sys/fs/cgroup
/dev/vda2        497M  215M  283M   44% /boot
tmpfs            396M     0  396M    0% /run/user/0
tmpfs            396M     0  396M    0% /run/user/1001

-------------------- System load --------------------
Linux 3.10.0-514.26.2.el7.x86_64 (sakura-tokyo-prod) 	2018年04月24日 	_x86_64_	(4 CPU)

00時00分02秒     CPU     %user     %nice   %system   %iowait    %steal     %idle
01時00分02秒     all      0.10      0.00      0.04      0.00      0.04     99.81
02時00分02秒     all      1.14      0.00      0.18      0.02      0.04     98.61
平均値:      all      0.62      0.00      0.11      0.01      0.04     99.21

-------------------- Logged in user --------------------
k14e658f 2018-04-23 22:52

==================== 2018-04-24 05:55:01 ====================

-------------------- uptime --------------------
 05:55:01 up 291 days, 18:44,  1 user,  load average: 0.00, 0.01, 0.05

-------------------- System info --------------------
Linux sakura-tokyo-prod 3.10.0-514.26.2.el7.x86_64 #1 SMP Tue Jul 4 15:04:05 UTC 2017 x86_64 x86_64 x86_64 GNU/Linux

-------------------- Storage usage --------------------
ファイルシス   サイズ  使用  残り 使用% マウント位置
/dev/vda4         96G  6.1G   90G    7% /
devtmpfs         2.0G     0  2.0G    0% /dev
tmpfs            2.0G     0  2.0G    0% /dev/shm
tmpfs            2.0G  1.1G  872M   56% /run
tmpfs            2.0G     0  2.0G    0% /sys/fs/cgroup
/dev/vda2        497M  215M  283M   44% /boot
tmpfs            396M     0  396M    0% /run/user/0
tmpfs            396M     0  396M    0% /run/user/1001

-------------------- System load --------------------
Linux 3.10.0-514.26.2.el7.x86_64 (sakura-tokyo-prod) 	2018年04月24日 	_x86_64_	(4 CPU)

00時00分02秒     CPU     %user     %nice   %system   %iowait    %steal     %idle
01時00分02秒     all      0.10      0.00      0.04      0.00      0.04     99.81
02時00分02秒     all      1.14      0.00      0.18      0.02      0.04     98.61
03時00分02秒     all      0.35      0.00      0.07      0.01      0.04     99.53
04時00分01秒     all      0.34      0.00      0.08      0.00      0.04     99.52
05時00分02秒     all      0.09      0.00      0.05      0.00      0.04     99.82
平均値:      all      0.40      0.00      0.09      0.01      0.04     99.46

-------------------- Logged in user --------------------
k4a80483 2018-04-23 22:52

==================== 2018-04-24 08:55:01 ====================

-------------------- uptime --------------------
 08:55:01 up 291 days, 21:44,  1 user,  load average: 0.00, 0.01, 0.05

-------------------- System info --------------------
Linux sakura-tokyo-prod 3.10.0-514.26.2.el7.x86_64 #1 SMP Tue Jul 4 15:04:05 UTC 2017 x86_64 x86_64 x86_64 GNU/Linux

-------------------- Storage usage --------------------
ファイルシス   サイズ  使用  残り 使用% マウント位置
/dev/vda4         96G  6.1G   90G    7% /
devtmpfs         2.0G     0  2.0G    0% /dev
tmpfs            2.0G     0  2.0G    0% /dev/shm
tmpfs            2.0G  1.1G  872M   56% /run
tmpfs            2.0G     0  2.0G    0% /sys/fs/cgroup
/dev/vda2        497M  215M  283M   44% /boot
tmpfs            396M     0  396M    0% /run/user/0
tmpfs            396M     0  396M    0% /run/user/1001

-------------------- System load --------------------
Linux 3.10.0-514.26.2.el7.x86_64 (sakura-tokyo-prod) 	2018年04月24日 	_x86_64_	(4 CPU)

00時00分02秒     CPU     %user     %nice   %system   %iowait    %steal     %idle
01時00分02秒     all      0.10      0.00      0.04      0.00      0.04     99.81
02時00分02秒     all      1.14      0.00      0.18      0.02      0.04     98.61
03時00分02秒     all      0.35      0.00      0.07      0.01      0.04     99.53
04時00分01秒     all      0.34      0.00      0.08      0.00      0.04     99.52
05時00分02秒     all      0.09      0.00      0.05      0.00      0.04     99.82
06時00分02秒     all      0.61      0.00      0.11      0.01      0.05     99.22
07時00分01秒     all      0.11      0.00      0.05      0.00      0.05     99.79
08時00分02秒     all      0.86      0.00      0.14      0.01      0.06     98.93
平均値:      all      0.45      0.00      0.09      0.01      0.05     99.40

-------------------- Logged in user --------------------
k447a385 2018-04-23 22:52

==================== 2018-04-24 11:55:01 ====================

-------------------- uptime --------------------
 11:55:01 up 292 days, 44 min,  1 user,  load average: 0.00, 0.01, 0.05

-------------------- System info --------------------
Linux sakura-tokyo-prod 3.10.0-514.26.2.el7.x86_64 #1 SMP Tue Jul 4 15:04:05 UTC 2017 x86_64 x86_64 x86_64 GNU/Linux

-------------------- Storage usage --------------------
ファイルシス   サイズ  使用  残り 使用% マウント位置
/dev/vda4         96G  6.1G   90G    7% /
devtmpfs         2.0G     0  2.0G    0% /dev
tmpfs            2.0G     0  2.0G    0% /dev/shm
tmpfs            2.0G  1.1G  872M   56% /run
tmpfs            2.0G     0  2.0G    0% /sys/fs/cgroup
/dev/vda2        497M  215M  283M   44% /boot
tmpfs            396M     0  396M    0% /run/user/0
tmpfs            396M     0  396M    0% /run/user/1001

-------------------- System load --------------------
Linux 3.10.0-514.26.2.el7.x86_64 (sakura-tokyo-prod) 	2018年04月24日 	_x86_64_	(4 CPU)

00時00分02秒     CPU     %user     %nice   %system   %iowait    %steal     %idle
01時00分02秒     all      0.10      0.00      0.04      0.00      0.04     99.81
02時00分02秒     all      1.14      0.00      0.18      0.02      0.04     98.61
03時00分02秒     all      0.35      0.00      0.07      0.01      0.04     99.53
04時00分01秒     all      0.34      0.00      0.08      0.00      0.04     99.52
05時00分02秒     all      0.09      0.00      0.05      0.00      0.04     99.82
06時00分02秒     all      0.61      0.00      0.11      0.01      0.05     99.22
07時00分01秒     all      0.11      0.00      0.05      0.00      0.05     99.79
08時00分02秒     all      0.86      0.00      0.14      0.01      0.06     98.93
09時00分02秒     all      0.35      0.00      0.08      0.00      0.05     99.50
10時00分02秒     all      0.34      0.00      0.08      0.00      0.05     99.53
11時00分02秒     all      0.35      0.00      0.08      0.01      0.05     99.50
平均値:      all      0.42      0.00      0.09      0.01      0.05     99.43

-------------------- Logged in user --------------------
k11b41cc 2018-04-23 22:52

==================== 2018-04-24 14:55:01 ====================

-------------------- uptime --------------------
 14:55:01 up 292 days,  3:44,  1 user,  load average: 0.00, 0.01, 0.05

-------------------- System info --------------------
Linux sakura-tokyo-prod 3.10.0-514.26.2.el7.x86_64 #1 SMP Tue Jul 4 15:04:05 UTC 2017 x86_64 x86_64 x86_64 GNU/Linux

-------------------- Storage usage --------------------
ファイルシス   サイズ  使用  残り 使用% マウント位置
/dev/vda4         96G  6.1G   90G    7% /
devtmpfs         2.0G     0  2.0G    0% /dev
tmpfs            2.0G     0  2.0G    0% /dev/shm
tmpfs            2.0G  1.1G  872M   56% /run
tmpfs            2.0G     0  2.0G    0% /sys/fs/cgroup
/dev/vda2        497M  215M  283M   44% /boot
tmpfs            396M     0  396M    0% /run/user/0
tmpfs            396M     0  396M    0% /run/user/1001

-------------------- System load --------------------
Linux 3.10.0-514.26.2.el7.x86_64 (sakura-tokyo-prod) 	2018年04月24日 	_x86_64_	(4 CPU)

00時00分02秒     CPU     %user     %nice   %system   %iowait    %steal     %idle
01時00分02秒     all      0.10      0.00      0.04      0.00      0.04     99.81
02時00分02秒     all      1.14      0.00      0.18      0.02      0.04     98.61
03時00分02秒     all      0.35      0.00      0.07      0.01      0.04     99.53
04時00分01秒     all      0.34      0.00      0.08      0.00      0.04     99.52
05時00分02秒     all      0.09      0.00      0.05      0.00      0.04     99.82
06時00分02秒     all      0.61      0.00      0.11      0.01      0.05     99.22
07時00分01秒     all      0.11      0.00      0.05      0.00      0.05     99.79
08時00分02秒     all      0.86      0.00      0.14      0.01      0.06     98.93
09時00分02秒     all      0.35      0.00      0.08      0.00      0.05     99.50
10時00分02秒     all      0.34      0.00      0.08      0.00      0.05     99.53
11時00分02秒     all      0.35      0.00      0.08      0.01      0.05     99.50
12時00分03秒     all      0.34      0.00      0.08      0.01      0.06     99.52
13時00分02秒     all      0.37      0.00      0.08      0.01      0.07     99.47
14時00分01秒     all      0.63      0.00      0.12      0.01      0.05     99.19
平均値:      all      0.43      0.00      0.09      0.01      0.05     99.42

-------------------- Logged in user --------------------
k721417f 2018-04-23 22:52

==================== 2018-04-24 17:55:01 ====================

-------------------- uptime --------------------
 17:55:01 up 292 days,  6:44,  1 user,  load average: 0.01, 0.02, 0.05

-------------------- System info --------------------
Linux sakura-tokyo-prod 3.10.0-514.26.2.el7.x86_64 #1 SMP Tue Jul 4 15:04:05 UTC 2017 x86_64 x86_64 x86_64 GNU/Linux

-------------------- Storage usage --------------------
ファイルシス   サイズ  使用  残り 使用% マウント位置
/dev/vda4         96G  6.1G   90G    7% /
devtmpfs         2.0G     0  2.0G    0% /dev
tmpfs            2.0G     0  2.0G    0% /dev/shm
tmpfs            2.0G  1.1G  872M   56% /run
tmpfs            2.0G     0  2.0G    0% /sys/fs/cgroup
/dev/vda2        497M  215M  283M   44% /boot
tmpfs            396M     0  396M    0% /run/user/0
tmpfs            396M     0  396M    0% /run/user/1001

-------------------- System load --------------------
Linux 3.10.0-514.26.2.el7.x86_64 (sakura-tokyo-prod) 	2018年04月24日 	_x86_64_	(4 CPU)

00時00分02秒     CPU     %user     %nice   %system   %iowait    %steal     %idle
01時00分02秒     all      0.10      0.00      0.04      0.00      0.04     99.81
02時00分02秒     all      1.14      0.00      0.18      0.02      0.04     98.61
03時00分02秒     all      0.35      0.00      0.07      0.01      0.04     99.53
04時00分01秒     all      0.34      0.00      0.08      0.00      0.04     99.52
05時00分02秒     all      0.09      0.00      0.05      0.00      0.04     99.82
06時00分02秒     all      0.61      0.00      0.11      0.01      0.05     99.22
07時00分01秒     all      0.11      0.00      0.05      0.00      0.05     99.79
08時00分02秒     all      0.86      0.00      0.14      0.01      0.06     98.93
09時00分02秒     all      0.35      0.00      0.08      0.00      0.05     99.50
10時00分02秒     all      0.34      0.00      0.08      0.00      0.05     99.53
11時00分02秒     all      0.35      0.00      0.08      0.01      0.05     99.50
12時00分03秒     all      0.34      0.00      0.08      0.01      0.06     99.52
13時00分02秒     all      0.37      0.00      0.08      0.01      0.07     99.47
14時00分01秒     all      0.63      0.00      0.12      0.01      0.05     99.19
15時00分02秒     all      0.10      0.00      0.05      0.00      0.06     99.79
16時00分02秒     all      0.88      0.00      0.15      0.01      0.05     98.91
17時00分02秒     all      0.62      0.00      0.12      0.01      0.06     99.20
平均値:      all      0.45      0.00      0.09      0.01      0.05     99.40

-------------------- Logged in user --------------------
k1d15430 2018-04-23 22:52

==================== 2018-04-24 20:55:01 ====================

-------------------- uptime --------------------
 20:55:01 up 292 days,  9:44,  1 user,  load average: 0.01, 0.02, 0.05

-------------------- System info --------------------
Linux sakura-tokyo-prod 3.10.0-514.26.2.el7.x86_64 #1 SMP Tue Jul 4 15:04:05 UTC 2017 x86_64 x86_64 x86_64 GNU/Linux

-------------------- Storage usage --------------------
ファイルシス   サイズ  使用  残り 使用% マウント位置
/dev/vda4         96G  6.2G   90G    7% /
devtmpfs         2.0G     0  2.0G    0% /dev
tmpfs            2.0G     0  2.0G    0% /dev/shm
tmpfs            2.0G  1.1G  872M   56% /run
tmpfs            2.0G     0  2.0G    0% /sys/fs/cgroup
/dev/vda2        497M  215M  283M   44% /boot
tmpfs            396M     0  396M    0% /run/user/0
tmpfs            396M     0  396M    0% /run/user/1001

-------------------- System load --------------------
Linux 3.10.0-514.26.2.el7.x86_64 (sakura-tokyo-prod) 	2018年04月24日 	_x86_64_	(4 CPU)

00時00分02秒     CPU     %user     %nice   %system   %iowait    %steal     %idle
01時00分02秒     all      0.10      0.00      0.04      0.00      0.04     99.81
02時00分02秒     all      1.14      0.00      0.18      0.02      0.04     98.61
03時00分02秒     all      0.35      0.00      0.07      0.01      0.04     99.53
04時00分01秒     all      0.34      0.00      0.08      0.00      0.04     99.52
05時00分02秒     all      0.09      0.00      0.05      0.00      0.04     99.82
06時00分02秒     all      0.61      0.00      0.11      0.01      0.05     99.22
07時00分01秒     all      0.11      0.00      0.05      0.00      0.05     99.79
08時00分02秒     all      0.86      0.00      0.14      0.01      0.06     98.93
09時00分02秒     all      0.35      0.00      0.08      0.00      0.05     99.50
10時00分02秒     all      0.34      0.00      0.08      0.00      0.05     99.53
11時00分02秒     all      0.35      0.00      0.08      0.01      0.05     99.50
12時00分03秒     all      0.34      0.00      0.08      0.01      0.06     99.52
13時00分02秒     all      0.37      0.00      0.08      0.01      0.07     99.47
14時00分01秒     all      0.63      0.00      0.12      0.01      0.05     99.19
15時00分02秒     all      0.10      0.00      0.05      0.00      0.06     99.79
16時00分02秒     all      0.88      0.00      0.15      0.01      0.05     98.91
17時00分02秒     all      0.62      0.00      0.12      0.01      0.06     99.20
18時00分03秒     all      0.40      0.00      0.09      0.00      0.06     99.44
19時00分02秒     all      0.36      0.00      0.09      0.01      0.05     99.50
20時00分01秒     all      0.34      0.00      0.08      0.00      0.04     99.54
平均値:      all      0.43      0.00      0.09      0.01      0.05     99.42

-------------------- Logged in user --------------------
kd7ba6bb 2018-04-23 22:52

