==================== 2018-04-26 02:55:01 ====================

-------------------- uptime --------------------
 02:55:01 up 293 days, 15:44,  1 user,  load average: 0.00, 0.01, 0.05

-------------------- System info --------------------
Linux sakura-tokyo-prod 3.10.0-514.26.2.el7.x86_64 #1 SMP Tue Jul 4 15:04:05 UTC 2017 x86_64 x86_64 x86_64 GNU/Linux

-------------------- Storage usage --------------------
ファイルシス   サイズ  使用  残り 使用% マウント位置
/dev/vda4         96G  6.2G   90G    7% /
devtmpfs         2.0G     0  2.0G    0% /dev
tmpfs            2.0G     0  2.0G    0% /dev/shm
tmpfs            2.0G  1.1G  871M   56% /run
tmpfs            2.0G     0  2.0G    0% /sys/fs/cgroup
/dev/vda2        497M  215M  283M   44% /boot
tmpfs            396M     0  396M    0% /run/user/0
tmpfs            396M     0  396M    0% /run/user/1001

-------------------- System load --------------------
Linux 3.10.0-514.26.2.el7.x86_64 (sakura-tokyo-prod) 	2018年04月26日 	_x86_64_	(4 CPU)

00時00分02秒     CPU     %user     %nice   %system   %iowait    %steal     %idle
01時00分02秒     all      0.36      0.00      0.08      0.00      0.04     99.51
02時00分01秒     all      0.33      0.00      0.08      0.00      0.04     99.55
平均値:      all      0.35      0.00      0.08      0.00      0.04     99.53

-------------------- Logged in user --------------------
kc4675ec 2018-04-23 22:52

==================== 2018-04-26 05:55:01 ====================

-------------------- uptime --------------------
 05:55:01 up 293 days, 18:44,  1 user,  load average: 0.00, 0.02, 0.05

-------------------- System info --------------------
Linux sakura-tokyo-prod 3.10.0-514.26.2.el7.x86_64 #1 SMP Tue Jul 4 15:04:05 UTC 2017 x86_64 x86_64 x86_64 GNU/Linux

-------------------- Storage usage --------------------
ファイルシス   サイズ  使用  残り 使用% マウント位置
/dev/vda4         96G  6.2G   90G    7% /
devtmpfs         2.0G     0  2.0G    0% /dev
tmpfs            2.0G     0  2.0G    0% /dev/shm
tmpfs            2.0G  1.1G  871M   56% /run
tmpfs            2.0G     0  2.0G    0% /sys/fs/cgroup
/dev/vda2        497M  215M  283M   44% /boot
tmpfs            396M     0  396M    0% /run/user/0
tmpfs            396M     0  396M    0% /run/user/1001

-------------------- System load --------------------
Linux 3.10.0-514.26.2.el7.x86_64 (sakura-tokyo-prod) 	2018年04月26日 	_x86_64_	(4 CPU)

00時00分02秒     CPU     %user     %nice   %system   %iowait    %steal     %idle
01時00分02秒     all      0.36      0.00      0.08      0.00      0.04     99.51
02時00分01秒     all      0.33      0.00      0.08      0.00      0.04     99.55
03時00分02秒     all      0.09      0.00      0.04      0.00      0.04     99.83
04時00分02秒     all      0.61      0.00      0.12      0.01      0.05     99.21
05時00分02秒     all      0.08      0.00      0.04      0.00      0.04     99.84
平均値:      all      0.29      0.00      0.07      0.00      0.04     99.59

-------------------- Logged in user --------------------
kb13496e 2018-04-23 22:52

==================== 2018-04-26 08:55:01 ====================

-------------------- uptime --------------------
 08:55:01 up 293 days, 21:44,  1 user,  load average: 0.00, 0.01, 0.05

-------------------- System info --------------------
Linux sakura-tokyo-prod 3.10.0-514.26.2.el7.x86_64 #1 SMP Tue Jul 4 15:04:05 UTC 2017 x86_64 x86_64 x86_64 GNU/Linux

-------------------- Storage usage --------------------
ファイルシス   サイズ  使用  残り 使用% マウント位置
/dev/vda4         96G  6.2G   90G    7% /
devtmpfs         2.0G     0  2.0G    0% /dev
tmpfs            2.0G     0  2.0G    0% /dev/shm
tmpfs            2.0G  1.1G  870M   56% /run
tmpfs            2.0G     0  2.0G    0% /sys/fs/cgroup
/dev/vda2        497M  215M  283M   44% /boot
tmpfs            396M     0  396M    0% /run/user/0
tmpfs            396M     0  396M    0% /run/user/1001

-------------------- System load --------------------
Linux 3.10.0-514.26.2.el7.x86_64 (sakura-tokyo-prod) 	2018年04月26日 	_x86_64_	(4 CPU)

00時00分02秒     CPU     %user     %nice   %system   %iowait    %steal     %idle
01時00分02秒     all      0.36      0.00      0.08      0.00      0.04     99.51
02時00分01秒     all      0.33      0.00      0.08      0.00      0.04     99.55
03時00分02秒     all      0.09      0.00      0.04      0.00      0.04     99.83
04時00分02秒     all      0.61      0.00      0.12      0.01      0.05     99.21
05時00分02秒     all      0.08      0.00      0.04      0.00      0.04     99.84
06時00分01秒     all      0.74      0.00      0.14      0.01      0.06     99.05
07時00分02秒     all      0.42      0.00      0.11      0.01      0.05     99.42
08時00分02秒     all      0.61      0.00      0.11      0.01      0.05     99.21
平均値:      all      0.40      0.00      0.09      0.01      0.05     99.45

-------------------- Logged in user --------------------
k55e8000 2018-04-23 22:52

==================== 2018-04-26 11:55:01 ====================

-------------------- uptime --------------------
 11:55:01 up 294 days, 44 min,  1 user,  load average: 0.01, 0.05, 0.05

-------------------- System info --------------------
Linux sakura-tokyo-prod 3.10.0-514.26.2.el7.x86_64 #1 SMP Tue Jul 4 15:04:05 UTC 2017 x86_64 x86_64 x86_64 GNU/Linux

-------------------- Storage usage --------------------
ファイルシス   サイズ  使用  残り 使用% マウント位置
/dev/vda4         96G  6.2G   90G    7% /
devtmpfs         2.0G     0  2.0G    0% /dev
tmpfs            2.0G     0  2.0G    0% /dev/shm
tmpfs            2.0G  1.1G  870M   56% /run
tmpfs            2.0G     0  2.0G    0% /sys/fs/cgroup
/dev/vda2        497M  215M  283M   44% /boot
tmpfs            396M     0  396M    0% /run/user/0
tmpfs            396M     0  396M    0% /run/user/1001

-------------------- System load --------------------
Linux 3.10.0-514.26.2.el7.x86_64 (sakura-tokyo-prod) 	2018年04月26日 	_x86_64_	(4 CPU)

00時00分02秒     CPU     %user     %nice   %system   %iowait    %steal     %idle
01時00分02秒     all      0.36      0.00      0.08      0.00      0.04     99.51
02時00分01秒     all      0.33      0.00      0.08      0.00      0.04     99.55
03時00分02秒     all      0.09      0.00      0.04      0.00      0.04     99.83
04時00分02秒     all      0.61      0.00      0.12      0.01      0.05     99.21
05時00分02秒     all      0.08      0.00      0.04      0.00      0.04     99.84
06時00分01秒     all      0.74      0.00      0.14      0.01      0.06     99.05
07時00分02秒     all      0.42      0.00      0.11      0.01      0.05     99.42
08時00分02秒     all      0.61      0.00      0.11      0.01      0.05     99.21
09時00分02秒     all      0.17      0.00      0.05      0.00      0.05     99.73
10時00分02秒     all      0.35      0.00      0.08      0.00      0.05     99.52
11時00分01秒     all      0.08      0.00      0.04      0.00      0.05     99.83
平均値:      all      0.35      0.00      0.08      0.00      0.05     99.52

-------------------- Logged in user --------------------
k0f5449f 2018-04-23 22:52

==================== 2018-04-26 14:55:01 ====================

-------------------- uptime --------------------
 14:55:01 up 294 days,  3:44,  1 user,  load average: 0.00, 0.01, 0.05

-------------------- System info --------------------
Linux sakura-tokyo-prod 3.10.0-514.26.2.el7.x86_64 #1 SMP Tue Jul 4 15:04:05 UTC 2017 x86_64 x86_64 x86_64 GNU/Linux

-------------------- Storage usage --------------------
ファイルシス   サイズ  使用  残り 使用% マウント位置
/dev/vda4         96G  6.2G   90G    7% /
devtmpfs         2.0G     0  2.0G    0% /dev
tmpfs            2.0G     0  2.0G    0% /dev/shm
tmpfs            2.0G  1.1G  870M   56% /run
tmpfs            2.0G     0  2.0G    0% /sys/fs/cgroup
/dev/vda2        497M  215M  283M   44% /boot
tmpfs            396M     0  396M    0% /run/user/0
tmpfs            396M     0  396M    0% /run/user/1001

-------------------- System load --------------------
Linux 3.10.0-514.26.2.el7.x86_64 (sakura-tokyo-prod) 	2018年04月26日 	_x86_64_	(4 CPU)

00時00分02秒     CPU     %user     %nice   %system   %iowait    %steal     %idle
01時00分02秒     all      0.36      0.00      0.08      0.00      0.04     99.51
02時00分01秒     all      0.33      0.00      0.08      0.00      0.04     99.55
03時00分02秒     all      0.09      0.00      0.04      0.00      0.04     99.83
04時00分02秒     all      0.61      0.00      0.12      0.01      0.05     99.21
05時00分02秒     all      0.08      0.00      0.04      0.00      0.04     99.84
06時00分01秒     all      0.74      0.00      0.14      0.01      0.06     99.05
07時00分02秒     all      0.42      0.00      0.11      0.01      0.05     99.42
08時00分02秒     all      0.61      0.00      0.11      0.01      0.05     99.21
09時00分02秒     all      0.17      0.00      0.05      0.00      0.05     99.73
10時00分02秒     all      0.35      0.00      0.08      0.00      0.05     99.52
11時00分01秒     all      0.08      0.00      0.04      0.00      0.05     99.83
12時00分01秒     all      0.60      0.00      0.11      0.01      0.05     99.24
13時00分02秒     all      0.37      0.00      0.08      0.01      0.05     99.50
14時00分01秒     all      0.43      0.00      0.10      0.01      0.04     99.41
平均値:      all      0.37      0.00      0.08      0.01      0.05     99.49

-------------------- Logged in user --------------------
k6559832 2018-04-23 22:52

==================== 2018-04-26 17:55:01 ====================

-------------------- uptime --------------------
 17:55:01 up 294 days,  6:44,  1 user,  load average: 0.01, 0.06, 0.06

-------------------- System info --------------------
Linux sakura-tokyo-prod 3.10.0-514.26.2.el7.x86_64 #1 SMP Tue Jul 4 15:04:05 UTC 2017 x86_64 x86_64 x86_64 GNU/Linux

-------------------- Storage usage --------------------
ファイルシス   サイズ  使用  残り 使用% マウント位置
/dev/vda4         96G  6.2G   90G    7% /
devtmpfs         2.0G     0  2.0G    0% /dev
tmpfs            2.0G     0  2.0G    0% /dev/shm
tmpfs            2.0G  1.1G  870M   56% /run
tmpfs            2.0G     0  2.0G    0% /sys/fs/cgroup
/dev/vda2        497M  215M  283M   44% /boot
tmpfs            396M     0  396M    0% /run/user/0
tmpfs            396M     0  396M    0% /run/user/1001

-------------------- System load --------------------
Linux 3.10.0-514.26.2.el7.x86_64 (sakura-tokyo-prod) 	2018年04月26日 	_x86_64_	(4 CPU)

00時00分02秒     CPU     %user     %nice   %system   %iowait    %steal     %idle
01時00分02秒     all      0.36      0.00      0.08      0.00      0.04     99.51
02時00分01秒     all      0.33      0.00      0.08      0.00      0.04     99.55
03時00分02秒     all      0.09      0.00      0.04      0.00      0.04     99.83
04時00分02秒     all      0.61      0.00      0.12      0.01      0.05     99.21
05時00分02秒     all      0.08      0.00      0.04      0.00      0.04     99.84
06時00分01秒     all      0.74      0.00      0.14      0.01      0.06     99.05
07時00分02秒     all      0.42      0.00      0.11      0.01      0.05     99.42
08時00分02秒     all      0.61      0.00      0.11      0.01      0.05     99.21
09時00分02秒     all      0.17      0.00      0.05      0.00      0.05     99.73
10時00分02秒     all      0.35      0.00      0.08      0.00      0.05     99.52
11時00分01秒     all      0.08      0.00      0.04      0.00      0.05     99.83
12時00分01秒     all      0.60      0.00      0.11      0.01      0.05     99.24
13時00分02秒     all      0.37      0.00      0.08      0.01      0.05     99.50
14時00分01秒     all      0.43      0.00      0.10      0.01      0.04     99.41
15時00分01秒     all      0.34      0.00      0.08      0.00      0.05     99.53
16時00分02秒     all      0.35      0.00      0.08      0.01      0.04     99.52
17時00分02秒     all      0.11      0.00      0.05      0.00      0.05     99.80
平均値:      all      0.35      0.00      0.08      0.00      0.05     99.51

-------------------- Logged in user --------------------
kbb3aa9c 2018-04-23 22:52

==================== 2018-04-26 20:55:01 ====================

-------------------- uptime --------------------
 20:55:01 up 294 days,  9:44,  1 user,  load average: 0.00, 0.01, 0.05

-------------------- System info --------------------
Linux sakura-tokyo-prod 3.10.0-514.26.2.el7.x86_64 #1 SMP Tue Jul 4 15:04:05 UTC 2017 x86_64 x86_64 x86_64 GNU/Linux

-------------------- Storage usage --------------------
ファイルシス   サイズ  使用  残り 使用% マウント位置
/dev/vda4         96G  6.2G   90G    7% /
devtmpfs         2.0G     0  2.0G    0% /dev
tmpfs            2.0G     0  2.0G    0% /dev/shm
tmpfs            2.0G  1.1G  870M   56% /run
tmpfs            2.0G     0  2.0G    0% /sys/fs/cgroup
/dev/vda2        497M  215M  283M   44% /boot
tmpfs            396M     0  396M    0% /run/user/0
tmpfs            396M     0  396M    0% /run/user/1001

-------------------- System load --------------------
Linux 3.10.0-514.26.2.el7.x86_64 (sakura-tokyo-prod) 	2018年04月26日 	_x86_64_	(4 CPU)

00時00分02秒     CPU     %user     %nice   %system   %iowait    %steal     %idle
01時00分02秒     all      0.36      0.00      0.08      0.00      0.04     99.51
02時00分01秒     all      0.33      0.00      0.08      0.00      0.04     99.55
03時00分02秒     all      0.09      0.00      0.04      0.00      0.04     99.83
04時00分02秒     all      0.61      0.00      0.12      0.01      0.05     99.21
05時00分02秒     all      0.08      0.00      0.04      0.00      0.04     99.84
06時00分01秒     all      0.74      0.00      0.14      0.01      0.06     99.05
07時00分02秒     all      0.42      0.00      0.11      0.01      0.05     99.42
08時00分02秒     all      0.61      0.00      0.11      0.01      0.05     99.21
09時00分02秒     all      0.17      0.00      0.05      0.00      0.05     99.73
10時00分02秒     all      0.35      0.00      0.08      0.00      0.05     99.52
11時00分01秒     all      0.08      0.00      0.04      0.00      0.05     99.83
12時00分01秒     all      0.60      0.00      0.11      0.01      0.05     99.24
13時00分02秒     all      0.37      0.00      0.08      0.01      0.05     99.50
14時00分01秒     all      0.43      0.00      0.10      0.01      0.04     99.41
15時00分01秒     all      0.34      0.00      0.08      0.00      0.05     99.53
16時00分02秒     all      0.35      0.00      0.08      0.01      0.04     99.52
17時00分02秒     all      0.11      0.00      0.05      0.00      0.05     99.80
18時00分02秒     all      0.62      0.00      0.12      0.01      0.05     99.20
19時00分02秒     all      0.10      0.00      0.05      0.00      0.03     99.82
20時00分02秒     all      0.36      0.00      0.08      0.00      0.03     99.53
平均値:      all      0.36      0.00      0.08      0.00      0.05     99.51

-------------------- Logged in user --------------------
kc6772bb 2018-04-23 22:52

==================== 2018-04-26 23:55:01 ====================

-------------------- uptime --------------------
 23:55:01 up 294 days, 12:44,  1 user,  load average: 0.01, 0.06, 0.06

-------------------- System info --------------------
Linux sakura-tokyo-prod 3.10.0-514.26.2.el7.x86_64 #1 SMP Tue Jul 4 15:04:05 UTC 2017 x86_64 x86_64 x86_64 GNU/Linux

-------------------- Storage usage --------------------
ファイルシス   サイズ  使用  残り 使用% マウント位置
/dev/vda4         96G  6.2G   90G    7% /
devtmpfs         2.0G     0  2.0G    0% /dev
tmpfs            2.0G     0  2.0G    0% /dev/shm
tmpfs            2.0G  1.1G  870M   56% /run
tmpfs            2.0G     0  2.0G    0% /sys/fs/cgroup
/dev/vda2        497M  215M  283M   44% /boot
tmpfs            396M     0  396M    0% /run/user/0
tmpfs            396M     0  396M    0% /run/user/1001

-------------------- System load --------------------
Linux 3.10.0-514.26.2.el7.x86_64 (sakura-tokyo-prod) 	2018年04月26日 	_x86_64_	(4 CPU)

00時00分02秒     CPU     %user     %nice   %system   %iowait    %steal     %idle
01時00分02秒     all      0.36      0.00      0.08      0.00      0.04     99.51
02時00分01秒     all      0.33      0.00      0.08      0.00      0.04     99.55
03時00分02秒     all      0.09      0.00      0.04      0.00      0.04     99.83
04時00分02秒     all      0.61      0.00      0.12      0.01      0.05     99.21
05時00分02秒     all      0.08      0.00      0.04      0.00      0.04     99.84
06時00分01秒     all      0.74      0.00      0.14      0.01      0.06     99.05
07時00分02秒     all      0.42      0.00      0.11      0.01      0.05     99.42
08時00分02秒     all      0.61      0.00      0.11      0.01      0.05     99.21
09時00分02秒     all      0.17      0.00      0.05      0.00      0.05     99.73
10時00分02秒     all      0.35      0.00      0.08      0.00      0.05     99.52
11時00分01秒     all      0.08      0.00      0.04      0.00      0.05     99.83
12時00分01秒     all      0.60      0.00      0.11      0.01      0.05     99.24
13時00分02秒     all      0.37      0.00      0.08      0.01      0.05     99.50
14時00分01秒     all      0.43      0.00      0.10      0.01      0.04     99.41
15時00分01秒     all      0.34      0.00      0.08      0.00      0.05     99.53
16時00分02秒     all      0.35      0.00      0.08      0.01      0.04     99.52
17時00分02秒     all      0.11      0.00      0.05      0.00      0.05     99.80
18時00分02秒     all      0.62      0.00      0.12      0.01      0.05     99.20
19時00分02秒     all      0.10      0.00      0.05      0.00      0.03     99.82
20時00分02秒     all      0.36      0.00      0.08      0.00      0.03     99.53
21時00分02秒     all      0.65      0.00      0.13      0.01      0.04     99.17
22時00分01秒     all      0.60      0.00      0.11      0.01      0.04     99.24
23時00分02秒     all      0.33      0.00      0.07      0.00      0.04     99.55
平均値:      all      0.38      0.00      0.09      0.01      0.04     99.49

-------------------- Logged in user --------------------
k86afff4 2018-04-23 22:52

