==================== 2018-04-27 02:55:01 ====================

-------------------- uptime --------------------
 02:55:01 up 294 days, 15:44,  1 user,  load average: 0.00, 0.01, 0.05

-------------------- System info --------------------
Linux sakura-tokyo-prod 3.10.0-514.26.2.el7.x86_64 #1 SMP Tue Jul 4 15:04:05 UTC 2017 x86_64 x86_64 x86_64 GNU/Linux

-------------------- Storage usage --------------------
ファイルシス   サイズ  使用  残り 使用% マウント位置
/dev/vda4         96G  6.2G   90G    7% /
devtmpfs         2.0G     0  2.0G    0% /dev
tmpfs            2.0G     0  2.0G    0% /dev/shm
tmpfs            2.0G  1.1G  870M   57% /run
tmpfs            2.0G     0  2.0G    0% /sys/fs/cgroup
/dev/vda2        497M  215M  283M   44% /boot
tmpfs            396M     0  396M    0% /run/user/0
tmpfs            396M     0  396M    0% /run/user/1001

-------------------- System load --------------------
Linux 3.10.0-514.26.2.el7.x86_64 (sakura-tokyo-prod) 	2018年04月27日 	_x86_64_	(4 CPU)

00時00分02秒     CPU     %user     %nice   %system   %iowait    %steal     %idle
01時00分01秒     all      0.10      0.00      0.05      0.00      0.04     99.82
02時00分02秒     all      0.36      0.00      0.09      0.01      0.04     99.52
平均値:      all      0.23      0.00      0.07      0.00      0.04     99.67

-------------------- Logged in user --------------------
k64835ca 2018-04-23 22:52

==================== 2018-04-27 05:55:01 ====================

-------------------- uptime --------------------
 05:55:01 up 294 days, 18:44,  1 user,  load average: 0.01, 0.07, 0.07

-------------------- System info --------------------
Linux sakura-tokyo-prod 3.10.0-514.26.2.el7.x86_64 #1 SMP Tue Jul 4 15:04:05 UTC 2017 x86_64 x86_64 x86_64 GNU/Linux

-------------------- Storage usage --------------------
ファイルシス   サイズ  使用  残り 使用% マウント位置
/dev/vda4         96G  6.2G   90G    7% /
devtmpfs         2.0G     0  2.0G    0% /dev
tmpfs            2.0G     0  2.0G    0% /dev/shm
tmpfs            2.0G  1.1G  870M   57% /run
tmpfs            2.0G     0  2.0G    0% /sys/fs/cgroup
/dev/vda2        497M  215M  283M   44% /boot
tmpfs            396M     0  396M    0% /run/user/0
tmpfs            396M     0  396M    0% /run/user/1001

-------------------- System load --------------------
Linux 3.10.0-514.26.2.el7.x86_64 (sakura-tokyo-prod) 	2018年04月27日 	_x86_64_	(4 CPU)

00時00分02秒     CPU     %user     %nice   %system   %iowait    %steal     %idle
01時00分01秒     all      0.10      0.00      0.05      0.00      0.04     99.82
02時00分02秒     all      0.36      0.00      0.09      0.01      0.04     99.52
03時00分01秒     all      0.08      0.00      0.04      0.00      0.03     99.84
04時00分02秒     all      0.62      0.00      0.12      0.01      0.05     99.20
05時00分02秒     all      0.09      0.00      0.05      0.00      0.03     99.82
平均値:      all      0.25      0.00      0.07      0.00      0.04     99.64

-------------------- Logged in user --------------------
k1a64ea9 2018-04-23 22:52

==================== 2018-04-27 08:55:01 ====================

-------------------- uptime --------------------
 08:55:01 up 294 days, 21:44,  1 user,  load average: 0.00, 0.01, 0.05

-------------------- System info --------------------
Linux sakura-tokyo-prod 3.10.0-514.26.2.el7.x86_64 #1 SMP Tue Jul 4 15:04:05 UTC 2017 x86_64 x86_64 x86_64 GNU/Linux

-------------------- Storage usage --------------------
ファイルシス   サイズ  使用  残り 使用% マウント位置
/dev/vda4         96G  6.2G   90G    7% /
devtmpfs         2.0G     0  2.0G    0% /dev
tmpfs            2.0G     0  2.0G    0% /dev/shm
tmpfs            2.0G  1.1G  870M   57% /run
tmpfs            2.0G     0  2.0G    0% /sys/fs/cgroup
/dev/vda2        497M  215M  283M   44% /boot
tmpfs            396M     0  396M    0% /run/user/0
tmpfs            396M     0  396M    0% /run/user/1001

-------------------- System load --------------------
Linux 3.10.0-514.26.2.el7.x86_64 (sakura-tokyo-prod) 	2018年04月27日 	_x86_64_	(4 CPU)

00時00分02秒     CPU     %user     %nice   %system   %iowait    %steal     %idle
01時00分01秒     all      0.10      0.00      0.05      0.00      0.04     99.82
02時00分02秒     all      0.36      0.00      0.09      0.01      0.04     99.52
03時00分01秒     all      0.08      0.00      0.04      0.00      0.03     99.84
04時00分02秒     all      0.62      0.00      0.12      0.01      0.05     99.20
05時00分02秒     all      0.09      0.00      0.05      0.00      0.03     99.82
06時00分02秒     all      0.87      0.00      0.15      0.01      0.04     98.93
07時00分02秒     all      0.39      0.00      0.09      0.01      0.03     99.48
08時00分02秒     all      1.16      0.00      0.22      0.02      0.05     98.55
平均値:      all      0.46      0.00      0.10      0.01      0.04     99.39

-------------------- Logged in user --------------------
k4fc7dd4 2018-04-23 22:52

==================== 2018-04-27 11:55:01 ====================

-------------------- uptime --------------------
 11:55:01 up 295 days, 44 min,  1 user,  load average: 0.01, 0.08, 0.08

-------------------- System info --------------------
Linux sakura-tokyo-prod 3.10.0-514.26.2.el7.x86_64 #1 SMP Tue Jul 4 15:04:05 UTC 2017 x86_64 x86_64 x86_64 GNU/Linux

-------------------- Storage usage --------------------
ファイルシス   サイズ  使用  残り 使用% マウント位置
/dev/vda4         96G  6.2G   90G    7% /
devtmpfs         2.0G     0  2.0G    0% /dev
tmpfs            2.0G     0  2.0G    0% /dev/shm
tmpfs            2.0G  1.1G  869M   57% /run
tmpfs            2.0G     0  2.0G    0% /sys/fs/cgroup
/dev/vda2        497M  215M  283M   44% /boot
tmpfs            396M     0  396M    0% /run/user/0
tmpfs            396M     0  396M    0% /run/user/1001

-------------------- System load --------------------
Linux 3.10.0-514.26.2.el7.x86_64 (sakura-tokyo-prod) 	2018年04月27日 	_x86_64_	(4 CPU)

00時00分02秒     CPU     %user     %nice   %system   %iowait    %steal     %idle
01時00分01秒     all      0.10      0.00      0.05      0.00      0.04     99.82
02時00分02秒     all      0.36      0.00      0.09      0.01      0.04     99.52
03時00分01秒     all      0.08      0.00      0.04      0.00      0.03     99.84
04時00分02秒     all      0.62      0.00      0.12      0.01      0.05     99.20
05時00分02秒     all      0.09      0.00      0.05      0.00      0.03     99.82
06時00分02秒     all      0.87      0.00      0.15      0.01      0.04     98.93
07時00分02秒     all      0.39      0.00      0.09      0.01      0.03     99.48
08時00分02秒     all      1.16      0.00      0.22      0.02      0.05     98.55
09時00分02秒     all      0.39      0.00      0.09      0.01      0.04     99.47
10時00分02秒     all      0.37      0.00      0.09      0.01      0.04     99.49
11時00分02秒     all      0.09      0.00      0.04      0.00      0.03     99.83
平均値:      all      0.41      0.00      0.09      0.01      0.04     99.45

-------------------- Logged in user --------------------
k2201940 2018-04-23 22:52

==================== 2018-04-27 14:55:01 ====================

-------------------- uptime --------------------
 14:55:01 up 295 days,  3:44,  1 user,  load average: 0.00, 0.01, 0.05

-------------------- System info --------------------
Linux sakura-tokyo-prod 3.10.0-514.26.2.el7.x86_64 #1 SMP Tue Jul 4 15:04:05 UTC 2017 x86_64 x86_64 x86_64 GNU/Linux

-------------------- Storage usage --------------------
ファイルシス   サイズ  使用  残り 使用% マウント位置
/dev/vda4         96G  6.2G   90G    7% /
devtmpfs         2.0G     0  2.0G    0% /dev
tmpfs            2.0G     0  2.0G    0% /dev/shm
tmpfs            2.0G  1.1G  869M   57% /run
tmpfs            2.0G     0  2.0G    0% /sys/fs/cgroup
/dev/vda2        497M  215M  283M   44% /boot
tmpfs            396M     0  396M    0% /run/user/0
tmpfs            396M     0  396M    0% /run/user/1001

-------------------- System load --------------------
Linux 3.10.0-514.26.2.el7.x86_64 (sakura-tokyo-prod) 	2018年04月27日 	_x86_64_	(4 CPU)

00時00分02秒     CPU     %user     %nice   %system   %iowait    %steal     %idle
01時00分01秒     all      0.10      0.00      0.05      0.00      0.04     99.82
02時00分02秒     all      0.36      0.00      0.09      0.01      0.04     99.52
03時00分01秒     all      0.08      0.00      0.04      0.00      0.03     99.84
04時00分02秒     all      0.62      0.00      0.12      0.01      0.05     99.20
05時00分02秒     all      0.09      0.00      0.05      0.00      0.03     99.82
06時00分02秒     all      0.87      0.00      0.15      0.01      0.04     98.93
07時00分02秒     all      0.39      0.00      0.09      0.01      0.03     99.48
08時00分02秒     all      1.16      0.00      0.22      0.02      0.05     98.55
09時00分02秒     all      0.39      0.00      0.09      0.01      0.04     99.47
10時00分02秒     all      0.37      0.00      0.09      0.01      0.04     99.49
11時00分02秒     all      0.09      0.00      0.04      0.00      0.03     99.83
12時00分01秒     all      0.35      0.00      0.09      0.01      0.03     99.52
13時00分02秒     all      0.11      0.00      0.05      0.00      0.05     99.79
14時00分02秒     all      0.35      0.00      0.08      0.00      0.05     99.51
平均値:      all      0.38      0.00      0.09      0.01      0.04     99.48

-------------------- Logged in user --------------------
k2e89dd2 2018-04-23 22:52

==================== 2018-04-27 17:55:01 ====================

-------------------- uptime --------------------
 17:55:01 up 295 days,  6:44,  1 user,  load average: 0.01, 0.07, 0.07

-------------------- System info --------------------
Linux sakura-tokyo-prod 3.10.0-514.26.2.el7.x86_64 #1 SMP Tue Jul 4 15:04:05 UTC 2017 x86_64 x86_64 x86_64 GNU/Linux

-------------------- Storage usage --------------------
ファイルシス   サイズ  使用  残り 使用% マウント位置
/dev/vda4         96G  6.2G   90G    7% /
devtmpfs         2.0G     0  2.0G    0% /dev
tmpfs            2.0G     0  2.0G    0% /dev/shm
tmpfs            2.0G  1.1G  869M   57% /run
tmpfs            2.0G     0  2.0G    0% /sys/fs/cgroup
/dev/vda2        497M  215M  283M   44% /boot
tmpfs            396M     0  396M    0% /run/user/0
tmpfs            396M     0  396M    0% /run/user/1001

-------------------- System load --------------------
Linux 3.10.0-514.26.2.el7.x86_64 (sakura-tokyo-prod) 	2018年04月27日 	_x86_64_	(4 CPU)

00時00分02秒     CPU     %user     %nice   %system   %iowait    %steal     %idle
01時00分01秒     all      0.10      0.00      0.05      0.00      0.04     99.82
02時00分02秒     all      0.36      0.00      0.09      0.01      0.04     99.52
03時00分01秒     all      0.08      0.00      0.04      0.00      0.03     99.84
04時00分02秒     all      0.62      0.00      0.12      0.01      0.05     99.20
05時00分02秒     all      0.09      0.00      0.05      0.00      0.03     99.82
06時00分02秒     all      0.87      0.00      0.15      0.01      0.04     98.93
07時00分02秒     all      0.39      0.00      0.09      0.01      0.03     99.48
08時00分02秒     all      1.16      0.00      0.22      0.02      0.05     98.55
09時00分02秒     all      0.39      0.00      0.09      0.01      0.04     99.47
10時00分02秒     all      0.37      0.00      0.09      0.01      0.04     99.49
11時00分02秒     all      0.09      0.00      0.04      0.00      0.03     99.83
12時00分01秒     all      0.35      0.00      0.09      0.01      0.03     99.52
13時00分02秒     all      0.11      0.00      0.05      0.00      0.05     99.79
14時00分02秒     all      0.35      0.00      0.08      0.00      0.05     99.51
15時00分02秒     all      0.10      0.00      0.05      0.00      0.05     99.81
16時00分02秒     all      0.37      0.00      0.09      0.00      0.04     99.49
17時00分02秒     all      0.36      0.00      0.09      0.01      0.04     99.50
平均値:      all      0.36      0.00      0.09      0.01      0.04     99.51

-------------------- Logged in user --------------------
kd254f4b 2018-04-23 22:52

==================== 2018-04-27 20:55:01 ====================

-------------------- uptime --------------------
 20:55:01 up 295 days,  9:44,  1 user,  load average: 0.01, 0.02, 0.05

-------------------- System info --------------------
Linux sakura-tokyo-prod 3.10.0-514.26.2.el7.x86_64 #1 SMP Tue Jul 4 15:04:05 UTC 2017 x86_64 x86_64 x86_64 GNU/Linux

-------------------- Storage usage --------------------
ファイルシス   サイズ  使用  残り 使用% マウント位置
/dev/vda4         96G  6.2G   90G    7% /
devtmpfs         2.0G     0  2.0G    0% /dev
tmpfs            2.0G     0  2.0G    0% /dev/shm
tmpfs            2.0G  1.1G  869M   57% /run
tmpfs            2.0G     0  2.0G    0% /sys/fs/cgroup
/dev/vda2        497M  215M  283M   44% /boot
tmpfs            396M     0  396M    0% /run/user/0
tmpfs            396M     0  396M    0% /run/user/1001

-------------------- System load --------------------
Linux 3.10.0-514.26.2.el7.x86_64 (sakura-tokyo-prod) 	2018年04月27日 	_x86_64_	(4 CPU)

00時00分02秒     CPU     %user     %nice   %system   %iowait    %steal     %idle
01時00分01秒     all      0.10      0.00      0.05      0.00      0.04     99.82
02時00分02秒     all      0.36      0.00      0.09      0.01      0.04     99.52
03時00分01秒     all      0.08      0.00      0.04      0.00      0.03     99.84
04時00分02秒     all      0.62      0.00      0.12      0.01      0.05     99.20
05時00分02秒     all      0.09      0.00      0.05      0.00      0.03     99.82
06時00分02秒     all      0.87      0.00      0.15      0.01      0.04     98.93
07時00分02秒     all      0.39      0.00      0.09      0.01      0.03     99.48
08時00分02秒     all      1.16      0.00      0.22      0.02      0.05     98.55
09時00分02秒     all      0.39      0.00      0.09      0.01      0.04     99.47
10時00分02秒     all      0.37      0.00      0.09      0.01      0.04     99.49
11時00分02秒     all      0.09      0.00      0.04      0.00      0.03     99.83
12時00分01秒     all      0.35      0.00      0.09      0.01      0.03     99.52
13時00分02秒     all      0.11      0.00      0.05      0.00      0.05     99.79
14時00分02秒     all      0.35      0.00      0.08      0.00      0.05     99.51
15時00分02秒     all      0.10      0.00      0.05      0.00      0.05     99.81
16時00分02秒     all      0.37      0.00      0.09      0.00      0.04     99.49
17時00分02秒     all      0.36      0.00      0.09      0.01      0.04     99.50
18時00分02秒     all      0.61      0.00      0.11      0.01      0.03     99.24
19時00分02秒     all      0.11      0.00      0.05      0.00      0.03     99.81
20時00分02秒     all      0.66      0.00      0.13      0.01      0.05     99.15
平均値:      all      0.38      0.00      0.09      0.01      0.04     99.49

-------------------- Logged in user --------------------
k1670d1f 2018-04-23 22:52

