==================== 2018-04-28 02:55:01 ====================

-------------------- uptime --------------------
 02:55:01 up 295 days, 15:44,  1 user,  load average: 0.50, 0.19, 0.11

-------------------- System info --------------------
Linux sakura-tokyo-prod 3.10.0-514.26.2.el7.x86_64 #1 SMP Tue Jul 4 15:04:05 UTC 2017 x86_64 x86_64 x86_64 GNU/Linux

-------------------- Storage usage --------------------
ファイルシス   サイズ  使用  残り 使用% マウント位置
/dev/vda4         96G  6.2G   90G    7% /
devtmpfs         2.0G     0  2.0G    0% /dev
tmpfs            2.0G     0  2.0G    0% /dev/shm
tmpfs            2.0G  1.1G  869M   57% /run
tmpfs            2.0G     0  2.0G    0% /sys/fs/cgroup
/dev/vda2        497M  215M  283M   44% /boot
tmpfs            396M     0  396M    0% /run/user/0
tmpfs            396M     0  396M    0% /run/user/1001

-------------------- System load --------------------
Linux 3.10.0-514.26.2.el7.x86_64 (sakura-tokyo-prod) 	2018年04月28日 	_x86_64_	(4 CPU)

00時00分03秒     CPU     %user     %nice   %system   %iowait    %steal     %idle
01時00分02秒     all      0.62      0.00      0.12      0.01      0.05     99.20
02時00分02秒     all      1.10      0.00      0.17      0.02      0.04     98.68
平均値:      all      0.86      0.00      0.14      0.01      0.04     98.94

-------------------- Logged in user --------------------
kf23cb17 2018-04-23 22:52

