==================== 2018-04-29 02:55:01 ====================

-------------------- uptime --------------------
 02:55:01 up 296 days, 15:44,  1 user,  load average: 0.01, 0.07, 0.07

-------------------- System info --------------------
Linux sakura-tokyo-prod 3.10.0-514.26.2.el7.x86_64 #1 SMP Tue Jul 4 15:04:05 UTC 2017 x86_64 x86_64 x86_64 GNU/Linux

-------------------- Storage usage --------------------
ファイルシス   サイズ  使用  残り 使用% マウント位置
/dev/vda4         96G  6.2G   90G    7% /
devtmpfs         2.0G     0  2.0G    0% /dev
tmpfs            2.0G     0  2.0G    0% /dev/shm
tmpfs            2.0G  1.1G  860M   57% /run
tmpfs            2.0G     0  2.0G    0% /sys/fs/cgroup
/dev/vda2        497M  215M  283M   44% /boot
tmpfs            396M     0  396M    0% /run/user/0
tmpfs            396M     0  396M    0% /run/user/1001

-------------------- System load --------------------
Linux 3.10.0-514.26.2.el7.x86_64 (sakura-tokyo-prod) 	2018年04月29日 	_x86_64_	(4 CPU)

00時00分01秒     CPU     %user     %nice   %system   %iowait    %steal     %idle
01時00分04秒     all      1.67      0.00      0.42      0.27      0.06     97.59
02時00分01秒     all      1.44      0.00      0.24      0.04      0.09     98.19
平均値:      all      1.55      0.00      0.33      0.15      0.07     97.89

-------------------- Logged in user --------------------
kcf0efad 2018-04-23 22:52

==================== 2018-04-29 05:55:01 ====================

-------------------- uptime --------------------
 05:55:01 up 296 days, 18:44,  1 user,  load average: 0.01, 0.05, 0.05

-------------------- System info --------------------
Linux sakura-tokyo-prod 3.10.0-514.26.2.el7.x86_64 #1 SMP Tue Jul 4 15:04:05 UTC 2017 x86_64 x86_64 x86_64 GNU/Linux

-------------------- Storage usage --------------------
ファイルシス   サイズ  使用  残り 使用% マウント位置
/dev/vda4         96G  6.2G   90G    7% /
devtmpfs         2.0G     0  2.0G    0% /dev
tmpfs            2.0G     0  2.0G    0% /dev/shm
tmpfs            2.0G  1.1G  860M   57% /run
tmpfs            2.0G     0  2.0G    0% /sys/fs/cgroup
/dev/vda2        497M  215M  283M   44% /boot
tmpfs            396M     0  396M    0% /run/user/0
tmpfs            396M     0  396M    0% /run/user/1001

-------------------- System load --------------------
Linux 3.10.0-514.26.2.el7.x86_64 (sakura-tokyo-prod) 	2018年04月29日 	_x86_64_	(4 CPU)

00時00分01秒     CPU     %user     %nice   %system   %iowait    %steal     %idle
01時00分04秒     all      1.67      0.00      0.42      0.27      0.06     97.59
02時00分01秒     all      1.44      0.00      0.24      0.04      0.09     98.19
03時00分02秒     all      1.13      0.00      0.21      0.02      0.07     98.58
04時00分02秒     all      1.47      0.00      0.24      0.02      0.05     98.22
05時00分02秒     all      1.65      0.00      0.27      0.02      0.04     98.02
平均値:      all      1.47      0.00      0.28      0.08      0.06     98.12

-------------------- Logged in user --------------------
k649d193 2018-04-23 22:52

==================== 2018-04-29 08:55:01 ====================

-------------------- uptime --------------------
 08:55:01 up 296 days, 21:44,  1 user,  load average: 0.00, 0.07, 0.12

-------------------- System info --------------------
Linux sakura-tokyo-prod 3.10.0-514.26.2.el7.x86_64 #1 SMP Tue Jul 4 15:04:05 UTC 2017 x86_64 x86_64 x86_64 GNU/Linux

-------------------- Storage usage --------------------
ファイルシス   サイズ  使用  残り 使用% マウント位置
/dev/vda4         96G  6.2G   90G    7% /
devtmpfs         2.0G     0  2.0G    0% /dev
tmpfs            2.0G     0  2.0G    0% /dev/shm
tmpfs            2.0G  1.1G  860M   57% /run
tmpfs            2.0G     0  2.0G    0% /sys/fs/cgroup
/dev/vda2        497M  215M  283M   44% /boot
tmpfs            396M     0  396M    0% /run/user/0
tmpfs            396M     0  396M    0% /run/user/1001

-------------------- System load --------------------
Linux 3.10.0-514.26.2.el7.x86_64 (sakura-tokyo-prod) 	2018年04月29日 	_x86_64_	(4 CPU)

00時00分01秒     CPU     %user     %nice   %system   %iowait    %steal     %idle
01時00分04秒     all      1.67      0.00      0.42      0.27      0.06     97.59
02時00分01秒     all      1.44      0.00      0.24      0.04      0.09     98.19
03時00分02秒     all      1.13      0.00      0.21      0.02      0.07     98.58
04時00分02秒     all      1.47      0.00      0.24      0.02      0.05     98.22
05時00分02秒     all      1.65      0.00      0.27      0.02      0.04     98.02
06時00分02秒     all      0.88      0.00      0.17      0.01      0.04     98.90
07時00分02秒     all      3.53      0.00      0.55      0.06      0.05     95.81
08時00分02秒     all      2.96      0.00      0.46      0.04      0.06     96.48
平均値:      all      1.84      0.00      0.32      0.06      0.06     97.72

-------------------- Logged in user --------------------
kf03823d 2018-04-23 22:52

==================== 2018-04-29 11:55:01 ====================

-------------------- uptime --------------------
 11:55:01 up 297 days, 44 min,  1 user,  load average: 0.43, 0.20, 0.15

-------------------- System info --------------------
Linux sakura-tokyo-prod 3.10.0-514.26.2.el7.x86_64 #1 SMP Tue Jul 4 15:04:05 UTC 2017 x86_64 x86_64 x86_64 GNU/Linux

-------------------- Storage usage --------------------
ファイルシス   サイズ  使用  残り 使用% マウント位置
/dev/vda4         96G  6.2G   90G    7% /
devtmpfs         2.0G     0  2.0G    0% /dev
tmpfs            2.0G     0  2.0G    0% /dev/shm
tmpfs            2.0G  1.1G  860M   57% /run
tmpfs            2.0G     0  2.0G    0% /sys/fs/cgroup
/dev/vda2        497M  215M  283M   44% /boot
tmpfs            396M     0  396M    0% /run/user/0
tmpfs            396M     0  396M    0% /run/user/1001

-------------------- System load --------------------
Linux 3.10.0-514.26.2.el7.x86_64 (sakura-tokyo-prod) 	2018年04月29日 	_x86_64_	(4 CPU)

00時00分01秒     CPU     %user     %nice   %system   %iowait    %steal     %idle
01時00分04秒     all      1.67      0.00      0.42      0.27      0.06     97.59
02時00分01秒     all      1.44      0.00      0.24      0.04      0.09     98.19
03時00分02秒     all      1.13      0.00      0.21      0.02      0.07     98.58
04時00分02秒     all      1.47      0.00      0.24      0.02      0.05     98.22
05時00分02秒     all      1.65      0.00      0.27      0.02      0.04     98.02
06時00分02秒     all      0.88      0.00      0.17      0.01      0.04     98.90
07時00分02秒     all      3.53      0.00      0.55      0.06      0.05     95.81
08時00分02秒     all      2.96      0.00      0.46      0.04      0.06     96.48
09時00分02秒     all      2.69      0.00      0.41      0.04      0.04     96.82
10時00分02秒     all      1.66      0.00      0.29      0.03      0.03     97.99
11時00分02秒     all      2.71      0.00      0.44      0.04      0.04     96.77
平均値:      all      1.98      0.00      0.34      0.05      0.05     97.58

-------------------- Logged in user --------------------
k6fac3be 2018-04-23 22:52

==================== 2018-04-29 14:55:01 ====================

-------------------- uptime --------------------
 14:55:01 up 297 days,  3:44,  1 user,  load average: 0.00, 0.02, 0.08

-------------------- System info --------------------
Linux sakura-tokyo-prod 3.10.0-514.26.2.el7.x86_64 #1 SMP Tue Jul 4 15:04:05 UTC 2017 x86_64 x86_64 x86_64 GNU/Linux

-------------------- Storage usage --------------------
ファイルシス   サイズ  使用  残り 使用% マウント位置
/dev/vda4         96G  6.2G   90G    7% /
devtmpfs         2.0G     0  2.0G    0% /dev
tmpfs            2.0G     0  2.0G    0% /dev/shm
tmpfs            2.0G  1.1G  860M   57% /run
tmpfs            2.0G     0  2.0G    0% /sys/fs/cgroup
/dev/vda2        497M  215M  283M   44% /boot
tmpfs            396M     0  396M    0% /run/user/0
tmpfs            396M     0  396M    0% /run/user/1001

-------------------- System load --------------------
Linux 3.10.0-514.26.2.el7.x86_64 (sakura-tokyo-prod) 	2018年04月29日 	_x86_64_	(4 CPU)

00時00分01秒     CPU     %user     %nice   %system   %iowait    %steal     %idle
01時00分04秒     all      1.67      0.00      0.42      0.27      0.06     97.59
02時00分01秒     all      1.44      0.00      0.24      0.04      0.09     98.19
03時00分02秒     all      1.13      0.00      0.21      0.02      0.07     98.58
04時00分02秒     all      1.47      0.00      0.24      0.02      0.05     98.22
05時00分02秒     all      1.65      0.00      0.27      0.02      0.04     98.02
06時00分02秒     all      0.88      0.00      0.17      0.01      0.04     98.90
07時00分02秒     all      3.53      0.00      0.55      0.06      0.05     95.81
08時00分02秒     all      2.96      0.00      0.46      0.04      0.06     96.48
09時00分02秒     all      2.69      0.00      0.41      0.04      0.04     96.82
10時00分02秒     all      1.66      0.00      0.29      0.03      0.03     97.99
11時00分02秒     all      2.71      0.00      0.44      0.04      0.04     96.77
12時00分02秒     all      1.95      0.00      0.32      0.03      0.05     97.64
13時00分02秒     all      2.63      0.00      0.38      0.04      0.07     96.88
14時00分02秒     all      1.43      0.00      0.23      0.02      0.05     98.26
平均値:      all      1.98      0.00      0.33      0.05      0.05     97.58

-------------------- Logged in user --------------------
kb5aecb1 2018-04-23 22:52

==================== 2018-04-29 17:55:01 ====================

-------------------- uptime --------------------
 17:55:01 up 297 days,  6:44,  1 user,  load average: 0.00, 0.05, 0.06

-------------------- System info --------------------
Linux sakura-tokyo-prod 3.10.0-514.26.2.el7.x86_64 #1 SMP Tue Jul 4 15:04:05 UTC 2017 x86_64 x86_64 x86_64 GNU/Linux

-------------------- Storage usage --------------------
ファイルシス   サイズ  使用  残り 使用% マウント位置
/dev/vda4         96G  6.2G   90G    7% /
devtmpfs         2.0G     0  2.0G    0% /dev
tmpfs            2.0G     0  2.0G    0% /dev/shm
tmpfs            2.0G  1.1G  860M   57% /run
tmpfs            2.0G     0  2.0G    0% /sys/fs/cgroup
/dev/vda2        497M  215M  283M   44% /boot
tmpfs            396M     0  396M    0% /run/user/0
tmpfs            396M     0  396M    0% /run/user/1001

-------------------- System load --------------------
Linux 3.10.0-514.26.2.el7.x86_64 (sakura-tokyo-prod) 	2018年04月29日 	_x86_64_	(4 CPU)

00時00分01秒     CPU     %user     %nice   %system   %iowait    %steal     %idle
01時00分04秒     all      1.67      0.00      0.42      0.27      0.06     97.59
02時00分01秒     all      1.44      0.00      0.24      0.04      0.09     98.19
03時00分02秒     all      1.13      0.00      0.21      0.02      0.07     98.58
04時00分02秒     all      1.47      0.00      0.24      0.02      0.05     98.22
05時00分02秒     all      1.65      0.00      0.27      0.02      0.04     98.02
06時00分02秒     all      0.88      0.00      0.17      0.01      0.04     98.90
07時00分02秒     all      3.53      0.00      0.55      0.06      0.05     95.81
08時00分02秒     all      2.96      0.00      0.46      0.04      0.06     96.48
09時00分02秒     all      2.69      0.00      0.41      0.04      0.04     96.82
10時00分02秒     all      1.66      0.00      0.29      0.03      0.03     97.99
11時00分02秒     all      2.71      0.00      0.44      0.04      0.04     96.77
12時00分02秒     all      1.95      0.00      0.32      0.03      0.05     97.64
13時00分02秒     all      2.63      0.00      0.38      0.04      0.07     96.88
14時00分02秒     all      1.43      0.00      0.23      0.02      0.05     98.26
15時00分02秒     all      2.49      0.00      0.41      0.04      0.06     97.00
16時00分02秒     all      1.70      0.00      0.29      0.03      0.06     97.92
17時00分02秒     all      1.70      0.00      0.29      0.03      0.06     97.92
平均値:      all      1.98      0.00      0.33      0.05      0.05     97.59

-------------------- Logged in user --------------------
k9c20009 2018-04-23 22:52

==================== 2018-04-29 20:55:02 ====================

-------------------- uptime --------------------
 20:55:02 up 297 days,  9:44,  1 user,  load average: 0.00, 0.04, 0.05

-------------------- System info --------------------
Linux sakura-tokyo-prod 3.10.0-514.26.2.el7.x86_64 #1 SMP Tue Jul 4 15:04:05 UTC 2017 x86_64 x86_64 x86_64 GNU/Linux

-------------------- Storage usage --------------------
ファイルシス   サイズ  使用  残り 使用% マウント位置
/dev/vda4         96G  6.2G   90G    7% /
devtmpfs         2.0G     0  2.0G    0% /dev
tmpfs            2.0G     0  2.0G    0% /dev/shm
tmpfs            2.0G  1.1G  859M   57% /run
tmpfs            2.0G     0  2.0G    0% /sys/fs/cgroup
/dev/vda2        497M  215M  283M   44% /boot
tmpfs            396M     0  396M    0% /run/user/0
tmpfs            396M     0  396M    0% /run/user/1001

-------------------- System load --------------------
Linux 3.10.0-514.26.2.el7.x86_64 (sakura-tokyo-prod) 	2018年04月29日 	_x86_64_	(4 CPU)

00時00分01秒     CPU     %user     %nice   %system   %iowait    %steal     %idle
01時00分04秒     all      1.67      0.00      0.42      0.27      0.06     97.59
02時00分01秒     all      1.44      0.00      0.24      0.04      0.09     98.19
03時00分02秒     all      1.13      0.00      0.21      0.02      0.07     98.58
04時00分02秒     all      1.47      0.00      0.24      0.02      0.05     98.22
05時00分02秒     all      1.65      0.00      0.27      0.02      0.04     98.02
06時00分02秒     all      0.88      0.00      0.17      0.01      0.04     98.90
07時00分02秒     all      3.53      0.00      0.55      0.06      0.05     95.81
08時00分02秒     all      2.96      0.00      0.46      0.04      0.06     96.48
09時00分02秒     all      2.69      0.00      0.41      0.04      0.04     96.82
10時00分02秒     all      1.66      0.00      0.29      0.03      0.03     97.99
11時00分02秒     all      2.71      0.00      0.44      0.04      0.04     96.77
12時00分02秒     all      1.95      0.00      0.32      0.03      0.05     97.64
13時00分02秒     all      2.63      0.00      0.38      0.04      0.07     96.88
14時00分02秒     all      1.43      0.00      0.23      0.02      0.05     98.26
15時00分02秒     all      2.49      0.00      0.41      0.04      0.06     97.00
16時00分02秒     all      1.70      0.00      0.29      0.03      0.06     97.92
17時00分02秒     all      1.70      0.00      0.29      0.03      0.06     97.92
18時00分02秒     all      0.91      0.00      0.17      0.02      0.05     98.85
19時00分02秒     all      1.71      0.00      0.29      0.03      0.07     97.90
20時00分01秒     all      1.39      0.00      0.25      0.03      0.06     98.27
平均値:      all      1.88      0.00      0.32      0.04      0.06     97.70

-------------------- Logged in user --------------------
k4d5c166 2018-04-23 22:52

