==================== 2018-04-30 02:55:01 ====================

-------------------- uptime --------------------
 02:55:01 up 297 days, 15:44,  1 user,  load average: 0.15, 0.12, 0.08

-------------------- System info --------------------
Linux sakura-tokyo-prod 3.10.0-514.26.2.el7.x86_64 #1 SMP Tue Jul 4 15:04:05 UTC 2017 x86_64 x86_64 x86_64 GNU/Linux

-------------------- Storage usage --------------------
ファイルシス   サイズ  使用  残り 使用% マウント位置
/dev/vda4         96G  6.2G   90G    7% /
devtmpfs         2.0G     0  2.0G    0% /dev
tmpfs            2.0G     0  2.0G    0% /dev/shm
tmpfs            2.0G  1.1G  859M   57% /run
tmpfs            2.0G     0  2.0G    0% /sys/fs/cgroup
/dev/vda2        497M  215M  283M   44% /boot
tmpfs            396M     0  396M    0% /run/user/0
tmpfs            396M     0  396M    0% /run/user/1001

-------------------- System load --------------------
Linux 3.10.0-514.26.2.el7.x86_64 (sakura-tokyo-prod) 	2018年04月30日 	_x86_64_	(4 CPU)

00時00分02秒     CPU     %user     %nice   %system   %iowait    %steal     %idle
01時00分02秒     all      1.16      0.00      0.19      0.02      0.05     98.57
02時00分02秒     all      1.17      0.00      0.18      0.02      0.04     98.59
平均値:      all      1.16      0.00      0.19      0.02      0.05     98.58

-------------------- Logged in user --------------------
ke76784c 2018-04-23 22:52

==================== 2018-04-30 05:55:01 ====================

-------------------- uptime --------------------
 05:55:01 up 297 days, 18:44,  1 user,  load average: 0.01, 0.08, 0.08

-------------------- System info --------------------
Linux sakura-tokyo-prod 3.10.0-514.26.2.el7.x86_64 #1 SMP Tue Jul 4 15:04:05 UTC 2017 x86_64 x86_64 x86_64 GNU/Linux

-------------------- Storage usage --------------------
ファイルシス   サイズ  使用  残り 使用% マウント位置
/dev/vda4         96G  6.2G   90G    7% /
devtmpfs         2.0G     0  2.0G    0% /dev
tmpfs            2.0G     0  2.0G    0% /dev/shm
tmpfs            2.0G  1.1G  859M   57% /run
tmpfs            2.0G     0  2.0G    0% /sys/fs/cgroup
/dev/vda2        497M  215M  283M   44% /boot
tmpfs            396M     0  396M    0% /run/user/0
tmpfs            396M     0  396M    0% /run/user/1001

-------------------- System load --------------------
Linux 3.10.0-514.26.2.el7.x86_64 (sakura-tokyo-prod) 	2018年04月30日 	_x86_64_	(4 CPU)

00時00分02秒     CPU     %user     %nice   %system   %iowait    %steal     %idle
01時00分02秒     all      1.16      0.00      0.19      0.02      0.05     98.57
02時00分02秒     all      1.17      0.00      0.18      0.02      0.04     98.59
03時00分02秒     all      1.16      0.00      0.19      0.02      0.06     98.58
04時00分02秒     all      1.42      0.00      0.22      0.02      0.05     98.28
05時00分02秒     all      1.40      0.00      0.22      0.02      0.05     98.30
平均値:      all      1.26      0.00      0.20      0.02      0.05     98.46

-------------------- Logged in user --------------------
kb29aa65 2018-04-23 22:52

