==================== 2018-09-01 02:55:01 ====================

-------------------- uptime --------------------
 02:55:01 up 421 days, 15:44,  0 users,  load average: 0.15, 0.12, 0.09

-------------------- System info --------------------
Linux sakura-tokyo-prod 3.10.0-514.26.2.el7.x86_64 #1 SMP Tue Jul 4 15:04:05 UTC 2017 x86_64 x86_64 x86_64 GNU/Linux

-------------------- Storage usage --------------------
ファイルシス   サイズ  使用  残り 使用% マウント位置
/dev/vda4         96G  6.9G   89G    8% /
devtmpfs         2.0G     0  2.0G    0% /dev
tmpfs            2.0G     0  2.0G    0% /dev/shm
tmpfs            2.0G  1.2G  749M   63% /run
tmpfs            2.0G     0  2.0G    0% /sys/fs/cgroup
/dev/vda2        497M  219M  279M   44% /boot
tmpfs            396M     0  396M    0% /run/user/0
tmpfs            396M     0  396M    0% /run/user/1001

-------------------- System load --------------------
Linux 3.10.0-514.26.2.el7.x86_64 (sakura-tokyo-prod) 	2018年09月01日 	_x86_64_	(4 CPU)

00時00分02秒     CPU     %user     %nice   %system   %iowait    %steal     %idle
01時00分02秒     all      1.70      0.01      0.29      0.02      0.06     97.92
02時00分02秒     all      1.16      0.01      0.21      0.02      0.04     98.57
平均値:      all      1.43      0.01      0.25      0.02      0.05     98.25

-------------------- Logged in user --------------------


