==================== 2018-09-02 02:55:01 ====================

-------------------- uptime --------------------
 02:55:01 up 422 days, 15:44,  1 user,  load average: 0.00, 0.01, 0.05

-------------------- System info --------------------
Linux sakura-tokyo-prod 3.10.0-514.26.2.el7.x86_64 #1 SMP Tue Jul 4 15:04:05 UTC 2017 x86_64 x86_64 x86_64 GNU/Linux

-------------------- Storage usage --------------------
ファイルシス   サイズ  使用  残り 使用% マウント位置
/dev/vda4         96G  6.9G   89G    8% /
devtmpfs         2.0G     0  2.0G    0% /dev
tmpfs            2.0G     0  2.0G    0% /dev/shm
tmpfs            2.0G  1.2G  749M   63% /run
tmpfs            2.0G     0  2.0G    0% /sys/fs/cgroup
/dev/vda2        497M  219M  279M   44% /boot
tmpfs            396M     0  396M    0% /run/user/0
tmpfs            396M     0  396M    0% /run/user/1001

-------------------- System load --------------------
Linux 3.10.0-514.26.2.el7.x86_64 (sakura-tokyo-prod) 	2018年09月02日 	_x86_64_	(4 CPU)

00時00分03秒     CPU     %user     %nice   %system   %iowait    %steal     %idle
01時00分02秒     all      0.37      0.01      0.09      0.00      0.04     99.48
02時00分02秒     all      0.54      0.01      0.11      0.01      0.11     99.22
平均値:      all      0.46      0.01      0.10      0.00      0.08     99.35

-------------------- Logged in user --------------------
k92c75e5 2018-09-01 18:19

==================== 2018-09-02 05:55:01 ====================

-------------------- uptime --------------------
 05:55:01 up 422 days, 18:44,  1 user,  load average: 0.00, 0.01, 0.05

-------------------- System info --------------------
Linux sakura-tokyo-prod 3.10.0-514.26.2.el7.x86_64 #1 SMP Tue Jul 4 15:04:05 UTC 2017 x86_64 x86_64 x86_64 GNU/Linux

-------------------- Storage usage --------------------
ファイルシス   サイズ  使用  残り 使用% マウント位置
/dev/vda4         96G  6.9G   89G    8% /
devtmpfs         2.0G     0  2.0G    0% /dev
tmpfs            2.0G     0  2.0G    0% /dev/shm
tmpfs            2.0G  1.2G  748M   63% /run
tmpfs            2.0G     0  2.0G    0% /sys/fs/cgroup
/dev/vda2        497M  219M  279M   44% /boot
tmpfs            396M     0  396M    0% /run/user/0
tmpfs            396M     0  396M    0% /run/user/1001

-------------------- System load --------------------
Linux 3.10.0-514.26.2.el7.x86_64 (sakura-tokyo-prod) 	2018年09月02日 	_x86_64_	(4 CPU)

00時00分03秒     CPU     %user     %nice   %system   %iowait    %steal     %idle
01時00分02秒     all      0.37      0.01      0.09      0.00      0.04     99.48
02時00分02秒     all      0.54      0.01      0.11      0.01      0.11     99.22
03時00分02秒     all      1.87      0.02      0.31      0.02      0.14     97.63
04時00分02秒     all      0.43      0.01      0.09      0.01      0.06     99.40
05時00分02秒     all      0.86      0.01      0.16      0.01      0.05     98.91
平均値:      all      0.82      0.01      0.15      0.01      0.08     98.93

-------------------- Logged in user --------------------
k04de71c 2018-09-01 18:19

==================== 2018-09-02 08:55:01 ====================

-------------------- uptime --------------------
 08:55:01 up 422 days, 21:44,  0 users,  load average: 0.47, 0.14, 0.09

-------------------- System info --------------------
Linux sakura-tokyo-prod 3.10.0-514.26.2.el7.x86_64 #1 SMP Tue Jul 4 15:04:05 UTC 2017 x86_64 x86_64 x86_64 GNU/Linux

-------------------- Storage usage --------------------
ファイルシス   サイズ  使用  残り 使用% マウント位置
/dev/vda4         96G  6.9G   89G    8% /
devtmpfs         2.0G     0  2.0G    0% /dev
tmpfs            2.0G     0  2.0G    0% /dev/shm
tmpfs            2.0G  1.2G  748M   63% /run
tmpfs            2.0G     0  2.0G    0% /sys/fs/cgroup
/dev/vda2        497M  219M  279M   44% /boot
tmpfs            396M     0  396M    0% /run/user/0
tmpfs            396M     0  396M    0% /run/user/1001

-------------------- System load --------------------
Linux 3.10.0-514.26.2.el7.x86_64 (sakura-tokyo-prod) 	2018年09月02日 	_x86_64_	(4 CPU)

00時00分03秒     CPU     %user     %nice   %system   %iowait    %steal     %idle
01時00分02秒     all      0.37      0.01      0.09      0.00      0.04     99.48
02時00分02秒     all      0.54      0.01      0.11      0.01      0.11     99.22
03時00分02秒     all      1.87      0.02      0.31      0.02      0.14     97.63
04時00分02秒     all      0.43      0.01      0.09      0.01      0.06     99.40
05時00分02秒     all      0.86      0.01      0.16      0.01      0.05     98.91
06時00分02秒     all      0.29      0.01      0.08      0.00      0.05     99.57
07時00分02秒     all      0.42      0.01      0.10      0.01      0.05     99.43
08時00分02秒     all      0.08      0.01      0.05      0.00      0.04     99.82
平均値:      all      0.61      0.01      0.12      0.01      0.07     99.18

-------------------- Logged in user --------------------


