==================== 2018-09-03 02:55:02 ====================

-------------------- uptime --------------------
 02:55:02 up 423 days, 15:44,  0 users,  load average: 0.00, 0.01, 0.05

-------------------- System info --------------------
Linux sakura-tokyo-prod 3.10.0-514.26.2.el7.x86_64 #1 SMP Tue Jul 4 15:04:05 UTC 2017 x86_64 x86_64 x86_64 GNU/Linux

-------------------- Storage usage --------------------
ファイルシス   サイズ  使用  残り 使用% マウント位置
/dev/vda4         96G  6.9G   89G    8% /
devtmpfs         2.0G     0  2.0G    0% /dev
tmpfs            2.0G     0  2.0G    0% /dev/shm
tmpfs            2.0G  1.2G  756M   62% /run
tmpfs            2.0G     0  2.0G    0% /sys/fs/cgroup
/dev/vda2        497M  219M  279M   44% /boot
tmpfs            396M     0  396M    0% /run/user/0
tmpfs            396M     0  396M    0% /run/user/1001

-------------------- System load --------------------
Linux 3.10.0-514.26.2.el7.x86_64 (sakura-tokyo-prod) 	2018年09月03日 	_x86_64_	(4 CPU)

00時00分02秒     CPU     %user     %nice   %system   %iowait    %steal     %idle
01時00分02秒     all      4.08      0.01      0.61      0.06      0.07     95.18
02時00分02秒     all      0.89      0.01      0.15      0.01      0.06     98.88
平均値:      all      2.48      0.01      0.38      0.04      0.07     97.03

-------------------- Logged in user --------------------


==================== 2018-09-03 05:55:01 ====================

-------------------- uptime --------------------
 05:55:01 up 423 days, 18:44,  0 users,  load average: 0.00, 0.01, 0.05

-------------------- System info --------------------
Linux sakura-tokyo-prod 3.10.0-514.26.2.el7.x86_64 #1 SMP Tue Jul 4 15:04:05 UTC 2017 x86_64 x86_64 x86_64 GNU/Linux

-------------------- Storage usage --------------------
ファイルシス   サイズ  使用  残り 使用% マウント位置
/dev/vda4         96G  6.9G   89G    8% /
devtmpfs         2.0G     0  2.0G    0% /dev
tmpfs            2.0G     0  2.0G    0% /dev/shm
tmpfs            2.0G  1.2G  756M   62% /run
tmpfs            2.0G     0  2.0G    0% /sys/fs/cgroup
/dev/vda2        497M  219M  279M   44% /boot
tmpfs            396M     0  396M    0% /run/user/0
tmpfs            396M     0  396M    0% /run/user/1001

-------------------- System load --------------------
Linux 3.10.0-514.26.2.el7.x86_64 (sakura-tokyo-prod) 	2018年09月03日 	_x86_64_	(4 CPU)

00時00分02秒     CPU     %user     %nice   %system   %iowait    %steal     %idle
01時00分02秒     all      4.08      0.01      0.61      0.06      0.07     95.18
02時00分02秒     all      0.89      0.01      0.15      0.01      0.06     98.88
03時00分02秒     all      0.09      0.01      0.04      0.00      0.05     99.82
04時00分02秒     all      0.34      0.01      0.08      0.00      0.06     99.51
05時00分02秒     all      0.62      0.01      0.13      0.01      0.04     99.20
平均値:      all      1.20      0.01      0.20      0.02      0.06     98.52

-------------------- Logged in user --------------------


==================== 2018-09-03 08:55:01 ====================

-------------------- uptime --------------------
 08:55:01 up 423 days, 21:44,  0 users,  load average: 0.03, 0.08, 0.07

-------------------- System info --------------------
Linux sakura-tokyo-prod 3.10.0-514.26.2.el7.x86_64 #1 SMP Tue Jul 4 15:04:05 UTC 2017 x86_64 x86_64 x86_64 GNU/Linux

-------------------- Storage usage --------------------
ファイルシス   サイズ  使用  残り 使用% マウント位置
/dev/vda4         96G  6.9G   89G    8% /
devtmpfs         2.0G     0  2.0G    0% /dev
tmpfs            2.0G     0  2.0G    0% /dev/shm
tmpfs            2.0G  1.2G  756M   62% /run
tmpfs            2.0G     0  2.0G    0% /sys/fs/cgroup
/dev/vda2        497M  219M  279M   44% /boot
tmpfs            396M     0  396M    0% /run/user/0
tmpfs            396M     0  396M    0% /run/user/1001

-------------------- System load --------------------
Linux 3.10.0-514.26.2.el7.x86_64 (sakura-tokyo-prod) 	2018年09月03日 	_x86_64_	(4 CPU)

00時00分02秒     CPU     %user     %nice   %system   %iowait    %steal     %idle
01時00分02秒     all      4.08      0.01      0.61      0.06      0.07     95.18
02時00分02秒     all      0.89      0.01      0.15      0.01      0.06     98.88
03時00分02秒     all      0.09      0.01      0.04      0.00      0.05     99.82
04時00分02秒     all      0.34      0.01      0.08      0.00      0.06     99.51
05時00分02秒     all      0.62      0.01      0.13      0.01      0.04     99.20
06時00分03秒     all      0.60      0.01      0.12      0.01      0.05     99.22
07時00分02秒     all      0.63      0.01      0.13      0.01      0.04     99.18
08時00分02秒     all      3.61      0.01      0.54      0.05      0.07     95.72
平均値:      all      1.36      0.01      0.22      0.02      0.06     98.34

-------------------- Logged in user --------------------


==================== 2018-09-03 11:55:01 ====================

-------------------- uptime --------------------
 11:55:01 up 424 days, 44 min,  0 users,  load average: 0.00, 0.01, 0.05

-------------------- System info --------------------
Linux sakura-tokyo-prod 3.10.0-514.26.2.el7.x86_64 #1 SMP Tue Jul 4 15:04:05 UTC 2017 x86_64 x86_64 x86_64 GNU/Linux

-------------------- Storage usage --------------------
ファイルシス   サイズ  使用  残り 使用% マウント位置
/dev/vda4         96G  6.9G   89G    8% /
devtmpfs         2.0G     0  2.0G    0% /dev
tmpfs            2.0G     0  2.0G    0% /dev/shm
tmpfs            2.0G  1.2G  755M   62% /run
tmpfs            2.0G     0  2.0G    0% /sys/fs/cgroup
/dev/vda2        497M  219M  279M   44% /boot
tmpfs            396M     0  396M    0% /run/user/0
tmpfs            396M     0  396M    0% /run/user/1001

-------------------- System load --------------------
Linux 3.10.0-514.26.2.el7.x86_64 (sakura-tokyo-prod) 	2018年09月03日 	_x86_64_	(4 CPU)

00時00分02秒     CPU     %user     %nice   %system   %iowait    %steal     %idle
01時00分02秒     all      4.08      0.01      0.61      0.06      0.07     95.18
02時00分02秒     all      0.89      0.01      0.15      0.01      0.06     98.88
03時00分02秒     all      0.09      0.01      0.04      0.00      0.05     99.82
04時00分02秒     all      0.34      0.01      0.08      0.00      0.06     99.51
05時00分02秒     all      0.62      0.01      0.13      0.01      0.04     99.20
06時00分03秒     all      0.60      0.01      0.12      0.01      0.05     99.22
07時00分02秒     all      0.63      0.01      0.13      0.01      0.04     99.18
08時00分02秒     all      3.61      0.01      0.54      0.05      0.07     95.72
09時00分02秒     all      1.29      0.01      0.22      0.02      0.05     98.42
10時00分03秒     all      0.62      0.01      0.12      0.01      0.05     99.21
11時00分02秒     all      0.09      0.01      0.04      0.00      0.06     99.81
平均値:      all      1.17      0.01      0.20      0.02      0.05     98.56

-------------------- Logged in user --------------------


==================== 2018-09-03 14:55:01 ====================

-------------------- uptime --------------------
 14:55:01 up 424 days,  3:44,  1 user,  load average: 0.17, 0.14, 0.09

-------------------- System info --------------------
Linux sakura-tokyo-prod 3.10.0-514.26.2.el7.x86_64 #1 SMP Tue Jul 4 15:04:05 UTC 2017 x86_64 x86_64 x86_64 GNU/Linux

-------------------- Storage usage --------------------
ファイルシス   サイズ  使用  残り 使用% マウント位置
/dev/vda4         96G  6.9G   89G    8% /
devtmpfs         2.0G     0  2.0G    0% /dev
tmpfs            2.0G     0  2.0G    0% /dev/shm
tmpfs            2.0G  1.2G  755M   62% /run
tmpfs            2.0G     0  2.0G    0% /sys/fs/cgroup
/dev/vda2        497M  219M  279M   44% /boot
tmpfs            396M     0  396M    0% /run/user/0
tmpfs            396M     0  396M    0% /run/user/1001

-------------------- System load --------------------
Linux 3.10.0-514.26.2.el7.x86_64 (sakura-tokyo-prod) 	2018年09月03日 	_x86_64_	(4 CPU)

00時00分02秒     CPU     %user     %nice   %system   %iowait    %steal     %idle
01時00分02秒     all      4.08      0.01      0.61      0.06      0.07     95.18
02時00分02秒     all      0.89      0.01      0.15      0.01      0.06     98.88
03時00分02秒     all      0.09      0.01      0.04      0.00      0.05     99.82
04時00分02秒     all      0.34      0.01      0.08      0.00      0.06     99.51
05時00分02秒     all      0.62      0.01      0.13      0.01      0.04     99.20
06時00分03秒     all      0.60      0.01      0.12      0.01      0.05     99.22
07時00分02秒     all      0.63      0.01      0.13      0.01      0.04     99.18
08時00分02秒     all      3.61      0.01      0.54      0.05      0.07     95.72
09時00分02秒     all      1.29      0.01      0.22      0.02      0.05     98.42
10時00分03秒     all      0.62      0.01      0.12      0.01      0.05     99.21
11時00分02秒     all      0.09      0.01      0.04      0.00      0.06     99.81
12時00分02秒     all      0.39      0.01      0.10      0.01      0.05     99.45
13時00分02秒     all      0.38      0.01      0.10      0.01      0.06     99.45
14時00分03秒     all      0.63      0.01      0.13      0.01      0.05     99.17
平均値:      all      1.02      0.01      0.18      0.01      0.05     98.73

-------------------- Logged in user --------------------
k426ccdb 2018-09-03 12:53

==================== 2018-09-03 17:55:01 ====================

-------------------- uptime --------------------
 17:55:01 up 424 days,  6:44,  1 user,  load average: 0.00, 0.01, 0.05

-------------------- System info --------------------
Linux sakura-tokyo-prod 3.10.0-514.26.2.el7.x86_64 #1 SMP Tue Jul 4 15:04:05 UTC 2017 x86_64 x86_64 x86_64 GNU/Linux

-------------------- Storage usage --------------------
ファイルシス   サイズ  使用  残り 使用% マウント位置
/dev/vda4         96G  6.9G   89G    8% /
devtmpfs         2.0G     0  2.0G    0% /dev
tmpfs            2.0G     0  2.0G    0% /dev/shm
tmpfs            2.0G  1.2G  755M   62% /run
tmpfs            2.0G     0  2.0G    0% /sys/fs/cgroup
/dev/vda2        497M  219M  279M   44% /boot
tmpfs            396M     0  396M    0% /run/user/0
tmpfs            396M     0  396M    0% /run/user/1001

-------------------- System load --------------------
Linux 3.10.0-514.26.2.el7.x86_64 (sakura-tokyo-prod) 	2018年09月03日 	_x86_64_	(4 CPU)

00時00分02秒     CPU     %user     %nice   %system   %iowait    %steal     %idle
01時00分02秒     all      4.08      0.01      0.61      0.06      0.07     95.18
02時00分02秒     all      0.89      0.01      0.15      0.01      0.06     98.88
03時00分02秒     all      0.09      0.01      0.04      0.00      0.05     99.82
04時00分02秒     all      0.34      0.01      0.08      0.00      0.06     99.51
05時00分02秒     all      0.62      0.01      0.13      0.01      0.04     99.20
06時00分03秒     all      0.60      0.01      0.12      0.01      0.05     99.22
07時00分02秒     all      0.63      0.01      0.13      0.01      0.04     99.18
08時00分02秒     all      3.61      0.01      0.54      0.05      0.07     95.72
09時00分02秒     all      1.29      0.01      0.22      0.02      0.05     98.42
10時00分03秒     all      0.62      0.01      0.12      0.01      0.05     99.21
11時00分02秒     all      0.09      0.01      0.04      0.00      0.06     99.81
12時00分02秒     all      0.39      0.01      0.10      0.01      0.05     99.45
13時00分02秒     all      0.38      0.01      0.10      0.01      0.06     99.45
14時00分03秒     all      0.63      0.01      0.13      0.01      0.05     99.17
15時00分02秒     all      0.64      0.01      0.13      0.01      0.06     99.16
16時00分02秒     all      0.93      0.01      0.18      0.01      0.06     98.82
17時00分02秒     all      0.65      0.01      0.13      0.01      0.05     99.16
平均値:      all      0.97      0.01      0.17      0.01      0.05     98.78

-------------------- Logged in user --------------------
k52e3f10 2018-09-03 12:53

==================== 2018-09-03 20:55:01 ====================

-------------------- uptime --------------------
 20:55:01 up 424 days,  9:44,  1 user,  load average: 0.00, 0.01, 0.05

-------------------- System info --------------------
Linux sakura-tokyo-prod 3.10.0-514.26.2.el7.x86_64 #1 SMP Tue Jul 4 15:04:05 UTC 2017 x86_64 x86_64 x86_64 GNU/Linux

-------------------- Storage usage --------------------
ファイルシス   サイズ  使用  残り 使用% マウント位置
/dev/vda4         96G  6.9G   89G    8% /
devtmpfs         2.0G     0  2.0G    0% /dev
tmpfs            2.0G     0  2.0G    0% /dev/shm
tmpfs            2.0G  1.2G  755M   62% /run
tmpfs            2.0G     0  2.0G    0% /sys/fs/cgroup
/dev/vda2        497M  219M  279M   44% /boot
tmpfs            396M     0  396M    0% /run/user/0
tmpfs            396M     0  396M    0% /run/user/1001

-------------------- System load --------------------
Linux 3.10.0-514.26.2.el7.x86_64 (sakura-tokyo-prod) 	2018年09月03日 	_x86_64_	(4 CPU)

00時00分02秒     CPU     %user     %nice   %system   %iowait    %steal     %idle
01時00分02秒     all      4.08      0.01      0.61      0.06      0.07     95.18
02時00分02秒     all      0.89      0.01      0.15      0.01      0.06     98.88
03時00分02秒     all      0.09      0.01      0.04      0.00      0.05     99.82
04時00分02秒     all      0.34      0.01      0.08      0.00      0.06     99.51
05時00分02秒     all      0.62      0.01      0.13      0.01      0.04     99.20
06時00分03秒     all      0.60      0.01      0.12      0.01      0.05     99.22
07時00分02秒     all      0.63      0.01      0.13      0.01      0.04     99.18
08時00分02秒     all      3.61      0.01      0.54      0.05      0.07     95.72
09時00分02秒     all      1.29      0.01      0.22      0.02      0.05     98.42
10時00分03秒     all      0.62      0.01      0.12      0.01      0.05     99.21
11時00分02秒     all      0.09      0.01      0.04      0.00      0.06     99.81
12時00分02秒     all      0.39      0.01      0.10      0.01      0.05     99.45
13時00分02秒     all      0.38      0.01      0.10      0.01      0.06     99.45
14時00分03秒     all      0.63      0.01      0.13      0.01      0.05     99.17
15時00分02秒     all      0.64      0.01      0.13      0.01      0.06     99.16
16時00分02秒     all      0.93      0.01      0.18      0.01      0.06     98.82
17時00分02秒     all      0.65      0.01      0.13      0.01      0.05     99.16
18時00分02秒     all      0.62      0.01      0.12      0.01      0.05     99.20
19時00分02秒     all      0.11      0.01      0.05      0.00      0.05     99.78
20時00分01秒     all      0.93      0.01      0.17      0.01      0.06     98.83
平均値:      all      0.91      0.01      0.16      0.01      0.05     98.86

-------------------- Logged in user --------------------
k78923ad 2018-09-03 12:53

