==================== 2018-09-05 02:55:01 ====================

-------------------- uptime --------------------
 02:55:01 up 425 days, 15:44,  1 user,  load average: 0.45, 0.31, 0.31

-------------------- System info --------------------
Linux sakura-tokyo-prod 3.10.0-514.26.2.el7.x86_64 #1 SMP Tue Jul 4 15:04:05 UTC 2017 x86_64 x86_64 x86_64 GNU/Linux

-------------------- Storage usage --------------------
ファイルシス   サイズ  使用  残り 使用% マウント位置
/dev/vda4         96G  6.9G   89G    8% /
devtmpfs         2.0G     0  2.0G    0% /dev
tmpfs            2.0G     0  2.0G    0% /dev/shm
tmpfs            2.0G  1.2G  754M   62% /run
tmpfs            2.0G     0  2.0G    0% /sys/fs/cgroup
/dev/vda2        497M  219M  279M   44% /boot
tmpfs            396M     0  396M    0% /run/user/0
tmpfs            396M     0  396M    0% /run/user/1001

-------------------- System load --------------------
Linux 3.10.0-514.26.2.el7.x86_64 (sakura-tokyo-prod) 	2018年09月05日 	_x86_64_	(4 CPU)

00時00分03秒     CPU     %user     %nice   %system   %iowait    %steal     %idle
01時00分02秒     all      7.35      0.01      1.11      0.11      0.10     91.32
02時00分02秒     all      7.59      0.01      1.15      0.11      0.10     91.05
平均値:      all      7.47      0.01      1.13      0.11      0.10     91.19

-------------------- Logged in user --------------------
k87734d8 2018-09-03 12:53

