==================== 2018-09-06 02:55:01 ====================

-------------------- uptime --------------------
 02:55:01 up 426 days, 15:44,  2 users,  load average: 0.16, 0.22, 0.27

-------------------- System info --------------------
Linux sakura-tokyo-prod 3.10.0-514.26.2.el7.x86_64 #1 SMP Tue Jul 4 15:04:05 UTC 2017 x86_64 x86_64 x86_64 GNU/Linux

-------------------- Storage usage --------------------
ファイルシス   サイズ  使用  残り 使用% マウント位置
/dev/vda4         96G  6.9G   89G    8% /
devtmpfs         2.0G     0  2.0G    0% /dev
tmpfs            2.0G     0  2.0G    0% /dev/shm
tmpfs            2.0G  1.2G  753M   62% /run
tmpfs            2.0G     0  2.0G    0% /sys/fs/cgroup
/dev/vda2        497M  219M  279M   44% /boot
tmpfs            396M     0  396M    0% /run/user/0
tmpfs            396M     0  396M    0% /run/user/1001

-------------------- System load --------------------
Linux 3.10.0-514.26.2.el7.x86_64 (sakura-tokyo-prod) 	2018年09月06日 	_x86_64_	(4 CPU)

00時00分03秒     CPU     %user     %nice   %system   %iowait    %steal     %idle
01時00分02秒     all      7.61      0.01      1.16      0.11      0.11     91.00
02時00分02秒     all      7.33      0.01      1.11      0.10      0.10     91.35
平均値:      all      7.47      0.01      1.14      0.10      0.10     91.18

-------------------- Logged in user --------------------
kbf95ec6 2018-09-03 12:53
kcfdf0fb 2018-09-06 00:11

==================== 2018-09-06 05:55:02 ====================

-------------------- uptime --------------------
 05:55:02 up 426 days, 18:44,  2 users,  load average: 0.48, 0.29, 0.28

-------------------- System info --------------------
Linux sakura-tokyo-prod 3.10.0-514.26.2.el7.x86_64 #1 SMP Tue Jul 4 15:04:05 UTC 2017 x86_64 x86_64 x86_64 GNU/Linux

-------------------- Storage usage --------------------
ファイルシス   サイズ  使用  残り 使用% マウント位置
/dev/vda4         96G  6.9G   89G    8% /
devtmpfs         2.0G     0  2.0G    0% /dev
tmpfs            2.0G     0  2.0G    0% /dev/shm
tmpfs            2.0G  1.2G  753M   62% /run
tmpfs            2.0G     0  2.0G    0% /sys/fs/cgroup
/dev/vda2        497M  219M  279M   44% /boot
tmpfs            396M     0  396M    0% /run/user/0
tmpfs            396M     0  396M    0% /run/user/1001

-------------------- System load --------------------
Linux 3.10.0-514.26.2.el7.x86_64 (sakura-tokyo-prod) 	2018年09月06日 	_x86_64_	(4 CPU)

00時00分03秒     CPU     %user     %nice   %system   %iowait    %steal     %idle
01時00分02秒     all      7.61      0.01      1.16      0.11      0.11     91.00
02時00分02秒     all      7.33      0.01      1.11      0.10      0.10     91.35
03時00分02秒     all      7.50      0.01      1.13      0.11      0.11     91.15
04時00分02秒     all      7.09      0.01      1.08      0.10      0.13     91.58
05時00分03秒     all      7.40      0.01      1.09      0.10      0.11     91.29
平均値:      all      7.39      0.01      1.11      0.11      0.11     91.28

-------------------- Logged in user --------------------
k2a092be 2018-09-03 12:53
k29c5974 2018-09-06 00:11

