==================== 2018-09-09 02:55:01 ====================

-------------------- uptime --------------------
 02:55:01 up 429 days, 15:44,  0 users,  load average: 0.00, 0.01, 0.08

-------------------- System info --------------------
Linux sakura-tokyo-prod 3.10.0-514.26.2.el7.x86_64 #1 SMP Tue Jul 4 15:04:05 UTC 2017 x86_64 x86_64 x86_64 GNU/Linux

-------------------- Storage usage --------------------
ファイルシス   サイズ  使用  残り 使用% マウント位置
/dev/vda4         96G  6.9G   89G    8% /
devtmpfs         2.0G     0  2.0G    0% /dev
tmpfs            2.0G     0  2.0G    0% /dev/shm
tmpfs            2.0G  1.3G  743M   63% /run
tmpfs            2.0G     0  2.0G    0% /sys/fs/cgroup
/dev/vda2        497M  219M  279M   44% /boot
tmpfs            396M     0  396M    0% /run/user/0
tmpfs            396M     0  396M    0% /run/user/1001

-------------------- System load --------------------
Linux 3.10.0-514.26.2.el7.x86_64 (sakura-tokyo-prod) 	2018年09月09日 	_x86_64_	(4 CPU)

00時00分02秒     CPU     %user     %nice   %system   %iowait    %steal     %idle
01時00分02秒     all      5.28      0.01      0.79      0.08      0.09     93.75
02時00分03秒     all      0.37      0.01      0.09      0.00      0.07     99.46
平均値:      all      2.82      0.01      0.44      0.04      0.08     96.61

-------------------- Logged in user --------------------


==================== 2018-09-09 05:55:01 ====================

-------------------- uptime --------------------
 05:55:01 up 429 days, 18:44,  0 users,  load average: 0.00, 0.01, 0.05

-------------------- System info --------------------
Linux sakura-tokyo-prod 3.10.0-514.26.2.el7.x86_64 #1 SMP Tue Jul 4 15:04:05 UTC 2017 x86_64 x86_64 x86_64 GNU/Linux

-------------------- Storage usage --------------------
ファイルシス   サイズ  使用  残り 使用% マウント位置
/dev/vda4         96G  6.9G   89G    8% /
devtmpfs         2.0G     0  2.0G    0% /dev
tmpfs            2.0G     0  2.0G    0% /dev/shm
tmpfs            2.0G  1.3G  742M   63% /run
tmpfs            2.0G     0  2.0G    0% /sys/fs/cgroup
/dev/vda2        497M  219M  279M   44% /boot
tmpfs            396M     0  396M    0% /run/user/0
tmpfs            396M     0  396M    0% /run/user/1001

-------------------- System load --------------------
Linux 3.10.0-514.26.2.el7.x86_64 (sakura-tokyo-prod) 	2018年09月09日 	_x86_64_	(4 CPU)

00時00分02秒     CPU     %user     %nice   %system   %iowait    %steal     %idle
01時00分02秒     all      5.28      0.01      0.79      0.08      0.09     93.75
02時00分03秒     all      0.37      0.01      0.09      0.00      0.07     99.46
03時00分02秒     all      3.57      0.01      0.56      0.05      0.09     95.72
04時00分02秒     all      0.57      0.01      0.12      0.01      0.06     99.24
05時00分01秒     all      0.62      0.01      0.12      0.01      0.05     99.20
平均値:      all      2.08      0.01      0.33      0.03      0.07     97.48

-------------------- Logged in user --------------------


==================== 2018-09-09 08:55:01 ====================

-------------------- uptime --------------------
 08:55:01 up 429 days, 21:44,  0 users,  load average: 0.00, 0.01, 0.05

-------------------- System info --------------------
Linux sakura-tokyo-prod 3.10.0-514.26.2.el7.x86_64 #1 SMP Tue Jul 4 15:04:05 UTC 2017 x86_64 x86_64 x86_64 GNU/Linux

-------------------- Storage usage --------------------
ファイルシス   サイズ  使用  残り 使用% マウント位置
/dev/vda4         96G  6.9G   89G    8% /
devtmpfs         2.0G     0  2.0G    0% /dev
tmpfs            2.0G     0  2.0G    0% /dev/shm
tmpfs            2.0G  1.3G  742M   63% /run
tmpfs            2.0G     0  2.0G    0% /sys/fs/cgroup
/dev/vda2        497M  219M  279M   44% /boot
tmpfs            396M     0  396M    0% /run/user/0
tmpfs            396M     0  396M    0% /run/user/1001

-------------------- System load --------------------
Linux 3.10.0-514.26.2.el7.x86_64 (sakura-tokyo-prod) 	2018年09月09日 	_x86_64_	(4 CPU)

00時00分02秒     CPU     %user     %nice   %system   %iowait    %steal     %idle
01時00分02秒     all      5.28      0.01      0.79      0.08      0.09     93.75
02時00分03秒     all      0.37      0.01      0.09      0.00      0.07     99.46
03時00分02秒     all      3.57      0.01      0.56      0.05      0.09     95.72
04時00分02秒     all      0.57      0.01      0.12      0.01      0.06     99.24
05時00分01秒     all      0.62      0.01      0.12      0.01      0.05     99.20
06時00分03秒     all      0.08      0.01      0.03      0.00      0.05     99.83
07時00分02秒     all      0.36      0.01      0.08      0.01      0.06     99.49
08時00分02秒     all      0.08      0.01      0.04      0.00      0.04     99.83
平均値:      all      1.37      0.01      0.23      0.02      0.06     98.32

-------------------- Logged in user --------------------


==================== 2018-09-09 11:55:01 ====================

-------------------- uptime --------------------
 11:55:01 up 430 days, 44 min,  0 users,  load average: 0.00, 0.01, 0.05

-------------------- System info --------------------
Linux sakura-tokyo-prod 3.10.0-514.26.2.el7.x86_64 #1 SMP Tue Jul 4 15:04:05 UTC 2017 x86_64 x86_64 x86_64 GNU/Linux

-------------------- Storage usage --------------------
ファイルシス   サイズ  使用  残り 使用% マウント位置
/dev/vda4         96G  6.9G   89G    8% /
devtmpfs         2.0G     0  2.0G    0% /dev
tmpfs            2.0G     0  2.0G    0% /dev/shm
tmpfs            2.0G  1.3G  742M   63% /run
tmpfs            2.0G     0  2.0G    0% /sys/fs/cgroup
/dev/vda2        497M  219M  279M   44% /boot
tmpfs            396M     0  396M    0% /run/user/0
tmpfs            396M     0  396M    0% /run/user/1001

-------------------- System load --------------------
Linux 3.10.0-514.26.2.el7.x86_64 (sakura-tokyo-prod) 	2018年09月09日 	_x86_64_	(4 CPU)

00時00分02秒     CPU     %user     %nice   %system   %iowait    %steal     %idle
01時00分02秒     all      5.28      0.01      0.79      0.08      0.09     93.75
02時00分03秒     all      0.37      0.01      0.09      0.00      0.07     99.46
03時00分02秒     all      3.57      0.01      0.56      0.05      0.09     95.72
04時00分02秒     all      0.57      0.01      0.12      0.01      0.06     99.24
05時00分01秒     all      0.62      0.01      0.12      0.01      0.05     99.20
06時00分03秒     all      0.08      0.01      0.03      0.00      0.05     99.83
07時00分02秒     all      0.36      0.01      0.08      0.01      0.06     99.49
08時00分02秒     all      0.08      0.01      0.04      0.00      0.04     99.83
09時00分03秒     all      0.34      0.01      0.08      0.00      0.04     99.53
10時00分02秒     all      0.08      0.01      0.04      0.00      0.04     99.83
11時00分02秒     all      0.34      0.01      0.08      0.00      0.04     99.53
平均値:      all      1.06      0.01      0.18      0.01      0.06     98.67

-------------------- Logged in user --------------------


