==================== 2018-09-11 02:55:01 ====================

-------------------- uptime --------------------
 02:55:01 up 431 days, 15:44,  0 users,  load average: 0.00, 0.01, 0.05

-------------------- System info --------------------
Linux sakura-tokyo-prod 3.10.0-514.26.2.el7.x86_64 #1 SMP Tue Jul 4 15:04:05 UTC 2017 x86_64 x86_64 x86_64 GNU/Linux

-------------------- Storage usage --------------------
ファイルシス   サイズ  使用  残り 使用% マウント位置
/dev/vda4         96G  6.9G   89G    8% /
devtmpfs         2.0G     0  2.0G    0% /dev
tmpfs            2.0G     0  2.0G    0% /dev/shm
tmpfs            2.0G  1.2G  749M   63% /run
tmpfs            2.0G     0  2.0G    0% /sys/fs/cgroup
/dev/vda2        497M  219M  279M   44% /boot
tmpfs            396M     0  396M    0% /run/user/0
tmpfs            396M     0  396M    0% /run/user/1001

-------------------- System load --------------------
Linux 3.10.0-514.26.2.el7.x86_64 (sakura-tokyo-prod) 	2018年09月11日 	_x86_64_	(4 CPU)

00時00分03秒     CPU     %user     %nice   %system   %iowait    %steal     %idle
01時00分02秒     all      0.37      0.01      0.09      0.00      0.03     99.50
02時00分02秒     all      1.49      0.01      0.25      0.02      0.03     98.21
平均値:      all      0.93      0.01      0.17      0.01      0.03     98.86

-------------------- Logged in user --------------------


==================== 2018-09-11 05:55:01 ====================

-------------------- uptime --------------------
 05:55:01 up 431 days, 18:44,  0 users,  load average: 0.00, 0.01, 0.05

-------------------- System info --------------------
Linux sakura-tokyo-prod 3.10.0-514.26.2.el7.x86_64 #1 SMP Tue Jul 4 15:04:05 UTC 2017 x86_64 x86_64 x86_64 GNU/Linux

-------------------- Storage usage --------------------
ファイルシス   サイズ  使用  残り 使用% マウント位置
/dev/vda4         96G  6.9G   89G    8% /
devtmpfs         2.0G     0  2.0G    0% /dev
tmpfs            2.0G     0  2.0G    0% /dev/shm
tmpfs            2.0G  1.2G  749M   63% /run
tmpfs            2.0G     0  2.0G    0% /sys/fs/cgroup
/dev/vda2        497M  219M  279M   44% /boot
tmpfs            396M     0  396M    0% /run/user/0
tmpfs            396M     0  396M    0% /run/user/1001

-------------------- System load --------------------
Linux 3.10.0-514.26.2.el7.x86_64 (sakura-tokyo-prod) 	2018年09月11日 	_x86_64_	(4 CPU)

00時00分03秒     CPU     %user     %nice   %system   %iowait    %steal     %idle
01時00分02秒     all      0.37      0.01      0.09      0.00      0.03     99.50
02時00分02秒     all      1.49      0.01      0.25      0.02      0.03     98.21
03時00分03秒     all      0.87      0.01      0.16      0.01      0.04     98.92
04時00分02秒     all      0.08      0.01      0.04      0.00      0.03     99.84
05時00分02秒     all      0.34      0.01      0.09      0.00      0.03     99.53
平均値:      all      0.63      0.01      0.12      0.01      0.03     99.20

-------------------- Logged in user --------------------


==================== 2018-09-11 08:55:01 ====================

-------------------- uptime --------------------
 08:55:01 up 431 days, 21:44,  0 users,  load average: 0.02, 0.06, 0.06

-------------------- System info --------------------
Linux sakura-tokyo-prod 3.10.0-514.26.2.el7.x86_64 #1 SMP Tue Jul 4 15:04:05 UTC 2017 x86_64 x86_64 x86_64 GNU/Linux

-------------------- Storage usage --------------------
ファイルシス   サイズ  使用  残り 使用% マウント位置
/dev/vda4         96G  6.9G   89G    8% /
devtmpfs         2.0G     0  2.0G    0% /dev
tmpfs            2.0G     0  2.0G    0% /dev/shm
tmpfs            2.0G  1.2G  749M   63% /run
tmpfs            2.0G     0  2.0G    0% /sys/fs/cgroup
/dev/vda2        497M  219M  279M   44% /boot
tmpfs            396M     0  396M    0% /run/user/0
tmpfs            396M     0  396M    0% /run/user/1001

-------------------- System load --------------------
Linux 3.10.0-514.26.2.el7.x86_64 (sakura-tokyo-prod) 	2018年09月11日 	_x86_64_	(4 CPU)

00時00分03秒     CPU     %user     %nice   %system   %iowait    %steal     %idle
01時00分02秒     all      0.37      0.01      0.09      0.00      0.03     99.50
02時00分02秒     all      1.49      0.01      0.25      0.02      0.03     98.21
03時00分03秒     all      0.87      0.01      0.16      0.01      0.04     98.92
04時00分02秒     all      0.08      0.01      0.04      0.00      0.03     99.84
05時00分02秒     all      0.34      0.01      0.09      0.00      0.03     99.53
06時00分02秒     all      0.08      0.01      0.04      0.00      0.02     99.85
07時00分02秒     all      0.90      0.01      0.17      0.01      0.03     98.89
08時00分02秒     all      0.38      0.01      0.09      0.00      0.03     99.50
平均値:      all      0.56      0.01      0.11      0.01      0.03     99.28

-------------------- Logged in user --------------------


==================== 2018-09-11 11:55:01 ====================

-------------------- uptime --------------------
 11:55:01 up 432 days, 44 min,  0 users,  load average: 0.00, 0.01, 0.05

-------------------- System info --------------------
Linux sakura-tokyo-prod 3.10.0-514.26.2.el7.x86_64 #1 SMP Tue Jul 4 15:04:05 UTC 2017 x86_64 x86_64 x86_64 GNU/Linux

-------------------- Storage usage --------------------
ファイルシス   サイズ  使用  残り 使用% マウント位置
/dev/vda4         96G  6.9G   89G    8% /
devtmpfs         2.0G     0  2.0G    0% /dev
tmpfs            2.0G     0  2.0G    0% /dev/shm
tmpfs            2.0G  1.2G  749M   63% /run
tmpfs            2.0G     0  2.0G    0% /sys/fs/cgroup
/dev/vda2        497M  219M  279M   44% /boot
tmpfs            396M     0  396M    0% /run/user/0
tmpfs            396M     0  396M    0% /run/user/1001

-------------------- System load --------------------
Linux 3.10.0-514.26.2.el7.x86_64 (sakura-tokyo-prod) 	2018年09月11日 	_x86_64_	(4 CPU)

00時00分03秒     CPU     %user     %nice   %system   %iowait    %steal     %idle
01時00分02秒     all      0.37      0.01      0.09      0.00      0.03     99.50
02時00分02秒     all      1.49      0.01      0.25      0.02      0.03     98.21
03時00分03秒     all      0.87      0.01      0.16      0.01      0.04     98.92
04時00分02秒     all      0.08      0.01      0.04      0.00      0.03     99.84
05時00分02秒     all      0.34      0.01      0.09      0.00      0.03     99.53
06時00分02秒     all      0.08      0.01      0.04      0.00      0.02     99.85
07時00分02秒     all      0.90      0.01      0.17      0.01      0.03     98.89
08時00分02秒     all      0.38      0.01      0.09      0.00      0.03     99.50
09時00分02秒     all      0.62      0.01      0.12      0.01      0.03     99.22
10時00分02秒     all      0.09      0.01      0.04      0.00      0.03     99.84
11時00分02秒     all      0.65      0.01      0.13      0.01      0.05     99.16
平均値:      all      0.53      0.01      0.11      0.01      0.03     99.31

-------------------- Logged in user --------------------


==================== 2018-09-11 14:55:01 ====================

-------------------- uptime --------------------
 14:55:01 up 432 days,  3:44,  0 users,  load average: 0.00, 0.02, 0.05

-------------------- System info --------------------
Linux sakura-tokyo-prod 3.10.0-514.26.2.el7.x86_64 #1 SMP Tue Jul 4 15:04:05 UTC 2017 x86_64 x86_64 x86_64 GNU/Linux

-------------------- Storage usage --------------------
ファイルシス   サイズ  使用  残り 使用% マウント位置
/dev/vda4         96G  6.9G   89G    8% /
devtmpfs         2.0G     0  2.0G    0% /dev
tmpfs            2.0G     0  2.0G    0% /dev/shm
tmpfs            2.0G  1.2G  748M   63% /run
tmpfs            2.0G     0  2.0G    0% /sys/fs/cgroup
/dev/vda2        497M  219M  279M   44% /boot
tmpfs            396M     0  396M    0% /run/user/0
tmpfs            396M     0  396M    0% /run/user/1001

-------------------- System load --------------------
Linux 3.10.0-514.26.2.el7.x86_64 (sakura-tokyo-prod) 	2018年09月11日 	_x86_64_	(4 CPU)

00時00分03秒     CPU     %user     %nice   %system   %iowait    %steal     %idle
01時00分02秒     all      0.37      0.01      0.09      0.00      0.03     99.50
02時00分02秒     all      1.49      0.01      0.25      0.02      0.03     98.21
03時00分03秒     all      0.87      0.01      0.16      0.01      0.04     98.92
04時00分02秒     all      0.08      0.01      0.04      0.00      0.03     99.84
05時00分02秒     all      0.34      0.01      0.09      0.00      0.03     99.53
06時00分02秒     all      0.08      0.01      0.04      0.00      0.02     99.85
07時00分02秒     all      0.90      0.01      0.17      0.01      0.03     98.89
08時00分02秒     all      0.38      0.01      0.09      0.00      0.03     99.50
09時00分02秒     all      0.62      0.01      0.12      0.01      0.03     99.22
10時00分02秒     all      0.09      0.01      0.04      0.00      0.03     99.84
11時00分02秒     all      0.65      0.01      0.13      0.01      0.05     99.16
12時00分03秒     all      0.36      0.01      0.09      0.00      0.04     99.50
13時00分02秒     all      0.65      0.01      0.14      0.01      0.04     99.15
14時00分02秒     all      0.09      0.01      0.06      0.00      0.03     99.81
平均値:      all      0.50      0.01      0.11      0.01      0.03     99.35

-------------------- Logged in user --------------------


==================== 2018-09-11 17:55:01 ====================

-------------------- uptime --------------------
 17:55:01 up 432 days,  6:44,  0 users,  load average: 0.01, 0.02, 0.05

-------------------- System info --------------------
Linux sakura-tokyo-prod 3.10.0-514.26.2.el7.x86_64 #1 SMP Tue Jul 4 15:04:05 UTC 2017 x86_64 x86_64 x86_64 GNU/Linux

-------------------- Storage usage --------------------
ファイルシス   サイズ  使用  残り 使用% マウント位置
/dev/vda4         96G  6.9G   89G    8% /
devtmpfs         2.0G     0  2.0G    0% /dev
tmpfs            2.0G     0  2.0G    0% /dev/shm
tmpfs            2.0G  1.2G  748M   63% /run
tmpfs            2.0G     0  2.0G    0% /sys/fs/cgroup
/dev/vda2        497M  219M  279M   44% /boot
tmpfs            396M     0  396M    0% /run/user/0
tmpfs            396M     0  396M    0% /run/user/1001

-------------------- System load --------------------
Linux 3.10.0-514.26.2.el7.x86_64 (sakura-tokyo-prod) 	2018年09月11日 	_x86_64_	(4 CPU)

00時00分03秒     CPU     %user     %nice   %system   %iowait    %steal     %idle
01時00分02秒     all      0.37      0.01      0.09      0.00      0.03     99.50
02時00分02秒     all      1.49      0.01      0.25      0.02      0.03     98.21
03時00分03秒     all      0.87      0.01      0.16      0.01      0.04     98.92
04時00分02秒     all      0.08      0.01      0.04      0.00      0.03     99.84
05時00分02秒     all      0.34      0.01      0.09      0.00      0.03     99.53
06時00分02秒     all      0.08      0.01      0.04      0.00      0.02     99.85
07時00分02秒     all      0.90      0.01      0.17      0.01      0.03     98.89
08時00分02秒     all      0.38      0.01      0.09      0.00      0.03     99.50
09時00分02秒     all      0.62      0.01      0.12      0.01      0.03     99.22
10時00分02秒     all      0.09      0.01      0.04      0.00      0.03     99.84
11時00分02秒     all      0.65      0.01      0.13      0.01      0.05     99.16
12時00分03秒     all      0.36      0.01      0.09      0.00      0.04     99.50
13時00分02秒     all      0.65      0.01      0.14      0.01      0.04     99.15
14時00分02秒     all      0.09      0.01      0.06      0.00      0.03     99.81
15時00分02秒     all      0.35      0.01      0.09      0.00      0.04     99.51
16時00分02秒     all      0.15      0.01      0.05      0.00      0.04     99.75
17時00分02秒     all      0.36      0.01      0.08      0.00      0.03     99.51
平均値:      all      0.46      0.01      0.10      0.00      0.03     99.39

-------------------- Logged in user --------------------


==================== 2018-09-11 20:55:02 ====================

-------------------- uptime --------------------
 20:55:02 up 432 days,  9:44,  0 users,  load average: 0.00, 0.03, 0.05

-------------------- System info --------------------
Linux sakura-tokyo-prod 3.10.0-514.26.2.el7.x86_64 #1 SMP Tue Jul 4 15:04:05 UTC 2017 x86_64 x86_64 x86_64 GNU/Linux

-------------------- Storage usage --------------------
ファイルシス   サイズ  使用  残り 使用% マウント位置
/dev/vda4         96G  6.9G   89G    8% /
devtmpfs         2.0G     0  2.0G    0% /dev
tmpfs            2.0G     0  2.0G    0% /dev/shm
tmpfs            2.0G  1.2G  748M   63% /run
tmpfs            2.0G     0  2.0G    0% /sys/fs/cgroup
/dev/vda2        497M  219M  279M   44% /boot
tmpfs            396M     0  396M    0% /run/user/0
tmpfs            396M     0  396M    0% /run/user/1001

-------------------- System load --------------------
Linux 3.10.0-514.26.2.el7.x86_64 (sakura-tokyo-prod) 	2018年09月11日 	_x86_64_	(4 CPU)

00時00分03秒     CPU     %user     %nice   %system   %iowait    %steal     %idle
01時00分02秒     all      0.37      0.01      0.09      0.00      0.03     99.50
02時00分02秒     all      1.49      0.01      0.25      0.02      0.03     98.21
03時00分03秒     all      0.87      0.01      0.16      0.01      0.04     98.92
04時00分02秒     all      0.08      0.01      0.04      0.00      0.03     99.84
05時00分02秒     all      0.34      0.01      0.09      0.00      0.03     99.53
06時00分02秒     all      0.08      0.01      0.04      0.00      0.02     99.85
07時00分02秒     all      0.90      0.01      0.17      0.01      0.03     98.89
08時00分02秒     all      0.38      0.01      0.09      0.00      0.03     99.50
09時00分02秒     all      0.62      0.01      0.12      0.01      0.03     99.22
10時00分02秒     all      0.09      0.01      0.04      0.00      0.03     99.84
11時00分02秒     all      0.65      0.01      0.13      0.01      0.05     99.16
12時00分03秒     all      0.36      0.01      0.09      0.00      0.04     99.50
13時00分02秒     all      0.65      0.01      0.14      0.01      0.04     99.15
14時00分02秒     all      0.09      0.01      0.06      0.00      0.03     99.81
15時00分02秒     all      0.35      0.01      0.09      0.00      0.04     99.51
16時00分02秒     all      0.15      0.01      0.05      0.00      0.04     99.75
17時00分02秒     all      0.36      0.01      0.08      0.00      0.03     99.51
18時00分02秒     all      0.35      0.01      0.09      0.00      0.04     99.51
19時00分02秒     all      0.63      0.01      0.14      0.01      0.04     99.18
20時00分02秒     all      0.09      0.01      0.04      0.00      0.03     99.83
平均値:      all      0.44      0.01      0.10      0.00      0.03     99.41

-------------------- Logged in user --------------------


