==================== 2018-09-12 02:55:01 ====================

-------------------- uptime --------------------
 02:55:01 up 432 days, 15:44,  1 user,  load average: 0.00, 0.03, 0.05

-------------------- System info --------------------
Linux sakura-tokyo-prod 3.10.0-514.26.2.el7.x86_64 #1 SMP Tue Jul 4 15:04:05 UTC 2017 x86_64 x86_64 x86_64 GNU/Linux

-------------------- Storage usage --------------------
ファイルシス   サイズ  使用  残り 使用% マウント位置
/dev/vda4         96G  6.9G   89G    8% /
devtmpfs         2.0G     0  2.0G    0% /dev
tmpfs            2.0G     0  2.0G    0% /dev/shm
tmpfs            2.0G  1.2G  748M   63% /run
tmpfs            2.0G     0  2.0G    0% /sys/fs/cgroup
/dev/vda2        497M  219M  279M   44% /boot
tmpfs            396M     0  396M    0% /run/user/0
tmpfs            396M     0  396M    0% /run/user/1001

-------------------- System load --------------------
Linux 3.10.0-514.26.2.el7.x86_64 (sakura-tokyo-prod) 	2018年09月12日 	_x86_64_	(4 CPU)

00時00分02秒     CPU     %user     %nice   %system   %iowait    %steal     %idle
01時00分02秒     all      0.64      0.01      0.13      0.01      0.04     99.18
02時00分02秒     all      1.16      0.01      0.20      0.01      0.04     98.57
平均値:      all      0.90      0.01      0.17      0.01      0.04     98.87

-------------------- Logged in user --------------------
k9c0fc6f 2018-09-11 22:02

==================== 2018-09-12 05:55:01 ====================

-------------------- uptime --------------------
 05:55:01 up 432 days, 18:44,  1 user,  load average: 0.01, 0.07, 0.06

-------------------- System info --------------------
Linux sakura-tokyo-prod 3.10.0-514.26.2.el7.x86_64 #1 SMP Tue Jul 4 15:04:05 UTC 2017 x86_64 x86_64 x86_64 GNU/Linux

-------------------- Storage usage --------------------
ファイルシス   サイズ  使用  残り 使用% マウント位置
/dev/vda4         96G  6.9G   89G    8% /
devtmpfs         2.0G     0  2.0G    0% /dev
tmpfs            2.0G     0  2.0G    0% /dev/shm
tmpfs            2.0G  1.2G  748M   63% /run
tmpfs            2.0G     0  2.0G    0% /sys/fs/cgroup
/dev/vda2        497M  219M  279M   44% /boot
tmpfs            396M     0  396M    0% /run/user/0
tmpfs            396M     0  396M    0% /run/user/1001

-------------------- System load --------------------
Linux 3.10.0-514.26.2.el7.x86_64 (sakura-tokyo-prod) 	2018年09月12日 	_x86_64_	(4 CPU)

00時00分02秒     CPU     %user     %nice   %system   %iowait    %steal     %idle
01時00分02秒     all      0.64      0.01      0.13      0.01      0.04     99.18
02時00分02秒     all      1.16      0.01      0.20      0.01      0.04     98.57
03時00分02秒     all      0.36      0.01      0.09      0.00      0.04     99.51
04時00分02秒     all      0.35      0.01      0.08      0.00      0.05     99.52
05時00分02秒     all      0.63      0.01      0.13      0.01      0.06     99.17
平均値:      all      0.63      0.01      0.12      0.01      0.05     99.19

-------------------- Logged in user --------------------
k52413e7 2018-09-11 22:02

==================== 2018-09-12 08:55:01 ====================

-------------------- uptime --------------------
 08:55:01 up 432 days, 21:44,  1 user,  load average: 0.00, 0.04, 0.05

-------------------- System info --------------------
Linux sakura-tokyo-prod 3.10.0-514.26.2.el7.x86_64 #1 SMP Tue Jul 4 15:04:05 UTC 2017 x86_64 x86_64 x86_64 GNU/Linux

-------------------- Storage usage --------------------
ファイルシス   サイズ  使用  残り 使用% マウント位置
/dev/vda4         96G  6.9G   89G    8% /
devtmpfs         2.0G     0  2.0G    0% /dev
tmpfs            2.0G     0  2.0G    0% /dev/shm
tmpfs            2.0G  1.2G  748M   63% /run
tmpfs            2.0G     0  2.0G    0% /sys/fs/cgroup
/dev/vda2        497M  219M  279M   44% /boot
tmpfs            396M     0  396M    0% /run/user/0
tmpfs            396M     0  396M    0% /run/user/1001

-------------------- System load --------------------
Linux 3.10.0-514.26.2.el7.x86_64 (sakura-tokyo-prod) 	2018年09月12日 	_x86_64_	(4 CPU)

00時00分02秒     CPU     %user     %nice   %system   %iowait    %steal     %idle
01時00分02秒     all      0.64      0.01      0.13      0.01      0.04     99.18
02時00分02秒     all      1.16      0.01      0.20      0.01      0.04     98.57
03時00分02秒     all      0.36      0.01      0.09      0.00      0.04     99.51
04時00分02秒     all      0.35      0.01      0.08      0.00      0.05     99.52
05時00分02秒     all      0.63      0.01      0.13      0.01      0.06     99.17
06時00分03秒     all      0.35      0.01      0.08      0.00      0.04     99.51
07時00分02秒     all      0.37      0.01      0.08      0.00      0.04     99.50
08時00分02秒     all      0.35      0.01      0.08      0.00      0.04     99.52
平均値:      all      0.53      0.01      0.11      0.01      0.04     99.31

-------------------- Logged in user --------------------
keb60d0e 2018-09-11 22:02

==================== 2018-09-12 11:55:01 ====================

-------------------- uptime --------------------
 11:55:01 up 433 days, 44 min,  1 user,  load average: 0.00, 0.01, 0.05

-------------------- System info --------------------
Linux sakura-tokyo-prod 3.10.0-514.26.2.el7.x86_64 #1 SMP Tue Jul 4 15:04:05 UTC 2017 x86_64 x86_64 x86_64 GNU/Linux

-------------------- Storage usage --------------------
ファイルシス   サイズ  使用  残り 使用% マウント位置
/dev/vda4         96G  6.9G   89G    8% /
devtmpfs         2.0G     0  2.0G    0% /dev
tmpfs            2.0G     0  2.0G    0% /dev/shm
tmpfs            2.0G  1.2G  748M   63% /run
tmpfs            2.0G     0  2.0G    0% /sys/fs/cgroup
/dev/vda2        497M  219M  279M   44% /boot
tmpfs            396M     0  396M    0% /run/user/0
tmpfs            396M     0  396M    0% /run/user/1001

-------------------- System load --------------------
Linux 3.10.0-514.26.2.el7.x86_64 (sakura-tokyo-prod) 	2018年09月12日 	_x86_64_	(4 CPU)

00時00分02秒     CPU     %user     %nice   %system   %iowait    %steal     %idle
01時00分02秒     all      0.64      0.01      0.13      0.01      0.04     99.18
02時00分02秒     all      1.16      0.01      0.20      0.01      0.04     98.57
03時00分02秒     all      0.36      0.01      0.09      0.00      0.04     99.51
04時00分02秒     all      0.35      0.01      0.08      0.00      0.05     99.52
05時00分02秒     all      0.63      0.01      0.13      0.01      0.06     99.17
06時00分03秒     all      0.35      0.01      0.08      0.00      0.04     99.51
07時00分02秒     all      0.37      0.01      0.08      0.00      0.04     99.50
08時00分02秒     all      0.35      0.01      0.08      0.00      0.04     99.52
09時00分02秒     all      0.35      0.01      0.08      0.00      0.04     99.52
10時00分02秒     all      0.12      0.01      0.05      0.00      0.04     99.78
11時00分02秒     all      0.63      0.01      0.13      0.01      0.04     99.18
平均値:      all      0.48      0.01      0.10      0.01      0.04     99.36

-------------------- Logged in user --------------------
k6aacfba 2018-09-11 22:02

==================== 2018-09-12 14:55:01 ====================

-------------------- uptime --------------------
 14:55:01 up 433 days,  3:44,  1 user,  load average: 0.00, 0.04, 0.05

-------------------- System info --------------------
Linux sakura-tokyo-prod 3.10.0-514.26.2.el7.x86_64 #1 SMP Tue Jul 4 15:04:05 UTC 2017 x86_64 x86_64 x86_64 GNU/Linux

-------------------- Storage usage --------------------
ファイルシス   サイズ  使用  残り 使用% マウント位置
/dev/vda4         96G  6.9G   89G    8% /
devtmpfs         2.0G     0  2.0G    0% /dev
tmpfs            2.0G     0  2.0G    0% /dev/shm
tmpfs            2.0G  1.3G  748M   63% /run
tmpfs            2.0G     0  2.0G    0% /sys/fs/cgroup
/dev/vda2        497M  219M  279M   44% /boot
tmpfs            396M     0  396M    0% /run/user/0
tmpfs            396M     0  396M    0% /run/user/1001

-------------------- System load --------------------
Linux 3.10.0-514.26.2.el7.x86_64 (sakura-tokyo-prod) 	2018年09月12日 	_x86_64_	(4 CPU)

00時00分02秒     CPU     %user     %nice   %system   %iowait    %steal     %idle
01時00分02秒     all      0.64      0.01      0.13      0.01      0.04     99.18
02時00分02秒     all      1.16      0.01      0.20      0.01      0.04     98.57
03時00分02秒     all      0.36      0.01      0.09      0.00      0.04     99.51
04時00分02秒     all      0.35      0.01      0.08      0.00      0.05     99.52
05時00分02秒     all      0.63      0.01      0.13      0.01      0.06     99.17
06時00分03秒     all      0.35      0.01      0.08      0.00      0.04     99.51
07時00分02秒     all      0.37      0.01      0.08      0.00      0.04     99.50
08時00分02秒     all      0.35      0.01      0.08      0.00      0.04     99.52
09時00分02秒     all      0.35      0.01      0.08      0.00      0.04     99.52
10時00分02秒     all      0.12      0.01      0.05      0.00      0.04     99.78
11時00分02秒     all      0.63      0.01      0.13      0.01      0.04     99.18
12時00分03秒     all      0.20      0.01      0.07      0.00      0.04     99.69
13時00分02秒     all      0.53      0.01      0.11      0.00      0.06     99.28
14時00分02秒     all      0.72      0.01      0.15      0.01      0.06     99.06
平均値:      all      0.48      0.01      0.10      0.00      0.04     99.36

-------------------- Logged in user --------------------
k32a08fd 2018-09-11 22:02

