==================== 2018-09-13 02:55:02 ====================

-------------------- uptime --------------------
 02:55:02 up 433 days, 15:44,  2 users,  load average: 0.00, 0.03, 0.05

-------------------- System info --------------------
Linux sakura-tokyo-prod 3.10.0-514.26.2.el7.x86_64 #1 SMP Tue Jul 4 15:04:05 UTC 2017 x86_64 x86_64 x86_64 GNU/Linux

-------------------- Storage usage --------------------
ファイルシス   サイズ  使用  残り 使用% マウント位置
/dev/vda4         96G  6.9G   89G    8% /
devtmpfs         2.0G     0  2.0G    0% /dev
tmpfs            2.0G     0  2.0G    0% /dev/shm
tmpfs            2.0G  1.3G  747M   63% /run
tmpfs            2.0G     0  2.0G    0% /sys/fs/cgroup
/dev/vda2        497M  219M  279M   44% /boot
tmpfs            396M     0  396M    0% /run/user/0
tmpfs            396M     0  396M    0% /run/user/1001

-------------------- System load --------------------
Linux 3.10.0-514.26.2.el7.x86_64 (sakura-tokyo-prod) 	2018年09月13日 	_x86_64_	(4 CPU)

00時00分02秒     CPU     %user     %nice   %system   %iowait    %steal     %idle
01時00分02秒     all      1.31      0.01      0.23      0.02      0.04     98.40
02時00分02秒     all      0.95      0.01      0.19      0.01      0.04     98.80
平均値:      all      1.13      0.01      0.21      0.01      0.04     98.60

-------------------- Logged in user --------------------
ke3f3f96 2018-09-11 22:02
kcf4c6e2 2018-09-13 02:06

==================== 2018-09-13 05:55:01 ====================

-------------------- uptime --------------------
 05:55:01 up 433 days, 18:44,  1 user,  load average: 0.00, 0.01, 0.05

-------------------- System info --------------------
Linux sakura-tokyo-prod 3.10.0-514.26.2.el7.x86_64 #1 SMP Tue Jul 4 15:04:05 UTC 2017 x86_64 x86_64 x86_64 GNU/Linux

-------------------- Storage usage --------------------
ファイルシス   サイズ  使用  残り 使用% マウント位置
/dev/vda4         96G  6.9G   89G    8% /
devtmpfs         2.0G     0  2.0G    0% /dev
tmpfs            2.0G     0  2.0G    0% /dev/shm
tmpfs            2.0G  1.3G  747M   63% /run
tmpfs            2.0G     0  2.0G    0% /sys/fs/cgroup
/dev/vda2        497M  219M  279M   44% /boot
tmpfs            396M     0  396M    0% /run/user/0
tmpfs            396M     0  396M    0% /run/user/1001

-------------------- System load --------------------
Linux 3.10.0-514.26.2.el7.x86_64 (sakura-tokyo-prod) 	2018年09月13日 	_x86_64_	(4 CPU)

00時00分02秒     CPU     %user     %nice   %system   %iowait    %steal     %idle
01時00分02秒     all      1.31      0.01      0.23      0.02      0.04     98.40
02時00分02秒     all      0.95      0.01      0.19      0.01      0.04     98.80
03時00分02秒     all      1.90      0.01      0.32      0.03      0.05     97.71
04時00分02秒     all      0.81      0.01      0.17      0.01      0.04     98.96
05時00分02秒     all      0.61      0.01      0.13      0.01      0.04     99.20
平均値:      all      1.12      0.01      0.21      0.01      0.04     98.61

-------------------- Logged in user --------------------
k00cd567 2018-09-11 22:02

==================== 2018-09-13 08:55:01 ====================

-------------------- uptime --------------------
 08:55:01 up 433 days, 21:44,  1 user,  load average: 0.00, 0.04, 0.05

-------------------- System info --------------------
Linux sakura-tokyo-prod 3.10.0-514.26.2.el7.x86_64 #1 SMP Tue Jul 4 15:04:05 UTC 2017 x86_64 x86_64 x86_64 GNU/Linux

-------------------- Storage usage --------------------
ファイルシス   サイズ  使用  残り 使用% マウント位置
/dev/vda4         96G  6.9G   89G    8% /
devtmpfs         2.0G     0  2.0G    0% /dev
tmpfs            2.0G     0  2.0G    0% /dev/shm
tmpfs            2.0G  1.3G  747M   63% /run
tmpfs            2.0G     0  2.0G    0% /sys/fs/cgroup
/dev/vda2        497M  219M  279M   44% /boot
tmpfs            396M     0  396M    0% /run/user/0
tmpfs            396M     0  396M    0% /run/user/1001

-------------------- System load --------------------
Linux 3.10.0-514.26.2.el7.x86_64 (sakura-tokyo-prod) 	2018年09月13日 	_x86_64_	(4 CPU)

00時00分02秒     CPU     %user     %nice   %system   %iowait    %steal     %idle
01時00分02秒     all      1.31      0.01      0.23      0.02      0.04     98.40
02時00分02秒     all      0.95      0.01      0.19      0.01      0.04     98.80
03時00分02秒     all      1.90      0.01      0.32      0.03      0.05     97.71
04時00分02秒     all      0.81      0.01      0.17      0.01      0.04     98.96
05時00分02秒     all      0.61      0.01      0.13      0.01      0.04     99.20
06時00分02秒     all      0.09      0.01      0.05      0.00      0.04     99.81
07時00分02秒     all      0.76      0.01      0.16      0.01      0.05     99.01
08時00分02秒     all      0.38      0.01      0.08      0.00      0.06     99.46
平均値:      all      0.85      0.01      0.17      0.01      0.05     98.92

-------------------- Logged in user --------------------
k8b8177b 2018-09-11 22:02

==================== 2018-09-13 11:55:01 ====================

-------------------- uptime --------------------
 11:55:01 up 434 days, 44 min,  1 user,  load average: 0.00, 0.01, 0.05

-------------------- System info --------------------
Linux sakura-tokyo-prod 3.10.0-514.26.2.el7.x86_64 #1 SMP Tue Jul 4 15:04:05 UTC 2017 x86_64 x86_64 x86_64 GNU/Linux

-------------------- Storage usage --------------------
ファイルシス   サイズ  使用  残り 使用% マウント位置
/dev/vda4         96G  6.9G   89G    8% /
devtmpfs         2.0G     0  2.0G    0% /dev
tmpfs            2.0G     0  2.0G    0% /dev/shm
tmpfs            2.0G  1.3G  747M   63% /run
tmpfs            2.0G     0  2.0G    0% /sys/fs/cgroup
/dev/vda2        497M  219M  279M   44% /boot
tmpfs            396M     0  396M    0% /run/user/0
tmpfs            396M     0  396M    0% /run/user/1001

-------------------- System load --------------------
Linux 3.10.0-514.26.2.el7.x86_64 (sakura-tokyo-prod) 	2018年09月13日 	_x86_64_	(4 CPU)

00時00分02秒     CPU     %user     %nice   %system   %iowait    %steal     %idle
01時00分02秒     all      1.31      0.01      0.23      0.02      0.04     98.40
02時00分02秒     all      0.95      0.01      0.19      0.01      0.04     98.80
03時00分02秒     all      1.90      0.01      0.32      0.03      0.05     97.71
04時00分02秒     all      0.81      0.01      0.17      0.01      0.04     98.96
05時00分02秒     all      0.61      0.01      0.13      0.01      0.04     99.20
06時00分02秒     all      0.09      0.01      0.05      0.00      0.04     99.81
07時00分02秒     all      0.76      0.01      0.16      0.01      0.05     99.01
08時00分02秒     all      0.38      0.01      0.08      0.00      0.06     99.46
09時00分02秒     all      0.61      0.01      0.13      0.01      0.05     99.19
10時00分03秒     all      0.37      0.01      0.09      0.00      0.05     99.48
11時00分02秒     all      1.63      0.01      0.28      0.01      0.08     97.98
平均値:      all      0.86      0.01      0.17      0.01      0.05     98.91

-------------------- Logged in user --------------------
k04b6382 2018-09-11 22:02

==================== 2018-09-13 14:55:01 ====================

-------------------- uptime --------------------
 14:55:01 up 434 days,  3:44,  0 users,  load average: 0.00, 0.03, 0.05

-------------------- System info --------------------
Linux sakura-tokyo-prod 3.10.0-514.26.2.el7.x86_64 #1 SMP Tue Jul 4 15:04:05 UTC 2017 x86_64 x86_64 x86_64 GNU/Linux

-------------------- Storage usage --------------------
ファイルシス   サイズ  使用  残り 使用% マウント位置
/dev/vda4         96G  6.9G   89G    8% /
devtmpfs         2.0G     0  2.0G    0% /dev
tmpfs            2.0G     0  2.0G    0% /dev/shm
tmpfs            2.0G  1.3G  747M   63% /run
tmpfs            2.0G     0  2.0G    0% /sys/fs/cgroup
/dev/vda2        497M  219M  279M   44% /boot
tmpfs            396M     0  396M    0% /run/user/0
tmpfs            396M     0  396M    0% /run/user/1001

-------------------- System load --------------------
Linux 3.10.0-514.26.2.el7.x86_64 (sakura-tokyo-prod) 	2018年09月13日 	_x86_64_	(4 CPU)

00時00分02秒     CPU     %user     %nice   %system   %iowait    %steal     %idle
01時00分02秒     all      1.31      0.01      0.23      0.02      0.04     98.40
02時00分02秒     all      0.95      0.01      0.19      0.01      0.04     98.80
03時00分02秒     all      1.90      0.01      0.32      0.03      0.05     97.71
04時00分02秒     all      0.81      0.01      0.17      0.01      0.04     98.96
05時00分02秒     all      0.61      0.01      0.13      0.01      0.04     99.20
06時00分02秒     all      0.09      0.01      0.05      0.00      0.04     99.81
07時00分02秒     all      0.76      0.01      0.16      0.01      0.05     99.01
08時00分02秒     all      0.38      0.01      0.08      0.00      0.06     99.46
09時00分02秒     all      0.61      0.01      0.13      0.01      0.05     99.19
10時00分03秒     all      0.37      0.01      0.09      0.00      0.05     99.48
11時00分02秒     all      1.63      0.01      0.28      0.01      0.08     97.98
12時00分02秒     all      0.37      0.01      0.10      0.00      0.06     99.46
13時00分03秒     all      0.37      0.01      0.09      0.00      0.05     99.47
14時00分03秒     all      0.09      0.01      0.04      0.00      0.05     99.80
平均値:      all      0.73      0.01      0.15      0.01      0.05     99.05

-------------------- Logged in user --------------------


==================== 2018-09-13 17:55:01 ====================

-------------------- uptime --------------------
 17:55:01 up 434 days,  6:44,  0 users,  load average: 0.20, 0.09, 0.07

-------------------- System info --------------------
Linux sakura-tokyo-prod 3.10.0-514.26.2.el7.x86_64 #1 SMP Tue Jul 4 15:04:05 UTC 2017 x86_64 x86_64 x86_64 GNU/Linux

-------------------- Storage usage --------------------
ファイルシス   サイズ  使用  残り 使用% マウント位置
/dev/vda4         96G  6.9G   89G    8% /
devtmpfs         2.0G     0  2.0G    0% /dev
tmpfs            2.0G     0  2.0G    0% /dev/shm
tmpfs            2.0G  1.3G  747M   63% /run
tmpfs            2.0G     0  2.0G    0% /sys/fs/cgroup
/dev/vda2        497M  219M  279M   44% /boot
tmpfs            396M     0  396M    0% /run/user/0
tmpfs            396M     0  396M    0% /run/user/1001

-------------------- System load --------------------
Linux 3.10.0-514.26.2.el7.x86_64 (sakura-tokyo-prod) 	2018年09月13日 	_x86_64_	(4 CPU)

00時00分02秒     CPU     %user     %nice   %system   %iowait    %steal     %idle
01時00分02秒     all      1.31      0.01      0.23      0.02      0.04     98.40
02時00分02秒     all      0.95      0.01      0.19      0.01      0.04     98.80
03時00分02秒     all      1.90      0.01      0.32      0.03      0.05     97.71
04時00分02秒     all      0.81      0.01      0.17      0.01      0.04     98.96
05時00分02秒     all      0.61      0.01      0.13      0.01      0.04     99.20
06時00分02秒     all      0.09      0.01      0.05      0.00      0.04     99.81
07時00分02秒     all      0.76      0.01      0.16      0.01      0.05     99.01
08時00分02秒     all      0.38      0.01      0.08      0.00      0.06     99.46
09時00分02秒     all      0.61      0.01      0.13      0.01      0.05     99.19
10時00分03秒     all      0.37      0.01      0.09      0.00      0.05     99.48
11時00分02秒     all      1.63      0.01      0.28      0.01      0.08     97.98
12時00分02秒     all      0.37      0.01      0.10      0.00      0.06     99.46
13時00分03秒     all      0.37      0.01      0.09      0.00      0.05     99.47
14時00分03秒     all      0.09      0.01      0.04      0.00      0.05     99.80
15時00分03秒     all      0.62      0.01      0.12      0.01      0.06     99.19
16時00分03秒     all      0.36      0.01      0.09      0.00      0.06     99.49
17時00分01秒     all      0.35      0.01      0.09      0.00      0.05     99.49
平均値:      all      0.68      0.01      0.14      0.01      0.05     99.11

-------------------- Logged in user --------------------


==================== 2018-09-13 20:55:01 ====================

-------------------- uptime --------------------
 20:55:01 up 434 days,  9:44,  0 users,  load average: 0.08, 0.11, 0.11

-------------------- System info --------------------
Linux sakura-tokyo-prod 3.10.0-514.26.2.el7.x86_64 #1 SMP Tue Jul 4 15:04:05 UTC 2017 x86_64 x86_64 x86_64 GNU/Linux

-------------------- Storage usage --------------------
ファイルシス   サイズ  使用  残り 使用% マウント位置
/dev/vda4         96G  6.9G   89G    8% /
devtmpfs         2.0G     0  2.0G    0% /dev
tmpfs            2.0G     0  2.0G    0% /dev/shm
tmpfs            2.0G  1.3G  746M   63% /run
tmpfs            2.0G     0  2.0G    0% /sys/fs/cgroup
/dev/vda2        497M  219M  279M   44% /boot
tmpfs            396M     0  396M    0% /run/user/0
tmpfs            396M     0  396M    0% /run/user/1001

-------------------- System load --------------------
Linux 3.10.0-514.26.2.el7.x86_64 (sakura-tokyo-prod) 	2018年09月13日 	_x86_64_	(4 CPU)

00時00分02秒     CPU     %user     %nice   %system   %iowait    %steal     %idle
01時00分02秒     all      1.31      0.01      0.23      0.02      0.04     98.40
02時00分02秒     all      0.95      0.01      0.19      0.01      0.04     98.80
03時00分02秒     all      1.90      0.01      0.32      0.03      0.05     97.71
04時00分02秒     all      0.81      0.01      0.17      0.01      0.04     98.96
05時00分02秒     all      0.61      0.01      0.13      0.01      0.04     99.20
06時00分02秒     all      0.09      0.01      0.05      0.00      0.04     99.81
07時00分02秒     all      0.76      0.01      0.16      0.01      0.05     99.01
08時00分02秒     all      0.38      0.01      0.08      0.00      0.06     99.46
09時00分02秒     all      0.61      0.01      0.13      0.01      0.05     99.19
10時00分03秒     all      0.37      0.01      0.09      0.00      0.05     99.48
11時00分02秒     all      1.63      0.01      0.28      0.01      0.08     97.98
12時00分02秒     all      0.37      0.01      0.10      0.00      0.06     99.46
13時00分03秒     all      0.37      0.01      0.09      0.00      0.05     99.47
14時00分03秒     all      0.09      0.01      0.04      0.00      0.05     99.80
15時00分03秒     all      0.62      0.01      0.12      0.01      0.06     99.19
16時00分03秒     all      0.36      0.01      0.09      0.00      0.06     99.49
17時00分01秒     all      0.35      0.01      0.09      0.00      0.05     99.49
18時00分02秒     all      0.56      0.03      0.09      0.00      0.07     99.25
19時00分02秒     all      1.26      0.01      0.20      0.01      0.08     98.44
20時00分02秒     all      0.09      0.01      0.04      0.00      0.04     99.82
平均値:      all      0.67      0.01      0.13      0.01      0.05     99.12

-------------------- Logged in user --------------------


