==================== 2018-09-16 02:55:01 ====================

-------------------- uptime --------------------
 02:55:02 up 436 days, 15:44,  0 users,  load average: 0.00, 0.02, 0.05

-------------------- System info --------------------
Linux sakura-tokyo-prod 3.10.0-514.26.2.el7.x86_64 #1 SMP Tue Jul 4 15:04:05 UTC 2017 x86_64 x86_64 x86_64 GNU/Linux

-------------------- Storage usage --------------------
ファイルシス   サイズ  使用  残り 使用% マウント位置
/dev/vda4         96G  6.9G   89G    8% /
devtmpfs         2.0G     0  2.0G    0% /dev
tmpfs            2.0G     0  2.0G    0% /dev/shm
tmpfs            2.0G  1.3G  737M   63% /run
tmpfs            2.0G     0  2.0G    0% /sys/fs/cgroup
/dev/vda2        497M  219M  279M   44% /boot
tmpfs            396M     0  396M    0% /run/user/0
tmpfs            396M     0  396M    0% /run/user/1001

-------------------- System load --------------------
Linux 3.10.0-514.26.2.el7.x86_64 (sakura-tokyo-prod) 	2018年09月16日 	_x86_64_	(4 CPU)

00時00分02秒     CPU     %user     %nice   %system   %iowait    %steal     %idle
01時00分02秒     all      2.34      0.01      0.38      0.03      0.08     97.15
02時00分02秒     all      7.53      0.01      1.08      0.11      0.17     91.11
平均値:      all      4.93      0.01      0.73      0.07      0.13     94.13

-------------------- Logged in user --------------------


==================== 2018-09-16 05:55:02 ====================

-------------------- uptime --------------------
 05:55:02 up 436 days, 18:44,  0 users,  load average: 0.00, 0.01, 0.05

-------------------- System info --------------------
Linux sakura-tokyo-prod 3.10.0-514.26.2.el7.x86_64 #1 SMP Tue Jul 4 15:04:05 UTC 2017 x86_64 x86_64 x86_64 GNU/Linux

-------------------- Storage usage --------------------
ファイルシス   サイズ  使用  残り 使用% マウント位置
/dev/vda4         96G  6.9G   89G    8% /
devtmpfs         2.0G     0  2.0G    0% /dev
tmpfs            2.0G     0  2.0G    0% /dev/shm
tmpfs            2.0G  1.3G  736M   63% /run
tmpfs            2.0G     0  2.0G    0% /sys/fs/cgroup
/dev/vda2        497M  219M  279M   44% /boot
tmpfs            396M     0  396M    0% /run/user/0
tmpfs            396M     0  396M    0% /run/user/1001

-------------------- System load --------------------
Linux 3.10.0-514.26.2.el7.x86_64 (sakura-tokyo-prod) 	2018年09月16日 	_x86_64_	(4 CPU)

00時00分02秒     CPU     %user     %nice   %system   %iowait    %steal     %idle
01時00分02秒     all      2.34      0.01      0.38      0.03      0.08     97.15
02時00分02秒     all      7.53      0.01      1.08      0.11      0.17     91.11
03時00分02秒     all      2.75      0.01      0.41      0.04      0.10     96.70
04時00分02秒     all      3.54      0.01      0.54      0.06      0.13     95.74
05時00分02秒     all      0.88      0.01      0.16      0.01      0.06     98.87
平均値:      all      3.41      0.01      0.51      0.05      0.11     95.92

-------------------- Logged in user --------------------


==================== 2018-09-16 08:55:01 ====================

-------------------- uptime --------------------
 08:55:01 up 436 days, 21:44,  0 users,  load average: 0.00, 0.01, 0.05

-------------------- System info --------------------
Linux sakura-tokyo-prod 3.10.0-514.26.2.el7.x86_64 #1 SMP Tue Jul 4 15:04:05 UTC 2017 x86_64 x86_64 x86_64 GNU/Linux

-------------------- Storage usage --------------------
ファイルシス   サイズ  使用  残り 使用% マウント位置
/dev/vda4         96G  6.9G   89G    8% /
devtmpfs         2.0G     0  2.0G    0% /dev
tmpfs            2.0G     0  2.0G    0% /dev/shm
tmpfs            2.0G  1.3G  736M   63% /run
tmpfs            2.0G     0  2.0G    0% /sys/fs/cgroup
/dev/vda2        497M  219M  279M   44% /boot
tmpfs            396M     0  396M    0% /run/user/0
tmpfs            396M     0  396M    0% /run/user/1001

-------------------- System load --------------------
Linux 3.10.0-514.26.2.el7.x86_64 (sakura-tokyo-prod) 	2018年09月16日 	_x86_64_	(4 CPU)

00時00分02秒     CPU     %user     %nice   %system   %iowait    %steal     %idle
01時00分02秒     all      2.34      0.01      0.38      0.03      0.08     97.15
02時00分02秒     all      7.53      0.01      1.08      0.11      0.17     91.11
03時00分02秒     all      2.75      0.01      0.41      0.04      0.10     96.70
04時00分02秒     all      3.54      0.01      0.54      0.06      0.13     95.74
05時00分02秒     all      0.88      0.01      0.16      0.01      0.06     98.87
06時00分02秒     all      0.65      0.01      0.12      0.01      0.06     99.15
07時00分01秒     all      0.89      0.01      0.16      0.01      0.08     98.85
08時00分03秒     all      0.34      0.01      0.08      0.00      0.06     99.51
平均値:      all      2.36      0.01      0.37      0.03      0.09     97.14

-------------------- Logged in user --------------------


==================== 2018-09-16 11:55:01 ====================

-------------------- uptime --------------------
 11:55:01 up 437 days, 44 min,  0 users,  load average: 0.00, 0.01, 0.05

-------------------- System info --------------------
Linux sakura-tokyo-prod 3.10.0-514.26.2.el7.x86_64 #1 SMP Tue Jul 4 15:04:05 UTC 2017 x86_64 x86_64 x86_64 GNU/Linux

-------------------- Storage usage --------------------
ファイルシス   サイズ  使用  残り 使用% マウント位置
/dev/vda4         96G  6.9G   89G    8% /
devtmpfs         2.0G     0  2.0G    0% /dev
tmpfs            2.0G     0  2.0G    0% /dev/shm
tmpfs            2.0G  1.3G  736M   63% /run
tmpfs            2.0G     0  2.0G    0% /sys/fs/cgroup
/dev/vda2        497M  219M  279M   44% /boot
tmpfs            396M     0  396M    0% /run/user/0
tmpfs            396M     0  396M    0% /run/user/1001

-------------------- System load --------------------
Linux 3.10.0-514.26.2.el7.x86_64 (sakura-tokyo-prod) 	2018年09月16日 	_x86_64_	(4 CPU)

00時00分02秒     CPU     %user     %nice   %system   %iowait    %steal     %idle
01時00分02秒     all      2.34      0.01      0.38      0.03      0.08     97.15
02時00分02秒     all      7.53      0.01      1.08      0.11      0.17     91.11
03時00分02秒     all      2.75      0.01      0.41      0.04      0.10     96.70
04時00分02秒     all      3.54      0.01      0.54      0.06      0.13     95.74
05時00分02秒     all      0.88      0.01      0.16      0.01      0.06     98.87
06時00分02秒     all      0.65      0.01      0.12      0.01      0.06     99.15
07時00分01秒     all      0.89      0.01      0.16      0.01      0.08     98.85
08時00分03秒     all      0.34      0.01      0.08      0.00      0.06     99.51
09時00分03秒     all      0.62      0.01      0.12      0.01      0.06     99.19
10時00分02秒     all      0.39      0.01      0.09      0.00      0.07     99.44
11時00分02秒     all      0.90      0.01      0.17      0.01      0.07     98.85
平均値:      all      1.89      0.01      0.30      0.03      0.09     97.69

-------------------- Logged in user --------------------


