==================== 2018-09-18 02:55:02 ====================

-------------------- uptime --------------------
 02:55:02 up 438 days, 15:44,  1 user,  load average: 0.27, 0.09, 0.07

-------------------- System info --------------------
Linux sakura-tokyo-prod 3.10.0-514.26.2.el7.x86_64 #1 SMP Tue Jul 4 15:04:05 UTC 2017 x86_64 x86_64 x86_64 GNU/Linux

-------------------- Storage usage --------------------
ファイルシス   サイズ  使用  残り 使用% マウント位置
/dev/vda4         96G  6.9G   89G    8% /
devtmpfs         2.0G     0  2.0G    0% /dev
tmpfs            2.0G     0  2.0G    0% /dev/shm
tmpfs            2.0G  1.3G  743M   63% /run
tmpfs            2.0G     0  2.0G    0% /sys/fs/cgroup
/dev/vda2        497M  219M  279M   44% /boot
tmpfs            396M     0  396M    0% /run/user/0
tmpfs            396M     0  396M    0% /run/user/1001

-------------------- System load --------------------
Linux 3.10.0-514.26.2.el7.x86_64 (sakura-tokyo-prod) 	2018年09月18日 	_x86_64_	(4 CPU)

00時00分02秒     CPU     %user     %nice   %system   %iowait    %steal     %idle
01時00分02秒     all      1.17      0.01      0.21      0.01      0.05     98.55
02時00分03秒     all      0.62      0.01      0.12      0.01      0.04     99.20
平均値:      all      0.90      0.01      0.16      0.01      0.04     98.88

-------------------- Logged in user --------------------
k6ceca16 2018-09-18 00:40

==================== 2018-09-18 05:55:01 ====================

-------------------- uptime --------------------
 05:55:01 up 438 days, 18:44,  1 user,  load average: 0.00, 0.01, 0.05

-------------------- System info --------------------
Linux sakura-tokyo-prod 3.10.0-514.26.2.el7.x86_64 #1 SMP Tue Jul 4 15:04:05 UTC 2017 x86_64 x86_64 x86_64 GNU/Linux

-------------------- Storage usage --------------------
ファイルシス   サイズ  使用  残り 使用% マウント位置
/dev/vda4         96G  6.9G   89G    8% /
devtmpfs         2.0G     0  2.0G    0% /dev
tmpfs            2.0G     0  2.0G    0% /dev/shm
tmpfs            2.0G  1.3G  743M   63% /run
tmpfs            2.0G     0  2.0G    0% /sys/fs/cgroup
/dev/vda2        497M  219M  279M   44% /boot
tmpfs            396M     0  396M    0% /run/user/0
tmpfs            396M     0  396M    0% /run/user/1001

-------------------- System load --------------------
Linux 3.10.0-514.26.2.el7.x86_64 (sakura-tokyo-prod) 	2018年09月18日 	_x86_64_	(4 CPU)

00時00分02秒     CPU     %user     %nice   %system   %iowait    %steal     %idle
01時00分02秒     all      1.17      0.01      0.21      0.01      0.05     98.55
02時00分03秒     all      0.62      0.01      0.12      0.01      0.04     99.20
03時00分02秒     all      0.61      0.01      0.13      0.01      0.04     99.21
04時00分02秒     all      0.09      0.01      0.05      0.00      0.05     99.80
05時00分02秒     all      0.62      0.01      0.13      0.01      0.05     99.18
平均値:      all      0.62      0.01      0.13      0.01      0.05     99.19

-------------------- Logged in user --------------------
k548ff2c 2018-09-18 00:40

==================== 2018-09-18 08:55:01 ====================

-------------------- uptime --------------------
 08:55:01 up 438 days, 21:44,  0 users,  load average: 0.31, 0.13, 0.08

-------------------- System info --------------------
Linux sakura-tokyo-prod 3.10.0-514.26.2.el7.x86_64 #1 SMP Tue Jul 4 15:04:05 UTC 2017 x86_64 x86_64 x86_64 GNU/Linux

-------------------- Storage usage --------------------
ファイルシス   サイズ  使用  残り 使用% マウント位置
/dev/vda4         96G  6.9G   89G    8% /
devtmpfs         2.0G     0  2.0G    0% /dev
tmpfs            2.0G     0  2.0G    0% /dev/shm
tmpfs            2.0G  1.3G  743M   63% /run
tmpfs            2.0G     0  2.0G    0% /sys/fs/cgroup
/dev/vda2        497M  219M  279M   44% /boot
tmpfs            396M     0  396M    0% /run/user/0
tmpfs            396M     0  396M    0% /run/user/1001

-------------------- System load --------------------
Linux 3.10.0-514.26.2.el7.x86_64 (sakura-tokyo-prod) 	2018年09月18日 	_x86_64_	(4 CPU)

00時00分02秒     CPU     %user     %nice   %system   %iowait    %steal     %idle
01時00分02秒     all      1.17      0.01      0.21      0.01      0.05     98.55
02時00分03秒     all      0.62      0.01      0.12      0.01      0.04     99.20
03時00分02秒     all      0.61      0.01      0.13      0.01      0.04     99.21
04時00分02秒     all      0.09      0.01      0.05      0.00      0.05     99.80
05時00分02秒     all      0.62      0.01      0.13      0.01      0.05     99.18
06時00分03秒     all      0.35      0.01      0.09      0.00      0.06     99.49
07時00分03秒     all      1.17      0.01      0.21      0.02      0.07     98.53
08時00分03秒     all      0.61      0.01      0.12      0.01      0.06     99.19
平均値:      all      0.66      0.01      0.13      0.01      0.05     99.15

-------------------- Logged in user --------------------


==================== 2018-09-18 11:55:02 ====================

-------------------- uptime --------------------
 11:55:02 up 439 days, 44 min,  0 users,  load average: 0.00, 0.01, 0.05

-------------------- System info --------------------
Linux sakura-tokyo-prod 3.10.0-514.26.2.el7.x86_64 #1 SMP Tue Jul 4 15:04:05 UTC 2017 x86_64 x86_64 x86_64 GNU/Linux

-------------------- Storage usage --------------------
ファイルシス   サイズ  使用  残り 使用% マウント位置
/dev/vda4         96G  6.9G   89G    8% /
devtmpfs         2.0G     0  2.0G    0% /dev
tmpfs            2.0G     0  2.0G    0% /dev/shm
tmpfs            2.0G  1.3G  743M   63% /run
tmpfs            2.0G     0  2.0G    0% /sys/fs/cgroup
/dev/vda2        497M  219M  279M   44% /boot
tmpfs            396M     0  396M    0% /run/user/0
tmpfs            396M     0  396M    0% /run/user/1001

-------------------- System load --------------------
Linux 3.10.0-514.26.2.el7.x86_64 (sakura-tokyo-prod) 	2018年09月18日 	_x86_64_	(4 CPU)

00時00分02秒     CPU     %user     %nice   %system   %iowait    %steal     %idle
01時00分02秒     all      1.17      0.01      0.21      0.01      0.05     98.55
02時00分03秒     all      0.62      0.01      0.12      0.01      0.04     99.20
03時00分02秒     all      0.61      0.01      0.13      0.01      0.04     99.21
04時00分02秒     all      0.09      0.01      0.05      0.00      0.05     99.80
05時00分02秒     all      0.62      0.01      0.13      0.01      0.05     99.18
06時00分03秒     all      0.35      0.01      0.09      0.00      0.06     99.49
07時00分03秒     all      1.17      0.01      0.21      0.02      0.07     98.53
08時00分03秒     all      0.61      0.01      0.12      0.01      0.06     99.19
09時00分02秒     all      0.61      0.01      0.12      0.01      0.06     99.19
10時00分02秒     all      0.35      0.01      0.08      0.00      0.05     99.51
11時00分02秒     all      0.35      0.01      0.08      0.00      0.06     99.49
平均値:      all      0.60      0.01      0.12      0.01      0.05     99.21

-------------------- Logged in user --------------------


