==================== 2018-09-19 02:55:01 ====================

-------------------- uptime --------------------
 02:55:01 up 439 days, 15:44,  1 user,  load average: 0.33, 0.31, 0.31

-------------------- System info --------------------
Linux sakura-tokyo-prod 3.10.0-514.26.2.el7.x86_64 #1 SMP Tue Jul 4 15:04:05 UTC 2017 x86_64 x86_64 x86_64 GNU/Linux

-------------------- Storage usage --------------------
ファイルシス   サイズ  使用  残り 使用% マウント位置
/dev/vda4         96G  7.1G   89G    8% /
devtmpfs         2.0G     0  2.0G    0% /dev
tmpfs            2.0G     0  2.0G    0% /dev/shm
tmpfs            2.0G  1.3G  742M   63% /run
tmpfs            2.0G     0  2.0G    0% /sys/fs/cgroup
/dev/vda2        497M  219M  279M   44% /boot
tmpfs            396M     0  396M    0% /run/user/0
tmpfs            396M     0  396M    0% /run/user/1001

-------------------- System load --------------------
Linux 3.10.0-514.26.2.el7.x86_64 (sakura-tokyo-prod) 	2018年09月19日 	_x86_64_	(4 CPU)

00時00分02秒     CPU     %user     %nice   %system   %iowait    %steal     %idle
01時00分02秒     all      7.65      0.01      1.16      0.10      0.11     90.97
02時00分01秒     all      8.59      0.01      1.34      0.12      0.13     89.81
平均値:      all      8.12      0.01      1.25      0.11      0.12     90.39

-------------------- Logged in user --------------------
k994aceb 2018-09-19 00:22

