==================== 2018-09-21 02:55:01 ====================

-------------------- uptime --------------------
 02:55:01 up 441 days, 15:44,  0 users,  load average: 0.00, 0.01, 0.05

-------------------- System info --------------------
Linux sakura-tokyo-prod 3.10.0-514.26.2.el7.x86_64 #1 SMP Tue Jul 4 15:04:05 UTC 2017 x86_64 x86_64 x86_64 GNU/Linux

-------------------- Storage usage --------------------
ファイルシス   サイズ  使用  残り 使用% マウント位置
/dev/vda4         96G  7.1G   89G    8% /
devtmpfs         2.0G     0  2.0G    0% /dev
tmpfs            2.0G     0  2.0G    0% /dev/shm
tmpfs            2.0G  1.3G  740M   63% /run
tmpfs            2.0G     0  2.0G    0% /sys/fs/cgroup
/dev/vda2        497M  219M  279M   44% /boot
tmpfs            396M     0  396M    0% /run/user/0
tmpfs            396M     0  396M    0% /run/user/1001

-------------------- System load --------------------
Linux 3.10.0-514.26.2.el7.x86_64 (sakura-tokyo-prod) 	2018年09月21日 	_x86_64_	(4 CPU)

00時00分02秒     CPU     %user     %nice   %system   %iowait    %steal     %idle
01時00分02秒     all      0.12      0.01      0.06      0.00      0.05     99.76
02時00分02秒     all      0.10      0.01      0.05      0.00      0.04     99.80
平均値:      all      0.11      0.01      0.06      0.00      0.04     99.78

-------------------- Logged in user --------------------


==================== 2018-09-21 05:55:02 ====================

-------------------- uptime --------------------
 05:55:02 up 441 days, 18:44,  0 users,  load average: 0.00, 0.03, 0.05

-------------------- System info --------------------
Linux sakura-tokyo-prod 3.10.0-514.26.2.el7.x86_64 #1 SMP Tue Jul 4 15:04:05 UTC 2017 x86_64 x86_64 x86_64 GNU/Linux

-------------------- Storage usage --------------------
ファイルシス   サイズ  使用  残り 使用% マウント位置
/dev/vda4         96G  7.1G   89G    8% /
devtmpfs         2.0G     0  2.0G    0% /dev
tmpfs            2.0G     0  2.0G    0% /dev/shm
tmpfs            2.0G  1.3G  740M   63% /run
tmpfs            2.0G     0  2.0G    0% /sys/fs/cgroup
/dev/vda2        497M  219M  279M   44% /boot
tmpfs            396M     0  396M    0% /run/user/0
tmpfs            396M     0  396M    0% /run/user/1001

-------------------- System load --------------------
Linux 3.10.0-514.26.2.el7.x86_64 (sakura-tokyo-prod) 	2018年09月21日 	_x86_64_	(4 CPU)

00時00分02秒     CPU     %user     %nice   %system   %iowait    %steal     %idle
01時00分02秒     all      0.12      0.01      0.06      0.00      0.05     99.76
02時00分02秒     all      0.10      0.01      0.05      0.00      0.04     99.80
03時00分02秒     all      0.10      0.01      0.05      0.00      0.04     99.80
04時00分02秒     all      0.10      0.01      0.05      0.00      0.05     99.79
05時00分02秒     all      0.09      0.01      0.05      0.00      0.04     99.82
平均値:      all      0.10      0.01      0.05      0.00      0.04     99.79

-------------------- Logged in user --------------------


==================== 2018-09-21 08:55:01 ====================

-------------------- uptime --------------------
 08:55:01 up 441 days, 21:44,  0 users,  load average: 0.00, 0.01, 0.05

-------------------- System info --------------------
Linux sakura-tokyo-prod 3.10.0-514.26.2.el7.x86_64 #1 SMP Tue Jul 4 15:04:05 UTC 2017 x86_64 x86_64 x86_64 GNU/Linux

-------------------- Storage usage --------------------
ファイルシス   サイズ  使用  残り 使用% マウント位置
/dev/vda4         96G  7.1G   89G    8% /
devtmpfs         2.0G     0  2.0G    0% /dev
tmpfs            2.0G     0  2.0G    0% /dev/shm
tmpfs            2.0G  1.3G  740M   63% /run
tmpfs            2.0G     0  2.0G    0% /sys/fs/cgroup
/dev/vda2        497M  219M  279M   44% /boot
tmpfs            396M     0  396M    0% /run/user/0
tmpfs            396M     0  396M    0% /run/user/1001

-------------------- System load --------------------
Linux 3.10.0-514.26.2.el7.x86_64 (sakura-tokyo-prod) 	2018年09月21日 	_x86_64_	(4 CPU)

00時00分02秒     CPU     %user     %nice   %system   %iowait    %steal     %idle
01時00分02秒     all      0.12      0.01      0.06      0.00      0.05     99.76
02時00分02秒     all      0.10      0.01      0.05      0.00      0.04     99.80
03時00分02秒     all      0.10      0.01      0.05      0.00      0.04     99.80
04時00分02秒     all      0.10      0.01      0.05      0.00      0.05     99.79
05時00分02秒     all      0.09      0.01      0.05      0.00      0.04     99.82
06時00分02秒     all      0.09      0.01      0.05      0.00      0.04     99.81
07時00分03秒     all      0.11      0.01      0.06      0.00      0.04     99.78
08時00分02秒     all      0.10      0.01      0.05      0.00      0.04     99.80
平均値:      all      0.10      0.01      0.05      0.00      0.04     99.79

-------------------- Logged in user --------------------


==================== 2018-09-21 11:55:01 ====================

-------------------- uptime --------------------
 11:55:01 up 442 days, 44 min,  0 users,  load average: 0.00, 0.01, 0.05

-------------------- System info --------------------
Linux sakura-tokyo-prod 3.10.0-514.26.2.el7.x86_64 #1 SMP Tue Jul 4 15:04:05 UTC 2017 x86_64 x86_64 x86_64 GNU/Linux

-------------------- Storage usage --------------------
ファイルシス   サイズ  使用  残り 使用% マウント位置
/dev/vda4         96G  7.1G   89G    8% /
devtmpfs         2.0G     0  2.0G    0% /dev
tmpfs            2.0G     0  2.0G    0% /dev/shm
tmpfs            2.0G  1.3G  740M   63% /run
tmpfs            2.0G     0  2.0G    0% /sys/fs/cgroup
/dev/vda2        497M  219M  279M   44% /boot
tmpfs            396M     0  396M    0% /run/user/0
tmpfs            396M     0  396M    0% /run/user/1001

-------------------- System load --------------------
Linux 3.10.0-514.26.2.el7.x86_64 (sakura-tokyo-prod) 	2018年09月21日 	_x86_64_	(4 CPU)

00時00分02秒     CPU     %user     %nice   %system   %iowait    %steal     %idle
01時00分02秒     all      0.12      0.01      0.06      0.00      0.05     99.76
02時00分02秒     all      0.10      0.01      0.05      0.00      0.04     99.80
03時00分02秒     all      0.10      0.01      0.05      0.00      0.04     99.80
04時00分02秒     all      0.10      0.01      0.05      0.00      0.05     99.79
05時00分02秒     all      0.09      0.01      0.05      0.00      0.04     99.82
06時00分02秒     all      0.09      0.01      0.05      0.00      0.04     99.81
07時00分03秒     all      0.11      0.01      0.06      0.00      0.04     99.78
08時00分02秒     all      0.10      0.01      0.05      0.00      0.04     99.80
09時00分03秒     all      0.09      0.01      0.04      0.00      0.05     99.80
10時00分02秒     all      0.09      0.01      0.04      0.00      0.06     99.81
11時00分02秒     all      0.10      0.01      0.05      0.00      0.06     99.78
平均値:      all      0.10      0.01      0.05      0.00      0.05     99.80

-------------------- Logged in user --------------------


==================== 2018-09-21 14:55:01 ====================

-------------------- uptime --------------------
 14:55:01 up 442 days,  3:44,  0 users,  load average: 0.00, 0.01, 0.05

-------------------- System info --------------------
Linux sakura-tokyo-prod 3.10.0-514.26.2.el7.x86_64 #1 SMP Tue Jul 4 15:04:05 UTC 2017 x86_64 x86_64 x86_64 GNU/Linux

-------------------- Storage usage --------------------
ファイルシス   サイズ  使用  残り 使用% マウント位置
/dev/vda4         96G  7.1G   89G    8% /
devtmpfs         2.0G     0  2.0G    0% /dev
tmpfs            2.0G     0  2.0G    0% /dev/shm
tmpfs            2.0G  1.3G  740M   63% /run
tmpfs            2.0G     0  2.0G    0% /sys/fs/cgroup
/dev/vda2        497M  219M  279M   44% /boot
tmpfs            396M     0  396M    0% /run/user/0
tmpfs            396M     0  396M    0% /run/user/1001

-------------------- System load --------------------
Linux 3.10.0-514.26.2.el7.x86_64 (sakura-tokyo-prod) 	2018年09月21日 	_x86_64_	(4 CPU)

00時00分02秒     CPU     %user     %nice   %system   %iowait    %steal     %idle
01時00分02秒     all      0.12      0.01      0.06      0.00      0.05     99.76
02時00分02秒     all      0.10      0.01      0.05      0.00      0.04     99.80
03時00分02秒     all      0.10      0.01      0.05      0.00      0.04     99.80
04時00分02秒     all      0.10      0.01      0.05      0.00      0.05     99.79
05時00分02秒     all      0.09      0.01      0.05      0.00      0.04     99.82
06時00分02秒     all      0.09      0.01      0.05      0.00      0.04     99.81
07時00分03秒     all      0.11      0.01      0.06      0.00      0.04     99.78
08時00分02秒     all      0.10      0.01      0.05      0.00      0.04     99.80
09時00分03秒     all      0.09      0.01      0.04      0.00      0.05     99.80
10時00分02秒     all      0.09      0.01      0.04      0.00      0.06     99.81
11時00分02秒     all      0.10      0.01      0.05      0.00      0.06     99.78
12時00分02秒     all      0.09      0.01      0.05      0.00      0.04     99.81
13時00分03秒     all      0.12      0.01      0.06      0.00      0.05     99.77
14時00分02秒     all      0.10      0.01      0.04      0.00      0.04     99.81
平均値:      all      0.10      0.01      0.05      0.00      0.05     99.80

-------------------- Logged in user --------------------


==================== 2018-09-21 17:55:01 ====================

-------------------- uptime --------------------
 17:55:01 up 442 days,  6:44,  0 users,  load average: 0.00, 0.01, 0.05

-------------------- System info --------------------
Linux sakura-tokyo-prod 3.10.0-514.26.2.el7.x86_64 #1 SMP Tue Jul 4 15:04:05 UTC 2017 x86_64 x86_64 x86_64 GNU/Linux

-------------------- Storage usage --------------------
ファイルシス   サイズ  使用  残り 使用% マウント位置
/dev/vda4         96G  7.1G   89G    8% /
devtmpfs         2.0G     0  2.0G    0% /dev
tmpfs            2.0G     0  2.0G    0% /dev/shm
tmpfs            2.0G  1.3G  740M   63% /run
tmpfs            2.0G     0  2.0G    0% /sys/fs/cgroup
/dev/vda2        497M  219M  279M   44% /boot
tmpfs            396M     0  396M    0% /run/user/0
tmpfs            396M     0  396M    0% /run/user/1001

-------------------- System load --------------------
Linux 3.10.0-514.26.2.el7.x86_64 (sakura-tokyo-prod) 	2018年09月21日 	_x86_64_	(4 CPU)

00時00分02秒     CPU     %user     %nice   %system   %iowait    %steal     %idle
01時00分02秒     all      0.12      0.01      0.06      0.00      0.05     99.76
02時00分02秒     all      0.10      0.01      0.05      0.00      0.04     99.80
03時00分02秒     all      0.10      0.01      0.05      0.00      0.04     99.80
04時00分02秒     all      0.10      0.01      0.05      0.00      0.05     99.79
05時00分02秒     all      0.09      0.01      0.05      0.00      0.04     99.82
06時00分02秒     all      0.09      0.01      0.05      0.00      0.04     99.81
07時00分03秒     all      0.11      0.01      0.06      0.00      0.04     99.78
08時00分02秒     all      0.10      0.01      0.05      0.00      0.04     99.80
09時00分03秒     all      0.09      0.01      0.04      0.00      0.05     99.80
10時00分02秒     all      0.09      0.01      0.04      0.00      0.06     99.81
11時00分02秒     all      0.10      0.01      0.05      0.00      0.06     99.78
12時00分02秒     all      0.09      0.01      0.05      0.00      0.04     99.81
13時00分03秒     all      0.12      0.01      0.06      0.00      0.05     99.77
14時00分02秒     all      0.10      0.01      0.04      0.00      0.04     99.81
15時00分02秒     all      0.09      0.01      0.04      0.00      0.04     99.82
16時00分02秒     all      0.09      0.01      0.04      0.00      0.03     99.83
17時00分02秒     all      0.10      0.01      0.05      0.00      0.04     99.81
平均値:      all      0.10      0.01      0.05      0.00      0.04     99.80

-------------------- Logged in user --------------------


==================== 2018-09-21 20:55:01 ====================

-------------------- uptime --------------------
 20:55:01 up 442 days,  9:44,  0 users,  load average: 0.00, 0.01, 0.05

-------------------- System info --------------------
Linux sakura-tokyo-prod 3.10.0-514.26.2.el7.x86_64 #1 SMP Tue Jul 4 15:04:05 UTC 2017 x86_64 x86_64 x86_64 GNU/Linux

-------------------- Storage usage --------------------
ファイルシス   サイズ  使用  残り 使用% マウント位置
/dev/vda4         96G  7.1G   89G    8% /
devtmpfs         2.0G     0  2.0G    0% /dev
tmpfs            2.0G     0  2.0G    0% /dev/shm
tmpfs            2.0G  1.3G  740M   63% /run
tmpfs            2.0G     0  2.0G    0% /sys/fs/cgroup
/dev/vda2        497M  219M  279M   44% /boot
tmpfs            396M     0  396M    0% /run/user/0
tmpfs            396M     0  396M    0% /run/user/1001

-------------------- System load --------------------
Linux 3.10.0-514.26.2.el7.x86_64 (sakura-tokyo-prod) 	2018年09月21日 	_x86_64_	(4 CPU)

00時00分02秒     CPU     %user     %nice   %system   %iowait    %steal     %idle
01時00分02秒     all      0.12      0.01      0.06      0.00      0.05     99.76
02時00分02秒     all      0.10      0.01      0.05      0.00      0.04     99.80
03時00分02秒     all      0.10      0.01      0.05      0.00      0.04     99.80
04時00分02秒     all      0.10      0.01      0.05      0.00      0.05     99.79
05時00分02秒     all      0.09      0.01      0.05      0.00      0.04     99.82
06時00分02秒     all      0.09      0.01      0.05      0.00      0.04     99.81
07時00分03秒     all      0.11      0.01      0.06      0.00      0.04     99.78
08時00分02秒     all      0.10      0.01      0.05      0.00      0.04     99.80
09時00分03秒     all      0.09      0.01      0.04      0.00      0.05     99.80
10時00分02秒     all      0.09      0.01      0.04      0.00      0.06     99.81
11時00分02秒     all      0.10      0.01      0.05      0.00      0.06     99.78
12時00分02秒     all      0.09      0.01      0.05      0.00      0.04     99.81
13時00分03秒     all      0.12      0.01      0.06      0.00      0.05     99.77
14時00分02秒     all      0.10      0.01      0.04      0.00      0.04     99.81
15時00分02秒     all      0.09      0.01      0.04      0.00      0.04     99.82
16時00分02秒     all      0.09      0.01      0.04      0.00      0.03     99.83
17時00分02秒     all      0.10      0.01      0.05      0.00      0.04     99.81
18時00分02秒     all      0.09      0.01      0.05      0.00      0.04     99.82
19時00分02秒     all      0.12      0.01      0.06      0.00      0.04     99.78
20時00分02秒     all      0.10      0.01      0.04      0.00      0.03     99.82
平均値:      all      0.10      0.01      0.05      0.00      0.04     99.80

-------------------- Logged in user --------------------


