==================== 2018-09-27 02:55:01 ====================

-------------------- uptime --------------------
 02:55:01 up 447 days, 15:44,  1 user,  load average: 0.00, 0.02, 0.05

-------------------- System info --------------------
Linux sakura-tokyo-prod 3.10.0-514.26.2.el7.x86_64 #1 SMP Tue Jul 4 15:04:05 UTC 2017 x86_64 x86_64 x86_64 GNU/Linux

-------------------- Storage usage --------------------
ファイルシス   サイズ  使用  残り 使用% マウント位置
/dev/vda4         96G  7.1G   89G    8% /
devtmpfs         2.0G     0  2.0G    0% /dev
tmpfs            2.0G     0  2.0G    0% /dev/shm
tmpfs            2.0G  1.3G  735M   63% /run
tmpfs            2.0G     0  2.0G    0% /sys/fs/cgroup
/dev/vda2        497M  219M  279M   44% /boot
tmpfs            396M     0  396M    0% /run/user/0
tmpfs            396M     0  396M    0% /run/user/1001

-------------------- System load --------------------
Linux 3.10.0-514.26.2.el7.x86_64 (sakura-tokyo-prod) 	2018年09月27日 	_x86_64_	(4 CPU)

00時00分02秒     CPU     %user     %nice   %system   %iowait    %steal     %idle
01時00分02秒     all      0.45      0.03      0.11      0.00      0.04     99.37
02時00分03秒     all      0.10      0.01      0.06      0.00      0.02     99.81
平均値:      all      0.28      0.02      0.08      0.00      0.03     99.59

-------------------- Logged in user --------------------
kc067ad5 2018-09-26 15:35

==================== 2018-09-27 05:55:01 ====================

-------------------- uptime --------------------
 05:55:01 up 447 days, 18:44,  1 user,  load average: 0.00, 0.01, 0.05

-------------------- System info --------------------
Linux sakura-tokyo-prod 3.10.0-514.26.2.el7.x86_64 #1 SMP Tue Jul 4 15:04:05 UTC 2017 x86_64 x86_64 x86_64 GNU/Linux

-------------------- Storage usage --------------------
ファイルシス   サイズ  使用  残り 使用% マウント位置
/dev/vda4         96G  7.1G   89G    8% /
devtmpfs         2.0G     0  2.0G    0% /dev
tmpfs            2.0G     0  2.0G    0% /dev/shm
tmpfs            2.0G  1.3G  735M   63% /run
tmpfs            2.0G     0  2.0G    0% /sys/fs/cgroup
/dev/vda2        497M  219M  279M   44% /boot
tmpfs            396M     0  396M    0% /run/user/0
tmpfs            396M     0  396M    0% /run/user/1001

-------------------- System load --------------------
Linux 3.10.0-514.26.2.el7.x86_64 (sakura-tokyo-prod) 	2018年09月27日 	_x86_64_	(4 CPU)

00時00分02秒     CPU     %user     %nice   %system   %iowait    %steal     %idle
01時00分02秒     all      0.45      0.03      0.11      0.00      0.04     99.37
02時00分03秒     all      0.10      0.01      0.06      0.00      0.02     99.81
03時00分02秒     all      0.11      0.01      0.06      0.00      0.03     99.80
04時00分02秒     all      0.09      0.01      0.06      0.00      0.03     99.81
05時00分02秒     all      1.44      0.08      0.23      0.00      0.08     98.17
平均値:      all      0.44      0.03      0.10      0.00      0.04     99.39

-------------------- Logged in user --------------------
kd3db6a8 2018-09-26 15:35

==================== 2018-09-27 08:55:01 ====================

-------------------- uptime --------------------
 08:55:01 up 447 days, 21:44,  1 user,  load average: 0.06, 0.03, 0.05

-------------------- System info --------------------
Linux sakura-tokyo-prod 3.10.0-514.26.2.el7.x86_64 #1 SMP Tue Jul 4 15:04:05 UTC 2017 x86_64 x86_64 x86_64 GNU/Linux

-------------------- Storage usage --------------------
ファイルシス   サイズ  使用  残り 使用% マウント位置
/dev/vda4         96G  7.1G   89G    8% /
devtmpfs         2.0G     0  2.0G    0% /dev
tmpfs            2.0G     0  2.0G    0% /dev/shm
tmpfs            2.0G  1.3G  735M   63% /run
tmpfs            2.0G     0  2.0G    0% /sys/fs/cgroup
/dev/vda2        497M  219M  279M   44% /boot
tmpfs            396M     0  396M    0% /run/user/0
tmpfs            396M     0  396M    0% /run/user/1001

-------------------- System load --------------------
Linux 3.10.0-514.26.2.el7.x86_64 (sakura-tokyo-prod) 	2018年09月27日 	_x86_64_	(4 CPU)

00時00分02秒     CPU     %user     %nice   %system   %iowait    %steal     %idle
01時00分02秒     all      0.45      0.03      0.11      0.00      0.04     99.37
02時00分03秒     all      0.10      0.01      0.06      0.00      0.02     99.81
03時00分02秒     all      0.11      0.01      0.06      0.00      0.03     99.80
04時00分02秒     all      0.09      0.01      0.06      0.00      0.03     99.81
05時00分02秒     all      1.44      0.08      0.23      0.00      0.08     98.17
06時00分03秒     all      0.11      0.01      0.06      0.00      0.03     99.80
07時00分01秒     all      0.11      0.01      0.07      0.00      0.02     99.79
08時00分03秒     all      0.10      0.01      0.06      0.00      0.03     99.81
平均値:      all      0.31      0.02      0.09      0.00      0.04     99.54

-------------------- Logged in user --------------------
ke63391a 2018-09-26 15:35

==================== 2018-09-27 11:55:01 ====================

-------------------- uptime --------------------
 11:55:01 up 448 days, 44 min,  1 user,  load average: 0.00, 0.01, 0.05

-------------------- System info --------------------
Linux sakura-tokyo-prod 3.10.0-514.26.2.el7.x86_64 #1 SMP Tue Jul 4 15:04:05 UTC 2017 x86_64 x86_64 x86_64 GNU/Linux

-------------------- Storage usage --------------------
ファイルシス   サイズ  使用  残り 使用% マウント位置
/dev/vda4         96G  7.1G   89G    8% /
devtmpfs         2.0G     0  2.0G    0% /dev
tmpfs            2.0G     0  2.0G    0% /dev/shm
tmpfs            2.0G  1.3G  735M   63% /run
tmpfs            2.0G     0  2.0G    0% /sys/fs/cgroup
/dev/vda2        497M  219M  279M   44% /boot
tmpfs            396M     0  396M    0% /run/user/0
tmpfs            396M     0  396M    0% /run/user/1001

-------------------- System load --------------------
Linux 3.10.0-514.26.2.el7.x86_64 (sakura-tokyo-prod) 	2018年09月27日 	_x86_64_	(4 CPU)

00時00分02秒     CPU     %user     %nice   %system   %iowait    %steal     %idle
01時00分02秒     all      0.45      0.03      0.11      0.00      0.04     99.37
02時00分03秒     all      0.10      0.01      0.06      0.00      0.02     99.81
03時00分02秒     all      0.11      0.01      0.06      0.00      0.03     99.80
04時00分02秒     all      0.09      0.01      0.06      0.00      0.03     99.81
05時00分02秒     all      1.44      0.08      0.23      0.00      0.08     98.17
06時00分03秒     all      0.11      0.01      0.06      0.00      0.03     99.80
07時00分01秒     all      0.11      0.01      0.07      0.00      0.02     99.79
08時00分03秒     all      0.10      0.01      0.06      0.00      0.03     99.81
09時00分02秒     all      0.09      0.01      0.05      0.00      0.03     99.82
10時00分02秒     all      0.09      0.01      0.05      0.00      0.03     99.82
11時00分02秒     all      0.09      0.01      0.05      0.00      0.04     99.82
平均値:      all      0.25      0.01      0.08      0.00      0.04     99.62

-------------------- Logged in user --------------------
kc78b9a4 2018-09-26 15:35

==================== 2018-09-27 14:55:01 ====================

-------------------- uptime --------------------
 14:55:01 up 448 days,  3:44,  1 user,  load average: 0.00, 0.01, 0.05

-------------------- System info --------------------
Linux sakura-tokyo-prod 3.10.0-514.26.2.el7.x86_64 #1 SMP Tue Jul 4 15:04:05 UTC 2017 x86_64 x86_64 x86_64 GNU/Linux

-------------------- Storage usage --------------------
ファイルシス   サイズ  使用  残り 使用% マウント位置
/dev/vda4         96G  7.1G   89G    8% /
devtmpfs         2.0G     0  2.0G    0% /dev
tmpfs            2.0G     0  2.0G    0% /dev/shm
tmpfs            2.0G  1.3G  735M   63% /run
tmpfs            2.0G     0  2.0G    0% /sys/fs/cgroup
/dev/vda2        497M  219M  279M   44% /boot
tmpfs            396M     0  396M    0% /run/user/0
tmpfs            396M     0  396M    0% /run/user/1001

-------------------- System load --------------------
Linux 3.10.0-514.26.2.el7.x86_64 (sakura-tokyo-prod) 	2018年09月27日 	_x86_64_	(4 CPU)

00時00分02秒     CPU     %user     %nice   %system   %iowait    %steal     %idle
01時00分02秒     all      0.45      0.03      0.11      0.00      0.04     99.37
02時00分03秒     all      0.10      0.01      0.06      0.00      0.02     99.81
03時00分02秒     all      0.11      0.01      0.06      0.00      0.03     99.80
04時00分02秒     all      0.09      0.01      0.06      0.00      0.03     99.81
05時00分02秒     all      1.44      0.08      0.23      0.00      0.08     98.17
06時00分03秒     all      0.11      0.01      0.06      0.00      0.03     99.80
07時00分01秒     all      0.11      0.01      0.07      0.00      0.02     99.79
08時00分03秒     all      0.10      0.01      0.06      0.00      0.03     99.81
09時00分02秒     all      0.09      0.01      0.05      0.00      0.03     99.82
10時00分02秒     all      0.09      0.01      0.05      0.00      0.03     99.82
11時00分02秒     all      0.09      0.01      0.05      0.00      0.04     99.82
12時00分02秒     all      0.09      0.01      0.05      0.00      0.05     99.80
13時00分02秒     all      1.12      0.06      0.18      0.00      0.10     98.54
14時00分02秒     all      0.48      0.02      0.10      0.00      0.09     99.31
平均値:      all      0.32      0.02      0.08      0.00      0.05     99.53

-------------------- Logged in user --------------------
k4c53290 2018-09-26 15:35

==================== 2018-09-27 17:55:01 ====================

-------------------- uptime --------------------
 17:55:01 up 448 days,  6:44,  1 user,  load average: 0.00, 0.01, 0.05

-------------------- System info --------------------
Linux sakura-tokyo-prod 3.10.0-514.26.2.el7.x86_64 #1 SMP Tue Jul 4 15:04:05 UTC 2017 x86_64 x86_64 x86_64 GNU/Linux

-------------------- Storage usage --------------------
ファイルシス   サイズ  使用  残り 使用% マウント位置
/dev/vda4         96G  7.1G   89G    8% /
devtmpfs         2.0G     0  2.0G    0% /dev
tmpfs            2.0G     0  2.0G    0% /dev/shm
tmpfs            2.0G  1.3G  735M   63% /run
tmpfs            2.0G     0  2.0G    0% /sys/fs/cgroup
/dev/vda2        497M  219M  279M   44% /boot
tmpfs            396M     0  396M    0% /run/user/0
tmpfs            396M     0  396M    0% /run/user/1001

-------------------- System load --------------------
Linux 3.10.0-514.26.2.el7.x86_64 (sakura-tokyo-prod) 	2018年09月27日 	_x86_64_	(4 CPU)

00時00分02秒     CPU     %user     %nice   %system   %iowait    %steal     %idle
01時00分02秒     all      0.45      0.03      0.11      0.00      0.04     99.37
02時00分03秒     all      0.10      0.01      0.06      0.00      0.02     99.81
03時00分02秒     all      0.11      0.01      0.06      0.00      0.03     99.80
04時00分02秒     all      0.09      0.01      0.06      0.00      0.03     99.81
05時00分02秒     all      1.44      0.08      0.23      0.00      0.08     98.17
06時00分03秒     all      0.11      0.01      0.06      0.00      0.03     99.80
07時00分01秒     all      0.11      0.01      0.07      0.00      0.02     99.79
08時00分03秒     all      0.10      0.01      0.06      0.00      0.03     99.81
09時00分02秒     all      0.09      0.01      0.05      0.00      0.03     99.82
10時00分02秒     all      0.09      0.01      0.05      0.00      0.03     99.82
11時00分02秒     all      0.09      0.01      0.05      0.00      0.04     99.82
12時00分02秒     all      0.09      0.01      0.05      0.00      0.05     99.80
13時00分02秒     all      1.12      0.06      0.18      0.00      0.10     98.54
14時00分02秒     all      0.48      0.02      0.10      0.00      0.09     99.31
15時00分02秒     all      0.09      0.01      0.05      0.00      0.06     99.78
16時00分02秒     all      0.09      0.01      0.05      0.00      0.05     99.80
17時00分03秒     all      0.10      0.01      0.05      0.00      0.05     99.79
平均値:      all      0.28      0.02      0.08      0.00      0.05     99.58

-------------------- Logged in user --------------------
k33d5c26 2018-09-26 15:35

