==================== 2018-09-30 02:55:01 ====================

-------------------- uptime --------------------
 02:55:01 up 450 days, 15:44,  1 user,  load average: 0.00, 0.01, 0.05

-------------------- System info --------------------
Linux sakura-tokyo-prod 3.10.0-514.26.2.el7.x86_64 #1 SMP Tue Jul 4 15:04:05 UTC 2017 x86_64 x86_64 x86_64 GNU/Linux

-------------------- Storage usage --------------------
ファイルシス   サイズ  使用  残り 使用% マウント位置
/dev/vda4         96G  7.1G   89G    8% /
devtmpfs         2.0G     0  2.0G    0% /dev
tmpfs            2.0G     0  2.0G    0% /dev/shm
tmpfs            2.0G  1.3G  725M   64% /run
tmpfs            2.0G     0  2.0G    0% /sys/fs/cgroup
/dev/vda2        497M  219M  279M   44% /boot
tmpfs            396M     0  396M    0% /run/user/0
tmpfs            396M     0  396M    0% /run/user/1001

-------------------- System load --------------------
Linux 3.10.0-514.26.2.el7.x86_64 (sakura-tokyo-prod) 	2018年09月30日 	_x86_64_	(4 CPU)

00時00分02秒     CPU     %user     %nice   %system   %iowait    %steal     %idle
01時00分03秒     all      0.11      0.01      0.06      0.00      0.03     99.79
02時00分02秒     all      0.10      0.01      0.05      0.00      0.04     99.80
平均値:      all      0.10      0.01      0.06      0.00      0.04     99.80

-------------------- Logged in user --------------------
k958f396 2018-09-29 02:55

==================== 2018-09-30 05:55:01 ====================

-------------------- uptime --------------------
 05:55:01 up 450 days, 18:44,  1 user,  load average: 0.00, 0.01, 0.05

-------------------- System info --------------------
Linux sakura-tokyo-prod 3.10.0-514.26.2.el7.x86_64 #1 SMP Tue Jul 4 15:04:05 UTC 2017 x86_64 x86_64 x86_64 GNU/Linux

-------------------- Storage usage --------------------
ファイルシス   サイズ  使用  残り 使用% マウント位置
/dev/vda4         96G  7.1G   89G    8% /
devtmpfs         2.0G     0  2.0G    0% /dev
tmpfs            2.0G     0  2.0G    0% /dev/shm
tmpfs            2.0G  1.3G  724M   64% /run
tmpfs            2.0G     0  2.0G    0% /sys/fs/cgroup
/dev/vda2        497M  219M  279M   44% /boot
tmpfs            396M     0  396M    0% /run/user/0
tmpfs            396M     0  396M    0% /run/user/1001

-------------------- System load --------------------
Linux 3.10.0-514.26.2.el7.x86_64 (sakura-tokyo-prod) 	2018年09月30日 	_x86_64_	(4 CPU)

00時00分02秒     CPU     %user     %nice   %system   %iowait    %steal     %idle
01時00分03秒     all      0.11      0.01      0.06      0.00      0.03     99.79
02時00分02秒     all      0.10      0.01      0.05      0.00      0.04     99.80
03時00分02秒     all      0.10      0.01      0.05      0.00      0.03     99.81
04時00分03秒     all      0.12      0.01      0.05      0.00      0.03     99.79
05時00分02秒     all      0.09      0.01      0.05      0.00      0.03     99.82
平均値:      all      0.10      0.01      0.05      0.00      0.03     99.80

-------------------- Logged in user --------------------
ka2d9ef9 2018-09-29 02:55

==================== 2018-09-30 08:55:01 ====================

-------------------- uptime --------------------
 08:55:01 up 450 days, 21:44,  1 user,  load average: 0.08, 0.04, 0.05

-------------------- System info --------------------
Linux sakura-tokyo-prod 3.10.0-514.26.2.el7.x86_64 #1 SMP Tue Jul 4 15:04:05 UTC 2017 x86_64 x86_64 x86_64 GNU/Linux

-------------------- Storage usage --------------------
ファイルシス   サイズ  使用  残り 使用% マウント位置
/dev/vda4         96G  7.1G   89G    8% /
devtmpfs         2.0G     0  2.0G    0% /dev
tmpfs            2.0G     0  2.0G    0% /dev/shm
tmpfs            2.0G  1.3G  724M   64% /run
tmpfs            2.0G     0  2.0G    0% /sys/fs/cgroup
/dev/vda2        497M  219M  279M   44% /boot
tmpfs            396M     0  396M    0% /run/user/0
tmpfs            396M     0  396M    0% /run/user/1001

-------------------- System load --------------------
Linux 3.10.0-514.26.2.el7.x86_64 (sakura-tokyo-prod) 	2018年09月30日 	_x86_64_	(4 CPU)

00時00分02秒     CPU     %user     %nice   %system   %iowait    %steal     %idle
01時00分03秒     all      0.11      0.01      0.06      0.00      0.03     99.79
02時00分02秒     all      0.10      0.01      0.05      0.00      0.04     99.80
03時00分02秒     all      0.10      0.01      0.05      0.00      0.03     99.81
04時00分03秒     all      0.12      0.01      0.05      0.00      0.03     99.79
05時00分02秒     all      0.09      0.01      0.05      0.00      0.03     99.82
06時00分02秒     all      0.09      0.01      0.05      0.00      0.04     99.82
07時00分02秒     all      0.11      0.01      0.05      0.00      0.05     99.78
08時00分02秒     all      0.10      0.01      0.05      0.00      0.04     99.81
平均値:      all      0.10      0.01      0.05      0.00      0.04     99.80

-------------------- Logged in user --------------------
k4c225df 2018-09-29 02:55

==================== 2018-09-30 11:55:02 ====================

-------------------- uptime --------------------
 11:55:02 up 451 days, 44 min,  1 user,  load average: 0.00, 0.01, 0.05

-------------------- System info --------------------
Linux sakura-tokyo-prod 3.10.0-514.26.2.el7.x86_64 #1 SMP Tue Jul 4 15:04:05 UTC 2017 x86_64 x86_64 x86_64 GNU/Linux

-------------------- Storage usage --------------------
ファイルシス   サイズ  使用  残り 使用% マウント位置
/dev/vda4         96G  7.1G   89G    8% /
devtmpfs         2.0G     0  2.0G    0% /dev
tmpfs            2.0G     0  2.0G    0% /dev/shm
tmpfs            2.0G  1.3G  724M   64% /run
tmpfs            2.0G     0  2.0G    0% /sys/fs/cgroup
/dev/vda2        497M  219M  279M   44% /boot
tmpfs            396M     0  396M    0% /run/user/0
tmpfs            396M     0  396M    0% /run/user/1001

-------------------- System load --------------------
Linux 3.10.0-514.26.2.el7.x86_64 (sakura-tokyo-prod) 	2018年09月30日 	_x86_64_	(4 CPU)

00時00分02秒     CPU     %user     %nice   %system   %iowait    %steal     %idle
01時00分03秒     all      0.11      0.01      0.06      0.00      0.03     99.79
02時00分02秒     all      0.10      0.01      0.05      0.00      0.04     99.80
03時00分02秒     all      0.10      0.01      0.05      0.00      0.03     99.81
04時00分03秒     all      0.12      0.01      0.05      0.00      0.03     99.79
05時00分02秒     all      0.09      0.01      0.05      0.00      0.03     99.82
06時00分02秒     all      0.09      0.01      0.05      0.00      0.04     99.82
07時00分02秒     all      0.11      0.01      0.05      0.00      0.05     99.78
08時00分02秒     all      0.10      0.01      0.05      0.00      0.04     99.81
09時00分02秒     all      0.11      0.01      0.05      0.00      0.04     99.79
10時00分02秒     all      0.11      0.01      0.05      0.00      0.05     99.79
11時00分02秒     all      0.11      0.01      0.05      0.00      0.05     99.79
平均値:      all      0.10      0.01      0.05      0.00      0.04     99.80

-------------------- Logged in user --------------------
k61ef744 2018-09-29 02:55

