==================== 2018-02-02 02:55:01 ====================

-------------------- uptime --------------------
 02:55:01 up 210 days, 15:44,  0 users,  load average: 0.00, 0.03, 0.05

-------------------- System info --------------------
Linux sakura-tokyo-prod 3.10.0-514.26.2.el7.x86_64 #1 SMP Tue Jul 4 15:04:05 UTC 2017 x86_64 x86_64 x86_64 GNU/Linux

-------------------- Storage usage --------------------
ファイルシス   サイズ  使用  残り 使用% マウント位置
/dev/vda4         96G  5.0G   91G    6% /
devtmpfs         2.0G     0  2.0G    0% /dev
tmpfs            2.0G     0  2.0G    0% /dev/shm
tmpfs            2.0G  726M  1.3G   37% /run
tmpfs            2.0G     0  2.0G    0% /sys/fs/cgroup
/dev/vda2        497M  215M  283M   44% /boot
tmpfs            396M     0  396M    0% /run/user/0
tmpfs            396M     0  396M    0% /run/user/1001

-------------------- System load --------------------
Linux 3.10.0-514.26.2.el7.x86_64 (sakura-tokyo-prod) 	2018年02月02日 	_x86_64_	(4 CPU)

00時00分01秒     CPU     %user     %nice   %system   %iowait    %steal     %idle
01時00分02秒     all      0.21      0.00      0.06      0.00      0.05     99.68
02時00分01秒     all      0.25      0.00      0.06      0.00      0.05     99.63
平均値:      all      0.23      0.00      0.06      0.00      0.05     99.66

-------------------- Logged in user --------------------


==================== 2018-02-02 05:55:01 ====================

-------------------- uptime --------------------
 05:55:01 up 210 days, 18:44,  0 users,  load average: 0.00, 0.01, 0.05

-------------------- System info --------------------
Linux sakura-tokyo-prod 3.10.0-514.26.2.el7.x86_64 #1 SMP Tue Jul 4 15:04:05 UTC 2017 x86_64 x86_64 x86_64 GNU/Linux

-------------------- Storage usage --------------------
ファイルシス   サイズ  使用  残り 使用% マウント位置
/dev/vda4         96G  5.0G   91G    6% /
devtmpfs         2.0G     0  2.0G    0% /dev
tmpfs            2.0G     0  2.0G    0% /dev/shm
tmpfs            2.0G  726M  1.3G   37% /run
tmpfs            2.0G     0  2.0G    0% /sys/fs/cgroup
/dev/vda2        497M  215M  283M   44% /boot
tmpfs            396M     0  396M    0% /run/user/0
tmpfs            396M     0  396M    0% /run/user/1001

-------------------- System load --------------------
Linux 3.10.0-514.26.2.el7.x86_64 (sakura-tokyo-prod) 	2018年02月02日 	_x86_64_	(4 CPU)

00時00分01秒     CPU     %user     %nice   %system   %iowait    %steal     %idle
01時00分02秒     all      0.21      0.00      0.06      0.00      0.05     99.68
02時00分01秒     all      0.25      0.00      0.06      0.00      0.05     99.63
03時00分01秒     all      0.24      0.00      0.06      0.00      0.05     99.65
04時00分01秒     all      0.22      0.00      0.06      0.00      0.06     99.65
05時00分02秒     all      0.13      0.00      0.05      0.00      0.03     99.79
平均値:      all      0.21      0.00      0.06      0.00      0.05     99.68

-------------------- Logged in user --------------------


==================== 2018-02-02 08:55:01 ====================

-------------------- uptime --------------------
 08:55:01 up 210 days, 21:44,  0 users,  load average: 0.00, 0.01, 0.05

-------------------- System info --------------------
Linux sakura-tokyo-prod 3.10.0-514.26.2.el7.x86_64 #1 SMP Tue Jul 4 15:04:05 UTC 2017 x86_64 x86_64 x86_64 GNU/Linux

-------------------- Storage usage --------------------
ファイルシス   サイズ  使用  残り 使用% マウント位置
/dev/vda4         96G  5.0G   91G    6% /
devtmpfs         2.0G     0  2.0G    0% /dev
tmpfs            2.0G     0  2.0G    0% /dev/shm
tmpfs            2.0G  726M  1.3G   37% /run
tmpfs            2.0G     0  2.0G    0% /sys/fs/cgroup
/dev/vda2        497M  215M  283M   44% /boot
tmpfs            396M     0  396M    0% /run/user/0
tmpfs            396M     0  396M    0% /run/user/1001

-------------------- System load --------------------
Linux 3.10.0-514.26.2.el7.x86_64 (sakura-tokyo-prod) 	2018年02月02日 	_x86_64_	(4 CPU)

00時00分01秒     CPU     %user     %nice   %system   %iowait    %steal     %idle
01時00分02秒     all      0.21      0.00      0.06      0.00      0.05     99.68
02時00分01秒     all      0.25      0.00      0.06      0.00      0.05     99.63
03時00分01秒     all      0.24      0.00      0.06      0.00      0.05     99.65
04時00分01秒     all      0.22      0.00      0.06      0.00      0.06     99.65
05時00分02秒     all      0.13      0.00      0.05      0.00      0.03     99.79
06時00分02秒     all      0.08      0.00      0.04      0.00      0.03     99.84
07時00分01秒     all      0.07      0.00      0.04      0.00      0.03     99.85
08時00分02秒     all      0.06      0.00      0.04      0.00      0.04     99.86
平均値:      all      0.16      0.00      0.05      0.00      0.04     99.75

-------------------- Logged in user --------------------


==================== 2018-02-02 11:55:01 ====================

-------------------- uptime --------------------
 11:55:01 up 211 days, 44 min,  1 user,  load average: 0.00, 0.01, 0.05

-------------------- System info --------------------
Linux sakura-tokyo-prod 3.10.0-514.26.2.el7.x86_64 #1 SMP Tue Jul 4 15:04:05 UTC 2017 x86_64 x86_64 x86_64 GNU/Linux

-------------------- Storage usage --------------------
ファイルシス   サイズ  使用  残り 使用% マウント位置
/dev/vda4         96G  5.0G   91G    6% /
devtmpfs         2.0G     0  2.0G    0% /dev
tmpfs            2.0G     0  2.0G    0% /dev/shm
tmpfs            2.0G  726M  1.3G   37% /run
tmpfs            2.0G     0  2.0G    0% /sys/fs/cgroup
/dev/vda2        497M  215M  283M   44% /boot
tmpfs            396M     0  396M    0% /run/user/0
tmpfs            396M     0  396M    0% /run/user/1001

-------------------- System load --------------------
Linux 3.10.0-514.26.2.el7.x86_64 (sakura-tokyo-prod) 	2018年02月02日 	_x86_64_	(4 CPU)

00時00分01秒     CPU     %user     %nice   %system   %iowait    %steal     %idle
01時00分02秒     all      0.21      0.00      0.06      0.00      0.05     99.68
02時00分01秒     all      0.25      0.00      0.06      0.00      0.05     99.63
03時00分01秒     all      0.24      0.00      0.06      0.00      0.05     99.65
04時00分01秒     all      0.22      0.00      0.06      0.00      0.06     99.65
05時00分02秒     all      0.13      0.00      0.05      0.00      0.03     99.79
06時00分02秒     all      0.08      0.00      0.04      0.00      0.03     99.84
07時00分01秒     all      0.07      0.00      0.04      0.00      0.03     99.85
08時00分02秒     all      0.06      0.00      0.04      0.00      0.04     99.86
09時00分01秒     all      0.06      0.00      0.03      0.00      0.05     99.86
10時00分01秒     all      0.08      0.00      0.04      0.00      0.05     99.84
11時00分02秒     all      0.10      0.00      0.04      0.00      0.04     99.82
平均値:      all      0.14      0.00      0.05      0.00      0.04     99.77

-------------------- Logged in user --------------------
k83460c1 2018-02-02 11:06

==================== 2018-02-02 14:55:01 ====================

-------------------- uptime --------------------
 14:55:01 up 211 days,  3:44,  0 users,  load average: 0.00, 0.01, 0.05

-------------------- System info --------------------
Linux sakura-tokyo-prod 3.10.0-514.26.2.el7.x86_64 #1 SMP Tue Jul 4 15:04:05 UTC 2017 x86_64 x86_64 x86_64 GNU/Linux

-------------------- Storage usage --------------------
ファイルシス   サイズ  使用  残り 使用% マウント位置
/dev/vda4         96G  5.0G   91G    6% /
devtmpfs         2.0G     0  2.0G    0% /dev
tmpfs            2.0G     0  2.0G    0% /dev/shm
tmpfs            2.0G  727M  1.3G   37% /run
tmpfs            2.0G     0  2.0G    0% /sys/fs/cgroup
/dev/vda2        497M  215M  283M   44% /boot
tmpfs            396M     0  396M    0% /run/user/0
tmpfs            396M     0  396M    0% /run/user/1001

-------------------- System load --------------------
Linux 3.10.0-514.26.2.el7.x86_64 (sakura-tokyo-prod) 	2018年02月02日 	_x86_64_	(4 CPU)

00時00分01秒     CPU     %user     %nice   %system   %iowait    %steal     %idle
01時00分02秒     all      0.21      0.00      0.06      0.00      0.05     99.68
02時00分01秒     all      0.25      0.00      0.06      0.00      0.05     99.63
03時00分01秒     all      0.24      0.00      0.06      0.00      0.05     99.65
04時00分01秒     all      0.22      0.00      0.06      0.00      0.06     99.65
05時00分02秒     all      0.13      0.00      0.05      0.00      0.03     99.79
06時00分02秒     all      0.08      0.00      0.04      0.00      0.03     99.84
07時00分01秒     all      0.07      0.00      0.04      0.00      0.03     99.85
08時00分02秒     all      0.06      0.00      0.04      0.00      0.04     99.86
09時00分01秒     all      0.06      0.00      0.03      0.00      0.05     99.86
10時00分01秒     all      0.08      0.00      0.04      0.00      0.05     99.84
11時00分02秒     all      0.10      0.00      0.04      0.00      0.04     99.82
12時00分01秒     all      0.07      0.00      0.04      0.00      0.05     99.84
13時00分02秒     all      0.09      0.00      0.04      0.00      0.06     99.80
14時00分01秒     all      0.08      0.00      0.04      0.00      0.05     99.82
平均値:      all      0.12      0.00      0.05      0.00      0.05     99.78

-------------------- Logged in user --------------------


==================== 2018-02-02 17:55:01 ====================

-------------------- uptime --------------------
 17:55:01 up 211 days,  6:44,  2 users,  load average: 0.00, 0.01, 0.05

-------------------- System info --------------------
Linux sakura-tokyo-prod 3.10.0-514.26.2.el7.x86_64 #1 SMP Tue Jul 4 15:04:05 UTC 2017 x86_64 x86_64 x86_64 GNU/Linux

-------------------- Storage usage --------------------
ファイルシス   サイズ  使用  残り 使用% マウント位置
/dev/vda4         96G  5.1G   91G    6% /
devtmpfs         2.0G     0  2.0G    0% /dev
tmpfs            2.0G     0  2.0G    0% /dev/shm
tmpfs            2.0G  727M  1.3G   37% /run
tmpfs            2.0G     0  2.0G    0% /sys/fs/cgroup
/dev/vda2        497M  215M  283M   44% /boot
tmpfs            396M     0  396M    0% /run/user/0
tmpfs            396M     0  396M    0% /run/user/1001

-------------------- System load --------------------
Linux 3.10.0-514.26.2.el7.x86_64 (sakura-tokyo-prod) 	2018年02月02日 	_x86_64_	(4 CPU)

00時00分01秒     CPU     %user     %nice   %system   %iowait    %steal     %idle
01時00分02秒     all      0.21      0.00      0.06      0.00      0.05     99.68
02時00分01秒     all      0.25      0.00      0.06      0.00      0.05     99.63
03時00分01秒     all      0.24      0.00      0.06      0.00      0.05     99.65
04時00分01秒     all      0.22      0.00      0.06      0.00      0.06     99.65
05時00分02秒     all      0.13      0.00      0.05      0.00      0.03     99.79
06時00分02秒     all      0.08      0.00      0.04      0.00      0.03     99.84
07時00分01秒     all      0.07      0.00      0.04      0.00      0.03     99.85
08時00分02秒     all      0.06      0.00      0.04      0.00      0.04     99.86
09時00分01秒     all      0.06      0.00      0.03      0.00      0.05     99.86
10時00分01秒     all      0.08      0.00      0.04      0.00      0.05     99.84
11時00分02秒     all      0.10      0.00      0.04      0.00      0.04     99.82
12時00分01秒     all      0.07      0.00      0.04      0.00      0.05     99.84
13時00分02秒     all      0.09      0.00      0.04      0.00      0.06     99.80
14時00分01秒     all      0.08      0.00      0.04      0.00      0.05     99.82
15時00分01秒     all      0.10      0.00      0.04      0.00      0.04     99.81
16時00分02秒     all      0.09      0.00      0.05      0.01      0.05     99.80
17時00分01秒     all      0.16      0.00      0.07      0.01      0.06     99.71
平均値:      all      0.12      0.00      0.05      0.00      0.05     99.78

-------------------- Logged in user --------------------
ke3c2d02 2018-02-02 16:20
kf49ac12 2018-02-02 17:16

==================== 2018-02-02 20:55:01 ====================

-------------------- uptime --------------------
 20:55:01 up 211 days,  9:44,  0 users,  load average: 0.00, 0.01, 0.05

-------------------- System info --------------------
Linux sakura-tokyo-prod 3.10.0-514.26.2.el7.x86_64 #1 SMP Tue Jul 4 15:04:05 UTC 2017 x86_64 x86_64 x86_64 GNU/Linux

-------------------- Storage usage --------------------
ファイルシス   サイズ  使用  残り 使用% マウント位置
/dev/vda4         96G  5.1G   91G    6% /
devtmpfs         2.0G     0  2.0G    0% /dev
tmpfs            2.0G     0  2.0G    0% /dev/shm
tmpfs            2.0G  727M  1.3G   37% /run
tmpfs            2.0G     0  2.0G    0% /sys/fs/cgroup
/dev/vda2        497M  215M  283M   44% /boot
tmpfs            396M     0  396M    0% /run/user/0
tmpfs            396M     0  396M    0% /run/user/1001

-------------------- System load --------------------
Linux 3.10.0-514.26.2.el7.x86_64 (sakura-tokyo-prod) 	2018年02月02日 	_x86_64_	(4 CPU)

00時00分01秒     CPU     %user     %nice   %system   %iowait    %steal     %idle
01時00分02秒     all      0.21      0.00      0.06      0.00      0.05     99.68
02時00分01秒     all      0.25      0.00      0.06      0.00      0.05     99.63
03時00分01秒     all      0.24      0.00      0.06      0.00      0.05     99.65
04時00分01秒     all      0.22      0.00      0.06      0.00      0.06     99.65
05時00分02秒     all      0.13      0.00      0.05      0.00      0.03     99.79
06時00分02秒     all      0.08      0.00      0.04      0.00      0.03     99.84
07時00分01秒     all      0.07      0.00      0.04      0.00      0.03     99.85
08時00分02秒     all      0.06      0.00      0.04      0.00      0.04     99.86
09時00分01秒     all      0.06      0.00      0.03      0.00      0.05     99.86
10時00分01秒     all      0.08      0.00      0.04      0.00      0.05     99.84
11時00分02秒     all      0.10      0.00      0.04      0.00      0.04     99.82
12時00分01秒     all      0.07      0.00      0.04      0.00      0.05     99.84
13時00分02秒     all      0.09      0.00      0.04      0.00      0.06     99.80
14時00分01秒     all      0.08      0.00      0.04      0.00      0.05     99.82
15時00分01秒     all      0.10      0.00      0.04      0.00      0.04     99.81
16時00分02秒     all      0.09      0.00      0.05      0.01      0.05     99.80
17時00分01秒     all      0.16      0.00      0.07      0.01      0.06     99.71
18時00分01秒     all      0.15      0.00      0.09      0.01      0.05     99.69
19時00分02秒     all      0.14      0.00      0.06      0.00      0.04     99.76
20時00分01秒     all      0.07      0.00      0.04      0.00      0.03     99.86
平均値:      all      0.12      0.00      0.05      0.00      0.05     99.78

-------------------- Logged in user --------------------


