==================== 2018-02-03 02:55:01 ====================

-------------------- uptime --------------------
 02:55:01 up 211 days, 15:44,  1 user,  load average: 0.00, 0.01, 0.05

-------------------- System info --------------------
Linux sakura-tokyo-prod 3.10.0-514.26.2.el7.x86_64 #1 SMP Tue Jul 4 15:04:05 UTC 2017 x86_64 x86_64 x86_64 GNU/Linux

-------------------- Storage usage --------------------
ファイルシス   サイズ  使用  残り 使用% マウント位置
/dev/vda4         96G  5.6G   90G    6% /
devtmpfs         2.0G     0  2.0G    0% /dev
tmpfs            2.0G     0  2.0G    0% /dev/shm
tmpfs            2.0G  727M  1.3G   37% /run
tmpfs            2.0G     0  2.0G    0% /sys/fs/cgroup
/dev/vda2        497M  215M  283M   44% /boot
tmpfs            396M     0  396M    0% /run/user/0
tmpfs            396M     0  396M    0% /run/user/1001

-------------------- System load --------------------
Linux 3.10.0-514.26.2.el7.x86_64 (sakura-tokyo-prod) 	2018年02月03日 	_x86_64_	(4 CPU)

00時00分01秒     CPU     %user     %nice   %system   %iowait    %steal     %idle
01時00分01秒     all      0.10      0.00      0.05      0.00      0.04     99.81
02時00分02秒     all      0.11      0.00      0.05      0.01      0.04     99.79
平均値:      all      0.11      0.00      0.05      0.01      0.04     99.80

-------------------- Logged in user --------------------
kdd341fc 2018-02-02 23:12

==================== 2018-02-03 05:55:01 ====================

-------------------- uptime --------------------
 05:55:01 up 211 days, 18:44,  2 users,  load average: 0.00, 0.01, 0.05

-------------------- System info --------------------
Linux sakura-tokyo-prod 3.10.0-514.26.2.el7.x86_64 #1 SMP Tue Jul 4 15:04:05 UTC 2017 x86_64 x86_64 x86_64 GNU/Linux

-------------------- Storage usage --------------------
ファイルシス   サイズ  使用  残り 使用% マウント位置
/dev/vda4         96G  5.6G   90G    6% /
devtmpfs         2.0G     0  2.0G    0% /dev
tmpfs            2.0G     0  2.0G    0% /dev/shm
tmpfs            2.0G  727M  1.3G   37% /run
tmpfs            2.0G     0  2.0G    0% /sys/fs/cgroup
/dev/vda2        497M  215M  283M   44% /boot
tmpfs            396M     0  396M    0% /run/user/0
tmpfs            396M     0  396M    0% /run/user/1001

-------------------- System load --------------------
Linux 3.10.0-514.26.2.el7.x86_64 (sakura-tokyo-prod) 	2018年02月03日 	_x86_64_	(4 CPU)

00時00分01秒     CPU     %user     %nice   %system   %iowait    %steal     %idle
01時00分01秒     all      0.10      0.00      0.05      0.00      0.04     99.81
02時00分02秒     all      0.11      0.00      0.05      0.01      0.04     99.79
03時00分01秒     all      0.13      0.00      0.05      0.02      0.04     99.77
04時00分02秒     all      0.12      0.00      0.05      0.02      0.05     99.76
05時00分02秒     all      0.09      0.00      0.04      0.01      0.04     99.83
平均値:      all      0.11      0.00      0.05      0.01      0.04     99.79

-------------------- Logged in user --------------------
k7ac0d48 2018-02-02 23:12
kc79008f 2018-02-03 05:01

==================== 2018-02-03 08:55:01 ====================

-------------------- uptime --------------------
 08:55:01 up 211 days, 21:44,  2 users,  load average: 0.00, 0.01, 0.05

-------------------- System info --------------------
Linux sakura-tokyo-prod 3.10.0-514.26.2.el7.x86_64 #1 SMP Tue Jul 4 15:04:05 UTC 2017 x86_64 x86_64 x86_64 GNU/Linux

-------------------- Storage usage --------------------
ファイルシス   サイズ  使用  残り 使用% マウント位置
/dev/vda4         96G  5.6G   90G    6% /
devtmpfs         2.0G     0  2.0G    0% /dev
tmpfs            2.0G     0  2.0G    0% /dev/shm
tmpfs            2.0G  727M  1.3G   37% /run
tmpfs            2.0G     0  2.0G    0% /sys/fs/cgroup
/dev/vda2        497M  215M  283M   44% /boot
tmpfs            396M     0  396M    0% /run/user/0
tmpfs            396M     0  396M    0% /run/user/1001

-------------------- System load --------------------
Linux 3.10.0-514.26.2.el7.x86_64 (sakura-tokyo-prod) 	2018年02月03日 	_x86_64_	(4 CPU)

00時00分01秒     CPU     %user     %nice   %system   %iowait    %steal     %idle
01時00分01秒     all      0.10      0.00      0.05      0.00      0.04     99.81
02時00分02秒     all      0.11      0.00      0.05      0.01      0.04     99.79
03時00分01秒     all      0.13      0.00      0.05      0.02      0.04     99.77
04時00分02秒     all      0.12      0.00      0.05      0.02      0.05     99.76
05時00分02秒     all      0.09      0.00      0.04      0.01      0.04     99.83
06時00分02秒     all      0.11      0.00      0.05      0.01      0.04     99.79
07時00分02秒     all      0.11      0.00      0.05      0.00      0.04     99.80
08時00分01秒     all      0.07      0.00      0.04      0.00      0.04     99.85
平均値:      all      0.10      0.00      0.05      0.01      0.04     99.80

-------------------- Logged in user --------------------
k6692790 2018-02-02 23:12
k9c5adae 2018-02-03 05:01

==================== 2018-02-03 11:55:01 ====================

-------------------- uptime --------------------
 11:55:01 up 212 days, 44 min,  2 users,  load average: 0.00, 0.01, 0.05

-------------------- System info --------------------
Linux sakura-tokyo-prod 3.10.0-514.26.2.el7.x86_64 #1 SMP Tue Jul 4 15:04:05 UTC 2017 x86_64 x86_64 x86_64 GNU/Linux

-------------------- Storage usage --------------------
ファイルシス   サイズ  使用  残り 使用% マウント位置
/dev/vda4         96G  5.6G   90G    6% /
devtmpfs         2.0G     0  2.0G    0% /dev
tmpfs            2.0G     0  2.0G    0% /dev/shm
tmpfs            2.0G  727M  1.3G   37% /run
tmpfs            2.0G     0  2.0G    0% /sys/fs/cgroup
/dev/vda2        497M  215M  283M   44% /boot
tmpfs            396M     0  396M    0% /run/user/0
tmpfs            396M     0  396M    0% /run/user/1001

-------------------- System load --------------------
Linux 3.10.0-514.26.2.el7.x86_64 (sakura-tokyo-prod) 	2018年02月03日 	_x86_64_	(4 CPU)

00時00分01秒     CPU     %user     %nice   %system   %iowait    %steal     %idle
01時00分01秒     all      0.10      0.00      0.05      0.00      0.04     99.81
02時00分02秒     all      0.11      0.00      0.05      0.01      0.04     99.79
03時00分01秒     all      0.13      0.00      0.05      0.02      0.04     99.77
04時00分02秒     all      0.12      0.00      0.05      0.02      0.05     99.76
05時00分02秒     all      0.09      0.00      0.04      0.01      0.04     99.83
06時00分02秒     all      0.11      0.00      0.05      0.01      0.04     99.79
07時00分02秒     all      0.11      0.00      0.05      0.00      0.04     99.80
08時00分01秒     all      0.07      0.00      0.04      0.00      0.04     99.85
09時00分02秒     all      0.07      0.00      0.04      0.00      0.04     99.84
10時00分02秒     all      0.08      0.00      0.05      0.00      0.04     99.83
11時00分02秒     all      0.07      0.00      0.05      0.00      0.04     99.84
平均値:      all      0.10      0.00      0.05      0.01      0.04     99.81

-------------------- Logged in user --------------------
k4cca2c0 2018-02-02 23:12
k5be6727 2018-02-03 05:01

==================== 2018-02-03 14:55:01 ====================

-------------------- uptime --------------------
 14:55:01 up 212 days,  3:44,  2 users,  load average: 0.00, 0.01, 0.05

-------------------- System info --------------------
Linux sakura-tokyo-prod 3.10.0-514.26.2.el7.x86_64 #1 SMP Tue Jul 4 15:04:05 UTC 2017 x86_64 x86_64 x86_64 GNU/Linux

-------------------- Storage usage --------------------
ファイルシス   サイズ  使用  残り 使用% マウント位置
/dev/vda4         96G  5.6G   90G    6% /
devtmpfs         2.0G     0  2.0G    0% /dev
tmpfs            2.0G     0  2.0G    0% /dev/shm
tmpfs            2.0G  727M  1.3G   37% /run
tmpfs            2.0G     0  2.0G    0% /sys/fs/cgroup
/dev/vda2        497M  215M  283M   44% /boot
tmpfs            396M     0  396M    0% /run/user/0
tmpfs            396M     0  396M    0% /run/user/1001

-------------------- System load --------------------
Linux 3.10.0-514.26.2.el7.x86_64 (sakura-tokyo-prod) 	2018年02月03日 	_x86_64_	(4 CPU)

00時00分01秒     CPU     %user     %nice   %system   %iowait    %steal     %idle
01時00分01秒     all      0.10      0.00      0.05      0.00      0.04     99.81
02時00分02秒     all      0.11      0.00      0.05      0.01      0.04     99.79
03時00分01秒     all      0.13      0.00      0.05      0.02      0.04     99.77
04時00分02秒     all      0.12      0.00      0.05      0.02      0.05     99.76
05時00分02秒     all      0.09      0.00      0.04      0.01      0.04     99.83
06時00分02秒     all      0.11      0.00      0.05      0.01      0.04     99.79
07時00分02秒     all      0.11      0.00      0.05      0.00      0.04     99.80
08時00分01秒     all      0.07      0.00      0.04      0.00      0.04     99.85
09時00分02秒     all      0.07      0.00      0.04      0.00      0.04     99.84
10時00分02秒     all      0.08      0.00      0.05      0.00      0.04     99.83
11時00分02秒     all      0.07      0.00      0.05      0.00      0.04     99.84
12時00分02秒     all      0.08      0.00      0.05      0.00      0.04     99.82
13時00分01秒     all      0.25      0.00      0.07      0.00      0.05     99.63
14時00分01秒     all      0.07      0.00      0.05      0.00      0.04     99.83
平均値:      all      0.10      0.00      0.05      0.01      0.04     99.80

-------------------- Logged in user --------------------
kda6d1b7 2018-02-02 23:12
k4a08c55 2018-02-03 05:01

==================== 2018-02-03 17:55:01 ====================

-------------------- uptime --------------------
 17:55:01 up 212 days,  6:44,  2 users,  load average: 0.00, 0.01, 0.05

-------------------- System info --------------------
Linux sakura-tokyo-prod 3.10.0-514.26.2.el7.x86_64 #1 SMP Tue Jul 4 15:04:05 UTC 2017 x86_64 x86_64 x86_64 GNU/Linux

-------------------- Storage usage --------------------
ファイルシス   サイズ  使用  残り 使用% マウント位置
/dev/vda4         96G  5.6G   90G    6% /
devtmpfs         2.0G     0  2.0G    0% /dev
tmpfs            2.0G     0  2.0G    0% /dev/shm
tmpfs            2.0G  728M  1.3G   37% /run
tmpfs            2.0G     0  2.0G    0% /sys/fs/cgroup
/dev/vda2        497M  215M  283M   44% /boot
tmpfs            396M     0  396M    0% /run/user/0
tmpfs            396M     0  396M    0% /run/user/1001

-------------------- System load --------------------
Linux 3.10.0-514.26.2.el7.x86_64 (sakura-tokyo-prod) 	2018年02月03日 	_x86_64_	(4 CPU)

00時00分01秒     CPU     %user     %nice   %system   %iowait    %steal     %idle
01時00分01秒     all      0.10      0.00      0.05      0.00      0.04     99.81
02時00分02秒     all      0.11      0.00      0.05      0.01      0.04     99.79
03時00分01秒     all      0.13      0.00      0.05      0.02      0.04     99.77
04時00分02秒     all      0.12      0.00      0.05      0.02      0.05     99.76
05時00分02秒     all      0.09      0.00      0.04      0.01      0.04     99.83
06時00分02秒     all      0.11      0.00      0.05      0.01      0.04     99.79
07時00分02秒     all      0.11      0.00      0.05      0.00      0.04     99.80
08時00分01秒     all      0.07      0.00      0.04      0.00      0.04     99.85
09時00分02秒     all      0.07      0.00      0.04      0.00      0.04     99.84
10時00分02秒     all      0.08      0.00      0.05      0.00      0.04     99.83
11時00分02秒     all      0.07      0.00      0.05      0.00      0.04     99.84
12時00分02秒     all      0.08      0.00      0.05      0.00      0.04     99.82
13時00分01秒     all      0.25      0.00      0.07      0.00      0.05     99.63
14時00分01秒     all      0.07      0.00      0.05      0.00      0.04     99.83
15時00分01秒     all      0.07      0.00      0.05      0.00      0.04     99.83
16時00分02秒     all      0.09      0.00      0.05      0.00      0.05     99.80
17時00分01秒     all      0.08      0.00      0.04      0.00      0.03     99.85
平均値:      all      0.10      0.00      0.05      0.01      0.04     99.80

-------------------- Logged in user --------------------
kcc9e365 2018-02-02 23:12
k2a9b43d 2018-02-03 05:01

==================== 2018-02-03 20:55:02 ====================

-------------------- uptime --------------------
 20:55:02 up 212 days,  9:44,  2 users,  load average: 0.00, 0.01, 0.05

-------------------- System info --------------------
Linux sakura-tokyo-prod 3.10.0-514.26.2.el7.x86_64 #1 SMP Tue Jul 4 15:04:05 UTC 2017 x86_64 x86_64 x86_64 GNU/Linux

-------------------- Storage usage --------------------
ファイルシス   サイズ  使用  残り 使用% マウント位置
/dev/vda4         96G  5.6G   90G    6% /
devtmpfs         2.0G     0  2.0G    0% /dev
tmpfs            2.0G     0  2.0G    0% /dev/shm
tmpfs            2.0G  728M  1.3G   37% /run
tmpfs            2.0G     0  2.0G    0% /sys/fs/cgroup
/dev/vda2        497M  215M  283M   44% /boot
tmpfs            396M     0  396M    0% /run/user/0
tmpfs            396M     0  396M    0% /run/user/1001

-------------------- System load --------------------
Linux 3.10.0-514.26.2.el7.x86_64 (sakura-tokyo-prod) 	2018年02月03日 	_x86_64_	(4 CPU)

00時00分01秒     CPU     %user     %nice   %system   %iowait    %steal     %idle
01時00分01秒     all      0.10      0.00      0.05      0.00      0.04     99.81
02時00分02秒     all      0.11      0.00      0.05      0.01      0.04     99.79
03時00分01秒     all      0.13      0.00      0.05      0.02      0.04     99.77
04時00分02秒     all      0.12      0.00      0.05      0.02      0.05     99.76
05時00分02秒     all      0.09      0.00      0.04      0.01      0.04     99.83
06時00分02秒     all      0.11      0.00      0.05      0.01      0.04     99.79
07時00分02秒     all      0.11      0.00      0.05      0.00      0.04     99.80
08時00分01秒     all      0.07      0.00      0.04      0.00      0.04     99.85
09時00分02秒     all      0.07      0.00      0.04      0.00      0.04     99.84
10時00分02秒     all      0.08      0.00      0.05      0.00      0.04     99.83
11時00分02秒     all      0.07      0.00      0.05      0.00      0.04     99.84
12時00分02秒     all      0.08      0.00      0.05      0.00      0.04     99.82
13時00分01秒     all      0.25      0.00      0.07      0.00      0.05     99.63
14時00分01秒     all      0.07      0.00      0.05      0.00      0.04     99.83
15時00分01秒     all      0.07      0.00      0.05      0.00      0.04     99.83
16時00分02秒     all      0.09      0.00      0.05      0.00      0.05     99.80
17時00分01秒     all      0.08      0.00      0.04      0.00      0.03     99.85
18時00分01秒     all      0.10      0.00      0.04      0.00      0.05     99.81
19時00分01秒     all      0.11      0.00      0.04      0.00      0.04     99.81
20時00分02秒     all      0.08      0.00      0.04      0.00      0.03     99.85
平均値:      all      0.10      0.00      0.05      0.01      0.04     99.81

-------------------- Logged in user --------------------
k6610489 2018-02-02 23:12
k6683318 2018-02-03 05:01

==================== 2018-02-03 23:55:01 ====================

-------------------- uptime --------------------
 23:55:01 up 212 days, 12:44,  2 users,  load average: 0.00, 0.01, 0.05

-------------------- System info --------------------
Linux sakura-tokyo-prod 3.10.0-514.26.2.el7.x86_64 #1 SMP Tue Jul 4 15:04:05 UTC 2017 x86_64 x86_64 x86_64 GNU/Linux

-------------------- Storage usage --------------------
ファイルシス   サイズ  使用  残り 使用% マウント位置
/dev/vda4         96G  5.6G   90G    6% /
devtmpfs         2.0G     0  2.0G    0% /dev
tmpfs            2.0G     0  2.0G    0% /dev/shm
tmpfs            2.0G  728M  1.3G   37% /run
tmpfs            2.0G     0  2.0G    0% /sys/fs/cgroup
/dev/vda2        497M  215M  283M   44% /boot
tmpfs            396M     0  396M    0% /run/user/0
tmpfs            396M     0  396M    0% /run/user/1001

-------------------- System load --------------------
Linux 3.10.0-514.26.2.el7.x86_64 (sakura-tokyo-prod) 	2018年02月03日 	_x86_64_	(4 CPU)

00時00分01秒     CPU     %user     %nice   %system   %iowait    %steal     %idle
01時00分01秒     all      0.10      0.00      0.05      0.00      0.04     99.81
02時00分02秒     all      0.11      0.00      0.05      0.01      0.04     99.79
03時00分01秒     all      0.13      0.00      0.05      0.02      0.04     99.77
04時00分02秒     all      0.12      0.00      0.05      0.02      0.05     99.76
05時00分02秒     all      0.09      0.00      0.04      0.01      0.04     99.83
06時00分02秒     all      0.11      0.00      0.05      0.01      0.04     99.79
07時00分02秒     all      0.11      0.00      0.05      0.00      0.04     99.80
08時00分01秒     all      0.07      0.00      0.04      0.00      0.04     99.85
09時00分02秒     all      0.07      0.00      0.04      0.00      0.04     99.84
10時00分02秒     all      0.08      0.00      0.05      0.00      0.04     99.83
11時00分02秒     all      0.07      0.00      0.05      0.00      0.04     99.84
12時00分02秒     all      0.08      0.00      0.05      0.00      0.04     99.82
13時00分01秒     all      0.25      0.00      0.07      0.00      0.05     99.63
14時00分01秒     all      0.07      0.00      0.05      0.00      0.04     99.83
15時00分01秒     all      0.07      0.00      0.05      0.00      0.04     99.83
16時00分02秒     all      0.09      0.00      0.05      0.00      0.05     99.80
17時00分01秒     all      0.08      0.00      0.04      0.00      0.03     99.85
18時00分01秒     all      0.10      0.00      0.04      0.00      0.05     99.81
19時00分01秒     all      0.11      0.00      0.04      0.00      0.04     99.81
20時00分02秒     all      0.08      0.00      0.04      0.00      0.03     99.85
21時00分02秒     all      0.07      0.00      0.04      0.00      0.03     99.86
22時00分02秒     all      0.14      0.00      0.04      0.00      0.04     99.77
23時00分02秒     all      0.08      0.00      0.03      0.00      0.04     99.85
平均値:      all      0.10      0.00      0.05      0.00      0.04     99.81

-------------------- Logged in user --------------------
kf23b3f4 2018-02-02 23:12
k154f68b 2018-02-03 05:01

