==================== 2018-02-04 02:55:01 ====================

-------------------- uptime --------------------
 02:55:01 up 212 days, 15:44,  2 users,  load average: 0.00, 0.01, 0.05

-------------------- System info --------------------
Linux sakura-tokyo-prod 3.10.0-514.26.2.el7.x86_64 #1 SMP Tue Jul 4 15:04:05 UTC 2017 x86_64 x86_64 x86_64 GNU/Linux

-------------------- Storage usage --------------------
ファイルシス   サイズ  使用  残り 使用% マウント位置
/dev/vda4         96G  5.6G   90G    6% /
devtmpfs         2.0G     0  2.0G    0% /dev
tmpfs            2.0G     0  2.0G    0% /dev/shm
tmpfs            2.0G  728M  1.3G   37% /run
tmpfs            2.0G     0  2.0G    0% /sys/fs/cgroup
/dev/vda2        497M  215M  283M   44% /boot
tmpfs            396M     0  396M    0% /run/user/0
tmpfs            396M     0  396M    0% /run/user/1001

-------------------- System load --------------------
Linux 3.10.0-514.26.2.el7.x86_64 (sakura-tokyo-prod) 	2018年02月04日 	_x86_64_	(4 CPU)

00時00分01秒     CPU     %user     %nice   %system   %iowait    %steal     %idle
01時00分02秒     all      0.09      0.00      0.04      0.00      0.05     99.82
02時00分01秒     all      0.13      0.00      0.06      0.01      0.06     99.75
平均値:      all      0.11      0.00      0.05      0.01      0.05     99.78

-------------------- Logged in user --------------------
kb6fefe8 2018-02-02 23:12
kf5ddf0c 2018-02-03 05:01

==================== 2018-02-04 05:55:01 ====================

-------------------- uptime --------------------
 05:55:01 up 212 days, 18:44,  2 users,  load average: 0.00, 0.01, 0.05

-------------------- System info --------------------
Linux sakura-tokyo-prod 3.10.0-514.26.2.el7.x86_64 #1 SMP Tue Jul 4 15:04:05 UTC 2017 x86_64 x86_64 x86_64 GNU/Linux

-------------------- Storage usage --------------------
ファイルシス   サイズ  使用  残り 使用% マウント位置
/dev/vda4         96G  5.6G   90G    6% /
devtmpfs         2.0G     0  2.0G    0% /dev
tmpfs            2.0G     0  2.0G    0% /dev/shm
tmpfs            2.0G  728M  1.3G   37% /run
tmpfs            2.0G     0  2.0G    0% /sys/fs/cgroup
/dev/vda2        497M  215M  283M   44% /boot
tmpfs            396M     0  396M    0% /run/user/0
tmpfs            396M     0  396M    0% /run/user/1001

-------------------- System load --------------------
Linux 3.10.0-514.26.2.el7.x86_64 (sakura-tokyo-prod) 	2018年02月04日 	_x86_64_	(4 CPU)

00時00分01秒     CPU     %user     %nice   %system   %iowait    %steal     %idle
01時00分02秒     all      0.09      0.00      0.04      0.00      0.05     99.82
02時00分01秒     all      0.13      0.00      0.06      0.01      0.06     99.75
03時00分02秒     all      0.12      0.00      0.06      0.01      0.06     99.75
04時00分02秒     all      0.34      0.00      0.08      0.02      0.07     99.50
05時00分01秒     all      0.25      0.00      0.08      0.01      0.04     99.62
平均値:      all      0.18      0.00      0.06      0.01      0.05     99.69

-------------------- Logged in user --------------------
ka519461 2018-02-02 23:12
k3f21963 2018-02-03 05:01

==================== 2018-02-04 08:55:01 ====================

-------------------- uptime --------------------
 08:55:01 up 212 days, 21:44,  2 users,  load average: 0.02, 0.04, 0.05

-------------------- System info --------------------
Linux sakura-tokyo-prod 3.10.0-514.26.2.el7.x86_64 #1 SMP Tue Jul 4 15:04:05 UTC 2017 x86_64 x86_64 x86_64 GNU/Linux

-------------------- Storage usage --------------------
ファイルシス   サイズ  使用  残り 使用% マウント位置
/dev/vda4         96G  5.6G   90G    6% /
devtmpfs         2.0G     0  2.0G    0% /dev
tmpfs            2.0G     0  2.0G    0% /dev/shm
tmpfs            2.0G  728M  1.3G   37% /run
tmpfs            2.0G     0  2.0G    0% /sys/fs/cgroup
/dev/vda2        497M  215M  283M   44% /boot
tmpfs            396M     0  396M    0% /run/user/0
tmpfs            396M     0  396M    0% /run/user/1001

-------------------- System load --------------------
Linux 3.10.0-514.26.2.el7.x86_64 (sakura-tokyo-prod) 	2018年02月04日 	_x86_64_	(4 CPU)

00時00分01秒     CPU     %user     %nice   %system   %iowait    %steal     %idle
01時00分02秒     all      0.09      0.00      0.04      0.00      0.05     99.82
02時00分01秒     all      0.13      0.00      0.06      0.01      0.06     99.75
03時00分02秒     all      0.12      0.00      0.06      0.01      0.06     99.75
04時00分02秒     all      0.34      0.00      0.08      0.02      0.07     99.50
05時00分01秒     all      0.25      0.00      0.08      0.01      0.04     99.62
06時00分01秒     all      0.15      0.00      0.06      0.02      0.04     99.73
07時00分01秒     all      0.45      0.00      0.10      0.01      0.07     99.37
08時00分01秒     all      0.29      0.00      0.07      0.01      0.06     99.57
平均値:      all      0.23      0.00      0.07      0.01      0.06     99.64

-------------------- Logged in user --------------------
ke8910fc 2018-02-02 23:12
kc8161bd 2018-02-03 05:01

==================== 2018-02-04 11:55:01 ====================

-------------------- uptime --------------------
 11:55:01 up 213 days, 44 min,  2 users,  load average: 0.00, 0.01, 0.05

-------------------- System info --------------------
Linux sakura-tokyo-prod 3.10.0-514.26.2.el7.x86_64 #1 SMP Tue Jul 4 15:04:05 UTC 2017 x86_64 x86_64 x86_64 GNU/Linux

-------------------- Storage usage --------------------
ファイルシス   サイズ  使用  残り 使用% マウント位置
/dev/vda4         96G  5.6G   90G    6% /
devtmpfs         2.0G     0  2.0G    0% /dev
tmpfs            2.0G     0  2.0G    0% /dev/shm
tmpfs            2.0G  728M  1.3G   37% /run
tmpfs            2.0G     0  2.0G    0% /sys/fs/cgroup
/dev/vda2        497M  215M  283M   44% /boot
tmpfs            396M     0  396M    0% /run/user/0
tmpfs            396M     0  396M    0% /run/user/1001

-------------------- System load --------------------
Linux 3.10.0-514.26.2.el7.x86_64 (sakura-tokyo-prod) 	2018年02月04日 	_x86_64_	(4 CPU)

00時00分01秒     CPU     %user     %nice   %system   %iowait    %steal     %idle
01時00分02秒     all      0.09      0.00      0.04      0.00      0.05     99.82
02時00分01秒     all      0.13      0.00      0.06      0.01      0.06     99.75
03時00分02秒     all      0.12      0.00      0.06      0.01      0.06     99.75
04時00分02秒     all      0.34      0.00      0.08      0.02      0.07     99.50
05時00分01秒     all      0.25      0.00      0.08      0.01      0.04     99.62
06時00分01秒     all      0.15      0.00      0.06      0.02      0.04     99.73
07時00分01秒     all      0.45      0.00      0.10      0.01      0.07     99.37
08時00分01秒     all      0.29      0.00      0.07      0.01      0.06     99.57
09時00分02秒     all      0.21      0.00      0.06      0.01      0.04     99.67
10時00分01秒     all      0.13      0.00      0.06      0.01      0.04     99.75
11時00分02秒     all      0.12      0.00      0.06      0.01      0.04     99.77
平均値:      all      0.21      0.00      0.07      0.01      0.05     99.66

-------------------- Logged in user --------------------
ka7f8bb5 2018-02-02 23:12
k47f9cd9 2018-02-03 05:01

==================== 2018-02-04 14:55:01 ====================

-------------------- uptime --------------------
 14:55:01 up 213 days,  3:44,  2 users,  load average: 0.00, 0.01, 0.05

-------------------- System info --------------------
Linux sakura-tokyo-prod 3.10.0-514.26.2.el7.x86_64 #1 SMP Tue Jul 4 15:04:05 UTC 2017 x86_64 x86_64 x86_64 GNU/Linux

-------------------- Storage usage --------------------
ファイルシス   サイズ  使用  残り 使用% マウント位置
/dev/vda4         96G  5.6G   90G    6% /
devtmpfs         2.0G     0  2.0G    0% /dev
tmpfs            2.0G     0  2.0G    0% /dev/shm
tmpfs            2.0G  728M  1.3G   37% /run
tmpfs            2.0G     0  2.0G    0% /sys/fs/cgroup
/dev/vda2        497M  215M  283M   44% /boot
tmpfs            396M     0  396M    0% /run/user/0
tmpfs            396M     0  396M    0% /run/user/1001

-------------------- System load --------------------
Linux 3.10.0-514.26.2.el7.x86_64 (sakura-tokyo-prod) 	2018年02月04日 	_x86_64_	(4 CPU)

00時00分01秒     CPU     %user     %nice   %system   %iowait    %steal     %idle
01時00分02秒     all      0.09      0.00      0.04      0.00      0.05     99.82
02時00分01秒     all      0.13      0.00      0.06      0.01      0.06     99.75
03時00分02秒     all      0.12      0.00      0.06      0.01      0.06     99.75
04時00分02秒     all      0.34      0.00      0.08      0.02      0.07     99.50
05時00分01秒     all      0.25      0.00      0.08      0.01      0.04     99.62
06時00分01秒     all      0.15      0.00      0.06      0.02      0.04     99.73
07時00分01秒     all      0.45      0.00      0.10      0.01      0.07     99.37
08時00分01秒     all      0.29      0.00      0.07      0.01      0.06     99.57
09時00分02秒     all      0.21      0.00      0.06      0.01      0.04     99.67
10時00分01秒     all      0.13      0.00      0.06      0.01      0.04     99.75
11時00分02秒     all      0.12      0.00      0.06      0.01      0.04     99.77
12時00分02秒     all      0.14      0.00      0.07      0.01      0.05     99.73
13時00分02秒     all      0.15      0.00      0.07      0.01      0.05     99.72
14時00分02秒     all      0.12      0.00      0.06      0.01      0.04     99.76
平均値:      all      0.19      0.00      0.07      0.01      0.05     99.68

-------------------- Logged in user --------------------
k1d6d0de 2018-02-02 23:12
k1aca769 2018-02-03 05:01

