==================== 2018-02-05 02:55:01 ====================

-------------------- uptime --------------------
 02:55:01 up 213 days, 15:44,  2 users,  load average: 0.00, 0.01, 0.05

-------------------- System info --------------------
Linux sakura-tokyo-prod 3.10.0-514.26.2.el7.x86_64 #1 SMP Tue Jul 4 15:04:05 UTC 2017 x86_64 x86_64 x86_64 GNU/Linux

-------------------- Storage usage --------------------
ファイルシス   サイズ  使用  残り 使用% マウント位置
/dev/vda4         96G  5.6G   90G    6% /
devtmpfs         2.0G     0  2.0G    0% /dev
tmpfs            2.0G     0  2.0G    0% /dev/shm
tmpfs            2.0G  729M  1.3G   37% /run
tmpfs            2.0G     0  2.0G    0% /sys/fs/cgroup
/dev/vda2        497M  215M  283M   44% /boot
tmpfs            396M     0  396M    0% /run/user/0
tmpfs            396M     0  396M    0% /run/user/1001

-------------------- System load --------------------
Linux 3.10.0-514.26.2.el7.x86_64 (sakura-tokyo-prod) 	2018年02月05日 	_x86_64_	(4 CPU)

00時00分01秒     CPU     %user     %nice   %system   %iowait    %steal     %idle
01時00分01秒     all      0.14      0.00      0.06      0.00      0.05     99.75
02時00分02秒     all      0.12      0.00      0.05      0.00      0.04     99.78
平均値:      all      0.13      0.00      0.06      0.00      0.04     99.76

-------------------- Logged in user --------------------
k358b758 2018-02-02 23:12
k01ec083 2018-02-03 05:01

==================== 2018-02-05 05:55:01 ====================

-------------------- uptime --------------------
 05:55:01 up 213 days, 18:44,  1 user,  load average: 0.00, 0.01, 0.05

-------------------- System info --------------------
Linux sakura-tokyo-prod 3.10.0-514.26.2.el7.x86_64 #1 SMP Tue Jul 4 15:04:05 UTC 2017 x86_64 x86_64 x86_64 GNU/Linux

-------------------- Storage usage --------------------
ファイルシス   サイズ  使用  残り 使用% マウント位置
/dev/vda4         96G  5.6G   90G    6% /
devtmpfs         2.0G     0  2.0G    0% /dev
tmpfs            2.0G     0  2.0G    0% /dev/shm
tmpfs            2.0G  729M  1.3G   37% /run
tmpfs            2.0G     0  2.0G    0% /sys/fs/cgroup
/dev/vda2        497M  215M  283M   44% /boot
tmpfs            396M     0  396M    0% /run/user/0
tmpfs            396M     0  396M    0% /run/user/1001

-------------------- System load --------------------
Linux 3.10.0-514.26.2.el7.x86_64 (sakura-tokyo-prod) 	2018年02月05日 	_x86_64_	(4 CPU)

00時00分01秒     CPU     %user     %nice   %system   %iowait    %steal     %idle
01時00分01秒     all      0.14      0.00      0.06      0.00      0.05     99.75
02時00分02秒     all      0.12      0.00      0.05      0.00      0.04     99.78
03時00分02秒     all      0.12      0.00      0.05      0.00      0.03     99.79
04時00分01秒     all      0.11      0.00      0.05      0.00      0.05     99.78
05時00分01秒     all      0.43      0.00      0.07      0.01      0.05     99.44
平均値:      all      0.19      0.00      0.06      0.01      0.04     99.71

-------------------- Logged in user --------------------
k1c5c02a 2018-02-02 23:12

==================== 2018-02-05 08:55:01 ====================

-------------------- uptime --------------------
 08:55:01 up 213 days, 21:44,  1 user,  load average: 0.00, 0.01, 0.05

-------------------- System info --------------------
Linux sakura-tokyo-prod 3.10.0-514.26.2.el7.x86_64 #1 SMP Tue Jul 4 15:04:05 UTC 2017 x86_64 x86_64 x86_64 GNU/Linux

-------------------- Storage usage --------------------
ファイルシス   サイズ  使用  残り 使用% マウント位置
/dev/vda4         96G  5.6G   90G    6% /
devtmpfs         2.0G     0  2.0G    0% /dev
tmpfs            2.0G     0  2.0G    0% /dev/shm
tmpfs            2.0G  729M  1.3G   37% /run
tmpfs            2.0G     0  2.0G    0% /sys/fs/cgroup
/dev/vda2        497M  215M  283M   44% /boot
tmpfs            396M     0  396M    0% /run/user/0
tmpfs            396M     0  396M    0% /run/user/1001

-------------------- System load --------------------
Linux 3.10.0-514.26.2.el7.x86_64 (sakura-tokyo-prod) 	2018年02月05日 	_x86_64_	(4 CPU)

00時00分01秒     CPU     %user     %nice   %system   %iowait    %steal     %idle
01時00分01秒     all      0.14      0.00      0.06      0.00      0.05     99.75
02時00分02秒     all      0.12      0.00      0.05      0.00      0.04     99.78
03時00分02秒     all      0.12      0.00      0.05      0.00      0.03     99.79
04時00分01秒     all      0.11      0.00      0.05      0.00      0.05     99.78
05時00分01秒     all      0.43      0.00      0.07      0.01      0.05     99.44
06時00分01秒     all      0.06      0.00      0.03      0.00      0.03     99.87
07時00分02秒     all      0.08      0.00      0.04      0.00      0.04     99.84
08時00分02秒     all      0.08      0.00      0.04      0.00      0.06     99.82
平均値:      all      0.14      0.00      0.05      0.00      0.04     99.76

-------------------- Logged in user --------------------
k1a33782 2018-02-02 23:12

