==================== 2018-02-08 02:55:01 ====================

-------------------- uptime --------------------
 02:55:01 up 216 days, 15:44,  1 user,  load average: 0.00, 0.02, 0.05

-------------------- System info --------------------
Linux sakura-tokyo-prod 3.10.0-514.26.2.el7.x86_64 #1 SMP Tue Jul 4 15:04:05 UTC 2017 x86_64 x86_64 x86_64 GNU/Linux

-------------------- Storage usage --------------------
ファイルシス   サイズ  使用  残り 使用% マウント位置
/dev/vda4         96G  5.6G   90G    6% /
devtmpfs         2.0G     0  2.0G    0% /dev
tmpfs            2.0G     0  2.0G    0% /dev/shm
tmpfs            2.0G  739M  1.3G   38% /run
tmpfs            2.0G     0  2.0G    0% /sys/fs/cgroup
/dev/vda2        497M  215M  283M   44% /boot
tmpfs            396M     0  396M    0% /run/user/0
tmpfs            396M     0  396M    0% /run/user/1001

-------------------- System load --------------------
Linux 3.10.0-514.26.2.el7.x86_64 (sakura-tokyo-prod) 	2018年02月08日 	_x86_64_	(4 CPU)

00時00分01秒     CPU     %user     %nice   %system   %iowait    %steal     %idle
01時00分02秒     all      0.09      0.00      0.04      0.00      0.05     99.82
02時00分02秒     all      0.09      0.00      0.04      0.00      0.05     99.82
平均値:      all      0.09      0.00      0.04      0.00      0.05     99.82

-------------------- Logged in user --------------------
k498fc32 2018-02-07 14:34

==================== 2018-02-08 05:55:01 ====================

-------------------- uptime --------------------
 05:55:01 up 216 days, 18:44,  1 user,  load average: 0.00, 0.01, 0.05

-------------------- System info --------------------
Linux sakura-tokyo-prod 3.10.0-514.26.2.el7.x86_64 #1 SMP Tue Jul 4 15:04:05 UTC 2017 x86_64 x86_64 x86_64 GNU/Linux

-------------------- Storage usage --------------------
ファイルシス   サイズ  使用  残り 使用% マウント位置
/dev/vda4         96G  5.6G   90G    6% /
devtmpfs         2.0G     0  2.0G    0% /dev
tmpfs            2.0G     0  2.0G    0% /dev/shm
tmpfs            2.0G  739M  1.3G   38% /run
tmpfs            2.0G     0  2.0G    0% /sys/fs/cgroup
/dev/vda2        497M  215M  283M   44% /boot
tmpfs            396M     0  396M    0% /run/user/0
tmpfs            396M     0  396M    0% /run/user/1001

-------------------- System load --------------------
Linux 3.10.0-514.26.2.el7.x86_64 (sakura-tokyo-prod) 	2018年02月08日 	_x86_64_	(4 CPU)

00時00分01秒     CPU     %user     %nice   %system   %iowait    %steal     %idle
01時00分02秒     all      0.09      0.00      0.04      0.00      0.05     99.82
02時00分02秒     all      0.09      0.00      0.04      0.00      0.05     99.82
03時00分01秒     all      0.07      0.00      0.03      0.00      0.04     99.85
04時00分01秒     all      0.07      0.00      0.04      0.00      0.05     99.83
05時00分02秒     all      0.08      0.00      0.04      0.00      0.04     99.84
平均値:      all      0.08      0.00      0.04      0.00      0.05     99.83

-------------------- Logged in user --------------------
kf9b4636 2018-02-07 14:34

==================== 2018-02-08 08:55:01 ====================

-------------------- uptime --------------------
 08:55:01 up 216 days, 21:44,  1 user,  load average: 0.00, 0.01, 0.05

-------------------- System info --------------------
Linux sakura-tokyo-prod 3.10.0-514.26.2.el7.x86_64 #1 SMP Tue Jul 4 15:04:05 UTC 2017 x86_64 x86_64 x86_64 GNU/Linux

-------------------- Storage usage --------------------
ファイルシス   サイズ  使用  残り 使用% マウント位置
/dev/vda4         96G  5.6G   90G    6% /
devtmpfs         2.0G     0  2.0G    0% /dev
tmpfs            2.0G     0  2.0G    0% /dev/shm
tmpfs            2.0G  739M  1.3G   38% /run
tmpfs            2.0G     0  2.0G    0% /sys/fs/cgroup
/dev/vda2        497M  215M  283M   44% /boot
tmpfs            396M     0  396M    0% /run/user/0
tmpfs            396M     0  396M    0% /run/user/1001

-------------------- System load --------------------
Linux 3.10.0-514.26.2.el7.x86_64 (sakura-tokyo-prod) 	2018年02月08日 	_x86_64_	(4 CPU)

00時00分01秒     CPU     %user     %nice   %system   %iowait    %steal     %idle
01時00分02秒     all      0.09      0.00      0.04      0.00      0.05     99.82
02時00分02秒     all      0.09      0.00      0.04      0.00      0.05     99.82
03時00分01秒     all      0.07      0.00      0.03      0.00      0.04     99.85
04時00分01秒     all      0.07      0.00      0.04      0.00      0.05     99.83
05時00分02秒     all      0.08      0.00      0.04      0.00      0.04     99.84
06時00分02秒     all      0.07      0.00      0.03      0.00      0.05     99.85
07時00分02秒     all      0.08      0.00      0.04      0.00      0.04     99.84
08時00分02秒     all      0.07      0.00      0.04      0.00      0.06     99.83
平均値:      all      0.08      0.00      0.04      0.00      0.05     99.83

-------------------- Logged in user --------------------
k5429cfa 2018-02-07 14:34

==================== 2018-02-08 11:55:01 ====================

-------------------- uptime --------------------
 11:55:01 up 217 days, 44 min,  1 user,  load average: 0.00, 0.01, 0.05

-------------------- System info --------------------
Linux sakura-tokyo-prod 3.10.0-514.26.2.el7.x86_64 #1 SMP Tue Jul 4 15:04:05 UTC 2017 x86_64 x86_64 x86_64 GNU/Linux

-------------------- Storage usage --------------------
ファイルシス   サイズ  使用  残り 使用% マウント位置
/dev/vda4         96G  5.6G   90G    6% /
devtmpfs         2.0G     0  2.0G    0% /dev
tmpfs            2.0G     0  2.0G    0% /dev/shm
tmpfs            2.0G  739M  1.3G   38% /run
tmpfs            2.0G     0  2.0G    0% /sys/fs/cgroup
/dev/vda2        497M  215M  283M   44% /boot
tmpfs            396M     0  396M    0% /run/user/0
tmpfs            396M     0  396M    0% /run/user/1001

-------------------- System load --------------------
Linux 3.10.0-514.26.2.el7.x86_64 (sakura-tokyo-prod) 	2018年02月08日 	_x86_64_	(4 CPU)

00時00分01秒     CPU     %user     %nice   %system   %iowait    %steal     %idle
01時00分02秒     all      0.09      0.00      0.04      0.00      0.05     99.82
02時00分02秒     all      0.09      0.00      0.04      0.00      0.05     99.82
03時00分01秒     all      0.07      0.00      0.03      0.00      0.04     99.85
04時00分01秒     all      0.07      0.00      0.04      0.00      0.05     99.83
05時00分02秒     all      0.08      0.00      0.04      0.00      0.04     99.84
06時00分02秒     all      0.07      0.00      0.03      0.00      0.05     99.85
07時00分02秒     all      0.08      0.00      0.04      0.00      0.04     99.84
08時00分02秒     all      0.07      0.00      0.04      0.00      0.06     99.83
09時00分02秒     all      0.29      0.00      0.06      0.00      0.07     99.58
10時00分02秒     all      0.33      0.00      0.07      0.00      0.08     99.52
11時00分02秒     all      0.32      0.00      0.07      0.00      0.06     99.55
平均値:      all      0.14      0.00      0.05      0.00      0.05     99.76

-------------------- Logged in user --------------------
kb06ff3e 2018-02-08 10:10

==================== 2018-02-08 14:55:01 ====================

-------------------- uptime --------------------
 14:55:01 up 217 days,  3:44,  1 user,  load average: 0.08, 0.07, 0.08

-------------------- System info --------------------
Linux sakura-tokyo-prod 3.10.0-514.26.2.el7.x86_64 #1 SMP Tue Jul 4 15:04:05 UTC 2017 x86_64 x86_64 x86_64 GNU/Linux

-------------------- Storage usage --------------------
ファイルシス   サイズ  使用  残り 使用% マウント位置
/dev/vda4         96G  5.6G   90G    6% /
devtmpfs         2.0G     0  2.0G    0% /dev
tmpfs            2.0G     0  2.0G    0% /dev/shm
tmpfs            2.0G  740M  1.3G   38% /run
tmpfs            2.0G     0  2.0G    0% /sys/fs/cgroup
/dev/vda2        497M  215M  283M   44% /boot
tmpfs            396M     0  396M    0% /run/user/0
tmpfs            396M     0  396M    0% /run/user/1001

-------------------- System load --------------------
Linux 3.10.0-514.26.2.el7.x86_64 (sakura-tokyo-prod) 	2018年02月08日 	_x86_64_	(4 CPU)

00時00分01秒     CPU     %user     %nice   %system   %iowait    %steal     %idle
01時00分02秒     all      0.09      0.00      0.04      0.00      0.05     99.82
02時00分02秒     all      0.09      0.00      0.04      0.00      0.05     99.82
03時00分01秒     all      0.07      0.00      0.03      0.00      0.04     99.85
04時00分01秒     all      0.07      0.00      0.04      0.00      0.05     99.83
05時00分02秒     all      0.08      0.00      0.04      0.00      0.04     99.84
06時00分02秒     all      0.07      0.00      0.03      0.00      0.05     99.85
07時00分02秒     all      0.08      0.00      0.04      0.00      0.04     99.84
08時00分02秒     all      0.07      0.00      0.04      0.00      0.06     99.83
09時00分02秒     all      0.29      0.00      0.06      0.00      0.07     99.58
10時00分02秒     all      0.33      0.00      0.07      0.00      0.08     99.52
11時00分02秒     all      0.32      0.00      0.07      0.00      0.06     99.55
12時00分02秒     all      0.10      0.00      0.04      0.00      0.03     99.83
13時00分01秒     all      0.08      0.00      0.04      0.00      0.02     99.85
14時00分02秒     all      0.09      0.00      0.04      0.00      0.03     99.84
平均値:      all      0.13      0.00      0.04      0.00      0.05     99.78

-------------------- Logged in user --------------------
k1c41683 2018-02-08 10:10

==================== 2018-02-08 17:55:01 ====================

-------------------- uptime --------------------
 17:55:01 up 217 days,  6:44,  1 user,  load average: 0.01, 0.02, 0.05

-------------------- System info --------------------
Linux sakura-tokyo-prod 3.10.0-514.26.2.el7.x86_64 #1 SMP Tue Jul 4 15:04:05 UTC 2017 x86_64 x86_64 x86_64 GNU/Linux

-------------------- Storage usage --------------------
ファイルシス   サイズ  使用  残り 使用% マウント位置
/dev/vda4         96G  5.6G   90G    6% /
devtmpfs         2.0G     0  2.0G    0% /dev
tmpfs            2.0G     0  2.0G    0% /dev/shm
tmpfs            2.0G  740M  1.3G   38% /run
tmpfs            2.0G     0  2.0G    0% /sys/fs/cgroup
/dev/vda2        497M  215M  283M   44% /boot
tmpfs            396M     0  396M    0% /run/user/0
tmpfs            396M     0  396M    0% /run/user/1001

-------------------- System load --------------------
Linux 3.10.0-514.26.2.el7.x86_64 (sakura-tokyo-prod) 	2018年02月08日 	_x86_64_	(4 CPU)

00時00分01秒     CPU     %user     %nice   %system   %iowait    %steal     %idle
01時00分02秒     all      0.09      0.00      0.04      0.00      0.05     99.82
02時00分02秒     all      0.09      0.00      0.04      0.00      0.05     99.82
03時00分01秒     all      0.07      0.00      0.03      0.00      0.04     99.85
04時00分01秒     all      0.07      0.00      0.04      0.00      0.05     99.83
05時00分02秒     all      0.08      0.00      0.04      0.00      0.04     99.84
06時00分02秒     all      0.07      0.00      0.03      0.00      0.05     99.85
07時00分02秒     all      0.08      0.00      0.04      0.00      0.04     99.84
08時00分02秒     all      0.07      0.00      0.04      0.00      0.06     99.83
09時00分02秒     all      0.29      0.00      0.06      0.00      0.07     99.58
10時00分02秒     all      0.33      0.00      0.07      0.00      0.08     99.52
11時00分02秒     all      0.32      0.00      0.07      0.00      0.06     99.55
12時00分02秒     all      0.10      0.00      0.04      0.00      0.03     99.83
13時00分01秒     all      0.08      0.00      0.04      0.00      0.02     99.85
14時00分02秒     all      0.09      0.00      0.04      0.00      0.03     99.84
15時00分02秒     all      0.33      0.00      0.10      0.05      0.04     99.48
16時00分02秒     all      0.08      0.00      0.04      0.00      0.03     99.84
17時00分01秒     all      0.07      0.00      0.03      0.00      0.03     99.87
平均値:      all      0.14      0.00      0.05      0.00      0.05     99.77

-------------------- Logged in user --------------------
kb1688f3 2018-02-08 10:10

==================== 2018-02-08 20:55:01 ====================

-------------------- uptime --------------------
 20:55:01 up 217 days,  9:44,  1 user,  load average: 0.00, 0.01, 0.05

-------------------- System info --------------------
Linux sakura-tokyo-prod 3.10.0-514.26.2.el7.x86_64 #1 SMP Tue Jul 4 15:04:05 UTC 2017 x86_64 x86_64 x86_64 GNU/Linux

-------------------- Storage usage --------------------
ファイルシス   サイズ  使用  残り 使用% マウント位置
/dev/vda4         96G  5.6G   90G    6% /
devtmpfs         2.0G     0  2.0G    0% /dev
tmpfs            2.0G     0  2.0G    0% /dev/shm
tmpfs            2.0G  740M  1.3G   38% /run
tmpfs            2.0G     0  2.0G    0% /sys/fs/cgroup
/dev/vda2        497M  215M  283M   44% /boot
tmpfs            396M     0  396M    0% /run/user/0
tmpfs            396M     0  396M    0% /run/user/1001

-------------------- System load --------------------
Linux 3.10.0-514.26.2.el7.x86_64 (sakura-tokyo-prod) 	2018年02月08日 	_x86_64_	(4 CPU)

00時00分01秒     CPU     %user     %nice   %system   %iowait    %steal     %idle
01時00分02秒     all      0.09      0.00      0.04      0.00      0.05     99.82
02時00分02秒     all      0.09      0.00      0.04      0.00      0.05     99.82
03時00分01秒     all      0.07      0.00      0.03      0.00      0.04     99.85
04時00分01秒     all      0.07      0.00      0.04      0.00      0.05     99.83
05時00分02秒     all      0.08      0.00      0.04      0.00      0.04     99.84
06時00分02秒     all      0.07      0.00      0.03      0.00      0.05     99.85
07時00分02秒     all      0.08      0.00      0.04      0.00      0.04     99.84
08時00分02秒     all      0.07      0.00      0.04      0.00      0.06     99.83
09時00分02秒     all      0.29      0.00      0.06      0.00      0.07     99.58
10時00分02秒     all      0.33      0.00      0.07      0.00      0.08     99.52
11時00分02秒     all      0.32      0.00      0.07      0.00      0.06     99.55
12時00分02秒     all      0.10      0.00      0.04      0.00      0.03     99.83
13時00分01秒     all      0.08      0.00      0.04      0.00      0.02     99.85
14時00分02秒     all      0.09      0.00      0.04      0.00      0.03     99.84
15時00分02秒     all      0.33      0.00      0.10      0.05      0.04     99.48
16時00分02秒     all      0.08      0.00      0.04      0.00      0.03     99.84
17時00分01秒     all      0.07      0.00      0.03      0.00      0.03     99.87
18時00分02秒     all      0.08      0.00      0.04      0.00      0.03     99.85
19時00分02秒     all      0.08      0.00      0.04      0.00      0.03     99.85
20時00分01秒     all      0.10      0.00      0.05      0.00      0.03     99.82
平均値:      all      0.13      0.00      0.05      0.00      0.04     99.78

-------------------- Logged in user --------------------
ka1b4353 2018-02-08 10:10

==================== 2018-02-08 23:55:01 ====================

-------------------- uptime --------------------
 23:55:01 up 217 days, 12:44,  1 user,  load average: 0.00, 0.01, 0.05

-------------------- System info --------------------
Linux sakura-tokyo-prod 3.10.0-514.26.2.el7.x86_64 #1 SMP Tue Jul 4 15:04:05 UTC 2017 x86_64 x86_64 x86_64 GNU/Linux

-------------------- Storage usage --------------------
ファイルシス   サイズ  使用  残り 使用% マウント位置
/dev/vda4         96G  5.6G   90G    6% /
devtmpfs         2.0G     0  2.0G    0% /dev
tmpfs            2.0G     0  2.0G    0% /dev/shm
tmpfs            2.0G  740M  1.3G   38% /run
tmpfs            2.0G     0  2.0G    0% /sys/fs/cgroup
/dev/vda2        497M  215M  283M   44% /boot
tmpfs            396M     0  396M    0% /run/user/0
tmpfs            396M     0  396M    0% /run/user/1001

-------------------- System load --------------------
Linux 3.10.0-514.26.2.el7.x86_64 (sakura-tokyo-prod) 	2018年02月08日 	_x86_64_	(4 CPU)

00時00分01秒     CPU     %user     %nice   %system   %iowait    %steal     %idle
01時00分02秒     all      0.09      0.00      0.04      0.00      0.05     99.82
02時00分02秒     all      0.09      0.00      0.04      0.00      0.05     99.82
03時00分01秒     all      0.07      0.00      0.03      0.00      0.04     99.85
04時00分01秒     all      0.07      0.00      0.04      0.00      0.05     99.83
05時00分02秒     all      0.08      0.00      0.04      0.00      0.04     99.84
06時00分02秒     all      0.07      0.00      0.03      0.00      0.05     99.85
07時00分02秒     all      0.08      0.00      0.04      0.00      0.04     99.84
08時00分02秒     all      0.07      0.00      0.04      0.00      0.06     99.83
09時00分02秒     all      0.29      0.00      0.06      0.00      0.07     99.58
10時00分02秒     all      0.33      0.00      0.07      0.00      0.08     99.52
11時00分02秒     all      0.32      0.00      0.07      0.00      0.06     99.55
12時00分02秒     all      0.10      0.00      0.04      0.00      0.03     99.83
13時00分01秒     all      0.08      0.00      0.04      0.00      0.02     99.85
14時00分02秒     all      0.09      0.00      0.04      0.00      0.03     99.84
15時00分02秒     all      0.33      0.00      0.10      0.05      0.04     99.48
16時00分02秒     all      0.08      0.00      0.04      0.00      0.03     99.84
17時00分01秒     all      0.07      0.00      0.03      0.00      0.03     99.87
18時00分02秒     all      0.08      0.00      0.04      0.00      0.03     99.85
19時00分02秒     all      0.08      0.00      0.04      0.00      0.03     99.85
20時00分01秒     all      0.10      0.00      0.05      0.00      0.03     99.82
21時00分01秒     all      0.08      0.00      0.04      0.00      0.02     99.86
22時00分01秒     all      0.08      0.00      0.04      0.00      0.02     99.85
23時00分02秒     all      0.07      0.00      0.04      0.00      0.03     99.86
平均値:      all      0.12      0.00      0.04      0.00      0.04     99.79

-------------------- Logged in user --------------------
k49bf253 2018-02-08 10:10

