==================== 2018-02-09 02:55:01 ====================

-------------------- uptime --------------------
 02:55:01 up 217 days, 15:44,  1 user,  load average: 0.00, 0.01, 0.05

-------------------- System info --------------------
Linux sakura-tokyo-prod 3.10.0-514.26.2.el7.x86_64 #1 SMP Tue Jul 4 15:04:05 UTC 2017 x86_64 x86_64 x86_64 GNU/Linux

-------------------- Storage usage --------------------
ファイルシス   サイズ  使用  残り 使用% マウント位置
/dev/vda4         96G  5.6G   90G    6% /
devtmpfs         2.0G     0  2.0G    0% /dev
tmpfs            2.0G     0  2.0G    0% /dev/shm
tmpfs            2.0G  740M  1.3G   38% /run
tmpfs            2.0G     0  2.0G    0% /sys/fs/cgroup
/dev/vda2        497M  215M  283M   44% /boot
tmpfs            396M     0  396M    0% /run/user/0
tmpfs            396M     0  396M    0% /run/user/1001

-------------------- System load --------------------
Linux 3.10.0-514.26.2.el7.x86_64 (sakura-tokyo-prod) 	2018年02月09日 	_x86_64_	(4 CPU)

00時00分01秒     CPU     %user     %nice   %system   %iowait    %steal     %idle
01時00分01秒     all      0.10      0.00      0.05      0.00      0.03     99.82
02時00分01秒     all      0.08      0.00      0.04      0.00      0.02     99.84
平均値:      all      0.09      0.00      0.05      0.00      0.03     99.83

-------------------- Logged in user --------------------
k01076c2 2018-02-08 10:10

==================== 2018-02-09 05:55:01 ====================

-------------------- uptime --------------------
 05:55:01 up 217 days, 18:44,  1 user,  load average: 0.00, 0.01, 0.05

-------------------- System info --------------------
Linux sakura-tokyo-prod 3.10.0-514.26.2.el7.x86_64 #1 SMP Tue Jul 4 15:04:05 UTC 2017 x86_64 x86_64 x86_64 GNU/Linux

-------------------- Storage usage --------------------
ファイルシス   サイズ  使用  残り 使用% マウント位置
/dev/vda4         96G  5.6G   90G    6% /
devtmpfs         2.0G     0  2.0G    0% /dev
tmpfs            2.0G     0  2.0G    0% /dev/shm
tmpfs            2.0G  740M  1.3G   38% /run
tmpfs            2.0G     0  2.0G    0% /sys/fs/cgroup
/dev/vda2        497M  215M  283M   44% /boot
tmpfs            396M     0  396M    0% /run/user/0
tmpfs            396M     0  396M    0% /run/user/1001

-------------------- System load --------------------
Linux 3.10.0-514.26.2.el7.x86_64 (sakura-tokyo-prod) 	2018年02月09日 	_x86_64_	(4 CPU)

00時00分01秒     CPU     %user     %nice   %system   %iowait    %steal     %idle
01時00分01秒     all      0.10      0.00      0.05      0.00      0.03     99.82
02時00分01秒     all      0.08      0.00      0.04      0.00      0.02     99.84
03時00分02秒     all      0.07      0.00      0.04      0.00      0.02     99.87
04時00分01秒     all      0.07      0.00      0.04      0.00      0.02     99.87
05時00分02秒     all      2.04      0.00      0.17      0.00      0.07     97.72
平均値:      all      0.47      0.00      0.07      0.00      0.03     99.43

-------------------- Logged in user --------------------
k1850e9b 2018-02-08 10:10

==================== 2018-02-09 08:55:01 ====================

-------------------- uptime --------------------
 08:55:01 up 217 days, 21:44,  1 user,  load average: 0.00, 0.03, 0.05

-------------------- System info --------------------
Linux sakura-tokyo-prod 3.10.0-514.26.2.el7.x86_64 #1 SMP Tue Jul 4 15:04:05 UTC 2017 x86_64 x86_64 x86_64 GNU/Linux

-------------------- Storage usage --------------------
ファイルシス   サイズ  使用  残り 使用% マウント位置
/dev/vda4         96G  5.6G   90G    6% /
devtmpfs         2.0G     0  2.0G    0% /dev
tmpfs            2.0G     0  2.0G    0% /dev/shm
tmpfs            2.0G  740M  1.3G   38% /run
tmpfs            2.0G     0  2.0G    0% /sys/fs/cgroup
/dev/vda2        497M  215M  283M   44% /boot
tmpfs            396M     0  396M    0% /run/user/0
tmpfs            396M     0  396M    0% /run/user/1001

-------------------- System load --------------------
Linux 3.10.0-514.26.2.el7.x86_64 (sakura-tokyo-prod) 	2018年02月09日 	_x86_64_	(4 CPU)

00時00分01秒     CPU     %user     %nice   %system   %iowait    %steal     %idle
01時00分01秒     all      0.10      0.00      0.05      0.00      0.03     99.82
02時00分01秒     all      0.08      0.00      0.04      0.00      0.02     99.84
03時00分02秒     all      0.07      0.00      0.04      0.00      0.02     99.87
04時00分01秒     all      0.07      0.00      0.04      0.00      0.02     99.87
05時00分02秒     all      2.04      0.00      0.17      0.00      0.07     97.72
06時00分02秒     all      0.12      0.00      0.05      0.00      0.03     99.80
07時00分01秒     all      0.08      0.00      0.04      0.00      0.02     99.86
08時00分01秒     all      0.25      0.00      0.06      0.00      0.03     99.66
平均値:      all      0.35      0.00      0.06      0.00      0.03     99.56

-------------------- Logged in user --------------------
k606ca95 2018-02-08 10:10

==================== 2018-02-09 11:55:01 ====================

-------------------- uptime --------------------
 11:55:01 up 218 days, 44 min,  1 user,  load average: 0.00, 0.01, 0.05

-------------------- System info --------------------
Linux sakura-tokyo-prod 3.10.0-514.26.2.el7.x86_64 #1 SMP Tue Jul 4 15:04:05 UTC 2017 x86_64 x86_64 x86_64 GNU/Linux

-------------------- Storage usage --------------------
ファイルシス   サイズ  使用  残り 使用% マウント位置
/dev/vda4         96G  5.6G   90G    6% /
devtmpfs         2.0G     0  2.0G    0% /dev
tmpfs            2.0G     0  2.0G    0% /dev/shm
tmpfs            2.0G  716M  1.3G   37% /run
tmpfs            2.0G     0  2.0G    0% /sys/fs/cgroup
/dev/vda2        497M  215M  283M   44% /boot
tmpfs            396M     0  396M    0% /run/user/0
tmpfs            396M     0  396M    0% /run/user/1001

-------------------- System load --------------------
Linux 3.10.0-514.26.2.el7.x86_64 (sakura-tokyo-prod) 	2018年02月09日 	_x86_64_	(4 CPU)

00時00分01秒     CPU     %user     %nice   %system   %iowait    %steal     %idle
01時00分01秒     all      0.10      0.00      0.05      0.00      0.03     99.82
02時00分01秒     all      0.08      0.00      0.04      0.00      0.02     99.84
03時00分02秒     all      0.07      0.00      0.04      0.00      0.02     99.87
04時00分01秒     all      0.07      0.00      0.04      0.00      0.02     99.87
05時00分02秒     all      2.04      0.00      0.17      0.00      0.07     97.72
06時00分02秒     all      0.12      0.00      0.05      0.00      0.03     99.80
07時00分01秒     all      0.08      0.00      0.04      0.00      0.02     99.86
08時00分01秒     all      0.25      0.00      0.06      0.00      0.03     99.66
09時00分01秒     all      0.31      0.00      0.07      0.00      0.04     99.59
10時00分02秒     all      0.33      0.00      0.07      0.00      0.04     99.56
11時00分01秒     all      0.07      0.00      0.03      0.00      0.03     99.87
平均値:      all      0.32      0.00      0.06      0.00      0.03     99.59

-------------------- Logged in user --------------------
kc0cd403 2018-02-08 10:10

==================== 2018-02-09 14:55:01 ====================

-------------------- uptime --------------------
 14:55:01 up 218 days,  3:44,  1 user,  load average: 0.00, 0.01, 0.05

-------------------- System info --------------------
Linux sakura-tokyo-prod 3.10.0-514.26.2.el7.x86_64 #1 SMP Tue Jul 4 15:04:05 UTC 2017 x86_64 x86_64 x86_64 GNU/Linux

-------------------- Storage usage --------------------
ファイルシス   サイズ  使用  残り 使用% マウント位置
/dev/vda4         96G  5.6G   90G    6% /
devtmpfs         2.0G     0  2.0G    0% /dev
tmpfs            2.0G     0  2.0G    0% /dev/shm
tmpfs            2.0G  716M  1.3G   37% /run
tmpfs            2.0G     0  2.0G    0% /sys/fs/cgroup
/dev/vda2        497M  215M  283M   44% /boot
tmpfs            396M     0  396M    0% /run/user/0
tmpfs            396M     0  396M    0% /run/user/1001

-------------------- System load --------------------
Linux 3.10.0-514.26.2.el7.x86_64 (sakura-tokyo-prod) 	2018年02月09日 	_x86_64_	(4 CPU)

00時00分01秒     CPU     %user     %nice   %system   %iowait    %steal     %idle
01時00分01秒     all      0.10      0.00      0.05      0.00      0.03     99.82
02時00分01秒     all      0.08      0.00      0.04      0.00      0.02     99.84
03時00分02秒     all      0.07      0.00      0.04      0.00      0.02     99.87
04時00分01秒     all      0.07      0.00      0.04      0.00      0.02     99.87
05時00分02秒     all      2.04      0.00      0.17      0.00      0.07     97.72
06時00分02秒     all      0.12      0.00      0.05      0.00      0.03     99.80
07時00分01秒     all      0.08      0.00      0.04      0.00      0.02     99.86
08時00分01秒     all      0.25      0.00      0.06      0.00      0.03     99.66
09時00分01秒     all      0.31      0.00      0.07      0.00      0.04     99.59
10時00分02秒     all      0.33      0.00      0.07      0.00      0.04     99.56
11時00分01秒     all      0.07      0.00      0.03      0.00      0.03     99.87
12時00分02秒     all      0.07      0.00      0.04      0.00      0.03     99.86
13時00分02秒     all      0.10      0.00      0.05      0.00      0.03     99.82
14時00分01秒     all      0.09      0.00      0.05      0.00      0.03     99.83
平均値:      all      0.27      0.00      0.06      0.00      0.03     99.64

-------------------- Logged in user --------------------
k21111e8 2018-02-08 10:10

==================== 2018-02-09 17:55:01 ====================

-------------------- uptime --------------------
 17:55:01 up 218 days,  6:44,  1 user,  load average: 0.00, 0.01, 0.05

-------------------- System info --------------------
Linux sakura-tokyo-prod 3.10.0-514.26.2.el7.x86_64 #1 SMP Tue Jul 4 15:04:05 UTC 2017 x86_64 x86_64 x86_64 GNU/Linux

-------------------- Storage usage --------------------
ファイルシス   サイズ  使用  残り 使用% マウント位置
/dev/vda4         96G  5.6G   90G    6% /
devtmpfs         2.0G     0  2.0G    0% /dev
tmpfs            2.0G     0  2.0G    0% /dev/shm
tmpfs            2.0G  716M  1.3G   37% /run
tmpfs            2.0G     0  2.0G    0% /sys/fs/cgroup
/dev/vda2        497M  215M  283M   44% /boot
tmpfs            396M     0  396M    0% /run/user/0
tmpfs            396M     0  396M    0% /run/user/1001

-------------------- System load --------------------
Linux 3.10.0-514.26.2.el7.x86_64 (sakura-tokyo-prod) 	2018年02月09日 	_x86_64_	(4 CPU)

00時00分01秒     CPU     %user     %nice   %system   %iowait    %steal     %idle
01時00分01秒     all      0.10      0.00      0.05      0.00      0.03     99.82
02時00分01秒     all      0.08      0.00      0.04      0.00      0.02     99.84
03時00分02秒     all      0.07      0.00      0.04      0.00      0.02     99.87
04時00分01秒     all      0.07      0.00      0.04      0.00      0.02     99.87
05時00分02秒     all      2.04      0.00      0.17      0.00      0.07     97.72
06時00分02秒     all      0.12      0.00      0.05      0.00      0.03     99.80
07時00分01秒     all      0.08      0.00      0.04      0.00      0.02     99.86
08時00分01秒     all      0.25      0.00      0.06      0.00      0.03     99.66
09時00分01秒     all      0.31      0.00      0.07      0.00      0.04     99.59
10時00分02秒     all      0.33      0.00      0.07      0.00      0.04     99.56
11時00分01秒     all      0.07      0.00      0.03      0.00      0.03     99.87
12時00分02秒     all      0.07      0.00      0.04      0.00      0.03     99.86
13時00分02秒     all      0.10      0.00      0.05      0.00      0.03     99.82
14時00分01秒     all      0.09      0.00      0.05      0.00      0.03     99.83
15時00分02秒     all      0.11      0.00      0.05      0.00      0.04     99.80
16時00分01秒     all      0.09      0.00      0.05      0.00      0.04     99.82
17時00分02秒     all      0.12      0.00      0.06      0.00      0.04     99.79
平均値:      all      0.24      0.00      0.06      0.00      0.03     99.67

-------------------- Logged in user --------------------
kfc7dfa4 2018-02-08 10:10

