==================== 2018-02-10 02:55:01 ====================

-------------------- uptime --------------------
 02:55:01 up 218 days, 15:44,  1 user,  load average: 0.00, 0.01, 0.05

-------------------- System info --------------------
Linux sakura-tokyo-prod 3.10.0-514.26.2.el7.x86_64 #1 SMP Tue Jul 4 15:04:05 UTC 2017 x86_64 x86_64 x86_64 GNU/Linux

-------------------- Storage usage --------------------
ファイルシス   サイズ  使用  残り 使用% マウント位置
/dev/vda4         96G  5.6G   90G    6% /
devtmpfs         2.0G     0  2.0G    0% /dev
tmpfs            2.0G     0  2.0G    0% /dev/shm
tmpfs            2.0G  717M  1.3G   37% /run
tmpfs            2.0G     0  2.0G    0% /sys/fs/cgroup
/dev/vda2        497M  215M  283M   44% /boot
tmpfs            396M     0  396M    0% /run/user/0
tmpfs            396M     0  396M    0% /run/user/1001

-------------------- System load --------------------
Linux 3.10.0-514.26.2.el7.x86_64 (sakura-tokyo-prod) 	2018年02月10日 	_x86_64_	(4 CPU)

00時00分01秒     CPU     %user     %nice   %system   %iowait    %steal     %idle
01時00分01秒     all      0.08      0.00      0.04      0.00      0.02     99.86
02時00分01秒     all      0.08      0.00      0.04      0.00      0.02     99.86
平均値:      all      0.08      0.00      0.04      0.00      0.02     99.86

-------------------- Logged in user --------------------
kc42daa0 2018-02-10 02:14

==================== 2018-02-10 05:55:01 ====================

-------------------- uptime --------------------
 05:55:01 up 218 days, 18:44,  1 user,  load average: 0.08, 0.03, 0.05

-------------------- System info --------------------
Linux sakura-tokyo-prod 3.10.0-514.26.2.el7.x86_64 #1 SMP Tue Jul 4 15:04:05 UTC 2017 x86_64 x86_64 x86_64 GNU/Linux

-------------------- Storage usage --------------------
ファイルシス   サイズ  使用  残り 使用% マウント位置
/dev/vda4         96G  5.6G   90G    6% /
devtmpfs         2.0G     0  2.0G    0% /dev
tmpfs            2.0G     0  2.0G    0% /dev/shm
tmpfs            2.0G  717M  1.3G   37% /run
tmpfs            2.0G     0  2.0G    0% /sys/fs/cgroup
/dev/vda2        497M  215M  283M   44% /boot
tmpfs            396M     0  396M    0% /run/user/0
tmpfs            396M     0  396M    0% /run/user/1001

-------------------- System load --------------------
Linux 3.10.0-514.26.2.el7.x86_64 (sakura-tokyo-prod) 	2018年02月10日 	_x86_64_	(4 CPU)

00時00分01秒     CPU     %user     %nice   %system   %iowait    %steal     %idle
01時00分01秒     all      0.08      0.00      0.04      0.00      0.02     99.86
02時00分01秒     all      0.08      0.00      0.04      0.00      0.02     99.86
03時00分01秒     all      0.08      0.00      0.04      0.00      0.02     99.86
04時00分02秒     all      0.07      0.00      0.04      0.00      0.02     99.87
05時00分02秒     all      0.06      0.00      0.03      0.00      0.02     99.88
平均値:      all      0.07      0.00      0.04      0.00      0.02     99.87

-------------------- Logged in user --------------------
keb7b95b 2018-02-10 02:14

==================== 2018-02-10 08:55:01 ====================

-------------------- uptime --------------------
 08:55:01 up 218 days, 21:44,  1 user,  load average: 0.00, 0.01, 0.05

-------------------- System info --------------------
Linux sakura-tokyo-prod 3.10.0-514.26.2.el7.x86_64 #1 SMP Tue Jul 4 15:04:05 UTC 2017 x86_64 x86_64 x86_64 GNU/Linux

-------------------- Storage usage --------------------
ファイルシス   サイズ  使用  残り 使用% マウント位置
/dev/vda4         96G  5.6G   90G    6% /
devtmpfs         2.0G     0  2.0G    0% /dev
tmpfs            2.0G     0  2.0G    0% /dev/shm
tmpfs            2.0G  717M  1.3G   37% /run
tmpfs            2.0G     0  2.0G    0% /sys/fs/cgroup
/dev/vda2        497M  215M  283M   44% /boot
tmpfs            396M     0  396M    0% /run/user/0
tmpfs            396M     0  396M    0% /run/user/1001

-------------------- System load --------------------
Linux 3.10.0-514.26.2.el7.x86_64 (sakura-tokyo-prod) 	2018年02月10日 	_x86_64_	(4 CPU)

00時00分01秒     CPU     %user     %nice   %system   %iowait    %steal     %idle
01時00分01秒     all      0.08      0.00      0.04      0.00      0.02     99.86
02時00分01秒     all      0.08      0.00      0.04      0.00      0.02     99.86
03時00分01秒     all      0.08      0.00      0.04      0.00      0.02     99.86
04時00分02秒     all      0.07      0.00      0.04      0.00      0.02     99.87
05時00分02秒     all      0.06      0.00      0.03      0.00      0.02     99.88
06時00分02秒     all      0.07      0.00      0.04      0.00      0.02     99.87
07時00分01秒     all      0.11      0.00      0.05      0.00      0.02     99.82
08時00分02秒     all      0.16      0.00      0.05      0.00      0.03     99.76
平均値:      all      0.09      0.00      0.04      0.00      0.02     99.85

-------------------- Logged in user --------------------
k760d958 2018-02-10 02:14

==================== 2018-02-10 11:55:01 ====================

-------------------- uptime --------------------
 11:55:01 up 219 days, 44 min,  1 user,  load average: 0.00, 0.01, 0.05

-------------------- System info --------------------
Linux sakura-tokyo-prod 3.10.0-514.26.2.el7.x86_64 #1 SMP Tue Jul 4 15:04:05 UTC 2017 x86_64 x86_64 x86_64 GNU/Linux

-------------------- Storage usage --------------------
ファイルシス   サイズ  使用  残り 使用% マウント位置
/dev/vda4         96G  5.6G   90G    6% /
devtmpfs         2.0G     0  2.0G    0% /dev
tmpfs            2.0G     0  2.0G    0% /dev/shm
tmpfs            2.0G  717M  1.3G   37% /run
tmpfs            2.0G     0  2.0G    0% /sys/fs/cgroup
/dev/vda2        497M  215M  283M   44% /boot
tmpfs            396M     0  396M    0% /run/user/0
tmpfs            396M     0  396M    0% /run/user/1001

-------------------- System load --------------------
Linux 3.10.0-514.26.2.el7.x86_64 (sakura-tokyo-prod) 	2018年02月10日 	_x86_64_	(4 CPU)

00時00分01秒     CPU     %user     %nice   %system   %iowait    %steal     %idle
01時00分01秒     all      0.08      0.00      0.04      0.00      0.02     99.86
02時00分01秒     all      0.08      0.00      0.04      0.00      0.02     99.86
03時00分01秒     all      0.08      0.00      0.04      0.00      0.02     99.86
04時00分02秒     all      0.07      0.00      0.04      0.00      0.02     99.87
05時00分02秒     all      0.06      0.00      0.03      0.00      0.02     99.88
06時00分02秒     all      0.07      0.00      0.04      0.00      0.02     99.87
07時00分01秒     all      0.11      0.00      0.05      0.00      0.02     99.82
08時00分02秒     all      0.16      0.00      0.05      0.00      0.03     99.76
09時00分01秒     all      0.10      0.00      0.04      0.00      0.02     99.84
10時00分02秒     all      0.08      0.00      0.04      0.00      0.03     99.86
11時00分02秒     all      0.08      0.00      0.04      0.00      0.02     99.86
平均値:      all      0.09      0.00      0.04      0.00      0.02     99.85

-------------------- Logged in user --------------------
k942be17 2018-02-10 02:14

==================== 2018-02-10 14:55:01 ====================

-------------------- uptime --------------------
 14:55:01 up 219 days,  3:44,  1 user,  load average: 0.00, 0.01, 0.05

-------------------- System info --------------------
Linux sakura-tokyo-prod 3.10.0-514.26.2.el7.x86_64 #1 SMP Tue Jul 4 15:04:05 UTC 2017 x86_64 x86_64 x86_64 GNU/Linux

-------------------- Storage usage --------------------
ファイルシス   サイズ  使用  残り 使用% マウント位置
/dev/vda4         96G  5.6G   90G    6% /
devtmpfs         2.0G     0  2.0G    0% /dev
tmpfs            2.0G     0  2.0G    0% /dev/shm
tmpfs            2.0G  717M  1.3G   37% /run
tmpfs            2.0G     0  2.0G    0% /sys/fs/cgroup
/dev/vda2        497M  215M  283M   44% /boot
tmpfs            396M     0  396M    0% /run/user/0
tmpfs            396M     0  396M    0% /run/user/1001

-------------------- System load --------------------
Linux 3.10.0-514.26.2.el7.x86_64 (sakura-tokyo-prod) 	2018年02月10日 	_x86_64_	(4 CPU)

00時00分01秒     CPU     %user     %nice   %system   %iowait    %steal     %idle
01時00分01秒     all      0.08      0.00      0.04      0.00      0.02     99.86
02時00分01秒     all      0.08      0.00      0.04      0.00      0.02     99.86
03時00分01秒     all      0.08      0.00      0.04      0.00      0.02     99.86
04時00分02秒     all      0.07      0.00      0.04      0.00      0.02     99.87
05時00分02秒     all      0.06      0.00      0.03      0.00      0.02     99.88
06時00分02秒     all      0.07      0.00      0.04      0.00      0.02     99.87
07時00分01秒     all      0.11      0.00      0.05      0.00      0.02     99.82
08時00分02秒     all      0.16      0.00      0.05      0.00      0.03     99.76
09時00分01秒     all      0.10      0.00      0.04      0.00      0.02     99.84
10時00分02秒     all      0.08      0.00      0.04      0.00      0.03     99.86
11時00分02秒     all      0.08      0.00      0.04      0.00      0.02     99.86
12時00分01秒     all      0.07      0.00      0.03      0.00      0.02     99.88
13時00分01秒     all      0.10      0.00      0.04      0.00      0.03     99.83
14時00分01秒     all      0.07      0.00      0.04      0.00      0.03     99.87
平均値:      all      0.09      0.00      0.04      0.00      0.02     99.85

-------------------- Logged in user --------------------
k122146c 2018-02-10 02:14

==================== 2018-02-10 17:55:01 ====================

-------------------- uptime --------------------
 17:55:01 up 219 days,  6:44,  1 user,  load average: 0.00, 0.01, 0.05

-------------------- System info --------------------
Linux sakura-tokyo-prod 3.10.0-514.26.2.el7.x86_64 #1 SMP Tue Jul 4 15:04:05 UTC 2017 x86_64 x86_64 x86_64 GNU/Linux

-------------------- Storage usage --------------------
ファイルシス   サイズ  使用  残り 使用% マウント位置
/dev/vda4         96G  5.6G   90G    6% /
devtmpfs         2.0G     0  2.0G    0% /dev
tmpfs            2.0G     0  2.0G    0% /dev/shm
tmpfs            2.0G  717M  1.3G   37% /run
tmpfs            2.0G     0  2.0G    0% /sys/fs/cgroup
/dev/vda2        497M  215M  283M   44% /boot
tmpfs            396M     0  396M    0% /run/user/0
tmpfs            396M     0  396M    0% /run/user/1001

-------------------- System load --------------------
Linux 3.10.0-514.26.2.el7.x86_64 (sakura-tokyo-prod) 	2018年02月10日 	_x86_64_	(4 CPU)

00時00分01秒     CPU     %user     %nice   %system   %iowait    %steal     %idle
01時00分01秒     all      0.08      0.00      0.04      0.00      0.02     99.86
02時00分01秒     all      0.08      0.00      0.04      0.00      0.02     99.86
03時00分01秒     all      0.08      0.00      0.04      0.00      0.02     99.86
04時00分02秒     all      0.07      0.00      0.04      0.00      0.02     99.87
05時00分02秒     all      0.06      0.00      0.03      0.00      0.02     99.88
06時00分02秒     all      0.07      0.00      0.04      0.00      0.02     99.87
07時00分01秒     all      0.11      0.00      0.05      0.00      0.02     99.82
08時00分02秒     all      0.16      0.00      0.05      0.00      0.03     99.76
09時00分01秒     all      0.10      0.00      0.04      0.00      0.02     99.84
10時00分02秒     all      0.08      0.00      0.04      0.00      0.03     99.86
11時00分02秒     all      0.08      0.00      0.04      0.00      0.02     99.86
12時00分01秒     all      0.07      0.00      0.03      0.00      0.02     99.88
13時00分01秒     all      0.10      0.00      0.04      0.00      0.03     99.83
14時00分01秒     all      0.07      0.00      0.04      0.00      0.03     99.87
15時00分01秒     all      0.08      0.00      0.04      0.00      0.02     99.85
16時00分02秒     all      0.08      0.00      0.05      0.00      0.02     99.84
17時00分02秒     all      0.07      0.00      0.04      0.00      0.02     99.85
平均値:      all      0.08      0.00      0.04      0.00      0.02     99.85

-------------------- Logged in user --------------------
kb267004 2018-02-10 02:14

==================== 2018-02-10 20:55:01 ====================

-------------------- uptime --------------------
 20:55:01 up 219 days,  9:44,  1 user,  load average: 0.00, 0.01, 0.05

-------------------- System info --------------------
Linux sakura-tokyo-prod 3.10.0-514.26.2.el7.x86_64 #1 SMP Tue Jul 4 15:04:05 UTC 2017 x86_64 x86_64 x86_64 GNU/Linux

-------------------- Storage usage --------------------
ファイルシス   サイズ  使用  残り 使用% マウント位置
/dev/vda4         96G  5.6G   90G    6% /
devtmpfs         2.0G     0  2.0G    0% /dev
tmpfs            2.0G     0  2.0G    0% /dev/shm
tmpfs            2.0G  717M  1.3G   37% /run
tmpfs            2.0G     0  2.0G    0% /sys/fs/cgroup
/dev/vda2        497M  215M  283M   44% /boot
tmpfs            396M     0  396M    0% /run/user/0
tmpfs            396M     0  396M    0% /run/user/1001

-------------------- System load --------------------
Linux 3.10.0-514.26.2.el7.x86_64 (sakura-tokyo-prod) 	2018年02月10日 	_x86_64_	(4 CPU)

00時00分01秒     CPU     %user     %nice   %system   %iowait    %steal     %idle
01時00分01秒     all      0.08      0.00      0.04      0.00      0.02     99.86
02時00分01秒     all      0.08      0.00      0.04      0.00      0.02     99.86
03時00分01秒     all      0.08      0.00      0.04      0.00      0.02     99.86
04時00分02秒     all      0.07      0.00      0.04      0.00      0.02     99.87
05時00分02秒     all      0.06      0.00      0.03      0.00      0.02     99.88
06時00分02秒     all      0.07      0.00      0.04      0.00      0.02     99.87
07時00分01秒     all      0.11      0.00      0.05      0.00      0.02     99.82
08時00分02秒     all      0.16      0.00      0.05      0.00      0.03     99.76
09時00分01秒     all      0.10      0.00      0.04      0.00      0.02     99.84
10時00分02秒     all      0.08      0.00      0.04      0.00      0.03     99.86
11時00分02秒     all      0.08      0.00      0.04      0.00      0.02     99.86
12時00分01秒     all      0.07      0.00      0.03      0.00      0.02     99.88
13時00分01秒     all      0.10      0.00      0.04      0.00      0.03     99.83
14時00分01秒     all      0.07      0.00      0.04      0.00      0.03     99.87
15時00分01秒     all      0.08      0.00      0.04      0.00      0.02     99.85
16時00分02秒     all      0.08      0.00      0.05      0.00      0.02     99.84
17時00分02秒     all      0.07      0.00      0.04      0.00      0.02     99.85
18時00分02秒     all      0.22      0.00      0.06      0.00      0.03     99.69
19時00分01秒     all      0.08      0.00      0.05      0.00      0.02     99.85
20時00分01秒     all      0.07      0.00      0.04      0.00      0.02     99.88
平均値:      all      0.09      0.00      0.04      0.00      0.02     99.84

-------------------- Logged in user --------------------
k9aefe13 2018-02-10 02:14

