==================== 2018-02-11 02:55:01 ====================

-------------------- uptime --------------------
 02:55:01 up 219 days, 15:44,  1 user,  load average: 0.00, 0.01, 0.05

-------------------- System info --------------------
Linux sakura-tokyo-prod 3.10.0-514.26.2.el7.x86_64 #1 SMP Tue Jul 4 15:04:05 UTC 2017 x86_64 x86_64 x86_64 GNU/Linux

-------------------- Storage usage --------------------
ファイルシス   サイズ  使用  残り 使用% マウント位置
/dev/vda4         96G  5.6G   90G    6% /
devtmpfs         2.0G     0  2.0G    0% /dev
tmpfs            2.0G     0  2.0G    0% /dev/shm
tmpfs            2.0G  718M  1.3G   37% /run
tmpfs            2.0G     0  2.0G    0% /sys/fs/cgroup
/dev/vda2        497M  215M  283M   44% /boot
tmpfs            396M     0  396M    0% /run/user/0
tmpfs            396M     0  396M    0% /run/user/1001

-------------------- System load --------------------
Linux 3.10.0-514.26.2.el7.x86_64 (sakura-tokyo-prod) 	2018年02月11日 	_x86_64_	(4 CPU)

00時00分02秒     CPU     %user     %nice   %system   %iowait    %steal     %idle
01時00分02秒     all      0.10      0.00      0.04      0.00      0.02     99.83
02時00分01秒     all      0.08      0.00      0.04      0.00      0.02     99.86
平均値:      all      0.09      0.00      0.04      0.00      0.02     99.84

-------------------- Logged in user --------------------
k4dc49f6 2018-02-10 02:14

==================== 2018-02-11 05:55:01 ====================

-------------------- uptime --------------------
 05:55:01 up 219 days, 18:44,  1 user,  load average: 0.00, 0.01, 0.05

-------------------- System info --------------------
Linux sakura-tokyo-prod 3.10.0-514.26.2.el7.x86_64 #1 SMP Tue Jul 4 15:04:05 UTC 2017 x86_64 x86_64 x86_64 GNU/Linux

-------------------- Storage usage --------------------
ファイルシス   サイズ  使用  残り 使用% マウント位置
/dev/vda4         96G  5.6G   90G    6% /
devtmpfs         2.0G     0  2.0G    0% /dev
tmpfs            2.0G     0  2.0G    0% /dev/shm
tmpfs            2.0G  718M  1.3G   37% /run
tmpfs            2.0G     0  2.0G    0% /sys/fs/cgroup
/dev/vda2        497M  215M  283M   44% /boot
tmpfs            396M     0  396M    0% /run/user/0
tmpfs            396M     0  396M    0% /run/user/1001

-------------------- System load --------------------
Linux 3.10.0-514.26.2.el7.x86_64 (sakura-tokyo-prod) 	2018年02月11日 	_x86_64_	(4 CPU)

00時00分02秒     CPU     %user     %nice   %system   %iowait    %steal     %idle
01時00分02秒     all      0.10      0.00      0.04      0.00      0.02     99.83
02時00分01秒     all      0.08      0.00      0.04      0.00      0.02     99.86
03時00分02秒     all      0.08      0.00      0.04      0.00      0.02     99.86
04時00分01秒     all      0.09      0.00      0.05      0.00      0.02     99.83
05時00分01秒     all      0.06      0.00      0.04      0.00      0.02     99.88
平均値:      all      0.08      0.00      0.04      0.00      0.02     99.85

-------------------- Logged in user --------------------
k1b28bb9 2018-02-10 02:14

==================== 2018-02-11 08:55:01 ====================

-------------------- uptime --------------------
 08:55:01 up 219 days, 21:44,  1 user,  load average: 0.00, 0.01, 0.05

-------------------- System info --------------------
Linux sakura-tokyo-prod 3.10.0-514.26.2.el7.x86_64 #1 SMP Tue Jul 4 15:04:05 UTC 2017 x86_64 x86_64 x86_64 GNU/Linux

-------------------- Storage usage --------------------
ファイルシス   サイズ  使用  残り 使用% マウント位置
/dev/vda4         96G  5.6G   90G    6% /
devtmpfs         2.0G     0  2.0G    0% /dev
tmpfs            2.0G     0  2.0G    0% /dev/shm
tmpfs            2.0G  718M  1.3G   37% /run
tmpfs            2.0G     0  2.0G    0% /sys/fs/cgroup
/dev/vda2        497M  215M  283M   44% /boot
tmpfs            396M     0  396M    0% /run/user/0
tmpfs            396M     0  396M    0% /run/user/1001

-------------------- System load --------------------
Linux 3.10.0-514.26.2.el7.x86_64 (sakura-tokyo-prod) 	2018年02月11日 	_x86_64_	(4 CPU)

00時00分02秒     CPU     %user     %nice   %system   %iowait    %steal     %idle
01時00分02秒     all      0.10      0.00      0.04      0.00      0.02     99.83
02時00分01秒     all      0.08      0.00      0.04      0.00      0.02     99.86
03時00分02秒     all      0.08      0.00      0.04      0.00      0.02     99.86
04時00分01秒     all      0.09      0.00      0.05      0.00      0.02     99.83
05時00分01秒     all      0.06      0.00      0.04      0.00      0.02     99.88
06時00分01秒     all      0.09      0.00      0.05      0.00      0.02     99.84
07時00分02秒     all      0.11      0.00      0.05      0.00      0.02     99.82
08時00分02秒     all      0.09      0.00      0.04      0.01      0.02     99.85
平均値:      all      0.09      0.00      0.04      0.00      0.02     99.85

-------------------- Logged in user --------------------
ke435fae 2018-02-10 02:14

==================== 2018-02-11 11:55:01 ====================

-------------------- uptime --------------------
 11:55:01 up 220 days, 44 min,  1 user,  load average: 0.00, 0.01, 0.05

-------------------- System info --------------------
Linux sakura-tokyo-prod 3.10.0-514.26.2.el7.x86_64 #1 SMP Tue Jul 4 15:04:05 UTC 2017 x86_64 x86_64 x86_64 GNU/Linux

-------------------- Storage usage --------------------
ファイルシス   サイズ  使用  残り 使用% マウント位置
/dev/vda4         96G  5.6G   90G    6% /
devtmpfs         2.0G     0  2.0G    0% /dev
tmpfs            2.0G     0  2.0G    0% /dev/shm
tmpfs            2.0G  718M  1.3G   37% /run
tmpfs            2.0G     0  2.0G    0% /sys/fs/cgroup
/dev/vda2        497M  215M  283M   44% /boot
tmpfs            396M     0  396M    0% /run/user/0
tmpfs            396M     0  396M    0% /run/user/1001

-------------------- System load --------------------
Linux 3.10.0-514.26.2.el7.x86_64 (sakura-tokyo-prod) 	2018年02月11日 	_x86_64_	(4 CPU)

00時00分02秒     CPU     %user     %nice   %system   %iowait    %steal     %idle
01時00分02秒     all      0.10      0.00      0.04      0.00      0.02     99.83
02時00分01秒     all      0.08      0.00      0.04      0.00      0.02     99.86
03時00分02秒     all      0.08      0.00      0.04      0.00      0.02     99.86
04時00分01秒     all      0.09      0.00      0.05      0.00      0.02     99.83
05時00分01秒     all      0.06      0.00      0.04      0.00      0.02     99.88
06時00分01秒     all      0.09      0.00      0.05      0.00      0.02     99.84
07時00分02秒     all      0.11      0.00      0.05      0.00      0.02     99.82
08時00分02秒     all      0.09      0.00      0.04      0.01      0.02     99.85
09時00分02秒     all      0.07      0.00      0.04      0.00      0.02     99.87
10時00分01秒     all      0.06      0.00      0.03      0.00      0.02     99.88
11時00分02秒     all      0.08      0.00      0.03      0.00      0.02     99.86
平均値:      all      0.08      0.00      0.04      0.00      0.02     99.85

-------------------- Logged in user --------------------
k5cedf40 2018-02-10 02:14

==================== 2018-02-11 14:55:01 ====================

-------------------- uptime --------------------
 14:55:01 up 220 days,  3:44,  1 user,  load average: 0.00, 0.01, 0.05

-------------------- System info --------------------
Linux sakura-tokyo-prod 3.10.0-514.26.2.el7.x86_64 #1 SMP Tue Jul 4 15:04:05 UTC 2017 x86_64 x86_64 x86_64 GNU/Linux

-------------------- Storage usage --------------------
ファイルシス   サイズ  使用  残り 使用% マウント位置
/dev/vda4         96G  5.6G   90G    6% /
devtmpfs         2.0G     0  2.0G    0% /dev
tmpfs            2.0G     0  2.0G    0% /dev/shm
tmpfs            2.0G  718M  1.3G   37% /run
tmpfs            2.0G     0  2.0G    0% /sys/fs/cgroup
/dev/vda2        497M  215M  283M   44% /boot
tmpfs            396M     0  396M    0% /run/user/0
tmpfs            396M     0  396M    0% /run/user/1001

-------------------- System load --------------------
Linux 3.10.0-514.26.2.el7.x86_64 (sakura-tokyo-prod) 	2018年02月11日 	_x86_64_	(4 CPU)

00時00分02秒     CPU     %user     %nice   %system   %iowait    %steal     %idle
01時00分02秒     all      0.10      0.00      0.04      0.00      0.02     99.83
02時00分01秒     all      0.08      0.00      0.04      0.00      0.02     99.86
03時00分02秒     all      0.08      0.00      0.04      0.00      0.02     99.86
04時00分01秒     all      0.09      0.00      0.05      0.00      0.02     99.83
05時00分01秒     all      0.06      0.00      0.04      0.00      0.02     99.88
06時00分01秒     all      0.09      0.00      0.05      0.00      0.02     99.84
07時00分02秒     all      0.11      0.00      0.05      0.00      0.02     99.82
08時00分02秒     all      0.09      0.00      0.04      0.01      0.02     99.85
09時00分02秒     all      0.07      0.00      0.04      0.00      0.02     99.87
10時00分01秒     all      0.06      0.00      0.03      0.00      0.02     99.88
11時00分02秒     all      0.08      0.00      0.03      0.00      0.02     99.86
12時00分01秒     all      0.08      0.00      0.04      0.00      0.02     99.86
13時00分02秒     all      0.08      0.00      0.05      0.00      0.03     99.85
14時00分01秒     all      0.08      0.00      0.04      0.00      0.03     99.85
平均値:      all      0.08      0.00      0.04      0.00      0.02     99.85

-------------------- Logged in user --------------------
kae9d626 2018-02-10 02:14

