==================== 2018-02-12 02:55:01 ====================

-------------------- uptime --------------------
 02:55:01 up 220 days, 15:44,  1 user,  load average: 0.00, 0.01, 0.05

-------------------- System info --------------------
Linux sakura-tokyo-prod 3.10.0-514.26.2.el7.x86_64 #1 SMP Tue Jul 4 15:04:05 UTC 2017 x86_64 x86_64 x86_64 GNU/Linux

-------------------- Storage usage --------------------
ファイルシス   サイズ  使用  残り 使用% マウント位置
/dev/vda4         96G  5.6G   90G    6% /
devtmpfs         2.0G     0  2.0G    0% /dev
tmpfs            2.0G     0  2.0G    0% /dev/shm
tmpfs            2.0G  718M  1.3G   37% /run
tmpfs            2.0G     0  2.0G    0% /sys/fs/cgroup
/dev/vda2        497M  215M  283M   44% /boot
tmpfs            396M     0  396M    0% /run/user/0
tmpfs            396M     0  396M    0% /run/user/1001

-------------------- System load --------------------
Linux 3.10.0-514.26.2.el7.x86_64 (sakura-tokyo-prod) 	2018年02月12日 	_x86_64_	(4 CPU)

00時00分01秒     CPU     %user     %nice   %system   %iowait    %steal     %idle
01時00分02秒     all      0.09      0.00      0.04      0.00      0.02     99.85
02時00分02秒     all      0.12      0.00      0.05      0.01      0.02     99.81
平均値:      all      0.10      0.00      0.05      0.01      0.02     99.83

-------------------- Logged in user --------------------
k8dd1e0a 2018-02-12 01:20

==================== 2018-02-12 05:55:01 ====================

-------------------- uptime --------------------
 05:55:02 up 220 days, 18:44,  0 users,  load average: 0.00, 0.01, 0.05

-------------------- System info --------------------
Linux sakura-tokyo-prod 3.10.0-514.26.2.el7.x86_64 #1 SMP Tue Jul 4 15:04:05 UTC 2017 x86_64 x86_64 x86_64 GNU/Linux

-------------------- Storage usage --------------------
ファイルシス   サイズ  使用  残り 使用% マウント位置
/dev/vda4         96G  5.6G   90G    6% /
devtmpfs         2.0G     0  2.0G    0% /dev
tmpfs            2.0G     0  2.0G    0% /dev/shm
tmpfs            2.0G  719M  1.3G   37% /run
tmpfs            2.0G     0  2.0G    0% /sys/fs/cgroup
/dev/vda2        497M  215M  283M   44% /boot
tmpfs            396M     0  396M    0% /run/user/0
tmpfs            396M     0  396M    0% /run/user/1001

-------------------- System load --------------------
Linux 3.10.0-514.26.2.el7.x86_64 (sakura-tokyo-prod) 	2018年02月12日 	_x86_64_	(4 CPU)

00時00分01秒     CPU     %user     %nice   %system   %iowait    %steal     %idle
01時00分02秒     all      0.09      0.00      0.04      0.00      0.02     99.85
02時00分02秒     all      0.12      0.00      0.05      0.01      0.02     99.81
03時00分01秒     all      0.07      0.00      0.03      0.00      0.02     99.88
04時00分01秒     all      0.07      0.00      0.04      0.00      0.02     99.86
05時00分02秒     all      0.07      0.00      0.04      0.00      0.02     99.87
平均値:      all      0.08      0.00      0.04      0.00      0.02     99.85

-------------------- Logged in user --------------------


==================== 2018-02-12 08:55:01 ====================

-------------------- uptime --------------------
 08:55:01 up 220 days, 21:44,  0 users,  load average: 0.00, 0.01, 0.05

-------------------- System info --------------------
Linux sakura-tokyo-prod 3.10.0-514.26.2.el7.x86_64 #1 SMP Tue Jul 4 15:04:05 UTC 2017 x86_64 x86_64 x86_64 GNU/Linux

-------------------- Storage usage --------------------
ファイルシス   サイズ  使用  残り 使用% マウント位置
/dev/vda4         96G  5.6G   90G    6% /
devtmpfs         2.0G     0  2.0G    0% /dev
tmpfs            2.0G     0  2.0G    0% /dev/shm
tmpfs            2.0G  719M  1.3G   37% /run
tmpfs            2.0G     0  2.0G    0% /sys/fs/cgroup
/dev/vda2        497M  215M  283M   44% /boot
tmpfs            396M     0  396M    0% /run/user/0
tmpfs            396M     0  396M    0% /run/user/1001

-------------------- System load --------------------
Linux 3.10.0-514.26.2.el7.x86_64 (sakura-tokyo-prod) 	2018年02月12日 	_x86_64_	(4 CPU)

00時00分01秒     CPU     %user     %nice   %system   %iowait    %steal     %idle
01時00分02秒     all      0.09      0.00      0.04      0.00      0.02     99.85
02時00分02秒     all      0.12      0.00      0.05      0.01      0.02     99.81
03時00分01秒     all      0.07      0.00      0.03      0.00      0.02     99.88
04時00分01秒     all      0.07      0.00      0.04      0.00      0.02     99.86
05時00分02秒     all      0.07      0.00      0.04      0.00      0.02     99.87
06時00分02秒     all      0.06      0.00      0.03      0.00      0.02     99.89
07時00分01秒     all      0.08      0.00      0.04      0.01      0.02     99.86
08時00分01秒     all      0.07      0.00      0.04      0.00      0.02     99.87
平均値:      all      0.08      0.00      0.04      0.00      0.02     99.86

-------------------- Logged in user --------------------


==================== 2018-02-12 11:55:01 ====================

-------------------- uptime --------------------
 11:55:01 up 221 days, 44 min,  0 users,  load average: 0.00, 0.01, 0.05

-------------------- System info --------------------
Linux sakura-tokyo-prod 3.10.0-514.26.2.el7.x86_64 #1 SMP Tue Jul 4 15:04:05 UTC 2017 x86_64 x86_64 x86_64 GNU/Linux

-------------------- Storage usage --------------------
ファイルシス   サイズ  使用  残り 使用% マウント位置
/dev/vda4         96G  5.6G   90G    6% /
devtmpfs         2.0G     0  2.0G    0% /dev
tmpfs            2.0G     0  2.0G    0% /dev/shm
tmpfs            2.0G  719M  1.3G   37% /run
tmpfs            2.0G     0  2.0G    0% /sys/fs/cgroup
/dev/vda2        497M  215M  283M   44% /boot
tmpfs            396M     0  396M    0% /run/user/0
tmpfs            396M     0  396M    0% /run/user/1001

-------------------- System load --------------------
Linux 3.10.0-514.26.2.el7.x86_64 (sakura-tokyo-prod) 	2018年02月12日 	_x86_64_	(4 CPU)

00時00分01秒     CPU     %user     %nice   %system   %iowait    %steal     %idle
01時00分02秒     all      0.09      0.00      0.04      0.00      0.02     99.85
02時00分02秒     all      0.12      0.00      0.05      0.01      0.02     99.81
03時00分01秒     all      0.07      0.00      0.03      0.00      0.02     99.88
04時00分01秒     all      0.07      0.00      0.04      0.00      0.02     99.86
05時00分02秒     all      0.07      0.00      0.04      0.00      0.02     99.87
06時00分02秒     all      0.06      0.00      0.03      0.00      0.02     99.89
07時00分01秒     all      0.08      0.00      0.04      0.01      0.02     99.86
08時00分01秒     all      0.07      0.00      0.04      0.00      0.02     99.87
09時00分01秒     all      0.06      0.00      0.03      0.00      0.02     99.88
10時00分01秒     all      0.08      0.00      0.04      0.00      0.02     99.86
11時00分02秒     all      0.08      0.00      0.04      0.00      0.03     99.85
平均値:      all      0.08      0.00      0.04      0.00      0.02     99.86

-------------------- Logged in user --------------------


==================== 2018-02-12 14:55:01 ====================

-------------------- uptime --------------------
 14:55:01 up 221 days,  3:44,  0 users,  load average: 0.00, 0.01, 0.05

-------------------- System info --------------------
Linux sakura-tokyo-prod 3.10.0-514.26.2.el7.x86_64 #1 SMP Tue Jul 4 15:04:05 UTC 2017 x86_64 x86_64 x86_64 GNU/Linux

-------------------- Storage usage --------------------
ファイルシス   サイズ  使用  残り 使用% マウント位置
/dev/vda4         96G  5.6G   90G    6% /
devtmpfs         2.0G     0  2.0G    0% /dev
tmpfs            2.0G     0  2.0G    0% /dev/shm
tmpfs            2.0G  719M  1.3G   37% /run
tmpfs            2.0G     0  2.0G    0% /sys/fs/cgroup
/dev/vda2        497M  215M  283M   44% /boot
tmpfs            396M     0  396M    0% /run/user/0
tmpfs            396M     0  396M    0% /run/user/1001

-------------------- System load --------------------
Linux 3.10.0-514.26.2.el7.x86_64 (sakura-tokyo-prod) 	2018年02月12日 	_x86_64_	(4 CPU)

00時00分01秒     CPU     %user     %nice   %system   %iowait    %steal     %idle
01時00分02秒     all      0.09      0.00      0.04      0.00      0.02     99.85
02時00分02秒     all      0.12      0.00      0.05      0.01      0.02     99.81
03時00分01秒     all      0.07      0.00      0.03      0.00      0.02     99.88
04時00分01秒     all      0.07      0.00      0.04      0.00      0.02     99.86
05時00分02秒     all      0.07      0.00      0.04      0.00      0.02     99.87
06時00分02秒     all      0.06      0.00      0.03      0.00      0.02     99.89
07時00分01秒     all      0.08      0.00      0.04      0.01      0.02     99.86
08時00分01秒     all      0.07      0.00      0.04      0.00      0.02     99.87
09時00分01秒     all      0.06      0.00      0.03      0.00      0.02     99.88
10時00分01秒     all      0.08      0.00      0.04      0.00      0.02     99.86
11時00分02秒     all      0.08      0.00      0.04      0.00      0.03     99.85
12時00分01秒     all      0.09      0.00      0.05      0.00      0.03     99.82
13時00分02秒     all      0.09      0.00      0.05      0.00      0.03     99.84
14時00分01秒     all      0.07      0.00      0.04      0.00      0.03     99.86
平均値:      all      0.08      0.00      0.04      0.00      0.02     99.86

-------------------- Logged in user --------------------


