==================== 2018-02-13 02:55:01 ====================

-------------------- uptime --------------------
 02:55:01 up 221 days, 15:44,  0 users,  load average: 0.00, 0.01, 0.05

-------------------- System info --------------------
Linux sakura-tokyo-prod 3.10.0-514.26.2.el7.x86_64 #1 SMP Tue Jul 4 15:04:05 UTC 2017 x86_64 x86_64 x86_64 GNU/Linux

-------------------- Storage usage --------------------
ファイルシス   サイズ  使用  残り 使用% マウント位置
/dev/vda4         96G  5.6G   90G    6% /
devtmpfs         2.0G     0  2.0G    0% /dev
tmpfs            2.0G     0  2.0G    0% /dev/shm
tmpfs            2.0G  719M  1.3G   37% /run
tmpfs            2.0G     0  2.0G    0% /sys/fs/cgroup
/dev/vda2        497M  215M  283M   44% /boot
tmpfs            396M     0  396M    0% /run/user/0
tmpfs            396M     0  396M    0% /run/user/1001

-------------------- System load --------------------
Linux 3.10.0-514.26.2.el7.x86_64 (sakura-tokyo-prod) 	2018年02月13日 	_x86_64_	(4 CPU)

00時00分02秒     CPU     %user     %nice   %system   %iowait    %steal     %idle
01時00分01秒     all      0.08      0.00      0.04      0.00      0.02     99.86
02時00分02秒     all      0.09      0.00      0.04      0.00      0.02     99.85
平均値:      all      0.09      0.00      0.04      0.00      0.02     99.85

-------------------- Logged in user --------------------


==================== 2018-02-13 05:55:01 ====================

-------------------- uptime --------------------
 05:55:01 up 221 days, 18:44,  0 users,  load average: 0.00, 0.01, 0.05

-------------------- System info --------------------
Linux sakura-tokyo-prod 3.10.0-514.26.2.el7.x86_64 #1 SMP Tue Jul 4 15:04:05 UTC 2017 x86_64 x86_64 x86_64 GNU/Linux

-------------------- Storage usage --------------------
ファイルシス   サイズ  使用  残り 使用% マウント位置
/dev/vda4         96G  5.6G   90G    6% /
devtmpfs         2.0G     0  2.0G    0% /dev
tmpfs            2.0G     0  2.0G    0% /dev/shm
tmpfs            2.0G  719M  1.3G   37% /run
tmpfs            2.0G     0  2.0G    0% /sys/fs/cgroup
/dev/vda2        497M  215M  283M   44% /boot
tmpfs            396M     0  396M    0% /run/user/0
tmpfs            396M     0  396M    0% /run/user/1001

-------------------- System load --------------------
Linux 3.10.0-514.26.2.el7.x86_64 (sakura-tokyo-prod) 	2018年02月13日 	_x86_64_	(4 CPU)

00時00分02秒     CPU     %user     %nice   %system   %iowait    %steal     %idle
01時00分01秒     all      0.08      0.00      0.04      0.00      0.02     99.86
02時00分02秒     all      0.09      0.00      0.04      0.00      0.02     99.85
03時00分01秒     all      0.07      0.00      0.04      0.00      0.01     99.87
04時00分01秒     all      0.07      0.00      0.03      0.00      0.01     99.88
05時00分02秒     all      0.07      0.00      0.04      0.00      0.02     99.87
平均値:      all      0.08      0.00      0.04      0.00      0.02     99.86

-------------------- Logged in user --------------------


==================== 2018-02-13 08:55:01 ====================

-------------------- uptime --------------------
 08:55:01 up 221 days, 21:44,  0 users,  load average: 0.00, 0.01, 0.05

-------------------- System info --------------------
Linux sakura-tokyo-prod 3.10.0-514.26.2.el7.x86_64 #1 SMP Tue Jul 4 15:04:05 UTC 2017 x86_64 x86_64 x86_64 GNU/Linux

-------------------- Storage usage --------------------
ファイルシス   サイズ  使用  残り 使用% マウント位置
/dev/vda4         96G  5.6G   90G    6% /
devtmpfs         2.0G     0  2.0G    0% /dev
tmpfs            2.0G     0  2.0G    0% /dev/shm
tmpfs            2.0G  719M  1.3G   37% /run
tmpfs            2.0G     0  2.0G    0% /sys/fs/cgroup
/dev/vda2        497M  215M  283M   44% /boot
tmpfs            396M     0  396M    0% /run/user/0
tmpfs            396M     0  396M    0% /run/user/1001

-------------------- System load --------------------
Linux 3.10.0-514.26.2.el7.x86_64 (sakura-tokyo-prod) 	2018年02月13日 	_x86_64_	(4 CPU)

00時00分02秒     CPU     %user     %nice   %system   %iowait    %steal     %idle
01時00分01秒     all      0.08      0.00      0.04      0.00      0.02     99.86
02時00分02秒     all      0.09      0.00      0.04      0.00      0.02     99.85
03時00分01秒     all      0.07      0.00      0.04      0.00      0.01     99.87
04時00分01秒     all      0.07      0.00      0.03      0.00      0.01     99.88
05時00分02秒     all      0.07      0.00      0.04      0.00      0.02     99.87
06時00分01秒     all      0.15      0.00      0.04      0.00      0.02     99.79
07時00分02秒     all      0.08      0.00      0.04      0.00      0.02     99.85
08時00分02秒     all      0.07      0.00      0.03      0.00      0.02     99.88
平均値:      all      0.09      0.00      0.04      0.00      0.02     99.86

-------------------- Logged in user --------------------


==================== 2018-02-13 11:55:01 ====================

-------------------- uptime --------------------
 11:55:01 up 222 days, 44 min,  0 users,  load average: 0.00, 0.01, 0.05

-------------------- System info --------------------
Linux sakura-tokyo-prod 3.10.0-514.26.2.el7.x86_64 #1 SMP Tue Jul 4 15:04:05 UTC 2017 x86_64 x86_64 x86_64 GNU/Linux

-------------------- Storage usage --------------------
ファイルシス   サイズ  使用  残り 使用% マウント位置
/dev/vda4         96G  5.6G   90G    6% /
devtmpfs         2.0G     0  2.0G    0% /dev
tmpfs            2.0G     0  2.0G    0% /dev/shm
tmpfs            2.0G  720M  1.3G   37% /run
tmpfs            2.0G     0  2.0G    0% /sys/fs/cgroup
/dev/vda2        497M  215M  283M   44% /boot
tmpfs            396M     0  396M    0% /run/user/0
tmpfs            396M     0  396M    0% /run/user/1001

-------------------- System load --------------------
Linux 3.10.0-514.26.2.el7.x86_64 (sakura-tokyo-prod) 	2018年02月13日 	_x86_64_	(4 CPU)

00時00分02秒     CPU     %user     %nice   %system   %iowait    %steal     %idle
01時00分01秒     all      0.08      0.00      0.04      0.00      0.02     99.86
02時00分02秒     all      0.09      0.00      0.04      0.00      0.02     99.85
03時00分01秒     all      0.07      0.00      0.04      0.00      0.01     99.87
04時00分01秒     all      0.07      0.00      0.03      0.00      0.01     99.88
05時00分02秒     all      0.07      0.00      0.04      0.00      0.02     99.87
06時00分01秒     all      0.15      0.00      0.04      0.00      0.02     99.79
07時00分02秒     all      0.08      0.00      0.04      0.00      0.02     99.85
08時00分02秒     all      0.07      0.00      0.03      0.00      0.02     99.88
09時00分02秒     all      0.07      0.00      0.03      0.00      0.02     99.88
10時00分02秒     all      0.08      0.00      0.04      0.00      0.02     99.86
11時00分02秒     all      0.07      0.00      0.04      0.00      0.02     99.87
平均値:      all      0.08      0.00      0.04      0.00      0.02     99.86

-------------------- Logged in user --------------------


==================== 2018-02-13 14:55:01 ====================

-------------------- uptime --------------------
 14:55:01 up 222 days,  3:44,  1 user,  load average: 0.00, 0.01, 0.05

-------------------- System info --------------------
Linux sakura-tokyo-prod 3.10.0-514.26.2.el7.x86_64 #1 SMP Tue Jul 4 15:04:05 UTC 2017 x86_64 x86_64 x86_64 GNU/Linux

-------------------- Storage usage --------------------
ファイルシス   サイズ  使用  残り 使用% マウント位置
/dev/vda4         96G  5.6G   90G    6% /
devtmpfs         2.0G     0  2.0G    0% /dev
tmpfs            2.0G     0  2.0G    0% /dev/shm
tmpfs            2.0G  720M  1.3G   37% /run
tmpfs            2.0G     0  2.0G    0% /sys/fs/cgroup
/dev/vda2        497M  215M  283M   44% /boot
tmpfs            396M     0  396M    0% /run/user/0
tmpfs            396M     0  396M    0% /run/user/1001

-------------------- System load --------------------
Linux 3.10.0-514.26.2.el7.x86_64 (sakura-tokyo-prod) 	2018年02月13日 	_x86_64_	(4 CPU)

00時00分02秒     CPU     %user     %nice   %system   %iowait    %steal     %idle
01時00分01秒     all      0.08      0.00      0.04      0.00      0.02     99.86
02時00分02秒     all      0.09      0.00      0.04      0.00      0.02     99.85
03時00分01秒     all      0.07      0.00      0.04      0.00      0.01     99.87
04時00分01秒     all      0.07      0.00      0.03      0.00      0.01     99.88
05時00分02秒     all      0.07      0.00      0.04      0.00      0.02     99.87
06時00分01秒     all      0.15      0.00      0.04      0.00      0.02     99.79
07時00分02秒     all      0.08      0.00      0.04      0.00      0.02     99.85
08時00分02秒     all      0.07      0.00      0.03      0.00      0.02     99.88
09時00分02秒     all      0.07      0.00      0.03      0.00      0.02     99.88
10時00分02秒     all      0.08      0.00      0.04      0.00      0.02     99.86
11時00分02秒     all      0.07      0.00      0.04      0.00      0.02     99.87
12時00分02秒     all      0.07      0.00      0.04      0.00      0.02     99.87
13時00分02秒     all      0.09      0.00      0.04      0.00      0.02     99.85
14時00分01秒     all      0.09      0.00      0.04      0.00      0.02     99.85
平均値:      all      0.08      0.00      0.04      0.00      0.02     99.86

-------------------- Logged in user --------------------
k33de331 2018-02-13 14:19

==================== 2018-02-13 17:55:01 ====================

-------------------- uptime --------------------
 17:55:01 up 222 days,  6:44,  1 user,  load average: 0.00, 0.03, 0.05

-------------------- System info --------------------
Linux sakura-tokyo-prod 3.10.0-514.26.2.el7.x86_64 #1 SMP Tue Jul 4 15:04:05 UTC 2017 x86_64 x86_64 x86_64 GNU/Linux

-------------------- Storage usage --------------------
ファイルシス   サイズ  使用  残り 使用% マウント位置
/dev/vda4         96G  5.6G   90G    6% /
devtmpfs         2.0G     0  2.0G    0% /dev
tmpfs            2.0G     0  2.0G    0% /dev/shm
tmpfs            2.0G  720M  1.3G   37% /run
tmpfs            2.0G     0  2.0G    0% /sys/fs/cgroup
/dev/vda2        497M  215M  283M   44% /boot
tmpfs            396M     0  396M    0% /run/user/0
tmpfs            396M     0  396M    0% /run/user/1001

-------------------- System load --------------------
Linux 3.10.0-514.26.2.el7.x86_64 (sakura-tokyo-prod) 	2018年02月13日 	_x86_64_	(4 CPU)

00時00分02秒     CPU     %user     %nice   %system   %iowait    %steal     %idle
01時00分01秒     all      0.08      0.00      0.04      0.00      0.02     99.86
02時00分02秒     all      0.09      0.00      0.04      0.00      0.02     99.85
03時00分01秒     all      0.07      0.00      0.04      0.00      0.01     99.87
04時00分01秒     all      0.07      0.00      0.03      0.00      0.01     99.88
05時00分02秒     all      0.07      0.00      0.04      0.00      0.02     99.87
06時00分01秒     all      0.15      0.00      0.04      0.00      0.02     99.79
07時00分02秒     all      0.08      0.00      0.04      0.00      0.02     99.85
08時00分02秒     all      0.07      0.00      0.03      0.00      0.02     99.88
09時00分02秒     all      0.07      0.00      0.03      0.00      0.02     99.88
10時00分02秒     all      0.08      0.00      0.04      0.00      0.02     99.86
11時00分02秒     all      0.07      0.00      0.04      0.00      0.02     99.87
12時00分02秒     all      0.07      0.00      0.04      0.00      0.02     99.87
13時00分02秒     all      0.09      0.00      0.04      0.00      0.02     99.85
14時00分01秒     all      0.09      0.00      0.04      0.00      0.02     99.85
15時00分02秒     all      0.09      0.00      0.04      0.00      0.02     99.85
16時00分02秒     all      0.08      0.00      0.05      0.00      0.03     99.84
17時00分01秒     all      0.28      0.00      0.08      0.00      0.03     99.61
平均値:      all      0.09      0.00      0.04      0.00      0.02     99.84

-------------------- Logged in user --------------------
kaa48274 2018-02-13 15:48

==================== 2018-02-13 20:55:02 ====================

-------------------- uptime --------------------
 20:55:02 up 222 days,  9:44,  1 user,  load average: 0.00, 0.01, 0.05

-------------------- System info --------------------
Linux sakura-tokyo-prod 3.10.0-514.26.2.el7.x86_64 #1 SMP Tue Jul 4 15:04:05 UTC 2017 x86_64 x86_64 x86_64 GNU/Linux

-------------------- Storage usage --------------------
ファイルシス   サイズ  使用  残り 使用% マウント位置
/dev/vda4         96G  5.6G   90G    6% /
devtmpfs         2.0G     0  2.0G    0% /dev
tmpfs            2.0G     0  2.0G    0% /dev/shm
tmpfs            2.0G  721M  1.3G   37% /run
tmpfs            2.0G     0  2.0G    0% /sys/fs/cgroup
/dev/vda2        497M  215M  283M   44% /boot
tmpfs            396M     0  396M    0% /run/user/0
tmpfs            396M     0  396M    0% /run/user/1001

-------------------- System load --------------------
Linux 3.10.0-514.26.2.el7.x86_64 (sakura-tokyo-prod) 	2018年02月13日 	_x86_64_	(4 CPU)

00時00分02秒     CPU     %user     %nice   %system   %iowait    %steal     %idle
01時00分01秒     all      0.08      0.00      0.04      0.00      0.02     99.86
02時00分02秒     all      0.09      0.00      0.04      0.00      0.02     99.85
03時00分01秒     all      0.07      0.00      0.04      0.00      0.01     99.87
04時00分01秒     all      0.07      0.00      0.03      0.00      0.01     99.88
05時00分02秒     all      0.07      0.00      0.04      0.00      0.02     99.87
06時00分01秒     all      0.15      0.00      0.04      0.00      0.02     99.79
07時00分02秒     all      0.08      0.00      0.04      0.00      0.02     99.85
08時00分02秒     all      0.07      0.00      0.03      0.00      0.02     99.88
09時00分02秒     all      0.07      0.00      0.03      0.00      0.02     99.88
10時00分02秒     all      0.08      0.00      0.04      0.00      0.02     99.86
11時00分02秒     all      0.07      0.00      0.04      0.00      0.02     99.87
12時00分02秒     all      0.07      0.00      0.04      0.00      0.02     99.87
13時00分02秒     all      0.09      0.00      0.04      0.00      0.02     99.85
14時00分01秒     all      0.09      0.00      0.04      0.00      0.02     99.85
15時00分02秒     all      0.09      0.00      0.04      0.00      0.02     99.85
16時00分02秒     all      0.08      0.00      0.05      0.00      0.03     99.84
17時00分01秒     all      0.28      0.00      0.08      0.00      0.03     99.61
18時00分02秒     all      0.29      0.00      0.07      0.00      0.02     99.61
19時00分01秒     all      0.34      0.00      0.10      0.00      0.03     99.54
20時00分02秒     all      0.31      0.00      0.07      0.00      0.02     99.60
平均値:      all      0.13      0.00      0.05      0.00      0.02     99.80

-------------------- Logged in user --------------------
kc3c15a4 2018-02-13 18:26

