==================== 2018-02-15 02:55:01 ====================

-------------------- uptime --------------------
 02:55:01 up 223 days, 15:44,  0 users,  load average: 0.00, 0.01, 0.05

-------------------- System info --------------------
Linux sakura-tokyo-prod 3.10.0-514.26.2.el7.x86_64 #1 SMP Tue Jul 4 15:04:05 UTC 2017 x86_64 x86_64 x86_64 GNU/Linux

-------------------- Storage usage --------------------
ファイルシス   サイズ  使用  残り 使用% マウント位置
/dev/vda4         96G  5.6G   90G    6% /
devtmpfs         2.0G     0  2.0G    0% /dev
tmpfs            2.0G     0  2.0G    0% /dev/shm
tmpfs            2.0G  745M  1.3G   38% /run
tmpfs            2.0G     0  2.0G    0% /sys/fs/cgroup
/dev/vda2        497M  215M  283M   44% /boot
tmpfs            396M     0  396M    0% /run/user/0
tmpfs            396M     0  396M    0% /run/user/1001

-------------------- System load --------------------
Linux 3.10.0-514.26.2.el7.x86_64 (sakura-tokyo-prod) 	2018年02月15日 	_x86_64_	(4 CPU)

00時00分01秒     CPU     %user     %nice   %system   %iowait    %steal     %idle
01時00分02秒     all      0.32      0.00      0.09      0.00      0.04     99.54
02時00分01秒     all      0.30      0.00      0.07      0.00      0.03     99.60
平均値:      all      0.31      0.00      0.08      0.00      0.03     99.57

-------------------- Logged in user --------------------


==================== 2018-02-15 05:55:01 ====================

-------------------- uptime --------------------
 05:55:01 up 223 days, 18:44,  0 users,  load average: 0.00, 0.01, 0.05

-------------------- System info --------------------
Linux sakura-tokyo-prod 3.10.0-514.26.2.el7.x86_64 #1 SMP Tue Jul 4 15:04:05 UTC 2017 x86_64 x86_64 x86_64 GNU/Linux

-------------------- Storage usage --------------------
ファイルシス   サイズ  使用  残り 使用% マウント位置
/dev/vda4         96G  5.6G   90G    6% /
devtmpfs         2.0G     0  2.0G    0% /dev
tmpfs            2.0G     0  2.0G    0% /dev/shm
tmpfs            2.0G  746M  1.3G   38% /run
tmpfs            2.0G     0  2.0G    0% /sys/fs/cgroup
/dev/vda2        497M  215M  283M   44% /boot
tmpfs            396M     0  396M    0% /run/user/0
tmpfs            396M     0  396M    0% /run/user/1001

-------------------- System load --------------------
Linux 3.10.0-514.26.2.el7.x86_64 (sakura-tokyo-prod) 	2018年02月15日 	_x86_64_	(4 CPU)

00時00分01秒     CPU     %user     %nice   %system   %iowait    %steal     %idle
01時00分02秒     all      0.32      0.00      0.09      0.00      0.04     99.54
02時00分01秒     all      0.30      0.00      0.07      0.00      0.03     99.60
03時00分02秒     all      0.38      0.00      0.08      0.00      0.03     99.50
04時00分02秒     all      0.53      0.00      0.08      0.00      0.04     99.34
05時00分02秒     all      0.29      0.00      0.07      0.00      0.03     99.61
平均値:      all      0.37      0.00      0.08      0.00      0.03     99.52

-------------------- Logged in user --------------------


==================== 2018-02-15 08:55:02 ====================

-------------------- uptime --------------------
 08:55:02 up 223 days, 21:44,  0 users,  load average: 0.00, 0.01, 0.05

-------------------- System info --------------------
Linux sakura-tokyo-prod 3.10.0-514.26.2.el7.x86_64 #1 SMP Tue Jul 4 15:04:05 UTC 2017 x86_64 x86_64 x86_64 GNU/Linux

-------------------- Storage usage --------------------
ファイルシス   サイズ  使用  残り 使用% マウント位置
/dev/vda4         96G  5.6G   90G    6% /
devtmpfs         2.0G     0  2.0G    0% /dev
tmpfs            2.0G     0  2.0G    0% /dev/shm
tmpfs            2.0G  747M  1.3G   38% /run
tmpfs            2.0G     0  2.0G    0% /sys/fs/cgroup
/dev/vda2        497M  215M  283M   44% /boot
tmpfs            396M     0  396M    0% /run/user/0
tmpfs            396M     0  396M    0% /run/user/1001

-------------------- System load --------------------
Linux 3.10.0-514.26.2.el7.x86_64 (sakura-tokyo-prod) 	2018年02月15日 	_x86_64_	(4 CPU)

00時00分01秒     CPU     %user     %nice   %system   %iowait    %steal     %idle
01時00分02秒     all      0.32      0.00      0.09      0.00      0.04     99.54
02時00分01秒     all      0.30      0.00      0.07      0.00      0.03     99.60
03時00分02秒     all      0.38      0.00      0.08      0.00      0.03     99.50
04時00分02秒     all      0.53      0.00      0.08      0.00      0.04     99.34
05時00分02秒     all      0.29      0.00      0.07      0.00      0.03     99.61
06時00分02秒     all      0.29      0.00      0.07      0.00      0.03     99.60
07時00分02秒     all      0.29      0.00      0.07      0.00      0.03     99.60
08時00分02秒     all      0.28      0.00      0.07      0.00      0.03     99.62
平均値:      all      0.34      0.00      0.07      0.00      0.03     99.55

-------------------- Logged in user --------------------


==================== 2018-02-15 11:55:02 ====================

-------------------- uptime --------------------
 11:55:02 up 224 days, 44 min,  1 user,  load average: 0.00, 0.04, 0.05

-------------------- System info --------------------
Linux sakura-tokyo-prod 3.10.0-514.26.2.el7.x86_64 #1 SMP Tue Jul 4 15:04:05 UTC 2017 x86_64 x86_64 x86_64 GNU/Linux

-------------------- Storage usage --------------------
ファイルシス   サイズ  使用  残り 使用% マウント位置
/dev/vda4         96G  5.6G   90G    6% /
devtmpfs         2.0G     0  2.0G    0% /dev
tmpfs            2.0G     0  2.0G    0% /dev/shm
tmpfs            2.0G  748M  1.2G   38% /run
tmpfs            2.0G     0  2.0G    0% /sys/fs/cgroup
/dev/vda2        497M  215M  283M   44% /boot
tmpfs            396M     0  396M    0% /run/user/0
tmpfs            396M     0  396M    0% /run/user/1001

-------------------- System load --------------------
Linux 3.10.0-514.26.2.el7.x86_64 (sakura-tokyo-prod) 	2018年02月15日 	_x86_64_	(4 CPU)

00時00分01秒     CPU     %user     %nice   %system   %iowait    %steal     %idle
01時00分02秒     all      0.32      0.00      0.09      0.00      0.04     99.54
02時00分01秒     all      0.30      0.00      0.07      0.00      0.03     99.60
03時00分02秒     all      0.38      0.00      0.08      0.00      0.03     99.50
04時00分02秒     all      0.53      0.00      0.08      0.00      0.04     99.34
05時00分02秒     all      0.29      0.00      0.07      0.00      0.03     99.61
06時00分02秒     all      0.29      0.00      0.07      0.00      0.03     99.60
07時00分02秒     all      0.29      0.00      0.07      0.00      0.03     99.60
08時00分02秒     all      0.28      0.00      0.07      0.00      0.03     99.62
09時00分02秒     all      0.29      0.00      0.07      0.00      0.03     99.60
10時00分02秒     all      0.37      0.00      0.07      0.00      0.03     99.52
11時00分01秒     all      0.47      0.00      0.13      0.00      0.05     99.35
平均値:      all      0.35      0.00      0.08      0.00      0.03     99.54

-------------------- Logged in user --------------------
k697f667 2018-02-15 10:07

==================== 2018-02-15 14:55:02 ====================

-------------------- uptime --------------------
 14:55:02 up 224 days,  3:44,  1 user,  load average: 0.00, 0.01, 0.05

-------------------- System info --------------------
Linux sakura-tokyo-prod 3.10.0-514.26.2.el7.x86_64 #1 SMP Tue Jul 4 15:04:05 UTC 2017 x86_64 x86_64 x86_64 GNU/Linux

-------------------- Storage usage --------------------
ファイルシス   サイズ  使用  残り 使用% マウント位置
/dev/vda4         96G  5.6G   90G    6% /
devtmpfs         2.0G     0  2.0G    0% /dev
tmpfs            2.0G     0  2.0G    0% /dev/shm
tmpfs            2.0G  757M  1.2G   39% /run
tmpfs            2.0G     0  2.0G    0% /sys/fs/cgroup
/dev/vda2        497M  215M  283M   44% /boot
tmpfs            396M     0  396M    0% /run/user/0
tmpfs            396M     0  396M    0% /run/user/1001

-------------------- System load --------------------
Linux 3.10.0-514.26.2.el7.x86_64 (sakura-tokyo-prod) 	2018年02月15日 	_x86_64_	(4 CPU)

00時00分01秒     CPU     %user     %nice   %system   %iowait    %steal     %idle
01時00分02秒     all      0.32      0.00      0.09      0.00      0.04     99.54
02時00分01秒     all      0.30      0.00      0.07      0.00      0.03     99.60
03時00分02秒     all      0.38      0.00      0.08      0.00      0.03     99.50
04時00分02秒     all      0.53      0.00      0.08      0.00      0.04     99.34
05時00分02秒     all      0.29      0.00      0.07      0.00      0.03     99.61
06時00分02秒     all      0.29      0.00      0.07      0.00      0.03     99.60
07時00分02秒     all      0.29      0.00      0.07      0.00      0.03     99.60
08時00分02秒     all      0.28      0.00      0.07      0.00      0.03     99.62
09時00分02秒     all      0.29      0.00      0.07      0.00      0.03     99.60
10時00分02秒     all      0.37      0.00      0.07      0.00      0.03     99.52
11時00分01秒     all      0.47      0.00      0.13      0.00      0.05     99.35
12時00分02秒     all      0.42      0.00      0.13      0.01      0.05     99.39
13時00分01秒     all      0.32      0.00      0.11      0.01      0.04     99.52
14時00分02秒     all      0.30      0.00      0.07      0.00      0.03     99.59
平均値:      all      0.35      0.00      0.08      0.00      0.04     99.53

-------------------- Logged in user --------------------
kbc6eec3 2018-02-15 10:07

==================== 2018-02-15 17:55:02 ====================

-------------------- uptime --------------------
 17:55:02 up 224 days,  6:44,  1 user,  load average: 0.03, 0.03, 0.05

-------------------- System info --------------------
Linux sakura-tokyo-prod 3.10.0-514.26.2.el7.x86_64 #1 SMP Tue Jul 4 15:04:05 UTC 2017 x86_64 x86_64 x86_64 GNU/Linux

-------------------- Storage usage --------------------
ファイルシス   サイズ  使用  残り 使用% マウント位置
/dev/vda4         96G  5.6G   90G    6% /
devtmpfs         2.0G     0  2.0G    0% /dev
tmpfs            2.0G     0  2.0G    0% /dev/shm
tmpfs            2.0G  757M  1.2G   39% /run
tmpfs            2.0G     0  2.0G    0% /sys/fs/cgroup
/dev/vda2        497M  215M  283M   44% /boot
tmpfs            396M     0  396M    0% /run/user/0
tmpfs            396M     0  396M    0% /run/user/1001

-------------------- System load --------------------
Linux 3.10.0-514.26.2.el7.x86_64 (sakura-tokyo-prod) 	2018年02月15日 	_x86_64_	(4 CPU)

00時00分01秒     CPU     %user     %nice   %system   %iowait    %steal     %idle
01時00分02秒     all      0.32      0.00      0.09      0.00      0.04     99.54
02時00分01秒     all      0.30      0.00      0.07      0.00      0.03     99.60
03時00分02秒     all      0.38      0.00      0.08      0.00      0.03     99.50
04時00分02秒     all      0.53      0.00      0.08      0.00      0.04     99.34
05時00分02秒     all      0.29      0.00      0.07      0.00      0.03     99.61
06時00分02秒     all      0.29      0.00      0.07      0.00      0.03     99.60
07時00分02秒     all      0.29      0.00      0.07      0.00      0.03     99.60
08時00分02秒     all      0.28      0.00      0.07      0.00      0.03     99.62
09時00分02秒     all      0.29      0.00      0.07      0.00      0.03     99.60
10時00分02秒     all      0.37      0.00      0.07      0.00      0.03     99.52
11時00分01秒     all      0.47      0.00      0.13      0.00      0.05     99.35
12時00分02秒     all      0.42      0.00      0.13      0.01      0.05     99.39
13時00分01秒     all      0.32      0.00      0.11      0.01      0.04     99.52
14時00分02秒     all      0.30      0.00      0.07      0.00      0.03     99.59
15時00分02秒     all      0.36      0.00      0.10      0.01      0.05     99.49
16時00分01秒     all      0.34      0.00      0.10      0.01      0.03     99.51
17時00分01秒     all      0.32      0.00      0.08      0.01      0.03     99.56
平均値:      all      0.35      0.00      0.09      0.00      0.04     99.53

-------------------- Logged in user --------------------
kd27a7bb 2018-02-15 10:07

==================== 2018-02-15 20:55:01 ====================

-------------------- uptime --------------------
 20:55:01 up 224 days,  9:44,  1 user,  load average: 0.03, 0.03, 0.05

-------------------- System info --------------------
Linux sakura-tokyo-prod 3.10.0-514.26.2.el7.x86_64 #1 SMP Tue Jul 4 15:04:05 UTC 2017 x86_64 x86_64 x86_64 GNU/Linux

-------------------- Storage usage --------------------
ファイルシス   サイズ  使用  残り 使用% マウント位置
/dev/vda4         96G  5.7G   90G    6% /
devtmpfs         2.0G     0  2.0G    0% /dev
tmpfs            2.0G     0  2.0G    0% /dev/shm
tmpfs            2.0G  758M  1.2G   39% /run
tmpfs            2.0G     0  2.0G    0% /sys/fs/cgroup
/dev/vda2        497M  215M  283M   44% /boot
tmpfs            396M     0  396M    0% /run/user/0
tmpfs            396M     0  396M    0% /run/user/1001

-------------------- System load --------------------
Linux 3.10.0-514.26.2.el7.x86_64 (sakura-tokyo-prod) 	2018年02月15日 	_x86_64_	(4 CPU)

00時00分01秒     CPU     %user     %nice   %system   %iowait    %steal     %idle
01時00分02秒     all      0.32      0.00      0.09      0.00      0.04     99.54
02時00分01秒     all      0.30      0.00      0.07      0.00      0.03     99.60
03時00分02秒     all      0.38      0.00      0.08      0.00      0.03     99.50
04時00分02秒     all      0.53      0.00      0.08      0.00      0.04     99.34
05時00分02秒     all      0.29      0.00      0.07      0.00      0.03     99.61
06時00分02秒     all      0.29      0.00      0.07      0.00      0.03     99.60
07時00分02秒     all      0.29      0.00      0.07      0.00      0.03     99.60
08時00分02秒     all      0.28      0.00      0.07      0.00      0.03     99.62
09時00分02秒     all      0.29      0.00      0.07      0.00      0.03     99.60
10時00分02秒     all      0.37      0.00      0.07      0.00      0.03     99.52
11時00分01秒     all      0.47      0.00      0.13      0.00      0.05     99.35
12時00分02秒     all      0.42      0.00      0.13      0.01      0.05     99.39
13時00分01秒     all      0.32      0.00      0.11      0.01      0.04     99.52
14時00分02秒     all      0.30      0.00      0.07      0.00      0.03     99.59
15時00分02秒     all      0.36      0.00      0.10      0.01      0.05     99.49
16時00分01秒     all      0.34      0.00      0.10      0.01      0.03     99.51
17時00分01秒     all      0.32      0.00      0.08      0.01      0.03     99.56
18時00分02秒     all      0.37      0.00      0.11      0.01      0.04     99.46
19時00分02秒     all      0.33      0.00      0.09      0.01      0.03     99.54
20時00分02秒     all      0.30      0.00      0.07      0.00      0.03     99.59
平均値:      all      0.34      0.00      0.09      0.01      0.04     99.53

-------------------- Logged in user --------------------
k6dc9981 2018-02-15 10:07

==================== 2018-02-15 23:55:02 ====================

-------------------- uptime --------------------
 23:55:02 up 224 days, 12:44,  2 users,  load average: 0.00, 0.01, 0.05

-------------------- System info --------------------
Linux sakura-tokyo-prod 3.10.0-514.26.2.el7.x86_64 #1 SMP Tue Jul 4 15:04:05 UTC 2017 x86_64 x86_64 x86_64 GNU/Linux

-------------------- Storage usage --------------------
ファイルシス   サイズ  使用  残り 使用% マウント位置
/dev/vda4         96G  5.7G   90G    6% /
devtmpfs         2.0G     0  2.0G    0% /dev
tmpfs            2.0G     0  2.0G    0% /dev/shm
tmpfs            2.0G  735M  1.3G   38% /run
tmpfs            2.0G     0  2.0G    0% /sys/fs/cgroup
/dev/vda2        497M  215M  283M   44% /boot
tmpfs            396M     0  396M    0% /run/user/0
tmpfs            396M     0  396M    0% /run/user/1001

-------------------- System load --------------------
Linux 3.10.0-514.26.2.el7.x86_64 (sakura-tokyo-prod) 	2018年02月15日 	_x86_64_	(4 CPU)

00時00分01秒     CPU     %user     %nice   %system   %iowait    %steal     %idle
01時00分02秒     all      0.32      0.00      0.09      0.00      0.04     99.54
02時00分01秒     all      0.30      0.00      0.07      0.00      0.03     99.60
03時00分02秒     all      0.38      0.00      0.08      0.00      0.03     99.50
04時00分02秒     all      0.53      0.00      0.08      0.00      0.04     99.34
05時00分02秒     all      0.29      0.00      0.07      0.00      0.03     99.61
06時00分02秒     all      0.29      0.00      0.07      0.00      0.03     99.60
07時00分02秒     all      0.29      0.00      0.07      0.00      0.03     99.60
08時00分02秒     all      0.28      0.00      0.07      0.00      0.03     99.62
09時00分02秒     all      0.29      0.00      0.07      0.00      0.03     99.60
10時00分02秒     all      0.37      0.00      0.07      0.00      0.03     99.52
11時00分01秒     all      0.47      0.00      0.13      0.00      0.05     99.35
12時00分02秒     all      0.42      0.00      0.13      0.01      0.05     99.39
13時00分01秒     all      0.32      0.00      0.11      0.01      0.04     99.52
14時00分02秒     all      0.30      0.00      0.07      0.00      0.03     99.59
15時00分02秒     all      0.36      0.00      0.10      0.01      0.05     99.49
16時00分01秒     all      0.34      0.00      0.10      0.01      0.03     99.51
17時00分01秒     all      0.32      0.00      0.08      0.01      0.03     99.56
18時00分02秒     all      0.37      0.00      0.11      0.01      0.04     99.46
19時00分02秒     all      0.33      0.00      0.09      0.01      0.03     99.54
20時00分02秒     all      0.30      0.00      0.07      0.00      0.03     99.59
21時00分02秒     all      0.32      0.00      0.07      0.00      0.03     99.57
22時00分02秒     all      0.40      0.00      0.08      0.00      0.03     99.49
23時00分02秒     all      0.36      0.00      0.11      0.01      0.03     99.49
平均値:      all      0.35      0.00      0.09      0.01      0.04     99.53

-------------------- Logged in user --------------------
k63f0332 2018-02-15 10:07
k896e10f 2018-02-15 21:17

