==================== 2018-02-16 02:55:02 ====================

-------------------- uptime --------------------
 02:55:02 up 224 days, 15:44,  2 users,  load average: 0.00, 0.01, 0.05

-------------------- System info --------------------
Linux sakura-tokyo-prod 3.10.0-514.26.2.el7.x86_64 #1 SMP Tue Jul 4 15:04:05 UTC 2017 x86_64 x86_64 x86_64 GNU/Linux

-------------------- Storage usage --------------------
ファイルシス   サイズ  使用  残り 使用% マウント位置
/dev/vda4         96G  5.6G   90G    6% /
devtmpfs         2.0G     0  2.0G    0% /dev
tmpfs            2.0G     0  2.0G    0% /dev/shm
tmpfs            2.0G  736M  1.3G   38% /run
tmpfs            2.0G     0  2.0G    0% /sys/fs/cgroup
/dev/vda2        497M  215M  283M   44% /boot
tmpfs            396M     0  396M    0% /run/user/0
tmpfs            396M     0  396M    0% /run/user/1001

-------------------- System load --------------------
Linux 3.10.0-514.26.2.el7.x86_64 (sakura-tokyo-prod) 	2018年02月16日 	_x86_64_	(4 CPU)

00時00分02秒     CPU     %user     %nice   %system   %iowait    %steal     %idle
01時00分01秒     all      0.32      0.00      0.08      0.00      0.03     99.57
02時00分01秒     all      0.30      0.00      0.07      0.00      0.02     99.60
平均値:      all      0.31      0.00      0.07      0.00      0.02     99.59

-------------------- Logged in user --------------------
k80b3733 2018-02-15 10:07
kcff8785 2018-02-15 21:17

==================== 2018-02-16 05:55:01 ====================

-------------------- uptime --------------------
 05:55:01 up 224 days, 18:44,  2 users,  load average: 0.00, 0.01, 0.05

-------------------- System info --------------------
Linux sakura-tokyo-prod 3.10.0-514.26.2.el7.x86_64 #1 SMP Tue Jul 4 15:04:05 UTC 2017 x86_64 x86_64 x86_64 GNU/Linux

-------------------- Storage usage --------------------
ファイルシス   サイズ  使用  残り 使用% マウント位置
/dev/vda4         96G  5.6G   90G    6% /
devtmpfs         2.0G     0  2.0G    0% /dev
tmpfs            2.0G     0  2.0G    0% /dev/shm
tmpfs            2.0G  737M  1.3G   38% /run
tmpfs            2.0G     0  2.0G    0% /sys/fs/cgroup
/dev/vda2        497M  215M  283M   44% /boot
tmpfs            396M     0  396M    0% /run/user/0
tmpfs            396M     0  396M    0% /run/user/1001

-------------------- System load --------------------
Linux 3.10.0-514.26.2.el7.x86_64 (sakura-tokyo-prod) 	2018年02月16日 	_x86_64_	(4 CPU)

00時00分02秒     CPU     %user     %nice   %system   %iowait    %steal     %idle
01時00分01秒     all      0.32      0.00      0.08      0.00      0.03     99.57
02時00分01秒     all      0.30      0.00      0.07      0.00      0.02     99.60
03時00分02秒     all      0.31      0.00      0.07      0.00      0.03     99.59
04時00分02秒     all      0.29      0.00      0.07      0.00      0.04     99.60
05時00分01秒     all      0.29      0.00      0.08      0.00      0.03     99.60
平均値:      all      0.30      0.00      0.07      0.00      0.03     99.59

-------------------- Logged in user --------------------
k77079f9 2018-02-15 10:07
kcd4ac1a 2018-02-15 21:17

==================== 2018-02-16 08:55:01 ====================

-------------------- uptime --------------------
 08:55:01 up 224 days, 21:44,  2 users,  load average: 0.07, 0.06, 0.05

-------------------- System info --------------------
Linux sakura-tokyo-prod 3.10.0-514.26.2.el7.x86_64 #1 SMP Tue Jul 4 15:04:05 UTC 2017 x86_64 x86_64 x86_64 GNU/Linux

-------------------- Storage usage --------------------
ファイルシス   サイズ  使用  残り 使用% マウント位置
/dev/vda4         96G  5.6G   90G    6% /
devtmpfs         2.0G     0  2.0G    0% /dev
tmpfs            2.0G     0  2.0G    0% /dev/shm
tmpfs            2.0G  738M  1.3G   38% /run
tmpfs            2.0G     0  2.0G    0% /sys/fs/cgroup
/dev/vda2        497M  215M  283M   44% /boot
tmpfs            396M     0  396M    0% /run/user/0
tmpfs            396M     0  396M    0% /run/user/1001

-------------------- System load --------------------
Linux 3.10.0-514.26.2.el7.x86_64 (sakura-tokyo-prod) 	2018年02月16日 	_x86_64_	(4 CPU)

00時00分02秒     CPU     %user     %nice   %system   %iowait    %steal     %idle
01時00分01秒     all      0.32      0.00      0.08      0.00      0.03     99.57
02時00分01秒     all      0.30      0.00      0.07      0.00      0.02     99.60
03時00分02秒     all      0.31      0.00      0.07      0.00      0.03     99.59
04時00分02秒     all      0.29      0.00      0.07      0.00      0.04     99.60
05時00分01秒     all      0.29      0.00      0.08      0.00      0.03     99.60
06時00分02秒     all      0.29      0.00      0.08      0.00      0.03     99.59
07時00分02秒     all      0.30      0.00      0.09      0.00      0.03     99.58
08時00分02秒     all      0.29      0.00      0.08      0.00      0.03     99.61
平均値:      all      0.30      0.00      0.08      0.00      0.03     99.59

-------------------- Logged in user --------------------
k09612af 2018-02-15 10:07
k1552107 2018-02-15 21:17

==================== 2018-02-16 11:55:01 ====================

-------------------- uptime --------------------
 11:55:01 up 225 days, 44 min,  2 users,  load average: 0.00, 0.01, 0.05

-------------------- System info --------------------
Linux sakura-tokyo-prod 3.10.0-514.26.2.el7.x86_64 #1 SMP Tue Jul 4 15:04:05 UTC 2017 x86_64 x86_64 x86_64 GNU/Linux

-------------------- Storage usage --------------------
ファイルシス   サイズ  使用  残り 使用% マウント位置
/dev/vda4         96G  5.6G   90G    6% /
devtmpfs         2.0G     0  2.0G    0% /dev
tmpfs            2.0G     0  2.0G    0% /dev/shm
tmpfs            2.0G  739M  1.3G   38% /run
tmpfs            2.0G     0  2.0G    0% /sys/fs/cgroup
/dev/vda2        497M  215M  283M   44% /boot
tmpfs            396M     0  396M    0% /run/user/0
tmpfs            396M     0  396M    0% /run/user/1001

-------------------- System load --------------------
Linux 3.10.0-514.26.2.el7.x86_64 (sakura-tokyo-prod) 	2018年02月16日 	_x86_64_	(4 CPU)

00時00分02秒     CPU     %user     %nice   %system   %iowait    %steal     %idle
01時00分01秒     all      0.32      0.00      0.08      0.00      0.03     99.57
02時00分01秒     all      0.30      0.00      0.07      0.00      0.02     99.60
03時00分02秒     all      0.31      0.00      0.07      0.00      0.03     99.59
04時00分02秒     all      0.29      0.00      0.07      0.00      0.04     99.60
05時00分01秒     all      0.29      0.00      0.08      0.00      0.03     99.60
06時00分02秒     all      0.29      0.00      0.08      0.00      0.03     99.59
07時00分02秒     all      0.30      0.00      0.09      0.00      0.03     99.58
08時00分02秒     all      0.29      0.00      0.08      0.00      0.03     99.61
09時00分02秒     all      0.30      0.00      0.07      0.00      0.03     99.60
10時00分01秒     all      0.32      0.00      0.09      0.01      0.03     99.55
11時00分01秒     all      0.33      0.00      0.08      0.01      0.03     99.55
平均値:      all      0.30      0.00      0.08      0.00      0.03     99.58

-------------------- Logged in user --------------------
ka2a2bb4 2018-02-15 10:07
k36a5ee8 2018-02-15 21:17

==================== 2018-02-16 14:55:01 ====================

-------------------- uptime --------------------
 14:55:01 up 225 days,  3:44,  2 users,  load average: 0.11, 0.07, 0.05

-------------------- System info --------------------
Linux sakura-tokyo-prod 3.10.0-514.26.2.el7.x86_64 #1 SMP Tue Jul 4 15:04:05 UTC 2017 x86_64 x86_64 x86_64 GNU/Linux

-------------------- Storage usage --------------------
ファイルシス   サイズ  使用  残り 使用% マウント位置
/dev/vda4         96G  5.6G   90G    6% /
devtmpfs         2.0G     0  2.0G    0% /dev
tmpfs            2.0G     0  2.0G    0% /dev/shm
tmpfs            2.0G  740M  1.3G   38% /run
tmpfs            2.0G     0  2.0G    0% /sys/fs/cgroup
/dev/vda2        497M  215M  283M   44% /boot
tmpfs            396M     0  396M    0% /run/user/0
tmpfs            396M     0  396M    0% /run/user/1001

-------------------- System load --------------------
Linux 3.10.0-514.26.2.el7.x86_64 (sakura-tokyo-prod) 	2018年02月16日 	_x86_64_	(4 CPU)

00時00分02秒     CPU     %user     %nice   %system   %iowait    %steal     %idle
01時00分01秒     all      0.32      0.00      0.08      0.00      0.03     99.57
02時00分01秒     all      0.30      0.00      0.07      0.00      0.02     99.60
03時00分02秒     all      0.31      0.00      0.07      0.00      0.03     99.59
04時00分02秒     all      0.29      0.00      0.07      0.00      0.04     99.60
05時00分01秒     all      0.29      0.00      0.08      0.00      0.03     99.60
06時00分02秒     all      0.29      0.00      0.08      0.00      0.03     99.59
07時00分02秒     all      0.30      0.00      0.09      0.00      0.03     99.58
08時00分02秒     all      0.29      0.00      0.08      0.00      0.03     99.61
09時00分02秒     all      0.30      0.00      0.07      0.00      0.03     99.60
10時00分01秒     all      0.32      0.00      0.09      0.01      0.03     99.55
11時00分01秒     all      0.33      0.00      0.08      0.01      0.03     99.55
12時00分02秒     all      0.30      0.00      0.08      0.00      0.03     99.59
13時00分02秒     all      0.30      0.00      0.10      0.00      0.03     99.56
14時00分02秒     all      0.37      0.00      0.11      0.00      0.03     99.48
平均値:      all      0.31      0.00      0.08      0.00      0.03     99.58

-------------------- Logged in user --------------------
kbfbbef0 2018-02-15 10:07
k7422c4d 2018-02-15 21:17

==================== 2018-02-16 17:55:01 ====================

-------------------- uptime --------------------
 17:55:01 up 225 days,  6:44,  2 users,  load average: 0.00, 0.01, 0.05

-------------------- System info --------------------
Linux sakura-tokyo-prod 3.10.0-514.26.2.el7.x86_64 #1 SMP Tue Jul 4 15:04:05 UTC 2017 x86_64 x86_64 x86_64 GNU/Linux

-------------------- Storage usage --------------------
ファイルシス   サイズ  使用  残り 使用% マウント位置
/dev/vda4         96G  5.6G   90G    6% /
devtmpfs         2.0G     0  2.0G    0% /dev
tmpfs            2.0G     0  2.0G    0% /dev/shm
tmpfs            2.0G  740M  1.3G   38% /run
tmpfs            2.0G     0  2.0G    0% /sys/fs/cgroup
/dev/vda2        497M  215M  283M   44% /boot
tmpfs            396M     0  396M    0% /run/user/0
tmpfs            396M     0  396M    0% /run/user/1001

-------------------- System load --------------------
Linux 3.10.0-514.26.2.el7.x86_64 (sakura-tokyo-prod) 	2018年02月16日 	_x86_64_	(4 CPU)

00時00分02秒     CPU     %user     %nice   %system   %iowait    %steal     %idle
01時00分01秒     all      0.32      0.00      0.08      0.00      0.03     99.57
02時00分01秒     all      0.30      0.00      0.07      0.00      0.02     99.60
03時00分02秒     all      0.31      0.00      0.07      0.00      0.03     99.59
04時00分02秒     all      0.29      0.00      0.07      0.00      0.04     99.60
05時00分01秒     all      0.29      0.00      0.08      0.00      0.03     99.60
06時00分02秒     all      0.29      0.00      0.08      0.00      0.03     99.59
07時00分02秒     all      0.30      0.00      0.09      0.00      0.03     99.58
08時00分02秒     all      0.29      0.00      0.08      0.00      0.03     99.61
09時00分02秒     all      0.30      0.00      0.07      0.00      0.03     99.60
10時00分01秒     all      0.32      0.00      0.09      0.01      0.03     99.55
11時00分01秒     all      0.33      0.00      0.08      0.01      0.03     99.55
12時00分02秒     all      0.30      0.00      0.08      0.00      0.03     99.59
13時00分02秒     all      0.30      0.00      0.10      0.00      0.03     99.56
14時00分02秒     all      0.37      0.00      0.11      0.00      0.03     99.48
15時00分02秒     all      0.35      0.00      0.12      0.00      0.03     99.50
16時00分02秒     all      0.37      0.00      0.11      0.00      0.03     99.48
17時00分02秒     all      0.39      0.00      0.15      0.00      0.04     99.41
平均値:      all      0.32      0.00      0.09      0.00      0.03     99.56

-------------------- Logged in user --------------------
ka29a6d6 2018-02-15 10:07
k681c421 2018-02-15 21:17

==================== 2018-02-16 20:55:01 ====================

-------------------- uptime --------------------
 20:55:01 up 225 days,  9:44,  0 users,  load average: 0.00, 0.01, 0.05

-------------------- System info --------------------
Linux sakura-tokyo-prod 3.10.0-514.26.2.el7.x86_64 #1 SMP Tue Jul 4 15:04:05 UTC 2017 x86_64 x86_64 x86_64 GNU/Linux

-------------------- Storage usage --------------------
ファイルシス   サイズ  使用  残り 使用% マウント位置
/dev/vda4         96G  5.6G   90G    6% /
devtmpfs         2.0G     0  2.0G    0% /dev
tmpfs            2.0G     0  2.0G    0% /dev/shm
tmpfs            2.0G  741M  1.3G   38% /run
tmpfs            2.0G     0  2.0G    0% /sys/fs/cgroup
/dev/vda2        497M  215M  283M   44% /boot
tmpfs            396M     0  396M    0% /run/user/0
tmpfs            396M     0  396M    0% /run/user/1001

-------------------- System load --------------------
Linux 3.10.0-514.26.2.el7.x86_64 (sakura-tokyo-prod) 	2018年02月16日 	_x86_64_	(4 CPU)

00時00分02秒     CPU     %user     %nice   %system   %iowait    %steal     %idle
01時00分01秒     all      0.32      0.00      0.08      0.00      0.03     99.57
02時00分01秒     all      0.30      0.00      0.07      0.00      0.02     99.60
03時00分02秒     all      0.31      0.00      0.07      0.00      0.03     99.59
04時00分02秒     all      0.29      0.00      0.07      0.00      0.04     99.60
05時00分01秒     all      0.29      0.00      0.08      0.00      0.03     99.60
06時00分02秒     all      0.29      0.00      0.08      0.00      0.03     99.59
07時00分02秒     all      0.30      0.00      0.09      0.00      0.03     99.58
08時00分02秒     all      0.29      0.00      0.08      0.00      0.03     99.61
09時00分02秒     all      0.30      0.00      0.07      0.00      0.03     99.60
10時00分01秒     all      0.32      0.00      0.09      0.01      0.03     99.55
11時00分01秒     all      0.33      0.00      0.08      0.01      0.03     99.55
12時00分02秒     all      0.30      0.00      0.08      0.00      0.03     99.59
13時00分02秒     all      0.30      0.00      0.10      0.00      0.03     99.56
14時00分02秒     all      0.37      0.00      0.11      0.00      0.03     99.48
15時00分02秒     all      0.35      0.00      0.12      0.00      0.03     99.50
16時00分02秒     all      0.37      0.00      0.11      0.00      0.03     99.48
17時00分02秒     all      0.39      0.00      0.15      0.00      0.04     99.41
18時00分02秒     all      0.35      0.00      0.08      0.00      0.03     99.54
19時00分02秒     all      0.32      0.00      0.10      0.00      0.02     99.56
20時00分01秒     all      0.30      0.00      0.08      0.00      0.02     99.59
平均値:      all      0.32      0.00      0.09      0.00      0.03     99.56

-------------------- Logged in user --------------------


==================== 2018-02-16 23:55:01 ====================

-------------------- uptime --------------------
 23:55:01 up 225 days, 12:44,  0 users,  load average: 0.00, 0.01, 0.05

-------------------- System info --------------------
Linux sakura-tokyo-prod 3.10.0-514.26.2.el7.x86_64 #1 SMP Tue Jul 4 15:04:05 UTC 2017 x86_64 x86_64 x86_64 GNU/Linux

-------------------- Storage usage --------------------
ファイルシス   サイズ  使用  残り 使用% マウント位置
/dev/vda4         96G  5.6G   90G    6% /
devtmpfs         2.0G     0  2.0G    0% /dev
tmpfs            2.0G     0  2.0G    0% /dev/shm
tmpfs            2.0G  742M  1.3G   38% /run
tmpfs            2.0G     0  2.0G    0% /sys/fs/cgroup
/dev/vda2        497M  215M  283M   44% /boot
tmpfs            396M     0  396M    0% /run/user/0
tmpfs            396M     0  396M    0% /run/user/1001

-------------------- System load --------------------
Linux 3.10.0-514.26.2.el7.x86_64 (sakura-tokyo-prod) 	2018年02月16日 	_x86_64_	(4 CPU)

00時00分02秒     CPU     %user     %nice   %system   %iowait    %steal     %idle
01時00分01秒     all      0.32      0.00      0.08      0.00      0.03     99.57
02時00分01秒     all      0.30      0.00      0.07      0.00      0.02     99.60
03時00分02秒     all      0.31      0.00      0.07      0.00      0.03     99.59
04時00分02秒     all      0.29      0.00      0.07      0.00      0.04     99.60
05時00分01秒     all      0.29      0.00      0.08      0.00      0.03     99.60
06時00分02秒     all      0.29      0.00      0.08      0.00      0.03     99.59
07時00分02秒     all      0.30      0.00      0.09      0.00      0.03     99.58
08時00分02秒     all      0.29      0.00      0.08      0.00      0.03     99.61
09時00分02秒     all      0.30      0.00      0.07      0.00      0.03     99.60
10時00分01秒     all      0.32      0.00      0.09      0.01      0.03     99.55
11時00分01秒     all      0.33      0.00      0.08      0.01      0.03     99.55
12時00分02秒     all      0.30      0.00      0.08      0.00      0.03     99.59
13時00分02秒     all      0.30      0.00      0.10      0.00      0.03     99.56
14時00分02秒     all      0.37      0.00      0.11      0.00      0.03     99.48
15時00分02秒     all      0.35      0.00      0.12      0.00      0.03     99.50
16時00分02秒     all      0.37      0.00      0.11      0.00      0.03     99.48
17時00分02秒     all      0.39      0.00      0.15      0.00      0.04     99.41
18時00分02秒     all      0.35      0.00      0.08      0.00      0.03     99.54
19時00分02秒     all      0.32      0.00      0.10      0.00      0.02     99.56
20時00分01秒     all      0.30      0.00      0.08      0.00      0.02     99.59
21時00分01秒     all      0.30      0.00      0.08      0.00      0.02     99.60
22時00分01秒     all      0.32      0.00      0.08      0.00      0.03     99.57
23時00分02秒     all      0.29      0.00      0.08      0.00      0.03     99.60
平均値:      all      0.32      0.00      0.09      0.00      0.03     99.56

-------------------- Logged in user --------------------


