==================== 2018-02-20 02:55:01 ====================

-------------------- uptime --------------------
 02:55:01 up 228 days, 15:44,  1 user,  load average: 0.00, 0.03, 0.05

-------------------- System info --------------------
Linux sakura-tokyo-prod 3.10.0-514.26.2.el7.x86_64 #1 SMP Tue Jul 4 15:04:05 UTC 2017 x86_64 x86_64 x86_64 GNU/Linux

-------------------- Storage usage --------------------
ファイルシス   サイズ  使用  残り 使用% マウント位置
/dev/vda4         96G  5.6G   90G    6% /
devtmpfs         2.0G     0  2.0G    0% /dev
tmpfs            2.0G     0  2.0G    0% /dev/shm
tmpfs            2.0G  788M  1.2G   40% /run
tmpfs            2.0G     0  2.0G    0% /sys/fs/cgroup
/dev/vda2        497M  215M  283M   44% /boot
tmpfs            396M     0  396M    0% /run/user/0
tmpfs            396M     0  396M    0% /run/user/1001

-------------------- System load --------------------
Linux 3.10.0-514.26.2.el7.x86_64 (sakura-tokyo-prod) 	2018年02月20日 	_x86_64_	(4 CPU)

00時00分02秒     CPU     %user     %nice   %system   %iowait    %steal     %idle
01時00分02秒     all      0.51      0.00      0.10      0.01      0.04     99.33
02時00分02秒     all      0.34      0.00      0.08      0.00      0.04     99.54
平均値:      all      0.43      0.00      0.09      0.00      0.04     99.44

-------------------- Logged in user --------------------
k84ab1e5 2018-02-19 12:04

==================== 2018-02-20 05:55:01 ====================

-------------------- uptime --------------------
 05:55:01 up 228 days, 18:44,  1 user,  load average: 0.00, 0.01, 0.05

-------------------- System info --------------------
Linux sakura-tokyo-prod 3.10.0-514.26.2.el7.x86_64 #1 SMP Tue Jul 4 15:04:05 UTC 2017 x86_64 x86_64 x86_64 GNU/Linux

-------------------- Storage usage --------------------
ファイルシス   サイズ  使用  残り 使用% マウント位置
/dev/vda4         96G  5.6G   90G    6% /
devtmpfs         2.0G     0  2.0G    0% /dev
tmpfs            2.0G     0  2.0G    0% /dev/shm
tmpfs            2.0G  765M  1.2G   39% /run
tmpfs            2.0G     0  2.0G    0% /sys/fs/cgroup
/dev/vda2        497M  215M  283M   44% /boot
tmpfs            396M     0  396M    0% /run/user/0
tmpfs            396M     0  396M    0% /run/user/1001

-------------------- System load --------------------
Linux 3.10.0-514.26.2.el7.x86_64 (sakura-tokyo-prod) 	2018年02月20日 	_x86_64_	(4 CPU)

00時00分02秒     CPU     %user     %nice   %system   %iowait    %steal     %idle
01時00分02秒     all      0.51      0.00      0.10      0.01      0.04     99.33
02時00分02秒     all      0.34      0.00      0.08      0.00      0.04     99.54
03時00分02秒     all      0.34      0.00      0.08      0.00      0.04     99.54
04時00分01秒     all      0.34      0.00      0.08      0.00      0.04     99.53
05時00分02秒     all      0.33      0.00      0.08      0.01      0.04     99.54
平均値:      all      0.37      0.00      0.09      0.00      0.04     99.50

-------------------- Logged in user --------------------
k61b2e8f 2018-02-19 12:04

==================== 2018-02-20 08:55:01 ====================

-------------------- uptime --------------------
 08:55:01 up 228 days, 21:44,  1 user,  load average: 0.08, 0.04, 0.05

-------------------- System info --------------------
Linux sakura-tokyo-prod 3.10.0-514.26.2.el7.x86_64 #1 SMP Tue Jul 4 15:04:05 UTC 2017 x86_64 x86_64 x86_64 GNU/Linux

-------------------- Storage usage --------------------
ファイルシス   サイズ  使用  残り 使用% マウント位置
/dev/vda4         96G  5.6G   90G    6% /
devtmpfs         2.0G     0  2.0G    0% /dev
tmpfs            2.0G     0  2.0G    0% /dev/shm
tmpfs            2.0G  766M  1.2G   39% /run
tmpfs            2.0G     0  2.0G    0% /sys/fs/cgroup
/dev/vda2        497M  215M  283M   44% /boot
tmpfs            396M     0  396M    0% /run/user/0
tmpfs            396M     0  396M    0% /run/user/1001

-------------------- System load --------------------
Linux 3.10.0-514.26.2.el7.x86_64 (sakura-tokyo-prod) 	2018年02月20日 	_x86_64_	(4 CPU)

00時00分02秒     CPU     %user     %nice   %system   %iowait    %steal     %idle
01時00分02秒     all      0.51      0.00      0.10      0.01      0.04     99.33
02時00分02秒     all      0.34      0.00      0.08      0.00      0.04     99.54
03時00分02秒     all      0.34      0.00      0.08      0.00      0.04     99.54
04時00分01秒     all      0.34      0.00      0.08      0.00      0.04     99.53
05時00分02秒     all      0.33      0.00      0.08      0.01      0.04     99.54
06時00分02秒     all      0.36      0.00      0.09      0.01      0.06     99.49
07時00分02秒     all      0.36      0.00      0.09      0.00      0.04     99.50
08時00分02秒     all      0.32      0.00      0.09      0.00      0.04     99.55
平均値:      all      0.36      0.00      0.09      0.00      0.04     99.50

-------------------- Logged in user --------------------
kd53139e 2018-02-19 12:04

==================== 2018-02-20 11:55:02 ====================

-------------------- uptime --------------------
 11:55:02 up 229 days, 44 min,  0 users,  load average: 0.00, 0.01, 0.05

-------------------- System info --------------------
Linux sakura-tokyo-prod 3.10.0-514.26.2.el7.x86_64 #1 SMP Tue Jul 4 15:04:05 UTC 2017 x86_64 x86_64 x86_64 GNU/Linux

-------------------- Storage usage --------------------
ファイルシス   サイズ  使用  残り 使用% マウント位置
/dev/vda4         96G  5.6G   90G    6% /
devtmpfs         2.0G     0  2.0G    0% /dev
tmpfs            2.0G     0  2.0G    0% /dev/shm
tmpfs            2.0G  767M  1.2G   39% /run
tmpfs            2.0G     0  2.0G    0% /sys/fs/cgroup
/dev/vda2        497M  215M  283M   44% /boot
tmpfs            396M     0  396M    0% /run/user/0
tmpfs            396M     0  396M    0% /run/user/1001

-------------------- System load --------------------
Linux 3.10.0-514.26.2.el7.x86_64 (sakura-tokyo-prod) 	2018年02月20日 	_x86_64_	(4 CPU)

00時00分02秒     CPU     %user     %nice   %system   %iowait    %steal     %idle
01時00分02秒     all      0.51      0.00      0.10      0.01      0.04     99.33
02時00分02秒     all      0.34      0.00      0.08      0.00      0.04     99.54
03時00分02秒     all      0.34      0.00      0.08      0.00      0.04     99.54
04時00分01秒     all      0.34      0.00      0.08      0.00      0.04     99.53
05時00分02秒     all      0.33      0.00      0.08      0.01      0.04     99.54
06時00分02秒     all      0.36      0.00      0.09      0.01      0.06     99.49
07時00分02秒     all      0.36      0.00      0.09      0.00      0.04     99.50
08時00分02秒     all      0.32      0.00      0.09      0.00      0.04     99.55
09時00分02秒     all      0.41      0.00      0.11      0.00      0.05     99.43
10時00分02秒     all      0.37      0.00      0.09      0.01      0.04     99.50
11時00分01秒     all      0.33      0.00      0.08      0.00      0.05     99.53
平均値:      all      0.37      0.00      0.09      0.00      0.04     99.50

-------------------- Logged in user --------------------


==================== 2018-02-20 14:55:01 ====================

-------------------- uptime --------------------
 14:55:01 up 229 days,  3:44,  1 user,  load average: 0.00, 0.01, 0.05

-------------------- System info --------------------
Linux sakura-tokyo-prod 3.10.0-514.26.2.el7.x86_64 #1 SMP Tue Jul 4 15:04:05 UTC 2017 x86_64 x86_64 x86_64 GNU/Linux

-------------------- Storage usage --------------------
ファイルシス   サイズ  使用  残り 使用% マウント位置
/dev/vda4         96G  5.7G   90G    6% /
devtmpfs         2.0G     0  2.0G    0% /dev
tmpfs            2.0G     0  2.0G    0% /dev/shm
tmpfs            2.0G  768M  1.2G   39% /run
tmpfs            2.0G     0  2.0G    0% /sys/fs/cgroup
/dev/vda2        497M  215M  283M   44% /boot
tmpfs            396M     0  396M    0% /run/user/0
tmpfs            396M     0  396M    0% /run/user/1001

-------------------- System load --------------------
Linux 3.10.0-514.26.2.el7.x86_64 (sakura-tokyo-prod) 	2018年02月20日 	_x86_64_	(4 CPU)

00時00分02秒     CPU     %user     %nice   %system   %iowait    %steal     %idle
01時00分02秒     all      0.51      0.00      0.10      0.01      0.04     99.33
02時00分02秒     all      0.34      0.00      0.08      0.00      0.04     99.54
03時00分02秒     all      0.34      0.00      0.08      0.00      0.04     99.54
04時00分01秒     all      0.34      0.00      0.08      0.00      0.04     99.53
05時00分02秒     all      0.33      0.00      0.08      0.01      0.04     99.54
06時00分02秒     all      0.36      0.00      0.09      0.01      0.06     99.49
07時00分02秒     all      0.36      0.00      0.09      0.00      0.04     99.50
08時00分02秒     all      0.32      0.00      0.09      0.00      0.04     99.55
09時00分02秒     all      0.41      0.00      0.11      0.00      0.05     99.43
10時00分02秒     all      0.37      0.00      0.09      0.01      0.04     99.50
11時00分01秒     all      0.33      0.00      0.08      0.00      0.05     99.53
12時00分02秒     all      0.37      0.00      0.08      0.01      0.04     99.50
13時00分02秒     all      0.33      0.00      0.08      0.00      0.04     99.54
14時00分02秒     all      0.33      0.00      0.08      0.00      0.05     99.53
平均値:      all      0.36      0.00      0.09      0.00      0.04     99.50

-------------------- Logged in user --------------------
k615b8a6 2018-02-20 12:40

==================== 2018-02-20 17:55:01 ====================

-------------------- uptime --------------------
 17:55:01 up 229 days,  6:44,  1 user,  load average: 0.00, 0.01, 0.05

-------------------- System info --------------------
Linux sakura-tokyo-prod 3.10.0-514.26.2.el7.x86_64 #1 SMP Tue Jul 4 15:04:05 UTC 2017 x86_64 x86_64 x86_64 GNU/Linux

-------------------- Storage usage --------------------
ファイルシス   サイズ  使用  残り 使用% マウント位置
/dev/vda4         96G  5.7G   90G    6% /
devtmpfs         2.0G     0  2.0G    0% /dev
tmpfs            2.0G     0  2.0G    0% /dev/shm
tmpfs            2.0G  769M  1.2G   39% /run
tmpfs            2.0G     0  2.0G    0% /sys/fs/cgroup
/dev/vda2        497M  215M  283M   44% /boot
tmpfs            396M     0  396M    0% /run/user/0
tmpfs            396M     0  396M    0% /run/user/1001

-------------------- System load --------------------
Linux 3.10.0-514.26.2.el7.x86_64 (sakura-tokyo-prod) 	2018年02月20日 	_x86_64_	(4 CPU)

00時00分02秒     CPU     %user     %nice   %system   %iowait    %steal     %idle
01時00分02秒     all      0.51      0.00      0.10      0.01      0.04     99.33
02時00分02秒     all      0.34      0.00      0.08      0.00      0.04     99.54
03時00分02秒     all      0.34      0.00      0.08      0.00      0.04     99.54
04時00分01秒     all      0.34      0.00      0.08      0.00      0.04     99.53
05時00分02秒     all      0.33      0.00      0.08      0.01      0.04     99.54
06時00分02秒     all      0.36      0.00      0.09      0.01      0.06     99.49
07時00分02秒     all      0.36      0.00      0.09      0.00      0.04     99.50
08時00分02秒     all      0.32      0.00      0.09      0.00      0.04     99.55
09時00分02秒     all      0.41      0.00      0.11      0.00      0.05     99.43
10時00分02秒     all      0.37      0.00      0.09      0.01      0.04     99.50
11時00分01秒     all      0.33      0.00      0.08      0.00      0.05     99.53
12時00分02秒     all      0.37      0.00      0.08      0.01      0.04     99.50
13時00分02秒     all      0.33      0.00      0.08      0.00      0.04     99.54
14時00分02秒     all      0.33      0.00      0.08      0.00      0.05     99.53
15時00分02秒     all      0.35      0.00      0.09      0.01      0.05     99.51
16時00分02秒     all      0.34      0.00      0.08      0.00      0.05     99.53
17時00分02秒     all      0.35      0.00      0.09      0.01      0.05     99.51
平均値:      all      0.36      0.00      0.09      0.00      0.04     99.51

-------------------- Logged in user --------------------
k0b6b287 2018-02-20 12:40

