==================== 2018-02-21 02:55:01 ====================

-------------------- uptime --------------------
 02:55:01 up 229 days, 15:44,  1 user,  load average: 0.00, 0.01, 0.05

-------------------- System info --------------------
Linux sakura-tokyo-prod 3.10.0-514.26.2.el7.x86_64 #1 SMP Tue Jul 4 15:04:05 UTC 2017 x86_64 x86_64 x86_64 GNU/Linux

-------------------- Storage usage --------------------
ファイルシス   サイズ  使用  残り 使用% マウント位置
/dev/vda4         96G  5.6G   90G    6% /
devtmpfs         2.0G     0  2.0G    0% /dev
tmpfs            2.0G     0  2.0G    0% /dev/shm
tmpfs            2.0G  771M  1.2G   40% /run
tmpfs            2.0G     0  2.0G    0% /sys/fs/cgroup
/dev/vda2        497M  215M  283M   44% /boot
tmpfs            396M     0  396M    0% /run/user/0
tmpfs            396M     0  396M    0% /run/user/1001

-------------------- System load --------------------
Linux 3.10.0-514.26.2.el7.x86_64 (sakura-tokyo-prod) 	2018年02月21日 	_x86_64_	(4 CPU)

00時00分01秒     CPU     %user     %nice   %system   %iowait    %steal     %idle
01時00分02秒     all      0.39      0.00      0.09      0.01      0.04     99.47
02時00分02秒     all      0.34      0.00      0.07      0.00      0.04     99.55
平均値:      all      0.36      0.00      0.08      0.01      0.04     99.51

-------------------- Logged in user --------------------
kdad24ed 2018-02-20 12:40

==================== 2018-02-21 05:55:01 ====================

-------------------- uptime --------------------
 05:55:01 up 229 days, 18:44,  1 user,  load average: 0.11, 0.05, 0.05

-------------------- System info --------------------
Linux sakura-tokyo-prod 3.10.0-514.26.2.el7.x86_64 #1 SMP Tue Jul 4 15:04:05 UTC 2017 x86_64 x86_64 x86_64 GNU/Linux

-------------------- Storage usage --------------------
ファイルシス   サイズ  使用  残り 使用% マウント位置
/dev/vda4         96G  5.6G   90G    6% /
devtmpfs         2.0G     0  2.0G    0% /dev
tmpfs            2.0G     0  2.0G    0% /dev/shm
tmpfs            2.0G  772M  1.2G   40% /run
tmpfs            2.0G     0  2.0G    0% /sys/fs/cgroup
/dev/vda2        497M  215M  283M   44% /boot
tmpfs            396M     0  396M    0% /run/user/0
tmpfs            396M     0  396M    0% /run/user/1001

-------------------- System load --------------------
Linux 3.10.0-514.26.2.el7.x86_64 (sakura-tokyo-prod) 	2018年02月21日 	_x86_64_	(4 CPU)

00時00分01秒     CPU     %user     %nice   %system   %iowait    %steal     %idle
01時00分02秒     all      0.39      0.00      0.09      0.01      0.04     99.47
02時00分02秒     all      0.34      0.00      0.07      0.00      0.04     99.55
03時00分02秒     all      0.39      0.00      0.09      0.01      0.05     99.47
04時00分02秒     all      0.44      0.00      0.09      0.01      0.04     99.42
05時00分02秒     all      0.35      0.00      0.08      0.01      0.04     99.53
平均値:      all      0.38      0.00      0.08      0.01      0.04     99.49

-------------------- Logged in user --------------------
kdff318c 2018-02-20 12:40

==================== 2018-02-21 08:55:01 ====================

-------------------- uptime --------------------
 08:55:01 up 229 days, 21:44,  1 user,  load average: 0.00, 0.01, 0.05

-------------------- System info --------------------
Linux sakura-tokyo-prod 3.10.0-514.26.2.el7.x86_64 #1 SMP Tue Jul 4 15:04:05 UTC 2017 x86_64 x86_64 x86_64 GNU/Linux

-------------------- Storage usage --------------------
ファイルシス   サイズ  使用  残り 使用% マウント位置
/dev/vda4         96G  5.6G   90G    6% /
devtmpfs         2.0G     0  2.0G    0% /dev
tmpfs            2.0G     0  2.0G    0% /dev/shm
tmpfs            2.0G  781M  1.2G   40% /run
tmpfs            2.0G     0  2.0G    0% /sys/fs/cgroup
/dev/vda2        497M  215M  283M   44% /boot
tmpfs            396M     0  396M    0% /run/user/0
tmpfs            396M     0  396M    0% /run/user/1001

-------------------- System load --------------------
Linux 3.10.0-514.26.2.el7.x86_64 (sakura-tokyo-prod) 	2018年02月21日 	_x86_64_	(4 CPU)

00時00分01秒     CPU     %user     %nice   %system   %iowait    %steal     %idle
01時00分02秒     all      0.39      0.00      0.09      0.01      0.04     99.47
02時00分02秒     all      0.34      0.00      0.07      0.00      0.04     99.55
03時00分02秒     all      0.39      0.00      0.09      0.01      0.05     99.47
04時00分02秒     all      0.44      0.00      0.09      0.01      0.04     99.42
05時00分02秒     all      0.35      0.00      0.08      0.01      0.04     99.53
06時00分02秒     all      0.39      0.00      0.09      0.01      0.04     99.46
07時00分02秒     all      0.38      0.00      0.09      0.01      0.04     99.48
08時00分01秒     all      0.35      0.00      0.08      0.01      0.05     99.52
平均値:      all      0.38      0.00      0.08      0.01      0.04     99.49

-------------------- Logged in user --------------------
k1e44e1a 2018-02-20 12:40

==================== 2018-02-21 11:55:02 ====================

-------------------- uptime --------------------
 11:55:02 up 230 days, 44 min,  1 user,  load average: 0.00, 0.01, 0.05

-------------------- System info --------------------
Linux sakura-tokyo-prod 3.10.0-514.26.2.el7.x86_64 #1 SMP Tue Jul 4 15:04:05 UTC 2017 x86_64 x86_64 x86_64 GNU/Linux

-------------------- Storage usage --------------------
ファイルシス   サイズ  使用  残り 使用% マウント位置
/dev/vda4         96G  5.6G   90G    6% /
devtmpfs         2.0G     0  2.0G    0% /dev
tmpfs            2.0G     0  2.0G    0% /dev/shm
tmpfs            2.0G  782M  1.2G   40% /run
tmpfs            2.0G     0  2.0G    0% /sys/fs/cgroup
/dev/vda2        497M  215M  283M   44% /boot
tmpfs            396M     0  396M    0% /run/user/0
tmpfs            396M     0  396M    0% /run/user/1001

-------------------- System load --------------------
Linux 3.10.0-514.26.2.el7.x86_64 (sakura-tokyo-prod) 	2018年02月21日 	_x86_64_	(4 CPU)

00時00分01秒     CPU     %user     %nice   %system   %iowait    %steal     %idle
01時00分02秒     all      0.39      0.00      0.09      0.01      0.04     99.47
02時00分02秒     all      0.34      0.00      0.07      0.00      0.04     99.55
03時00分02秒     all      0.39      0.00      0.09      0.01      0.05     99.47
04時00分02秒     all      0.44      0.00      0.09      0.01      0.04     99.42
05時00分02秒     all      0.35      0.00      0.08      0.01      0.04     99.53
06時00分02秒     all      0.39      0.00      0.09      0.01      0.04     99.46
07時00分02秒     all      0.38      0.00      0.09      0.01      0.04     99.48
08時00分01秒     all      0.35      0.00      0.08      0.01      0.05     99.52
09時00分02秒     all      0.33      0.00      0.08      0.00      0.05     99.55
10時00分02秒     all      0.36      0.00      0.08      0.01      0.05     99.51
11時00分02秒     all      0.46      0.00      0.09      0.01      0.05     99.39
平均値:      all      0.38      0.00      0.08      0.01      0.04     99.49

-------------------- Logged in user --------------------
kaad3941 2018-02-20 12:40

==================== 2018-02-21 14:55:02 ====================

-------------------- uptime --------------------
 14:55:02 up 230 days,  3:44,  1 user,  load average: 0.01, 0.02, 0.05

-------------------- System info --------------------
Linux sakura-tokyo-prod 3.10.0-514.26.2.el7.x86_64 #1 SMP Tue Jul 4 15:04:05 UTC 2017 x86_64 x86_64 x86_64 GNU/Linux

-------------------- Storage usage --------------------
ファイルシス   サイズ  使用  残り 使用% マウント位置
/dev/vda4         96G  5.6G   90G    6% /
devtmpfs         2.0G     0  2.0G    0% /dev
tmpfs            2.0G     0  2.0G    0% /dev/shm
tmpfs            2.0G  783M  1.2G   40% /run
tmpfs            2.0G     0  2.0G    0% /sys/fs/cgroup
/dev/vda2        497M  215M  283M   44% /boot
tmpfs            396M     0  396M    0% /run/user/0
tmpfs            396M     0  396M    0% /run/user/1001

-------------------- System load --------------------
Linux 3.10.0-514.26.2.el7.x86_64 (sakura-tokyo-prod) 	2018年02月21日 	_x86_64_	(4 CPU)

00時00分01秒     CPU     %user     %nice   %system   %iowait    %steal     %idle
01時00分02秒     all      0.39      0.00      0.09      0.01      0.04     99.47
02時00分02秒     all      0.34      0.00      0.07      0.00      0.04     99.55
03時00分02秒     all      0.39      0.00      0.09      0.01      0.05     99.47
04時00分02秒     all      0.44      0.00      0.09      0.01      0.04     99.42
05時00分02秒     all      0.35      0.00      0.08      0.01      0.04     99.53
06時00分02秒     all      0.39      0.00      0.09      0.01      0.04     99.46
07時00分02秒     all      0.38      0.00      0.09      0.01      0.04     99.48
08時00分01秒     all      0.35      0.00      0.08      0.01      0.05     99.52
09時00分02秒     all      0.33      0.00      0.08      0.00      0.05     99.55
10時00分02秒     all      0.36      0.00      0.08      0.01      0.05     99.51
11時00分02秒     all      0.46      0.00      0.09      0.01      0.05     99.39
12時00分02秒     all      0.36      0.00      0.08      0.00      0.05     99.50
13時00分01秒     all      0.38      0.00      0.09      0.01      0.05     99.49
14時00分02秒     all      0.35      0.00      0.08      0.01      0.04     99.53
平均値:      all      0.38      0.00      0.08      0.01      0.04     99.49

-------------------- Logged in user --------------------
k19d232c 2018-02-20 12:40

==================== 2018-02-21 17:55:01 ====================

-------------------- uptime --------------------
 17:55:01 up 230 days,  6:44,  1 user,  load average: 0.00, 0.01, 0.05

-------------------- System info --------------------
Linux sakura-tokyo-prod 3.10.0-514.26.2.el7.x86_64 #1 SMP Tue Jul 4 15:04:05 UTC 2017 x86_64 x86_64 x86_64 GNU/Linux

-------------------- Storage usage --------------------
ファイルシス   サイズ  使用  残り 使用% マウント位置
/dev/vda4         96G  5.6G   90G    6% /
devtmpfs         2.0G     0  2.0G    0% /dev
tmpfs            2.0G     0  2.0G    0% /dev/shm
tmpfs            2.0G  792M  1.2G   41% /run
tmpfs            2.0G     0  2.0G    0% /sys/fs/cgroup
/dev/vda2        497M  215M  283M   44% /boot
tmpfs            396M     0  396M    0% /run/user/0
tmpfs            396M     0  396M    0% /run/user/1001

-------------------- System load --------------------
Linux 3.10.0-514.26.2.el7.x86_64 (sakura-tokyo-prod) 	2018年02月21日 	_x86_64_	(4 CPU)

00時00分01秒     CPU     %user     %nice   %system   %iowait    %steal     %idle
01時00分02秒     all      0.39      0.00      0.09      0.01      0.04     99.47
02時00分02秒     all      0.34      0.00      0.07      0.00      0.04     99.55
03時00分02秒     all      0.39      0.00      0.09      0.01      0.05     99.47
04時00分02秒     all      0.44      0.00      0.09      0.01      0.04     99.42
05時00分02秒     all      0.35      0.00      0.08      0.01      0.04     99.53
06時00分02秒     all      0.39      0.00      0.09      0.01      0.04     99.46
07時00分02秒     all      0.38      0.00      0.09      0.01      0.04     99.48
08時00分01秒     all      0.35      0.00      0.08      0.01      0.05     99.52
09時00分02秒     all      0.33      0.00      0.08      0.00      0.05     99.55
10時00分02秒     all      0.36      0.00      0.08      0.01      0.05     99.51
11時00分02秒     all      0.46      0.00      0.09      0.01      0.05     99.39
12時00分02秒     all      0.36      0.00      0.08      0.00      0.05     99.50
13時00分01秒     all      0.38      0.00      0.09      0.01      0.05     99.49
14時00分02秒     all      0.35      0.00      0.08      0.01      0.04     99.53
15時00分02秒     all      0.45      0.00      0.11      0.01      0.06     99.37
16時00分02秒     all      0.37      0.00      0.09      0.01      0.05     99.49
17時00分01秒     all      0.41      0.00      0.09      0.01      0.05     99.44
平均値:      all      0.38      0.00      0.09      0.01      0.05     99.48

-------------------- Logged in user --------------------
k791ccc3 2018-02-20 12:40

==================== 2018-02-21 20:55:01 ====================

-------------------- uptime --------------------
 20:55:01 up 230 days,  9:44,  1 user,  load average: 0.03, 0.03, 0.05

-------------------- System info --------------------
Linux sakura-tokyo-prod 3.10.0-514.26.2.el7.x86_64 #1 SMP Tue Jul 4 15:04:05 UTC 2017 x86_64 x86_64 x86_64 GNU/Linux

-------------------- Storage usage --------------------
ファイルシス   サイズ  使用  残り 使用% マウント位置
/dev/vda4         96G  5.6G   90G    6% /
devtmpfs         2.0G     0  2.0G    0% /dev
tmpfs            2.0G     0  2.0G    0% /dev/shm
tmpfs            2.0G  792M  1.2G   41% /run
tmpfs            2.0G     0  2.0G    0% /sys/fs/cgroup
/dev/vda2        497M  215M  283M   44% /boot
tmpfs            396M     0  396M    0% /run/user/0
tmpfs            396M     0  396M    0% /run/user/1001

-------------------- System load --------------------
Linux 3.10.0-514.26.2.el7.x86_64 (sakura-tokyo-prod) 	2018年02月21日 	_x86_64_	(4 CPU)

00時00分01秒     CPU     %user     %nice   %system   %iowait    %steal     %idle
01時00分02秒     all      0.39      0.00      0.09      0.01      0.04     99.47
02時00分02秒     all      0.34      0.00      0.07      0.00      0.04     99.55
03時00分02秒     all      0.39      0.00      0.09      0.01      0.05     99.47
04時00分02秒     all      0.44      0.00      0.09      0.01      0.04     99.42
05時00分02秒     all      0.35      0.00      0.08      0.01      0.04     99.53
06時00分02秒     all      0.39      0.00      0.09      0.01      0.04     99.46
07時00分02秒     all      0.38      0.00      0.09      0.01      0.04     99.48
08時00分01秒     all      0.35      0.00      0.08      0.01      0.05     99.52
09時00分02秒     all      0.33      0.00      0.08      0.00      0.05     99.55
10時00分02秒     all      0.36      0.00      0.08      0.01      0.05     99.51
11時00分02秒     all      0.46      0.00      0.09      0.01      0.05     99.39
12時00分02秒     all      0.36      0.00      0.08      0.00      0.05     99.50
13時00分01秒     all      0.38      0.00      0.09      0.01      0.05     99.49
14時00分02秒     all      0.35      0.00      0.08      0.01      0.04     99.53
15時00分02秒     all      0.45      0.00      0.11      0.01      0.06     99.37
16時00分02秒     all      0.37      0.00      0.09      0.01      0.05     99.49
17時00分01秒     all      0.41      0.00      0.09      0.01      0.05     99.44
18時00分02秒     all      0.39      0.00      0.09      0.01      0.05     99.46
19時00分02秒     all      0.40      0.00      0.09      0.01      0.04     99.46
20時00分02秒     all      0.35      0.00      0.08      0.01      0.04     99.53
平均値:      all      0.38      0.00      0.09      0.01      0.04     99.48

-------------------- Logged in user --------------------
kacb0428 2018-02-20 12:40

