==================== 2018-02-22 02:55:02 ====================

-------------------- uptime --------------------
 02:55:02 up 230 days, 15:44,  1 user,  load average: 0.03, 0.03, 0.05

-------------------- System info --------------------
Linux sakura-tokyo-prod 3.10.0-514.26.2.el7.x86_64 #1 SMP Tue Jul 4 15:04:05 UTC 2017 x86_64 x86_64 x86_64 GNU/Linux

-------------------- Storage usage --------------------
ファイルシス   サイズ  使用  残り 使用% マウント位置
/dev/vda4         96G  5.7G   90G    6% /
devtmpfs         2.0G     0  2.0G    0% /dev
tmpfs            2.0G     0  2.0G    0% /dev/shm
tmpfs            2.0G  794M  1.2G   41% /run
tmpfs            2.0G     0  2.0G    0% /sys/fs/cgroup
/dev/vda2        497M  215M  283M   44% /boot
tmpfs            396M     0  396M    0% /run/user/0
tmpfs            396M     0  396M    0% /run/user/1001

-------------------- System load --------------------
Linux 3.10.0-514.26.2.el7.x86_64 (sakura-tokyo-prod) 	2018年02月22日 	_x86_64_	(4 CPU)

00時00分02秒     CPU     %user     %nice   %system   %iowait    %steal     %idle
01時00分03秒     all      0.38      0.00      0.09      0.01      0.04     99.48
02時00分02秒     all      0.38      0.00      0.08      0.01      0.04     99.49
平均値:      all      0.38      0.00      0.08      0.01      0.04     99.49

-------------------- Logged in user --------------------
k5db664a 2018-02-20 12:40

==================== 2018-02-22 05:55:02 ====================

-------------------- uptime --------------------
 05:55:02 up 230 days, 18:44,  1 user,  load average: 0.00, 0.01, 0.05

-------------------- System info --------------------
Linux sakura-tokyo-prod 3.10.0-514.26.2.el7.x86_64 #1 SMP Tue Jul 4 15:04:05 UTC 2017 x86_64 x86_64 x86_64 GNU/Linux

-------------------- Storage usage --------------------
ファイルシス   サイズ  使用  残り 使用% マウント位置
/dev/vda4         96G  5.7G   90G    6% /
devtmpfs         2.0G     0  2.0G    0% /dev
tmpfs            2.0G     0  2.0G    0% /dev/shm
tmpfs            2.0G  795M  1.2G   41% /run
tmpfs            2.0G     0  2.0G    0% /sys/fs/cgroup
/dev/vda2        497M  215M  283M   44% /boot
tmpfs            396M     0  396M    0% /run/user/0
tmpfs            396M     0  396M    0% /run/user/1001

-------------------- System load --------------------
Linux 3.10.0-514.26.2.el7.x86_64 (sakura-tokyo-prod) 	2018年02月22日 	_x86_64_	(4 CPU)

00時00分02秒     CPU     %user     %nice   %system   %iowait    %steal     %idle
01時00分03秒     all      0.38      0.00      0.09      0.01      0.04     99.48
02時00分02秒     all      0.38      0.00      0.08      0.01      0.04     99.49
03時00分02秒     all      0.37      0.00      0.08      0.01      0.04     99.50
04時00分02秒     all      0.33      0.00      0.07      0.00      0.04     99.55
05時00分02秒     all      0.40      0.00      0.08      0.01      0.04     99.47
平均値:      all      0.37      0.00      0.08      0.01      0.04     99.50

-------------------- Logged in user --------------------
kf59da42 2018-02-20 12:40

==================== 2018-02-22 08:55:01 ====================

-------------------- uptime --------------------
 08:55:01 up 230 days, 21:44,  1 user,  load average: 0.00, 0.01, 0.05

-------------------- System info --------------------
Linux sakura-tokyo-prod 3.10.0-514.26.2.el7.x86_64 #1 SMP Tue Jul 4 15:04:05 UTC 2017 x86_64 x86_64 x86_64 GNU/Linux

-------------------- Storage usage --------------------
ファイルシス   サイズ  使用  残り 使用% マウント位置
/dev/vda4         96G  5.7G   90G    6% /
devtmpfs         2.0G     0  2.0G    0% /dev
tmpfs            2.0G     0  2.0G    0% /dev/shm
tmpfs            2.0G  796M  1.2G   41% /run
tmpfs            2.0G     0  2.0G    0% /sys/fs/cgroup
/dev/vda2        497M  215M  283M   44% /boot
tmpfs            396M     0  396M    0% /run/user/0
tmpfs            396M     0  396M    0% /run/user/1001

-------------------- System load --------------------
Linux 3.10.0-514.26.2.el7.x86_64 (sakura-tokyo-prod) 	2018年02月22日 	_x86_64_	(4 CPU)

00時00分02秒     CPU     %user     %nice   %system   %iowait    %steal     %idle
01時00分03秒     all      0.38      0.00      0.09      0.01      0.04     99.48
02時00分02秒     all      0.38      0.00      0.08      0.01      0.04     99.49
03時00分02秒     all      0.37      0.00      0.08      0.01      0.04     99.50
04時00分02秒     all      0.33      0.00      0.07      0.00      0.04     99.55
05時00分02秒     all      0.40      0.00      0.08      0.01      0.04     99.47
06時00分01秒     all      0.37      0.00      0.08      0.01      0.03     99.51
07時00分02秒     all      0.42      0.00      0.09      0.01      0.04     99.44
08時00分02秒     all      0.33      0.00      0.08      0.01      0.03     99.56
平均値:      all      0.37      0.00      0.08      0.01      0.04     99.50

-------------------- Logged in user --------------------
k98afd67 2018-02-20 12:40

==================== 2018-02-22 11:55:01 ====================

-------------------- uptime --------------------
 11:55:01 up 231 days, 44 min,  1 user,  load average: 0.01, 0.02, 0.05

-------------------- System info --------------------
Linux sakura-tokyo-prod 3.10.0-514.26.2.el7.x86_64 #1 SMP Tue Jul 4 15:04:05 UTC 2017 x86_64 x86_64 x86_64 GNU/Linux

-------------------- Storage usage --------------------
ファイルシス   サイズ  使用  残り 使用% マウント位置
/dev/vda4         96G  5.7G   90G    6% /
devtmpfs         2.0G     0  2.0G    0% /dev
tmpfs            2.0G     0  2.0G    0% /dev/shm
tmpfs            2.0G  797M  1.2G   41% /run
tmpfs            2.0G     0  2.0G    0% /sys/fs/cgroup
/dev/vda2        497M  215M  283M   44% /boot
tmpfs            396M     0  396M    0% /run/user/0
tmpfs            396M     0  396M    0% /run/user/1001

-------------------- System load --------------------
Linux 3.10.0-514.26.2.el7.x86_64 (sakura-tokyo-prod) 	2018年02月22日 	_x86_64_	(4 CPU)

00時00分02秒     CPU     %user     %nice   %system   %iowait    %steal     %idle
01時00分03秒     all      0.38      0.00      0.09      0.01      0.04     99.48
02時00分02秒     all      0.38      0.00      0.08      0.01      0.04     99.49
03時00分02秒     all      0.37      0.00      0.08      0.01      0.04     99.50
04時00分02秒     all      0.33      0.00      0.07      0.00      0.04     99.55
05時00分02秒     all      0.40      0.00      0.08      0.01      0.04     99.47
06時00分01秒     all      0.37      0.00      0.08      0.01      0.03     99.51
07時00分02秒     all      0.42      0.00      0.09      0.01      0.04     99.44
08時00分02秒     all      0.33      0.00      0.08      0.01      0.03     99.56
09時00分02秒     all      0.33      0.00      0.07      0.00      0.03     99.56
10時00分02秒     all      0.37      0.00      0.08      0.01      0.04     99.50
11時00分02秒     all      0.36      0.00      0.08      0.01      0.04     99.51
平均値:      all      0.37      0.00      0.08      0.01      0.04     99.51

-------------------- Logged in user --------------------
ke1cb746 2018-02-20 12:40

