==================== 2018-02-23 02:55:01 ====================

-------------------- uptime --------------------
 02:55:01 up 231 days, 15:44,  1 user,  load average: 0.03, 0.03, 0.05

-------------------- System info --------------------
Linux sakura-tokyo-prod 3.10.0-514.26.2.el7.x86_64 #1 SMP Tue Jul 4 15:04:05 UTC 2017 x86_64 x86_64 x86_64 GNU/Linux

-------------------- Storage usage --------------------
ファイルシス   サイズ  使用  残り 使用% マウント位置
/dev/vda4         96G  5.7G   90G    6% /
devtmpfs         2.0G     0  2.0G    0% /dev
tmpfs            2.0G     0  2.0G    0% /dev/shm
tmpfs            2.0G  809M  1.2G   41% /run
tmpfs            2.0G     0  2.0G    0% /sys/fs/cgroup
/dev/vda2        497M  215M  283M   44% /boot
tmpfs            396M     0  396M    0% /run/user/0
tmpfs            396M     0  396M    0% /run/user/1001

-------------------- System load --------------------
Linux 3.10.0-514.26.2.el7.x86_64 (sakura-tokyo-prod) 	2018年02月23日 	_x86_64_	(4 CPU)

00時00分02秒     CPU     %user     %nice   %system   %iowait    %steal     %idle
01時00分02秒     all      0.38      0.00      0.08      0.01      0.03     99.50
02時00分02秒     all      0.37      0.00      0.07      0.01      0.04     99.51
平均値:      all      0.38      0.00      0.08      0.01      0.03     99.51

-------------------- Logged in user --------------------
k28b4231 2018-02-20 12:40

==================== 2018-02-23 05:55:01 ====================

-------------------- uptime --------------------
 05:55:01 up 231 days, 18:44,  1 user,  load average: 0.01, 0.06, 0.05

-------------------- System info --------------------
Linux sakura-tokyo-prod 3.10.0-514.26.2.el7.x86_64 #1 SMP Tue Jul 4 15:04:05 UTC 2017 x86_64 x86_64 x86_64 GNU/Linux

-------------------- Storage usage --------------------
ファイルシス   サイズ  使用  残り 使用% マウント位置
/dev/vda4         96G  5.7G   90G    6% /
devtmpfs         2.0G     0  2.0G    0% /dev
tmpfs            2.0G     0  2.0G    0% /dev/shm
tmpfs            2.0G  786M  1.2G   40% /run
tmpfs            2.0G     0  2.0G    0% /sys/fs/cgroup
/dev/vda2        497M  215M  283M   44% /boot
tmpfs            396M     0  396M    0% /run/user/0
tmpfs            396M     0  396M    0% /run/user/1001

-------------------- System load --------------------
Linux 3.10.0-514.26.2.el7.x86_64 (sakura-tokyo-prod) 	2018年02月23日 	_x86_64_	(4 CPU)

00時00分02秒     CPU     %user     %nice   %system   %iowait    %steal     %idle
01時00分02秒     all      0.38      0.00      0.08      0.01      0.03     99.50
02時00分02秒     all      0.37      0.00      0.07      0.01      0.04     99.51
03時00分02秒     all      0.46      0.00      0.09      0.01      0.04     99.41
04時00分02秒     all      0.35      0.00      0.07      0.00      0.03     99.54
05時00分02秒     all      0.41      0.00      0.08      0.01      0.03     99.47
平均値:      all      0.39      0.00      0.08      0.01      0.03     99.49

-------------------- Logged in user --------------------
k16a40c8 2018-02-20 12:40

==================== 2018-02-23 08:55:02 ====================

-------------------- uptime --------------------
 08:55:02 up 231 days, 21:44,  1 user,  load average: 0.00, 0.01, 0.05

-------------------- System info --------------------
Linux sakura-tokyo-prod 3.10.0-514.26.2.el7.x86_64 #1 SMP Tue Jul 4 15:04:05 UTC 2017 x86_64 x86_64 x86_64 GNU/Linux

-------------------- Storage usage --------------------
ファイルシス   サイズ  使用  残り 使用% マウント位置
/dev/vda4         96G  5.7G   90G    6% /
devtmpfs         2.0G     0  2.0G    0% /dev
tmpfs            2.0G     0  2.0G    0% /dev/shm
tmpfs            2.0G  787M  1.2G   40% /run
tmpfs            2.0G     0  2.0G    0% /sys/fs/cgroup
/dev/vda2        497M  215M  283M   44% /boot
tmpfs            396M     0  396M    0% /run/user/0
tmpfs            396M     0  396M    0% /run/user/1001

-------------------- System load --------------------
Linux 3.10.0-514.26.2.el7.x86_64 (sakura-tokyo-prod) 	2018年02月23日 	_x86_64_	(4 CPU)

00時00分02秒     CPU     %user     %nice   %system   %iowait    %steal     %idle
01時00分02秒     all      0.38      0.00      0.08      0.01      0.03     99.50
02時00分02秒     all      0.37      0.00      0.07      0.01      0.04     99.51
03時00分02秒     all      0.46      0.00      0.09      0.01      0.04     99.41
04時00分02秒     all      0.35      0.00      0.07      0.00      0.03     99.54
05時00分02秒     all      0.41      0.00      0.08      0.01      0.03     99.47
06時00分02秒     all      1.04      0.00      0.15      0.01      0.07     98.73
07時00分02秒     all      0.41      0.00      0.09      0.01      0.04     99.44
08時00分02秒     all      0.36      0.00      0.08      0.01      0.04     99.52
平均値:      all      0.47      0.00      0.09      0.01      0.04     99.39

-------------------- Logged in user --------------------
k42aa921 2018-02-20 12:40

==================== 2018-02-23 11:55:01 ====================

-------------------- uptime --------------------
 11:55:01 up 232 days, 44 min,  1 user,  load average: 0.00, 0.01, 0.05

-------------------- System info --------------------
Linux sakura-tokyo-prod 3.10.0-514.26.2.el7.x86_64 #1 SMP Tue Jul 4 15:04:05 UTC 2017 x86_64 x86_64 x86_64 GNU/Linux

-------------------- Storage usage --------------------
ファイルシス   サイズ  使用  残り 使用% マウント位置
/dev/vda4         96G  5.7G   90G    6% /
devtmpfs         2.0G     0  2.0G    0% /dev
tmpfs            2.0G     0  2.0G    0% /dev/shm
tmpfs            2.0G  788M  1.2G   40% /run
tmpfs            2.0G     0  2.0G    0% /sys/fs/cgroup
/dev/vda2        497M  215M  283M   44% /boot
tmpfs            396M     0  396M    0% /run/user/0
tmpfs            396M     0  396M    0% /run/user/1001

-------------------- System load --------------------
Linux 3.10.0-514.26.2.el7.x86_64 (sakura-tokyo-prod) 	2018年02月23日 	_x86_64_	(4 CPU)

00時00分02秒     CPU     %user     %nice   %system   %iowait    %steal     %idle
01時00分02秒     all      0.38      0.00      0.08      0.01      0.03     99.50
02時00分02秒     all      0.37      0.00      0.07      0.01      0.04     99.51
03時00分02秒     all      0.46      0.00      0.09      0.01      0.04     99.41
04時00分02秒     all      0.35      0.00      0.07      0.00      0.03     99.54
05時00分02秒     all      0.41      0.00      0.08      0.01      0.03     99.47
06時00分02秒     all      1.04      0.00      0.15      0.01      0.07     98.73
07時00分02秒     all      0.41      0.00      0.09      0.01      0.04     99.44
08時00分02秒     all      0.36      0.00      0.08      0.01      0.04     99.52
09時00分02秒     all      0.38      0.00      0.08      0.00      0.04     99.50
10時00分02秒     all      0.40      0.00      0.08      0.01      0.04     99.46
11時00分02秒     all      0.49      0.00      0.09      0.01      0.06     99.35
平均値:      all      0.46      0.00      0.09      0.01      0.04     99.40

-------------------- Logged in user --------------------
kd2fd5ff 2018-02-20 12:40

==================== 2018-02-23 14:55:02 ====================

-------------------- uptime --------------------
 14:55:02 up 232 days,  3:44,  1 user,  load average: 0.01, 0.02, 0.05

-------------------- System info --------------------
Linux sakura-tokyo-prod 3.10.0-514.26.2.el7.x86_64 #1 SMP Tue Jul 4 15:04:05 UTC 2017 x86_64 x86_64 x86_64 GNU/Linux

-------------------- Storage usage --------------------
ファイルシス   サイズ  使用  残り 使用% マウント位置
/dev/vda4         96G  5.7G   90G    6% /
devtmpfs         2.0G     0  2.0G    0% /dev
tmpfs            2.0G     0  2.0G    0% /dev/shm
tmpfs            2.0G  789M  1.2G   40% /run
tmpfs            2.0G     0  2.0G    0% /sys/fs/cgroup
/dev/vda2        497M  215M  283M   44% /boot
tmpfs            396M     0  396M    0% /run/user/0
tmpfs            396M     0  396M    0% /run/user/1001

-------------------- System load --------------------
Linux 3.10.0-514.26.2.el7.x86_64 (sakura-tokyo-prod) 	2018年02月23日 	_x86_64_	(4 CPU)

00時00分02秒     CPU     %user     %nice   %system   %iowait    %steal     %idle
01時00分02秒     all      0.38      0.00      0.08      0.01      0.03     99.50
02時00分02秒     all      0.37      0.00      0.07      0.01      0.04     99.51
03時00分02秒     all      0.46      0.00      0.09      0.01      0.04     99.41
04時00分02秒     all      0.35      0.00      0.07      0.00      0.03     99.54
05時00分02秒     all      0.41      0.00      0.08      0.01      0.03     99.47
06時00分02秒     all      1.04      0.00      0.15      0.01      0.07     98.73
07時00分02秒     all      0.41      0.00      0.09      0.01      0.04     99.44
08時00分02秒     all      0.36      0.00      0.08      0.01      0.04     99.52
09時00分02秒     all      0.38      0.00      0.08      0.00      0.04     99.50
10時00分02秒     all      0.40      0.00      0.08      0.01      0.04     99.46
11時00分02秒     all      0.49      0.00      0.09      0.01      0.06     99.35
12時00分02秒     all      0.48      0.00      0.09      0.01      0.04     99.38
13時00分02秒     all      0.53      0.00      0.10      0.01      0.05     99.31
14時00分02秒     all      0.43      0.00      0.09      0.00      0.05     99.44
平均値:      all      0.46      0.00      0.09      0.01      0.04     99.40

-------------------- Logged in user --------------------
k48d8e39 2018-02-20 12:40

==================== 2018-02-23 17:55:02 ====================

-------------------- uptime --------------------
 17:55:02 up 232 days,  6:44,  1 user,  load average: 0.00, 0.01, 0.05

-------------------- System info --------------------
Linux sakura-tokyo-prod 3.10.0-514.26.2.el7.x86_64 #1 SMP Tue Jul 4 15:04:05 UTC 2017 x86_64 x86_64 x86_64 GNU/Linux

-------------------- Storage usage --------------------
ファイルシス   サイズ  使用  残り 使用% マウント位置
/dev/vda4         96G  5.7G   90G    6% /
devtmpfs         2.0G     0  2.0G    0% /dev
tmpfs            2.0G     0  2.0G    0% /dev/shm
tmpfs            2.0G  790M  1.2G   40% /run
tmpfs            2.0G     0  2.0G    0% /sys/fs/cgroup
/dev/vda2        497M  215M  283M   44% /boot
tmpfs            396M     0  396M    0% /run/user/0
tmpfs            396M     0  396M    0% /run/user/1001

-------------------- System load --------------------
Linux 3.10.0-514.26.2.el7.x86_64 (sakura-tokyo-prod) 	2018年02月23日 	_x86_64_	(4 CPU)

00時00分02秒     CPU     %user     %nice   %system   %iowait    %steal     %idle
01時00分02秒     all      0.38      0.00      0.08      0.01      0.03     99.50
02時00分02秒     all      0.37      0.00      0.07      0.01      0.04     99.51
03時00分02秒     all      0.46      0.00      0.09      0.01      0.04     99.41
04時00分02秒     all      0.35      0.00      0.07      0.00      0.03     99.54
05時00分02秒     all      0.41      0.00      0.08      0.01      0.03     99.47
06時00分02秒     all      1.04      0.00      0.15      0.01      0.07     98.73
07時00分02秒     all      0.41      0.00      0.09      0.01      0.04     99.44
08時00分02秒     all      0.36      0.00      0.08      0.01      0.04     99.52
09時00分02秒     all      0.38      0.00      0.08      0.00      0.04     99.50
10時00分02秒     all      0.40      0.00      0.08      0.01      0.04     99.46
11時00分02秒     all      0.49      0.00      0.09      0.01      0.06     99.35
12時00分02秒     all      0.48      0.00      0.09      0.01      0.04     99.38
13時00分02秒     all      0.53      0.00      0.10      0.01      0.05     99.31
14時00分02秒     all      0.43      0.00      0.09      0.00      0.05     99.44
15時00分01秒     all      0.45      0.00      0.09      0.01      0.05     99.40
16時00分02秒     all      0.43      0.00      0.10      0.01      0.05     99.42
17時00分02秒     all      0.47      0.00      0.09      0.01      0.05     99.38
平均値:      all      0.46      0.00      0.09      0.01      0.04     99.40

-------------------- Logged in user --------------------
ka42bcc0 2018-02-20 12:40

==================== 2018-02-23 20:55:01 ====================

-------------------- uptime --------------------
 20:55:01 up 232 days,  9:44,  1 user,  load average: 0.03, 0.05, 0.05

-------------------- System info --------------------
Linux sakura-tokyo-prod 3.10.0-514.26.2.el7.x86_64 #1 SMP Tue Jul 4 15:04:05 UTC 2017 x86_64 x86_64 x86_64 GNU/Linux

-------------------- Storage usage --------------------
ファイルシス   サイズ  使用  残り 使用% マウント位置
/dev/vda4         96G  5.7G   90G    6% /
devtmpfs         2.0G     0  2.0G    0% /dev
tmpfs            2.0G     0  2.0G    0% /dev/shm
tmpfs            2.0G  791M  1.2G   40% /run
tmpfs            2.0G     0  2.0G    0% /sys/fs/cgroup
/dev/vda2        497M  215M  283M   44% /boot
tmpfs            396M     0  396M    0% /run/user/0
tmpfs            396M     0  396M    0% /run/user/1001

-------------------- System load --------------------
Linux 3.10.0-514.26.2.el7.x86_64 (sakura-tokyo-prod) 	2018年02月23日 	_x86_64_	(4 CPU)

00時00分02秒     CPU     %user     %nice   %system   %iowait    %steal     %idle
01時00分02秒     all      0.38      0.00      0.08      0.01      0.03     99.50
02時00分02秒     all      0.37      0.00      0.07      0.01      0.04     99.51
03時00分02秒     all      0.46      0.00      0.09      0.01      0.04     99.41
04時00分02秒     all      0.35      0.00      0.07      0.00      0.03     99.54
05時00分02秒     all      0.41      0.00      0.08      0.01      0.03     99.47
06時00分02秒     all      1.04      0.00      0.15      0.01      0.07     98.73
07時00分02秒     all      0.41      0.00      0.09      0.01      0.04     99.44
08時00分02秒     all      0.36      0.00      0.08      0.01      0.04     99.52
09時00分02秒     all      0.38      0.00      0.08      0.00      0.04     99.50
10時00分02秒     all      0.40      0.00      0.08      0.01      0.04     99.46
11時00分02秒     all      0.49      0.00      0.09      0.01      0.06     99.35
12時00分02秒     all      0.48      0.00      0.09      0.01      0.04     99.38
13時00分02秒     all      0.53      0.00      0.10      0.01      0.05     99.31
14時00分02秒     all      0.43      0.00      0.09      0.00      0.05     99.44
15時00分01秒     all      0.45      0.00      0.09      0.01      0.05     99.40
16時00分02秒     all      0.43      0.00      0.10      0.01      0.05     99.42
17時00分02秒     all      0.47      0.00      0.09      0.01      0.05     99.38
18時00分03秒     all      0.44      0.00      0.09      0.01      0.05     99.41
19時00分02秒     all      0.77      0.00      0.12      0.00      0.06     99.05
20時00分02秒     all      0.38      0.00      0.09      0.00      0.03     99.50
平均値:      all      0.47      0.00      0.09      0.01      0.04     99.39

-------------------- Logged in user --------------------
k99fc375 2018-02-20 12:40

