==================== 2018-02-24 02:55:02 ====================

-------------------- uptime --------------------
 02:55:02 up 232 days, 15:44,  1 user,  load average: 0.00, 0.01, 0.05

-------------------- System info --------------------
Linux sakura-tokyo-prod 3.10.0-514.26.2.el7.x86_64 #1 SMP Tue Jul 4 15:04:05 UTC 2017 x86_64 x86_64 x86_64 GNU/Linux

-------------------- Storage usage --------------------
ファイルシス   サイズ  使用  残り 使用% マウント位置
/dev/vda4         96G  5.7G   90G    6% /
devtmpfs         2.0G     0  2.0G    0% /dev
tmpfs            2.0G     0  2.0G    0% /dev/shm
tmpfs            2.0G  792M  1.2G   41% /run
tmpfs            2.0G     0  2.0G    0% /sys/fs/cgroup
/dev/vda2        497M  215M  283M   44% /boot
tmpfs            396M     0  396M    0% /run/user/0
tmpfs            396M     0  396M    0% /run/user/1001

-------------------- System load --------------------
Linux 3.10.0-514.26.2.el7.x86_64 (sakura-tokyo-prod) 	2018年02月24日 	_x86_64_	(4 CPU)

00時00分02秒     CPU     %user     %nice   %system   %iowait    %steal     %idle
01時00分03秒     all      0.46      0.00      0.10      0.00      0.04     99.40
02時00分02秒     all      0.38      0.00      0.09      0.00      0.04     99.49
平均値:      all      0.42      0.00      0.09      0.00      0.04     99.45

-------------------- Logged in user --------------------
k6fd0119 2018-02-20 12:40

==================== 2018-02-24 05:55:01 ====================

-------------------- uptime --------------------
 05:55:01 up 232 days, 18:44,  1 user,  load average: 0.01, 0.03, 0.05

-------------------- System info --------------------
Linux sakura-tokyo-prod 3.10.0-514.26.2.el7.x86_64 #1 SMP Tue Jul 4 15:04:05 UTC 2017 x86_64 x86_64 x86_64 GNU/Linux

-------------------- Storage usage --------------------
ファイルシス   サイズ  使用  残り 使用% マウント位置
/dev/vda4         96G  5.7G   90G    6% /
devtmpfs         2.0G     0  2.0G    0% /dev
tmpfs            2.0G     0  2.0G    0% /dev/shm
tmpfs            2.0G  793M  1.2G   41% /run
tmpfs            2.0G     0  2.0G    0% /sys/fs/cgroup
/dev/vda2        497M  215M  283M   44% /boot
tmpfs            396M     0  396M    0% /run/user/0
tmpfs            396M     0  396M    0% /run/user/1001

-------------------- System load --------------------
Linux 3.10.0-514.26.2.el7.x86_64 (sakura-tokyo-prod) 	2018年02月24日 	_x86_64_	(4 CPU)

00時00分02秒     CPU     %user     %nice   %system   %iowait    %steal     %idle
01時00分03秒     all      0.46      0.00      0.10      0.00      0.04     99.40
02時00分02秒     all      0.38      0.00      0.09      0.00      0.04     99.49
03時00分02秒     all      0.41      0.00      0.09      0.00      0.04     99.45
04時00分01秒     all      0.41      0.00      0.09      0.00      0.03     99.46
05時00分02秒     all      0.38      0.00      0.09      0.00      0.04     99.49
平均値:      all      0.41      0.00      0.09      0.00      0.04     99.46

-------------------- Logged in user --------------------
k31597f7 2018-02-20 12:40

==================== 2018-02-24 08:55:02 ====================

-------------------- uptime --------------------
 08:55:02 up 232 days, 21:44,  1 user,  load average: 0.03, 0.02, 0.05

-------------------- System info --------------------
Linux sakura-tokyo-prod 3.10.0-514.26.2.el7.x86_64 #1 SMP Tue Jul 4 15:04:05 UTC 2017 x86_64 x86_64 x86_64 GNU/Linux

-------------------- Storage usage --------------------
ファイルシス   サイズ  使用  残り 使用% マウント位置
/dev/vda4         96G  5.7G   90G    6% /
devtmpfs         2.0G     0  2.0G    0% /dev
tmpfs            2.0G     0  2.0G    0% /dev/shm
tmpfs            2.0G  794M  1.2G   41% /run
tmpfs            2.0G     0  2.0G    0% /sys/fs/cgroup
/dev/vda2        497M  215M  283M   44% /boot
tmpfs            396M     0  396M    0% /run/user/0
tmpfs            396M     0  396M    0% /run/user/1001

-------------------- System load --------------------
Linux 3.10.0-514.26.2.el7.x86_64 (sakura-tokyo-prod) 	2018年02月24日 	_x86_64_	(4 CPU)

00時00分02秒     CPU     %user     %nice   %system   %iowait    %steal     %idle
01時00分03秒     all      0.46      0.00      0.10      0.00      0.04     99.40
02時00分02秒     all      0.38      0.00      0.09      0.00      0.04     99.49
03時00分02秒     all      0.41      0.00      0.09      0.00      0.04     99.45
04時00分01秒     all      0.41      0.00      0.09      0.00      0.03     99.46
05時00分02秒     all      0.38      0.00      0.09      0.00      0.04     99.49
06時00分02秒     all      0.62      0.00      0.12      0.01      0.04     99.22
07時00分02秒     all      0.70      0.00      0.13      0.01      0.05     99.12
08時00分02秒     all      0.38      0.00      0.08      0.00      0.03     99.50
平均値:      all      0.47      0.00      0.10      0.00      0.04     99.39

-------------------- Logged in user --------------------
ke6c287b 2018-02-20 12:40

==================== 2018-02-24 11:55:01 ====================

-------------------- uptime --------------------
 11:55:01 up 233 days, 44 min,  1 user,  load average: 0.00, 0.01, 0.05

-------------------- System info --------------------
Linux sakura-tokyo-prod 3.10.0-514.26.2.el7.x86_64 #1 SMP Tue Jul 4 15:04:05 UTC 2017 x86_64 x86_64 x86_64 GNU/Linux

-------------------- Storage usage --------------------
ファイルシス   サイズ  使用  残り 使用% マウント位置
/dev/vda4         96G  5.7G   90G    6% /
devtmpfs         2.0G     0  2.0G    0% /dev
tmpfs            2.0G     0  2.0G    0% /dev/shm
tmpfs            2.0G  803M  1.2G   41% /run
tmpfs            2.0G     0  2.0G    0% /sys/fs/cgroup
/dev/vda2        497M  215M  283M   44% /boot
tmpfs            396M     0  396M    0% /run/user/0
tmpfs            396M     0  396M    0% /run/user/1001

-------------------- System load --------------------
Linux 3.10.0-514.26.2.el7.x86_64 (sakura-tokyo-prod) 	2018年02月24日 	_x86_64_	(4 CPU)

00時00分02秒     CPU     %user     %nice   %system   %iowait    %steal     %idle
01時00分03秒     all      0.46      0.00      0.10      0.00      0.04     99.40
02時00分02秒     all      0.38      0.00      0.09      0.00      0.04     99.49
03時00分02秒     all      0.41      0.00      0.09      0.00      0.04     99.45
04時00分01秒     all      0.41      0.00      0.09      0.00      0.03     99.46
05時00分02秒     all      0.38      0.00      0.09      0.00      0.04     99.49
06時00分02秒     all      0.62      0.00      0.12      0.01      0.04     99.22
07時00分02秒     all      0.70      0.00      0.13      0.01      0.05     99.12
08時00分02秒     all      0.38      0.00      0.08      0.00      0.03     99.50
09時00分02秒     all      0.40      0.00      0.09      0.01      0.04     99.47
10時00分02秒     all      0.36      0.00      0.09      0.00      0.03     99.51
11時00分02秒     all      0.59      0.00      0.11      0.01      0.04     99.25
平均値:      all      0.46      0.00      0.10      0.00      0.04     99.40

-------------------- Logged in user --------------------
k5bacf46 2018-02-20 12:40

