==================== 2018-02-25 02:55:02 ====================

-------------------- uptime --------------------
 02:55:02 up 233 days, 15:44,  1 user,  load average: 0.00, 0.01, 0.05

-------------------- System info --------------------
Linux sakura-tokyo-prod 3.10.0-514.26.2.el7.x86_64 #1 SMP Tue Jul 4 15:04:05 UTC 2017 x86_64 x86_64 x86_64 GNU/Linux

-------------------- Storage usage --------------------
ファイルシス   サイズ  使用  残り 使用% マウント位置
/dev/vda4         96G  5.7G   90G    6% /
devtmpfs         2.0G     0  2.0G    0% /dev
tmpfs            2.0G     0  2.0G    0% /dev/shm
tmpfs            2.0G  799M  1.2G   41% /run
tmpfs            2.0G     0  2.0G    0% /sys/fs/cgroup
/dev/vda2        497M  215M  283M   44% /boot
tmpfs            396M     0  396M    0% /run/user/0
tmpfs            396M     0  396M    0% /run/user/1001

-------------------- System load --------------------
Linux 3.10.0-514.26.2.el7.x86_64 (sakura-tokyo-prod) 	2018年02月25日 	_x86_64_	(4 CPU)

00時00分02秒     CPU     %user     %nice   %system   %iowait    %steal     %idle
01時00分03秒     all      0.43      0.00      0.08      0.01      0.03     99.46
02時00分02秒     all      0.52      0.00      0.09      0.01      0.04     99.34
平均値:      all      0.47      0.00      0.09      0.01      0.03     99.40

-------------------- Logged in user --------------------
kf6bf7f9 2018-02-20 12:40

==================== 2018-02-25 05:55:02 ====================

-------------------- uptime --------------------
 05:55:02 up 233 days, 18:44,  1 user,  load average: 0.01, 0.02, 0.05

-------------------- System info --------------------
Linux sakura-tokyo-prod 3.10.0-514.26.2.el7.x86_64 #1 SMP Tue Jul 4 15:04:05 UTC 2017 x86_64 x86_64 x86_64 GNU/Linux

-------------------- Storage usage --------------------
ファイルシス   サイズ  使用  残り 使用% マウント位置
/dev/vda4         96G  5.7G   90G    6% /
devtmpfs         2.0G     0  2.0G    0% /dev
tmpfs            2.0G     0  2.0G    0% /dev/shm
tmpfs            2.0G  800M  1.2G   41% /run
tmpfs            2.0G     0  2.0G    0% /sys/fs/cgroup
/dev/vda2        497M  215M  283M   44% /boot
tmpfs            396M     0  396M    0% /run/user/0
tmpfs            396M     0  396M    0% /run/user/1001

-------------------- System load --------------------
Linux 3.10.0-514.26.2.el7.x86_64 (sakura-tokyo-prod) 	2018年02月25日 	_x86_64_	(4 CPU)

00時00分02秒     CPU     %user     %nice   %system   %iowait    %steal     %idle
01時00分03秒     all      0.43      0.00      0.08      0.01      0.03     99.46
02時00分02秒     all      0.52      0.00      0.09      0.01      0.04     99.34
03時00分01秒     all      0.40      0.00      0.09      0.01      0.03     99.47
04時00分02秒     all      0.48      0.00      0.09      0.01      0.03     99.39
05時00分02秒     all      0.41      0.00      0.08      0.01      0.02     99.48
平均値:      all      0.45      0.00      0.09      0.01      0.03     99.43

-------------------- Logged in user --------------------
k124df39 2018-02-20 12:40

==================== 2018-02-25 08:55:02 ====================

-------------------- uptime --------------------
 08:55:02 up 233 days, 21:44,  1 user,  load average: 0.00, 0.01, 0.05

-------------------- System info --------------------
Linux sakura-tokyo-prod 3.10.0-514.26.2.el7.x86_64 #1 SMP Tue Jul 4 15:04:05 UTC 2017 x86_64 x86_64 x86_64 GNU/Linux

-------------------- Storage usage --------------------
ファイルシス   サイズ  使用  残り 使用% マウント位置
/dev/vda4         96G  5.7G   90G    6% /
devtmpfs         2.0G     0  2.0G    0% /dev
tmpfs            2.0G     0  2.0G    0% /dev/shm
tmpfs            2.0G  801M  1.2G   41% /run
tmpfs            2.0G     0  2.0G    0% /sys/fs/cgroup
/dev/vda2        497M  215M  283M   44% /boot
tmpfs            396M     0  396M    0% /run/user/0
tmpfs            396M     0  396M    0% /run/user/1001

-------------------- System load --------------------
Linux 3.10.0-514.26.2.el7.x86_64 (sakura-tokyo-prod) 	2018年02月25日 	_x86_64_	(4 CPU)

00時00分02秒     CPU     %user     %nice   %system   %iowait    %steal     %idle
01時00分03秒     all      0.43      0.00      0.08      0.01      0.03     99.46
02時00分02秒     all      0.52      0.00      0.09      0.01      0.04     99.34
03時00分01秒     all      0.40      0.00      0.09      0.01      0.03     99.47
04時00分02秒     all      0.48      0.00      0.09      0.01      0.03     99.39
05時00分02秒     all      0.41      0.00      0.08      0.01      0.02     99.48
06時00分01秒     all      0.45      0.00      0.10      0.01      0.03     99.41
07時00分02秒     all      0.41      0.00      0.10      0.01      0.03     99.45
08時00分02秒     all      0.38      0.00      0.09      0.01      0.03     99.49
平均値:      all      0.43      0.00      0.09      0.01      0.03     99.44

-------------------- Logged in user --------------------
k535875b 2018-02-20 12:40

==================== 2018-02-25 11:55:02 ====================

-------------------- uptime --------------------
 11:55:02 up 234 days, 44 min,  1 user,  load average: 0.00, 0.01, 0.05

-------------------- System info --------------------
Linux sakura-tokyo-prod 3.10.0-514.26.2.el7.x86_64 #1 SMP Tue Jul 4 15:04:05 UTC 2017 x86_64 x86_64 x86_64 GNU/Linux

-------------------- Storage usage --------------------
ファイルシス   サイズ  使用  残り 使用% マウント位置
/dev/vda4         96G  5.7G   90G    6% /
devtmpfs         2.0G     0  2.0G    0% /dev
tmpfs            2.0G     0  2.0G    0% /dev/shm
tmpfs            2.0G  802M  1.2G   41% /run
tmpfs            2.0G     0  2.0G    0% /sys/fs/cgroup
/dev/vda2        497M  215M  283M   44% /boot
tmpfs            396M     0  396M    0% /run/user/0
tmpfs            396M     0  396M    0% /run/user/1001

-------------------- System load --------------------
Linux 3.10.0-514.26.2.el7.x86_64 (sakura-tokyo-prod) 	2018年02月25日 	_x86_64_	(4 CPU)

00時00分02秒     CPU     %user     %nice   %system   %iowait    %steal     %idle
01時00分03秒     all      0.43      0.00      0.08      0.01      0.03     99.46
02時00分02秒     all      0.52      0.00      0.09      0.01      0.04     99.34
03時00分01秒     all      0.40      0.00      0.09      0.01      0.03     99.47
04時00分02秒     all      0.48      0.00      0.09      0.01      0.03     99.39
05時00分02秒     all      0.41      0.00      0.08      0.01      0.02     99.48
06時00分01秒     all      0.45      0.00      0.10      0.01      0.03     99.41
07時00分02秒     all      0.41      0.00      0.10      0.01      0.03     99.45
08時00分02秒     all      0.38      0.00      0.09      0.01      0.03     99.49
09時00分02秒     all      0.38      0.00      0.09      0.01      0.03     99.50
10時00分02秒     all      0.42      0.00      0.09      0.01      0.04     99.44
11時00分02秒     all      0.51      0.00      0.11      0.02      0.04     99.33
平均値:      all      0.43      0.00      0.09      0.01      0.03     99.43

-------------------- Logged in user --------------------
k6d64d26 2018-02-20 12:40

