==================== 2018-02-26 02:55:02 ====================

-------------------- uptime --------------------
 02:55:02 up 234 days, 15:44,  1 user,  load average: 0.00, 0.02, 0.05

-------------------- System info --------------------
Linux sakura-tokyo-prod 3.10.0-514.26.2.el7.x86_64 #1 SMP Tue Jul 4 15:04:05 UTC 2017 x86_64 x86_64 x86_64 GNU/Linux

-------------------- Storage usage --------------------
ファイルシス   サイズ  使用  残り 使用% マウント位置
/dev/vda4         96G  5.7G   90G    6% /
devtmpfs         2.0G     0  2.0G    0% /dev
tmpfs            2.0G     0  2.0G    0% /dev/shm
tmpfs            2.0G  806M  1.2G   41% /run
tmpfs            2.0G     0  2.0G    0% /sys/fs/cgroup
/dev/vda2        497M  215M  283M   44% /boot
tmpfs            396M     0  396M    0% /run/user/0
tmpfs            396M     0  396M    0% /run/user/1001

-------------------- System load --------------------
Linux 3.10.0-514.26.2.el7.x86_64 (sakura-tokyo-prod) 	2018年02月26日 	_x86_64_	(4 CPU)

00時00分02秒     CPU     %user     %nice   %system   %iowait    %steal     %idle
01時00分02秒     all      0.69      0.00      0.11      0.00      0.04     99.15
02時00分02秒     all      0.49      0.00      0.09      0.01      0.04     99.36
平均値:      all      0.59      0.00      0.10      0.01      0.04     99.26

-------------------- Logged in user --------------------
ka171cb5 2018-02-20 12:40

==================== 2018-02-26 05:55:01 ====================

-------------------- uptime --------------------
 05:55:01 up 234 days, 18:44,  1 user,  load average: 0.00, 0.01, 0.05

-------------------- System info --------------------
Linux sakura-tokyo-prod 3.10.0-514.26.2.el7.x86_64 #1 SMP Tue Jul 4 15:04:05 UTC 2017 x86_64 x86_64 x86_64 GNU/Linux

-------------------- Storage usage --------------------
ファイルシス   サイズ  使用  残り 使用% マウント位置
/dev/vda4         96G  5.7G   90G    6% /
devtmpfs         2.0G     0  2.0G    0% /dev
tmpfs            2.0G     0  2.0G    0% /dev/shm
tmpfs            2.0G  807M  1.2G   41% /run
tmpfs            2.0G     0  2.0G    0% /sys/fs/cgroup
/dev/vda2        497M  215M  283M   44% /boot
tmpfs            396M     0  396M    0% /run/user/0
tmpfs            396M     0  396M    0% /run/user/1001

-------------------- System load --------------------
Linux 3.10.0-514.26.2.el7.x86_64 (sakura-tokyo-prod) 	2018年02月26日 	_x86_64_	(4 CPU)

00時00分02秒     CPU     %user     %nice   %system   %iowait    %steal     %idle
01時00分02秒     all      0.69      0.00      0.11      0.00      0.04     99.15
02時00分02秒     all      0.49      0.00      0.09      0.01      0.04     99.36
03時00分02秒     all      0.47      0.00      0.09      0.01      0.04     99.38
04時00分02秒     all      0.58      0.00      0.11      0.01      0.04     99.26
05時00分02秒     all      0.50      0.00      0.10      0.01      0.04     99.36
平均値:      all      0.55      0.00      0.10      0.01      0.04     99.30

-------------------- Logged in user --------------------
keb7c318 2018-02-20 12:40

==================== 2018-02-26 08:55:02 ====================

-------------------- uptime --------------------
 08:55:02 up 234 days, 21:44,  1 user,  load average: 0.00, 0.01, 0.05

-------------------- System info --------------------
Linux sakura-tokyo-prod 3.10.0-514.26.2.el7.x86_64 #1 SMP Tue Jul 4 15:04:05 UTC 2017 x86_64 x86_64 x86_64 GNU/Linux

-------------------- Storage usage --------------------
ファイルシス   サイズ  使用  残り 使用% マウント位置
/dev/vda4         96G  5.7G   90G    6% /
devtmpfs         2.0G     0  2.0G    0% /dev
tmpfs            2.0G     0  2.0G    0% /dev/shm
tmpfs            2.0G  808M  1.2G   41% /run
tmpfs            2.0G     0  2.0G    0% /sys/fs/cgroup
/dev/vda2        497M  215M  283M   44% /boot
tmpfs            396M     0  396M    0% /run/user/0
tmpfs            396M     0  396M    0% /run/user/1001

-------------------- System load --------------------
Linux 3.10.0-514.26.2.el7.x86_64 (sakura-tokyo-prod) 	2018年02月26日 	_x86_64_	(4 CPU)

00時00分02秒     CPU     %user     %nice   %system   %iowait    %steal     %idle
01時00分02秒     all      0.69      0.00      0.11      0.00      0.04     99.15
02時00分02秒     all      0.49      0.00      0.09      0.01      0.04     99.36
03時00分02秒     all      0.47      0.00      0.09      0.01      0.04     99.38
04時00分02秒     all      0.58      0.00      0.11      0.01      0.04     99.26
05時00分02秒     all      0.50      0.00      0.10      0.01      0.04     99.36
06時00分02秒     all      0.46      0.00      0.10      0.01      0.03     99.40
07時00分02秒     all      0.53      0.00      0.10      0.01      0.04     99.32
08時00分02秒     all      0.52      0.00      0.09      0.01      0.04     99.35
平均値:      all      0.53      0.00      0.10      0.01      0.04     99.32

-------------------- Logged in user --------------------
kbb972c4 2018-02-20 12:40

==================== 2018-02-26 11:55:02 ====================

-------------------- uptime --------------------
 11:55:02 up 235 days, 44 min,  1 user,  load average: 0.01, 0.04, 0.05

-------------------- System info --------------------
Linux sakura-tokyo-prod 3.10.0-514.26.2.el7.x86_64 #1 SMP Tue Jul 4 15:04:05 UTC 2017 x86_64 x86_64 x86_64 GNU/Linux

-------------------- Storage usage --------------------
ファイルシス   サイズ  使用  残り 使用% マウント位置
/dev/vda4         96G  5.7G   90G    6% /
devtmpfs         2.0G     0  2.0G    0% /dev
tmpfs            2.0G     0  2.0G    0% /dev/shm
tmpfs            2.0G  809M  1.2G   41% /run
tmpfs            2.0G     0  2.0G    0% /sys/fs/cgroup
/dev/vda2        497M  215M  283M   44% /boot
tmpfs            396M     0  396M    0% /run/user/0
tmpfs            396M     0  396M    0% /run/user/1001

-------------------- System load --------------------
Linux 3.10.0-514.26.2.el7.x86_64 (sakura-tokyo-prod) 	2018年02月26日 	_x86_64_	(4 CPU)

00時00分02秒     CPU     %user     %nice   %system   %iowait    %steal     %idle
01時00分02秒     all      0.69      0.00      0.11      0.00      0.04     99.15
02時00分02秒     all      0.49      0.00      0.09      0.01      0.04     99.36
03時00分02秒     all      0.47      0.00      0.09      0.01      0.04     99.38
04時00分02秒     all      0.58      0.00      0.11      0.01      0.04     99.26
05時00分02秒     all      0.50      0.00      0.10      0.01      0.04     99.36
06時00分02秒     all      0.46      0.00      0.10      0.01      0.03     99.40
07時00分02秒     all      0.53      0.00      0.10      0.01      0.04     99.32
08時00分02秒     all      0.52      0.00      0.09      0.01      0.04     99.35
09時00分02秒     all      0.54      0.00      0.09      0.01      0.04     99.31
10時00分02秒     all      0.52      0.00      0.09      0.01      0.04     99.34
11時00分02秒     all      0.49      0.00      0.10      0.01      0.05     99.35
平均値:      all      0.53      0.00      0.10      0.01      0.04     99.33

-------------------- Logged in user --------------------
k46fc903 2018-02-20 12:40

==================== 2018-02-26 14:55:02 ====================

-------------------- uptime --------------------
 14:55:02 up 235 days,  3:44,  1 user,  load average: 0.00, 0.01, 0.05

-------------------- System info --------------------
Linux sakura-tokyo-prod 3.10.0-514.26.2.el7.x86_64 #1 SMP Tue Jul 4 15:04:05 UTC 2017 x86_64 x86_64 x86_64 GNU/Linux

-------------------- Storage usage --------------------
ファイルシス   サイズ  使用  残り 使用% マウント位置
/dev/vda4         96G  5.7G   90G    6% /
devtmpfs         2.0G     0  2.0G    0% /dev
tmpfs            2.0G     0  2.0G    0% /dev/shm
tmpfs            2.0G  810M  1.2G   41% /run
tmpfs            2.0G     0  2.0G    0% /sys/fs/cgroup
/dev/vda2        497M  215M  283M   44% /boot
tmpfs            396M     0  396M    0% /run/user/0
tmpfs            396M     0  396M    0% /run/user/1001

-------------------- System load --------------------
Linux 3.10.0-514.26.2.el7.x86_64 (sakura-tokyo-prod) 	2018年02月26日 	_x86_64_	(4 CPU)

00時00分02秒     CPU     %user     %nice   %system   %iowait    %steal     %idle
01時00分02秒     all      0.69      0.00      0.11      0.00      0.04     99.15
02時00分02秒     all      0.49      0.00      0.09      0.01      0.04     99.36
03時00分02秒     all      0.47      0.00      0.09      0.01      0.04     99.38
04時00分02秒     all      0.58      0.00      0.11      0.01      0.04     99.26
05時00分02秒     all      0.50      0.00      0.10      0.01      0.04     99.36
06時00分02秒     all      0.46      0.00      0.10      0.01      0.03     99.40
07時00分02秒     all      0.53      0.00      0.10      0.01      0.04     99.32
08時00分02秒     all      0.52      0.00      0.09      0.01      0.04     99.35
09時00分02秒     all      0.54      0.00      0.09      0.01      0.04     99.31
10時00分02秒     all      0.52      0.00      0.09      0.01      0.04     99.34
11時00分02秒     all      0.49      0.00      0.10      0.01      0.05     99.35
12時00分02秒     all      0.48      0.00      0.09      0.01      0.05     99.37
13時00分02秒     all      0.47      0.00      0.10      0.01      0.06     99.35
14時00分02秒     all      0.43      0.00      0.13      0.01      0.06     99.38
平均値:      all      0.51      0.00      0.10      0.01      0.04     99.34

-------------------- Logged in user --------------------
kdc9ae61 2018-02-20 12:40

==================== 2018-02-26 17:55:01 ====================

-------------------- uptime --------------------
 17:55:01 up 235 days,  6:44,  1 user,  load average: 0.09, 0.05, 0.05

-------------------- System info --------------------
Linux sakura-tokyo-prod 3.10.0-514.26.2.el7.x86_64 #1 SMP Tue Jul 4 15:04:05 UTC 2017 x86_64 x86_64 x86_64 GNU/Linux

-------------------- Storage usage --------------------
ファイルシス   サイズ  使用  残り 使用% マウント位置
/dev/vda4         96G  5.7G   90G    6% /
devtmpfs         2.0G     0  2.0G    0% /dev
tmpfs            2.0G     0  2.0G    0% /dev/shm
tmpfs            2.0G  811M  1.2G   42% /run
tmpfs            2.0G     0  2.0G    0% /sys/fs/cgroup
/dev/vda2        497M  215M  283M   44% /boot
tmpfs            396M     0  396M    0% /run/user/0
tmpfs            396M     0  396M    0% /run/user/1001

-------------------- System load --------------------
Linux 3.10.0-514.26.2.el7.x86_64 (sakura-tokyo-prod) 	2018年02月26日 	_x86_64_	(4 CPU)

00時00分02秒     CPU     %user     %nice   %system   %iowait    %steal     %idle
01時00分02秒     all      0.69      0.00      0.11      0.00      0.04     99.15
02時00分02秒     all      0.49      0.00      0.09      0.01      0.04     99.36
03時00分02秒     all      0.47      0.00      0.09      0.01      0.04     99.38
04時00分02秒     all      0.58      0.00      0.11      0.01      0.04     99.26
05時00分02秒     all      0.50      0.00      0.10      0.01      0.04     99.36
06時00分02秒     all      0.46      0.00      0.10      0.01      0.03     99.40
07時00分02秒     all      0.53      0.00      0.10      0.01      0.04     99.32
08時00分02秒     all      0.52      0.00      0.09      0.01      0.04     99.35
09時00分02秒     all      0.54      0.00      0.09      0.01      0.04     99.31
10時00分02秒     all      0.52      0.00      0.09      0.01      0.04     99.34
11時00分02秒     all      0.49      0.00      0.10      0.01      0.05     99.35
12時00分02秒     all      0.48      0.00      0.09      0.01      0.05     99.37
13時00分02秒     all      0.47      0.00      0.10      0.01      0.06     99.35
14時00分02秒     all      0.43      0.00      0.13      0.01      0.06     99.38
15時00分02秒     all      0.47      0.00      0.09      0.01      0.05     99.39
16時00分02秒     all      0.44      0.00      0.09      0.01      0.05     99.42
17時00分02秒     all      0.41      0.00      0.09      0.01      0.06     99.44
平均値:      all      0.50      0.00      0.10      0.01      0.04     99.35

-------------------- Logged in user --------------------
k3e9715a 2018-02-20 12:40

==================== 2018-02-26 20:55:02 ====================

-------------------- uptime --------------------
 20:55:02 up 235 days,  9:44,  1 user,  load average: 0.00, 0.02, 0.05

-------------------- System info --------------------
Linux sakura-tokyo-prod 3.10.0-514.26.2.el7.x86_64 #1 SMP Tue Jul 4 15:04:05 UTC 2017 x86_64 x86_64 x86_64 GNU/Linux

-------------------- Storage usage --------------------
ファイルシス   サイズ  使用  残り 使用% マウント位置
/dev/vda4         96G  5.7G   90G    6% /
devtmpfs         2.0G     0  2.0G    0% /dev
tmpfs            2.0G     0  2.0G    0% /dev/shm
tmpfs            2.0G  812M  1.2G   42% /run
tmpfs            2.0G     0  2.0G    0% /sys/fs/cgroup
/dev/vda2        497M  215M  283M   44% /boot
tmpfs            396M     0  396M    0% /run/user/0
tmpfs            396M     0  396M    0% /run/user/1001

-------------------- System load --------------------
Linux 3.10.0-514.26.2.el7.x86_64 (sakura-tokyo-prod) 	2018年02月26日 	_x86_64_	(4 CPU)

00時00分02秒     CPU     %user     %nice   %system   %iowait    %steal     %idle
01時00分02秒     all      0.69      0.00      0.11      0.00      0.04     99.15
02時00分02秒     all      0.49      0.00      0.09      0.01      0.04     99.36
03時00分02秒     all      0.47      0.00      0.09      0.01      0.04     99.38
04時00分02秒     all      0.58      0.00      0.11      0.01      0.04     99.26
05時00分02秒     all      0.50      0.00      0.10      0.01      0.04     99.36
06時00分02秒     all      0.46      0.00      0.10      0.01      0.03     99.40
07時00分02秒     all      0.53      0.00      0.10      0.01      0.04     99.32
08時00分02秒     all      0.52      0.00      0.09      0.01      0.04     99.35
09時00分02秒     all      0.54      0.00      0.09      0.01      0.04     99.31
10時00分02秒     all      0.52      0.00      0.09      0.01      0.04     99.34
11時00分02秒     all      0.49      0.00      0.10      0.01      0.05     99.35
12時00分02秒     all      0.48      0.00      0.09      0.01      0.05     99.37
13時00分02秒     all      0.47      0.00      0.10      0.01      0.06     99.35
14時00分02秒     all      0.43      0.00      0.13      0.01      0.06     99.38
15時00分02秒     all      0.47      0.00      0.09      0.01      0.05     99.39
16時00分02秒     all      0.44      0.00      0.09      0.01      0.05     99.42
17時00分02秒     all      0.41      0.00      0.09      0.01      0.06     99.44
18時00分02秒     all      0.49      0.00      0.09      0.01      0.04     99.37
19時00分02秒     all      0.56      0.00      0.11      0.02      0.03     99.28
20時00分02秒     all      0.40      0.00      0.08      0.01      0.03     99.48
平均値:      all      0.50      0.00      0.10      0.01      0.04     99.35

-------------------- Logged in user --------------------
k76706b3 2018-02-20 12:40

==================== 2018-02-26 23:55:01 ====================

-------------------- uptime --------------------
 23:55:01 up 235 days, 12:44,  1 user,  load average: 0.00, 0.01, 0.05

-------------------- System info --------------------
Linux sakura-tokyo-prod 3.10.0-514.26.2.el7.x86_64 #1 SMP Tue Jul 4 15:04:05 UTC 2017 x86_64 x86_64 x86_64 GNU/Linux

-------------------- Storage usage --------------------
ファイルシス   サイズ  使用  残り 使用% マウント位置
/dev/vda4         96G  5.7G   90G    6% /
devtmpfs         2.0G     0  2.0G    0% /dev
tmpfs            2.0G     0  2.0G    0% /dev/shm
tmpfs            2.0G  812M  1.2G   42% /run
tmpfs            2.0G     0  2.0G    0% /sys/fs/cgroup
/dev/vda2        497M  215M  283M   44% /boot
tmpfs            396M     0  396M    0% /run/user/0
tmpfs            396M     0  396M    0% /run/user/1001

-------------------- System load --------------------
Linux 3.10.0-514.26.2.el7.x86_64 (sakura-tokyo-prod) 	2018年02月26日 	_x86_64_	(4 CPU)

00時00分02秒     CPU     %user     %nice   %system   %iowait    %steal     %idle
01時00分02秒     all      0.69      0.00      0.11      0.00      0.04     99.15
02時00分02秒     all      0.49      0.00      0.09      0.01      0.04     99.36
03時00分02秒     all      0.47      0.00      0.09      0.01      0.04     99.38
04時00分02秒     all      0.58      0.00      0.11      0.01      0.04     99.26
05時00分02秒     all      0.50      0.00      0.10      0.01      0.04     99.36
06時00分02秒     all      0.46      0.00      0.10      0.01      0.03     99.40
07時00分02秒     all      0.53      0.00      0.10      0.01      0.04     99.32
08時00分02秒     all      0.52      0.00      0.09      0.01      0.04     99.35
09時00分02秒     all      0.54      0.00      0.09      0.01      0.04     99.31
10時00分02秒     all      0.52      0.00      0.09      0.01      0.04     99.34
11時00分02秒     all      0.49      0.00      0.10      0.01      0.05     99.35
12時00分02秒     all      0.48      0.00      0.09      0.01      0.05     99.37
13時00分02秒     all      0.47      0.00      0.10      0.01      0.06     99.35
14時00分02秒     all      0.43      0.00      0.13      0.01      0.06     99.38
15時00分02秒     all      0.47      0.00      0.09      0.01      0.05     99.39
16時00分02秒     all      0.44      0.00      0.09      0.01      0.05     99.42
17時00分02秒     all      0.41      0.00      0.09      0.01      0.06     99.44
18時00分02秒     all      0.49      0.00      0.09      0.01      0.04     99.37
19時00分02秒     all      0.56      0.00      0.11      0.02      0.03     99.28
20時00分02秒     all      0.40      0.00      0.08      0.01      0.03     99.48
21時00分02秒     all      0.47      0.00      0.12      0.04      0.03     99.34
22時00分02秒     all      0.46      0.00      0.09      0.01      0.03     99.41
23時00分02秒     all      1.02      0.00      0.18      0.05      0.04     98.71
平均値:      all      0.52      0.00      0.10      0.01      0.04     99.33

-------------------- Logged in user --------------------
k46ff260 2018-02-20 12:40

