==================== 2018-02-27 02:55:02 ====================

-------------------- uptime --------------------
 02:55:02 up 235 days, 15:44,  1 user,  load average: 0.00, 0.01, 0.05

-------------------- System info --------------------
Linux sakura-tokyo-prod 3.10.0-514.26.2.el7.x86_64 #1 SMP Tue Jul 4 15:04:05 UTC 2017 x86_64 x86_64 x86_64 GNU/Linux

-------------------- Storage usage --------------------
ファイルシス   サイズ  使用  残り 使用% マウント位置
/dev/vda4         96G  5.7G   90G    6% /
devtmpfs         2.0G     0  2.0G    0% /dev
tmpfs            2.0G     0  2.0G    0% /dev/shm
tmpfs            2.0G  821M  1.2G   42% /run
tmpfs            2.0G     0  2.0G    0% /sys/fs/cgroup
/dev/vda2        497M  215M  283M   44% /boot
tmpfs            396M     0  396M    0% /run/user/0
tmpfs            396M     0  396M    0% /run/user/1001

-------------------- System load --------------------
Linux 3.10.0-514.26.2.el7.x86_64 (sakura-tokyo-prod) 	2018年02月27日 	_x86_64_	(4 CPU)

00時00分02秒     CPU     %user     %nice   %system   %iowait    %steal     %idle
01時00分02秒     all      0.50      0.00      0.09      0.01      0.03     99.37
02時00分01秒     all      0.45      0.00      0.09      0.01      0.03     99.42
平均値:      all      0.48      0.00      0.09      0.01      0.03     99.39

-------------------- Logged in user --------------------
k35b82d3 2018-02-20 12:40

==================== 2018-02-27 05:55:02 ====================

-------------------- uptime --------------------
 05:55:02 up 235 days, 18:44,  1 user,  load average: 0.06, 0.10, 0.08

-------------------- System info --------------------
Linux sakura-tokyo-prod 3.10.0-514.26.2.el7.x86_64 #1 SMP Tue Jul 4 15:04:05 UTC 2017 x86_64 x86_64 x86_64 GNU/Linux

-------------------- Storage usage --------------------
ファイルシス   サイズ  使用  残り 使用% マウント位置
/dev/vda4         96G  5.7G   90G    6% /
devtmpfs         2.0G     0  2.0G    0% /dev
tmpfs            2.0G     0  2.0G    0% /dev/shm
tmpfs            2.0G  822M  1.2G   42% /run
tmpfs            2.0G     0  2.0G    0% /sys/fs/cgroup
/dev/vda2        497M  215M  283M   44% /boot
tmpfs            396M     0  396M    0% /run/user/0
tmpfs            396M     0  396M    0% /run/user/1001

-------------------- System load --------------------
Linux 3.10.0-514.26.2.el7.x86_64 (sakura-tokyo-prod) 	2018年02月27日 	_x86_64_	(4 CPU)

00時00分02秒     CPU     %user     %nice   %system   %iowait    %steal     %idle
01時00分02秒     all      0.50      0.00      0.09      0.01      0.03     99.37
02時00分01秒     all      0.45      0.00      0.09      0.01      0.03     99.42
03時00分02秒     all      0.53      0.00      0.09      0.01      0.03     99.33
04時00分02秒     all      0.51      0.00      0.10      0.01      0.04     99.34
05時00分02秒     all      0.46      0.00      0.09      0.01      0.03     99.41
平均値:      all      0.49      0.00      0.09      0.01      0.03     99.37

-------------------- Logged in user --------------------
k014f76b 2018-02-20 12:40

==================== 2018-02-27 08:55:01 ====================

-------------------- uptime --------------------
 08:55:01 up 235 days, 21:44,  1 user,  load average: 0.04, 0.05, 0.05

-------------------- System info --------------------
Linux sakura-tokyo-prod 3.10.0-514.26.2.el7.x86_64 #1 SMP Tue Jul 4 15:04:05 UTC 2017 x86_64 x86_64 x86_64 GNU/Linux

-------------------- Storage usage --------------------
ファイルシス   サイズ  使用  残り 使用% マウント位置
/dev/vda4         96G  5.7G   90G    6% /
devtmpfs         2.0G     0  2.0G    0% /dev
tmpfs            2.0G     0  2.0G    0% /dev/shm
tmpfs            2.0G  823M  1.2G   42% /run
tmpfs            2.0G     0  2.0G    0% /sys/fs/cgroup
/dev/vda2        497M  215M  283M   44% /boot
tmpfs            396M     0  396M    0% /run/user/0
tmpfs            396M     0  396M    0% /run/user/1001

-------------------- System load --------------------
Linux 3.10.0-514.26.2.el7.x86_64 (sakura-tokyo-prod) 	2018年02月27日 	_x86_64_	(4 CPU)

00時00分02秒     CPU     %user     %nice   %system   %iowait    %steal     %idle
01時00分02秒     all      0.50      0.00      0.09      0.01      0.03     99.37
02時00分01秒     all      0.45      0.00      0.09      0.01      0.03     99.42
03時00分02秒     all      0.53      0.00      0.09      0.01      0.03     99.33
04時00分02秒     all      0.51      0.00      0.10      0.01      0.04     99.34
05時00分02秒     all      0.46      0.00      0.09      0.01      0.03     99.41
06時00分02秒     all      0.69      0.00      0.11      0.02      0.04     99.14
07時00分02秒     all      0.46      0.00      0.09      0.01      0.03     99.41
08時00分02秒     all      0.56      0.00      0.10      0.01      0.03     99.30
平均値:      all      0.52      0.00      0.10      0.01      0.03     99.34

-------------------- Logged in user --------------------
ke773943 2018-02-20 12:40

==================== 2018-02-27 11:55:01 ====================

-------------------- uptime --------------------
 11:55:01 up 236 days, 44 min,  1 user,  load average: 0.00, 0.01, 0.05

-------------------- System info --------------------
Linux sakura-tokyo-prod 3.10.0-514.26.2.el7.x86_64 #1 SMP Tue Jul 4 15:04:05 UTC 2017 x86_64 x86_64 x86_64 GNU/Linux

-------------------- Storage usage --------------------
ファイルシス   サイズ  使用  残り 使用% マウント位置
/dev/vda4         96G  5.7G   90G    6% /
devtmpfs         2.0G     0  2.0G    0% /dev
tmpfs            2.0G     0  2.0G    0% /dev/shm
tmpfs            2.0G  824M  1.2G   42% /run
tmpfs            2.0G     0  2.0G    0% /sys/fs/cgroup
/dev/vda2        497M  215M  283M   44% /boot
tmpfs            396M     0  396M    0% /run/user/0
tmpfs            396M     0  396M    0% /run/user/1001

-------------------- System load --------------------
Linux 3.10.0-514.26.2.el7.x86_64 (sakura-tokyo-prod) 	2018年02月27日 	_x86_64_	(4 CPU)

00時00分02秒     CPU     %user     %nice   %system   %iowait    %steal     %idle
01時00分02秒     all      0.50      0.00      0.09      0.01      0.03     99.37
02時00分01秒     all      0.45      0.00      0.09      0.01      0.03     99.42
03時00分02秒     all      0.53      0.00      0.09      0.01      0.03     99.33
04時00分02秒     all      0.51      0.00      0.10      0.01      0.04     99.34
05時00分02秒     all      0.46      0.00      0.09      0.01      0.03     99.41
06時00分02秒     all      0.69      0.00      0.11      0.02      0.04     99.14
07時00分02秒     all      0.46      0.00      0.09      0.01      0.03     99.41
08時00分02秒     all      0.56      0.00      0.10      0.01      0.03     99.30
09時00分02秒     all      0.53      0.00      0.10      0.01      0.04     99.33
10時00分02秒     all      0.52      0.00      0.09      0.01      0.03     99.34
11時00分02秒     all      0.82      0.00      0.15      0.03      0.04     98.96
平均値:      all      0.55      0.00      0.10      0.01      0.03     99.30

-------------------- Logged in user --------------------
ka8e2395 2018-02-27 10:16

==================== 2018-02-27 14:55:02 ====================

-------------------- uptime --------------------
 14:55:02 up 236 days,  3:44,  1 user,  load average: 0.01, 0.03, 0.05

-------------------- System info --------------------
Linux sakura-tokyo-prod 3.10.0-514.26.2.el7.x86_64 #1 SMP Tue Jul 4 15:04:05 UTC 2017 x86_64 x86_64 x86_64 GNU/Linux

-------------------- Storage usage --------------------
ファイルシス   サイズ  使用  残り 使用% マウント位置
/dev/vda4         96G  5.7G   90G    6% /
devtmpfs         2.0G     0  2.0G    0% /dev
tmpfs            2.0G     0  2.0G    0% /dev/shm
tmpfs            2.0G  833M  1.2G   43% /run
tmpfs            2.0G     0  2.0G    0% /sys/fs/cgroup
/dev/vda2        497M  215M  283M   44% /boot
tmpfs            396M     0  396M    0% /run/user/0
tmpfs            396M     0  396M    0% /run/user/1001

-------------------- System load --------------------
Linux 3.10.0-514.26.2.el7.x86_64 (sakura-tokyo-prod) 	2018年02月27日 	_x86_64_	(4 CPU)

00時00分02秒     CPU     %user     %nice   %system   %iowait    %steal     %idle
01時00分02秒     all      0.50      0.00      0.09      0.01      0.03     99.37
02時00分01秒     all      0.45      0.00      0.09      0.01      0.03     99.42
03時00分02秒     all      0.53      0.00      0.09      0.01      0.03     99.33
04時00分02秒     all      0.51      0.00      0.10      0.01      0.04     99.34
05時00分02秒     all      0.46      0.00      0.09      0.01      0.03     99.41
06時00分02秒     all      0.69      0.00      0.11      0.02      0.04     99.14
07時00分02秒     all      0.46      0.00      0.09      0.01      0.03     99.41
08時00分02秒     all      0.56      0.00      0.10      0.01      0.03     99.30
09時00分02秒     all      0.53      0.00      0.10      0.01      0.04     99.33
10時00分02秒     all      0.52      0.00      0.09      0.01      0.03     99.34
11時00分02秒     all      0.82      0.00      0.15      0.03      0.04     98.96
12時00分02秒     all      0.82      0.00      0.13      0.03      0.05     98.97
13時00分02秒     all      0.53      0.00      0.10      0.01      0.04     99.31
14時00分02秒     all      0.46      0.00      0.09      0.01      0.03     99.40
平均値:      all      0.56      0.00      0.10      0.01      0.04     99.29

-------------------- Logged in user --------------------
k200dba2 2018-02-27 10:16

==================== 2018-02-27 17:55:01 ====================

-------------------- uptime --------------------
 17:55:01 up 236 days,  6:44,  1 user,  load average: 0.12, 0.04, 0.05

-------------------- System info --------------------
Linux sakura-tokyo-prod 3.10.0-514.26.2.el7.x86_64 #1 SMP Tue Jul 4 15:04:05 UTC 2017 x86_64 x86_64 x86_64 GNU/Linux

-------------------- Storage usage --------------------
ファイルシス   サイズ  使用  残り 使用% マウント位置
/dev/vda4         96G  5.7G   90G    6% /
devtmpfs         2.0G     0  2.0G    0% /dev
tmpfs            2.0G     0  2.0G    0% /dev/shm
tmpfs            2.0G  834M  1.2G   43% /run
tmpfs            2.0G     0  2.0G    0% /sys/fs/cgroup
/dev/vda2        497M  215M  283M   44% /boot
tmpfs            396M     0  396M    0% /run/user/0
tmpfs            396M     0  396M    0% /run/user/1001

-------------------- System load --------------------
Linux 3.10.0-514.26.2.el7.x86_64 (sakura-tokyo-prod) 	2018年02月27日 	_x86_64_	(4 CPU)

00時00分02秒     CPU     %user     %nice   %system   %iowait    %steal     %idle
01時00分02秒     all      0.50      0.00      0.09      0.01      0.03     99.37
02時00分01秒     all      0.45      0.00      0.09      0.01      0.03     99.42
03時00分02秒     all      0.53      0.00      0.09      0.01      0.03     99.33
04時00分02秒     all      0.51      0.00      0.10      0.01      0.04     99.34
05時00分02秒     all      0.46      0.00      0.09      0.01      0.03     99.41
06時00分02秒     all      0.69      0.00      0.11      0.02      0.04     99.14
07時00分02秒     all      0.46      0.00      0.09      0.01      0.03     99.41
08時00分02秒     all      0.56      0.00      0.10      0.01      0.03     99.30
09時00分02秒     all      0.53      0.00      0.10      0.01      0.04     99.33
10時00分02秒     all      0.52      0.00      0.09      0.01      0.03     99.34
11時00分02秒     all      0.82      0.00      0.15      0.03      0.04     98.96
12時00分02秒     all      0.82      0.00      0.13      0.03      0.05     98.97
13時00分02秒     all      0.53      0.00      0.10      0.01      0.04     99.31
14時00分02秒     all      0.46      0.00      0.09      0.01      0.03     99.40
15時00分02秒     all      0.58      0.00      0.11      0.02      0.05     99.25
16時00分02秒     all      0.50      0.00      0.10      0.01      0.04     99.35
17時00分02秒     all      0.56      0.00      0.11      0.01      0.04     99.28
平均値:      all      0.56      0.00      0.10      0.01      0.04     99.29

-------------------- Logged in user --------------------
k41aa73b 2018-02-27 10:16

==================== 2018-02-27 20:55:02 ====================

-------------------- uptime --------------------
 20:55:02 up 236 days,  9:44,  0 users,  load average: 0.00, 0.02, 0.05

-------------------- System info --------------------
Linux sakura-tokyo-prod 3.10.0-514.26.2.el7.x86_64 #1 SMP Tue Jul 4 15:04:05 UTC 2017 x86_64 x86_64 x86_64 GNU/Linux

-------------------- Storage usage --------------------
ファイルシス   サイズ  使用  残り 使用% マウント位置
/dev/vda4         96G  5.7G   90G    6% /
devtmpfs         2.0G     0  2.0G    0% /dev
tmpfs            2.0G     0  2.0G    0% /dev/shm
tmpfs            2.0G  835M  1.2G   43% /run
tmpfs            2.0G     0  2.0G    0% /sys/fs/cgroup
/dev/vda2        497M  215M  283M   44% /boot
tmpfs            396M     0  396M    0% /run/user/0
tmpfs            396M     0  396M    0% /run/user/1001

-------------------- System load --------------------
Linux 3.10.0-514.26.2.el7.x86_64 (sakura-tokyo-prod) 	2018年02月27日 	_x86_64_	(4 CPU)

00時00分02秒     CPU     %user     %nice   %system   %iowait    %steal     %idle
01時00分02秒     all      0.50      0.00      0.09      0.01      0.03     99.37
02時00分01秒     all      0.45      0.00      0.09      0.01      0.03     99.42
03時00分02秒     all      0.53      0.00      0.09      0.01      0.03     99.33
04時00分02秒     all      0.51      0.00      0.10      0.01      0.04     99.34
05時00分02秒     all      0.46      0.00      0.09      0.01      0.03     99.41
06時00分02秒     all      0.69      0.00      0.11      0.02      0.04     99.14
07時00分02秒     all      0.46      0.00      0.09      0.01      0.03     99.41
08時00分02秒     all      0.56      0.00      0.10      0.01      0.03     99.30
09時00分02秒     all      0.53      0.00      0.10      0.01      0.04     99.33
10時00分02秒     all      0.52      0.00      0.09      0.01      0.03     99.34
11時00分02秒     all      0.82      0.00      0.15      0.03      0.04     98.96
12時00分02秒     all      0.82      0.00      0.13      0.03      0.05     98.97
13時00分02秒     all      0.53      0.00      0.10      0.01      0.04     99.31
14時00分02秒     all      0.46      0.00      0.09      0.01      0.03     99.40
15時00分02秒     all      0.58      0.00      0.11      0.02      0.05     99.25
16時00分02秒     all      0.50      0.00      0.10      0.01      0.04     99.35
17時00分02秒     all      0.56      0.00      0.11      0.01      0.04     99.28
18時00分02秒     all      0.62      0.00      0.11      0.02      0.04     99.20
19時00分02秒     all      0.52      0.00      0.10      0.01      0.03     99.34
20時00分02秒     all      0.85      0.00      0.16      0.04      0.04     98.91
平均値:      all      0.57      0.00      0.11      0.02      0.04     99.27

-------------------- Logged in user --------------------


