==================== 2018-02-28 02:55:01 ====================

-------------------- uptime --------------------
 02:55:01 up 236 days, 15:44,  1 user,  load average: 0.00, 0.01, 0.05

-------------------- System info --------------------
Linux sakura-tokyo-prod 3.10.0-514.26.2.el7.x86_64 #1 SMP Tue Jul 4 15:04:05 UTC 2017 x86_64 x86_64 x86_64 GNU/Linux

-------------------- Storage usage --------------------
ファイルシス   サイズ  使用  残り 使用% マウント位置
/dev/vda4         96G  5.7G   90G    6% /
devtmpfs         2.0G     0  2.0G    0% /dev
tmpfs            2.0G     0  2.0G    0% /dev/shm
tmpfs            2.0G  836M  1.2G   43% /run
tmpfs            2.0G     0  2.0G    0% /sys/fs/cgroup
/dev/vda2        497M  215M  283M   44% /boot
tmpfs            396M     0  396M    0% /run/user/0
tmpfs            396M     0  396M    0% /run/user/1001

-------------------- System load --------------------
Linux 3.10.0-514.26.2.el7.x86_64 (sakura-tokyo-prod) 	2018年02月28日 	_x86_64_	(4 CPU)

00時00分02秒     CPU     %user     %nice   %system   %iowait    %steal     %idle
01時00分02秒     all      0.62      0.00      0.11      0.02      0.04     99.22
02時00分02秒     all      0.48      0.00      0.08      0.01      0.05     99.37
平均値:      all      0.55      0.00      0.10      0.01      0.04     99.30

-------------------- Logged in user --------------------
k0aae08c 2018-02-27 23:13

==================== 2018-02-28 05:55:01 ====================

-------------------- uptime --------------------
 05:55:01 up 236 days, 18:44,  1 user,  load average: 0.04, 0.04, 0.05

-------------------- System info --------------------
Linux sakura-tokyo-prod 3.10.0-514.26.2.el7.x86_64 #1 SMP Tue Jul 4 15:04:05 UTC 2017 x86_64 x86_64 x86_64 GNU/Linux

-------------------- Storage usage --------------------
ファイルシス   サイズ  使用  残り 使用% マウント位置
/dev/vda4         96G  5.7G   90G    6% /
devtmpfs         2.0G     0  2.0G    0% /dev
tmpfs            2.0G     0  2.0G    0% /dev/shm
tmpfs            2.0G  837M  1.2G   43% /run
tmpfs            2.0G     0  2.0G    0% /sys/fs/cgroup
/dev/vda2        497M  215M  283M   44% /boot
tmpfs            396M     0  396M    0% /run/user/0
tmpfs            396M     0  396M    0% /run/user/1001

-------------------- System load --------------------
Linux 3.10.0-514.26.2.el7.x86_64 (sakura-tokyo-prod) 	2018年02月28日 	_x86_64_	(4 CPU)

00時00分02秒     CPU     %user     %nice   %system   %iowait    %steal     %idle
01時00分02秒     all      0.62      0.00      0.11      0.02      0.04     99.22
02時00分02秒     all      0.48      0.00      0.08      0.01      0.05     99.37
03時00分02秒     all      0.58      0.00      0.09      0.01      0.04     99.27
04時00分02秒     all      0.53      0.00      0.09      0.01      0.03     99.33
05時00分03秒     all      0.56      0.00      0.10      0.01      0.05     99.28
平均値:      all      0.55      0.00      0.10      0.01      0.04     99.30

-------------------- Logged in user --------------------
k2181d4c 2018-02-27 23:13

==================== 2018-02-28 08:55:01 ====================

-------------------- uptime --------------------
 08:55:01 up 236 days, 21:44,  1 user,  load average: 0.00, 0.01, 0.05

-------------------- System info --------------------
Linux sakura-tokyo-prod 3.10.0-514.26.2.el7.x86_64 #1 SMP Tue Jul 4 15:04:05 UTC 2017 x86_64 x86_64 x86_64 GNU/Linux

-------------------- Storage usage --------------------
ファイルシス   サイズ  使用  残り 使用% マウント位置
/dev/vda4         96G  5.7G   90G    6% /
devtmpfs         2.0G     0  2.0G    0% /dev
tmpfs            2.0G     0  2.0G    0% /dev/shm
tmpfs            2.0G  838M  1.2G   43% /run
tmpfs            2.0G     0  2.0G    0% /sys/fs/cgroup
/dev/vda2        497M  215M  283M   44% /boot
tmpfs            396M     0  396M    0% /run/user/0
tmpfs            396M     0  396M    0% /run/user/1001

-------------------- System load --------------------
Linux 3.10.0-514.26.2.el7.x86_64 (sakura-tokyo-prod) 	2018年02月28日 	_x86_64_	(4 CPU)

00時00分02秒     CPU     %user     %nice   %system   %iowait    %steal     %idle
01時00分02秒     all      0.62      0.00      0.11      0.02      0.04     99.22
02時00分02秒     all      0.48      0.00      0.08      0.01      0.05     99.37
03時00分02秒     all      0.58      0.00      0.09      0.01      0.04     99.27
04時00分02秒     all      0.53      0.00      0.09      0.01      0.03     99.33
05時00分03秒     all      0.56      0.00      0.10      0.01      0.05     99.28
06時00分02秒     all      0.46      0.00      0.08      0.01      0.04     99.41
07時00分02秒     all      0.68      0.00      0.11      0.02      0.06     99.14
08時00分02秒     all      0.76      0.00      0.12      0.02      0.07     99.03
平均値:      all      0.58      0.00      0.10      0.01      0.05     99.26

-------------------- Logged in user --------------------
k281aaed 2018-02-27 23:13

==================== 2018-02-28 11:55:01 ====================

-------------------- uptime --------------------
 11:55:01 up 237 days, 44 min,  2 users,  load average: 0.09, 0.05, 0.05

-------------------- System info --------------------
Linux sakura-tokyo-prod 3.10.0-514.26.2.el7.x86_64 #1 SMP Tue Jul 4 15:04:05 UTC 2017 x86_64 x86_64 x86_64 GNU/Linux

-------------------- Storage usage --------------------
ファイルシス   サイズ  使用  残り 使用% マウント位置
/dev/vda4         96G  5.7G   90G    6% /
devtmpfs         2.0G     0  2.0G    0% /dev
tmpfs            2.0G     0  2.0G    0% /dev/shm
tmpfs            2.0G  839M  1.2G   43% /run
tmpfs            2.0G     0  2.0G    0% /sys/fs/cgroup
/dev/vda2        497M  215M  283M   44% /boot
tmpfs            396M     0  396M    0% /run/user/0
tmpfs            396M     0  396M    0% /run/user/1001

-------------------- System load --------------------
Linux 3.10.0-514.26.2.el7.x86_64 (sakura-tokyo-prod) 	2018年02月28日 	_x86_64_	(4 CPU)

00時00分02秒     CPU     %user     %nice   %system   %iowait    %steal     %idle
01時00分02秒     all      0.62      0.00      0.11      0.02      0.04     99.22
02時00分02秒     all      0.48      0.00      0.08      0.01      0.05     99.37
03時00分02秒     all      0.58      0.00      0.09      0.01      0.04     99.27
04時00分02秒     all      0.53      0.00      0.09      0.01      0.03     99.33
05時00分03秒     all      0.56      0.00      0.10      0.01      0.05     99.28
06時00分02秒     all      0.46      0.00      0.08      0.01      0.04     99.41
07時00分02秒     all      0.68      0.00      0.11      0.02      0.06     99.14
08時00分02秒     all      0.76      0.00      0.12      0.02      0.07     99.03
09時00分02秒     all      0.65      0.00      0.10      0.01      0.07     99.17
10時00分03秒     all      0.70      0.00      0.11      0.02      0.07     99.11
11時00分02秒     all      0.64      0.00      0.13      0.04      0.05     99.14
平均値:      all      0.60      0.00      0.10      0.02      0.05     99.22

-------------------- Logged in user --------------------
k1a573d9 2018-02-27 23:13
kdc0536c 2018-02-28 10:24

==================== 2018-02-28 14:55:01 ====================

-------------------- uptime --------------------
 14:55:01 up 237 days,  3:44,  2 users,  load average: 0.00, 0.01, 0.05

-------------------- System info --------------------
Linux sakura-tokyo-prod 3.10.0-514.26.2.el7.x86_64 #1 SMP Tue Jul 4 15:04:05 UTC 2017 x86_64 x86_64 x86_64 GNU/Linux

-------------------- Storage usage --------------------
ファイルシス   サイズ  使用  残り 使用% マウント位置
/dev/vda4         96G  5.7G   90G    6% /
devtmpfs         2.0G     0  2.0G    0% /dev
tmpfs            2.0G     0  2.0G    0% /dev/shm
tmpfs            2.0G  848M  1.2G   43% /run
tmpfs            2.0G     0  2.0G    0% /sys/fs/cgroup
/dev/vda2        497M  215M  283M   44% /boot
tmpfs            396M     0  396M    0% /run/user/0
tmpfs            396M     0  396M    0% /run/user/1001

-------------------- System load --------------------
Linux 3.10.0-514.26.2.el7.x86_64 (sakura-tokyo-prod) 	2018年02月28日 	_x86_64_	(4 CPU)

00時00分02秒     CPU     %user     %nice   %system   %iowait    %steal     %idle
01時00分02秒     all      0.62      0.00      0.11      0.02      0.04     99.22
02時00分02秒     all      0.48      0.00      0.08      0.01      0.05     99.37
03時00分02秒     all      0.58      0.00      0.09      0.01      0.04     99.27
04時00分02秒     all      0.53      0.00      0.09      0.01      0.03     99.33
05時00分03秒     all      0.56      0.00      0.10      0.01      0.05     99.28
06時00分02秒     all      0.46      0.00      0.08      0.01      0.04     99.41
07時00分02秒     all      0.68      0.00      0.11      0.02      0.06     99.14
08時00分02秒     all      0.76      0.00      0.12      0.02      0.07     99.03
09時00分02秒     all      0.65      0.00      0.10      0.01      0.07     99.17
10時00分03秒     all      0.70      0.00      0.11      0.02      0.07     99.11
11時00分02秒     all      0.64      0.00      0.13      0.04      0.05     99.14
12時00分02秒     all      0.97      0.00      0.15      0.03      0.06     98.79
13時00分02秒     all      0.53      0.00      0.10      0.01      0.05     99.31
14時00分02秒     all      0.56      0.00      0.10      0.01      0.05     99.28
平均値:      all      0.62      0.00      0.10      0.02      0.05     99.20

-------------------- Logged in user --------------------
k9202fec 2018-02-27 23:13
kb15603f 2018-02-28 10:24

==================== 2018-02-28 17:55:02 ====================

-------------------- uptime --------------------
 17:55:02 up 237 days,  6:44,  2 users,  load average: 0.00, 0.01, 0.05

-------------------- System info --------------------
Linux sakura-tokyo-prod 3.10.0-514.26.2.el7.x86_64 #1 SMP Tue Jul 4 15:04:05 UTC 2017 x86_64 x86_64 x86_64 GNU/Linux

-------------------- Storage usage --------------------
ファイルシス   サイズ  使用  残り 使用% マウント位置
/dev/vda4         96G  5.7G   90G    6% /
devtmpfs         2.0G     0  2.0G    0% /dev
tmpfs            2.0G     0  2.0G    0% /dev/shm
tmpfs            2.0G  849M  1.2G   43% /run
tmpfs            2.0G     0  2.0G    0% /sys/fs/cgroup
/dev/vda2        497M  215M  283M   44% /boot
tmpfs            396M     0  396M    0% /run/user/0
tmpfs            396M     0  396M    0% /run/user/1001

-------------------- System load --------------------
Linux 3.10.0-514.26.2.el7.x86_64 (sakura-tokyo-prod) 	2018年02月28日 	_x86_64_	(4 CPU)

00時00分02秒     CPU     %user     %nice   %system   %iowait    %steal     %idle
01時00分02秒     all      0.62      0.00      0.11      0.02      0.04     99.22
02時00分02秒     all      0.48      0.00      0.08      0.01      0.05     99.37
03時00分02秒     all      0.58      0.00      0.09      0.01      0.04     99.27
04時00分02秒     all      0.53      0.00      0.09      0.01      0.03     99.33
05時00分03秒     all      0.56      0.00      0.10      0.01      0.05     99.28
06時00分02秒     all      0.46      0.00      0.08      0.01      0.04     99.41
07時00分02秒     all      0.68      0.00      0.11      0.02      0.06     99.14
08時00分02秒     all      0.76      0.00      0.12      0.02      0.07     99.03
09時00分02秒     all      0.65      0.00      0.10      0.01      0.07     99.17
10時00分03秒     all      0.70      0.00      0.11      0.02      0.07     99.11
11時00分02秒     all      0.64      0.00      0.13      0.04      0.05     99.14
12時00分02秒     all      0.97      0.00      0.15      0.03      0.06     98.79
13時00分02秒     all      0.53      0.00      0.10      0.01      0.05     99.31
14時00分02秒     all      0.56      0.00      0.10      0.01      0.05     99.28
15時00分02秒     all      0.61      0.00      0.10      0.01      0.05     99.23
16時00分02秒     all      0.45      0.00      0.09      0.01      0.05     99.40
17時00分02秒     all      0.62      0.00      0.10      0.01      0.04     99.23
平均値:      all      0.61      0.00      0.10      0.02      0.05     99.22

-------------------- Logged in user --------------------
kd2f9e97 2018-02-27 23:13
k79bbd23 2018-02-28 10:24

==================== 2018-02-28 20:55:01 ====================

-------------------- uptime --------------------
 20:55:01 up 237 days,  9:44,  2 users,  load average: 0.00, 0.01, 0.05

-------------------- System info --------------------
Linux sakura-tokyo-prod 3.10.0-514.26.2.el7.x86_64 #1 SMP Tue Jul 4 15:04:05 UTC 2017 x86_64 x86_64 x86_64 GNU/Linux

-------------------- Storage usage --------------------
ファイルシス   サイズ  使用  残り 使用% マウント位置
/dev/vda4         96G  5.7G   90G    6% /
devtmpfs         2.0G     0  2.0G    0% /dev
tmpfs            2.0G     0  2.0G    0% /dev/shm
tmpfs            2.0G  850M  1.2G   43% /run
tmpfs            2.0G     0  2.0G    0% /sys/fs/cgroup
/dev/vda2        497M  215M  283M   44% /boot
tmpfs            396M     0  396M    0% /run/user/0
tmpfs            396M     0  396M    0% /run/user/1001

-------------------- System load --------------------
Linux 3.10.0-514.26.2.el7.x86_64 (sakura-tokyo-prod) 	2018年02月28日 	_x86_64_	(4 CPU)

00時00分02秒     CPU     %user     %nice   %system   %iowait    %steal     %idle
01時00分02秒     all      0.62      0.00      0.11      0.02      0.04     99.22
02時00分02秒     all      0.48      0.00      0.08      0.01      0.05     99.37
03時00分02秒     all      0.58      0.00      0.09      0.01      0.04     99.27
04時00分02秒     all      0.53      0.00      0.09      0.01      0.03     99.33
05時00分03秒     all      0.56      0.00      0.10      0.01      0.05     99.28
06時00分02秒     all      0.46      0.00      0.08      0.01      0.04     99.41
07時00分02秒     all      0.68      0.00      0.11      0.02      0.06     99.14
08時00分02秒     all      0.76      0.00      0.12      0.02      0.07     99.03
09時00分02秒     all      0.65      0.00      0.10      0.01      0.07     99.17
10時00分03秒     all      0.70      0.00      0.11      0.02      0.07     99.11
11時00分02秒     all      0.64      0.00      0.13      0.04      0.05     99.14
12時00分02秒     all      0.97      0.00      0.15      0.03      0.06     98.79
13時00分02秒     all      0.53      0.00      0.10      0.01      0.05     99.31
14時00分02秒     all      0.56      0.00      0.10      0.01      0.05     99.28
15時00分02秒     all      0.61      0.00      0.10      0.01      0.05     99.23
16時00分02秒     all      0.45      0.00      0.09      0.01      0.05     99.40
17時00分02秒     all      0.62      0.00      0.10      0.01      0.04     99.23
18時00分02秒     all      0.70      0.00      0.11      0.02      0.05     99.12
19時00分02秒     all      0.65      0.00      0.12      0.02      0.04     99.17
20時00分02秒     all      0.60      0.00      0.10      0.01      0.04     99.25
平均値:      all      0.62      0.00      0.10      0.02      0.05     99.21

-------------------- Logged in user --------------------
kb07eb2b 2018-02-27 23:13
k7c308cb 2018-02-28 10:24

==================== 2018-02-28 23:55:01 ====================

-------------------- uptime --------------------
 23:55:01 up 237 days, 12:44,  1 user,  load average: 0.01, 0.02, 0.05

-------------------- System info --------------------
Linux sakura-tokyo-prod 3.10.0-514.26.2.el7.x86_64 #1 SMP Tue Jul 4 15:04:05 UTC 2017 x86_64 x86_64 x86_64 GNU/Linux

-------------------- Storage usage --------------------
ファイルシス   サイズ  使用  残り 使用% マウント位置
/dev/vda4         96G  5.7G   90G    6% /
devtmpfs         2.0G     0  2.0G    0% /dev
tmpfs            2.0G     0  2.0G    0% /dev/shm
tmpfs            2.0G  827M  1.2G   42% /run
tmpfs            2.0G     0  2.0G    0% /sys/fs/cgroup
/dev/vda2        497M  215M  283M   44% /boot
tmpfs            396M     0  396M    0% /run/user/0
tmpfs            396M     0  396M    0% /run/user/1001

-------------------- System load --------------------
Linux 3.10.0-514.26.2.el7.x86_64 (sakura-tokyo-prod) 	2018年02月28日 	_x86_64_	(4 CPU)

00時00分02秒     CPU     %user     %nice   %system   %iowait    %steal     %idle
01時00分02秒     all      0.62      0.00      0.11      0.02      0.04     99.22
02時00分02秒     all      0.48      0.00      0.08      0.01      0.05     99.37
03時00分02秒     all      0.58      0.00      0.09      0.01      0.04     99.27
04時00分02秒     all      0.53      0.00      0.09      0.01      0.03     99.33
05時00分03秒     all      0.56      0.00      0.10      0.01      0.05     99.28
06時00分02秒     all      0.46      0.00      0.08      0.01      0.04     99.41
07時00分02秒     all      0.68      0.00      0.11      0.02      0.06     99.14
08時00分02秒     all      0.76      0.00      0.12      0.02      0.07     99.03
09時00分02秒     all      0.65      0.00      0.10      0.01      0.07     99.17
10時00分03秒     all      0.70      0.00      0.11      0.02      0.07     99.11
11時00分02秒     all      0.64      0.00      0.13      0.04      0.05     99.14
12時00分02秒     all      0.97      0.00      0.15      0.03      0.06     98.79
13時00分02秒     all      0.53      0.00      0.10      0.01      0.05     99.31
14時00分02秒     all      0.56      0.00      0.10      0.01      0.05     99.28
15時00分02秒     all      0.61      0.00      0.10      0.01      0.05     99.23
16時00分02秒     all      0.45      0.00      0.09      0.01      0.05     99.40
17時00分02秒     all      0.62      0.00      0.10      0.01      0.04     99.23
18時00分02秒     all      0.70      0.00      0.11      0.02      0.05     99.12
19時00分02秒     all      0.65      0.00      0.12      0.02      0.04     99.17
20時00分02秒     all      0.60      0.00      0.10      0.01      0.04     99.25
21時00分02秒     all      0.65      0.00      0.11      0.03      0.05     99.17
22時00分02秒     all      0.71      0.00      0.12      0.02      0.05     99.11
23時00分02秒     all      0.91      0.00      0.14      0.03      0.05     98.87
平均値:      all      0.64      0.00      0.11      0.02      0.05     99.19

-------------------- Logged in user --------------------
k021472d 2018-02-27 23:13

