==================== 2018-10-08 02:55:01 ====================

-------------------- uptime --------------------
 02:55:01 up 458 days, 15:44,  1 user,  load average: 0.00, 0.01, 0.05

-------------------- System info --------------------
Linux sakura-tokyo-prod 3.10.0-514.26.2.el7.x86_64 #1 SMP Tue Jul 4 15:04:05 UTC 2017 x86_64 x86_64 x86_64 GNU/Linux

-------------------- Storage usage --------------------
ファイルシス   サイズ  使用  残り 使用% マウント位置
/dev/vda4         96G  7.2G   89G    8% /
devtmpfs         2.0G     0  2.0G    0% /dev
tmpfs            2.0G     0  2.0G    0% /dev/shm
tmpfs            2.0G  1.3G  726M   64% /run
tmpfs            2.0G     0  2.0G    0% /sys/fs/cgroup
/dev/vda2        497M  219M  279M   44% /boot
tmpfs            396M     0  396M    0% /run/user/0
tmpfs            396M     0  396M    0% /run/user/1001

-------------------- System load --------------------
Linux 3.10.0-514.26.2.el7.x86_64 (sakura-tokyo-prod) 	2018年10月08日 	_x86_64_	(4 CPU)

00時00分03秒     CPU     %user     %nice   %system   %iowait    %steal     %idle
01時00分02秒     all      0.11      0.01      0.06      0.00      0.03     99.80
02時00分03秒     all      0.10      0.01      0.06      0.00      0.03     99.81
平均値:      all      0.10      0.01      0.06      0.00      0.03     99.80

-------------------- Logged in user --------------------
ka5098f4 2018-10-08 00:05

==================== 2018-10-08 05:55:02 ====================

-------------------- uptime --------------------
 05:55:02 up 458 days, 18:44,  1 user,  load average: 0.00, 0.01, 0.05

-------------------- System info --------------------
Linux sakura-tokyo-prod 3.10.0-514.26.2.el7.x86_64 #1 SMP Tue Jul 4 15:04:05 UTC 2017 x86_64 x86_64 x86_64 GNU/Linux

-------------------- Storage usage --------------------
ファイルシス   サイズ  使用  残り 使用% マウント位置
/dev/vda4         96G  7.2G   89G    8% /
devtmpfs         2.0G     0  2.0G    0% /dev
tmpfs            2.0G     0  2.0G    0% /dev/shm
tmpfs            2.0G  1.3G  726M   64% /run
tmpfs            2.0G     0  2.0G    0% /sys/fs/cgroup
/dev/vda2        497M  219M  279M   44% /boot
tmpfs            396M     0  396M    0% /run/user/0
tmpfs            396M     0  396M    0% /run/user/1001

-------------------- System load --------------------
Linux 3.10.0-514.26.2.el7.x86_64 (sakura-tokyo-prod) 	2018年10月08日 	_x86_64_	(4 CPU)

00時00分03秒     CPU     %user     %nice   %system   %iowait    %steal     %idle
01時00分02秒     all      0.11      0.01      0.06      0.00      0.03     99.80
02時00分03秒     all      0.10      0.01      0.06      0.00      0.03     99.81
03時00分02秒     all      0.09      0.01      0.06      0.00      0.02     99.82
04時00分02秒     all      0.10      0.01      0.07      0.00      0.03     99.80
05時00分02秒     all      0.09      0.01      0.06      0.00      0.02     99.82
平均値:      all      0.10      0.01      0.06      0.00      0.03     99.81

-------------------- Logged in user --------------------
k1e259f7 2018-10-08 00:05

==================== 2018-10-08 08:55:01 ====================

-------------------- uptime --------------------
 08:55:01 up 458 days, 21:44,  1 user,  load average: 0.01, 0.04, 0.05

-------------------- System info --------------------
Linux sakura-tokyo-prod 3.10.0-514.26.2.el7.x86_64 #1 SMP Tue Jul 4 15:04:05 UTC 2017 x86_64 x86_64 x86_64 GNU/Linux

-------------------- Storage usage --------------------
ファイルシス   サイズ  使用  残り 使用% マウント位置
/dev/vda4         96G  7.2G   89G    8% /
devtmpfs         2.0G     0  2.0G    0% /dev
tmpfs            2.0G     0  2.0G    0% /dev/shm
tmpfs            2.0G  1.3G  725M   64% /run
tmpfs            2.0G     0  2.0G    0% /sys/fs/cgroup
/dev/vda2        497M  219M  279M   44% /boot
tmpfs            396M     0  396M    0% /run/user/0
tmpfs            396M     0  396M    0% /run/user/1001

-------------------- System load --------------------
Linux 3.10.0-514.26.2.el7.x86_64 (sakura-tokyo-prod) 	2018年10月08日 	_x86_64_	(4 CPU)

00時00分03秒     CPU     %user     %nice   %system   %iowait    %steal     %idle
01時00分02秒     all      0.11      0.01      0.06      0.00      0.03     99.80
02時00分03秒     all      0.10      0.01      0.06      0.00      0.03     99.81
03時00分02秒     all      0.09      0.01      0.06      0.00      0.02     99.82
04時00分02秒     all      0.10      0.01      0.07      0.00      0.03     99.80
05時00分02秒     all      0.09      0.01      0.06      0.00      0.02     99.82
06時00分02秒     all      0.09      0.01      0.06      0.00      0.03     99.82
07時00分02秒     all      0.11      0.01      0.05      0.00      0.03     99.80
08時00分02秒     all      0.09      0.01      0.05      0.00      0.03     99.82
平均値:      all      0.10      0.01      0.06      0.00      0.03     99.81

-------------------- Logged in user --------------------
k3f96f5a 2018-10-08 00:05

==================== 2018-10-08 11:55:01 ====================

-------------------- uptime --------------------
 11:55:01 up 459 days, 44 min,  1 user,  load average: 0.00, 0.01, 0.05

-------------------- System info --------------------
Linux sakura-tokyo-prod 3.10.0-514.26.2.el7.x86_64 #1 SMP Tue Jul 4 15:04:05 UTC 2017 x86_64 x86_64 x86_64 GNU/Linux

-------------------- Storage usage --------------------
ファイルシス   サイズ  使用  残り 使用% マウント位置
/dev/vda4         96G  7.2G   89G    8% /
devtmpfs         2.0G     0  2.0G    0% /dev
tmpfs            2.0G     0  2.0G    0% /dev/shm
tmpfs            2.0G  1.3G  725M   64% /run
tmpfs            2.0G     0  2.0G    0% /sys/fs/cgroup
/dev/vda2        497M  219M  279M   44% /boot
tmpfs            396M     0  396M    0% /run/user/0
tmpfs            396M     0  396M    0% /run/user/1001

-------------------- System load --------------------
Linux 3.10.0-514.26.2.el7.x86_64 (sakura-tokyo-prod) 	2018年10月08日 	_x86_64_	(4 CPU)

00時00分03秒     CPU     %user     %nice   %system   %iowait    %steal     %idle
01時00分02秒     all      0.11      0.01      0.06      0.00      0.03     99.80
02時00分03秒     all      0.10      0.01      0.06      0.00      0.03     99.81
03時00分02秒     all      0.09      0.01      0.06      0.00      0.02     99.82
04時00分02秒     all      0.10      0.01      0.07      0.00      0.03     99.80
05時00分02秒     all      0.09      0.01      0.06      0.00      0.02     99.82
06時00分02秒     all      0.09      0.01      0.06      0.00      0.03     99.82
07時00分02秒     all      0.11      0.01      0.05      0.00      0.03     99.80
08時00分02秒     all      0.09      0.01      0.05      0.00      0.03     99.82
09時00分02秒     all      0.10      0.01      0.05      0.00      0.04     99.81
10時00分03秒     all      0.11      0.01      0.06      0.00      0.04     99.78
11時00分03秒     all      0.11      0.01      0.06      0.00      0.04     99.79
平均値:      all      0.10      0.01      0.06      0.00      0.03     99.81

-------------------- Logged in user --------------------
k11bde46 2018-10-08 00:05

==================== 2018-10-08 14:55:01 ====================

-------------------- uptime --------------------
 14:55:01 up 459 days,  3:44,  0 users,  load average: 0.00, 0.01, 0.05

-------------------- System info --------------------
Linux sakura-tokyo-prod 3.10.0-514.26.2.el7.x86_64 #1 SMP Tue Jul 4 15:04:05 UTC 2017 x86_64 x86_64 x86_64 GNU/Linux

-------------------- Storage usage --------------------
ファイルシス   サイズ  使用  残り 使用% マウント位置
/dev/vda4         96G  7.2G   89G    8% /
devtmpfs         2.0G     0  2.0G    0% /dev
tmpfs            2.0G     0  2.0G    0% /dev/shm
tmpfs            2.0G  1.3G  725M   64% /run
tmpfs            2.0G     0  2.0G    0% /sys/fs/cgroup
/dev/vda2        497M  219M  279M   44% /boot
tmpfs            396M     0  396M    0% /run/user/0
tmpfs            396M     0  396M    0% /run/user/1001

-------------------- System load --------------------
Linux 3.10.0-514.26.2.el7.x86_64 (sakura-tokyo-prod) 	2018年10月08日 	_x86_64_	(4 CPU)

00時00分03秒     CPU     %user     %nice   %system   %iowait    %steal     %idle
01時00分02秒     all      0.11      0.01      0.06      0.00      0.03     99.80
02時00分03秒     all      0.10      0.01      0.06      0.00      0.03     99.81
03時00分02秒     all      0.09      0.01      0.06      0.00      0.02     99.82
04時00分02秒     all      0.10      0.01      0.07      0.00      0.03     99.80
05時00分02秒     all      0.09      0.01      0.06      0.00      0.02     99.82
06時00分02秒     all      0.09      0.01      0.06      0.00      0.03     99.82
07時00分02秒     all      0.11      0.01      0.05      0.00      0.03     99.80
08時00分02秒     all      0.09      0.01      0.05      0.00      0.03     99.82
09時00分02秒     all      0.10      0.01      0.05      0.00      0.04     99.81
10時00分03秒     all      0.11      0.01      0.06      0.00      0.04     99.78
11時00分03秒     all      0.11      0.01      0.06      0.00      0.04     99.79
12時00分02秒     all      0.10      0.01      0.06      0.00      0.04     99.78
13時00分02秒     all      0.13      0.01      0.07      0.00      0.04     99.75
14時00分02秒     all      0.10      0.01      0.06      0.00      0.04     99.80
平均値:      all      0.10      0.01      0.06      0.00      0.03     99.80

-------------------- Logged in user --------------------


==================== 2018-10-08 17:55:01 ====================

-------------------- uptime --------------------
 17:55:01 up 459 days,  6:44,  0 users,  load average: 0.00, 0.01, 0.05

-------------------- System info --------------------
Linux sakura-tokyo-prod 3.10.0-514.26.2.el7.x86_64 #1 SMP Tue Jul 4 15:04:05 UTC 2017 x86_64 x86_64 x86_64 GNU/Linux

-------------------- Storage usage --------------------
ファイルシス   サイズ  使用  残り 使用% マウント位置
/dev/vda4         96G  7.2G   89G    8% /
devtmpfs         2.0G     0  2.0G    0% /dev
tmpfs            2.0G     0  2.0G    0% /dev/shm
tmpfs            2.0G  1.3G  725M   64% /run
tmpfs            2.0G     0  2.0G    0% /sys/fs/cgroup
/dev/vda2        497M  219M  279M   44% /boot
tmpfs            396M     0  396M    0% /run/user/0
tmpfs            396M     0  396M    0% /run/user/1001

-------------------- System load --------------------
Linux 3.10.0-514.26.2.el7.x86_64 (sakura-tokyo-prod) 	2018年10月08日 	_x86_64_	(4 CPU)

00時00分03秒     CPU     %user     %nice   %system   %iowait    %steal     %idle
01時00分02秒     all      0.11      0.01      0.06      0.00      0.03     99.80
02時00分03秒     all      0.10      0.01      0.06      0.00      0.03     99.81
03時00分02秒     all      0.09      0.01      0.06      0.00      0.02     99.82
04時00分02秒     all      0.10      0.01      0.07      0.00      0.03     99.80
05時00分02秒     all      0.09      0.01      0.06      0.00      0.02     99.82
06時00分02秒     all      0.09      0.01      0.06      0.00      0.03     99.82
07時00分02秒     all      0.11      0.01      0.05      0.00      0.03     99.80
08時00分02秒     all      0.09      0.01      0.05      0.00      0.03     99.82
09時00分02秒     all      0.10      0.01      0.05      0.00      0.04     99.81
10時00分03秒     all      0.11      0.01      0.06      0.00      0.04     99.78
11時00分03秒     all      0.11      0.01      0.06      0.00      0.04     99.79
12時00分02秒     all      0.10      0.01      0.06      0.00      0.04     99.78
13時00分02秒     all      0.13      0.01      0.07      0.00      0.04     99.75
14時00分02秒     all      0.10      0.01      0.06      0.00      0.04     99.80
15時00分03秒     all      0.10      0.01      0.05      0.00      0.03     99.82
16時00分02秒     all      0.10      0.01      0.05      0.00      0.03     99.81
17時00分02秒     all      0.10      0.01      0.05      0.00      0.04     99.81
平均値:      all      0.10      0.01      0.06      0.00      0.03     99.80

-------------------- Logged in user --------------------


