==================== 2018-10-10 02:55:01 ====================

-------------------- uptime --------------------
 02:55:01 up 460 days, 15:44,  0 users,  load average: 0.00, 0.04, 0.05

-------------------- System info --------------------
Linux sakura-tokyo-prod 3.10.0-514.26.2.el7.x86_64 #1 SMP Tue Jul 4 15:04:05 UTC 2017 x86_64 x86_64 x86_64 GNU/Linux

-------------------- Storage usage --------------------
ファイルシス   サイズ  使用  残り 使用% マウント位置
/dev/vda4         96G  7.2G   89G    8% /
devtmpfs         2.0G     0  2.0G    0% /dev
tmpfs            2.0G     0  2.0G    0% /dev/shm
tmpfs            2.0G  1.3G  716M   64% /run
tmpfs            2.0G     0  2.0G    0% /sys/fs/cgroup
/dev/vda2        497M  219M  279M   44% /boot
tmpfs            396M     0  396M    0% /run/user/0
tmpfs            396M     0  396M    0% /run/user/1001

-------------------- System load --------------------
Linux 3.10.0-514.26.2.el7.x86_64 (sakura-tokyo-prod) 	2018年10月10日 	_x86_64_	(4 CPU)

00時00分03秒     CPU     %user     %nice   %system   %iowait    %steal     %idle
01時00分02秒     all      0.11      0.01      0.06      0.00      0.04     99.78
02時00分02秒     all      0.09      0.01      0.05      0.00      0.03     99.82
平均値:      all      0.10      0.01      0.05      0.00      0.04     99.80

-------------------- Logged in user --------------------


==================== 2018-10-10 05:55:02 ====================

-------------------- uptime --------------------
 05:55:02 up 460 days, 18:44,  0 users,  load average: 0.00, 0.01, 0.05

-------------------- System info --------------------
Linux sakura-tokyo-prod 3.10.0-514.26.2.el7.x86_64 #1 SMP Tue Jul 4 15:04:05 UTC 2017 x86_64 x86_64 x86_64 GNU/Linux

-------------------- Storage usage --------------------
ファイルシス   サイズ  使用  残り 使用% マウント位置
/dev/vda4         96G  7.2G   89G    8% /
devtmpfs         2.0G     0  2.0G    0% /dev
tmpfs            2.0G     0  2.0G    0% /dev/shm
tmpfs            2.0G  1.3G  716M   64% /run
tmpfs            2.0G     0  2.0G    0% /sys/fs/cgroup
/dev/vda2        497M  219M  279M   44% /boot
tmpfs            396M     0  396M    0% /run/user/0
tmpfs            396M     0  396M    0% /run/user/1001

-------------------- System load --------------------
Linux 3.10.0-514.26.2.el7.x86_64 (sakura-tokyo-prod) 	2018年10月10日 	_x86_64_	(4 CPU)

00時00分03秒     CPU     %user     %nice   %system   %iowait    %steal     %idle
01時00分02秒     all      0.11      0.01      0.06      0.00      0.04     99.78
02時00分02秒     all      0.09      0.01      0.05      0.00      0.03     99.82
03時00分02秒     all      1.11      0.06      0.17      0.00      0.06     98.59
04時00分03秒     all      1.72      0.09      0.25      0.00      0.12     97.81
05時00分02秒     all      0.13      0.01      0.06      0.00      0.04     99.76
平均値:      all      0.63      0.03      0.12      0.00      0.06     99.15

-------------------- Logged in user --------------------


==================== 2018-10-10 08:55:01 ====================

-------------------- uptime --------------------
 08:55:01 up 460 days, 21:44,  0 users,  load average: 0.02, 0.02, 0.05

-------------------- System info --------------------
Linux sakura-tokyo-prod 3.10.0-514.26.2.el7.x86_64 #1 SMP Tue Jul 4 15:04:05 UTC 2017 x86_64 x86_64 x86_64 GNU/Linux

-------------------- Storage usage --------------------
ファイルシス   サイズ  使用  残り 使用% マウント位置
/dev/vda4         96G  7.2G   89G    8% /
devtmpfs         2.0G     0  2.0G    0% /dev
tmpfs            2.0G     0  2.0G    0% /dev/shm
tmpfs            2.0G  1.3G  716M   64% /run
tmpfs            2.0G     0  2.0G    0% /sys/fs/cgroup
/dev/vda2        497M  219M  279M   44% /boot
tmpfs            396M     0  396M    0% /run/user/0
tmpfs            396M     0  396M    0% /run/user/1001

-------------------- System load --------------------
Linux 3.10.0-514.26.2.el7.x86_64 (sakura-tokyo-prod) 	2018年10月10日 	_x86_64_	(4 CPU)

00時00分03秒     CPU     %user     %nice   %system   %iowait    %steal     %idle
01時00分02秒     all      0.11      0.01      0.06      0.00      0.04     99.78
02時00分02秒     all      0.09      0.01      0.05      0.00      0.03     99.82
03時00分02秒     all      1.11      0.06      0.17      0.00      0.06     98.59
04時00分03秒     all      1.72      0.09      0.25      0.00      0.12     97.81
05時00分02秒     all      0.13      0.01      0.06      0.00      0.04     99.76
06時00分02秒     all      0.10      0.01      0.05      0.00      0.03     99.81
07時00分02秒     all      0.10      0.01      0.06      0.00      0.03     99.80
08時00分02秒     all      0.09      0.01      0.05      0.00      0.04     99.82
平均値:      all      0.43      0.02      0.09      0.00      0.05     99.40

-------------------- Logged in user --------------------


