==================== 2018-10-22 02:55:02 ====================

-------------------- uptime --------------------
 02:55:02 up 472 days, 15:44,  0 users,  load average: 0.00, 0.01, 0.05

-------------------- System info --------------------
Linux sakura-tokyo-prod 3.10.0-514.26.2.el7.x86_64 #1 SMP Tue Jul 4 15:04:05 UTC 2017 x86_64 x86_64 x86_64 GNU/Linux

-------------------- Storage usage --------------------
ファイルシス   サイズ  使用  残り 使用% マウント位置
/dev/vda4         96G  7.2G   89G    8% /
devtmpfs         2.0G     0  2.0G    0% /dev
tmpfs            2.0G     0  2.0G    0% /dev/shm
tmpfs            2.0G  1.3G  714M   64% /run
tmpfs            2.0G     0  2.0G    0% /sys/fs/cgroup
/dev/vda2        497M  219M  279M   44% /boot
tmpfs            396M     0  396M    0% /run/user/0
tmpfs            396M     0  396M    0% /run/user/1001

-------------------- System load --------------------
Linux 3.10.0-514.26.2.el7.x86_64 (sakura-tokyo-prod) 	2018年10月22日 	_x86_64_	(4 CPU)

00時00分02秒     CPU     %user     %nice   %system   %iowait    %steal     %idle
01時00分02秒     all      0.10      0.01      0.06      0.00      0.02     99.81
02時00分03秒     all      0.09      0.01      0.04      0.00      0.03     99.83
平均値:      all      0.10      0.01      0.05      0.00      0.02     99.82

-------------------- Logged in user --------------------


==================== 2018-10-22 05:55:02 ====================

-------------------- uptime --------------------
 05:55:02 up 472 days, 18:44,  0 users,  load average: 0.04, 0.03, 0.05

-------------------- System info --------------------
Linux sakura-tokyo-prod 3.10.0-514.26.2.el7.x86_64 #1 SMP Tue Jul 4 15:04:05 UTC 2017 x86_64 x86_64 x86_64 GNU/Linux

-------------------- Storage usage --------------------
ファイルシス   サイズ  使用  残り 使用% マウント位置
/dev/vda4         96G  7.2G   89G    8% /
devtmpfs         2.0G     0  2.0G    0% /dev
tmpfs            2.0G     0  2.0G    0% /dev/shm
tmpfs            2.0G  1.3G  714M   64% /run
tmpfs            2.0G     0  2.0G    0% /sys/fs/cgroup
/dev/vda2        497M  219M  279M   44% /boot
tmpfs            396M     0  396M    0% /run/user/0
tmpfs            396M     0  396M    0% /run/user/1001

-------------------- System load --------------------
Linux 3.10.0-514.26.2.el7.x86_64 (sakura-tokyo-prod) 	2018年10月22日 	_x86_64_	(4 CPU)

00時00分02秒     CPU     %user     %nice   %system   %iowait    %steal     %idle
01時00分02秒     all      0.10      0.01      0.06      0.00      0.02     99.81
02時00分03秒     all      0.09      0.01      0.04      0.00      0.03     99.83
03時00分02秒     all      0.09      0.01      0.05      0.00      0.03     99.83
04時00分02秒     all      0.09      0.01      0.05      0.00      0.03     99.83
05時00分02秒     all      0.21      0.01      0.07      0.00      0.02     99.69
平均値:      all      0.12      0.01      0.05      0.00      0.03     99.80

-------------------- Logged in user --------------------


==================== 2018-10-22 08:55:01 ====================

-------------------- uptime --------------------
 08:55:01 up 472 days, 21:44,  0 users,  load average: 0.01, 0.05, 0.05

-------------------- System info --------------------
Linux sakura-tokyo-prod 3.10.0-514.26.2.el7.x86_64 #1 SMP Tue Jul 4 15:04:05 UTC 2017 x86_64 x86_64 x86_64 GNU/Linux

-------------------- Storage usage --------------------
ファイルシス   サイズ  使用  残り 使用% マウント位置
/dev/vda4         96G  7.2G   89G    8% /
devtmpfs         2.0G     0  2.0G    0% /dev
tmpfs            2.0G     0  2.0G    0% /dev/shm
tmpfs            2.0G  1.3G  714M   64% /run
tmpfs            2.0G     0  2.0G    0% /sys/fs/cgroup
/dev/vda2        497M  219M  279M   44% /boot
tmpfs            396M     0  396M    0% /run/user/0
tmpfs            396M     0  396M    0% /run/user/1001

-------------------- System load --------------------
Linux 3.10.0-514.26.2.el7.x86_64 (sakura-tokyo-prod) 	2018年10月22日 	_x86_64_	(4 CPU)

00時00分02秒     CPU     %user     %nice   %system   %iowait    %steal     %idle
01時00分02秒     all      0.10      0.01      0.06      0.00      0.02     99.81
02時00分03秒     all      0.09      0.01      0.04      0.00      0.03     99.83
03時00分02秒     all      0.09      0.01      0.05      0.00      0.03     99.83
04時00分02秒     all      0.09      0.01      0.05      0.00      0.03     99.83
05時00分02秒     all      0.21      0.01      0.07      0.00      0.02     99.69
06時00分02秒     all      0.70      0.04      0.14      0.00      0.04     99.08
07時00分03秒     all      0.87      0.05      0.15      0.00      0.04     98.89
08時00分02秒     all      0.87      0.05      0.15      0.00      0.05     98.88
平均値:      all      0.38      0.02      0.09      0.00      0.03     99.48

-------------------- Logged in user --------------------


==================== 2018-10-22 11:55:01 ====================

-------------------- uptime --------------------
 11:55:01 up 473 days, 44 min,  0 users,  load average: 0.00, 0.01, 0.05

-------------------- System info --------------------
Linux sakura-tokyo-prod 3.10.0-514.26.2.el7.x86_64 #1 SMP Tue Jul 4 15:04:05 UTC 2017 x86_64 x86_64 x86_64 GNU/Linux

-------------------- Storage usage --------------------
ファイルシス   サイズ  使用  残り 使用% マウント位置
/dev/vda4         96G  7.2G   89G    8% /
devtmpfs         2.0G     0  2.0G    0% /dev
tmpfs            2.0G     0  2.0G    0% /dev/shm
tmpfs            2.0G  1.3G  713M   64% /run
tmpfs            2.0G     0  2.0G    0% /sys/fs/cgroup
/dev/vda2        497M  219M  279M   44% /boot
tmpfs            396M     0  396M    0% /run/user/0
tmpfs            396M     0  396M    0% /run/user/1001

-------------------- System load --------------------
Linux 3.10.0-514.26.2.el7.x86_64 (sakura-tokyo-prod) 	2018年10月22日 	_x86_64_	(4 CPU)

00時00分02秒     CPU     %user     %nice   %system   %iowait    %steal     %idle
01時00分02秒     all      0.10      0.01      0.06      0.00      0.02     99.81
02時00分03秒     all      0.09      0.01      0.04      0.00      0.03     99.83
03時00分02秒     all      0.09      0.01      0.05      0.00      0.03     99.83
04時00分02秒     all      0.09      0.01      0.05      0.00      0.03     99.83
05時00分02秒     all      0.21      0.01      0.07      0.00      0.02     99.69
06時00分02秒     all      0.70      0.04      0.14      0.00      0.04     99.08
07時00分03秒     all      0.87      0.05      0.15      0.00      0.04     98.89
08時00分02秒     all      0.87      0.05      0.15      0.00      0.05     98.88
09時00分02秒     all      0.94      0.05      0.16      0.00      0.08     98.77
10時00分02秒     all      0.81      0.04      0.14      0.00      0.07     98.93
11時00分02秒     all      0.08      0.01      0.04      0.00      0.03     99.84
平均値:      all      0.44      0.03      0.09      0.00      0.04     99.40

-------------------- Logged in user --------------------


